Logging to training_default_logs/4_robots/logs/A2C_set6
Using cpu device
Training started on Tue Jan 27 23:33:49 2026
Experiment configuration: {'algorithm': 'A2C', 'set': 6, 'verbose': 1, 'steps': 1000000, 'num_robots': 4, 'num_envs': 4, 'seed': 33, 'log_steps': 10000, 'resume': False, 'device': 'cpu'}
-------------------------------------
| rollout/              |           |
|    ep_len_mean        | 36.2      |
|    ep_rew_mean        | -2.2e+05  |
| time/                 |           |
|    fps                | 506       |
|    time_elapsed       | 19        |
|    total_timesteps    | 10000     |
| train/                |           |
|    entropy_loss       | -17.2     |
|    explained_variance | 0         |
|    learning_rate      | 0.0007    |
|    n_updates          | 499       |
|    policy_loss        | -1.27e+05 |
|    std                | 1.01      |
|    value_loss         | 5.2e+08   |
-------------------------------------
-------------------------------------
| rollout/              |           |
|    ep_len_mean        | 28.2      |
|    ep_rew_mean        | -1.62e+05 |
| time/                 |           |
|    fps                | 504       |
|    time_elapsed       | 39        |
|    total_timesteps    | 20000     |
| train/                |           |
|    entropy_loss       | -17.2     |
|    explained_variance | 0         |
|    learning_rate      | 0.0007    |
|    n_updates          | 999       |
|    policy_loss        | -1.31e+05 |
|    std                | 1.02      |
|    value_loss         | 2.48e+08  |
-------------------------------------
-------------------------------------
| rollout/              |           |
|    ep_len_mean        | 27.4      |
|    ep_rew_mean        | -1.71e+05 |
| time/                 |           |
|    fps                | 503       |
|    time_elapsed       | 59        |
|    total_timesteps    | 30000     |
| train/                |           |
|    entropy_loss       | -17.4     |
|    explained_variance | -1.19e-07 |
|    learning_rate      | 0.0007    |
|    n_updates          | 1499      |
|    policy_loss        | -3.67e+05 |
|    std                | 1.03      |
|    value_loss         | 1.58e+09  |
-------------------------------------
-------------------------------------
| rollout/              |           |
|    ep_len_mean        | 27.7      |
|    ep_rew_mean        | -1.67e+05 |
| time/                 |           |
|    fps                | 500       |
|    time_elapsed       | 79        |
|    total_timesteps    | 40000     |
| train/                |           |
|    entropy_loss       | -17.4     |
|    explained_variance | 0         |
|    learning_rate      | 0.0007    |
|    n_updates          | 1999      |
|    policy_loss        | 4.85e+03  |
|    std                | 1.03      |
|    value_loss         | 2.98e+07  |
-------------------------------------
-------------------------------------
| rollout/              |           |
|    ep_len_mean        | 27.5      |
|    ep_rew_mean        | -1.36e+05 |
| time/                 |           |
|    fps                | 498       |
|    time_elapsed       | 100       |
|    total_timesteps    | 50000     |
| train/                |           |
|    entropy_loss       | -17.5     |
|    explained_variance | 0         |
|    learning_rate      | 0.0007    |
|    n_updates          | 2499      |
|    policy_loss        | -8.78e+04 |
|    std                | 1.04      |
|    value_loss         | 9.52e+07  |
-------------------------------------
-------------------------------------
| rollout/              |           |
|    ep_len_mean        | 28.1      |
|    ep_rew_mean        | -1.23e+05 |
| time/                 |           |
|    fps                | 535       |
|    time_elapsed       | 112       |
|    total_timesteps    | 60000     |
| train/                |           |
|    entropy_loss       | -17.6     |
|    explained_variance | -1.19e-07 |
|    learning_rate      | 0.0007    |
|    n_updates          | 2999      |
|    policy_loss        | -4e+03    |
|    std                | 1.05      |
|    value_loss         | 1.54e+07  |
-------------------------------------
-------------------------------------
| rollout/              |           |
|    ep_len_mean        | 25.7      |
|    ep_rew_mean        | -1.23e+05 |
| time/                 |           |
|    fps                | 587       |
|    time_elapsed       | 119       |
|    total_timesteps    | 70000     |
| train/                |           |
|    entropy_loss       | -17.6     |
|    explained_variance | 0         |
|    learning_rate      | 0.0007    |
|    n_updates          | 3499      |
|    policy_loss        | -3.17e+04 |
|    std                | 1.05      |
|    value_loss         | 6.98e+07  |
-------------------------------------
-------------------------------------
| rollout/              |           |
|    ep_len_mean        | 25.4      |
|    ep_rew_mean        | -1.39e+05 |
| time/                 |           |
|    fps                | 632       |
|    time_elapsed       | 126       |
|    total_timesteps    | 80000     |
| train/                |           |
|    entropy_loss       | -17.8     |
|    explained_variance | -1.19e-07 |
|    learning_rate      | 0.0007    |
|    n_updates          | 3999      |
|    policy_loss        | -3.48e+05 |
|    std                | 1.06      |
|    value_loss         | 1.57e+09  |
-------------------------------------
-------------------------------------
| rollout/              |           |
|    ep_len_mean        | 23.2      |
|    ep_rew_mean        | -1.18e+05 |
| time/                 |           |
|    fps                | 673       |
|    time_elapsed       | 133       |
|    total_timesteps    | 90000     |
| train/                |           |
|    entropy_loss       | -17.8     |
|    explained_variance | -1.19e-07 |
|    learning_rate      | 0.0007    |
|    n_updates          | 4499      |
|    policy_loss        | -3.16e+05 |
|    std                | 1.07      |
|    value_loss         | 1.11e+09  |
-------------------------------------
-------------------------------------
| rollout/              |           |
|    ep_len_mean        | 24.6      |
|    ep_rew_mean        | -1.35e+05 |
| time/                 |           |
|    fps                | 709       |
|    time_elapsed       | 141       |
|    total_timesteps    | 100000    |
| train/                |           |
|    entropy_loss       | -17.9     |
|    explained_variance | 0         |
|    learning_rate      | 0.0007    |
|    n_updates          | 4999      |
|    policy_loss        | -3.2e+05  |
|    std                | 1.07      |
|    value_loss         | 1.49e+09  |
-------------------------------------
-------------------------------------
| rollout/              |           |
|    ep_len_mean        | 30.4      |
|    ep_rew_mean        | -1.43e+05 |
| time/                 |           |
|    fps                | 743       |
|    time_elapsed       | 148       |
|    total_timesteps    | 110000    |
| train/                |           |
|    entropy_loss       | -18       |
|    explained_variance | 0         |
|    learning_rate      | 0.0007    |
|    n_updates          | 5499      |
|    policy_loss        | -2.2e+05  |
|    std                | 1.08      |
|    value_loss         | 5.98e+08  |
-------------------------------------
-------------------------------------
| rollout/              |           |
|    ep_len_mean        | 23.3      |
|    ep_rew_mean        | -1.2e+05  |
| time/                 |           |
|    fps                | 773       |
|    time_elapsed       | 155       |
|    total_timesteps    | 120000    |
| train/                |           |
|    entropy_loss       | -18.1     |
|    explained_variance | 1.79e-07  |
|    learning_rate      | 0.0007    |
|    n_updates          | 5999      |
|    policy_loss        | -1.68e+05 |
|    std                | 1.09      |
|    value_loss         | 1.42e+08  |
-------------------------------------
-------------------------------------
| rollout/              |           |
|    ep_len_mean        | 25.5      |
|    ep_rew_mean        | -1.21e+05 |
| time/                 |           |
|    fps                | 801       |
|    time_elapsed       | 162       |
|    total_timesteps    | 130000    |
| train/                |           |
|    entropy_loss       | -18.2     |
|    explained_variance | 0         |
|    learning_rate      | 0.0007    |
|    n_updates          | 6499      |
|    policy_loss        | -6.01e+04 |
|    std                | 1.11      |
|    value_loss         | 5.31e+08  |
-------------------------------------
-------------------------------------
| rollout/              |           |
|    ep_len_mean        | 28.7      |
|    ep_rew_mean        | -1.2e+05  |
| time/                 |           |
|    fps                | 825       |
|    time_elapsed       | 169       |
|    total_timesteps    | 140000    |
| train/                |           |
|    entropy_loss       | -18.2     |
|    explained_variance | 0         |
|    learning_rate      | 0.0007    |
|    n_updates          | 6999      |
|    policy_loss        | -1.92e+05 |
|    std                | 1.11      |
|    value_loss         | 9.92e+08  |
-------------------------------------
-------------------------------------
| rollout/              |           |
|    ep_len_mean        | 34.7      |
|    ep_rew_mean        | -1.27e+05 |
| time/                 |           |
|    fps                | 848       |
|    time_elapsed       | 176       |
|    total_timesteps    | 150000    |
| train/                |           |
|    entropy_loss       | -18.3     |
|    explained_variance | 0         |
|    learning_rate      | 0.0007    |
|    n_updates          | 7499      |
|    policy_loss        | 2.29e+05  |
|    std                | 1.11      |
|    value_loss         | 3.5e+09   |
-------------------------------------
-------------------------------------
| rollout/              |           |
|    ep_len_mean        | 24.9      |
|    ep_rew_mean        | -1.2e+05  |
| time/                 |           |
|    fps                | 869       |
|    time_elapsed       | 184       |
|    total_timesteps    | 160000    |
| train/                |           |
|    entropy_loss       | -18.3     |
|    explained_variance | 1.19e-07  |
|    learning_rate      | 0.0007    |
|    n_updates          | 7999      |
|    policy_loss        | -1.83e+05 |
|    std                | 1.12      |
|    value_loss         | 5.73e+08  |
-------------------------------------
-------------------------------------
| rollout/              |           |
|    ep_len_mean        | 33.9      |
|    ep_rew_mean        | -1.63e+05 |
| time/                 |           |
|    fps                | 886       |
|    time_elapsed       | 191       |
|    total_timesteps    | 170000    |
| train/                |           |
|    entropy_loss       | -18.5     |
|    explained_variance | -1.19e-07 |
|    learning_rate      | 0.0007    |
|    n_updates          | 8499      |
|    policy_loss        | -2.8e+05  |
|    std                | 1.13      |
|    value_loss         | 1.12e+09  |
-------------------------------------
-------------------------------------
| rollout/              |           |
|    ep_len_mean        | 21        |
|    ep_rew_mean        | -1.31e+05 |
| time/                 |           |
|    fps                | 905       |
|    time_elapsed       | 198       |
|    total_timesteps    | 180000    |
| train/                |           |
|    entropy_loss       | -18.6     |
|    explained_variance | 1.19e-07  |
|    learning_rate      | 0.0007    |
|    n_updates          | 8999      |
|    policy_loss        | -4.78e+04 |
|    std                | 1.14      |
|    value_loss         | 2.54e+07  |
-------------------------------------
-------------------------------------
| rollout/              |           |
|    ep_len_mean        | 23.6      |
|    ep_rew_mean        | -1.26e+05 |
| time/                 |           |
|    fps                | 923       |
|    time_elapsed       | 205       |
|    total_timesteps    | 190000    |
| train/                |           |
|    entropy_loss       | -18.7     |
|    explained_variance | 1.79e-07  |
|    learning_rate      | 0.0007    |
|    n_updates          | 9499      |
|    policy_loss        | -2.43e+05 |
|    std                | 1.15      |
|    value_loss         | 2.83e+08  |
-------------------------------------
-------------------------------------
| rollout/              |           |
|    ep_len_mean        | 23.6      |
|    ep_rew_mean        | -1.15e+05 |
| time/                 |           |
|    fps                | 939       |
|    time_elapsed       | 212       |
|    total_timesteps    | 200000    |
| train/                |           |
|    entropy_loss       | -18.8     |
|    explained_variance | 1.19e-07  |
|    learning_rate      | 0.0007    |
|    n_updates          | 9999      |
|    policy_loss        | -1.39e+05 |
|    std                | 1.16      |
|    value_loss         | 1.79e+08  |
-------------------------------------
-------------------------------------
| rollout/              |           |
|    ep_len_mean        | 24.1      |
|    ep_rew_mean        | -1.14e+05 |
| time/                 |           |
|    fps                | 954       |
|    time_elapsed       | 219       |
|    total_timesteps    | 210000    |
| train/                |           |
|    entropy_loss       | -18.9     |
|    explained_variance | 1.19e-07  |
|    learning_rate      | 0.0007    |
|    n_updates          | 10499     |
|    policy_loss        | -8.05e+05 |
|    std                | 1.17      |
|    value_loss         | 3.88e+09  |
-------------------------------------
-------------------------------------
| rollout/              |           |
|    ep_len_mean        | 24.7      |
|    ep_rew_mean        | -1.42e+05 |
| time/                 |           |
|    fps                | 968       |
|    time_elapsed       | 227       |
|    total_timesteps    | 220000    |
| train/                |           |
|    entropy_loss       | -18.9     |
|    explained_variance | 1.79e-07  |
|    learning_rate      | 0.0007    |
|    n_updates          | 10999     |
|    policy_loss        | -3.48e+05 |
|    std                | 1.17      |
|    value_loss         | 1.63e+09  |
-------------------------------------
-------------------------------------
| rollout/              |           |
|    ep_len_mean        | 30.5      |
|    ep_rew_mean        | -1.52e+05 |
| time/                 |           |
|    fps                | 982       |
|    time_elapsed       | 234       |
|    total_timesteps    | 230000    |
| train/                |           |
|    entropy_loss       | -19       |
|    explained_variance | 0         |
|    learning_rate      | 0.0007    |
|    n_updates          | 11499     |
|    policy_loss        | -5.26e+05 |
|    std                | 1.18      |
|    value_loss         | 2.58e+09  |
-------------------------------------
-------------------------------------
| rollout/              |           |
|    ep_len_mean        | 28.8      |
|    ep_rew_mean        | -1.42e+05 |
| time/                 |           |
|    fps                | 993       |
|    time_elapsed       | 241       |
|    total_timesteps    | 240000    |
| train/                |           |
|    entropy_loss       | -19.1     |
|    explained_variance | 0         |
|    learning_rate      | 0.0007    |
|    n_updates          | 11999     |
|    policy_loss        | -3.27e+05 |
|    std                | 1.19      |
|    value_loss         | 1.86e+09  |
-------------------------------------
------------------------------------
| rollout/              |          |
|    ep_len_mean        | 23.1     |
|    ep_rew_mean        | -1.2e+05 |
| time/                 |          |
|    fps                | 1005     |
|    time_elapsed       | 248      |
|    total_timesteps    | 250000   |
| train/                |          |
|    entropy_loss       | -19.3    |
|    explained_variance | 0        |
|    learning_rate      | 0.0007   |
|    n_updates          | 12499    |
|    policy_loss        | -5.6e+05 |
|    std                | 1.21     |
|    value_loss         | 2.41e+09 |
------------------------------------
-------------------------------------
| rollout/              |           |
|    ep_len_mean        | 25.3      |
|    ep_rew_mean        | -1.26e+05 |
| time/                 |           |
|    fps                | 1015      |
|    time_elapsed       | 256       |
|    total_timesteps    | 260000    |
| train/                |           |
|    entropy_loss       | -19.3     |
|    explained_variance | 0         |
|    learning_rate      | 0.0007    |
|    n_updates          | 12999     |
|    policy_loss        | -1.13e+05 |
|    std                | 1.21      |
|    value_loss         | 5.24e+08  |
-------------------------------------
-------------------------------------
| rollout/              |           |
|    ep_len_mean        | 26.7      |
|    ep_rew_mean        | -1.31e+05 |
| time/                 |           |
|    fps                | 1024      |
|    time_elapsed       | 263       |
|    total_timesteps    | 270000    |
| train/                |           |
|    entropy_loss       | -19.4     |
|    explained_variance | 0         |
|    learning_rate      | 0.0007    |
|    n_updates          | 13499     |
|    policy_loss        | -2.5e+05  |
|    std                | 1.22      |
|    value_loss         | 2.93e+08  |
-------------------------------------
-------------------------------------
| rollout/              |           |
|    ep_len_mean        | 21.4      |
|    ep_rew_mean        | -1.11e+05 |
| time/                 |           |
|    fps                | 1033      |
|    time_elapsed       | 270       |
|    total_timesteps    | 280000    |
| train/                |           |
|    entropy_loss       | -19.5     |
|    explained_variance | 1.19e-07  |
|    learning_rate      | 0.0007    |
|    n_updates          | 13999     |
|    policy_loss        | -2.68e+05 |
|    std                | 1.23      |
|    value_loss         | 1.41e+09  |
-------------------------------------
-------------------------------------
| rollout/              |           |
|    ep_len_mean        | 30.1      |
|    ep_rew_mean        | -1.43e+05 |
| time/                 |           |
|    fps                | 1041      |
|    time_elapsed       | 278       |
|    total_timesteps    | 290000    |
| train/                |           |
|    entropy_loss       | -19.7     |
|    explained_variance | 0         |
|    learning_rate      | 0.0007    |
|    n_updates          | 14499     |
|    policy_loss        | -5.29e+05 |
|    std                | 1.25      |
|    value_loss         | 2.4e+09   |
-------------------------------------
-------------------------------------
| rollout/              |           |
|    ep_len_mean        | 31.2      |
|    ep_rew_mean        | -1.76e+05 |
| time/                 |           |
|    fps                | 1051      |
|    time_elapsed       | 285       |
|    total_timesteps    | 300000    |
| train/                |           |
|    entropy_loss       | -19.7     |
|    explained_variance | 0         |
|    learning_rate      | 0.0007    |
|    n_updates          | 14999     |
|    policy_loss        | -6.65e+04 |
|    std                | 1.26      |
|    value_loss         | 6.02e+07  |
-------------------------------------
-------------------------------------
| rollout/              |           |
|    ep_len_mean        | 35.9      |
|    ep_rew_mean        | -1.57e+05 |
| time/                 |           |
|    fps                | 1060      |
|    time_elapsed       | 292       |
|    total_timesteps    | 310000    |
| train/                |           |
|    entropy_loss       | -19.9     |
|    explained_variance | 0         |
|    learning_rate      | 0.0007    |
|    n_updates          | 15499     |
|    policy_loss        | -9.42e+04 |
|    std                | 1.28      |
|    value_loss         | 6.83e+07  |
-------------------------------------
-------------------------------------
| rollout/              |           |
|    ep_len_mean        | 35.5      |
|    ep_rew_mean        | -1.58e+05 |
| time/                 |           |
|    fps                | 1068      |
|    time_elapsed       | 299       |
|    total_timesteps    | 320000    |
| train/                |           |
|    entropy_loss       | -19.9     |
|    explained_variance | 0         |
|    learning_rate      | 0.0007    |
|    n_updates          | 15999     |
|    policy_loss        | -4e+04    |
|    std                | 1.27      |
|    value_loss         | 5.02e+08  |
-------------------------------------
-------------------------------------
| rollout/              |           |
|    ep_len_mean        | 28.5      |
|    ep_rew_mean        | -1.6e+05  |
| time/                 |           |
|    fps                | 1075      |
|    time_elapsed       | 306       |
|    total_timesteps    | 330000    |
| train/                |           |
|    entropy_loss       | -20       |
|    explained_variance | 0         |
|    learning_rate      | 0.0007    |
|    n_updates          | 16499     |
|    policy_loss        | -3.46e+05 |
|    std                | 1.29      |
|    value_loss         | 1.26e+09  |
-------------------------------------
-------------------------------------
| rollout/              |           |
|    ep_len_mean        | 37.7      |
|    ep_rew_mean        | -1.76e+05 |
| time/                 |           |
|    fps                | 1081      |
|    time_elapsed       | 314       |
|    total_timesteps    | 340000    |
| train/                |           |
|    entropy_loss       | -20.1     |
|    explained_variance | 0         |
|    learning_rate      | 0.0007    |
|    n_updates          | 16999     |
|    policy_loss        | -7.82e+04 |
|    std                | 1.3       |
|    value_loss         | 1.08e+08  |
-------------------------------------
-------------------------------------
| rollout/              |           |
|    ep_len_mean        | 28.3      |
|    ep_rew_mean        | -1.01e+05 |
| time/                 |           |
|    fps                | 1087      |
|    time_elapsed       | 321       |
|    total_timesteps    | 350000    |
| train/                |           |
|    entropy_loss       | -20.3     |
|    explained_variance | -2.38e-07 |
|    learning_rate      | 0.0007    |
|    n_updates          | 17499     |
|    policy_loss        | -6.14e+05 |
|    std                | 1.32      |
|    value_loss         | 2.9e+09   |
-------------------------------------
-------------------------------------
| rollout/              |           |
|    ep_len_mean        | 29.9      |
|    ep_rew_mean        | -1.25e+05 |
| time/                 |           |
|    fps                | 1093      |
|    time_elapsed       | 329       |
|    total_timesteps    | 360000    |
| train/                |           |
|    entropy_loss       | -20.3     |
|    explained_variance | 0         |
|    learning_rate      | 0.0007    |
|    n_updates          | 17999     |
|    policy_loss        | -1.13e+06 |
|    std                | 1.32      |
|    value_loss         | 5.16e+09  |
-------------------------------------
-------------------------------------
| rollout/              |           |
|    ep_len_mean        | 22.6      |
|    ep_rew_mean        | -9.46e+04 |
| time/                 |           |
|    fps                | 1099      |
|    time_elapsed       | 336       |
|    total_timesteps    | 370000    |
| train/                |           |
|    entropy_loss       | -20.3     |
|    explained_variance | 0         |
|    learning_rate      | 0.0007    |
|    n_updates          | 18499     |
|    policy_loss        | -2.07e+05 |
|    std                | 1.32      |
|    value_loss         | 9.67e+08  |
-------------------------------------
-------------------------------------
| rollout/              |           |
|    ep_len_mean        | 28.7      |
|    ep_rew_mean        | -1.18e+05 |
| time/                 |           |
|    fps                | 1104      |
|    time_elapsed       | 343       |
|    total_timesteps    | 380000    |
| train/                |           |
|    entropy_loss       | -20.4     |
|    explained_variance | 0         |
|    learning_rate      | 0.0007    |
|    n_updates          | 18999     |
|    policy_loss        | -2e+05    |
|    std                | 1.33      |
|    value_loss         | 9.7e+08   |
-------------------------------------
-------------------------------------
| rollout/              |           |
|    ep_len_mean        | 22.3      |
|    ep_rew_mean        | -1.14e+05 |
| time/                 |           |
|    fps                | 1109      |
|    time_elapsed       | 351       |
|    total_timesteps    | 390000    |
| train/                |           |
|    entropy_loss       | -20.4     |
|    explained_variance | 1.19e-07  |
|    learning_rate      | 0.0007    |
|    n_updates          | 19499     |
|    policy_loss        | -3.63e+04 |
|    std                | 1.33      |
|    value_loss         | 2.03e+07  |
-------------------------------------
-------------------------------------
| rollout/              |           |
|    ep_len_mean        | 19.9      |
|    ep_rew_mean        | -1.12e+05 |
| time/                 |           |
|    fps                | 1114      |
|    time_elapsed       | 358       |
|    total_timesteps    | 400000    |
| train/                |           |
|    entropy_loss       | -20.5     |
|    explained_variance | 0         |
|    learning_rate      | 0.0007    |
|    n_updates          | 19999     |
|    policy_loss        | -9.72e+05 |
|    std                | 1.34      |
|    value_loss         | 4.85e+09  |
-------------------------------------
-------------------------------------
| rollout/              |           |
|    ep_len_mean        | 22.2      |
|    ep_rew_mean        | -1.07e+05 |
| time/                 |           |
|    fps                | 1119      |
|    time_elapsed       | 366       |
|    total_timesteps    | 410000    |
| train/                |           |
|    entropy_loss       | -20.6     |
|    explained_variance | 0         |
|    learning_rate      | 0.0007    |
|    n_updates          | 20499     |
|    policy_loss        | -6.61e+05 |
|    std                | 1.36      |
|    value_loss         | 2.69e+09  |
-------------------------------------
-------------------------------------
| rollout/              |           |
|    ep_len_mean        | 31.2      |
|    ep_rew_mean        | -1.32e+05 |
| time/                 |           |
|    fps                | 1123      |
|    time_elapsed       | 373       |
|    total_timesteps    | 420000    |
| train/                |           |
|    entropy_loss       | -20.6     |
|    explained_variance | 0         |
|    learning_rate      | 0.0007    |
|    n_updates          | 20999     |
|    policy_loss        | -1.01e+05 |
|    std                | 1.36      |
|    value_loss         | 7.22e+07  |
-------------------------------------
-------------------------------------
| rollout/              |           |
|    ep_len_mean        | 23.7      |
|    ep_rew_mean        | -1.12e+05 |
| time/                 |           |
|    fps                | 1127      |
|    time_elapsed       | 381       |
|    total_timesteps    | 430000    |
| train/                |           |
|    entropy_loss       | -20.7     |
|    explained_variance | 1.19e-07  |
|    learning_rate      | 0.0007    |
|    n_updates          | 21499     |
|    policy_loss        | -8.24e+05 |
|    std                | 1.37      |
|    value_loss         | 4.02e+09  |
-------------------------------------
------------------------------------
| rollout/              |          |
|    ep_len_mean        | 22.7     |
|    ep_rew_mean        | -9.7e+04 |
| time/                 |          |
|    fps                | 1131     |
|    time_elapsed       | 388      |
|    total_timesteps    | 440000   |
| train/                |          |
|    entropy_loss       | -20.7    |
|    explained_variance | 0        |
|    learning_rate      | 0.0007   |
|    n_updates          | 21999    |
|    policy_loss        | -2.4e+04 |
|    std                | 1.37     |
|    value_loss         | 2.62e+07 |
------------------------------------
-------------------------------------
| rollout/              |           |
|    ep_len_mean        | 23.7      |
|    ep_rew_mean        | -1.16e+05 |
| time/                 |           |
|    fps                | 1136      |
|    time_elapsed       | 396       |
|    total_timesteps    | 450000    |
| train/                |           |
|    entropy_loss       | -20.9     |
|    explained_variance | 5.96e-08  |
|    learning_rate      | 0.0007    |
|    n_updates          | 22499     |
|    policy_loss        | -6.4e+05  |
|    std                | 1.39      |
|    value_loss         | 2.45e+09  |
-------------------------------------
-------------------------------------
| rollout/              |           |
|    ep_len_mean        | 25.4      |
|    ep_rew_mean        | -1.29e+05 |
| time/                 |           |
|    fps                | 1140      |
|    time_elapsed       | 403       |
|    total_timesteps    | 460000    |
| train/                |           |
|    entropy_loss       | -20.9     |
|    explained_variance | 0         |
|    learning_rate      | 0.0007    |
|    n_updates          | 22999     |
|    policy_loss        | -3.05e+05 |
|    std                | 1.39      |
|    value_loss         | 1.46e+09  |
-------------------------------------
-------------------------------------
| rollout/              |           |
|    ep_len_mean        | 25.7      |
|    ep_rew_mean        | -1.28e+05 |
| time/                 |           |
|    fps                | 1145      |
|    time_elapsed       | 410       |
|    total_timesteps    | 470000    |
| train/                |           |
|    entropy_loss       | -21       |
|    explained_variance | -1.19e-07 |
|    learning_rate      | 0.0007    |
|    n_updates          | 23499     |
|    policy_loss        | -1.26e+05 |
|    std                | 1.41      |
|    value_loss         | 1.31e+08  |
-------------------------------------
-------------------------------------
| rollout/              |           |
|    ep_len_mean        | 30.5      |
|    ep_rew_mean        | -1.13e+05 |
| time/                 |           |
|    fps                | 1148      |
|    time_elapsed       | 417       |
|    total_timesteps    | 480000    |
| train/                |           |
|    entropy_loss       | -21.2     |
|    explained_variance | 0         |
|    learning_rate      | 0.0007    |
|    n_updates          | 23999     |
|    policy_loss        | -3.73e+04 |
|    std                | 1.43      |
|    value_loss         | 4.07e+07  |
-------------------------------------
-------------------------------------
| rollout/              |           |
|    ep_len_mean        | 21.2      |
|    ep_rew_mean        | -1.09e+05 |
| time/                 |           |
|    fps                | 1153      |
|    time_elapsed       | 424       |
|    total_timesteps    | 490000    |
| train/                |           |
|    entropy_loss       | -21.2     |
|    explained_variance | 0         |
|    learning_rate      | 0.0007    |
|    n_updates          | 24499     |
|    policy_loss        | -4.49e+05 |
|    std                | 1.43      |
|    value_loss         | 1.51e+09  |
-------------------------------------
-------------------------------------
| rollout/              |           |
|    ep_len_mean        | 24.3      |
|    ep_rew_mean        | -1.09e+05 |
| time/                 |           |
|    fps                | 1156      |
|    time_elapsed       | 432       |
|    total_timesteps    | 500000    |
| train/                |           |
|    entropy_loss       | -21.4     |
|    explained_variance | 0         |
|    learning_rate      | 0.0007    |
|    n_updates          | 24999     |
|    policy_loss        | -1.26e+04 |
|    std                | 1.45      |
|    value_loss         | 1.91e+07  |
-------------------------------------
-------------------------------------
| rollout/              |           |
|    ep_len_mean        | 20.8      |
|    ep_rew_mean        | -1.03e+05 |
| time/                 |           |
|    fps                | 1160      |
|    time_elapsed       | 439       |
|    total_timesteps    | 510000    |
| train/                |           |
|    entropy_loss       | -21.4     |
|    explained_variance | 5.96e-08  |
|    learning_rate      | 0.0007    |
|    n_updates          | 25499     |
|    policy_loss        | -4.09e+05 |
|    std                | 1.46      |
|    value_loss         | 1.92e+09  |
-------------------------------------
-------------------------------------
| rollout/              |           |
|    ep_len_mean        | 17.6      |
|    ep_rew_mean        | -1.04e+05 |
| time/                 |           |
|    fps                | 1164      |
|    time_elapsed       | 446       |
|    total_timesteps    | 520000    |
| train/                |           |
|    entropy_loss       | -21.5     |
|    explained_variance | 0         |
|    learning_rate      | 0.0007    |
|    n_updates          | 25999     |
|    policy_loss        | -3.2e+05  |
|    std                | 1.47      |
|    value_loss         | 1.47e+09  |
-------------------------------------
-------------------------------------
| rollout/              |           |
|    ep_len_mean        | 22.1      |
|    ep_rew_mean        | -1.23e+05 |
| time/                 |           |
|    fps                | 1168      |
|    time_elapsed       | 453       |
|    total_timesteps    | 530000    |
| train/                |           |
|    entropy_loss       | -21.6     |
|    explained_variance | 0         |
|    learning_rate      | 0.0007    |
|    n_updates          | 26499     |
|    policy_loss        | -9.43e+05 |
|    std                | 1.48      |
|    value_loss         | 4.9e+09   |
-------------------------------------
-------------------------------------
| rollout/              |           |
|    ep_len_mean        | 34.8      |
|    ep_rew_mean        | -1.48e+05 |
| time/                 |           |
|    fps                | 1171      |
|    time_elapsed       | 460       |
|    total_timesteps    | 540000    |
| train/                |           |
|    entropy_loss       | -21.7     |
|    explained_variance | 0         |
|    learning_rate      | 0.0007    |
|    n_updates          | 26999     |
|    policy_loss        | 4.28e+04  |
|    std                | 1.49      |
|    value_loss         | 8.13e+06  |
-------------------------------------
-------------------------------------
| rollout/              |           |
|    ep_len_mean        | 28.6      |
|    ep_rew_mean        | -1.15e+05 |
| time/                 |           |
|    fps                | 1175      |
|    time_elapsed       | 467       |
|    total_timesteps    | 550000    |
| train/                |           |
|    entropy_loss       | -21.8     |
|    explained_variance | 0         |
|    learning_rate      | 0.0007    |
|    n_updates          | 27499     |
|    policy_loss        | -6.22e+05 |
|    std                | 1.5       |
|    value_loss         | 2.35e+09  |
-------------------------------------
-------------------------------------
| rollout/              |           |
|    ep_len_mean        | 30.3      |
|    ep_rew_mean        | -1.27e+05 |
| time/                 |           |
|    fps                | 1178      |
|    time_elapsed       | 475       |
|    total_timesteps    | 560000    |
| train/                |           |
|    entropy_loss       | -21.9     |
|    explained_variance | 0         |
|    learning_rate      | 0.0007    |
|    n_updates          | 27999     |
|    policy_loss        | -1.57e+05 |
|    std                | 1.51      |
|    value_loss         | 1.1e+08   |
-------------------------------------
-------------------------------------
| rollout/              |           |
|    ep_len_mean        | 33.9      |
|    ep_rew_mean        | -1.34e+05 |
| time/                 |           |
|    fps                | 1182      |
|    time_elapsed       | 482       |
|    total_timesteps    | 570000    |
| train/                |           |
|    entropy_loss       | -22.1     |
|    explained_variance | 0         |
|    learning_rate      | 0.0007    |
|    n_updates          | 28499     |
|    policy_loss        | -7.53e+03 |
|    std                | 1.55      |
|    value_loss         | 1.95e+07  |
-------------------------------------
-------------------------------------
| rollout/              |           |
|    ep_len_mean        | 24.3      |
|    ep_rew_mean        | -1.21e+05 |
| time/                 |           |
|    fps                | 1185      |
|    time_elapsed       | 489       |
|    total_timesteps    | 580000    |
| train/                |           |
|    entropy_loss       | -22.3     |
|    explained_variance | 0         |
|    learning_rate      | 0.0007    |
|    n_updates          | 28999     |
|    policy_loss        | -4.83e+05 |
|    std                | 1.56      |
|    value_loss         | 2.16e+09  |
-------------------------------------
-------------------------------------
| rollout/              |           |
|    ep_len_mean        | 15.6      |
|    ep_rew_mean        | -9.62e+04 |
| time/                 |           |
|    fps                | 1188      |
|    time_elapsed       | 496       |
|    total_timesteps    | 590000    |
| train/                |           |
|    entropy_loss       | -22.2     |
|    explained_variance | -1.19e-07 |
|    learning_rate      | 0.0007    |
|    n_updates          | 29499     |
|    policy_loss        | -8.56e+05 |
|    std                | 1.56      |
|    value_loss         | 3.74e+09  |
-------------------------------------
-------------------------------------
| rollout/              |           |
|    ep_len_mean        | 25        |
|    ep_rew_mean        | -1.06e+05 |
| time/                 |           |
|    fps                | 1192      |
|    time_elapsed       | 503       |
|    total_timesteps    | 600000    |
| train/                |           |
|    entropy_loss       | -22.4     |
|    explained_variance | -1.19e-07 |
|    learning_rate      | 0.0007    |
|    n_updates          | 29999     |
|    policy_loss        | -5.59e+05 |
|    std                | 1.58      |
|    value_loss         | 2.36e+09  |
-------------------------------------
-------------------------------------
| rollout/              |           |
|    ep_len_mean        | 25.1      |
|    ep_rew_mean        | -1.06e+05 |
| time/                 |           |
|    fps                | 1196      |
|    time_elapsed       | 510       |
|    total_timesteps    | 610000    |
| train/                |           |
|    entropy_loss       | -22.4     |
|    explained_variance | 1.19e-07  |
|    learning_rate      | 0.0007    |
|    n_updates          | 30499     |
|    policy_loss        | -2.5e+05  |
|    std                | 1.58      |
|    value_loss         | 2.63e+08  |
-------------------------------------
-------------------------------------
| rollout/              |           |
|    ep_len_mean        | 32.2      |
|    ep_rew_mean        | -1.25e+05 |
| time/                 |           |
|    fps                | 1199      |
|    time_elapsed       | 517       |
|    total_timesteps    | 620000    |
| train/                |           |
|    entropy_loss       | -22.4     |
|    explained_variance | -1.19e-07 |
|    learning_rate      | 0.0007    |
|    n_updates          | 30999     |
|    policy_loss        | -5.57e+05 |
|    std                | 1.59      |
|    value_loss         | 2.37e+09  |
-------------------------------------
-------------------------------------
| rollout/              |           |
|    ep_len_mean        | 41.2      |
|    ep_rew_mean        | -1.04e+05 |
| time/                 |           |
|    fps                | 1201      |
|    time_elapsed       | 524       |
|    total_timesteps    | 630000    |
| train/                |           |
|    entropy_loss       | -22.5     |
|    explained_variance | -2.38e-07 |
|    learning_rate      | 0.0007    |
|    n_updates          | 31499     |
|    policy_loss        | -4.14e+05 |
|    std                | 1.6       |
|    value_loss         | 2.26e+09  |
-------------------------------------
-------------------------------------
| rollout/              |           |
|    ep_len_mean        | 25        |
|    ep_rew_mean        | -1.13e+05 |
| time/                 |           |
|    fps                | 1204      |
|    time_elapsed       | 531       |
|    total_timesteps    | 640000    |
| train/                |           |
|    entropy_loss       | -22.7     |
|    explained_variance | -1.19e-07 |
|    learning_rate      | 0.0007    |
|    n_updates          | 31999     |
|    policy_loss        | -3.77e+05 |
|    std                | 1.62      |
|    value_loss         | 1.89e+09  |
-------------------------------------
-------------------------------------
| rollout/              |           |
|    ep_len_mean        | 44.6      |
|    ep_rew_mean        | -1.12e+05 |
| time/                 |           |
|    fps                | 1206      |
|    time_elapsed       | 538       |
|    total_timesteps    | 650000    |
| train/                |           |
|    entropy_loss       | -22.7     |
|    explained_variance | 0         |
|    learning_rate      | 0.0007    |
|    n_updates          | 32499     |
|    policy_loss        | -1.2e+05  |
|    std                | 1.63      |
|    value_loss         | 1.24e+08  |
-------------------------------------
-------------------------------------
| rollout/              |           |
|    ep_len_mean        | 27.7      |
|    ep_rew_mean        | -1.01e+05 |
| time/                 |           |
|    fps                | 1208      |
|    time_elapsed       | 545       |
|    total_timesteps    | 660000    |
| train/                |           |
|    entropy_loss       | -22.9     |
|    explained_variance | 0         |
|    learning_rate      | 0.0007    |
|    n_updates          | 32999     |
|    policy_loss        | -1.6e+05  |
|    std                | 1.65      |
|    value_loss         | 9.9e+08   |
-------------------------------------
-------------------------------------
| rollout/              |           |
|    ep_len_mean        | 27        |
|    ep_rew_mean        | -8.53e+04 |
| time/                 |           |
|    fps                | 1210      |
|    time_elapsed       | 553       |
|    total_timesteps    | 670000    |
| train/                |           |
|    entropy_loss       | -22.9     |
|    explained_variance | 1.19e-07  |
|    learning_rate      | 0.0007    |
|    n_updates          | 33499     |
|    policy_loss        | -9.9e+05  |
|    std                | 1.66      |
|    value_loss         | 4.56e+09  |
-------------------------------------
-------------------------------------
| rollout/              |           |
|    ep_len_mean        | 22.6      |
|    ep_rew_mean        | -1.11e+05 |
| time/                 |           |
|    fps                | 1212      |
|    time_elapsed       | 560       |
|    total_timesteps    | 680000    |
| train/                |           |
|    entropy_loss       | -23       |
|    explained_variance | -1.19e-07 |
|    learning_rate      | 0.0007    |
|    n_updates          | 33999     |
|    policy_loss        | -2.91e+05 |
|    std                | 1.66      |
|    value_loss         | 9.92e+08  |
-------------------------------------
-------------------------------------
| rollout/              |           |
|    ep_len_mean        | 20.2      |
|    ep_rew_mean        | -9.66e+04 |
| time/                 |           |
|    fps                | 1214      |
|    time_elapsed       | 568       |
|    total_timesteps    | 690000    |
| train/                |           |
|    entropy_loss       | -22.9     |
|    explained_variance | 0         |
|    learning_rate      | 0.0007    |
|    n_updates          | 34499     |
|    policy_loss        | -1.01e+05 |
|    std                | 1.66      |
|    value_loss         | 4.03e+07  |
-------------------------------------
-------------------------------------
| rollout/              |           |
|    ep_len_mean        | 23.3      |
|    ep_rew_mean        | -1e+05    |
| time/                 |           |
|    fps                | 1216      |
|    time_elapsed       | 575       |
|    total_timesteps    | 700000    |
| train/                |           |
|    entropy_loss       | -23       |
|    explained_variance | -2.38e-07 |
|    learning_rate      | 0.0007    |
|    n_updates          | 34999     |
|    policy_loss        | -2.58e+05 |
|    std                | 1.67      |
|    value_loss         | 5.93e+08  |
-------------------------------------
-------------------------------------
| rollout/              |           |
|    ep_len_mean        | 20.5      |
|    ep_rew_mean        | -9.44e+04 |
| time/                 |           |
|    fps                | 1217      |
|    time_elapsed       | 582       |
|    total_timesteps    | 710000    |
| train/                |           |
|    entropy_loss       | -23.2     |
|    explained_variance | 0         |
|    learning_rate      | 0.0007    |
|    n_updates          | 35499     |
|    policy_loss        | -5.46e+05 |
|    std                | 1.69      |
|    value_loss         | 2.39e+09  |
-------------------------------------
-------------------------------------
| rollout/              |           |
|    ep_len_mean        | 32.1      |
|    ep_rew_mean        | -1.11e+05 |
| time/                 |           |
|    fps                | 1219      |
|    time_elapsed       | 590       |
|    total_timesteps    | 720000    |
| train/                |           |
|    entropy_loss       | -23.2     |
|    explained_variance | -1.19e-07 |
|    learning_rate      | 0.0007    |
|    n_updates          | 35999     |
|    policy_loss        | -5.07e+05 |
|    std                | 1.7       |
|    value_loss         | 2.35e+09  |
-------------------------------------
-------------------------------------
| rollout/              |           |
|    ep_len_mean        | 28.2      |
|    ep_rew_mean        | -1.06e+05 |
| time/                 |           |
|    fps                | 1221      |
|    time_elapsed       | 597       |
|    total_timesteps    | 730000    |
| train/                |           |
|    entropy_loss       | -23.2     |
|    explained_variance | -1.19e-07 |
|    learning_rate      | 0.0007    |
|    n_updates          | 36499     |
|    policy_loss        | -1.62e+05 |
|    std                | 1.69      |
|    value_loss         | 3.47e+08  |
-------------------------------------
-------------------------------------
| rollout/              |           |
|    ep_len_mean        | 28.5      |
|    ep_rew_mean        | -1.11e+05 |
| time/                 |           |
|    fps                | 1223      |
|    time_elapsed       | 605       |
|    total_timesteps    | 740000    |
| train/                |           |
|    entropy_loss       | -23.2     |
|    explained_variance | 0         |
|    learning_rate      | 0.0007    |
|    n_updates          | 36999     |
|    policy_loss        | -1.47e+04 |
|    std                | 1.7       |
|    value_loss         | 2.78e+07  |
-------------------------------------
-------------------------------------
| rollout/              |           |
|    ep_len_mean        | 18.7      |
|    ep_rew_mean        | -9.41e+04 |
| time/                 |           |
|    fps                | 1224      |
|    time_elapsed       | 612       |
|    total_timesteps    | 750000    |
| train/                |           |
|    entropy_loss       | -23.3     |
|    explained_variance | -1.19e-07 |
|    learning_rate      | 0.0007    |
|    n_updates          | 37499     |
|    policy_loss        | -2.36e+05 |
|    std                | 1.71      |
|    value_loss         | 9.77e+08  |
-------------------------------------
-------------------------------------
| rollout/              |           |
|    ep_len_mean        | 26.5      |
|    ep_rew_mean        | -1.09e+05 |
| time/                 |           |
|    fps                | 1225      |
|    time_elapsed       | 620       |
|    total_timesteps    | 760000    |
| train/                |           |
|    entropy_loss       | -23.4     |
|    explained_variance | 0         |
|    learning_rate      | 0.0007    |
|    n_updates          | 37999     |
|    policy_loss        | -6.59e+05 |
|    std                | 1.72      |
|    value_loss         | 2.33e+09  |
-------------------------------------
-------------------------------------
| rollout/              |           |
|    ep_len_mean        | 19.5      |
|    ep_rew_mean        | -9.35e+04 |
| time/                 |           |
|    fps                | 1226      |
|    time_elapsed       | 627       |
|    total_timesteps    | 770000    |
| train/                |           |
|    entropy_loss       | -23.4     |
|    explained_variance | 0         |
|    learning_rate      | 0.0007    |
|    n_updates          | 38499     |
|    policy_loss        | -3.43e+05 |
|    std                | 1.73      |
|    value_loss         | 1.92e+09  |
-------------------------------------
-------------------------------------
| rollout/              |           |
|    ep_len_mean        | 18.4      |
|    ep_rew_mean        | -1.05e+05 |
| time/                 |           |
|    fps                | 1228      |
|    time_elapsed       | 634       |
|    total_timesteps    | 780000    |
| train/                |           |
|    entropy_loss       | -23.6     |
|    explained_variance | 0         |
|    learning_rate      | 0.0007    |
|    n_updates          | 38999     |
|    policy_loss        | 3.52e+04  |
|    std                | 1.75      |
|    value_loss         | 8.78e+06  |
-------------------------------------
-------------------------------------
| rollout/              |           |
|    ep_len_mean        | 19.4      |
|    ep_rew_mean        | -1.01e+05 |
| time/                 |           |
|    fps                | 1229      |
|    time_elapsed       | 642       |
|    total_timesteps    | 790000    |
| train/                |           |
|    entropy_loss       | -23.7     |
|    explained_variance | 0         |
|    learning_rate      | 0.0007    |
|    n_updates          | 39499     |
|    policy_loss        | -4.22e+04 |
|    std                | 1.77      |
|    value_loss         | 1.34e+08  |
-------------------------------------
-------------------------------------
| rollout/              |           |
|    ep_len_mean        | 25.8      |
|    ep_rew_mean        | -1.09e+05 |
| time/                 |           |
|    fps                | 1230      |
|    time_elapsed       | 649       |
|    total_timesteps    | 800000    |
| train/                |           |
|    entropy_loss       | -23.7     |
|    explained_variance | -1.19e-07 |
|    learning_rate      | 0.0007    |
|    n_updates          | 39999     |
|    policy_loss        | -4.26e+05 |
|    std                | 1.77      |
|    value_loss         | 1.47e+09  |
-------------------------------------
-------------------------------------
| rollout/              |           |
|    ep_len_mean        | 39.3      |
|    ep_rew_mean        | -9.49e+04 |
| time/                 |           |
|    fps                | 1232      |
|    time_elapsed       | 657       |
|    total_timesteps    | 810000    |
| train/                |           |
|    entropy_loss       | -23.8     |
|    explained_variance | 0         |
|    learning_rate      | 0.0007    |
|    n_updates          | 40499     |
|    policy_loss        | 3.87e+04  |
|    std                | 1.79      |
|    value_loss         | 6.33e+06  |
-------------------------------------
-------------------------------------
| rollout/              |           |
|    ep_len_mean        | 20.7      |
|    ep_rew_mean        | -1.06e+05 |
| time/                 |           |
|    fps                | 1233      |
|    time_elapsed       | 664       |
|    total_timesteps    | 820000    |
| train/                |           |
|    entropy_loss       | -23.8     |
|    explained_variance | 1.19e-07  |
|    learning_rate      | 0.0007    |
|    n_updates          | 40999     |
|    policy_loss        | -8.99e+05 |
|    std                | 1.78      |
|    value_loss         | 3.73e+09  |
-------------------------------------
-------------------------------------
| rollout/              |           |
|    ep_len_mean        | 24        |
|    ep_rew_mean        | -1.16e+05 |
| time/                 |           |
|    fps                | 1234      |
|    time_elapsed       | 672       |
|    total_timesteps    | 830000    |
| train/                |           |
|    entropy_loss       | -23.9     |
|    explained_variance | 0         |
|    learning_rate      | 0.0007    |
|    n_updates          | 41499     |
|    policy_loss        | -3.64e+05 |
|    std                | 1.8       |
|    value_loss         | 1.39e+09  |
-------------------------------------
-------------------------------------
| rollout/              |           |
|    ep_len_mean        | 18.5      |
|    ep_rew_mean        | -1.07e+05 |
| time/                 |           |
|    fps                | 1236      |
|    time_elapsed       | 679       |
|    total_timesteps    | 840000    |
| train/                |           |
|    entropy_loss       | -23.9     |
|    explained_variance | 1.19e-07  |
|    learning_rate      | 0.0007    |
|    n_updates          | 41999     |
|    policy_loss        | -2.2e+04  |
|    std                | 1.8       |
|    value_loss         | 2.22e+07  |
-------------------------------------
-------------------------------------
| rollout/              |           |
|    ep_len_mean        | 27.2      |
|    ep_rew_mean        | -1.03e+05 |
| time/                 |           |
|    fps                | 1237      |
|    time_elapsed       | 686       |
|    total_timesteps    | 850000    |
| train/                |           |
|    entropy_loss       | -24.1     |
|    explained_variance | 0         |
|    learning_rate      | 0.0007    |
|    n_updates          | 42499     |
|    policy_loss        | -2.23e+03 |
|    std                | 1.82      |
|    value_loss         | 6.59e+06  |
-------------------------------------
-------------------------------------
| rollout/              |           |
|    ep_len_mean        | 27.2      |
|    ep_rew_mean        | -1.04e+05 |
| time/                 |           |
|    fps                | 1239      |
|    time_elapsed       | 694       |
|    total_timesteps    | 860000    |
| train/                |           |
|    entropy_loss       | -24       |
|    explained_variance | -1.19e-07 |
|    learning_rate      | 0.0007    |
|    n_updates          | 42999     |
|    policy_loss        | -2.67e+04 |
|    std                | 1.82      |
|    value_loss         | 9.07e+06  |
-------------------------------------
-------------------------------------
| rollout/              |           |
|    ep_len_mean        | 16.6      |
|    ep_rew_mean        | -1.03e+05 |
| time/                 |           |
|    fps                | 1240      |
|    time_elapsed       | 701       |
|    total_timesteps    | 870000    |
| train/                |           |
|    entropy_loss       | -24.1     |
|    explained_variance | 0         |
|    learning_rate      | 0.0007    |
|    n_updates          | 43499     |
|    policy_loss        | -6.84e+03 |
|    std                | 1.83      |
|    value_loss         | 1.89e+07  |
-------------------------------------
-------------------------------------
| rollout/              |           |
|    ep_len_mean        | 23.2      |
|    ep_rew_mean        | -1.38e+05 |
| time/                 |           |
|    fps                | 1242      |
|    time_elapsed       | 708       |
|    total_timesteps    | 880000    |
| train/                |           |
|    entropy_loss       | -24.3     |
|    explained_variance | 0         |
|    learning_rate      | 0.0007    |
|    n_updates          | 43999     |
|    policy_loss        | -8.09e+05 |
|    std                | 1.85      |
|    value_loss         | 7.08e+09  |
-------------------------------------
-------------------------------------
| rollout/              |           |
|    ep_len_mean        | 18.8      |
|    ep_rew_mean        | -1.03e+05 |
| time/                 |           |
|    fps                | 1244      |
|    time_elapsed       | 715       |
|    total_timesteps    | 890000    |
| train/                |           |
|    entropy_loss       | -24.4     |
|    explained_variance | -1.19e-07 |
|    learning_rate      | 0.0007    |
|    n_updates          | 44499     |
|    policy_loss        | -5.45e+05 |
|    std                | 1.87      |
|    value_loss         | 2.35e+09  |
-------------------------------------
-------------------------------------
| rollout/              |           |
|    ep_len_mean        | 28.2      |
|    ep_rew_mean        | -9.89e+04 |
| time/                 |           |
|    fps                | 1246      |
|    time_elapsed       | 722       |
|    total_timesteps    | 900000    |
| train/                |           |
|    entropy_loss       | -24.4     |
|    explained_variance | 5.96e-08  |
|    learning_rate      | 0.0007    |
|    n_updates          | 44999     |
|    policy_loss        | -7.13e+04 |
|    std                | 1.87      |
|    value_loss         | 1.3e+08   |
-------------------------------------
-------------------------------------
| rollout/              |           |
|    ep_len_mean        | 28.8      |
|    ep_rew_mean        | -8.33e+04 |
| time/                 |           |
|    fps                | 1247      |
|    time_elapsed       | 729       |
|    total_timesteps    | 910000    |
| train/                |           |
|    entropy_loss       | -24.5     |
|    explained_variance | -1.19e-07 |
|    learning_rate      | 0.0007    |
|    n_updates          | 45499     |
|    policy_loss        | 5.56e+03  |
|    std                | 1.88      |
|    value_loss         | 8.56e+06  |
-------------------------------------
-------------------------------------
| rollout/              |           |
|    ep_len_mean        | 32.1      |
|    ep_rew_mean        | -1.25e+05 |
| time/                 |           |
|    fps                | 1249      |
|    time_elapsed       | 736       |
|    total_timesteps    | 920000    |
| train/                |           |
|    entropy_loss       | -24.4     |
|    explained_variance | 0         |
|    learning_rate      | 0.0007    |
|    n_updates          | 45999     |
|    policy_loss        | -4.51e+05 |
|    std                | 1.88      |
|    value_loss         | 1.78e+09  |
-------------------------------------
-------------------------------------
| rollout/              |           |
|    ep_len_mean        | 31.5      |
|    ep_rew_mean        | -1.18e+05 |
| time/                 |           |
|    fps                | 1251      |
|    time_elapsed       | 743       |
|    total_timesteps    | 930000    |
| train/                |           |
|    entropy_loss       | -24.5     |
|    explained_variance | 1.19e-07  |
|    learning_rate      | 0.0007    |
|    n_updates          | 46499     |
|    policy_loss        | -5.51e+05 |
|    std                | 1.88      |
|    value_loss         | 2.37e+09  |
-------------------------------------
-------------------------------------
| rollout/              |           |
|    ep_len_mean        | 29.9      |
|    ep_rew_mean        | -1.05e+05 |
| time/                 |           |
|    fps                | 1253      |
|    time_elapsed       | 749       |
|    total_timesteps    | 940000    |
| train/                |           |
|    entropy_loss       | -24.5     |
|    explained_variance | 0         |
|    learning_rate      | 0.0007    |
|    n_updates          | 46999     |
|    policy_loss        | -4.47e+05 |
|    std                | 1.89      |
|    value_loss         | 1.89e+09  |
-------------------------------------
-------------------------------------
| rollout/              |           |
|    ep_len_mean        | 45.8      |
|    ep_rew_mean        | -1.53e+05 |
| time/                 |           |
|    fps                | 1255      |
|    time_elapsed       | 756       |
|    total_timesteps    | 950000    |
| train/                |           |
|    entropy_loss       | -24.7     |
|    explained_variance | 0         |
|    learning_rate      | 0.0007    |
|    n_updates          | 47499     |
|    policy_loss        | -5.31e+05 |
|    std                | 1.92      |
|    value_loss         | 1.58e+09  |
-------------------------------------
------------------------------------
| rollout/              |          |
|    ep_len_mean        | 27.7     |
|    ep_rew_mean        | -1.1e+05 |
| time/                 |          |
|    fps                | 1257     |
|    time_elapsed       | 763      |
|    total_timesteps    | 960000   |
| train/                |          |
|    entropy_loss       | -24.7    |
|    explained_variance | 1.19e-07 |
|    learning_rate      | 0.0007   |
|    n_updates          | 47999    |
|    policy_loss        | -1.1e+05 |
|    std                | 1.92     |
|    value_loss         | 1.63e+08 |
------------------------------------
-------------------------------------
| rollout/              |           |
|    ep_len_mean        | 35.8      |
|    ep_rew_mean        | -1.31e+05 |
| time/                 |           |
|    fps                | 1259      |
|    time_elapsed       | 770       |
|    total_timesteps    | 970000    |
| train/                |           |
|    entropy_loss       | -24.8     |
|    explained_variance | 0         |
|    learning_rate      | 0.0007    |
|    n_updates          | 48499     |
|    policy_loss        | -1.17e+05 |
|    std                | 1.94      |
|    value_loss         | 6.84e+07  |
-------------------------------------
-------------------------------------
| rollout/              |           |
|    ep_len_mean        | 42.3      |
|    ep_rew_mean        | -9.78e+04 |
| time/                 |           |
|    fps                | 1261      |
|    time_elapsed       | 777       |
|    total_timesteps    | 980000    |
| train/                |           |
|    entropy_loss       | -25       |
|    explained_variance | 0         |
|    learning_rate      | 0.0007    |
|    n_updates          | 48999     |
|    policy_loss        | -2.28e+05 |
|    std                | 1.97      |
|    value_loss         | 2.72e+08  |
-------------------------------------
-------------------------------------
| rollout/              |           |
|    ep_len_mean        | 22.7      |
|    ep_rew_mean        | -1.11e+05 |
| time/                 |           |
|    fps                | 1262      |
|    time_elapsed       | 783       |
|    total_timesteps    | 990000    |
| train/                |           |
|    entropy_loss       | -25       |
|    explained_variance | 0         |
|    learning_rate      | 0.0007    |
|    n_updates          | 49499     |
|    policy_loss        | -1.95e+05 |
|    std                | 1.97      |
|    value_loss         | 9.71e+08  |
-------------------------------------
-------------------------------------
| rollout/              |           |
|    ep_len_mean        | 34.9      |
|    ep_rew_mean        | -1.33e+05 |
| time/                 |           |
|    fps                | 1264      |
|    time_elapsed       | 790       |
|    total_timesteps    | 1000000   |
| train/                |           |
|    entropy_loss       | -25       |
|    explained_variance | -1.19e-07 |
|    learning_rate      | 0.0007    |
|    n_updates          | 49999     |
|    policy_loss        | 2.76e+04  |
|    std                | 1.98      |
|    value_loss         | 3.38e+06  |
-------------------------------------
Training ended on Tue Jan 27 23:47:00 2026
Training lasted 0:13:10.760315
