Logging to training_default_logs/4_robots/logs/A2C_set1
Using cpu device
Training started on Tue Jan 27 23:33:09 2026
Experiment configuration: {'algorithm': 'A2C', 'set': 1, 'verbose': 1, 'steps': 1000000, 'num_robots': 4, 'num_envs': 4, 'seed': 33, 'log_steps': 10000, 'resume': False, 'device': 'cpu'}
-------------------------------------
| rollout/              |           |
|    ep_len_mean        | 44.3      |
|    ep_rew_mean        | -6.96e+05 |
| time/                 |           |
|    fps                | 883       |
|    time_elapsed       | 11        |
|    total_timesteps    | 10000     |
| train/                |           |
|    entropy_loss       | -17.1     |
|    explained_variance | -1.19e-07 |
|    learning_rate      | 0.0007    |
|    n_updates          | 499       |
|    policy_loss        | -8.09e+05 |
|    std                | 1.01      |
|    value_loss         | 2.66e+09  |
-------------------------------------
-------------------------------------
| rollout/              |           |
|    ep_len_mean        | 85.6      |
|    ep_rew_mean        | -1.6e+06  |
| time/                 |           |
|    fps                | 882       |
|    time_elapsed       | 22        |
|    total_timesteps    | 20000     |
| train/                |           |
|    entropy_loss       | -17.2     |
|    explained_variance | -1.19e-07 |
|    learning_rate      | 0.0007    |
|    n_updates          | 999       |
|    policy_loss        | -6.9e+05  |
|    std                | 1.02      |
|    value_loss         | 2.32e+09  |
-------------------------------------
-------------------------------------
| rollout/              |           |
|    ep_len_mean        | 57.7      |
|    ep_rew_mean        | -9.81e+05 |
| time/                 |           |
|    fps                | 872       |
|    time_elapsed       | 34        |
|    total_timesteps    | 30000     |
| train/                |           |
|    entropy_loss       | -17.3     |
|    explained_variance | 0         |
|    learning_rate      | 0.0007    |
|    n_updates          | 1499      |
|    policy_loss        | -9.08e+05 |
|    std                | 1.02      |
|    value_loss         | 3.21e+09  |
-------------------------------------
-------------------------------------
| rollout/              |           |
|    ep_len_mean        | 34.6      |
|    ep_rew_mean        | -6.07e+05 |
| time/                 |           |
|    fps                | 868       |
|    time_elapsed       | 46        |
|    total_timesteps    | 40000     |
| train/                |           |
|    entropy_loss       | -17.3     |
|    explained_variance | 5.96e-08  |
|    learning_rate      | 0.0007    |
|    n_updates          | 1999      |
|    policy_loss        | -7.95e+05 |
|    std                | 1.03      |
|    value_loss         | 2.87e+09  |
-------------------------------------
-------------------------------------
| rollout/              |           |
|    ep_len_mean        | 77.5      |
|    ep_rew_mean        | -1.32e+06 |
| time/                 |           |
|    fps                | 866       |
|    time_elapsed       | 57        |
|    total_timesteps    | 50000     |
| train/                |           |
|    entropy_loss       | -17.4     |
|    explained_variance | 0         |
|    learning_rate      | 0.0007    |
|    n_updates          | 2499      |
|    policy_loss        | -8.41e+05 |
|    std                | 1.03      |
|    value_loss         | 3.41e+09  |
-------------------------------------
-------------------------------------
| rollout/              |           |
|    ep_len_mean        | 40.5      |
|    ep_rew_mean        | -6.86e+05 |
| time/                 |           |
|    fps                | 863       |
|    time_elapsed       | 69        |
|    total_timesteps    | 60000     |
| train/                |           |
|    entropy_loss       | -17.5     |
|    explained_variance | 0         |
|    learning_rate      | 0.0007    |
|    n_updates          | 2999      |
|    policy_loss        | -8.06e+05 |
|    std                | 1.04      |
|    value_loss         | 2.92e+09  |
-------------------------------------
-------------------------------------
| rollout/              |           |
|    ep_len_mean        | 57.2      |
|    ep_rew_mean        | -8.67e+05 |
| time/                 |           |
|    fps                | 860       |
|    time_elapsed       | 81        |
|    total_timesteps    | 70000     |
| train/                |           |
|    entropy_loss       | -17.5     |
|    explained_variance | 0         |
|    learning_rate      | 0.0007    |
|    n_updates          | 3499      |
|    policy_loss        | -6.6e+05  |
|    std                | 1.04      |
|    value_loss         | 1.66e+09  |
-------------------------------------
-------------------------------------
| rollout/              |           |
|    ep_len_mean        | 41.5      |
|    ep_rew_mean        | -6.24e+05 |
| time/                 |           |
|    fps                | 857       |
|    time_elapsed       | 93        |
|    total_timesteps    | 80000     |
| train/                |           |
|    entropy_loss       | -17.6     |
|    explained_variance | 0         |
|    learning_rate      | 0.0007    |
|    n_updates          | 3999      |
|    policy_loss        | -6.53e+05 |
|    std                | 1.05      |
|    value_loss         | 2.54e+09  |
-------------------------------------
-------------------------------------
| rollout/              |           |
|    ep_len_mean        | 45.5      |
|    ep_rew_mean        | -6.95e+05 |
| time/                 |           |
|    fps                | 857       |
|    time_elapsed       | 104       |
|    total_timesteps    | 90000     |
| train/                |           |
|    entropy_loss       | -17.6     |
|    explained_variance | 5.96e-08  |
|    learning_rate      | 0.0007    |
|    n_updates          | 4499      |
|    policy_loss        | -6.8e+05  |
|    std                | 1.05      |
|    value_loss         | 1.7e+09   |
-------------------------------------
-------------------------------------
| rollout/              |           |
|    ep_len_mean        | 49.7      |
|    ep_rew_mean        | -7.76e+05 |
| time/                 |           |
|    fps                | 859       |
|    time_elapsed       | 116       |
|    total_timesteps    | 100000    |
| train/                |           |
|    entropy_loss       | -17.6     |
|    explained_variance | 0         |
|    learning_rate      | 0.0007    |
|    n_updates          | 4999      |
|    policy_loss        | -7.78e+05 |
|    std                | 1.05      |
|    value_loss         | 2.47e+09  |
-------------------------------------
-------------------------------------
| rollout/              |           |
|    ep_len_mean        | 75.5      |
|    ep_rew_mean        | -1.14e+06 |
| time/                 |           |
|    fps                | 861       |
|    time_elapsed       | 127       |
|    total_timesteps    | 110000    |
| train/                |           |
|    entropy_loss       | -17.7     |
|    explained_variance | 1.19e-07  |
|    learning_rate      | 0.0007    |
|    n_updates          | 5499      |
|    policy_loss        | -9.61e+05 |
|    std                | 1.06      |
|    value_loss         | 4.13e+09  |
-------------------------------------
-------------------------------------
| rollout/              |           |
|    ep_len_mean        | 41.5      |
|    ep_rew_mean        | -5.92e+05 |
| time/                 |           |
|    fps                | 860       |
|    time_elapsed       | 139       |
|    total_timesteps    | 120000    |
| train/                |           |
|    entropy_loss       | -17.8     |
|    explained_variance | -1.19e-07 |
|    learning_rate      | 0.0007    |
|    n_updates          | 5999      |
|    policy_loss        | -9.23e+05 |
|    std                | 1.07      |
|    value_loss         | 4.48e+09  |
-------------------------------------
-------------------------------------
| rollout/              |           |
|    ep_len_mean        | 47.7      |
|    ep_rew_mean        | -6.98e+05 |
| time/                 |           |
|    fps                | 859       |
|    time_elapsed       | 151       |
|    total_timesteps    | 130000    |
| train/                |           |
|    entropy_loss       | -18       |
|    explained_variance | 0         |
|    learning_rate      | 0.0007    |
|    n_updates          | 6499      |
|    policy_loss        | -7.47e+05 |
|    std                | 1.08      |
|    value_loss         | 2.8e+09   |
-------------------------------------
-------------------------------------
| rollout/              |           |
|    ep_len_mean        | 41.2      |
|    ep_rew_mean        | -6.68e+05 |
| time/                 |           |
|    fps                | 857       |
|    time_elapsed       | 163       |
|    total_timesteps    | 140000    |
| train/                |           |
|    entropy_loss       | -18       |
|    explained_variance | 0         |
|    learning_rate      | 0.0007    |
|    n_updates          | 6999      |
|    policy_loss        | -7.09e+05 |
|    std                | 1.09      |
|    value_loss         | 1.76e+09  |
-------------------------------------
-------------------------------------
| rollout/              |           |
|    ep_len_mean        | 29.6      |
|    ep_rew_mean        | -5.07e+05 |
| time/                 |           |
|    fps                | 856       |
|    time_elapsed       | 175       |
|    total_timesteps    | 150000    |
| train/                |           |
|    entropy_loss       | -18.1     |
|    explained_variance | 0         |
|    learning_rate      | 0.0007    |
|    n_updates          | 7499      |
|    policy_loss        | -5.43e+05 |
|    std                | 1.1       |
|    value_loss         | 1.14e+09  |
-------------------------------------
-------------------------------------
| rollout/              |           |
|    ep_len_mean        | 47.1      |
|    ep_rew_mean        | -7.53e+05 |
| time/                 |           |
|    fps                | 856       |
|    time_elapsed       | 186       |
|    total_timesteps    | 160000    |
| train/                |           |
|    entropy_loss       | -18.2     |
|    explained_variance | 2.38e-07  |
|    learning_rate      | 0.0007    |
|    n_updates          | 7999      |
|    policy_loss        | -6.11e+05 |
|    std                | 1.1       |
|    value_loss         | 1.45e+09  |
-------------------------------------
-------------------------------------
| rollout/              |           |
|    ep_len_mean        | 53.3      |
|    ep_rew_mean        | -8.56e+05 |
| time/                 |           |
|    fps                | 857       |
|    time_elapsed       | 198       |
|    total_timesteps    | 170000    |
| train/                |           |
|    entropy_loss       | -18.2     |
|    explained_variance | 0         |
|    learning_rate      | 0.0007    |
|    n_updates          | 8499      |
|    policy_loss        | -8.95e+05 |
|    std                | 1.11      |
|    value_loss         | 3.15e+09  |
-------------------------------------
-------------------------------------
| rollout/              |           |
|    ep_len_mean        | 39.2      |
|    ep_rew_mean        | -5.85e+05 |
| time/                 |           |
|    fps                | 856       |
|    time_elapsed       | 210       |
|    total_timesteps    | 180000    |
| train/                |           |
|    entropy_loss       | -18.3     |
|    explained_variance | 1.79e-07  |
|    learning_rate      | 0.0007    |
|    n_updates          | 8999      |
|    policy_loss        | -7.17e+05 |
|    std                | 1.12      |
|    value_loss         | 1.7e+09   |
-------------------------------------
-------------------------------------
| rollout/              |           |
|    ep_len_mean        | 32        |
|    ep_rew_mean        | -5.07e+05 |
| time/                 |           |
|    fps                | 857       |
|    time_elapsed       | 221       |
|    total_timesteps    | 190000    |
| train/                |           |
|    entropy_loss       | -18.3     |
|    explained_variance | 0         |
|    learning_rate      | 0.0007    |
|    n_updates          | 9499      |
|    policy_loss        | -1.07e+06 |
|    std                | 1.12      |
|    value_loss         | 6.03e+09  |
-------------------------------------
-------------------------------------
| rollout/              |           |
|    ep_len_mean        | 45.8      |
|    ep_rew_mean        | -6.64e+05 |
| time/                 |           |
|    fps                | 857       |
|    time_elapsed       | 233       |
|    total_timesteps    | 200000    |
| train/                |           |
|    entropy_loss       | -18.3     |
|    explained_variance | 0         |
|    learning_rate      | 0.0007    |
|    n_updates          | 9999      |
|    policy_loss        | -1.2e+06  |
|    std                | 1.12      |
|    value_loss         | 6.28e+09  |
-------------------------------------
-------------------------------------
| rollout/              |           |
|    ep_len_mean        | 59.1      |
|    ep_rew_mean        | -1.07e+06 |
| time/                 |           |
|    fps                | 858       |
|    time_elapsed       | 244       |
|    total_timesteps    | 210000    |
| train/                |           |
|    entropy_loss       | -18.4     |
|    explained_variance | 5.96e-08  |
|    learning_rate      | 0.0007    |
|    n_updates          | 10499     |
|    policy_loss        | -8.83e+05 |
|    std                | 1.12      |
|    value_loss         | 2.93e+09  |
-------------------------------------
-------------------------------------
| rollout/              |           |
|    ep_len_mean        | 54.1      |
|    ep_rew_mean        | -8.75e+05 |
| time/                 |           |
|    fps                | 858       |
|    time_elapsed       | 256       |
|    total_timesteps    | 220000    |
| train/                |           |
|    entropy_loss       | -18.4     |
|    explained_variance | -1.19e-07 |
|    learning_rate      | 0.0007    |
|    n_updates          | 10999     |
|    policy_loss        | -1.07e+06 |
|    std                | 1.13      |
|    value_loss         | 4.73e+09  |
-------------------------------------
-------------------------------------
| rollout/              |           |
|    ep_len_mean        | 63.2      |
|    ep_rew_mean        | -1.05e+06 |
| time/                 |           |
|    fps                | 857       |
|    time_elapsed       | 268       |
|    total_timesteps    | 230000    |
| train/                |           |
|    entropy_loss       | -18.5     |
|    explained_variance | 0         |
|    learning_rate      | 0.0007    |
|    n_updates          | 11499     |
|    policy_loss        | -8.65e+05 |
|    std                | 1.13      |
|    value_loss         | 2.78e+09  |
-------------------------------------
-------------------------------------
| rollout/              |           |
|    ep_len_mean        | 42.7      |
|    ep_rew_mean        | -6.86e+05 |
| time/                 |           |
|    fps                | 858       |
|    time_elapsed       | 279       |
|    total_timesteps    | 240000    |
| train/                |           |
|    entropy_loss       | -18.6     |
|    explained_variance | -1.19e-07 |
|    learning_rate      | 0.0007    |
|    n_updates          | 11999     |
|    policy_loss        | -9.67e+05 |
|    std                | 1.14      |
|    value_loss         | 4.14e+09  |
-------------------------------------
-------------------------------------
| rollout/              |           |
|    ep_len_mean        | 58.2      |
|    ep_rew_mean        | -8.91e+05 |
| time/                 |           |
|    fps                | 857       |
|    time_elapsed       | 291       |
|    total_timesteps    | 250000    |
| train/                |           |
|    entropy_loss       | -18.6     |
|    explained_variance | 0         |
|    learning_rate      | 0.0007    |
|    n_updates          | 12499     |
|    policy_loss        | -6.3e+05  |
|    std                | 1.15      |
|    value_loss         | 1.47e+09  |
-------------------------------------
-------------------------------------
| rollout/              |           |
|    ep_len_mean        | 39.1      |
|    ep_rew_mean        | -7.24e+05 |
| time/                 |           |
|    fps                | 857       |
|    time_elapsed       | 303       |
|    total_timesteps    | 260000    |
| train/                |           |
|    entropy_loss       | -18.7     |
|    explained_variance | 5.96e-08  |
|    learning_rate      | 0.0007    |
|    n_updates          | 12999     |
|    policy_loss        | -8.55e+05 |
|    std                | 1.15      |
|    value_loss         | 3.01e+09  |
-------------------------------------
-------------------------------------
| rollout/              |           |
|    ep_len_mean        | 38.1      |
|    ep_rew_mean        | -5.91e+05 |
| time/                 |           |
|    fps                | 856       |
|    time_elapsed       | 315       |
|    total_timesteps    | 270000    |
| train/                |           |
|    entropy_loss       | -18.7     |
|    explained_variance | -1.19e-07 |
|    learning_rate      | 0.0007    |
|    n_updates          | 13499     |
|    policy_loss        | -6.49e+05 |
|    std                | 1.15      |
|    value_loss         | 1.6e+09   |
-------------------------------------
-------------------------------------
| rollout/              |           |
|    ep_len_mean        | 53.4      |
|    ep_rew_mean        | -8.63e+05 |
| time/                 |           |
|    fps                | 855       |
|    time_elapsed       | 327       |
|    total_timesteps    | 280000    |
| train/                |           |
|    entropy_loss       | -18.8     |
|    explained_variance | 0         |
|    learning_rate      | 0.0007    |
|    n_updates          | 13999     |
|    policy_loss        | -1.09e+06 |
|    std                | 1.16      |
|    value_loss         | 5.04e+09  |
-------------------------------------
-------------------------------------
| rollout/              |           |
|    ep_len_mean        | 46.3      |
|    ep_rew_mean        | -7.13e+05 |
| time/                 |           |
|    fps                | 854       |
|    time_elapsed       | 339       |
|    total_timesteps    | 290000    |
| train/                |           |
|    entropy_loss       | -18.9     |
|    explained_variance | 0         |
|    learning_rate      | 0.0007    |
|    n_updates          | 14499     |
|    policy_loss        | -5.37e+05 |
|    std                | 1.17      |
|    value_loss         | 9.5e+08   |
-------------------------------------
-------------------------------------
| rollout/              |           |
|    ep_len_mean        | 48.4      |
|    ep_rew_mean        | -8.12e+05 |
| time/                 |           |
|    fps                | 853       |
|    time_elapsed       | 351       |
|    total_timesteps    | 300000    |
| train/                |           |
|    entropy_loss       | -19       |
|    explained_variance | 5.96e-08  |
|    learning_rate      | 0.0007    |
|    n_updates          | 14999     |
|    policy_loss        | -9.35e+05 |
|    std                | 1.18      |
|    value_loss         | 3.41e+09  |
-------------------------------------
-------------------------------------
| rollout/              |           |
|    ep_len_mean        | 67.8      |
|    ep_rew_mean        | -1.21e+06 |
| time/                 |           |
|    fps                | 853       |
|    time_elapsed       | 363       |
|    total_timesteps    | 310000    |
| train/                |           |
|    entropy_loss       | -19       |
|    explained_variance | 0         |
|    learning_rate      | 0.0007    |
|    n_updates          | 15499     |
|    policy_loss        | -8.16e+05 |
|    std                | 1.18      |
|    value_loss         | 2.47e+09  |
-------------------------------------
-------------------------------------
| rollout/              |           |
|    ep_len_mean        | 46.1      |
|    ep_rew_mean        | -8.19e+05 |
| time/                 |           |
|    fps                | 853       |
|    time_elapsed       | 375       |
|    total_timesteps    | 320000    |
| train/                |           |
|    entropy_loss       | -19.1     |
|    explained_variance | 0         |
|    learning_rate      | 0.0007    |
|    n_updates          | 15999     |
|    policy_loss        | -8.3e+05  |
|    std                | 1.19      |
|    value_loss         | 2.41e+09  |
-------------------------------------
-------------------------------------
| rollout/              |           |
|    ep_len_mean        | 31.4      |
|    ep_rew_mean        | -5.72e+05 |
| time/                 |           |
|    fps                | 853       |
|    time_elapsed       | 386       |
|    total_timesteps    | 330000    |
| train/                |           |
|    entropy_loss       | -19.2     |
|    explained_variance | 5.96e-08  |
|    learning_rate      | 0.0007    |
|    n_updates          | 16499     |
|    policy_loss        | -6.82e+05 |
|    std                | 1.2       |
|    value_loss         | 1.67e+09  |
-------------------------------------
-------------------------------------
| rollout/              |           |
|    ep_len_mean        | 83        |
|    ep_rew_mean        | -1.54e+06 |
| time/                 |           |
|    fps                | 852       |
|    time_elapsed       | 398       |
|    total_timesteps    | 340000    |
| train/                |           |
|    entropy_loss       | -19.3     |
|    explained_variance | -1.19e-07 |
|    learning_rate      | 0.0007    |
|    n_updates          | 16999     |
|    policy_loss        | -5.81e+05 |
|    std                | 1.22      |
|    value_loss         | 2.35e+09  |
-------------------------------------
-------------------------------------
| rollout/              |           |
|    ep_len_mean        | 35.9      |
|    ep_rew_mean        | -5.88e+05 |
| time/                 |           |
|    fps                | 853       |
|    time_elapsed       | 410       |
|    total_timesteps    | 350000    |
| train/                |           |
|    entropy_loss       | -19.4     |
|    explained_variance | -1.19e-07 |
|    learning_rate      | 0.0007    |
|    n_updates          | 17499     |
|    policy_loss        | -9.59e+05 |
|    std                | 1.23      |
|    value_loss         | 3.08e+09  |
-------------------------------------
-------------------------------------
| rollout/              |           |
|    ep_len_mean        | 54.3      |
|    ep_rew_mean        | -9.03e+05 |
| time/                 |           |
|    fps                | 852       |
|    time_elapsed       | 422       |
|    total_timesteps    | 360000    |
| train/                |           |
|    entropy_loss       | -19.6     |
|    explained_variance | 0         |
|    learning_rate      | 0.0007    |
|    n_updates          | 17999     |
|    policy_loss        | -1.04e+06 |
|    std                | 1.24      |
|    value_loss         | 3.3e+09   |
-------------------------------------
-------------------------------------
| rollout/              |           |
|    ep_len_mean        | 38.7      |
|    ep_rew_mean        | -6.01e+05 |
| time/                 |           |
|    fps                | 852       |
|    time_elapsed       | 434       |
|    total_timesteps    | 370000    |
| train/                |           |
|    entropy_loss       | -19.6     |
|    explained_variance | -1.19e-07 |
|    learning_rate      | 0.0007    |
|    n_updates          | 18499     |
|    policy_loss        | -8.49e+05 |
|    std                | 1.25      |
|    value_loss         | 2.58e+09  |
-------------------------------------
-------------------------------------
| rollout/              |           |
|    ep_len_mean        | 39.4      |
|    ep_rew_mean        | -6.28e+05 |
| time/                 |           |
|    fps                | 852       |
|    time_elapsed       | 445       |
|    total_timesteps    | 380000    |
| train/                |           |
|    entropy_loss       | -19.8     |
|    explained_variance | 0         |
|    learning_rate      | 0.0007    |
|    n_updates          | 18999     |
|    policy_loss        | -1.45e+06 |
|    std                | 1.26      |
|    value_loss         | 6.79e+09  |
-------------------------------------
-------------------------------------
| rollout/              |           |
|    ep_len_mean        | 40.3      |
|    ep_rew_mean        | -6.16e+05 |
| time/                 |           |
|    fps                | 852       |
|    time_elapsed       | 457       |
|    total_timesteps    | 390000    |
| train/                |           |
|    entropy_loss       | -19.8     |
|    explained_variance | -2.38e-07 |
|    learning_rate      | 0.0007    |
|    n_updates          | 19499     |
|    policy_loss        | -8.85e+05 |
|    std                | 1.26      |
|    value_loss         | 2.68e+09  |
-------------------------------------
-------------------------------------
| rollout/              |           |
|    ep_len_mean        | 48.7      |
|    ep_rew_mean        | -7.37e+05 |
| time/                 |           |
|    fps                | 852       |
|    time_elapsed       | 469       |
|    total_timesteps    | 400000    |
| train/                |           |
|    entropy_loss       | -19.9     |
|    explained_variance | 0         |
|    learning_rate      | 0.0007    |
|    n_updates          | 19999     |
|    policy_loss        | -8.56e+05 |
|    std                | 1.27      |
|    value_loss         | 2.42e+09  |
-------------------------------------
-------------------------------------
| rollout/              |           |
|    ep_len_mean        | 60        |
|    ep_rew_mean        | -1e+06    |
| time/                 |           |
|    fps                | 852       |
|    time_elapsed       | 481       |
|    total_timesteps    | 410000    |
| train/                |           |
|    entropy_loss       | -20       |
|    explained_variance | 5.96e-08  |
|    learning_rate      | 0.0007    |
|    n_updates          | 20499     |
|    policy_loss        | -1.38e+06 |
|    std                | 1.29      |
|    value_loss         | 5.43e+09  |
-------------------------------------
-------------------------------------
| rollout/              |           |
|    ep_len_mean        | 49.2      |
|    ep_rew_mean        | -7.5e+05  |
| time/                 |           |
|    fps                | 851       |
|    time_elapsed       | 493       |
|    total_timesteps    | 420000    |
| train/                |           |
|    entropy_loss       | -20.1     |
|    explained_variance | -1.19e-07 |
|    learning_rate      | 0.0007    |
|    n_updates          | 20999     |
|    policy_loss        | -8.67e+05 |
|    std                | 1.29      |
|    value_loss         | 2.29e+09  |
-------------------------------------
-------------------------------------
| rollout/              |           |
|    ep_len_mean        | 48.1      |
|    ep_rew_mean        | -7.61e+05 |
| time/                 |           |
|    fps                | 852       |
|    time_elapsed       | 504       |
|    total_timesteps    | 430000    |
| train/                |           |
|    entropy_loss       | -20       |
|    explained_variance | 5.96e-08  |
|    learning_rate      | 0.0007    |
|    n_updates          | 21499     |
|    policy_loss        | -8.34e+05 |
|    std                | 1.29      |
|    value_loss         | 2.49e+09  |
-------------------------------------
-------------------------------------
| rollout/              |           |
|    ep_len_mean        | 44.8      |
|    ep_rew_mean        | -7.48e+05 |
| time/                 |           |
|    fps                | 852       |
|    time_elapsed       | 516       |
|    total_timesteps    | 440000    |
| train/                |           |
|    entropy_loss       | -20       |
|    explained_variance | 0         |
|    learning_rate      | 0.0007    |
|    n_updates          | 21999     |
|    policy_loss        | -9.49e+05 |
|    std                | 1.29      |
|    value_loss         | 2.87e+09  |
-------------------------------------
------------------------------------
| rollout/              |          |
|    ep_len_mean        | 56.1     |
|    ep_rew_mean        | -9.8e+05 |
| time/                 |          |
|    fps                | 852      |
|    time_elapsed       | 527      |
|    total_timesteps    | 450000   |
| train/                |          |
|    entropy_loss       | -20.1    |
|    explained_variance | 0        |
|    learning_rate      | 0.0007   |
|    n_updates          | 22499    |
|    policy_loss        | -9.7e+05 |
|    std                | 1.3      |
|    value_loss         | 2.98e+09 |
------------------------------------
-------------------------------------
| rollout/              |           |
|    ep_len_mean        | 47.4      |
|    ep_rew_mean        | -8.03e+05 |
| time/                 |           |
|    fps                | 852       |
|    time_elapsed       | 539       |
|    total_timesteps    | 460000    |
| train/                |           |
|    entropy_loss       | -20.1     |
|    explained_variance | 0         |
|    learning_rate      | 0.0007    |
|    n_updates          | 22999     |
|    policy_loss        | -8.32e+05 |
|    std                | 1.3       |
|    value_loss         | 2.24e+09  |
-------------------------------------
-------------------------------------
| rollout/              |           |
|    ep_len_mean        | 42.1      |
|    ep_rew_mean        | -6.81e+05 |
| time/                 |           |
|    fps                | 853       |
|    time_elapsed       | 550       |
|    total_timesteps    | 470000    |
| train/                |           |
|    entropy_loss       | -20.2     |
|    explained_variance | 0         |
|    learning_rate      | 0.0007    |
|    n_updates          | 23499     |
|    policy_loss        | -8.49e+05 |
|    std                | 1.3       |
|    value_loss         | 2.12e+09  |
-------------------------------------
-------------------------------------
| rollout/              |           |
|    ep_len_mean        | 52.4      |
|    ep_rew_mean        | -7.62e+05 |
| time/                 |           |
|    fps                | 853       |
|    time_elapsed       | 562       |
|    total_timesteps    | 480000    |
| train/                |           |
|    entropy_loss       | -20.4     |
|    explained_variance | 0         |
|    learning_rate      | 0.0007    |
|    n_updates          | 23999     |
|    policy_loss        | -1.14e+06 |
|    std                | 1.32      |
|    value_loss         | 4.76e+09  |
-------------------------------------
-------------------------------------
| rollout/              |           |
|    ep_len_mean        | 41.5      |
|    ep_rew_mean        | -6.89e+05 |
| time/                 |           |
|    fps                | 853       |
|    time_elapsed       | 574       |
|    total_timesteps    | 490000    |
| train/                |           |
|    entropy_loss       | -20.4     |
|    explained_variance | 0         |
|    learning_rate      | 0.0007    |
|    n_updates          | 24499     |
|    policy_loss        | -7e+05    |
|    std                | 1.33      |
|    value_loss         | 1.5e+09   |
-------------------------------------
-------------------------------------
| rollout/              |           |
|    ep_len_mean        | 61.8      |
|    ep_rew_mean        | -9.22e+05 |
| time/                 |           |
|    fps                | 853       |
|    time_elapsed       | 585       |
|    total_timesteps    | 500000    |
| train/                |           |
|    entropy_loss       | -20.6     |
|    explained_variance | 5.96e-08  |
|    learning_rate      | 0.0007    |
|    n_updates          | 24999     |
|    policy_loss        | -9.8e+05  |
|    std                | 1.35      |
|    value_loss         | 3.01e+09  |
-------------------------------------
-------------------------------------
| rollout/              |           |
|    ep_len_mean        | 44.8      |
|    ep_rew_mean        | -6.75e+05 |
| time/                 |           |
|    fps                | 854       |
|    time_elapsed       | 597       |
|    total_timesteps    | 510000    |
| train/                |           |
|    entropy_loss       | -20.6     |
|    explained_variance | 0         |
|    learning_rate      | 0.0007    |
|    n_updates          | 25499     |
|    policy_loss        | -8.71e+05 |
|    std                | 1.36      |
|    value_loss         | 2.38e+09  |
-------------------------------------
-------------------------------------
| rollout/              |           |
|    ep_len_mean        | 50.3      |
|    ep_rew_mean        | -7.84e+05 |
| time/                 |           |
|    fps                | 854       |
|    time_elapsed       | 608       |
|    total_timesteps    | 520000    |
| train/                |           |
|    entropy_loss       | -20.6     |
|    explained_variance | 0         |
|    learning_rate      | 0.0007    |
|    n_updates          | 25999     |
|    policy_loss        | -6.76e+05 |
|    std                | 1.35      |
|    value_loss         | 1.36e+09  |
-------------------------------------
-------------------------------------
| rollout/              |           |
|    ep_len_mean        | 37.2      |
|    ep_rew_mean        | -5.53e+05 |
| time/                 |           |
|    fps                | 854       |
|    time_elapsed       | 620       |
|    total_timesteps    | 530000    |
| train/                |           |
|    entropy_loss       | -20.6     |
|    explained_variance | 0         |
|    learning_rate      | 0.0007    |
|    n_updates          | 26499     |
|    policy_loss        | -6.83e+05 |
|    std                | 1.36      |
|    value_loss         | 1.44e+09  |
-------------------------------------
-------------------------------------
| rollout/              |           |
|    ep_len_mean        | 44.6      |
|    ep_rew_mean        | -7.65e+05 |
| time/                 |           |
|    fps                | 854       |
|    time_elapsed       | 631       |
|    total_timesteps    | 540000    |
| train/                |           |
|    entropy_loss       | -20.7     |
|    explained_variance | 0         |
|    learning_rate      | 0.0007    |
|    n_updates          | 26999     |
|    policy_loss        | -1.05e+06 |
|    std                | 1.36      |
|    value_loss         | 3.55e+09  |
-------------------------------------
-------------------------------------
| rollout/              |           |
|    ep_len_mean        | 45        |
|    ep_rew_mean        | -7.09e+05 |
| time/                 |           |
|    fps                | 855       |
|    time_elapsed       | 643       |
|    total_timesteps    | 550000    |
| train/                |           |
|    entropy_loss       | -20.7     |
|    explained_variance | 0         |
|    learning_rate      | 0.0007    |
|    n_updates          | 27499     |
|    policy_loss        | -7.33e+05 |
|    std                | 1.36      |
|    value_loss         | 1.65e+09  |
-------------------------------------
-------------------------------------
| rollout/              |           |
|    ep_len_mean        | 51.7      |
|    ep_rew_mean        | -8.36e+05 |
| time/                 |           |
|    fps                | 855       |
|    time_elapsed       | 654       |
|    total_timesteps    | 560000    |
| train/                |           |
|    entropy_loss       | -20.8     |
|    explained_variance | 0         |
|    learning_rate      | 0.0007    |
|    n_updates          | 27999     |
|    policy_loss        | -7.79e+05 |
|    std                | 1.38      |
|    value_loss         | 1.88e+09  |
-------------------------------------
-------------------------------------
| rollout/              |           |
|    ep_len_mean        | 49.7      |
|    ep_rew_mean        | -7.77e+05 |
| time/                 |           |
|    fps                | 855       |
|    time_elapsed       | 666       |
|    total_timesteps    | 570000    |
| train/                |           |
|    entropy_loss       | -20.9     |
|    explained_variance | 5.96e-08  |
|    learning_rate      | 0.0007    |
|    n_updates          | 28499     |
|    policy_loss        | -1.15e+06 |
|    std                | 1.39      |
|    value_loss         | 3.36e+09  |
-------------------------------------
-------------------------------------
| rollout/              |           |
|    ep_len_mean        | 35.4      |
|    ep_rew_mean        | -6.57e+05 |
| time/                 |           |
|    fps                | 855       |
|    time_elapsed       | 677       |
|    total_timesteps    | 580000    |
| train/                |           |
|    entropy_loss       | -20.9     |
|    explained_variance | 0         |
|    learning_rate      | 0.0007    |
|    n_updates          | 28999     |
|    policy_loss        | -1.24e+06 |
|    std                | 1.38      |
|    value_loss         | 4.87e+09  |
-------------------------------------
-------------------------------------
| rollout/              |           |
|    ep_len_mean        | 49.7      |
|    ep_rew_mean        | -8.18e+05 |
| time/                 |           |
|    fps                | 856       |
|    time_elapsed       | 689       |
|    total_timesteps    | 590000    |
| train/                |           |
|    entropy_loss       | -20.9     |
|    explained_variance | 0         |
|    learning_rate      | 0.0007    |
|    n_updates          | 29499     |
|    policy_loss        | -7.92e+05 |
|    std                | 1.39      |
|    value_loss         | 1.81e+09  |
-------------------------------------
-------------------------------------
| rollout/              |           |
|    ep_len_mean        | 44.1      |
|    ep_rew_mean        | -7.13e+05 |
| time/                 |           |
|    fps                | 856       |
|    time_elapsed       | 700       |
|    total_timesteps    | 600000    |
| train/                |           |
|    entropy_loss       | -21       |
|    explained_variance | 0         |
|    learning_rate      | 0.0007    |
|    n_updates          | 29999     |
|    policy_loss        | -9.11e+05 |
|    std                | 1.4       |
|    value_loss         | 2.5e+09   |
-------------------------------------
-------------------------------------
| rollout/              |           |
|    ep_len_mean        | 57.7      |
|    ep_rew_mean        | -8.73e+05 |
| time/                 |           |
|    fps                | 855       |
|    time_elapsed       | 712       |
|    total_timesteps    | 610000    |
| train/                |           |
|    entropy_loss       | -21       |
|    explained_variance | 0         |
|    learning_rate      | 0.0007    |
|    n_updates          | 30499     |
|    policy_loss        | -9.89e+05 |
|    std                | 1.4       |
|    value_loss         | 2.47e+09  |
-------------------------------------
-------------------------------------
| rollout/              |           |
|    ep_len_mean        | 62.6      |
|    ep_rew_mean        | -9.92e+05 |
| time/                 |           |
|    fps                | 855       |
|    time_elapsed       | 724       |
|    total_timesteps    | 620000    |
| train/                |           |
|    entropy_loss       | -21.1     |
|    explained_variance | 0         |
|    learning_rate      | 0.0007    |
|    n_updates          | 30999     |
|    policy_loss        | -1.06e+06 |
|    std                | 1.42      |
|    value_loss         | 2.87e+09  |
-------------------------------------
-------------------------------------
| rollout/              |           |
|    ep_len_mean        | 41.1      |
|    ep_rew_mean        | -6.46e+05 |
| time/                 |           |
|    fps                | 856       |
|    time_elapsed       | 735       |
|    total_timesteps    | 630000    |
| train/                |           |
|    entropy_loss       | -21.1     |
|    explained_variance | 0         |
|    learning_rate      | 0.0007    |
|    n_updates          | 31499     |
|    policy_loss        | -8.85e+05 |
|    std                | 1.41      |
|    value_loss         | 2.48e+09  |
-------------------------------------
-------------------------------------
| rollout/              |           |
|    ep_len_mean        | 47.8      |
|    ep_rew_mean        | -7.96e+05 |
| time/                 |           |
|    fps                | 856       |
|    time_elapsed       | 747       |
|    total_timesteps    | 640000    |
| train/                |           |
|    entropy_loss       | -21.3     |
|    explained_variance | 1.19e-07  |
|    learning_rate      | 0.0007    |
|    n_updates          | 31999     |
|    policy_loss        | -7.58e+05 |
|    std                | 1.44      |
|    value_loss         | 1.62e+09  |
-------------------------------------
-------------------------------------
| rollout/              |           |
|    ep_len_mean        | 62        |
|    ep_rew_mean        | -9.84e+05 |
| time/                 |           |
|    fps                | 856       |
|    time_elapsed       | 758       |
|    total_timesteps    | 650000    |
| train/                |           |
|    entropy_loss       | -21.4     |
|    explained_variance | 5.96e-08  |
|    learning_rate      | 0.0007    |
|    n_updates          | 32499     |
|    policy_loss        | -6.68e+05 |
|    std                | 1.45      |
|    value_loss         | 1.23e+09  |
-------------------------------------
-------------------------------------
| rollout/              |           |
|    ep_len_mean        | 41.7      |
|    ep_rew_mean        | -6.45e+05 |
| time/                 |           |
|    fps                | 856       |
|    time_elapsed       | 770       |
|    total_timesteps    | 660000    |
| train/                |           |
|    entropy_loss       | -21.5     |
|    explained_variance | 1.79e-07  |
|    learning_rate      | 0.0007    |
|    n_updates          | 32999     |
|    policy_loss        | -7.9e+05  |
|    std                | 1.46      |
|    value_loss         | 1.79e+09  |
-------------------------------------
-------------------------------------
| rollout/              |           |
|    ep_len_mean        | 50.9      |
|    ep_rew_mean        | -7.89e+05 |
| time/                 |           |
|    fps                | 856       |
|    time_elapsed       | 781       |
|    total_timesteps    | 670000    |
| train/                |           |
|    entropy_loss       | -21.6     |
|    explained_variance | 0         |
|    learning_rate      | 0.0007    |
|    n_updates          | 33499     |
|    policy_loss        | -1.26e+06 |
|    std                | 1.47      |
|    value_loss         | 5.29e+09  |
-------------------------------------
-------------------------------------
| rollout/              |           |
|    ep_len_mean        | 43        |
|    ep_rew_mean        | -6.42e+05 |
| time/                 |           |
|    fps                | 856       |
|    time_elapsed       | 793       |
|    total_timesteps    | 680000    |
| train/                |           |
|    entropy_loss       | -21.7     |
|    explained_variance | 0         |
|    learning_rate      | 0.0007    |
|    n_updates          | 33999     |
|    policy_loss        | -8.97e+05 |
|    std                | 1.48      |
|    value_loss         | 2.18e+09  |
-------------------------------------
-------------------------------------
| rollout/              |           |
|    ep_len_mean        | 57.6      |
|    ep_rew_mean        | -9.2e+05  |
| time/                 |           |
|    fps                | 857       |
|    time_elapsed       | 805       |
|    total_timesteps    | 690000    |
| train/                |           |
|    entropy_loss       | -21.8     |
|    explained_variance | -1.19e-07 |
|    learning_rate      | 0.0007    |
|    n_updates          | 34499     |
|    policy_loss        | -8.86e+05 |
|    std                | 1.5       |
|    value_loss         | 2.15e+09  |
-------------------------------------
-------------------------------------
| rollout/              |           |
|    ep_len_mean        | 48        |
|    ep_rew_mean        | -9.12e+05 |
| time/                 |           |
|    fps                | 857       |
|    time_elapsed       | 816       |
|    total_timesteps    | 700000    |
| train/                |           |
|    entropy_loss       | -21.8     |
|    explained_variance | 0         |
|    learning_rate      | 0.0007    |
|    n_updates          | 34999     |
|    policy_loss        | -1.35e+06 |
|    std                | 1.5       |
|    value_loss         | 5.25e+09  |
-------------------------------------
-------------------------------------
| rollout/              |           |
|    ep_len_mean        | 56.5      |
|    ep_rew_mean        | -8.79e+05 |
| time/                 |           |
|    fps                | 857       |
|    time_elapsed       | 828       |
|    total_timesteps    | 710000    |
| train/                |           |
|    entropy_loss       | -21.9     |
|    explained_variance | 1.19e-07  |
|    learning_rate      | 0.0007    |
|    n_updates          | 35499     |
|    policy_loss        | -9.18e+05 |
|    std                | 1.51      |
|    value_loss         | 2.36e+09  |
-------------------------------------
-------------------------------------
| rollout/              |           |
|    ep_len_mean        | 48.9      |
|    ep_rew_mean        | -7.39e+05 |
| time/                 |           |
|    fps                | 857       |
|    time_elapsed       | 839       |
|    total_timesteps    | 720000    |
| train/                |           |
|    entropy_loss       | -21.9     |
|    explained_variance | 0         |
|    learning_rate      | 0.0007    |
|    n_updates          | 35999     |
|    policy_loss        | -8.98e+05 |
|    std                | 1.51      |
|    value_loss         | 2.45e+09  |
-------------------------------------
-------------------------------------
| rollout/              |           |
|    ep_len_mean        | 57.8      |
|    ep_rew_mean        | -9.81e+05 |
| time/                 |           |
|    fps                | 857       |
|    time_elapsed       | 850       |
|    total_timesteps    | 730000    |
| train/                |           |
|    entropy_loss       | -22       |
|    explained_variance | -1.19e-07 |
|    learning_rate      | 0.0007    |
|    n_updates          | 36499     |
|    policy_loss        | -1.14e+06 |
|    std                | 1.52      |
|    value_loss         | 3.5e+09   |
-------------------------------------
------------------------------------
| rollout/              |          |
|    ep_len_mean        | 45       |
|    ep_rew_mean        | -7.1e+05 |
| time/                 |          |
|    fps                | 858      |
|    time_elapsed       | 862      |
|    total_timesteps    | 740000   |
| train/                |          |
|    entropy_loss       | -22.1    |
|    explained_variance | 0        |
|    learning_rate      | 0.0007   |
|    n_updates          | 36999    |
|    policy_loss        | -1.3e+06 |
|    std                | 1.54     |
|    value_loss         | 5.27e+09 |
------------------------------------
-------------------------------------
| rollout/              |           |
|    ep_len_mean        | 45.6      |
|    ep_rew_mean        | -6.99e+05 |
| time/                 |           |
|    fps                | 858       |
|    time_elapsed       | 873       |
|    total_timesteps    | 750000    |
| train/                |           |
|    entropy_loss       | -22.2     |
|    explained_variance | 1.79e-07  |
|    learning_rate      | 0.0007    |
|    n_updates          | 37499     |
|    policy_loss        | -1.07e+06 |
|    std                | 1.55      |
|    value_loss         | 3.29e+09  |
-------------------------------------
-------------------------------------
| rollout/              |           |
|    ep_len_mean        | 64.5      |
|    ep_rew_mean        | -1.12e+06 |
| time/                 |           |
|    fps                | 858       |
|    time_elapsed       | 885       |
|    total_timesteps    | 760000    |
| train/                |           |
|    entropy_loss       | -22.3     |
|    explained_variance | 0         |
|    learning_rate      | 0.0007    |
|    n_updates          | 37999     |
|    policy_loss        | -9.45e+05 |
|    std                | 1.57      |
|    value_loss         | 2.24e+09  |
-------------------------------------
-------------------------------------
| rollout/              |           |
|    ep_len_mean        | 49.9      |
|    ep_rew_mean        | -8.1e+05  |
| time/                 |           |
|    fps                | 858       |
|    time_elapsed       | 896       |
|    total_timesteps    | 770000    |
| train/                |           |
|    entropy_loss       | -22.4     |
|    explained_variance | 0         |
|    learning_rate      | 0.0007    |
|    n_updates          | 38499     |
|    policy_loss        | -1.17e+06 |
|    std                | 1.58      |
|    value_loss         | 4.05e+09  |
-------------------------------------
-------------------------------------
| rollout/              |           |
|    ep_len_mean        | 46.3      |
|    ep_rew_mean        | -7.02e+05 |
| time/                 |           |
|    fps                | 858       |
|    time_elapsed       | 908       |
|    total_timesteps    | 780000    |
| train/                |           |
|    entropy_loss       | -22.4     |
|    explained_variance | 0         |
|    learning_rate      | 0.0007    |
|    n_updates          | 38999     |
|    policy_loss        | -8.03e+05 |
|    std                | 1.58      |
|    value_loss         | 1.88e+09  |
-------------------------------------
-------------------------------------
| rollout/              |           |
|    ep_len_mean        | 51.1      |
|    ep_rew_mean        | -7.77e+05 |
| time/                 |           |
|    fps                | 859       |
|    time_elapsed       | 919       |
|    total_timesteps    | 790000    |
| train/                |           |
|    entropy_loss       | -22.5     |
|    explained_variance | 0         |
|    learning_rate      | 0.0007    |
|    n_updates          | 39499     |
|    policy_loss        | -7.48e+05 |
|    std                | 1.59      |
|    value_loss         | 1.51e+09  |
-------------------------------------
-------------------------------------
| rollout/              |           |
|    ep_len_mean        | 61.2      |
|    ep_rew_mean        | -1.01e+06 |
| time/                 |           |
|    fps                | 859       |
|    time_elapsed       | 930       |
|    total_timesteps    | 800000    |
| train/                |           |
|    entropy_loss       | -22.5     |
|    explained_variance | -2.38e-07 |
|    learning_rate      | 0.0007    |
|    n_updates          | 39999     |
|    policy_loss        | -9.84e+05 |
|    std                | 1.59      |
|    value_loss         | 2.69e+09  |
-------------------------------------
-------------------------------------
| rollout/              |           |
|    ep_len_mean        | 46.7      |
|    ep_rew_mean        | -7.04e+05 |
| time/                 |           |
|    fps                | 859       |
|    time_elapsed       | 942       |
|    total_timesteps    | 810000    |
| train/                |           |
|    entropy_loss       | -22.6     |
|    explained_variance | 2.98e-07  |
|    learning_rate      | 0.0007    |
|    n_updates          | 40499     |
|    policy_loss        | -8.95e+05 |
|    std                | 1.61      |
|    value_loss         | 1.79e+09  |
-------------------------------------
-------------------------------------
| rollout/              |           |
|    ep_len_mean        | 59.2      |
|    ep_rew_mean        | -9.48e+05 |
| time/                 |           |
|    fps                | 860       |
|    time_elapsed       | 953       |
|    total_timesteps    | 820000    |
| train/                |           |
|    entropy_loss       | -22.8     |
|    explained_variance | 0         |
|    learning_rate      | 0.0007    |
|    n_updates          | 40999     |
|    policy_loss        | -1.51e+06 |
|    std                | 1.63      |
|    value_loss         | 5.85e+09  |
-------------------------------------
-------------------------------------
| rollout/              |           |
|    ep_len_mean        | 73.6      |
|    ep_rew_mean        | -1.2e+06  |
| time/                 |           |
|    fps                | 860       |
|    time_elapsed       | 964       |
|    total_timesteps    | 830000    |
| train/                |           |
|    entropy_loss       | -22.9     |
|    explained_variance | 0         |
|    learning_rate      | 0.0007    |
|    n_updates          | 41499     |
|    policy_loss        | -1.07e+06 |
|    std                | 1.64      |
|    value_loss         | 3.01e+09  |
-------------------------------------
-------------------------------------
| rollout/              |           |
|    ep_len_mean        | 59.3      |
|    ep_rew_mean        | -9.68e+05 |
| time/                 |           |
|    fps                | 861       |
|    time_elapsed       | 975       |
|    total_timesteps    | 840000    |
| train/                |           |
|    entropy_loss       | -22.9     |
|    explained_variance | 0         |
|    learning_rate      | 0.0007    |
|    n_updates          | 41999     |
|    policy_loss        | -1.42e+06 |
|    std                | 1.64      |
|    value_loss         | 5.49e+09  |
-------------------------------------
-------------------------------------
| rollout/              |           |
|    ep_len_mean        | 52.5      |
|    ep_rew_mean        | -8.86e+05 |
| time/                 |           |
|    fps                | 861       |
|    time_elapsed       | 986       |
|    total_timesteps    | 850000    |
| train/                |           |
|    entropy_loss       | -23       |
|    explained_variance | 0         |
|    learning_rate      | 0.0007    |
|    n_updates          | 42499     |
|    policy_loss        | -1.08e+06 |
|    std                | 1.66      |
|    value_loss         | 3.33e+09  |
-------------------------------------
-------------------------------------
| rollout/              |           |
|    ep_len_mean        | 54.6      |
|    ep_rew_mean        | -8.74e+05 |
| time/                 |           |
|    fps                | 861       |
|    time_elapsed       | 997       |
|    total_timesteps    | 860000    |
| train/                |           |
|    entropy_loss       | -23.1     |
|    explained_variance | 0         |
|    learning_rate      | 0.0007    |
|    n_updates          | 42999     |
|    policy_loss        | -1.22e+06 |
|    std                | 1.68      |
|    value_loss         | 4.51e+09  |
-------------------------------------
-------------------------------------
| rollout/              |           |
|    ep_len_mean        | 50.3      |
|    ep_rew_mean        | -8.13e+05 |
| time/                 |           |
|    fps                | 862       |
|    time_elapsed       | 1008      |
|    total_timesteps    | 870000    |
| train/                |           |
|    entropy_loss       | -23.2     |
|    explained_variance | 0         |
|    learning_rate      | 0.0007    |
|    n_updates          | 43499     |
|    policy_loss        | -1.26e+06 |
|    std                | 1.69      |
|    value_loss         | 4.8e+09   |
-------------------------------------
-------------------------------------
| rollout/              |           |
|    ep_len_mean        | 33.1      |
|    ep_rew_mean        | -5.44e+05 |
| time/                 |           |
|    fps                | 863       |
|    time_elapsed       | 1019      |
|    total_timesteps    | 880000    |
| train/                |           |
|    entropy_loss       | -23.3     |
|    explained_variance | 0         |
|    learning_rate      | 0.0007    |
|    n_updates          | 43999     |
|    policy_loss        | -1.45e+06 |
|    std                | 1.7       |
|    value_loss         | 6.37e+09  |
-------------------------------------
-------------------------------------
| rollout/              |           |
|    ep_len_mean        | 59.6      |
|    ep_rew_mean        | -9.24e+05 |
| time/                 |           |
|    fps                | 863       |
|    time_elapsed       | 1030      |
|    total_timesteps    | 890000    |
| train/                |           |
|    entropy_loss       | -23.4     |
|    explained_variance | 0         |
|    learning_rate      | 0.0007    |
|    n_updates          | 44499     |
|    policy_loss        | -8.53e+05 |
|    std                | 1.71      |
|    value_loss         | 1.81e+09  |
-------------------------------------
-------------------------------------
| rollout/              |           |
|    ep_len_mean        | 53.6      |
|    ep_rew_mean        | -9.28e+05 |
| time/                 |           |
|    fps                | 864       |
|    time_elapsed       | 1041      |
|    total_timesteps    | 900000    |
| train/                |           |
|    entropy_loss       | -23.4     |
|    explained_variance | 0         |
|    learning_rate      | 0.0007    |
|    n_updates          | 44999     |
|    policy_loss        | -1.16e+06 |
|    std                | 1.71      |
|    value_loss         | 2.9e+09   |
-------------------------------------
-------------------------------------
| rollout/              |           |
|    ep_len_mean        | 47.9      |
|    ep_rew_mean        | -7.5e+05  |
| time/                 |           |
|    fps                | 864       |
|    time_elapsed       | 1052      |
|    total_timesteps    | 910000    |
| train/                |           |
|    entropy_loss       | -23.5     |
|    explained_variance | 0         |
|    learning_rate      | 0.0007    |
|    n_updates          | 45499     |
|    policy_loss        | -1.24e+06 |
|    std                | 1.73      |
|    value_loss         | 3.25e+09  |
-------------------------------------
-------------------------------------
| rollout/              |           |
|    ep_len_mean        | 41        |
|    ep_rew_mean        | -6.35e+05 |
| time/                 |           |
|    fps                | 865       |
|    time_elapsed       | 1063      |
|    total_timesteps    | 920000    |
| train/                |           |
|    entropy_loss       | -23.5     |
|    explained_variance | -1.19e-07 |
|    learning_rate      | 0.0007    |
|    n_updates          | 45999     |
|    policy_loss        | -1.36e+06 |
|    std                | 1.72      |
|    value_loss         | 4.7e+09   |
-------------------------------------
-------------------------------------
| rollout/              |           |
|    ep_len_mean        | 31.6      |
|    ep_rew_mean        | -5.79e+05 |
| time/                 |           |
|    fps                | 865       |
|    time_elapsed       | 1074      |
|    total_timesteps    | 930000    |
| train/                |           |
|    entropy_loss       | -23.5     |
|    explained_variance | -1.19e-07 |
|    learning_rate      | 0.0007    |
|    n_updates          | 46499     |
|    policy_loss        | -1.86e+06 |
|    std                | 1.73      |
|    value_loss         | 8.28e+09  |
-------------------------------------
-------------------------------------
| rollout/              |           |
|    ep_len_mean        | 31.3      |
|    ep_rew_mean        | -5.47e+05 |
| time/                 |           |
|    fps                | 865       |
|    time_elapsed       | 1086      |
|    total_timesteps    | 940000    |
| train/                |           |
|    entropy_loss       | -23.5     |
|    explained_variance | 1.19e-07  |
|    learning_rate      | 0.0007    |
|    n_updates          | 46999     |
|    policy_loss        | -1.68e+06 |
|    std                | 1.73      |
|    value_loss         | 6.92e+09  |
-------------------------------------
-------------------------------------
| rollout/              |           |
|    ep_len_mean        | 33.2      |
|    ep_rew_mean        | -6.2e+05  |
| time/                 |           |
|    fps                | 865       |
|    time_elapsed       | 1097      |
|    total_timesteps    | 950000    |
| train/                |           |
|    entropy_loss       | -23.6     |
|    explained_variance | 2.38e-07  |
|    learning_rate      | 0.0007    |
|    n_updates          | 47499     |
|    policy_loss        | -2.12e+06 |
|    std                | 1.75      |
|    value_loss         | 9.13e+09  |
-------------------------------------
-------------------------------------
| rollout/              |           |
|    ep_len_mean        | 43.6      |
|    ep_rew_mean        | -8.24e+05 |
| time/                 |           |
|    fps                | 866       |
|    time_elapsed       | 1108      |
|    total_timesteps    | 960000    |
| train/                |           |
|    entropy_loss       | -23.7     |
|    explained_variance | 1.79e-07  |
|    learning_rate      | 0.0007    |
|    n_updates          | 47999     |
|    policy_loss        | -1.32e+06 |
|    std                | 1.76      |
|    value_loss         | 4.12e+09  |
-------------------------------------
-------------------------------------
| rollout/              |           |
|    ep_len_mean        | 41.7      |
|    ep_rew_mean        | -6.46e+05 |
| time/                 |           |
|    fps                | 866       |
|    time_elapsed       | 1119      |
|    total_timesteps    | 970000    |
| train/                |           |
|    entropy_loss       | -23.8     |
|    explained_variance | 5.96e-08  |
|    learning_rate      | 0.0007    |
|    n_updates          | 48499     |
|    policy_loss        | -1.24e+06 |
|    std                | 1.78      |
|    value_loss         | 3.38e+09  |
-------------------------------------
-------------------------------------
| rollout/              |           |
|    ep_len_mean        | 62.9      |
|    ep_rew_mean        | -9.52e+05 |
| time/                 |           |
|    fps                | 866       |
|    time_elapsed       | 1130      |
|    total_timesteps    | 980000    |
| train/                |           |
|    entropy_loss       | -23.9     |
|    explained_variance | 0         |
|    learning_rate      | 0.0007    |
|    n_updates          | 48999     |
|    policy_loss        | -1.25e+06 |
|    std                | 1.78      |
|    value_loss         | 3.67e+09  |
-------------------------------------
-------------------------------------
| rollout/              |           |
|    ep_len_mean        | 52.3      |
|    ep_rew_mean        | -7.83e+05 |
| time/                 |           |
|    fps                | 867       |
|    time_elapsed       | 1141      |
|    total_timesteps    | 990000    |
| train/                |           |
|    entropy_loss       | -23.9     |
|    explained_variance | 1.79e-07  |
|    learning_rate      | 0.0007    |
|    n_updates          | 49499     |
|    policy_loss        | -1.85e+06 |
|    std                | 1.78      |
|    value_loss         | 7.23e+09  |
-------------------------------------
-------------------------------------
| rollout/              |           |
|    ep_len_mean        | 60.1      |
|    ep_rew_mean        | -9.42e+05 |
| time/                 |           |
|    fps                | 867       |
|    time_elapsed       | 1152      |
|    total_timesteps    | 1000000   |
| train/                |           |
|    entropy_loss       | -24       |
|    explained_variance | 5.96e-08  |
|    learning_rate      | 0.0007    |
|    n_updates          | 49999     |
|    policy_loss        | -1.39e+06 |
|    std                | 1.81      |
|    value_loss         | 5.42e+09  |
-------------------------------------
Training ended on Tue Jan 27 23:52:22 2026
Training lasted 0:19:13.003411
