Logging to training_default_logs/4_robots/logs/A2C_set5
Using cpu device
Training started on Tue Jan 27 23:34:09 2026
Experiment configuration: {'algorithm': 'A2C', 'set': 5, 'verbose': 1, 'steps': 1000000, 'num_robots': 4, 'num_envs': 4, 'seed': 33, 'log_steps': 10000, 'resume': False, 'device': 'cpu'}
-------------------------------------
| rollout/              |           |
|    ep_len_mean        | 89.1      |
|    ep_rew_mean        | -1.44e+06 |
| time/                 |           |
|    fps                | 1495      |
|    time_elapsed       | 6         |
|    total_timesteps    | 10000     |
| train/                |           |
|    entropy_loss       | -17.1     |
|    explained_variance | 1.19e-07  |
|    learning_rate      | 0.0007    |
|    n_updates          | 499       |
|    policy_loss        | -9.21e+05 |
|    std                | 1.01      |
|    value_loss         | 3.83e+09  |
-------------------------------------
-------------------------------------
| rollout/              |           |
|    ep_len_mean        | 89.6      |
|    ep_rew_mean        | -1.52e+06 |
| time/                 |           |
|    fps                | 1486      |
|    time_elapsed       | 13        |
|    total_timesteps    | 20000     |
| train/                |           |
|    entropy_loss       | -17.2     |
|    explained_variance | 0         |
|    learning_rate      | 0.0007    |
|    n_updates          | 999       |
|    policy_loss        | -7.48e+05 |
|    std                | 1.02      |
|    value_loss         | 2.69e+09  |
-------------------------------------
-------------------------------------
| rollout/              |           |
|    ep_len_mean        | 50.8      |
|    ep_rew_mean        | -8.3e+05  |
| time/                 |           |
|    fps                | 1468      |
|    time_elapsed       | 20        |
|    total_timesteps    | 30000     |
| train/                |           |
|    entropy_loss       | -17.3     |
|    explained_variance | 0         |
|    learning_rate      | 0.0007    |
|    n_updates          | 1499      |
|    policy_loss        | -7.27e+05 |
|    std                | 1.02      |
|    value_loss         | 2.01e+09  |
-------------------------------------
-------------------------------------
| rollout/              |           |
|    ep_len_mean        | 65.4      |
|    ep_rew_mean        | -1e+06    |
| time/                 |           |
|    fps                | 1462      |
|    time_elapsed       | 27        |
|    total_timesteps    | 40000     |
| train/                |           |
|    entropy_loss       | -17.4     |
|    explained_variance | 0         |
|    learning_rate      | 0.0007    |
|    n_updates          | 1999      |
|    policy_loss        | -8.25e+05 |
|    std                | 1.03      |
|    value_loss         | 3.38e+09  |
-------------------------------------
-------------------------------------
| rollout/              |           |
|    ep_len_mean        | 64.2      |
|    ep_rew_mean        | -1.04e+06 |
| time/                 |           |
|    fps                | 1468      |
|    time_elapsed       | 34        |
|    total_timesteps    | 50000     |
| train/                |           |
|    entropy_loss       | -17.4     |
|    explained_variance | 0         |
|    learning_rate      | 0.0007    |
|    n_updates          | 2499      |
|    policy_loss        | -7.55e+05 |
|    std                | 1.03      |
|    value_loss         | 2.64e+09  |
-------------------------------------
-------------------------------------
| rollout/              |           |
|    ep_len_mean        | 54.1      |
|    ep_rew_mean        | -8.18e+05 |
| time/                 |           |
|    fps                | 1464      |
|    time_elapsed       | 40        |
|    total_timesteps    | 60000     |
| train/                |           |
|    entropy_loss       | -17.6     |
|    explained_variance | 5.96e-08  |
|    learning_rate      | 0.0007    |
|    n_updates          | 2999      |
|    policy_loss        | -8.03e+05 |
|    std                | 1.05      |
|    value_loss         | 3.62e+09  |
-------------------------------------
-------------------------------------
| rollout/              |           |
|    ep_len_mean        | 71.6      |
|    ep_rew_mean        | -1.03e+06 |
| time/                 |           |
|    fps                | 1465      |
|    time_elapsed       | 47        |
|    total_timesteps    | 70000     |
| train/                |           |
|    entropy_loss       | -17.6     |
|    explained_variance | -1.19e-07 |
|    learning_rate      | 0.0007    |
|    n_updates          | 3499      |
|    policy_loss        | -5.95e+05 |
|    std                | 1.05      |
|    value_loss         | 1.44e+09  |
-------------------------------------
-------------------------------------
| rollout/              |           |
|    ep_len_mean        | 60        |
|    ep_rew_mean        | -9.17e+05 |
| time/                 |           |
|    fps                | 1461      |
|    time_elapsed       | 54        |
|    total_timesteps    | 80000     |
| train/                |           |
|    entropy_loss       | -17.7     |
|    explained_variance | 0         |
|    learning_rate      | 0.0007    |
|    n_updates          | 3999      |
|    policy_loss        | -9.71e+05 |
|    std                | 1.06      |
|    value_loss         | 5.1e+09   |
-------------------------------------
-------------------------------------
| rollout/              |           |
|    ep_len_mean        | 63        |
|    ep_rew_mean        | -1.02e+06 |
| time/                 |           |
|    fps                | 1460      |
|    time_elapsed       | 61        |
|    total_timesteps    | 90000     |
| train/                |           |
|    entropy_loss       | -17.7     |
|    explained_variance | 5.96e-08  |
|    learning_rate      | 0.0007    |
|    n_updates          | 4499      |
|    policy_loss        | -8.87e+05 |
|    std                | 1.06      |
|    value_loss         | 2.7e+09   |
-------------------------------------
-------------------------------------
| rollout/              |           |
|    ep_len_mean        | 55        |
|    ep_rew_mean        | -8.92e+05 |
| time/                 |           |
|    fps                | 1462      |
|    time_elapsed       | 68        |
|    total_timesteps    | 100000    |
| train/                |           |
|    entropy_loss       | -17.7     |
|    explained_variance | 5.96e-08  |
|    learning_rate      | 0.0007    |
|    n_updates          | 4999      |
|    policy_loss        | -9.26e+05 |
|    std                | 1.06      |
|    value_loss         | 4.48e+09  |
-------------------------------------
-------------------------------------
| rollout/              |           |
|    ep_len_mean        | 73.9      |
|    ep_rew_mean        | -1.15e+06 |
| time/                 |           |
|    fps                | 1463      |
|    time_elapsed       | 75        |
|    total_timesteps    | 110000    |
| train/                |           |
|    entropy_loss       | -17.8     |
|    explained_variance | -1.19e-07 |
|    learning_rate      | 0.0007    |
|    n_updates          | 5499      |
|    policy_loss        | -7.41e+05 |
|    std                | 1.07      |
|    value_loss         | 2.78e+09  |
-------------------------------------
-------------------------------------
| rollout/              |           |
|    ep_len_mean        | 64.3      |
|    ep_rew_mean        | -9.25e+05 |
| time/                 |           |
|    fps                | 1461      |
|    time_elapsed       | 82        |
|    total_timesteps    | 120000    |
| train/                |           |
|    entropy_loss       | -17.9     |
|    explained_variance | 0         |
|    learning_rate      | 0.0007    |
|    n_updates          | 5999      |
|    policy_loss        | -8.28e+05 |
|    std                | 1.08      |
|    value_loss         | 2.8e+09   |
-------------------------------------
-------------------------------------
| rollout/              |           |
|    ep_len_mean        | 44.9      |
|    ep_rew_mean        | -6.35e+05 |
| time/                 |           |
|    fps                | 1457      |
|    time_elapsed       | 89        |
|    total_timesteps    | 130000    |
| train/                |           |
|    entropy_loss       | -18.1     |
|    explained_variance | 0         |
|    learning_rate      | 0.0007    |
|    n_updates          | 6499      |
|    policy_loss        | -8.77e+05 |
|    std                | 1.09      |
|    value_loss         | 3.36e+09  |
-------------------------------------
-------------------------------------
| rollout/              |           |
|    ep_len_mean        | 68.3      |
|    ep_rew_mean        | -9.9e+05  |
| time/                 |           |
|    fps                | 1453      |
|    time_elapsed       | 96        |
|    total_timesteps    | 140000    |
| train/                |           |
|    entropy_loss       | -18.2     |
|    explained_variance | -1.19e-07 |
|    learning_rate      | 0.0007    |
|    n_updates          | 6999      |
|    policy_loss        | -9.65e+05 |
|    std                | 1.1       |
|    value_loss         | 4.25e+09  |
-------------------------------------
-------------------------------------
| rollout/              |           |
|    ep_len_mean        | 75.6      |
|    ep_rew_mean        | -1.1e+06  |
| time/                 |           |
|    fps                | 1450      |
|    time_elapsed       | 103       |
|    total_timesteps    | 150000    |
| train/                |           |
|    entropy_loss       | -18.3     |
|    explained_variance | 5.96e-08  |
|    learning_rate      | 0.0007    |
|    n_updates          | 7499      |
|    policy_loss        | -6.99e+05 |
|    std                | 1.11      |
|    value_loss         | 1.91e+09  |
-------------------------------------
-------------------------------------
| rollout/              |           |
|    ep_len_mean        | 63.8      |
|    ep_rew_mean        | -9.29e+05 |
| time/                 |           |
|    fps                | 1448      |
|    time_elapsed       | 110       |
|    total_timesteps    | 160000    |
| train/                |           |
|    entropy_loss       | -18.3     |
|    explained_variance | 0         |
|    learning_rate      | 0.0007    |
|    n_updates          | 7999      |
|    policy_loss        | -8.77e+05 |
|    std                | 1.11      |
|    value_loss         | 3.48e+09  |
-------------------------------------
-------------------------------------
| rollout/              |           |
|    ep_len_mean        | 69.5      |
|    ep_rew_mean        | -1.1e+06  |
| time/                 |           |
|    fps                | 1447      |
|    time_elapsed       | 117       |
|    total_timesteps    | 170000    |
| train/                |           |
|    entropy_loss       | -18.4     |
|    explained_variance | 0         |
|    learning_rate      | 0.0007    |
|    n_updates          | 8499      |
|    policy_loss        | -8.48e+05 |
|    std                | 1.12      |
|    value_loss         | 2.56e+09  |
-------------------------------------
-------------------------------------
| rollout/              |           |
|    ep_len_mean        | 90.7      |
|    ep_rew_mean        | -1.45e+06 |
| time/                 |           |
|    fps                | 1446      |
|    time_elapsed       | 124       |
|    total_timesteps    | 180000    |
| train/                |           |
|    entropy_loss       | -18.4     |
|    explained_variance | 0         |
|    learning_rate      | 0.0007    |
|    n_updates          | 8999      |
|    policy_loss        | -8.64e+05 |
|    std                | 1.12      |
|    value_loss         | 2.48e+09  |
-------------------------------------
-------------------------------------
| rollout/              |           |
|    ep_len_mean        | 71.1      |
|    ep_rew_mean        | -1.05e+06 |
| time/                 |           |
|    fps                | 1447      |
|    time_elapsed       | 131       |
|    total_timesteps    | 190000    |
| train/                |           |
|    entropy_loss       | -18.4     |
|    explained_variance | 1.19e-07  |
|    learning_rate      | 0.0007    |
|    n_updates          | 9499      |
|    policy_loss        | -9.91e+05 |
|    std                | 1.12      |
|    value_loss         | 4.11e+09  |
-------------------------------------
-------------------------------------
| rollout/              |           |
|    ep_len_mean        | 58.2      |
|    ep_rew_mean        | -8.5e+05  |
| time/                 |           |
|    fps                | 1447      |
|    time_elapsed       | 138       |
|    total_timesteps    | 200000    |
| train/                |           |
|    entropy_loss       | -18.4     |
|    explained_variance | 0         |
|    learning_rate      | 0.0007    |
|    n_updates          | 9999      |
|    policy_loss        | -8.93e+05 |
|    std                | 1.13      |
|    value_loss         | 3.43e+09  |
-------------------------------------
-------------------------------------
| rollout/              |           |
|    ep_len_mean        | 62.3      |
|    ep_rew_mean        | -9.54e+05 |
| time/                 |           |
|    fps                | 1448      |
|    time_elapsed       | 144       |
|    total_timesteps    | 210000    |
| train/                |           |
|    entropy_loss       | -18.5     |
|    explained_variance | 1.19e-07  |
|    learning_rate      | 0.0007    |
|    n_updates          | 10499     |
|    policy_loss        | -5.79e+05 |
|    std                | 1.13      |
|    value_loss         | 1.1e+09   |
-------------------------------------
-------------------------------------
| rollout/              |           |
|    ep_len_mean        | 67.2      |
|    ep_rew_mean        | -1.2e+06  |
| time/                 |           |
|    fps                | 1444      |
|    time_elapsed       | 152       |
|    total_timesteps    | 220000    |
| train/                |           |
|    entropy_loss       | -18.5     |
|    explained_variance | 5.96e-08  |
|    learning_rate      | 0.0007    |
|    n_updates          | 10999     |
|    policy_loss        | -1.16e+06 |
|    std                | 1.14      |
|    value_loss         | 5.17e+09  |
-------------------------------------
-------------------------------------
| rollout/              |           |
|    ep_len_mean        | 94.3      |
|    ep_rew_mean        | -1.82e+06 |
| time/                 |           |
|    fps                | 1444      |
|    time_elapsed       | 159       |
|    total_timesteps    | 230000    |
| train/                |           |
|    entropy_loss       | -18.6     |
|    explained_variance | 0         |
|    learning_rate      | 0.0007    |
|    n_updates          | 11499     |
|    policy_loss        | -7.95e+05 |
|    std                | 1.14      |
|    value_loss         | 2.24e+09  |
-------------------------------------
-------------------------------------
| rollout/              |           |
|    ep_len_mean        | 57.6      |
|    ep_rew_mean        | -8.52e+05 |
| time/                 |           |
|    fps                | 1443      |
|    time_elapsed       | 166       |
|    total_timesteps    | 240000    |
| train/                |           |
|    entropy_loss       | -18.7     |
|    explained_variance | 0         |
|    learning_rate      | 0.0007    |
|    n_updates          | 11999     |
|    policy_loss        | -7.55e+05 |
|    std                | 1.15      |
|    value_loss         | 2.34e+09  |
-------------------------------------
-------------------------------------
| rollout/              |           |
|    ep_len_mean        | 84.1      |
|    ep_rew_mean        | -1.19e+06 |
| time/                 |           |
|    fps                | 1442      |
|    time_elapsed       | 173       |
|    total_timesteps    | 250000    |
| train/                |           |
|    entropy_loss       | -18.8     |
|    explained_variance | 0         |
|    learning_rate      | 0.0007    |
|    n_updates          | 12499     |
|    policy_loss        | -6.63e+05 |
|    std                | 1.16      |
|    value_loss         | 1.6e+09   |
-------------------------------------
-------------------------------------
| rollout/              |           |
|    ep_len_mean        | 48.7      |
|    ep_rew_mean        | -7e+05    |
| time/                 |           |
|    fps                | 1442      |
|    time_elapsed       | 180       |
|    total_timesteps    | 260000    |
| train/                |           |
|    entropy_loss       | -18.9     |
|    explained_variance | 0         |
|    learning_rate      | 0.0007    |
|    n_updates          | 12999     |
|    policy_loss        | -5.75e+05 |
|    std                | 1.17      |
|    value_loss         | 1.27e+09  |
-------------------------------------
-------------------------------------
| rollout/              |           |
|    ep_len_mean        | 52.9      |
|    ep_rew_mean        | -7.23e+05 |
| time/                 |           |
|    fps                | 1440      |
|    time_elapsed       | 187       |
|    total_timesteps    | 270000    |
| train/                |           |
|    entropy_loss       | -18.9     |
|    explained_variance | 0         |
|    learning_rate      | 0.0007    |
|    n_updates          | 13499     |
|    policy_loss        | -9.16e+05 |
|    std                | 1.17      |
|    value_loss         | 4.05e+09  |
-------------------------------------
-------------------------------------
| rollout/              |           |
|    ep_len_mean        | 78.3      |
|    ep_rew_mean        | -1.18e+06 |
| time/                 |           |
|    fps                | 1439      |
|    time_elapsed       | 194       |
|    total_timesteps    | 280000    |
| train/                |           |
|    entropy_loss       | -19       |
|    explained_variance | -2.38e-07 |
|    learning_rate      | 0.0007    |
|    n_updates          | 13999     |
|    policy_loss        | -6.25e+05 |
|    std                | 1.18      |
|    value_loss         | 1.42e+09  |
-------------------------------------
-------------------------------------
| rollout/              |           |
|    ep_len_mean        | 50.8      |
|    ep_rew_mean        | -7.34e+05 |
| time/                 |           |
|    fps                | 1437      |
|    time_elapsed       | 201       |
|    total_timesteps    | 290000    |
| train/                |           |
|    entropy_loss       | -19.1     |
|    explained_variance | -1.19e-07 |
|    learning_rate      | 0.0007    |
|    n_updates          | 14499     |
|    policy_loss        | -7.25e+05 |
|    std                | 1.19      |
|    value_loss         | 1.81e+09  |
-------------------------------------
-------------------------------------
| rollout/              |           |
|    ep_len_mean        | 82.8      |
|    ep_rew_mean        | -1.23e+06 |
| time/                 |           |
|    fps                | 1435      |
|    time_elapsed       | 208       |
|    total_timesteps    | 300000    |
| train/                |           |
|    entropy_loss       | -19.1     |
|    explained_variance | 5.96e-08  |
|    learning_rate      | 0.0007    |
|    n_updates          | 14999     |
|    policy_loss        | -7.6e+05  |
|    std                | 1.19      |
|    value_loss         | 2.14e+09  |
-------------------------------------
-------------------------------------
| rollout/              |           |
|    ep_len_mean        | 72.8      |
|    ep_rew_mean        | -1.13e+06 |
| time/                 |           |
|    fps                | 1435      |
|    time_elapsed       | 215       |
|    total_timesteps    | 310000    |
| train/                |           |
|    entropy_loss       | -19.2     |
|    explained_variance | 0         |
|    learning_rate      | 0.0007    |
|    n_updates          | 15499     |
|    policy_loss        | -9.03e+05 |
|    std                | 1.2       |
|    value_loss         | 3.31e+09  |
-------------------------------------
-------------------------------------
| rollout/              |           |
|    ep_len_mean        | 68.5      |
|    ep_rew_mean        | -1.08e+06 |
| time/                 |           |
|    fps                | 1434      |
|    time_elapsed       | 223       |
|    total_timesteps    | 320000    |
| train/                |           |
|    entropy_loss       | -19.3     |
|    explained_variance | 0         |
|    learning_rate      | 0.0007    |
|    n_updates          | 15999     |
|    policy_loss        | -7.91e+05 |
|    std                | 1.21      |
|    value_loss         | 2.09e+09  |
-------------------------------------
-------------------------------------
| rollout/              |           |
|    ep_len_mean        | 36.5      |
|    ep_rew_mean        | -5.65e+05 |
| time/                 |           |
|    fps                | 1433      |
|    time_elapsed       | 230       |
|    total_timesteps    | 330000    |
| train/                |           |
|    entropy_loss       | -19.4     |
|    explained_variance | 0         |
|    learning_rate      | 0.0007    |
|    n_updates          | 16499     |
|    policy_loss        | -6.75e+05 |
|    std                | 1.22      |
|    value_loss         | 1.77e+09  |
-------------------------------------
-------------------------------------
| rollout/              |           |
|    ep_len_mean        | 60.5      |
|    ep_rew_mean        | -1.12e+06 |
| time/                 |           |
|    fps                | 1432      |
|    time_elapsed       | 237       |
|    total_timesteps    | 340000    |
| train/                |           |
|    entropy_loss       | -19.5     |
|    explained_variance | -1.19e-07 |
|    learning_rate      | 0.0007    |
|    n_updates          | 16999     |
|    policy_loss        | -8.07e+05 |
|    std                | 1.24      |
|    value_loss         | 2.3e+09   |
-------------------------------------
-------------------------------------
| rollout/              |           |
|    ep_len_mean        | 96.8      |
|    ep_rew_mean        | -1.55e+06 |
| time/                 |           |
|    fps                | 1433      |
|    time_elapsed       | 244       |
|    total_timesteps    | 350000    |
| train/                |           |
|    entropy_loss       | -19.7     |
|    explained_variance | -1.19e-07 |
|    learning_rate      | 0.0007    |
|    n_updates          | 17499     |
|    policy_loss        | -8.8e+05  |
|    std                | 1.25      |
|    value_loss         | 2.9e+09   |
-------------------------------------
-------------------------------------
| rollout/              |           |
|    ep_len_mean        | 61.3      |
|    ep_rew_mean        | -9.59e+05 |
| time/                 |           |
|    fps                | 1433      |
|    time_elapsed       | 251       |
|    total_timesteps    | 360000    |
| train/                |           |
|    entropy_loss       | -19.8     |
|    explained_variance | -1.19e-07 |
|    learning_rate      | 0.0007    |
|    n_updates          | 17999     |
|    policy_loss        | -1.27e+06 |
|    std                | 1.26      |
|    value_loss         | 4.7e+09   |
-------------------------------------
-------------------------------------
| rollout/              |           |
|    ep_len_mean        | 50.6      |
|    ep_rew_mean        | -8.08e+05 |
| time/                 |           |
|    fps                | 1432      |
|    time_elapsed       | 258       |
|    total_timesteps    | 370000    |
| train/                |           |
|    entropy_loss       | -19.8     |
|    explained_variance | 0         |
|    learning_rate      | 0.0007    |
|    n_updates          | 18499     |
|    policy_loss        | -1.17e+06 |
|    std                | 1.26      |
|    value_loss         | 4.83e+09  |
-------------------------------------
-------------------------------------
| rollout/              |           |
|    ep_len_mean        | 55.5      |
|    ep_rew_mean        | -7.89e+05 |
| time/                 |           |
|    fps                | 1432      |
|    time_elapsed       | 265       |
|    total_timesteps    | 380000    |
| train/                |           |
|    entropy_loss       | -19.9     |
|    explained_variance | 0         |
|    learning_rate      | 0.0007    |
|    n_updates          | 18999     |
|    policy_loss        | -1.54e+06 |
|    std                | 1.28      |
|    value_loss         | 7.55e+09  |
-------------------------------------
-------------------------------------
| rollout/              |           |
|    ep_len_mean        | 40.5      |
|    ep_rew_mean        | -5.59e+05 |
| time/                 |           |
|    fps                | 1432      |
|    time_elapsed       | 272       |
|    total_timesteps    | 390000    |
| train/                |           |
|    entropy_loss       | -19.9     |
|    explained_variance | -1.19e-07 |
|    learning_rate      | 0.0007    |
|    n_updates          | 19499     |
|    policy_loss        | -8.09e+05 |
|    std                | 1.27      |
|    value_loss         | 2.1e+09   |
-------------------------------------
-------------------------------------
| rollout/              |           |
|    ep_len_mean        | 50.1      |
|    ep_rew_mean        | -7.32e+05 |
| time/                 |           |
|    fps                | 1432      |
|    time_elapsed       | 279       |
|    total_timesteps    | 400000    |
| train/                |           |
|    entropy_loss       | -20       |
|    explained_variance | -2.38e-07 |
|    learning_rate      | 0.0007    |
|    n_updates          | 19999     |
|    policy_loss        | -6.91e+05 |
|    std                | 1.28      |
|    value_loss         | 1.51e+09  |
-------------------------------------
-------------------------------------
| rollout/              |           |
|    ep_len_mean        | 26.6      |
|    ep_rew_mean        | -4.92e+05 |
| time/                 |           |
|    fps                | 1433      |
|    time_elapsed       | 285       |
|    total_timesteps    | 410000    |
| train/                |           |
|    entropy_loss       | -20.1     |
|    explained_variance | 0         |
|    learning_rate      | 0.0007    |
|    n_updates          | 20499     |
|    policy_loss        | -7.84e+05 |
|    std                | 1.3       |
|    value_loss         | 2.33e+09  |
-------------------------------------
-------------------------------------
| rollout/              |           |
|    ep_len_mean        | 37.2      |
|    ep_rew_mean        | -6.25e+05 |
| time/                 |           |
|    fps                | 1434      |
|    time_elapsed       | 292       |
|    total_timesteps    | 420000    |
| train/                |           |
|    entropy_loss       | -20.2     |
|    explained_variance | 1.19e-07  |
|    learning_rate      | 0.0007    |
|    n_updates          | 20999     |
|    policy_loss        | -1.34e+06 |
|    std                | 1.3       |
|    value_loss         | 6.32e+09  |
-------------------------------------
-------------------------------------
| rollout/              |           |
|    ep_len_mean        | 39.8      |
|    ep_rew_mean        | -6.18e+05 |
| time/                 |           |
|    fps                | 1435      |
|    time_elapsed       | 299       |
|    total_timesteps    | 430000    |
| train/                |           |
|    entropy_loss       | -20.2     |
|    explained_variance | -1.19e-07 |
|    learning_rate      | 0.0007    |
|    n_updates          | 21499     |
|    policy_loss        | -8.26e+05 |
|    std                | 1.3       |
|    value_loss         | 2.19e+09  |
-------------------------------------
-------------------------------------
| rollout/              |           |
|    ep_len_mean        | 69.3      |
|    ep_rew_mean        | -1.02e+06 |
| time/                 |           |
|    fps                | 1435      |
|    time_elapsed       | 306       |
|    total_timesteps    | 440000    |
| train/                |           |
|    entropy_loss       | -20.2     |
|    explained_variance | 0         |
|    learning_rate      | 0.0007    |
|    n_updates          | 21999     |
|    policy_loss        | -8.15e+05 |
|    std                | 1.3       |
|    value_loss         | 2.13e+09  |
-------------------------------------
-------------------------------------
| rollout/              |           |
|    ep_len_mean        | 68.4      |
|    ep_rew_mean        | -1.05e+06 |
| time/                 |           |
|    fps                | 1436      |
|    time_elapsed       | 313       |
|    total_timesteps    | 450000    |
| train/                |           |
|    entropy_loss       | -20.2     |
|    explained_variance | -1.19e-07 |
|    learning_rate      | 0.0007    |
|    n_updates          | 22499     |
|    policy_loss        | -1.05e+06 |
|    std                | 1.31      |
|    value_loss         | 3.27e+09  |
-------------------------------------
-------------------------------------
| rollout/              |           |
|    ep_len_mean        | 68.3      |
|    ep_rew_mean        | -9.81e+05 |
| time/                 |           |
|    fps                | 1437      |
|    time_elapsed       | 320       |
|    total_timesteps    | 460000    |
| train/                |           |
|    entropy_loss       | -20.2     |
|    explained_variance | -1.19e-07 |
|    learning_rate      | 0.0007    |
|    n_updates          | 22999     |
|    policy_loss        | -9.1e+05  |
|    std                | 1.31      |
|    value_loss         | 2.57e+09  |
-------------------------------------
-------------------------------------
| rollout/              |           |
|    ep_len_mean        | 66.6      |
|    ep_rew_mean        | -9.37e+05 |
| time/                 |           |
|    fps                | 1436      |
|    time_elapsed       | 327       |
|    total_timesteps    | 470000    |
| train/                |           |
|    entropy_loss       | -20.3     |
|    explained_variance | 5.96e-08  |
|    learning_rate      | 0.0007    |
|    n_updates          | 23499     |
|    policy_loss        | -9.92e+05 |
|    std                | 1.31      |
|    value_loss         | 2.93e+09  |
-------------------------------------
-------------------------------------
| rollout/              |           |
|    ep_len_mean        | 57        |
|    ep_rew_mean        | -7.98e+05 |
| time/                 |           |
|    fps                | 1437      |
|    time_elapsed       | 333       |
|    total_timesteps    | 480000    |
| train/                |           |
|    entropy_loss       | -20.5     |
|    explained_variance | 1.79e-07  |
|    learning_rate      | 0.0007    |
|    n_updates          | 23999     |
|    policy_loss        | -8.25e+05 |
|    std                | 1.34      |
|    value_loss         | 2.18e+09  |
-------------------------------------
-------------------------------------
| rollout/              |           |
|    ep_len_mean        | 41.2      |
|    ep_rew_mean        | -6.71e+05 |
| time/                 |           |
|    fps                | 1437      |
|    time_elapsed       | 340       |
|    total_timesteps    | 490000    |
| train/                |           |
|    entropy_loss       | -20.6     |
|    explained_variance | -1.19e-07 |
|    learning_rate      | 0.0007    |
|    n_updates          | 24499     |
|    policy_loss        | -9.4e+05  |
|    std                | 1.34      |
|    value_loss         | 3.49e+09  |
-------------------------------------
-------------------------------------
| rollout/              |           |
|    ep_len_mean        | 68.8      |
|    ep_rew_mean        | -1e+06    |
| time/                 |           |
|    fps                | 1438      |
|    time_elapsed       | 347       |
|    total_timesteps    | 500000    |
| train/                |           |
|    entropy_loss       | -20.7     |
|    explained_variance | 0         |
|    learning_rate      | 0.0007    |
|    n_updates          | 24999     |
|    policy_loss        | -1.09e+06 |
|    std                | 1.36      |
|    value_loss         | 3.81e+09  |
-------------------------------------
-------------------------------------
| rollout/              |           |
|    ep_len_mean        | 48.5      |
|    ep_rew_mean        | -7e+05    |
| time/                 |           |
|    fps                | 1410      |
|    time_elapsed       | 361       |
|    total_timesteps    | 510000    |
| train/                |           |
|    entropy_loss       | -20.7     |
|    explained_variance | 0         |
|    learning_rate      | 0.0007    |
|    n_updates          | 25499     |
|    policy_loss        | -1.66e+06 |
|    std                | 1.36      |
|    value_loss         | 9.04e+09  |
-------------------------------------
-------------------------------------
| rollout/              |           |
|    ep_len_mean        | 101       |
|    ep_rew_mean        | -1.67e+06 |
| time/                 |           |
|    fps                | 1408      |
|    time_elapsed       | 369       |
|    total_timesteps    | 520000    |
| train/                |           |
|    entropy_loss       | -20.7     |
|    explained_variance | 1.79e-07  |
|    learning_rate      | 0.0007    |
|    n_updates          | 25999     |
|    policy_loss        | -9.67e+05 |
|    std                | 1.36      |
|    value_loss         | 2.9e+09   |
-------------------------------------
-------------------------------------
| rollout/              |           |
|    ep_len_mean        | 67.6      |
|    ep_rew_mean        | -9.95e+05 |
| time/                 |           |
|    fps                | 1409      |
|    time_elapsed       | 375       |
|    total_timesteps    | 530000    |
| train/                |           |
|    entropy_loss       | -20.8     |
|    explained_variance | -1.19e-07 |
|    learning_rate      | 0.0007    |
|    n_updates          | 26499     |
|    policy_loss        | -8.29e+05 |
|    std                | 1.37      |
|    value_loss         | 2.21e+09  |
-------------------------------------
-------------------------------------
| rollout/              |           |
|    ep_len_mean        | 75.6      |
|    ep_rew_mean        | -1.07e+06 |
| time/                 |           |
|    fps                | 1410      |
|    time_elapsed       | 382       |
|    total_timesteps    | 540000    |
| train/                |           |
|    entropy_loss       | -20.8     |
|    explained_variance | 0         |
|    learning_rate      | 0.0007    |
|    n_updates          | 26999     |
|    policy_loss        | -7.7e+05  |
|    std                | 1.37      |
|    value_loss         | 1.84e+09  |
-------------------------------------
-------------------------------------
| rollout/              |           |
|    ep_len_mean        | 59.5      |
|    ep_rew_mean        | -8.28e+05 |
| time/                 |           |
|    fps                | 1411      |
|    time_elapsed       | 389       |
|    total_timesteps    | 550000    |
| train/                |           |
|    entropy_loss       | -20.8     |
|    explained_variance | 0         |
|    learning_rate      | 0.0007    |
|    n_updates          | 27499     |
|    policy_loss        | -8.04e+05 |
|    std                | 1.38      |
|    value_loss         | 2.33e+09  |
-------------------------------------
-------------------------------------
| rollout/              |           |
|    ep_len_mean        | 74        |
|    ep_rew_mean        | -1.03e+06 |
| time/                 |           |
|    fps                | 1412      |
|    time_elapsed       | 396       |
|    total_timesteps    | 560000    |
| train/                |           |
|    entropy_loss       | -21       |
|    explained_variance | 0         |
|    learning_rate      | 0.0007    |
|    n_updates          | 27999     |
|    policy_loss        | -1.11e+06 |
|    std                | 1.4       |
|    value_loss         | 4.43e+09  |
-------------------------------------
-------------------------------------
| rollout/              |           |
|    ep_len_mean        | 58.1      |
|    ep_rew_mean        | -8.38e+05 |
| time/                 |           |
|    fps                | 1413      |
|    time_elapsed       | 403       |
|    total_timesteps    | 570000    |
| train/                |           |
|    entropy_loss       | -21.1     |
|    explained_variance | 0         |
|    learning_rate      | 0.0007    |
|    n_updates          | 28499     |
|    policy_loss        | -1.22e+06 |
|    std                | 1.4       |
|    value_loss         | 4.53e+09  |
-------------------------------------
-------------------------------------
| rollout/              |           |
|    ep_len_mean        | 56.8      |
|    ep_rew_mean        | -7.99e+05 |
| time/                 |           |
|    fps                | 1414      |
|    time_elapsed       | 410       |
|    total_timesteps    | 580000    |
| train/                |           |
|    entropy_loss       | -21       |
|    explained_variance | 0         |
|    learning_rate      | 0.0007    |
|    n_updates          | 28999     |
|    policy_loss        | -1.24e+06 |
|    std                | 1.4       |
|    value_loss         | 5.23e+09  |
-------------------------------------
-------------------------------------
| rollout/              |           |
|    ep_len_mean        | 64.9      |
|    ep_rew_mean        | -9.47e+05 |
| time/                 |           |
|    fps                | 1415      |
|    time_elapsed       | 416       |
|    total_timesteps    | 590000    |
| train/                |           |
|    entropy_loss       | -21.1     |
|    explained_variance | -1.19e-07 |
|    learning_rate      | 0.0007    |
|    n_updates          | 29499     |
|    policy_loss        | -7.27e+05 |
|    std                | 1.41      |
|    value_loss         | 1.6e+09   |
-------------------------------------
-------------------------------------
| rollout/              |           |
|    ep_len_mean        | 54.6      |
|    ep_rew_mean        | -7.82e+05 |
| time/                 |           |
|    fps                | 1415      |
|    time_elapsed       | 423       |
|    total_timesteps    | 600000    |
| train/                |           |
|    entropy_loss       | -21.1     |
|    explained_variance | -1.19e-07 |
|    learning_rate      | 0.0007    |
|    n_updates          | 29999     |
|    policy_loss        | -1.03e+06 |
|    std                | 1.41      |
|    value_loss         | 2.91e+09  |
-------------------------------------
-------------------------------------
| rollout/              |           |
|    ep_len_mean        | 69.4      |
|    ep_rew_mean        | -9.75e+05 |
| time/                 |           |
|    fps                | 1416      |
|    time_elapsed       | 430       |
|    total_timesteps    | 610000    |
| train/                |           |
|    entropy_loss       | -21.1     |
|    explained_variance | 0         |
|    learning_rate      | 0.0007    |
|    n_updates          | 30499     |
|    policy_loss        | -1.13e+06 |
|    std                | 1.41      |
|    value_loss         | 3.08e+09  |
-------------------------------------
-------------------------------------
| rollout/              |           |
|    ep_len_mean        | 84.3      |
|    ep_rew_mean        | -1.47e+06 |
| time/                 |           |
|    fps                | 1418      |
|    time_elapsed       | 437       |
|    total_timesteps    | 620000    |
| train/                |           |
|    entropy_loss       | -21.2     |
|    explained_variance | 1.19e-07  |
|    learning_rate      | 0.0007    |
|    n_updates          | 30999     |
|    policy_loss        | -9.88e+05 |
|    std                | 1.42      |
|    value_loss         | 2.67e+09  |
-------------------------------------
-------------------------------------
| rollout/              |           |
|    ep_len_mean        | 55        |
|    ep_rew_mean        | -7.88e+05 |
| time/                 |           |
|    fps                | 1420      |
|    time_elapsed       | 443       |
|    total_timesteps    | 630000    |
| train/                |           |
|    entropy_loss       | -21.2     |
|    explained_variance | 1.19e-07  |
|    learning_rate      | 0.0007    |
|    n_updates          | 31499     |
|    policy_loss        | -9.59e+05 |
|    std                | 1.43      |
|    value_loss         | 3.51e+09  |
-------------------------------------
-------------------------------------
| rollout/              |           |
|    ep_len_mean        | 65.5      |
|    ep_rew_mean        | -1.05e+06 |
| time/                 |           |
|    fps                | 1422      |
|    time_elapsed       | 449       |
|    total_timesteps    | 640000    |
| train/                |           |
|    entropy_loss       | -21.4     |
|    explained_variance | 0         |
|    learning_rate      | 0.0007    |
|    n_updates          | 31999     |
|    policy_loss        | -1.84e+06 |
|    std                | 1.44      |
|    value_loss         | 9.7e+09   |
-------------------------------------
-------------------------------------
| rollout/              |           |
|    ep_len_mean        | 46.3      |
|    ep_rew_mean        | -6.99e+05 |
| time/                 |           |
|    fps                | 1424      |
|    time_elapsed       | 456       |
|    total_timesteps    | 650000    |
| train/                |           |
|    entropy_loss       | -21.5     |
|    explained_variance | 0         |
|    learning_rate      | 0.0007    |
|    n_updates          | 32499     |
|    policy_loss        | -7.49e+05 |
|    std                | 1.45      |
|    value_loss         | 1.63e+09  |
-------------------------------------
-------------------------------------
| rollout/              |           |
|    ep_len_mean        | 57.6      |
|    ep_rew_mean        | -8.65e+05 |
| time/                 |           |
|    fps                | 1425      |
|    time_elapsed       | 462       |
|    total_timesteps    | 660000    |
| train/                |           |
|    entropy_loss       | -21.7     |
|    explained_variance | 5.96e-08  |
|    learning_rate      | 0.0007    |
|    n_updates          | 32999     |
|    policy_loss        | -1.03e+06 |
|    std                | 1.48      |
|    value_loss         | 3.47e+09  |
-------------------------------------
-------------------------------------
| rollout/              |           |
|    ep_len_mean        | 54.5      |
|    ep_rew_mean        | -8.19e+05 |
| time/                 |           |
|    fps                | 1427      |
|    time_elapsed       | 469       |
|    total_timesteps    | 670000    |
| train/                |           |
|    entropy_loss       | -21.7     |
|    explained_variance | 0         |
|    learning_rate      | 0.0007    |
|    n_updates          | 33499     |
|    policy_loss        | -7.88e+05 |
|    std                | 1.48      |
|    value_loss         | 2.15e+09  |
-------------------------------------
-------------------------------------
| rollout/              |           |
|    ep_len_mean        | 60.7      |
|    ep_rew_mean        | -8.8e+05  |
| time/                 |           |
|    fps                | 1428      |
|    time_elapsed       | 475       |
|    total_timesteps    | 680000    |
| train/                |           |
|    entropy_loss       | -21.8     |
|    explained_variance | 0         |
|    learning_rate      | 0.0007    |
|    n_updates          | 33999     |
|    policy_loss        | -1.17e+06 |
|    std                | 1.49      |
|    value_loss         | 3.76e+09  |
-------------------------------------
-------------------------------------
| rollout/              |           |
|    ep_len_mean        | 56.3      |
|    ep_rew_mean        | -8.45e+05 |
| time/                 |           |
|    fps                | 1430      |
|    time_elapsed       | 482       |
|    total_timesteps    | 690000    |
| train/                |           |
|    entropy_loss       | -21.9     |
|    explained_variance | 5.96e-08  |
|    learning_rate      | 0.0007    |
|    n_updates          | 34499     |
|    policy_loss        | -9.09e+05 |
|    std                | 1.51      |
|    value_loss         | 2.22e+09  |
-------------------------------------
-------------------------------------
| rollout/              |           |
|    ep_len_mean        | 81.3      |
|    ep_rew_mean        | -1.25e+06 |
| time/                 |           |
|    fps                | 1431      |
|    time_elapsed       | 489       |
|    total_timesteps    | 700000    |
| train/                |           |
|    entropy_loss       | -22       |
|    explained_variance | 5.96e-08  |
|    learning_rate      | 0.0007    |
|    n_updates          | 34999     |
|    policy_loss        | -1.14e+06 |
|    std                | 1.52      |
|    value_loss         | 3.27e+09  |
-------------------------------------
-------------------------------------
| rollout/              |           |
|    ep_len_mean        | 61.2      |
|    ep_rew_mean        | -9.38e+05 |
| time/                 |           |
|    fps                | 1432      |
|    time_elapsed       | 495       |
|    total_timesteps    | 710000    |
| train/                |           |
|    entropy_loss       | -22       |
|    explained_variance | 0         |
|    learning_rate      | 0.0007    |
|    n_updates          | 35499     |
|    policy_loss        | -8.42e+05 |
|    std                | 1.52      |
|    value_loss         | 2.12e+09  |
-------------------------------------
-------------------------------------
| rollout/              |           |
|    ep_len_mean        | 49.5      |
|    ep_rew_mean        | -7.25e+05 |
| time/                 |           |
|    fps                | 1434      |
|    time_elapsed       | 501       |
|    total_timesteps    | 720000    |
| train/                |           |
|    entropy_loss       | -22.1     |
|    explained_variance | -1.19e-07 |
|    learning_rate      | 0.0007    |
|    n_updates          | 35999     |
|    policy_loss        | -9.86e+05 |
|    std                | 1.52      |
|    value_loss         | 2.84e+09  |
-------------------------------------
-------------------------------------
| rollout/              |           |
|    ep_len_mean        | 46.7      |
|    ep_rew_mean        | -7.01e+05 |
| time/                 |           |
|    fps                | 1436      |
|    time_elapsed       | 508       |
|    total_timesteps    | 730000    |
| train/                |           |
|    entropy_loss       | -22.1     |
|    explained_variance | -1.19e-07 |
|    learning_rate      | 0.0007    |
|    n_updates          | 36499     |
|    policy_loss        | -8.01e+05 |
|    std                | 1.54      |
|    value_loss         | 1.6e+09   |
-------------------------------------
-------------------------------------
| rollout/              |           |
|    ep_len_mean        | 69.8      |
|    ep_rew_mean        | -1.07e+06 |
| time/                 |           |
|    fps                | 1438      |
|    time_elapsed       | 514       |
|    total_timesteps    | 740000    |
| train/                |           |
|    entropy_loss       | -22.4     |
|    explained_variance | -1.19e-07 |
|    learning_rate      | 0.0007    |
|    n_updates          | 36999     |
|    policy_loss        | -1.32e+06 |
|    std                | 1.56      |
|    value_loss         | 5.4e+09   |
-------------------------------------
-------------------------------------
| rollout/              |           |
|    ep_len_mean        | 84.4      |
|    ep_rew_mean        | -1.32e+06 |
| time/                 |           |
|    fps                | 1440      |
|    time_elapsed       | 520       |
|    total_timesteps    | 750000    |
| train/                |           |
|    entropy_loss       | -22.5     |
|    explained_variance | -1.19e-07 |
|    learning_rate      | 0.0007    |
|    n_updates          | 37499     |
|    policy_loss        | -7.13e+05 |
|    std                | 1.58      |
|    value_loss         | 1.41e+09  |
-------------------------------------
-------------------------------------
| rollout/              |           |
|    ep_len_mean        | 64.1      |
|    ep_rew_mean        | -1.08e+06 |
| time/                 |           |
|    fps                | 1442      |
|    time_elapsed       | 526       |
|    total_timesteps    | 760000    |
| train/                |           |
|    entropy_loss       | -22.6     |
|    explained_variance | 5.96e-08  |
|    learning_rate      | 0.0007    |
|    n_updates          | 37999     |
|    policy_loss        | -8.18e+05 |
|    std                | 1.6       |
|    value_loss         | 1.7e+09   |
-------------------------------------
-------------------------------------
| rollout/              |           |
|    ep_len_mean        | 45.2      |
|    ep_rew_mean        | -7.18e+05 |
| time/                 |           |
|    fps                | 1444      |
|    time_elapsed       | 532       |
|    total_timesteps    | 770000    |
| train/                |           |
|    entropy_loss       | -22.8     |
|    explained_variance | -1.19e-07 |
|    learning_rate      | 0.0007    |
|    n_updates          | 38499     |
|    policy_loss        | -9.4e+05  |
|    std                | 1.62      |
|    value_loss         | 2.39e+09  |
-------------------------------------
-------------------------------------
| rollout/              |           |
|    ep_len_mean        | 52.4      |
|    ep_rew_mean        | -7.78e+05 |
| time/                 |           |
|    fps                | 1446      |
|    time_elapsed       | 539       |
|    total_timesteps    | 780000    |
| train/                |           |
|    entropy_loss       | -22.7     |
|    explained_variance | 0         |
|    learning_rate      | 0.0007    |
|    n_updates          | 38999     |
|    policy_loss        | -7.91e+05 |
|    std                | 1.62      |
|    value_loss         | 1.68e+09  |
-------------------------------------
-------------------------------------
| rollout/              |           |
|    ep_len_mean        | 66.1      |
|    ep_rew_mean        | -9.85e+05 |
| time/                 |           |
|    fps                | 1448      |
|    time_elapsed       | 545       |
|    total_timesteps    | 790000    |
| train/                |           |
|    entropy_loss       | -22.8     |
|    explained_variance | 1.19e-07  |
|    learning_rate      | 0.0007    |
|    n_updates          | 39499     |
|    policy_loss        | -9.05e+05 |
|    std                | 1.63      |
|    value_loss         | 2.09e+09  |
-------------------------------------
-------------------------------------
| rollout/              |           |
|    ep_len_mean        | 64.6      |
|    ep_rew_mean        | -9.89e+05 |
| time/                 |           |
|    fps                | 1449      |
|    time_elapsed       | 551       |
|    total_timesteps    | 800000    |
| train/                |           |
|    entropy_loss       | -22.8     |
|    explained_variance | 0         |
|    learning_rate      | 0.0007    |
|    n_updates          | 39999     |
|    policy_loss        | -1.01e+06 |
|    std                | 1.63      |
|    value_loss         | 2.42e+09  |
-------------------------------------
-------------------------------------
| rollout/              |           |
|    ep_len_mean        | 56.5      |
|    ep_rew_mean        | -8.15e+05 |
| time/                 |           |
|    fps                | 1451      |
|    time_elapsed       | 557       |
|    total_timesteps    | 810000    |
| train/                |           |
|    entropy_loss       | -22.9     |
|    explained_variance | 0         |
|    learning_rate      | 0.0007    |
|    n_updates          | 40499     |
|    policy_loss        | -1.12e+06 |
|    std                | 1.64      |
|    value_loss         | 2.7e+09   |
-------------------------------------
-------------------------------------
| rollout/              |           |
|    ep_len_mean        | 81.6      |
|    ep_rew_mean        | -1.3e+06  |
| time/                 |           |
|    fps                | 1453      |
|    time_elapsed       | 564       |
|    total_timesteps    | 820000    |
| train/                |           |
|    entropy_loss       | -23.1     |
|    explained_variance | 0         |
|    learning_rate      | 0.0007    |
|    n_updates          | 40999     |
|    policy_loss        | -1.01e+06 |
|    std                | 1.66      |
|    value_loss         | 2.47e+09  |
-------------------------------------
-------------------------------------
| rollout/              |           |
|    ep_len_mean        | 66.2      |
|    ep_rew_mean        | -1.01e+06 |
| time/                 |           |
|    fps                | 1455      |
|    time_elapsed       | 570       |
|    total_timesteps    | 830000    |
| train/                |           |
|    entropy_loss       | -23.2     |
|    explained_variance | 0         |
|    learning_rate      | 0.0007    |
|    n_updates          | 41499     |
|    policy_loss        | -1.12e+06 |
|    std                | 1.68      |
|    value_loss         | 2.67e+09  |
-------------------------------------
-------------------------------------
| rollout/              |           |
|    ep_len_mean        | 57.1      |
|    ep_rew_mean        | -8.96e+05 |
| time/                 |           |
|    fps                | 1457      |
|    time_elapsed       | 576       |
|    total_timesteps    | 840000    |
| train/                |           |
|    entropy_loss       | -23.2     |
|    explained_variance | 0         |
|    learning_rate      | 0.0007    |
|    n_updates          | 41999     |
|    policy_loss        | -7.41e+05 |
|    std                | 1.68      |
|    value_loss         | 1.32e+09  |
-------------------------------------
-------------------------------------
| rollout/              |           |
|    ep_len_mean        | 68.5      |
|    ep_rew_mean        | -1.07e+06 |
| time/                 |           |
|    fps                | 1459      |
|    time_elapsed       | 582       |
|    total_timesteps    | 850000    |
| train/                |           |
|    entropy_loss       | -23.3     |
|    explained_variance | 0         |
|    learning_rate      | 0.0007    |
|    n_updates          | 42499     |
|    policy_loss        | -1.25e+06 |
|    std                | 1.7       |
|    value_loss         | 3.52e+09  |
-------------------------------------
-------------------------------------
| rollout/              |           |
|    ep_len_mean        | 70.3      |
|    ep_rew_mean        | -1.07e+06 |
| time/                 |           |
|    fps                | 1461      |
|    time_elapsed       | 588       |
|    total_timesteps    | 860000    |
| train/                |           |
|    entropy_loss       | -23.5     |
|    explained_variance | 0         |
|    learning_rate      | 0.0007    |
|    n_updates          | 42999     |
|    policy_loss        | -7.51e+05 |
|    std                | 1.72      |
|    value_loss         | 1.32e+09  |
-------------------------------------
-------------------------------------
| rollout/              |           |
|    ep_len_mean        | 76.4      |
|    ep_rew_mean        | -1.21e+06 |
| time/                 |           |
|    fps                | 1463      |
|    time_elapsed       | 594       |
|    total_timesteps    | 870000    |
| train/                |           |
|    entropy_loss       | -23.5     |
|    explained_variance | 0         |
|    learning_rate      | 0.0007    |
|    n_updates          | 43499     |
|    policy_loss        | -7.33e+05 |
|    std                | 1.73      |
|    value_loss         | 1.31e+09  |
-------------------------------------
-------------------------------------
| rollout/              |           |
|    ep_len_mean        | 67.7      |
|    ep_rew_mean        | -1.04e+06 |
| time/                 |           |
|    fps                | 1465      |
|    time_elapsed       | 600       |
|    total_timesteps    | 880000    |
| train/                |           |
|    entropy_loss       | -23.5     |
|    explained_variance | 0         |
|    learning_rate      | 0.0007    |
|    n_updates          | 43999     |
|    policy_loss        | -7.45e+05 |
|    std                | 1.73      |
|    value_loss         | 1.24e+09  |
-------------------------------------
-------------------------------------
| rollout/              |           |
|    ep_len_mean        | 63.5      |
|    ep_rew_mean        | -9.23e+05 |
| time/                 |           |
|    fps                | 1467      |
|    time_elapsed       | 606       |
|    total_timesteps    | 890000    |
| train/                |           |
|    entropy_loss       | -23.6     |
|    explained_variance | 5.96e-08  |
|    learning_rate      | 0.0007    |
|    n_updates          | 44499     |
|    policy_loss        | -8.33e+05 |
|    std                | 1.74      |
|    value_loss         | 1.69e+09  |
-------------------------------------
-------------------------------------
| rollout/              |           |
|    ep_len_mean        | 81.1      |
|    ep_rew_mean        | -1.24e+06 |
| time/                 |           |
|    fps                | 1469      |
|    time_elapsed       | 612       |
|    total_timesteps    | 900000    |
| train/                |           |
|    entropy_loss       | -23.6     |
|    explained_variance | -2.38e-07 |
|    learning_rate      | 0.0007    |
|    n_updates          | 44999     |
|    policy_loss        | -1.7e+06  |
|    std                | 1.74      |
|    value_loss         | 6.47e+09  |
-------------------------------------
-------------------------------------
| rollout/              |           |
|    ep_len_mean        | 59.2      |
|    ep_rew_mean        | -8.63e+05 |
| time/                 |           |
|    fps                | 1470      |
|    time_elapsed       | 618       |
|    total_timesteps    | 910000    |
| train/                |           |
|    entropy_loss       | -23.8     |
|    explained_variance | 0         |
|    learning_rate      | 0.0007    |
|    n_updates          | 45499     |
|    policy_loss        | -1.22e+06 |
|    std                | 1.76      |
|    value_loss         | 3.35e+09  |
-------------------------------------
-------------------------------------
| rollout/              |           |
|    ep_len_mean        | 49.9      |
|    ep_rew_mean        | -7.89e+05 |
| time/                 |           |
|    fps                | 1472      |
|    time_elapsed       | 624       |
|    total_timesteps    | 920000    |
| train/                |           |
|    entropy_loss       | -23.7     |
|    explained_variance | 0         |
|    learning_rate      | 0.0007    |
|    n_updates          | 45999     |
|    policy_loss        | -1.37e+06 |
|    std                | 1.75      |
|    value_loss         | 4.64e+09  |
-------------------------------------
-------------------------------------
| rollout/              |           |
|    ep_len_mean        | 51.7      |
|    ep_rew_mean        | -8.02e+05 |
| time/                 |           |
|    fps                | 1473      |
|    time_elapsed       | 631       |
|    total_timesteps    | 930000    |
| train/                |           |
|    entropy_loss       | -23.8     |
|    explained_variance | 1.19e-07  |
|    learning_rate      | 0.0007    |
|    n_updates          | 46499     |
|    policy_loss        | -7.43e+05 |
|    std                | 1.76      |
|    value_loss         | 1.3e+09   |
-------------------------------------
-------------------------------------
| rollout/              |           |
|    ep_len_mean        | 62        |
|    ep_rew_mean        | -9.52e+05 |
| time/                 |           |
|    fps                | 1474      |
|    time_elapsed       | 637       |
|    total_timesteps    | 940000    |
| train/                |           |
|    entropy_loss       | -23.8     |
|    explained_variance | 0         |
|    learning_rate      | 0.0007    |
|    n_updates          | 46999     |
|    policy_loss        | -8.37e+05 |
|    std                | 1.76      |
|    value_loss         | 1.59e+09  |
-------------------------------------
-------------------------------------
| rollout/              |           |
|    ep_len_mean        | 56.7      |
|    ep_rew_mean        | -8.46e+05 |
| time/                 |           |
|    fps                | 1476      |
|    time_elapsed       | 643       |
|    total_timesteps    | 950000    |
| train/                |           |
|    entropy_loss       | -23.9     |
|    explained_variance | 1.19e-07  |
|    learning_rate      | 0.0007    |
|    n_updates          | 47499     |
|    policy_loss        | -1.2e+06  |
|    std                | 1.78      |
|    value_loss         | 2.81e+09  |
-------------------------------------
-------------------------------------
| rollout/              |           |
|    ep_len_mean        | 70.2      |
|    ep_rew_mean        | -1.13e+06 |
| time/                 |           |
|    fps                | 1477      |
|    time_elapsed       | 649       |
|    total_timesteps    | 960000    |
| train/                |           |
|    entropy_loss       | -24       |
|    explained_variance | 5.96e-08  |
|    learning_rate      | 0.0007    |
|    n_updates          | 47999     |
|    policy_loss        | -1.06e+06 |
|    std                | 1.79      |
|    value_loss         | 2.79e+09  |
-------------------------------------
-------------------------------------
| rollout/              |           |
|    ep_len_mean        | 61.6      |
|    ep_rew_mean        | -9.8e+05  |
| time/                 |           |
|    fps                | 1477      |
|    time_elapsed       | 656       |
|    total_timesteps    | 970000    |
| train/                |           |
|    entropy_loss       | -24.1     |
|    explained_variance | -1.19e-07 |
|    learning_rate      | 0.0007    |
|    n_updates          | 48499     |
|    policy_loss        | -1.06e+06 |
|    std                | 1.8       |
|    value_loss         | 2.61e+09  |
-------------------------------------
------------------------------------
| rollout/              |          |
|    ep_len_mean        | 60.6     |
|    ep_rew_mean        | -8.8e+05 |
| time/                 |          |
|    fps                | 1478     |
|    time_elapsed       | 662      |
|    total_timesteps    | 980000   |
| train/                |          |
|    entropy_loss       | -24.1    |
|    explained_variance | 5.96e-08 |
|    learning_rate      | 0.0007   |
|    n_updates          | 48999    |
|    policy_loss        | -8.8e+05 |
|    std                | 1.8      |
|    value_loss         | 1.69e+09 |
------------------------------------
-------------------------------------
| rollout/              |           |
|    ep_len_mean        | 62.2      |
|    ep_rew_mean        | -9.58e+05 |
| time/                 |           |
|    fps                | 1479      |
|    time_elapsed       | 669       |
|    total_timesteps    | 990000    |
| train/                |           |
|    entropy_loss       | -24.1     |
|    explained_variance | 1.79e-07  |
|    learning_rate      | 0.0007    |
|    n_updates          | 49499     |
|    policy_loss        | -1.34e+06 |
|    std                | 1.8       |
|    value_loss         | 3.7e+09   |
-------------------------------------
-------------------------------------
| rollout/              |           |
|    ep_len_mean        | 48.6      |
|    ep_rew_mean        | -7.12e+05 |
| time/                 |           |
|    fps                | 1480      |
|    time_elapsed       | 675       |
|    total_timesteps    | 1000000   |
| train/                |           |
|    entropy_loss       | -24.2     |
|    explained_variance | 1.19e-07  |
|    learning_rate      | 0.0007    |
|    n_updates          | 49999     |
|    policy_loss        | -8.36e+05 |
|    std                | 1.82      |
|    value_loss         | 1.59e+09  |
-------------------------------------
Training ended on Tue Jan 27 23:45:25 2026
Training lasted 0:11:15.487878
