Logging to training_default_logs/4_robots/logs/TQC_set4
Using cpu device
Training started on Tue Jan 27 23:33:30 2026
Experiment configuration: {'algorithm': 'TQC', 'set': 4, 'verbose': 1, 'steps': 1000000, 'num_robots': 4, 'num_envs': 4, 'seed': 33, 'log_steps': 10000, 'resume': False, 'device': 'cpu'}
----------------------------------
| rollout/           |           |
|    ep_len_mean     | 7         |
|    ep_rew_mean     | -1.91e+05 |
| time/              |           |
|    episodes        | 829       |
|    fps             | 160       |
|    time_elapsed    | 62        |
|    total_timesteps | 10000     |
| train/             |           |
|    actor_loss      | 2.21e+05  |
|    critic_loss     | 1.17e+04  |
|    ent_coef        | 1.92      |
|    ent_coef_loss   | -33.1     |
|    learning_rate   | 0.0003    |
|    n_updates       | 2474      |
----------------------------------
----------------------------------
| rollout/           |           |
|    ep_len_mean     | 7         |
|    ep_rew_mean     | -1.91e+05 |
| time/              |           |
|    episodes        | 2257      |
|    fps             | 158       |
|    time_elapsed    | 126       |
|    total_timesteps | 20000     |
| train/             |           |
|    actor_loss      | 2.83e+05  |
|    critic_loss     | 1.71e+04  |
|    ent_coef        | 4.22      |
|    ent_coef_loss   | -68.9     |
|    learning_rate   | 0.0003    |
|    n_updates       | 4974      |
----------------------------------
----------------------------------
| rollout/           |           |
|    ep_len_mean     | 7         |
|    ep_rew_mean     | -1.88e+05 |
| time/              |           |
|    episodes        | 3136      |
|    fps             | 158       |
|    time_elapsed    | 189       |
|    total_timesteps | 30000     |
| train/             |           |
|    actor_loss      | 2.07e+05  |
|    critic_loss     | 7.13e+03  |
|    ent_coef        | 8.63      |
|    ent_coef_loss   | -81.4     |
|    learning_rate   | 0.0003    |
|    n_updates       | 7474      |
----------------------------------
---------------------------------
| rollout/           |          |
|    ep_len_mean     | 6.38     |
|    ep_rew_mean     | -1.8e+05 |
| time/              |          |
|    episodes        | 4543     |
|    fps             | 157      |
|    time_elapsed    | 253      |
|    total_timesteps | 40000    |
| train/             |          |
|    actor_loss      | 2.08e+05 |
|    critic_loss     | 6.14e+03 |
|    ent_coef        | 17       |
|    ent_coef_loss   | -76.8    |
|    learning_rate   | 0.0003   |
|    n_updates       | 9974     |
---------------------------------
----------------------------------
| rollout/           |           |
|    ep_len_mean     | 6.94      |
|    ep_rew_mean     | -1.57e+05 |
| time/              |           |
|    episodes        | 5711      |
|    fps             | 157       |
|    time_elapsed    | 316       |
|    total_timesteps | 50000     |
| train/             |           |
|    actor_loss      | 2.63e+05  |
|    critic_loss     | 6.84e+03  |
|    ent_coef        | 32.9      |
|    ent_coef_loss   | -81.8     |
|    learning_rate   | 0.0003    |
|    n_updates       | 12474     |
----------------------------------
----------------------------------
| rollout/           |           |
|    ep_len_mean     | 6.56      |
|    ep_rew_mean     | -1.46e+05 |
| time/              |           |
|    episodes        | 7186      |
|    fps             | 158       |
|    time_elapsed    | 378       |
|    total_timesteps | 60000     |
| train/             |           |
|    actor_loss      | 2.7e+05   |
|    critic_loss     | 7.74e+03  |
|    ent_coef        | 59.8      |
|    ent_coef_loss   | -53.7     |
|    learning_rate   | 0.0003    |
|    n_updates       | 14974     |
----------------------------------
---------------------------------
| rollout/           |          |
|    ep_len_mean     | 5.64     |
|    ep_rew_mean     | -1.3e+05 |
| time/              |          |
|    episodes        | 8607     |
|    fps             | 158      |
|    time_elapsed    | 440      |
|    total_timesteps | 70000    |
| train/             |          |
|    actor_loss      | 2.93e+05 |
|    critic_loss     | 8.15e+03 |
|    ent_coef        | 102      |
|    ent_coef_loss   | -23.3    |
|    learning_rate   | 0.0003   |
|    n_updates       | 17474    |
---------------------------------
----------------------------------
| rollout/           |           |
|    ep_len_mean     | 34.8      |
|    ep_rew_mean     | -1.28e+06 |
| time/              |           |
|    episodes        | 9491      |
|    fps             | 159       |
|    time_elapsed    | 502       |
|    total_timesteps | 80000     |
| train/             |           |
|    actor_loss      | 4.56e+05  |
|    critic_loss     | 4.96e+03  |
|    ent_coef        | 149       |
|    ent_coef_loss   | -7.28     |
|    learning_rate   | 0.0003    |
|    n_updates       | 19974     |
----------------------------------
----------------------------------
| rollout/           |           |
|    ep_len_mean     | 43.8      |
|    ep_rew_mean     | -1.61e+06 |
| time/              |           |
|    episodes        | 10209     |
|    fps             | 159       |
|    time_elapsed    | 565       |
|    total_timesteps | 90000     |
| train/             |           |
|    actor_loss      | 5.24e+05  |
|    critic_loss     | 7.21e+03  |
|    ent_coef        | 159       |
|    ent_coef_loss   | 1.86      |
|    learning_rate   | 0.0003    |
|    n_updates       | 22474     |
----------------------------------
----------------------------------
| rollout/           |           |
|    ep_len_mean     | 65.5      |
|    ep_rew_mean     | -2.35e+06 |
| time/              |           |
|    episodes        | 10460     |
|    fps             | 159       |
|    time_elapsed    | 627       |
|    total_timesteps | 100000    |
| train/             |           |
|    actor_loss      | 6.42e+05  |
|    critic_loss     | 1.19e+04  |
|    ent_coef        | 149       |
|    ent_coef_loss   | -0.0223   |
|    learning_rate   | 0.0003    |
|    n_updates       | 24974     |
----------------------------------
----------------------------------
| rollout/           |           |
|    ep_len_mean     | 80.1      |
|    ep_rew_mean     | -2.87e+06 |
| time/              |           |
|    episodes        | 10565     |
|    fps             | 159       |
|    time_elapsed    | 689       |
|    total_timesteps | 110000    |
| train/             |           |
|    actor_loss      | 8.57e+05  |
|    critic_loss     | 1.64e+04  |
|    ent_coef        | 158       |
|    ent_coef_loss   | 0.641     |
|    learning_rate   | 0.0003    |
|    n_updates       | 27474     |
----------------------------------
----------------------------------
| rollout/           |           |
|    ep_len_mean     | 57.9      |
|    ep_rew_mean     | -1.96e+06 |
| time/              |           |
|    episodes        | 10675     |
|    fps             | 159       |
|    time_elapsed    | 751       |
|    total_timesteps | 120000    |
| train/             |           |
|    actor_loss      | 1.1e+06   |
|    critic_loss     | 1.85e+04  |
|    ent_coef        | 170       |
|    ent_coef_loss   | -0.501    |
|    learning_rate   | 0.0003    |
|    n_updates       | 29974     |
----------------------------------
----------------------------------
| rollout/           |           |
|    ep_len_mean     | 50.8      |
|    ep_rew_mean     | -1.59e+06 |
| time/              |           |
|    episodes        | 10925     |
|    fps             | 159       |
|    time_elapsed    | 813       |
|    total_timesteps | 130000    |
| train/             |           |
|    actor_loss      | 1.48e+06  |
|    critic_loss     | 4.08e+04  |
|    ent_coef        | 182       |
|    ent_coef_loss   | -5.3      |
|    learning_rate   | 0.0003    |
|    n_updates       | 32474     |
----------------------------------
----------------------------------
| rollout/           |           |
|    ep_len_mean     | 58.3      |
|    ep_rew_mean     | -1.71e+06 |
| time/              |           |
|    episodes        | 11151     |
|    fps             | 159       |
|    time_elapsed    | 876       |
|    total_timesteps | 140000    |
| train/             |           |
|    actor_loss      | 1.32e+06  |
|    critic_loss     | 2.51e+04  |
|    ent_coef        | 226       |
|    ent_coef_loss   | -2.09     |
|    learning_rate   | 0.0003    |
|    n_updates       | 34974     |
----------------------------------
----------------------------------
| rollout/           |           |
|    ep_len_mean     | 36        |
|    ep_rew_mean     | -1.14e+06 |
| time/              |           |
|    episodes        | 11379     |
|    fps             | 159       |
|    time_elapsed    | 938       |
|    total_timesteps | 150000    |
| train/             |           |
|    actor_loss      | 1.58e+06  |
|    critic_loss     | 5.22e+04  |
|    ent_coef        | 283       |
|    ent_coef_loss   | 0.00507   |
|    learning_rate   | 0.0003    |
|    n_updates       | 37474     |
----------------------------------
----------------------------------
| rollout/           |           |
|    ep_len_mean     | 9.56      |
|    ep_rew_mean     | -2.65e+05 |
| time/              |           |
|    episodes        | 11891     |
|    fps             | 159       |
|    time_elapsed    | 1000      |
|    total_timesteps | 160000    |
| train/             |           |
|    actor_loss      | 1.86e+06  |
|    critic_loss     | 3.9e+04   |
|    ent_coef        | 310       |
|    ent_coef_loss   | -2.87     |
|    learning_rate   | 0.0003    |
|    n_updates       | 39974     |
----------------------------------
----------------------------------
| rollout/           |           |
|    ep_len_mean     | 7.25      |
|    ep_rew_mean     | -2.02e+05 |
| time/              |           |
|    episodes        | 12683     |
|    fps             | 160       |
|    time_elapsed    | 1062      |
|    total_timesteps | 170000    |
| train/             |           |
|    actor_loss      | 1.93e+06  |
|    critic_loss     | 4.68e+04  |
|    ent_coef        | 328       |
|    ent_coef_loss   | -3.92     |
|    learning_rate   | 0.0003    |
|    n_updates       | 42474     |
----------------------------------
----------------------------------
| rollout/           |           |
|    ep_len_mean     | 7.81      |
|    ep_rew_mean     | -2.05e+05 |
| time/              |           |
|    episodes        | 13965     |
|    fps             | 160       |
|    time_elapsed    | 1124      |
|    total_timesteps | 180000    |
| train/             |           |
|    actor_loss      | 1.87e+06  |
|    critic_loss     | 6.16e+04  |
|    ent_coef        | 349       |
|    ent_coef_loss   | -2.02     |
|    learning_rate   | 0.0003    |
|    n_updates       | 44974     |
----------------------------------
----------------------------------
| rollout/           |           |
|    ep_len_mean     | 18.6      |
|    ep_rew_mean     | -6.22e+05 |
| time/              |           |
|    episodes        | 14647     |
|    fps             | 160       |
|    time_elapsed    | 1187      |
|    total_timesteps | 190000    |
| train/             |           |
|    actor_loss      | 2.12e+06  |
|    critic_loss     | 8.07e+04  |
|    ent_coef        | 371       |
|    ent_coef_loss   | 1.53      |
|    learning_rate   | 0.0003    |
|    n_updates       | 47474     |
----------------------------------
----------------------------------
| rollout/           |           |
|    ep_len_mean     | 16.5      |
|    ep_rew_mean     | -5.35e+05 |
| time/              |           |
|    episodes        | 15394     |
|    fps             | 159       |
|    time_elapsed    | 1250      |
|    total_timesteps | 200000    |
| train/             |           |
|    actor_loss      | 2.42e+06  |
|    critic_loss     | 6.11e+04  |
|    ent_coef        | 393       |
|    ent_coef_loss   | 3.77      |
|    learning_rate   | 0.0003    |
|    n_updates       | 49974     |
----------------------------------
----------------------------------
| rollout/           |           |
|    ep_len_mean     | 52.8      |
|    ep_rew_mean     | -1.89e+06 |
| time/              |           |
|    episodes        | 15621     |
|    fps             | 159       |
|    time_elapsed    | 1313      |
|    total_timesteps | 210000    |
| train/             |           |
|    actor_loss      | 2.44e+06  |
|    critic_loss     | 8.63e+04  |
|    ent_coef        | 407       |
|    ent_coef_loss   | 2.01      |
|    learning_rate   | 0.0003    |
|    n_updates       | 52474     |
----------------------------------
----------------------------------
| rollout/           |           |
|    ep_len_mean     | 106       |
|    ep_rew_mean     | -3.75e+06 |
| time/              |           |
|    episodes        | 15692     |
|    fps             | 159       |
|    time_elapsed    | 1375      |
|    total_timesteps | 220000    |
| train/             |           |
|    actor_loss      | 2.54e+06  |
|    critic_loss     | 7.51e+04  |
|    ent_coef        | 401       |
|    ent_coef_loss   | 2.82      |
|    learning_rate   | 0.0003    |
|    n_updates       | 54974     |
----------------------------------
----------------------------------
| rollout/           |           |
|    ep_len_mean     | 196       |
|    ep_rew_mean     | -7.15e+06 |
| time/              |           |
|    episodes        | 15713     |
|    fps             | 159       |
|    time_elapsed    | 1438      |
|    total_timesteps | 230000    |
| train/             |           |
|    actor_loss      | 2.97e+06  |
|    critic_loss     | 9.77e+04  |
|    ent_coef        | 449       |
|    ent_coef_loss   | 4.7       |
|    learning_rate   | 0.0003    |
|    n_updates       | 57474     |
----------------------------------
----------------------------------
| rollout/           |           |
|    ep_len_mean     | 258       |
|    ep_rew_mean     | -9.48e+06 |
| time/              |           |
|    episodes        | 15729     |
|    fps             | 159       |
|    time_elapsed    | 1501      |
|    total_timesteps | 240000    |
| train/             |           |
|    actor_loss      | 2.54e+06  |
|    critic_loss     | 1.3e+05   |
|    ent_coef        | 482       |
|    ent_coef_loss   | -5.43     |
|    learning_rate   | 0.0003    |
|    n_updates       | 59974     |
----------------------------------
----------------------------------
| rollout/           |           |
|    ep_len_mean     | 354       |
|    ep_rew_mean     | -1.32e+07 |
| time/              |           |
|    episodes        | 15741     |
|    fps             | 159       |
|    time_elapsed    | 1564      |
|    total_timesteps | 250000    |
| train/             |           |
|    actor_loss      | 2.97e+06  |
|    critic_loss     | 1.33e+05  |
|    ent_coef        | 500       |
|    ent_coef_loss   | -1.88     |
|    learning_rate   | 0.0003    |
|    n_updates       | 62474     |
----------------------------------
----------------------------------
| rollout/           |           |
|    ep_len_mean     | 418       |
|    ep_rew_mean     | -1.58e+07 |
| time/              |           |
|    episodes        | 15760     |
|    fps             | 159       |
|    time_elapsed    | 1627      |
|    total_timesteps | 260000    |
| train/             |           |
|    actor_loss      | 3.24e+06  |
|    critic_loss     | 1.29e+05  |
|    ent_coef        | 529       |
|    ent_coef_loss   | 1.16      |
|    learning_rate   | 0.0003    |
|    n_updates       | 64974     |
----------------------------------
----------------------------------
| rollout/           |           |
|    ep_len_mean     | 405       |
|    ep_rew_mean     | -1.55e+07 |
| time/              |           |
|    episodes        | 15812     |
|    fps             | 159       |
|    time_elapsed    | 1691      |
|    total_timesteps | 270000    |
| train/             |           |
|    actor_loss      | 3.2e+06   |
|    critic_loss     | 1.36e+05  |
|    ent_coef        | 533       |
|    ent_coef_loss   | 2.02      |
|    learning_rate   | 0.0003    |
|    n_updates       | 67474     |
----------------------------------
----------------------------------
| rollout/           |           |
|    ep_len_mean     | 6.94      |
|    ep_rew_mean     | -1.76e+05 |
| time/              |           |
|    episodes        | 16138     |
|    fps             | 159       |
|    time_elapsed    | 1754      |
|    total_timesteps | 280000    |
| train/             |           |
|    actor_loss      | 3.35e+06  |
|    critic_loss     | 1.41e+05  |
|    ent_coef        | 540       |
|    ent_coef_loss   | -2.29     |
|    learning_rate   | 0.0003    |
|    n_updates       | 69974     |
----------------------------------
---------------------------------
| rollout/           |          |
|    ep_len_mean     | 15.8     |
|    ep_rew_mean     | -5.4e+05 |
| time/              |          |
|    episodes        | 17076    |
|    fps             | 159      |
|    time_elapsed    | 1817     |
|    total_timesteps | 290000   |
| train/             |          |
|    actor_loss      | 3.37e+06 |
|    critic_loss     | 1.29e+05 |
|    ent_coef        | 556      |
|    ent_coef_loss   | 5.9      |
|    learning_rate   | 0.0003   |
|    n_updates       | 72474    |
---------------------------------
---------------------------------
| rollout/           |          |
|    ep_len_mean     | 125      |
|    ep_rew_mean     | -4.8e+06 |
| time/              |          |
|    episodes        | 17151    |
|    fps             | 159      |
|    time_elapsed    | 1881     |
|    total_timesteps | 300000   |
| train/             |          |
|    actor_loss      | 3.25e+06 |
|    critic_loss     | 1.21e+05 |
|    ent_coef        | 558      |
|    ent_coef_loss   | -0.0756  |
|    learning_rate   | 0.0003   |
|    n_updates       | 74974    |
---------------------------------
----------------------------------
| rollout/           |           |
|    ep_len_mean     | 215       |
|    ep_rew_mean     | -8.35e+06 |
| time/              |           |
|    episodes        | 17169     |
|    fps             | 159       |
|    time_elapsed    | 1945      |
|    total_timesteps | 310000    |
| train/             |           |
|    actor_loss      | 3.42e+06  |
|    critic_loss     | 1.01e+05  |
|    ent_coef        | 525       |
|    ent_coef_loss   | 5.59      |
|    learning_rate   | 0.0003    |
|    n_updates       | 77474     |
----------------------------------
----------------------------------
| rollout/           |           |
|    ep_len_mean     | 284       |
|    ep_rew_mean     | -1.12e+07 |
| time/              |           |
|    episodes        | 17202     |
|    fps             | 159       |
|    time_elapsed    | 2009      |
|    total_timesteps | 320000    |
| train/             |           |
|    actor_loss      | 3.22e+06  |
|    critic_loss     | 1.12e+05  |
|    ent_coef        | 489       |
|    ent_coef_loss   | -0.815    |
|    learning_rate   | 0.0003    |
|    n_updates       | 79974     |
----------------------------------
----------------------------------
| rollout/           |           |
|    ep_len_mean     | 364       |
|    ep_rew_mean     | -1.44e+07 |
| time/              |           |
|    episodes        | 17229     |
|    fps             | 159       |
|    time_elapsed    | 2073      |
|    total_timesteps | 330000    |
| train/             |           |
|    actor_loss      | 3.44e+06  |
|    critic_loss     | 1.27e+05  |
|    ent_coef        | 443       |
|    ent_coef_loss   | 1.94      |
|    learning_rate   | 0.0003    |
|    n_updates       | 82474     |
----------------------------------
----------------------------------
| rollout/           |           |
|    ep_len_mean     | 314       |
|    ep_rew_mean     | -1.24e+07 |
| time/              |           |
|    episodes        | 17265     |
|    fps             | 159       |
|    time_elapsed    | 2137      |
|    total_timesteps | 340000    |
| train/             |           |
|    actor_loss      | 3.2e+06   |
|    critic_loss     | 1.39e+05  |
|    ent_coef        | 408       |
|    ent_coef_loss   | -6.34     |
|    learning_rate   | 0.0003    |
|    n_updates       | 84974     |
----------------------------------
----------------------------------
| rollout/           |           |
|    ep_len_mean     | 138       |
|    ep_rew_mean     | -5.23e+06 |
| time/              |           |
|    episodes        | 17342     |
|    fps             | 158       |
|    time_elapsed    | 2202      |
|    total_timesteps | 350000    |
| train/             |           |
|    actor_loss      | 3.46e+06  |
|    critic_loss     | 1.05e+05  |
|    ent_coef        | 391       |
|    ent_coef_loss   | 4.45      |
|    learning_rate   | 0.0003    |
|    n_updates       | 87474     |
----------------------------------
----------------------------------
| rollout/           |           |
|    ep_len_mean     | 6.13      |
|    ep_rew_mean     | -1.56e+05 |
| time/              |           |
|    episodes        | 17999     |
|    fps             | 158       |
|    time_elapsed    | 2266      |
|    total_timesteps | 360000    |
| train/             |           |
|    actor_loss      | 3.38e+06  |
|    critic_loss     | 1.18e+05  |
|    ent_coef        | 369       |
|    ent_coef_loss   | 1.9       |
|    learning_rate   | 0.0003    |
|    n_updates       | 89974     |
----------------------------------
----------------------------------
| rollout/           |           |
|    ep_len_mean     | 5.97      |
|    ep_rew_mean     | -1.52e+05 |
| time/              |           |
|    episodes        | 19587     |
|    fps             | 158       |
|    time_elapsed    | 2331      |
|    total_timesteps | 370000    |
| train/             |           |
|    actor_loss      | 3.09e+06  |
|    critic_loss     | 1.26e+05  |
|    ent_coef        | 386       |
|    ent_coef_loss   | -1.64     |
|    learning_rate   | 0.0003    |
|    n_updates       | 92474     |
----------------------------------
----------------------------------
| rollout/           |           |
|    ep_len_mean     | 5.98      |
|    ep_rew_mean     | -1.53e+05 |
| time/              |           |
|    episodes        | 21063     |
|    fps             | 158       |
|    time_elapsed    | 2395      |
|    total_timesteps | 380000    |
| train/             |           |
|    actor_loss      | 3.29e+06  |
|    critic_loss     | 1.24e+05  |
|    ent_coef        | 416       |
|    ent_coef_loss   | -0.0449   |
|    learning_rate   | 0.0003    |
|    n_updates       | 94974     |
----------------------------------
---------------------------------
| rollout/           |          |
|    ep_len_mean     | 5.96     |
|    ep_rew_mean     | -1.5e+05 |
| time/              |          |
|    episodes        | 22703    |
|    fps             | 158      |
|    time_elapsed    | 2459     |
|    total_timesteps | 390000   |
| train/             |          |
|    actor_loss      | 3.1e+06  |
|    critic_loss     | 1.32e+05 |
|    ent_coef        | 446      |
|    ent_coef_loss   | -2.48    |
|    learning_rate   | 0.0003   |
|    n_updates       | 97474    |
---------------------------------
----------------------------------
| rollout/           |           |
|    ep_len_mean     | 6.08      |
|    ep_rew_mean     | -1.48e+05 |
| time/              |           |
|    episodes        | 24304     |
|    fps             | 158       |
|    time_elapsed    | 2523      |
|    total_timesteps | 400000    |
| train/             |           |
|    actor_loss      | 3.07e+06  |
|    critic_loss     | 1.64e+05  |
|    ent_coef        | 507       |
|    ent_coef_loss   | 0.519     |
|    learning_rate   | 0.0003    |
|    n_updates       | 99974     |
----------------------------------
----------------------------------
| rollout/           |           |
|    ep_len_mean     | 6.2       |
|    ep_rew_mean     | -1.48e+05 |
| time/              |           |
|    episodes        | 25743     |
|    fps             | 158       |
|    time_elapsed    | 2588      |
|    total_timesteps | 410000    |
| train/             |           |
|    actor_loss      | 3.15e+06  |
|    critic_loss     | 1.41e+05  |
|    ent_coef        | 555       |
|    ent_coef_loss   | -0.169    |
|    learning_rate   | 0.0003    |
|    n_updates       | 102474    |
----------------------------------
----------------------------------
| rollout/           |           |
|    ep_len_mean     | 16.5      |
|    ep_rew_mean     | -5.51e+05 |
| time/              |           |
|    episodes        | 26845     |
|    fps             | 158       |
|    time_elapsed    | 2653      |
|    total_timesteps | 420000    |
| train/             |           |
|    actor_loss      | 3.04e+06  |
|    critic_loss     | 1.59e+05  |
|    ent_coef        | 576       |
|    ent_coef_loss   | 5.1       |
|    learning_rate   | 0.0003    |
|    n_updates       | 104974    |
----------------------------------
----------------------------------
| rollout/           |           |
|    ep_len_mean     | 6.51      |
|    ep_rew_mean     | -1.54e+05 |
| time/              |           |
|    episodes        | 27650     |
|    fps             | 158       |
|    time_elapsed    | 2718      |
|    total_timesteps | 430000    |
| train/             |           |
|    actor_loss      | 3.03e+06  |
|    critic_loss     | 1.52e+05  |
|    ent_coef        | 569       |
|    ent_coef_loss   | -0.366    |
|    learning_rate   | 0.0003    |
|    n_updates       | 107474    |
----------------------------------
----------------------------------
| rollout/           |           |
|    ep_len_mean     | 27        |
|    ep_rew_mean     | -9.65e+05 |
| time/              |           |
|    episodes        | 28562     |
|    fps             | 158       |
|    time_elapsed    | 2782      |
|    total_timesteps | 440000    |
| train/             |           |
|    actor_loss      | 2.93e+06  |
|    critic_loss     | 1.56e+05  |
|    ent_coef        | 551       |
|    ent_coef_loss   | 0.227     |
|    learning_rate   | 0.0003    |
|    n_updates       | 109974    |
----------------------------------
----------------------------------
| rollout/           |           |
|    ep_len_mean     | 10.9      |
|    ep_rew_mean     | -3.08e+05 |
| time/              |           |
|    episodes        | 28858     |
|    fps             | 158       |
|    time_elapsed    | 2847      |
|    total_timesteps | 450000    |
| train/             |           |
|    actor_loss      | 3.03e+06  |
|    critic_loss     | 1.48e+05  |
|    ent_coef        | 487       |
|    ent_coef_loss   | 3.7       |
|    learning_rate   | 0.0003    |
|    n_updates       | 112474    |
----------------------------------
----------------------------------
| rollout/           |           |
|    ep_len_mean     | 9.08      |
|    ep_rew_mean     | -2.14e+05 |
| time/              |           |
|    episodes        | 29538     |
|    fps             | 157       |
|    time_elapsed    | 2911      |
|    total_timesteps | 460000    |
| train/             |           |
|    actor_loss      | 2.91e+06  |
|    critic_loss     | 1.55e+05  |
|    ent_coef        | 487       |
|    ent_coef_loss   | -0.831    |
|    learning_rate   | 0.0003    |
|    n_updates       | 114974    |
----------------------------------
---------------------------------
| rollout/           |          |
|    ep_len_mean     | 8.17     |
|    ep_rew_mean     | -1.9e+05 |
| time/              |          |
|    episodes        | 30525    |
|    fps             | 157      |
|    time_elapsed    | 2975     |
|    total_timesteps | 470000   |
| train/             |          |
|    actor_loss      | 2.82e+06 |
|    critic_loss     | 2.2e+05  |
|    ent_coef        | 616      |
|    ent_coef_loss   | 5.55     |
|    learning_rate   | 0.0003   |
|    n_updates       | 117474   |
---------------------------------
----------------------------------
| rollout/           |           |
|    ep_len_mean     | 36.7      |
|    ep_rew_mean     | -1.34e+06 |
| time/              |           |
|    episodes        | 31004     |
|    fps             | 157       |
|    time_elapsed    | 3039      |
|    total_timesteps | 480000    |
| train/             |           |
|    actor_loss      | 2.96e+06  |
|    critic_loss     | 2.29e+05  |
|    ent_coef        | 691       |
|    ent_coef_loss   | -1.36     |
|    learning_rate   | 0.0003    |
|    n_updates       | 119974    |
----------------------------------
---------------------------------
| rollout/           |          |
|    ep_len_mean     | 56.5     |
|    ep_rew_mean     | -2.1e+06 |
| time/              |          |
|    episodes        | 31165    |
|    fps             | 157      |
|    time_elapsed    | 3102     |
|    total_timesteps | 490000   |
| train/             |          |
|    actor_loss      | 2.85e+06 |
|    critic_loss     | 2.23e+05 |
|    ent_coef        | 764      |
|    ent_coef_loss   | 1.25     |
|    learning_rate   | 0.0003   |
|    n_updates       | 122474   |
---------------------------------
----------------------------------
| rollout/           |           |
|    ep_len_mean     | 29.5      |
|    ep_rew_mean     | -1.03e+06 |
| time/              |           |
|    episodes        | 31428     |
|    fps             | 157       |
|    time_elapsed    | 3166      |
|    total_timesteps | 500000    |
| train/             |           |
|    actor_loss      | 2.86e+06  |
|    critic_loss     | 2.32e+05  |
|    ent_coef        | 838       |
|    ent_coef_loss   | 2.98      |
|    learning_rate   | 0.0003    |
|    n_updates       | 124974    |
----------------------------------
----------------------------------
| rollout/           |           |
|    ep_len_mean     | 13.7      |
|    ep_rew_mean     | -3.53e+05 |
| time/              |           |
|    episodes        | 31755     |
|    fps             | 157       |
|    time_elapsed    | 3229      |
|    total_timesteps | 510000    |
| train/             |           |
|    actor_loss      | 2.86e+06  |
|    critic_loss     | 2.23e+05  |
|    ent_coef        | 807       |
|    ent_coef_loss   | 4.88      |
|    learning_rate   | 0.0003    |
|    n_updates       | 127474    |
----------------------------------
----------------------------------
| rollout/           |           |
|    ep_len_mean     | 15.2      |
|    ep_rew_mean     | -3.98e+05 |
| time/              |           |
|    episodes        | 32269     |
|    fps             | 157       |
|    time_elapsed    | 3292      |
|    total_timesteps | 520000    |
| train/             |           |
|    actor_loss      | 2.98e+06  |
|    critic_loss     | 2.09e+05  |
|    ent_coef        | 780       |
|    ent_coef_loss   | 1.41      |
|    learning_rate   | 0.0003    |
|    n_updates       | 129974    |
----------------------------------
----------------------------------
| rollout/           |           |
|    ep_len_mean     | 13        |
|    ep_rew_mean     | -3.07e+05 |
| time/              |           |
|    episodes        | 32915     |
|    fps             | 157       |
|    time_elapsed    | 3356      |
|    total_timesteps | 530000    |
| train/             |           |
|    actor_loss      | 2.89e+06  |
|    critic_loss     | 2.09e+05  |
|    ent_coef        | 761       |
|    ent_coef_loss   | -3.89     |
|    learning_rate   | 0.0003    |
|    n_updates       | 132474    |
----------------------------------
----------------------------------
| rollout/           |           |
|    ep_len_mean     | 10.8      |
|    ep_rew_mean     | -2.41e+05 |
| time/              |           |
|    episodes        | 33690     |
|    fps             | 157       |
|    time_elapsed    | 3421      |
|    total_timesteps | 540000    |
| train/             |           |
|    actor_loss      | 2.8e+06   |
|    critic_loss     | 2.16e+05  |
|    ent_coef        | 748       |
|    ent_coef_loss   | 4.09      |
|    learning_rate   | 0.0003    |
|    n_updates       | 134974    |
----------------------------------
----------------------------------
| rollout/           |           |
|    ep_len_mean     | 9.29      |
|    ep_rew_mean     | -2.14e+05 |
| time/              |           |
|    episodes        | 34779     |
|    fps             | 157       |
|    time_elapsed    | 3485      |
|    total_timesteps | 550000    |
| train/             |           |
|    actor_loss      | 2.9e+06   |
|    critic_loss     | 2.14e+05  |
|    ent_coef        | 805       |
|    ent_coef_loss   | 1.53      |
|    learning_rate   | 0.0003    |
|    n_updates       | 137474    |
----------------------------------
----------------------------------
| rollout/           |           |
|    ep_len_mean     | 8.41      |
|    ep_rew_mean     | -1.95e+05 |
| time/              |           |
|    episodes        | 35897     |
|    fps             | 157       |
|    time_elapsed    | 3549      |
|    total_timesteps | 560000    |
| train/             |           |
|    actor_loss      | 2.69e+06  |
|    critic_loss     | 2.34e+05  |
|    ent_coef        | 890       |
|    ent_coef_loss   | -7.47     |
|    learning_rate   | 0.0003    |
|    n_updates       | 139974    |
----------------------------------
----------------------------------
| rollout/           |           |
|    ep_len_mean     | 8.02      |
|    ep_rew_mean     | -2.15e+05 |
| time/              |           |
|    episodes        | 37076     |
|    fps             | 157       |
|    time_elapsed    | 3614      |
|    total_timesteps | 570000    |
| train/             |           |
|    actor_loss      | 2.32e+06  |
|    critic_loss     | 2.49e+05  |
|    ent_coef        | 895       |
|    ent_coef_loss   | 0.182     |
|    learning_rate   | 0.0003    |
|    n_updates       | 142474    |
----------------------------------
----------------------------------
| rollout/           |           |
|    ep_len_mean     | 6.98      |
|    ep_rew_mean     | -1.67e+05 |
| time/              |           |
|    episodes        | 38484     |
|    fps             | 157       |
|    time_elapsed    | 3678      |
|    total_timesteps | 580000    |
| train/             |           |
|    actor_loss      | 2.39e+06  |
|    critic_loss     | 2.38e+05  |
|    ent_coef        | 846       |
|    ent_coef_loss   | -3.71     |
|    learning_rate   | 0.0003    |
|    n_updates       | 144974    |
----------------------------------
----------------------------------
| rollout/           |           |
|    ep_len_mean     | 6.67      |
|    ep_rew_mean     | -1.58e+05 |
| time/              |           |
|    episodes        | 39902     |
|    fps             | 157       |
|    time_elapsed    | 3742      |
|    total_timesteps | 590000    |
| train/             |           |
|    actor_loss      | 2.28e+06  |
|    critic_loss     | 2.39e+05  |
|    ent_coef        | 853       |
|    ent_coef_loss   | 1.07      |
|    learning_rate   | 0.0003    |
|    n_updates       | 147474    |
----------------------------------
----------------------------------
| rollout/           |           |
|    ep_len_mean     | 6.81      |
|    ep_rew_mean     | -1.59e+05 |
| time/              |           |
|    episodes        | 41055     |
|    fps             | 157       |
|    time_elapsed    | 3806      |
|    total_timesteps | 600000    |
| train/             |           |
|    actor_loss      | 1.98e+06  |
|    critic_loss     | 2.47e+05  |
|    ent_coef        | 791       |
|    ent_coef_loss   | -0.786    |
|    learning_rate   | 0.0003    |
|    n_updates       | 149974    |
----------------------------------
----------------------------------
| rollout/           |           |
|    ep_len_mean     | 6.48      |
|    ep_rew_mean     | -1.53e+05 |
| time/              |           |
|    episodes        | 42630     |
|    fps             | 157       |
|    time_elapsed    | 3871      |
|    total_timesteps | 610000    |
| train/             |           |
|    actor_loss      | 1.93e+06  |
|    critic_loss     | 2.44e+05  |
|    ent_coef        | 746       |
|    ent_coef_loss   | 2.63      |
|    learning_rate   | 0.0003    |
|    n_updates       | 152474    |
----------------------------------
---------------------------------
| rollout/           |          |
|    ep_len_mean     | 6.15     |
|    ep_rew_mean     | -1.4e+05 |
| time/              |          |
|    episodes        | 44240    |
|    fps             | 157      |
|    time_elapsed    | 3937     |
|    total_timesteps | 620000   |
| train/             |          |
|    actor_loss      | 1.94e+06 |
|    critic_loss     | 2.25e+05 |
|    ent_coef        | 686      |
|    ent_coef_loss   | 8        |
|    learning_rate   | 0.0003   |
|    n_updates       | 154974   |
---------------------------------
----------------------------------
| rollout/           |           |
|    ep_len_mean     | 6.64      |
|    ep_rew_mean     | -1.38e+05 |
| time/              |           |
|    episodes        | 45397     |
|    fps             | 157       |
|    time_elapsed    | 4003      |
|    total_timesteps | 630000    |
| train/             |           |
|    actor_loss      | 1.71e+06  |
|    critic_loss     | 2.36e+05  |
|    ent_coef        | 619       |
|    ent_coef_loss   | 3.24      |
|    learning_rate   | 0.0003    |
|    n_updates       | 157474    |
----------------------------------
----------------------------------
| rollout/           |           |
|    ep_len_mean     | 9.53      |
|    ep_rew_mean     | -2.51e+05 |
| time/              |           |
|    episodes        | 45921     |
|    fps             | 157       |
|    time_elapsed    | 4069      |
|    total_timesteps | 640000    |
| train/             |           |
|    actor_loss      | 1.96e+06  |
|    critic_loss     | 2.31e+05  |
|    ent_coef        | 520       |
|    ent_coef_loss   | -2.07     |
|    learning_rate   | 0.0003    |
|    n_updates       | 159974    |
----------------------------------
----------------------------------
| rollout/           |           |
|    ep_len_mean     | 7.53      |
|    ep_rew_mean     | -1.59e+05 |
| time/              |           |
|    episodes        | 47070     |
|    fps             | 157       |
|    time_elapsed    | 4135      |
|    total_timesteps | 650000    |
| train/             |           |
|    actor_loss      | 2.11e+06  |
|    critic_loss     | 2.41e+05  |
|    ent_coef        | 552       |
|    ent_coef_loss   | -4.23     |
|    learning_rate   | 0.0003    |
|    n_updates       | 162474    |
----------------------------------
----------------------------------
| rollout/           |           |
|    ep_len_mean     | 26        |
|    ep_rew_mean     | -8.96e+05 |
| time/              |           |
|    episodes        | 47442     |
|    fps             | 157       |
|    time_elapsed    | 4201      |
|    total_timesteps | 660000    |
| train/             |           |
|    actor_loss      | 2.16e+06  |
|    critic_loss     | 2.29e+05  |
|    ent_coef        | 613       |
|    ent_coef_loss   | 0.494     |
|    learning_rate   | 0.0003    |
|    n_updates       | 164974    |
----------------------------------
----------------------------------
| rollout/           |           |
|    ep_len_mean     | 10.9      |
|    ep_rew_mean     | -2.81e+05 |
| time/              |           |
|    episodes        | 48536     |
|    fps             | 157       |
|    time_elapsed    | 4267      |
|    total_timesteps | 670000    |
| train/             |           |
|    actor_loss      | 2.2e+06   |
|    critic_loss     | 2.37e+05  |
|    ent_coef        | 627       |
|    ent_coef_loss   | -1.35     |
|    learning_rate   | 0.0003    |
|    n_updates       | 167474    |
----------------------------------
----------------------------------
| rollout/           |           |
|    ep_len_mean     | 10.4      |
|    ep_rew_mean     | -2.58e+05 |
| time/              |           |
|    episodes        | 49759     |
|    fps             | 156       |
|    time_elapsed    | 4333      |
|    total_timesteps | 680000    |
| train/             |           |
|    actor_loss      | 2.26e+06  |
|    critic_loss     | 2.32e+05  |
|    ent_coef        | 670       |
|    ent_coef_loss   | 0.21      |
|    learning_rate   | 0.0003    |
|    n_updates       | 169974    |
----------------------------------
----------------------------------
| rollout/           |           |
|    ep_len_mean     | 8.12      |
|    ep_rew_mean     | -1.78e+05 |
| time/              |           |
|    episodes        | 50853     |
|    fps             | 156       |
|    time_elapsed    | 4399      |
|    total_timesteps | 690000    |
| train/             |           |
|    actor_loss      | 2.24e+06  |
|    critic_loss     | 2.39e+05  |
|    ent_coef        | 719       |
|    ent_coef_loss   | 1.73      |
|    learning_rate   | 0.0003    |
|    n_updates       | 172474    |
----------------------------------
---------------------------------
| rollout/           |          |
|    ep_len_mean     | 8.06     |
|    ep_rew_mean     | -1.7e+05 |
| time/              |          |
|    episodes        | 52022    |
|    fps             | 156      |
|    time_elapsed    | 4466     |
|    total_timesteps | 700000   |
| train/             |          |
|    actor_loss      | 2.36e+06 |
|    critic_loss     | 2.39e+05 |
|    ent_coef        | 706      |
|    ent_coef_loss   | -2.96    |
|    learning_rate   | 0.0003   |
|    n_updates       | 174974   |
---------------------------------
----------------------------------
| rollout/           |           |
|    ep_len_mean     | 8.42      |
|    ep_rew_mean     | -1.85e+05 |
| time/              |           |
|    episodes        | 53094     |
|    fps             | 156       |
|    time_elapsed    | 4533      |
|    total_timesteps | 710000    |
| train/             |           |
|    actor_loss      | 2.4e+06   |
|    critic_loss     | 2.59e+05  |
|    ent_coef        | 714       |
|    ent_coef_loss   | -3.34     |
|    learning_rate   | 0.0003    |
|    n_updates       | 177474    |
----------------------------------
----------------------------------
| rollout/           |           |
|    ep_len_mean     | 11.3      |
|    ep_rew_mean     | -2.54e+05 |
| time/              |           |
|    episodes        | 53790     |
|    fps             | 156       |
|    time_elapsed    | 4601      |
|    total_timesteps | 720000    |
| train/             |           |
|    actor_loss      | 2.33e+06  |
|    critic_loss     | 2.63e+05  |
|    ent_coef        | 704       |
|    ent_coef_loss   | 1.54      |
|    learning_rate   | 0.0003    |
|    n_updates       | 179974    |
----------------------------------
----------------------------------
| rollout/           |           |
|    ep_len_mean     | 27.8      |
|    ep_rew_mean     | -9.37e+05 |
| time/              |           |
|    episodes        | 54349     |
|    fps             | 156       |
|    time_elapsed    | 4668      |
|    total_timesteps | 730000    |
| train/             |           |
|    actor_loss      | 2.3e+06   |
|    critic_loss     | 2.58e+05  |
|    ent_coef        | 690       |
|    ent_coef_loss   | 1.58      |
|    learning_rate   | 0.0003    |
|    n_updates       | 182474    |
----------------------------------
----------------------------------
| rollout/           |           |
|    ep_len_mean     | 23.1      |
|    ep_rew_mean     | -7.07e+05 |
| time/              |           |
|    episodes        | 54681     |
|    fps             | 156       |
|    time_elapsed    | 4735      |
|    total_timesteps | 740000    |
| train/             |           |
|    actor_loss      | 2.45e+06  |
|    critic_loss     | 2.64e+05  |
|    ent_coef        | 687       |
|    ent_coef_loss   | 0.869     |
|    learning_rate   | 0.0003    |
|    n_updates       | 184974    |
----------------------------------
----------------------------------
| rollout/           |           |
|    ep_len_mean     | 87.9      |
|    ep_rew_mean     | -3.22e+06 |
| time/              |           |
|    episodes        | 54803     |
|    fps             | 156       |
|    time_elapsed    | 4802      |
|    total_timesteps | 750000    |
| train/             |           |
|    actor_loss      | 2.52e+06  |
|    critic_loss     | 2.67e+05  |
|    ent_coef        | 674       |
|    ent_coef_loss   | 2.29      |
|    learning_rate   | 0.0003    |
|    n_updates       | 187474    |
----------------------------------
----------------------------------
| rollout/           |           |
|    ep_len_mean     | 54.7      |
|    ep_rew_mean     | -1.92e+06 |
| time/              |           |
|    episodes        | 54948     |
|    fps             | 156       |
|    time_elapsed    | 4869      |
|    total_timesteps | 760000    |
| train/             |           |
|    actor_loss      | 2.6e+06   |
|    critic_loss     | 2.46e+05  |
|    ent_coef        | 682       |
|    ent_coef_loss   | 0.571     |
|    learning_rate   | 0.0003    |
|    n_updates       | 189974    |
----------------------------------
----------------------------------
| rollout/           |           |
|    ep_len_mean     | 20.3      |
|    ep_rew_mean     | -6.05e+05 |
| time/              |           |
|    episodes        | 55316     |
|    fps             | 155       |
|    time_elapsed    | 4937      |
|    total_timesteps | 770000    |
| train/             |           |
|    actor_loss      | 2.58e+06  |
|    critic_loss     | 2.44e+05  |
|    ent_coef        | 681       |
|    ent_coef_loss   | -1.26     |
|    learning_rate   | 0.0003    |
|    n_updates       | 192474    |
----------------------------------
----------------------------------
| rollout/           |           |
|    ep_len_mean     | 8.99      |
|    ep_rew_mean     | -1.58e+05 |
| time/              |           |
|    episodes        | 56070     |
|    fps             | 155       |
|    time_elapsed    | 5004      |
|    total_timesteps | 780000    |
| train/             |           |
|    actor_loss      | 2.63e+06  |
|    critic_loss     | 2.49e+05  |
|    ent_coef        | 671       |
|    ent_coef_loss   | -4.91     |
|    learning_rate   | 0.0003    |
|    n_updates       | 194974    |
----------------------------------
----------------------------------
| rollout/           |           |
|    ep_len_mean     | 7.84      |
|    ep_rew_mean     | -1.45e+05 |
| time/              |           |
|    episodes        | 56831     |
|    fps             | 155       |
|    time_elapsed    | 5072      |
|    total_timesteps | 790000    |
| train/             |           |
|    actor_loss      | 2.54e+06  |
|    critic_loss     | 2.61e+05  |
|    ent_coef        | 671       |
|    ent_coef_loss   | 1.94      |
|    learning_rate   | 0.0003    |
|    n_updates       | 197474    |
----------------------------------
----------------------------------
| rollout/           |           |
|    ep_len_mean     | 6.03      |
|    ep_rew_mean     | -1.23e+05 |
| time/              |           |
|    episodes        | 58367     |
|    fps             | 155       |
|    time_elapsed    | 5140      |
|    total_timesteps | 800000    |
| train/             |           |
|    actor_loss      | 2.47e+06  |
|    critic_loss     | 2.7e+05   |
|    ent_coef        | 661       |
|    ent_coef_loss   | 2.42      |
|    learning_rate   | 0.0003    |
|    n_updates       | 199974    |
----------------------------------
----------------------------------
| rollout/           |           |
|    ep_len_mean     | 5.99      |
|    ep_rew_mean     | -1.25e+05 |
| time/              |           |
|    episodes        | 60005     |
|    fps             | 155       |
|    time_elapsed    | 5207      |
|    total_timesteps | 810000    |
| train/             |           |
|    actor_loss      | 2.53e+06  |
|    critic_loss     | 2.57e+05  |
|    ent_coef        | 664       |
|    ent_coef_loss   | 2.38      |
|    learning_rate   | 0.0003    |
|    n_updates       | 202474    |
----------------------------------
----------------------------------
| rollout/           |           |
|    ep_len_mean     | 6.12      |
|    ep_rew_mean     | -1.29e+05 |
| time/              |           |
|    episodes        | 61690     |
|    fps             | 155       |
|    time_elapsed    | 5274      |
|    total_timesteps | 820000    |
| train/             |           |
|    actor_loss      | 2.69e+06  |
|    critic_loss     | 2.63e+05  |
|    ent_coef        | 652       |
|    ent_coef_loss   | -1.32     |
|    learning_rate   | 0.0003    |
|    n_updates       | 204974    |
----------------------------------
---------------------------------
| rollout/           |          |
|    ep_len_mean     | 5.99     |
|    ep_rew_mean     | -1.3e+05 |
| time/              |          |
|    episodes        | 63362    |
|    fps             | 155      |
|    time_elapsed    | 5340     |
|    total_timesteps | 830000   |
| train/             |          |
|    actor_loss      | 2.44e+06 |
|    critic_loss     | 2.58e+05 |
|    ent_coef        | 632      |
|    ent_coef_loss   | -3.69    |
|    learning_rate   | 0.0003   |
|    n_updates       | 207474   |
---------------------------------
----------------------------------
| rollout/           |           |
|    ep_len_mean     | 6.03      |
|    ep_rew_mean     | -1.32e+05 |
| time/              |           |
|    episodes        | 65025     |
|    fps             | 155       |
|    time_elapsed    | 5407      |
|    total_timesteps | 840000    |
| train/             |           |
|    actor_loss      | 2.45e+06  |
|    critic_loss     | 2.46e+05  |
|    ent_coef        | 603       |
|    ent_coef_loss   | 1.97      |
|    learning_rate   | 0.0003    |
|    n_updates       | 209974    |
----------------------------------
----------------------------------
| rollout/           |           |
|    ep_len_mean     | 6.1       |
|    ep_rew_mean     | -1.34e+05 |
| time/              |           |
|    episodes        | 66674     |
|    fps             | 155       |
|    time_elapsed    | 5473      |
|    total_timesteps | 850000    |
| train/             |           |
|    actor_loss      | 2.27e+06  |
|    critic_loss     | 2.67e+05  |
|    ent_coef        | 597       |
|    ent_coef_loss   | -0.71     |
|    learning_rate   | 0.0003    |
|    n_updates       | 212474    |
----------------------------------
----------------------------------
| rollout/           |           |
|    ep_len_mean     | 6.14      |
|    ep_rew_mean     | -1.34e+05 |
| time/              |           |
|    episodes        | 68313     |
|    fps             | 155       |
|    time_elapsed    | 5541      |
|    total_timesteps | 860000    |
| train/             |           |
|    actor_loss      | 2.08e+06  |
|    critic_loss     | 2.7e+05   |
|    ent_coef        | 556       |
|    ent_coef_loss   | 2.16      |
|    learning_rate   | 0.0003    |
|    n_updates       | 214974    |
----------------------------------
----------------------------------
| rollout/           |           |
|    ep_len_mean     | 5.97      |
|    ep_rew_mean     | -1.33e+05 |
| time/              |           |
|    episodes        | 69949     |
|    fps             | 155       |
|    time_elapsed    | 5610      |
|    total_timesteps | 870000    |
| train/             |           |
|    actor_loss      | 2.17e+06  |
|    critic_loss     | 2.51e+05  |
|    ent_coef        | 534       |
|    ent_coef_loss   | 1.29      |
|    learning_rate   | 0.0003    |
|    n_updates       | 217474    |
----------------------------------
----------------------------------
| rollout/           |           |
|    ep_len_mean     | 6.16      |
|    ep_rew_mean     | -1.34e+05 |
| time/              |           |
|    episodes        | 71583     |
|    fps             | 154       |
|    time_elapsed    | 5679      |
|    total_timesteps | 880000    |
| train/             |           |
|    actor_loss      | 1.89e+06  |
|    critic_loss     | 2.48e+05  |
|    ent_coef        | 505       |
|    ent_coef_loss   | -1.34     |
|    learning_rate   | 0.0003    |
|    n_updates       | 219974    |
----------------------------------
----------------------------------
| rollout/           |           |
|    ep_len_mean     | 6.22      |
|    ep_rew_mean     | -1.33e+05 |
| time/              |           |
|    episodes        | 73225     |
|    fps             | 154       |
|    time_elapsed    | 5747      |
|    total_timesteps | 890000    |
| train/             |           |
|    actor_loss      | 2.13e+06  |
|    critic_loss     | 2.29e+05  |
|    ent_coef        | 486       |
|    ent_coef_loss   | 1.55      |
|    learning_rate   | 0.0003    |
|    n_updates       | 222474    |
----------------------------------
----------------------------------
| rollout/           |           |
|    ep_len_mean     | 6.02      |
|    ep_rew_mean     | -1.26e+05 |
| time/              |           |
|    episodes        | 74853     |
|    fps             | 154       |
|    time_elapsed    | 5815      |
|    total_timesteps | 900000    |
| train/             |           |
|    actor_loss      | 1.79e+06  |
|    critic_loss     | 2.18e+05  |
|    ent_coef        | 467       |
|    ent_coef_loss   | 1.43      |
|    learning_rate   | 0.0003    |
|    n_updates       | 224974    |
----------------------------------
----------------------------------
| rollout/           |           |
|    ep_len_mean     | 6.05      |
|    ep_rew_mean     | -1.23e+05 |
| time/              |           |
|    episodes        | 76438     |
|    fps             | 154       |
|    time_elapsed    | 5884      |
|    total_timesteps | 910000    |
| train/             |           |
|    actor_loss      | 1.67e+06  |
|    critic_loss     | 2.36e+05  |
|    ent_coef        | 449       |
|    ent_coef_loss   | 3.43      |
|    learning_rate   | 0.0003    |
|    n_updates       | 227474    |
----------------------------------
----------------------------------
| rollout/           |           |
|    ep_len_mean     | 7.51      |
|    ep_rew_mean     | -1.55e+05 |
| time/              |           |
|    episodes        | 77836     |
|    fps             | 154       |
|    time_elapsed    | 5952      |
|    total_timesteps | 920000    |
| train/             |           |
|    actor_loss      | 1.64e+06  |
|    critic_loss     | 2.06e+05  |
|    ent_coef        | 423       |
|    ent_coef_loss   | -0.27     |
|    learning_rate   | 0.0003    |
|    n_updates       | 229974    |
----------------------------------
---------------------------------
| rollout/           |          |
|    ep_len_mean     | 7.22     |
|    ep_rew_mean     | -1.5e+05 |
| time/              |          |
|    episodes        | 79105    |
|    fps             | 154      |
|    time_elapsed    | 6018     |
|    total_timesteps | 930000   |
| train/             |          |
|    actor_loss      | 1.58e+06 |
|    critic_loss     | 1.85e+05 |
|    ent_coef        | 402      |
|    ent_coef_loss   | 0.639    |
|    learning_rate   | 0.0003   |
|    n_updates       | 232474   |
---------------------------------
----------------------------------
| rollout/           |           |
|    ep_len_mean     | 8.86      |
|    ep_rew_mean     | -1.95e+05 |
| time/              |           |
|    episodes        | 79929     |
|    fps             | 154       |
|    time_elapsed    | 6083      |
|    total_timesteps | 940000    |
| train/             |           |
|    actor_loss      | 1.56e+06  |
|    critic_loss     | 1.8e+05   |
|    ent_coef        | 403       |
|    ent_coef_loss   | -2.58     |
|    learning_rate   | 0.0003    |
|    n_updates       | 234974    |
----------------------------------
----------------------------------
| rollout/           |           |
|    ep_len_mean     | 6.11      |
|    ep_rew_mean     | -1.34e+05 |
| time/              |           |
|    episodes        | 80949     |
|    fps             | 154       |
|    time_elapsed    | 6147      |
|    total_timesteps | 950000    |
| train/             |           |
|    actor_loss      | 1.48e+06  |
|    critic_loss     | 1.83e+05  |
|    ent_coef        | 434       |
|    ent_coef_loss   | 4.31      |
|    learning_rate   | 0.0003    |
|    n_updates       | 237474    |
----------------------------------
----------------------------------
| rollout/           |           |
|    ep_len_mean     | 5.06      |
|    ep_rew_mean     | -1.24e+05 |
| time/              |           |
|    episodes        | 82378     |
|    fps             | 154       |
|    time_elapsed    | 6211      |
|    total_timesteps | 960000    |
| train/             |           |
|    actor_loss      | 1.42e+06  |
|    critic_loss     | 1.66e+05  |
|    ent_coef        | 448       |
|    ent_coef_loss   | 0.441     |
|    learning_rate   | 0.0003    |
|    n_updates       | 239974    |
----------------------------------
----------------------------------
| rollout/           |           |
|    ep_len_mean     | 4.07      |
|    ep_rew_mean     | -9.64e+04 |
| time/              |           |
|    episodes        | 84554     |
|    fps             | 154       |
|    time_elapsed    | 6275      |
|    total_timesteps | 970000    |
| train/             |           |
|    actor_loss      | 1.62e+06  |
|    critic_loss     | 1.61e+05  |
|    ent_coef        | 457       |
|    ent_coef_loss   | -3.27     |
|    learning_rate   | 0.0003    |
|    n_updates       | 242474    |
----------------------------------
----------------------------------
| rollout/           |           |
|    ep_len_mean     | 4.38      |
|    ep_rew_mean     | -1.01e+05 |
| time/              |           |
|    episodes        | 86873     |
|    fps             | 154       |
|    time_elapsed    | 6340      |
|    total_timesteps | 980000    |
| train/             |           |
|    actor_loss      | 1.58e+06  |
|    critic_loss     | 1.37e+05  |
|    ent_coef        | 460       |
|    ent_coef_loss   | 1.68      |
|    learning_rate   | 0.0003    |
|    n_updates       | 244974    |
----------------------------------
----------------------------------
| rollout/           |           |
|    ep_len_mean     | 4.19      |
|    ep_rew_mean     | -9.88e+04 |
| time/              |           |
|    episodes        | 89223     |
|    fps             | 154       |
|    time_elapsed    | 6404      |
|    total_timesteps | 990000    |
| train/             |           |
|    actor_loss      | 1.41e+06  |
|    critic_loss     | 1.31e+05  |
|    ent_coef        | 463       |
|    ent_coef_loss   | -1.24     |
|    learning_rate   | 0.0003    |
|    n_updates       | 247474    |
----------------------------------
----------------------------------
| rollout/           |           |
|    ep_len_mean     | 4.51      |
|    ep_rew_mean     | -1.01e+05 |
| time/              |           |
|    episodes        | 91502     |
|    fps             | 154       |
|    time_elapsed    | 6468      |
|    total_timesteps | 1000000   |
| train/             |           |
|    actor_loss      | 1.43e+06  |
|    critic_loss     | 1.27e+05  |
|    ent_coef        | 457       |
|    ent_coef_loss   | -1.26     |
|    learning_rate   | 0.0003    |
|    n_updates       | 249974    |
----------------------------------
Training ended on Wed Jan 28 01:21:18 2026
Training lasted 1:47:48.174044
