Logging to training_default_logs/4_robots/logs/TRPO_set7
Using cpu device
Training started on Tue Jan 27 23:35:33 2026
Experiment configuration: {'algorithm': 'TRPO', 'set': 7, 'verbose': 1, 'steps': 1000000, 'num_robots': 4, 'num_envs': 4, 'seed': 33, 'log_steps': 10000, 'resume': False, 'device': 'cpu'}
-----------------------------------------
| rollout/                  |           |
|    ep_len_mean            | 25.4      |
|    ep_rew_mean            | -4.43e+05 |
| time/                     |           |
|    fps                    | 1635      |
|    time_elapsed           | 6         |
|    total_timesteps        | 10000     |
| train/                    |           |
|    explained_variance     | 7.15e-07  |
|    is_line_search_success | 1         |
|    kl_divergence_loss     | 0.00746   |
|    learning_rate          | 0.001     |
|    n_updates              | 1         |
|    policy_objective       | 0.0626    |
|    std                    | 1         |
|    value_loss             | 3.67e+10  |
-----------------------------------------
-----------------------------------------
| rollout/                  |           |
|    ep_len_mean            | 22.6      |
|    ep_rew_mean            | -4.01e+05 |
| time/                     |           |
|    fps                    | 1647      |
|    time_elapsed           | 12        |
|    total_timesteps        | 20000     |
| train/                    |           |
|    explained_variance     | -1.19e-07 |
|    is_line_search_success | 1         |
|    kl_divergence_loss     | 0.00819   |
|    learning_rate          | 0.001     |
|    n_updates              | 2         |
|    policy_objective       | 0.038     |
|    std                    | 0.996     |
|    value_loss             | 3.88e+10  |
-----------------------------------------
-----------------------------------------
| rollout/                  |           |
|    ep_len_mean            | 17.8      |
|    ep_rew_mean            | -3.16e+05 |
| time/                     |           |
|    fps                    | 1649      |
|    time_elapsed           | 18        |
|    total_timesteps        | 30000     |
| train/                    |           |
|    explained_variance     | 0         |
|    is_line_search_success | 1         |
|    kl_divergence_loss     | 0.00439   |
|    learning_rate          | 0.001     |
|    n_updates              | 3         |
|    policy_objective       | 0.0378    |
|    std                    | 0.995     |
|    value_loss             | 3.23e+10  |
-----------------------------------------
-----------------------------------------
| rollout/                  |           |
|    ep_len_mean            | 17        |
|    ep_rew_mean            | -3.01e+05 |
| time/                     |           |
|    fps                    | 1646      |
|    time_elapsed           | 24        |
|    total_timesteps        | 40000     |
| train/                    |           |
|    explained_variance     | 1.19e-07  |
|    is_line_search_success | 1         |
|    kl_divergence_loss     | 0.00798   |
|    learning_rate          | 0.001     |
|    n_updates              | 4         |
|    policy_objective       | 0.0477    |
|    std                    | 0.989     |
|    value_loss             | 2.9e+10   |
-----------------------------------------
-----------------------------------------
| rollout/                  |           |
|    ep_len_mean            | 11.3      |
|    ep_rew_mean            | -2.22e+05 |
| time/                     |           |
|    fps                    | 1578      |
|    time_elapsed           | 31        |
|    total_timesteps        | 50000     |
| train/                    |           |
|    explained_variance     | -1.19e-07 |
|    is_line_search_success | 1         |
|    kl_divergence_loss     | 0.0067    |
|    learning_rate          | 0.001     |
|    n_updates              | 6         |
|    policy_objective       | 0.0515    |
|    std                    | 0.987     |
|    value_loss             | 2.37e+10  |
-----------------------------------------
-----------------------------------------
| rollout/                  |           |
|    ep_len_mean            | 11.7      |
|    ep_rew_mean            | -2.24e+05 |
| time/                     |           |
|    fps                    | 1585      |
|    time_elapsed           | 37        |
|    total_timesteps        | 60000     |
| train/                    |           |
|    explained_variance     | 0         |
|    is_line_search_success | 1         |
|    kl_divergence_loss     | 0.0058    |
|    learning_rate          | 0.001     |
|    n_updates              | 7         |
|    policy_objective       | 0.0342    |
|    std                    | 0.968     |
|    value_loss             | 2.24e+10  |
-----------------------------------------
-----------------------------------------
| rollout/                  |           |
|    ep_len_mean            | 8.47      |
|    ep_rew_mean            | -1.82e+05 |
| time/                     |           |
|    fps                    | 1589      |
|    time_elapsed           | 44        |
|    total_timesteps        | 70000     |
| train/                    |           |
|    explained_variance     | 1.19e-07  |
|    is_line_search_success | 1         |
|    kl_divergence_loss     | 0.0081    |
|    learning_rate          | 0.001     |
|    n_updates              | 8         |
|    policy_objective       | 0.0582    |
|    std                    | 0.962     |
|    value_loss             | 2.08e+10  |
-----------------------------------------
-----------------------------------------
| rollout/                  |           |
|    ep_len_mean            | 9.38      |
|    ep_rew_mean            | -1.91e+05 |
| time/                     |           |
|    fps                    | 1591      |
|    time_elapsed           | 50        |
|    total_timesteps        | 80000     |
| train/                    |           |
|    explained_variance     | 2.38e-07  |
|    is_line_search_success | 1         |
|    kl_divergence_loss     | 0.00489   |
|    learning_rate          | 0.001     |
|    n_updates              | 9         |
|    policy_objective       | 0.0477    |
|    std                    | 0.955     |
|    value_loss             | 1.86e+10  |
-----------------------------------------
-----------------------------------------
| rollout/                  |           |
|    ep_len_mean            | 7.33      |
|    ep_rew_mean            | -1.67e+05 |
| time/                     |           |
|    fps                    | 1593      |
|    time_elapsed           | 56        |
|    total_timesteps        | 90000     |
| train/                    |           |
|    explained_variance     | 1.79e-07  |
|    is_line_search_success | 1         |
|    kl_divergence_loss     | 0.00423   |
|    learning_rate          | 0.001     |
|    n_updates              | 10        |
|    policy_objective       | 0.0432    |
|    std                    | 0.95      |
|    value_loss             | 1.66e+10  |
-----------------------------------------
-----------------------------------------
| rollout/                  |           |
|    ep_len_mean            | 7.95      |
|    ep_rew_mean            | -1.72e+05 |
| time/                     |           |
|    fps                    | 1564      |
|    time_elapsed           | 63        |
|    total_timesteps        | 100000    |
| train/                    |           |
|    explained_variance     | 0         |
|    is_line_search_success | 1         |
|    kl_divergence_loss     | 0.0082    |
|    learning_rate          | 0.001     |
|    n_updates              | 12        |
|    policy_objective       | 0.0263    |
|    std                    | 0.933     |
|    value_loss             | 1.45e+10  |
-----------------------------------------
-----------------------------------------
| rollout/                  |           |
|    ep_len_mean            | 5.63      |
|    ep_rew_mean            | -1.47e+05 |
| time/                     |           |
|    fps                    | 1568      |
|    time_elapsed           | 70        |
|    total_timesteps        | 110000    |
| train/                    |           |
|    explained_variance     | -2.38e-07 |
|    is_line_search_success | 1         |
|    kl_divergence_loss     | 0.00599   |
|    learning_rate          | 0.001     |
|    n_updates              | 13        |
|    policy_objective       | 0.067     |
|    std                    | 0.922     |
|    value_loss             | 1.57e+10  |
-----------------------------------------
-----------------------------------------
| rollout/                  |           |
|    ep_len_mean            | 5.84      |
|    ep_rew_mean            | -1.49e+05 |
| time/                     |           |
|    fps                    | 1570      |
|    time_elapsed           | 76        |
|    total_timesteps        | 120000    |
| train/                    |           |
|    explained_variance     | 0         |
|    is_line_search_success | 1         |
|    kl_divergence_loss     | 0.00679   |
|    learning_rate          | 0.001     |
|    n_updates              | 14        |
|    policy_objective       | 0.0265    |
|    std                    | 0.913     |
|    value_loss             | 1.34e+10  |
-----------------------------------------
-----------------------------------------
| rollout/                  |           |
|    ep_len_mean            | 4.36      |
|    ep_rew_mean            | -1.33e+05 |
| time/                     |           |
|    fps                    | 1571      |
|    time_elapsed           | 82        |
|    total_timesteps        | 130000    |
| train/                    |           |
|    explained_variance     | 2.98e-07  |
|    is_line_search_success | 1         |
|    kl_divergence_loss     | 0.0092    |
|    learning_rate          | 0.001     |
|    n_updates              | 15        |
|    policy_objective       | 0.0751    |
|    std                    | 0.9       |
|    value_loss             | 1.36e+10  |
-----------------------------------------
-----------------------------------------
| rollout/                  |           |
|    ep_len_mean            | 4.14      |
|    ep_rew_mean            | -1.31e+05 |
| time/                     |           |
|    fps                    | 1550      |
|    time_elapsed           | 90        |
|    total_timesteps        | 140000    |
| train/                    |           |
|    explained_variance     | -2.38e-07 |
|    is_line_search_success | 1         |
|    kl_divergence_loss     | 0.00983   |
|    learning_rate          | 0.001     |
|    n_updates              | 17        |
|    policy_objective       | 0.0453    |
|    std                    | 0.882     |
|    value_loss             | 1.2e+10   |
-----------------------------------------
----------------------------------------
| rollout/                  |          |
|    ep_len_mean            | 4.03     |
|    ep_rew_mean            | -1.3e+05 |
| time/                     |          |
|    fps                    | 1552     |
|    time_elapsed           | 96       |
|    total_timesteps        | 150000   |
| train/                    |          |
|    explained_variance     | 5.96e-08 |
|    is_line_search_success | 1        |
|    kl_divergence_loss     | 0.00493  |
|    learning_rate          | 0.001    |
|    n_updates              | 18       |
|    policy_objective       | 0.0521   |
|    std                    | 0.872    |
|    value_loss             | 1.2e+10  |
----------------------------------------
-----------------------------------------
| rollout/                  |           |
|    ep_len_mean            | 3.91      |
|    ep_rew_mean            | -1.28e+05 |
| time/                     |           |
|    fps                    | 1553      |
|    time_elapsed           | 102       |
|    total_timesteps        | 160000    |
| train/                    |           |
|    explained_variance     | -2.38e-07 |
|    is_line_search_success | 1         |
|    kl_divergence_loss     | 0.00415   |
|    learning_rate          | 0.001     |
|    n_updates              | 19        |
|    policy_objective       | 0.017     |
|    std                    | 0.867     |
|    value_loss             | 1.16e+10  |
-----------------------------------------
-----------------------------------------
| rollout/                  |           |
|    ep_len_mean            | 4.08      |
|    ep_rew_mean            | -1.31e+05 |
| time/                     |           |
|    fps                    | 1553      |
|    time_elapsed           | 109       |
|    total_timesteps        | 170000    |
| train/                    |           |
|    explained_variance     | 2.38e-07  |
|    is_line_search_success | 1         |
|    kl_divergence_loss     | 0.00765   |
|    learning_rate          | 0.001     |
|    n_updates              | 20        |
|    policy_objective       | 0.00127   |
|    std                    | 0.857     |
|    value_loss             | 1.15e+10  |
-----------------------------------------
-----------------------------------------
| rollout/                  |           |
|    ep_len_mean            | 3.63      |
|    ep_rew_mean            | -1.25e+05 |
| time/                     |           |
|    fps                    | 1554      |
|    time_elapsed           | 115       |
|    total_timesteps        | 180000    |
| train/                    |           |
|    explained_variance     | 0         |
|    is_line_search_success | 1         |
|    kl_divergence_loss     | 0.00653   |
|    learning_rate          | 0.001     |
|    n_updates              | 21        |
|    policy_objective       | 0.0676    |
|    std                    | 0.854     |
|    value_loss             | 1.16e+10  |
-----------------------------------------
-----------------------------------------
| rollout/                  |           |
|    ep_len_mean            | 3.67      |
|    ep_rew_mean            | -1.26e+05 |
| time/                     |           |
|    fps                    | 1538      |
|    time_elapsed           | 123       |
|    total_timesteps        | 190000    |
| train/                    |           |
|    explained_variance     | 2.38e-07  |
|    is_line_search_success | 1         |
|    kl_divergence_loss     | 0.00367   |
|    learning_rate          | 0.001     |
|    n_updates              | 23        |
|    policy_objective       | 0.0458    |
|    std                    | 0.841     |
|    value_loss             | 1.13e+10  |
-----------------------------------------
-----------------------------------------
| rollout/                  |           |
|    ep_len_mean            | 3.47      |
|    ep_rew_mean            | -1.24e+05 |
| time/                     |           |
|    fps                    | 1539      |
|    time_elapsed           | 129       |
|    total_timesteps        | 200000    |
| train/                    |           |
|    explained_variance     | 1.19e-07  |
|    is_line_search_success | 1         |
|    kl_divergence_loss     | 0.00555   |
|    learning_rate          | 0.001     |
|    n_updates              | 24        |
|    policy_objective       | 0.0232    |
|    std                    | 0.836     |
|    value_loss             | 1.1e+10   |
-----------------------------------------
-----------------------------------------
| rollout/                  |           |
|    ep_len_mean            | 3.37      |
|    ep_rew_mean            | -1.23e+05 |
| time/                     |           |
|    fps                    | 1539      |
|    time_elapsed           | 136       |
|    total_timesteps        | 210000    |
| train/                    |           |
|    explained_variance     | -1.19e-07 |
|    is_line_search_success | 1         |
|    kl_divergence_loss     | 0.0067    |
|    learning_rate          | 0.001     |
|    n_updates              | 25        |
|    policy_objective       | 0.0513    |
|    std                    | 0.828     |
|    value_loss             | 1.1e+10   |
-----------------------------------------
-----------------------------------------
| rollout/                  |           |
|    ep_len_mean            | 3.56      |
|    ep_rew_mean            | -1.25e+05 |
| time/                     |           |
|    fps                    | 1540      |
|    time_elapsed           | 142       |
|    total_timesteps        | 220000    |
| train/                    |           |
|    explained_variance     | 0         |
|    is_line_search_success | 1         |
|    kl_divergence_loss     | 0.00644   |
|    learning_rate          | 0.001     |
|    n_updates              | 26        |
|    policy_objective       | 0.0394    |
|    std                    | 0.821     |
|    value_loss             | 1.09e+10  |
-----------------------------------------
-----------------------------------------
| rollout/                  |           |
|    ep_len_mean            | 3.24      |
|    ep_rew_mean            | -1.21e+05 |
| time/                     |           |
|    fps                    | 1526      |
|    time_elapsed           | 150       |
|    total_timesteps        | 230000    |
| train/                    |           |
|    explained_variance     | 0         |
|    is_line_search_success | 1         |
|    kl_divergence_loss     | 0.00467   |
|    learning_rate          | 0.001     |
|    n_updates              | 28        |
|    policy_objective       | 0.0465    |
|    std                    | 0.811     |
|    value_loss             | 1.07e+10  |
-----------------------------------------
-----------------------------------------
| rollout/                  |           |
|    ep_len_mean            | 3.2       |
|    ep_rew_mean            | -1.21e+05 |
| time/                     |           |
|    fps                    | 1526      |
|    time_elapsed           | 157       |
|    total_timesteps        | 240000    |
| train/                    |           |
|    explained_variance     | 0         |
|    is_line_search_success | 1         |
|    kl_divergence_loss     | 0.0068    |
|    learning_rate          | 0.001     |
|    n_updates              | 29        |
|    policy_objective       | 0.03      |
|    std                    | 0.805     |
|    value_loss             | 1.06e+10  |
-----------------------------------------
----------------------------------------
| rollout/                  |          |
|    ep_len_mean            | 3.08     |
|    ep_rew_mean            | -1.2e+05 |
| time/                     |          |
|    fps                    | 1526     |
|    time_elapsed           | 163      |
|    total_timesteps        | 250000   |
| train/                    |          |
|    explained_variance     | 0        |
|    is_line_search_success | 1        |
|    kl_divergence_loss     | 0.00576  |
|    learning_rate          | 0.001    |
|    n_updates              | 30       |
|    policy_objective       | 0.0314   |
|    std                    | 0.801    |
|    value_loss             | 1.06e+10 |
----------------------------------------
----------------------------------------
| rollout/                  |          |
|    ep_len_mean            | 3.11     |
|    ep_rew_mean            | -1.2e+05 |
| time/                     |          |
|    fps                    | 1526     |
|    time_elapsed           | 170      |
|    total_timesteps        | 260000   |
| train/                    |          |
|    explained_variance     | 0        |
|    is_line_search_success | 1        |
|    kl_divergence_loss     | 0.00503  |
|    learning_rate          | 0.001    |
|    n_updates              | 31       |
|    policy_objective       | 0.0216   |
|    std                    | 0.795    |
|    value_loss             | 1.05e+10 |
----------------------------------------
-----------------------------------------
| rollout/                  |           |
|    ep_len_mean            | 3.06      |
|    ep_rew_mean            | -1.19e+05 |
| time/                     |           |
|    fps                    | 1526      |
|    time_elapsed           | 176       |
|    total_timesteps        | 270000    |
| train/                    |           |
|    explained_variance     | 0         |
|    is_line_search_success | 1         |
|    kl_divergence_loss     | 0.00683   |
|    learning_rate          | 0.001     |
|    n_updates              | 32        |
|    policy_objective       | 0.0434    |
|    std                    | 0.784     |
|    value_loss             | 1.05e+10  |
-----------------------------------------
-----------------------------------------
| rollout/                  |           |
|    ep_len_mean            | 3.03      |
|    ep_rew_mean            | -1.19e+05 |
| time/                     |           |
|    fps                    | 1516      |
|    time_elapsed           | 184       |
|    total_timesteps        | 280000    |
| train/                    |           |
|    explained_variance     | 5.96e-08  |
|    is_line_search_success | 1         |
|    kl_divergence_loss     | 0.00986   |
|    learning_rate          | 0.001     |
|    n_updates              | 34        |
|    policy_objective       | 0.0439    |
|    std                    | 0.766     |
|    value_loss             | 1.04e+10  |
-----------------------------------------
-----------------------------------------
| rollout/                  |           |
|    ep_len_mean            | 3.01      |
|    ep_rew_mean            | -1.18e+05 |
| time/                     |           |
|    fps                    | 1515      |
|    time_elapsed           | 191       |
|    total_timesteps        | 290000    |
| train/                    |           |
|    explained_variance     | 0         |
|    is_line_search_success | 1         |
|    kl_divergence_loss     | 0.00638   |
|    learning_rate          | 0.001     |
|    n_updates              | 35        |
|    policy_objective       | 0.0339    |
|    std                    | 0.765     |
|    value_loss             | 1.04e+10  |
-----------------------------------------
-----------------------------------------
| rollout/                  |           |
|    ep_len_mean            | 3.03      |
|    ep_rew_mean            | -1.19e+05 |
| time/                     |           |
|    fps                    | 1515      |
|    time_elapsed           | 197       |
|    total_timesteps        | 300000    |
| train/                    |           |
|    explained_variance     | -1.19e-07 |
|    is_line_search_success | 1         |
|    kl_divergence_loss     | 0.00663   |
|    learning_rate          | 0.001     |
|    n_updates              | 36        |
|    policy_objective       | 0.00964   |
|    std                    | 0.762     |
|    value_loss             | 1.04e+10  |
-----------------------------------------
-----------------------------------------
| rollout/                  |           |
|    ep_len_mean            | 3         |
|    ep_rew_mean            | -1.18e+05 |
| time/                     |           |
|    fps                    | 1515      |
|    time_elapsed           | 204       |
|    total_timesteps        | 310000    |
| train/                    |           |
|    explained_variance     | 0         |
|    is_line_search_success | 1         |
|    kl_divergence_loss     | 0.0068    |
|    learning_rate          | 0.001     |
|    n_updates              | 37        |
|    policy_objective       | 0.0143    |
|    std                    | 0.758     |
|    value_loss             | 1.04e+10  |
-----------------------------------------
-----------------------------------------
| rollout/                  |           |
|    ep_len_mean            | 3         |
|    ep_rew_mean            | -1.18e+05 |
| time/                     |           |
|    fps                    | 1505      |
|    time_elapsed           | 212       |
|    total_timesteps        | 320000    |
| train/                    |           |
|    explained_variance     | 0         |
|    is_line_search_success | 1         |
|    kl_divergence_loss     | 0.00662   |
|    learning_rate          | 0.001     |
|    n_updates              | 39        |
|    policy_objective       | 0.0347    |
|    std                    | 0.75      |
|    value_loss             | 1.04e+10  |
-----------------------------------------
-----------------------------------------
| rollout/                  |           |
|    ep_len_mean            | 3         |
|    ep_rew_mean            | -1.18e+05 |
| time/                     |           |
|    fps                    | 1504      |
|    time_elapsed           | 219       |
|    total_timesteps        | 330000    |
| train/                    |           |
|    explained_variance     | 0         |
|    is_line_search_success | 1         |
|    kl_divergence_loss     | 0.00658   |
|    learning_rate          | 0.001     |
|    n_updates              | 40        |
|    policy_objective       | 0.0135    |
|    std                    | 0.751     |
|    value_loss             | 1.03e+10  |
-----------------------------------------
-----------------------------------------
| rollout/                  |           |
|    ep_len_mean            | 3.01      |
|    ep_rew_mean            | -1.18e+05 |
| time/                     |           |
|    fps                    | 1504      |
|    time_elapsed           | 226       |
|    total_timesteps        | 340000    |
| train/                    |           |
|    explained_variance     | 0         |
|    is_line_search_success | 1         |
|    kl_divergence_loss     | 0.00763   |
|    learning_rate          | 0.001     |
|    n_updates              | 41        |
|    policy_objective       | 0.0275    |
|    std                    | 0.748     |
|    value_loss             | 1.03e+10  |
-----------------------------------------
-----------------------------------------
| rollout/                  |           |
|    ep_len_mean            | 3         |
|    ep_rew_mean            | -1.18e+05 |
| time/                     |           |
|    fps                    | 1503      |
|    time_elapsed           | 232       |
|    total_timesteps        | 350000    |
| train/                    |           |
|    explained_variance     | 0         |
|    is_line_search_success | 1         |
|    kl_divergence_loss     | 0.00935   |
|    learning_rate          | 0.001     |
|    n_updates              | 42        |
|    policy_objective       | 0.0287    |
|    std                    | 0.741     |
|    value_loss             | 1.04e+10  |
-----------------------------------------
-----------------------------------------
| rollout/                  |           |
|    ep_len_mean            | 3.03      |
|    ep_rew_mean            | -1.18e+05 |
| time/                     |           |
|    fps                    | 1503      |
|    time_elapsed           | 239       |
|    total_timesteps        | 360000    |
| train/                    |           |
|    explained_variance     | 0         |
|    is_line_search_success | 1         |
|    kl_divergence_loss     | 0.00941   |
|    learning_rate          | 0.001     |
|    n_updates              | 43        |
|    policy_objective       | 0.00963   |
|    std                    | 0.741     |
|    value_loss             | 1.03e+10  |
-----------------------------------------
-----------------------------------------
| rollout/                  |           |
|    ep_len_mean            | 3.01      |
|    ep_rew_mean            | -1.18e+05 |
| time/                     |           |
|    fps                    | 1494      |
|    time_elapsed           | 247       |
|    total_timesteps        | 370000    |
| train/                    |           |
|    explained_variance     | 0         |
|    is_line_search_success | 1         |
|    kl_divergence_loss     | 0.00672   |
|    learning_rate          | 0.001     |
|    n_updates              | 45        |
|    policy_objective       | 0.0175    |
|    std                    | 0.732     |
|    value_loss             | 1.03e+10  |
-----------------------------------------
-----------------------------------------
| rollout/                  |           |
|    ep_len_mean            | 3.07      |
|    ep_rew_mean            | -1.19e+05 |
| time/                     |           |
|    fps                    | 1494      |
|    time_elapsed           | 254       |
|    total_timesteps        | 380000    |
| train/                    |           |
|    explained_variance     | 0         |
|    is_line_search_success | 1         |
|    kl_divergence_loss     | 0.00659   |
|    learning_rate          | 0.001     |
|    n_updates              | 46        |
|    policy_objective       | 0.0281    |
|    std                    | 0.727     |
|    value_loss             | 1.03e+10  |
-----------------------------------------
-----------------------------------------
| rollout/                  |           |
|    ep_len_mean            | 3.03      |
|    ep_rew_mean            | -1.18e+05 |
| time/                     |           |
|    fps                    | 1494      |
|    time_elapsed           | 260       |
|    total_timesteps        | 390000    |
| train/                    |           |
|    explained_variance     | -1.19e-07 |
|    is_line_search_success | 1         |
|    kl_divergence_loss     | 0.007     |
|    learning_rate          | 0.001     |
|    n_updates              | 47        |
|    policy_objective       | 0.0326    |
|    std                    | 0.724     |
|    value_loss             | 1.03e+10  |
-----------------------------------------
-----------------------------------------
| rollout/                  |           |
|    ep_len_mean            | 3.02      |
|    ep_rew_mean            | -1.18e+05 |
| time/                     |           |
|    fps                    | 1493      |
|    time_elapsed           | 267       |
|    total_timesteps        | 400000    |
| train/                    |           |
|    explained_variance     | 0         |
|    is_line_search_success | 1         |
|    kl_divergence_loss     | 0.00421   |
|    learning_rate          | 0.001     |
|    n_updates              | 48        |
|    policy_objective       | 0.00774   |
|    std                    | 0.724     |
|    value_loss             | 1.03e+10  |
-----------------------------------------
-----------------------------------------
| rollout/                  |           |
|    ep_len_mean            | 3.07      |
|    ep_rew_mean            | -1.19e+05 |
| time/                     |           |
|    fps                    | 1486      |
|    time_elapsed           | 275       |
|    total_timesteps        | 410000    |
| train/                    |           |
|    explained_variance     | -1.19e-07 |
|    is_line_search_success | 1         |
|    kl_divergence_loss     | 0.00642   |
|    learning_rate          | 0.001     |
|    n_updates              | 50        |
|    policy_objective       | 0.0112    |
|    std                    | 0.718     |
|    value_loss             | 1.03e+10  |
-----------------------------------------
-----------------------------------------
| rollout/                  |           |
|    ep_len_mean            | 3.09      |
|    ep_rew_mean            | -1.19e+05 |
| time/                     |           |
|    fps                    | 1486      |
|    time_elapsed           | 282       |
|    total_timesteps        | 420000    |
| train/                    |           |
|    explained_variance     | 0         |
|    is_line_search_success | 1         |
|    kl_divergence_loss     | 0.00753   |
|    learning_rate          | 0.001     |
|    n_updates              | 51        |
|    policy_objective       | 0.0129    |
|    std                    | 0.715     |
|    value_loss             | 1.03e+10  |
-----------------------------------------
-----------------------------------------
| rollout/                  |           |
|    ep_len_mean            | 3.05      |
|    ep_rew_mean            | -1.19e+05 |
| time/                     |           |
|    fps                    | 1486      |
|    time_elapsed           | 289       |
|    total_timesteps        | 430000    |
| train/                    |           |
|    explained_variance     | 0         |
|    is_line_search_success | 1         |
|    kl_divergence_loss     | 0.00655   |
|    learning_rate          | 0.001     |
|    n_updates              | 52        |
|    policy_objective       | 0.0299    |
|    std                    | 0.713     |
|    value_loss             | 1.03e+10  |
-----------------------------------------
-----------------------------------------
| rollout/                  |           |
|    ep_len_mean            | 3.01      |
|    ep_rew_mean            | -1.18e+05 |
| time/                     |           |
|    fps                    | 1485      |
|    time_elapsed           | 296       |
|    total_timesteps        | 440000    |
| train/                    |           |
|    explained_variance     | 0         |
|    is_line_search_success | 1         |
|    kl_divergence_loss     | 0.006     |
|    learning_rate          | 0.001     |
|    n_updates              | 53        |
|    policy_objective       | 0.0173    |
|    std                    | 0.712     |
|    value_loss             | 1.02e+10  |
-----------------------------------------
-----------------------------------------
| rollout/                  |           |
|    ep_len_mean            | 3         |
|    ep_rew_mean            | -1.18e+05 |
| time/                     |           |
|    fps                    | 1485      |
|    time_elapsed           | 302       |
|    total_timesteps        | 450000    |
| train/                    |           |
|    explained_variance     | 0         |
|    is_line_search_success | 1         |
|    kl_divergence_loss     | 0.00625   |
|    learning_rate          | 0.001     |
|    n_updates              | 54        |
|    policy_objective       | 0.0326    |
|    std                    | 0.71      |
|    value_loss             | 1.03e+10  |
-----------------------------------------
-----------------------------------------
| rollout/                  |           |
|    ep_len_mean            | 3.01      |
|    ep_rew_mean            | -1.18e+05 |
| time/                     |           |
|    fps                    | 1479      |
|    time_elapsed           | 310       |
|    total_timesteps        | 460000    |
| train/                    |           |
|    explained_variance     | -1.19e-07 |
|    is_line_search_success | 1         |
|    kl_divergence_loss     | 0.00871   |
|    learning_rate          | 0.001     |
|    n_updates              | 56        |
|    policy_objective       | 0.0189    |
|    std                    | 0.711     |
|    value_loss             | 1.02e+10  |
-----------------------------------------
-----------------------------------------
| rollout/                  |           |
|    ep_len_mean            | 3         |
|    ep_rew_mean            | -1.18e+05 |
| time/                     |           |
|    fps                    | 1479      |
|    time_elapsed           | 317       |
|    total_timesteps        | 470000    |
| train/                    |           |
|    explained_variance     | -1.19e-07 |
|    is_line_search_success | 1         |
|    kl_divergence_loss     | 0.00634   |
|    learning_rate          | 0.001     |
|    n_updates              | 57        |
|    policy_objective       | 0.0123    |
|    std                    | 0.714     |
|    value_loss             | 1.02e+10  |
-----------------------------------------
-----------------------------------------
| rollout/                  |           |
|    ep_len_mean            | 3.01      |
|    ep_rew_mean            | -1.18e+05 |
| time/                     |           |
|    fps                    | 1479      |
|    time_elapsed           | 324       |
|    total_timesteps        | 480000    |
| train/                    |           |
|    explained_variance     | 0         |
|    is_line_search_success | 1         |
|    kl_divergence_loss     | 0.00635   |
|    learning_rate          | 0.001     |
|    n_updates              | 58        |
|    policy_objective       | 0.0233    |
|    std                    | 0.713     |
|    value_loss             | 1.02e+10  |
-----------------------------------------
-----------------------------------------
| rollout/                  |           |
|    ep_len_mean            | 3         |
|    ep_rew_mean            | -1.18e+05 |
| time/                     |           |
|    fps                    | 1478      |
|    time_elapsed           | 331       |
|    total_timesteps        | 490000    |
| train/                    |           |
|    explained_variance     | 0         |
|    is_line_search_success | 1         |
|    kl_divergence_loss     | 0.00866   |
|    learning_rate          | 0.001     |
|    n_updates              | 59        |
|    policy_objective       | 0.0315    |
|    std                    | 0.712     |
|    value_loss             | 1.02e+10  |
-----------------------------------------
-----------------------------------------
| rollout/                  |           |
|    ep_len_mean            | 3         |
|    ep_rew_mean            | -1.18e+05 |
| time/                     |           |
|    fps                    | 1472      |
|    time_elapsed           | 339       |
|    total_timesteps        | 500000    |
| train/                    |           |
|    explained_variance     | 5.96e-08  |
|    is_line_search_success | 1         |
|    kl_divergence_loss     | 0.00864   |
|    learning_rate          | 0.001     |
|    n_updates              | 61        |
|    policy_objective       | 0.0141    |
|    std                    | 0.712     |
|    value_loss             | 1.01e+10  |
-----------------------------------------
-----------------------------------------
| rollout/                  |           |
|    ep_len_mean            | 3         |
|    ep_rew_mean            | -1.18e+05 |
| time/                     |           |
|    fps                    | 1473      |
|    time_elapsed           | 346       |
|    total_timesteps        | 510000    |
| train/                    |           |
|    explained_variance     | -1.19e-07 |
|    is_line_search_success | 1         |
|    kl_divergence_loss     | 0.00776   |
|    learning_rate          | 0.001     |
|    n_updates              | 62        |
|    policy_objective       | 0.0232    |
|    std                    | 0.71      |
|    value_loss             | 1.01e+10  |
-----------------------------------------
-----------------------------------------
| rollout/                  |           |
|    ep_len_mean            | 3         |
|    ep_rew_mean            | -1.18e+05 |
| time/                     |           |
|    fps                    | 1472      |
|    time_elapsed           | 353       |
|    total_timesteps        | 520000    |
| train/                    |           |
|    explained_variance     | 0         |
|    is_line_search_success | 1         |
|    kl_divergence_loss     | 0.0096    |
|    learning_rate          | 0.001     |
|    n_updates              | 63        |
|    policy_objective       | 0.0225    |
|    std                    | 0.702     |
|    value_loss             | 1.01e+10  |
-----------------------------------------
-----------------------------------------
| rollout/                  |           |
|    ep_len_mean            | 3         |
|    ep_rew_mean            | -1.18e+05 |
| time/                     |           |
|    fps                    | 1472      |
|    time_elapsed           | 359       |
|    total_timesteps        | 530000    |
| train/                    |           |
|    explained_variance     | 0         |
|    is_line_search_success | 1         |
|    kl_divergence_loss     | 0.009     |
|    learning_rate          | 0.001     |
|    n_updates              | 64        |
|    policy_objective       | 0.0247    |
|    std                    | 0.698     |
|    value_loss             | 1.01e+10  |
-----------------------------------------
-----------------------------------------
| rollout/                  |           |
|    ep_len_mean            | 3.01      |
|    ep_rew_mean            | -1.18e+05 |
| time/                     |           |
|    fps                    | 1473      |
|    time_elapsed           | 366       |
|    total_timesteps        | 540000    |
| train/                    |           |
|    explained_variance     | -1.19e-07 |
|    is_line_search_success | 1         |
|    kl_divergence_loss     | 0.00891   |
|    learning_rate          | 0.001     |
|    n_updates              | 65        |
|    policy_objective       | 0.0184    |
|    std                    | 0.698     |
|    value_loss             | 1.01e+10  |
-----------------------------------------
-----------------------------------------
| rollout/                  |           |
|    ep_len_mean            | 3         |
|    ep_rew_mean            | -1.18e+05 |
| time/                     |           |
|    fps                    | 1468      |
|    time_elapsed           | 374       |
|    total_timesteps        | 550000    |
| train/                    |           |
|    explained_variance     | 0         |
|    is_line_search_success | 1         |
|    kl_divergence_loss     | 0.00951   |
|    learning_rate          | 0.001     |
|    n_updates              | 67        |
|    policy_objective       | 0.0266    |
|    std                    | 0.696     |
|    value_loss             | 1.01e+10  |
-----------------------------------------
-----------------------------------------
| rollout/                  |           |
|    ep_len_mean            | 3         |
|    ep_rew_mean            | -1.18e+05 |
| time/                     |           |
|    fps                    | 1468      |
|    time_elapsed           | 381       |
|    total_timesteps        | 560000    |
| train/                    |           |
|    explained_variance     | 0         |
|    is_line_search_success | 1         |
|    kl_divergence_loss     | 0.00902   |
|    learning_rate          | 0.001     |
|    n_updates              | 68        |
|    policy_objective       | 0.023     |
|    std                    | 0.686     |
|    value_loss             | 1.01e+10  |
-----------------------------------------
-----------------------------------------
| rollout/                  |           |
|    ep_len_mean            | 3         |
|    ep_rew_mean            | -1.18e+05 |
| time/                     |           |
|    fps                    | 1468      |
|    time_elapsed           | 388       |
|    total_timesteps        | 570000    |
| train/                    |           |
|    explained_variance     | 0         |
|    is_line_search_success | 1         |
|    kl_divergence_loss     | 0.00817   |
|    learning_rate          | 0.001     |
|    n_updates              | 69        |
|    policy_objective       | 0.0158    |
|    std                    | 0.686     |
|    value_loss             | 1.01e+10  |
-----------------------------------------
-----------------------------------------
| rollout/                  |           |
|    ep_len_mean            | 3         |
|    ep_rew_mean            | -1.18e+05 |
| time/                     |           |
|    fps                    | 1469      |
|    time_elapsed           | 394       |
|    total_timesteps        | 580000    |
| train/                    |           |
|    explained_variance     | -1.19e-07 |
|    is_line_search_success | 1         |
|    kl_divergence_loss     | 0.00572   |
|    learning_rate          | 0.001     |
|    n_updates              | 70        |
|    policy_objective       | 0.0221    |
|    std                    | 0.686     |
|    value_loss             | 1.01e+10  |
-----------------------------------------
-----------------------------------------
| rollout/                  |           |
|    ep_len_mean            | 3.01      |
|    ep_rew_mean            | -1.18e+05 |
| time/                     |           |
|    fps                    | 1464      |
|    time_elapsed           | 402       |
|    total_timesteps        | 590000    |
| train/                    |           |
|    explained_variance     | 0         |
|    is_line_search_success | 1         |
|    kl_divergence_loss     | 0.00768   |
|    learning_rate          | 0.001     |
|    n_updates              | 72        |
|    policy_objective       | 0.0189    |
|    std                    | 0.681     |
|    value_loss             | 1.01e+10  |
-----------------------------------------
-----------------------------------------
| rollout/                  |           |
|    ep_len_mean            | 3         |
|    ep_rew_mean            | -1.18e+05 |
| time/                     |           |
|    fps                    | 1464      |
|    time_elapsed           | 409       |
|    total_timesteps        | 600000    |
| train/                    |           |
|    explained_variance     | 0         |
|    is_line_search_success | 1         |
|    kl_divergence_loss     | 0.00706   |
|    learning_rate          | 0.001     |
|    n_updates              | 73        |
|    policy_objective       | 0.0239    |
|    std                    | 0.68      |
|    value_loss             | 1e+10     |
-----------------------------------------
-----------------------------------------
| rollout/                  |           |
|    ep_len_mean            | 3         |
|    ep_rew_mean            | -1.18e+05 |
| time/                     |           |
|    fps                    | 1464      |
|    time_elapsed           | 416       |
|    total_timesteps        | 610000    |
| train/                    |           |
|    explained_variance     | 0         |
|    is_line_search_success | 1         |
|    kl_divergence_loss     | 0.00652   |
|    learning_rate          | 0.001     |
|    n_updates              | 74        |
|    policy_objective       | 0.0207    |
|    std                    | 0.677     |
|    value_loss             | 1e+10     |
-----------------------------------------
-----------------------------------------
| rollout/                  |           |
|    ep_len_mean            | 3         |
|    ep_rew_mean            | -1.18e+05 |
| time/                     |           |
|    fps                    | 1465      |
|    time_elapsed           | 423       |
|    total_timesteps        | 620000    |
| train/                    |           |
|    explained_variance     | -2.38e-07 |
|    is_line_search_success | 1         |
|    kl_divergence_loss     | 0.00978   |
|    learning_rate          | 0.001     |
|    n_updates              | 75        |
|    policy_objective       | 0.0273    |
|    std                    | 0.678     |
|    value_loss             | 1e+10     |
-----------------------------------------
-----------------------------------------
| rollout/                  |           |
|    ep_len_mean            | 3         |
|    ep_rew_mean            | -1.18e+05 |
| time/                     |           |
|    fps                    | 1465      |
|    time_elapsed           | 429       |
|    total_timesteps        | 630000    |
| train/                    |           |
|    explained_variance     | -1.19e-07 |
|    is_line_search_success | 1         |
|    kl_divergence_loss     | 0.00636   |
|    learning_rate          | 0.001     |
|    n_updates              | 76        |
|    policy_objective       | 0.0157    |
|    std                    | 0.679     |
|    value_loss             | 1e+10     |
-----------------------------------------
-----------------------------------------
| rollout/                  |           |
|    ep_len_mean            | 3         |
|    ep_rew_mean            | -1.18e+05 |
| time/                     |           |
|    fps                    | 1461      |
|    time_elapsed           | 437       |
|    total_timesteps        | 640000    |
| train/                    |           |
|    explained_variance     | 0         |
|    is_line_search_success | 1         |
|    kl_divergence_loss     | 0.00645   |
|    learning_rate          | 0.001     |
|    n_updates              | 78        |
|    policy_objective       | 0.0282    |
|    std                    | 0.668     |
|    value_loss             | 1e+10     |
-----------------------------------------
-----------------------------------------
| rollout/                  |           |
|    ep_len_mean            | 3         |
|    ep_rew_mean            | -1.18e+05 |
| time/                     |           |
|    fps                    | 1461      |
|    time_elapsed           | 444       |
|    total_timesteps        | 650000    |
| train/                    |           |
|    explained_variance     | -1.19e-07 |
|    is_line_search_success | 1         |
|    kl_divergence_loss     | 0.0062    |
|    learning_rate          | 0.001     |
|    n_updates              | 79        |
|    policy_objective       | 0.0147    |
|    std                    | 0.668     |
|    value_loss             | 9.99e+09  |
-----------------------------------------
-----------------------------------------
| rollout/                  |           |
|    ep_len_mean            | 3         |
|    ep_rew_mean            | -1.18e+05 |
| time/                     |           |
|    fps                    | 1461      |
|    time_elapsed           | 451       |
|    total_timesteps        | 660000    |
| train/                    |           |
|    explained_variance     | 0         |
|    is_line_search_success | 1         |
|    kl_divergence_loss     | 0.00747   |
|    learning_rate          | 0.001     |
|    n_updates              | 80        |
|    policy_objective       | 0.024     |
|    std                    | 0.669     |
|    value_loss             | 9.98e+09  |
-----------------------------------------
-----------------------------------------
| rollout/                  |           |
|    ep_len_mean            | 3         |
|    ep_rew_mean            | -1.18e+05 |
| time/                     |           |
|    fps                    | 1461      |
|    time_elapsed           | 458       |
|    total_timesteps        | 670000    |
| train/                    |           |
|    explained_variance     | -1.19e-07 |
|    is_line_search_success | 1         |
|    kl_divergence_loss     | 0.0053    |
|    learning_rate          | 0.001     |
|    n_updates              | 81        |
|    policy_objective       | 0.0225    |
|    std                    | 0.672     |
|    value_loss             | 9.97e+09  |
-----------------------------------------
-----------------------------------------
| rollout/                  |           |
|    ep_len_mean            | 3         |
|    ep_rew_mean            | -1.18e+05 |
| time/                     |           |
|    fps                    | 1457      |
|    time_elapsed           | 466       |
|    total_timesteps        | 680000    |
| train/                    |           |
|    explained_variance     | 1.19e-07  |
|    is_line_search_success | 1         |
|    kl_divergence_loss     | 0.00688   |
|    learning_rate          | 0.001     |
|    n_updates              | 83        |
|    policy_objective       | 0.0224    |
|    std                    | 0.67      |
|    value_loss             | 9.95e+09  |
-----------------------------------------
-----------------------------------------
| rollout/                  |           |
|    ep_len_mean            | 3         |
|    ep_rew_mean            | -1.18e+05 |
| time/                     |           |
|    fps                    | 1457      |
|    time_elapsed           | 473       |
|    total_timesteps        | 690000    |
| train/                    |           |
|    explained_variance     | 5.96e-08  |
|    is_line_search_success | 1         |
|    kl_divergence_loss     | 0.0078    |
|    learning_rate          | 0.001     |
|    n_updates              | 84        |
|    policy_objective       | 0.024     |
|    std                    | 0.674     |
|    value_loss             | 9.94e+09  |
-----------------------------------------
-----------------------------------------
| rollout/                  |           |
|    ep_len_mean            | 3         |
|    ep_rew_mean            | -1.18e+05 |
| time/                     |           |
|    fps                    | 1457      |
|    time_elapsed           | 480       |
|    total_timesteps        | 700000    |
| train/                    |           |
|    explained_variance     | 0         |
|    is_line_search_success | 1         |
|    kl_divergence_loss     | 0.0078    |
|    learning_rate          | 0.001     |
|    n_updates              | 85        |
|    policy_objective       | 0.0127    |
|    std                    | 0.674     |
|    value_loss             | 9.94e+09  |
-----------------------------------------
-----------------------------------------
| rollout/                  |           |
|    ep_len_mean            | 3         |
|    ep_rew_mean            | -1.18e+05 |
| time/                     |           |
|    fps                    | 1458      |
|    time_elapsed           | 486       |
|    total_timesteps        | 710000    |
| train/                    |           |
|    explained_variance     | 0         |
|    is_line_search_success | 1         |
|    kl_divergence_loss     | 0.00935   |
|    learning_rate          | 0.001     |
|    n_updates              | 86        |
|    policy_objective       | 0.0356    |
|    std                    | 0.674     |
|    value_loss             | 9.93e+09  |
-----------------------------------------
-----------------------------------------
| rollout/                  |           |
|    ep_len_mean            | 3         |
|    ep_rew_mean            | -1.18e+05 |
| time/                     |           |
|    fps                    | 1458      |
|    time_elapsed           | 493       |
|    total_timesteps        | 720000    |
| train/                    |           |
|    explained_variance     | 0         |
|    is_line_search_success | 1         |
|    kl_divergence_loss     | 0.00767   |
|    learning_rate          | 0.001     |
|    n_updates              | 87        |
|    policy_objective       | 0.0204    |
|    std                    | 0.674     |
|    value_loss             | 9.95e+09  |
-----------------------------------------
-----------------------------------------
| rollout/                  |           |
|    ep_len_mean            | 3         |
|    ep_rew_mean            | -1.18e+05 |
| time/                     |           |
|    fps                    | 1454      |
|    time_elapsed           | 501       |
|    total_timesteps        | 730000    |
| train/                    |           |
|    explained_variance     | 0         |
|    is_line_search_success | 1         |
|    kl_divergence_loss     | 0.00876   |
|    learning_rate          | 0.001     |
|    n_updates              | 89        |
|    policy_objective       | 0.0203    |
|    std                    | 0.67      |
|    value_loss             | 9.91e+09  |
-----------------------------------------
-----------------------------------------
| rollout/                  |           |
|    ep_len_mean            | 3         |
|    ep_rew_mean            | -1.18e+05 |
| time/                     |           |
|    fps                    | 1454      |
|    time_elapsed           | 508       |
|    total_timesteps        | 740000    |
| train/                    |           |
|    explained_variance     | 0         |
|    is_line_search_success | 1         |
|    kl_divergence_loss     | 0.00798   |
|    learning_rate          | 0.001     |
|    n_updates              | 90        |
|    policy_objective       | 0.0161    |
|    std                    | 0.669     |
|    value_loss             | 9.91e+09  |
-----------------------------------------
-----------------------------------------
| rollout/                  |           |
|    ep_len_mean            | 3.01      |
|    ep_rew_mean            | -1.18e+05 |
| time/                     |           |
|    fps                    | 1454      |
|    time_elapsed           | 515       |
|    total_timesteps        | 750000    |
| train/                    |           |
|    explained_variance     | 0         |
|    is_line_search_success | 1         |
|    kl_divergence_loss     | 0.00613   |
|    learning_rate          | 0.001     |
|    n_updates              | 91        |
|    policy_objective       | 0.0193    |
|    std                    | 0.668     |
|    value_loss             | 9.9e+09   |
-----------------------------------------
-----------------------------------------
| rollout/                  |           |
|    ep_len_mean            | 3.01      |
|    ep_rew_mean            | -1.18e+05 |
| time/                     |           |
|    fps                    | 1454      |
|    time_elapsed           | 522       |
|    total_timesteps        | 760000    |
| train/                    |           |
|    explained_variance     | 0         |
|    is_line_search_success | 1         |
|    kl_divergence_loss     | 0.00958   |
|    learning_rate          | 0.001     |
|    n_updates              | 92        |
|    policy_objective       | 0.0231    |
|    std                    | 0.667     |
|    value_loss             | 9.9e+09   |
-----------------------------------------
-----------------------------------------
| rollout/                  |           |
|    ep_len_mean            | 3         |
|    ep_rew_mean            | -1.18e+05 |
| time/                     |           |
|    fps                    | 1455      |
|    time_elapsed           | 529       |
|    total_timesteps        | 770000    |
| train/                    |           |
|    explained_variance     | 0         |
|    is_line_search_success | 1         |
|    kl_divergence_loss     | 0.00897   |
|    learning_rate          | 0.001     |
|    n_updates              | 93        |
|    policy_objective       | 0.0171    |
|    std                    | 0.667     |
|    value_loss             | 9.88e+09  |
-----------------------------------------
-----------------------------------------
| rollout/                  |           |
|    ep_len_mean            | 3.02      |
|    ep_rew_mean            | -1.18e+05 |
| time/                     |           |
|    fps                    | 1451      |
|    time_elapsed           | 537       |
|    total_timesteps        | 780000    |
| train/                    |           |
|    explained_variance     | -1.19e-07 |
|    is_line_search_success | 1         |
|    kl_divergence_loss     | 0.00907   |
|    learning_rate          | 0.001     |
|    n_updates              | 95        |
|    policy_objective       | 0.0403    |
|    std                    | 0.667     |
|    value_loss             | 1.08e+10  |
-----------------------------------------
-----------------------------------------
| rollout/                  |           |
|    ep_len_mean            | 3.54      |
|    ep_rew_mean            | -1.26e+05 |
| time/                     |           |
|    fps                    | 1452      |
|    time_elapsed           | 544       |
|    total_timesteps        | 790000    |
| train/                    |           |
|    explained_variance     | 5.96e-08  |
|    is_line_search_success | 1         |
|    kl_divergence_loss     | 0.00622   |
|    learning_rate          | 0.001     |
|    n_updates              | 96        |
|    policy_objective       | 0.0484    |
|    std                    | 0.667     |
|    value_loss             | 2.42e+10  |
-----------------------------------------
-----------------------------------------
| rollout/                  |           |
|    ep_len_mean            | 4.06      |
|    ep_rew_mean            | -1.34e+05 |
| time/                     |           |
|    fps                    | 1452      |
|    time_elapsed           | 550       |
|    total_timesteps        | 800000    |
| train/                    |           |
|    explained_variance     | 5.96e-08  |
|    is_line_search_success | 1         |
|    kl_divergence_loss     | 0.00842   |
|    learning_rate          | 0.001     |
|    n_updates              | 97        |
|    policy_objective       | 0.0786    |
|    std                    | 0.666     |
|    value_loss             | 1.3e+10   |
-----------------------------------------
-----------------------------------------
| rollout/                  |           |
|    ep_len_mean            | 3.01      |
|    ep_rew_mean            | -1.18e+05 |
| time/                     |           |
|    fps                    | 1453      |
|    time_elapsed           | 557       |
|    total_timesteps        | 810000    |
| train/                    |           |
|    explained_variance     | 0         |
|    is_line_search_success | 1         |
|    kl_divergence_loss     | 0.00647   |
|    learning_rate          | 0.001     |
|    n_updates              | 98        |
|    policy_objective       | 0.0254    |
|    std                    | 0.665     |
|    value_loss             | 5.25e+10  |
-----------------------------------------
-----------------------------------------
| rollout/                  |           |
|    ep_len_mean            | 3.01      |
|    ep_rew_mean            | -1.18e+05 |
| time/                     |           |
|    fps                    | 1450      |
|    time_elapsed           | 565       |
|    total_timesteps        | 820000    |
| train/                    |           |
|    explained_variance     | -1.19e-07 |
|    is_line_search_success | 1         |
|    kl_divergence_loss     | 0.00685   |
|    learning_rate          | 0.001     |
|    n_updates              | 100       |
|    policy_objective       | 0.0516    |
|    std                    | 0.664     |
|    value_loss             | 1.41e+10  |
-----------------------------------------
-----------------------------------------
| rollout/                  |           |
|    ep_len_mean            | 3.01      |
|    ep_rew_mean            | -1.18e+05 |
| time/                     |           |
|    fps                    | 1450      |
|    time_elapsed           | 572       |
|    total_timesteps        | 830000    |
| train/                    |           |
|    explained_variance     | 0         |
|    is_line_search_success | 1         |
|    kl_divergence_loss     | 0.0041    |
|    learning_rate          | 0.001     |
|    n_updates              | 101       |
|    policy_objective       | 0.0185    |
|    std                    | 0.662     |
|    value_loss             | 1.05e+10  |
-----------------------------------------
-----------------------------------------
| rollout/                  |           |
|    ep_len_mean            | 3.03      |
|    ep_rew_mean            | -1.18e+05 |
| time/                     |           |
|    fps                    | 1450      |
|    time_elapsed           | 578       |
|    total_timesteps        | 840000    |
| train/                    |           |
|    explained_variance     | 5.96e-08  |
|    is_line_search_success | 1         |
|    kl_divergence_loss     | 0.0082    |
|    learning_rate          | 0.001     |
|    n_updates              | 102       |
|    policy_objective       | 0.0563    |
|    std                    | 0.661     |
|    value_loss             | 1.93e+10  |
-----------------------------------------
-----------------------------------------
| rollout/                  |           |
|    ep_len_mean            | 3         |
|    ep_rew_mean            | -1.18e+05 |
| time/                     |           |
|    fps                    | 1451      |
|    time_elapsed           | 585       |
|    total_timesteps        | 850000    |
| train/                    |           |
|    explained_variance     | 1.19e-07  |
|    is_line_search_success | 1         |
|    kl_divergence_loss     | 0.00638   |
|    learning_rate          | 0.001     |
|    n_updates              | 103       |
|    policy_objective       | 0.065     |
|    std                    | 0.66      |
|    value_loss             | 1.14e+10  |
-----------------------------------------
-----------------------------------------
| rollout/                  |           |
|    ep_len_mean            | 3.06      |
|    ep_rew_mean            | -1.19e+05 |
| time/                     |           |
|    fps                    | 1451      |
|    time_elapsed           | 592       |
|    total_timesteps        | 860000    |
| train/                    |           |
|    explained_variance     | 0         |
|    is_line_search_success | 1         |
|    kl_divergence_loss     | 0.00845   |
|    learning_rate          | 0.001     |
|    n_updates              | 104       |
|    policy_objective       | 0.00387   |
|    std                    | 0.657     |
|    value_loss             | 9.81e+09  |
-----------------------------------------
-----------------------------------------
| rollout/                  |           |
|    ep_len_mean            | 3.04      |
|    ep_rew_mean            | -1.19e+05 |
| time/                     |           |
|    fps                    | 1448      |
|    time_elapsed           | 600       |
|    total_timesteps        | 870000    |
| train/                    |           |
|    explained_variance     | 0         |
|    is_line_search_success | 1         |
|    kl_divergence_loss     | 0.00722   |
|    learning_rate          | 0.001     |
|    n_updates              | 106       |
|    policy_objective       | 0.0553    |
|    std                    | 0.652     |
|    value_loss             | 1.11e+10  |
-----------------------------------------
-----------------------------------------
| rollout/                  |           |
|    ep_len_mean            | 3.08      |
|    ep_rew_mean            | -1.19e+05 |
| time/                     |           |
|    fps                    | 1449      |
|    time_elapsed           | 607       |
|    total_timesteps        | 880000    |
| train/                    |           |
|    explained_variance     | 0         |
|    is_line_search_success | 1         |
|    kl_divergence_loss     | 0.00686   |
|    learning_rate          | 0.001     |
|    n_updates              | 107       |
|    policy_objective       | 0.0412    |
|    std                    | 0.651     |
|    value_loss             | 3.57e+10  |
-----------------------------------------
-----------------------------------------
| rollout/                  |           |
|    ep_len_mean            | 3.03      |
|    ep_rew_mean            | -1.18e+05 |
| time/                     |           |
|    fps                    | 1449      |
|    time_elapsed           | 613       |
|    total_timesteps        | 890000    |
| train/                    |           |
|    explained_variance     | 1.79e-07  |
|    is_line_search_success | 1         |
|    kl_divergence_loss     | 0.00801   |
|    learning_rate          | 0.001     |
|    n_updates              | 108       |
|    policy_objective       | 0.0237    |
|    std                    | 0.65      |
|    value_loss             | 1.12e+10  |
-----------------------------------------
-----------------------------------------
| rollout/                  |           |
|    ep_len_mean            | 3.02      |
|    ep_rew_mean            | -1.18e+05 |
| time/                     |           |
|    fps                    | 1450      |
|    time_elapsed           | 620       |
|    total_timesteps        | 900000    |
| train/                    |           |
|    explained_variance     | 0         |
|    is_line_search_success | 1         |
|    kl_divergence_loss     | 0.00806   |
|    learning_rate          | 0.001     |
|    n_updates              | 109       |
|    policy_objective       | 0.0555    |
|    std                    | 0.65      |
|    value_loss             | 1.14e+10  |
-----------------------------------------
-----------------------------------------
| rollout/                  |           |
|    ep_len_mean            | 3         |
|    ep_rew_mean            | -1.18e+05 |
| time/                     |           |
|    fps                    | 1447      |
|    time_elapsed           | 628       |
|    total_timesteps        | 910000    |
| train/                    |           |
|    explained_variance     | 1.19e-07  |
|    is_line_search_success | 1         |
|    kl_divergence_loss     | 0.00721   |
|    learning_rate          | 0.001     |
|    n_updates              | 111       |
|    policy_objective       | 0.0603    |
|    std                    | 0.651     |
|    value_loss             | 1.3e+10   |
-----------------------------------------
-----------------------------------------
| rollout/                  |           |
|    ep_len_mean            | 3.01      |
|    ep_rew_mean            | -1.18e+05 |
| time/                     |           |
|    fps                    | 1447      |
|    time_elapsed           | 635       |
|    total_timesteps        | 920000    |
| train/                    |           |
|    explained_variance     | 0         |
|    is_line_search_success | 1         |
|    kl_divergence_loss     | 0.00783   |
|    learning_rate          | 0.001     |
|    n_updates              | 112       |
|    policy_objective       | 0.0666    |
|    std                    | 0.652     |
|    value_loss             | 1.19e+10  |
-----------------------------------------
-----------------------------------------
| rollout/                  |           |
|    ep_len_mean            | 3.02      |
|    ep_rew_mean            | -1.18e+05 |
| time/                     |           |
|    fps                    | 1447      |
|    time_elapsed           | 642       |
|    total_timesteps        | 930000    |
| train/                    |           |
|    explained_variance     | 2.38e-07  |
|    is_line_search_success | 1         |
|    kl_divergence_loss     | 0.00217   |
|    learning_rate          | 0.001     |
|    n_updates              | 113       |
|    policy_objective       | 0.00119   |
|    std                    | 0.651     |
|    value_loss             | 1.18e+10  |
-----------------------------------------
-----------------------------------------
| rollout/                  |           |
|    ep_len_mean            | 3.56      |
|    ep_rew_mean            | -1.27e+05 |
| time/                     |           |
|    fps                    | 1448      |
|    time_elapsed           | 649       |
|    total_timesteps        | 940000    |
| train/                    |           |
|    explained_variance     | 1.19e-07  |
|    is_line_search_success | 1         |
|    kl_divergence_loss     | 0.00902   |
|    learning_rate          | 0.001     |
|    n_updates              | 114       |
|    policy_objective       | 0.0307    |
|    std                    | 0.646     |
|    value_loss             | 9.73e+09  |
-----------------------------------------
-----------------------------------------
| rollout/                  |           |
|    ep_len_mean            | 3         |
|    ep_rew_mean            | -1.18e+05 |
| time/                     |           |
|    fps                    | 1448      |
|    time_elapsed           | 655       |
|    total_timesteps        | 950000    |
| train/                    |           |
|    explained_variance     | 0         |
|    is_line_search_success | 1         |
|    kl_divergence_loss     | 0.00684   |
|    learning_rate          | 0.001     |
|    n_updates              | 115       |
|    policy_objective       | 0.00203   |
|    std                    | 0.646     |
|    value_loss             | 1.01e+10  |
-----------------------------------------
-----------------------------------------
| rollout/                  |           |
|    ep_len_mean            | 3         |
|    ep_rew_mean            | -1.18e+05 |
| time/                     |           |
|    fps                    | 1446      |
|    time_elapsed           | 663       |
|    total_timesteps        | 960000    |
| train/                    |           |
|    explained_variance     | 0         |
|    is_line_search_success | 1         |
|    kl_divergence_loss     | 0.00659   |
|    learning_rate          | 0.001     |
|    n_updates              | 117       |
|    policy_objective       | 0.0577    |
|    std                    | 0.646     |
|    value_loss             | 2.43e+10  |
-----------------------------------------
-----------------------------------------
| rollout/                  |           |
|    ep_len_mean            | 3         |
|    ep_rew_mean            | -1.18e+05 |
| time/                     |           |
|    fps                    | 1446      |
|    time_elapsed           | 670       |
|    total_timesteps        | 970000    |
| train/                    |           |
|    explained_variance     | 0         |
|    is_line_search_success | 1         |
|    kl_divergence_loss     | 0.00939   |
|    learning_rate          | 0.001     |
|    n_updates              | 118       |
|    policy_objective       | 0.0318    |
|    std                    | 0.649     |
|    value_loss             | 9.12e+10  |
-----------------------------------------
-----------------------------------------
| rollout/                  |           |
|    ep_len_mean            | 3.01      |
|    ep_rew_mean            | -1.18e+05 |
| time/                     |           |
|    fps                    | 1447      |
|    time_elapsed           | 677       |
|    total_timesteps        | 980000    |
| train/                    |           |
|    explained_variance     | 0         |
|    is_line_search_success | 1         |
|    kl_divergence_loss     | 0.00857   |
|    learning_rate          | 0.001     |
|    n_updates              | 119       |
|    policy_objective       | 0.0285    |
|    std                    | 0.647     |
|    value_loss             | 3.96e+10  |
-----------------------------------------
-----------------------------------------
| rollout/                  |           |
|    ep_len_mean            | 4.36      |
|    ep_rew_mean            | -1.52e+05 |
| time/                     |           |
|    fps                    | 1447      |
|    time_elapsed           | 683       |
|    total_timesteps        | 990000    |
| train/                    |           |
|    explained_variance     | 0         |
|    is_line_search_success | 1         |
|    kl_divergence_loss     | 0.00886   |
|    learning_rate          | 0.001     |
|    n_updates              | 120       |
|    policy_objective       | 0.0287    |
|    std                    | 0.648     |
|    value_loss             | 9.67e+09  |
-----------------------------------------
-----------------------------------------
| rollout/                  |           |
|    ep_len_mean            | 3         |
|    ep_rew_mean            | -1.18e+05 |
| time/                     |           |
|    fps                    | 1445      |
|    time_elapsed           | 691       |
|    total_timesteps        | 1000000   |
| train/                    |           |
|    explained_variance     | -2.38e-07 |
|    is_line_search_success | 1         |
|    kl_divergence_loss     | 0.00978   |
|    learning_rate          | 0.001     |
|    n_updates              | 122       |
|    policy_objective       | 0.0672    |
|    std                    | 0.648     |
|    value_loss             | 2.06e+10  |
-----------------------------------------
Training ended on Tue Jan 27 23:47:10 2026
Training lasted 0:11:37.269181
