Logging to training_default_logs/4_robots/logs/TQC_set6
Using cpu device
Training started on Tue Jan 27 23:33:29 2026
Experiment configuration: {'algorithm': 'TQC', 'set': 6, 'verbose': 1, 'steps': 1000000, 'num_robots': 4, 'num_envs': 4, 'seed': 33, 'log_steps': 10000, 'resume': False, 'device': 'cpu'}
----------------------------------
| rollout/           |           |
|    ep_len_mean     | 156       |
|    ep_rew_mean     | -5.34e+06 |
| time/              |           |
|    episodes        | 50        |
|    fps             | 160       |
|    time_elapsed    | 62        |
|    total_timesteps | 10000     |
| train/             |           |
|    actor_loss      | 3.37e+05  |
|    critic_loss     | 5.96e+03  |
|    ent_coef        | 1.95      |
|    ent_coef_loss   | -24.4     |
|    learning_rate   | 0.0003    |
|    n_updates       | 2474      |
----------------------------------
---------------------------------
| rollout/           |          |
|    ep_len_mean     | 269      |
|    ep_rew_mean     | -1e+07   |
| time/              |          |
|    episodes        | 69       |
|    fps             | 158      |
|    time_elapsed    | 126      |
|    total_timesteps | 20000    |
| train/             |          |
|    actor_loss      | 7.43e+05 |
|    critic_loss     | 5.52e+03 |
|    ent_coef        | 4.03     |
|    ent_coef_loss   | -32.6    |
|    learning_rate   | 0.0003   |
|    n_updates       | 4974     |
---------------------------------
----------------------------------
| rollout/           |           |
|    ep_len_mean     | 153       |
|    ep_rew_mean     | -5.78e+06 |
| time/              |           |
|    episodes        | 157       |
|    fps             | 158       |
|    time_elapsed    | 189       |
|    total_timesteps | 30000     |
| train/             |           |
|    actor_loss      | 1.05e+06  |
|    critic_loss     | 5.13e+03  |
|    ent_coef        | 6.71      |
|    ent_coef_loss   | -22.7     |
|    learning_rate   | 0.0003    |
|    n_updates       | 7474      |
----------------------------------
----------------------------------
| rollout/           |           |
|    ep_len_mean     | 177       |
|    ep_rew_mean     | -6.44e+06 |
| time/              |           |
|    episodes        | 181       |
|    fps             | 158       |
|    time_elapsed    | 253       |
|    total_timesteps | 40000     |
| train/             |           |
|    actor_loss      | 1.28e+06  |
|    critic_loss     | 5.56e+03  |
|    ent_coef        | 11.8      |
|    ent_coef_loss   | -20.3     |
|    learning_rate   | 0.0003    |
|    n_updates       | 9974      |
----------------------------------
----------------------------------
| rollout/           |           |
|    ep_len_mean     | 230       |
|    ep_rew_mean     | -7.98e+06 |
| time/              |           |
|    episodes        | 225       |
|    fps             | 157       |
|    time_elapsed    | 317       |
|    total_timesteps | 50000     |
| train/             |           |
|    actor_loss      | 1.41e+06  |
|    critic_loss     | 8.88e+03  |
|    ent_coef        | 25.3      |
|    ent_coef_loss   | -25.8     |
|    learning_rate   | 0.0003    |
|    n_updates       | 12474     |
----------------------------------
----------------------------------
| rollout/           |           |
|    ep_len_mean     | 313       |
|    ep_rew_mean     | -1.09e+07 |
| time/              |           |
|    episodes        | 248       |
|    fps             | 157       |
|    time_elapsed    | 380       |
|    total_timesteps | 60000     |
| train/             |           |
|    actor_loss      | 1.58e+06  |
|    critic_loss     | 1.2e+04   |
|    ent_coef        | 40        |
|    ent_coef_loss   | -10.8     |
|    learning_rate   | 0.0003    |
|    n_updates       | 14974     |
----------------------------------
----------------------------------
| rollout/           |           |
|    ep_len_mean     | 202       |
|    ep_rew_mean     | -7.04e+06 |
| time/              |           |
|    episodes        | 326       |
|    fps             | 157       |
|    time_elapsed    | 444       |
|    total_timesteps | 70000     |
| train/             |           |
|    actor_loss      | 1.73e+06  |
|    critic_loss     | 1.55e+04  |
|    ent_coef        | 43.8      |
|    ent_coef_loss   | 1.58      |
|    learning_rate   | 0.0003    |
|    n_updates       | 17474     |
----------------------------------
----------------------------------
| rollout/           |           |
|    ep_len_mean     | 67.8      |
|    ep_rew_mean     | -1.58e+06 |
| time/              |           |
|    episodes        | 467       |
|    fps             | 157       |
|    time_elapsed    | 508       |
|    total_timesteps | 80000     |
| train/             |           |
|    actor_loss      | 1.83e+06  |
|    critic_loss     | 1.63e+04  |
|    ent_coef        | 89        |
|    ent_coef_loss   | -11.1     |
|    learning_rate   | 0.0003    |
|    n_updates       | 19974     |
----------------------------------
----------------------------------
| rollout/           |           |
|    ep_len_mean     | 125       |
|    ep_rew_mean     | -3.62e+06 |
| time/              |           |
|    episodes        | 505       |
|    fps             | 157       |
|    time_elapsed    | 571       |
|    total_timesteps | 90000     |
| train/             |           |
|    actor_loss      | 1.91e+06  |
|    critic_loss     | 1.09e+04  |
|    ent_coef        | 107       |
|    ent_coef_loss   | 9.01      |
|    learning_rate   | 0.0003    |
|    n_updates       | 22474     |
----------------------------------
----------------------------------
| rollout/           |           |
|    ep_len_mean     | 210       |
|    ep_rew_mean     | -6.92e+06 |
| time/              |           |
|    episodes        | 519       |
|    fps             | 157       |
|    time_elapsed    | 634       |
|    total_timesteps | 100000    |
| train/             |           |
|    actor_loss      | 1.99e+06  |
|    critic_loss     | 1.88e+04  |
|    ent_coef        | 102       |
|    ent_coef_loss   | -0.837    |
|    learning_rate   | 0.0003    |
|    n_updates       | 24974     |
----------------------------------
---------------------------------
| rollout/           |          |
|    ep_len_mean     | 52.1     |
|    ep_rew_mean     | -1.5e+06 |
| time/              |          |
|    episodes        | 635      |
|    fps             | 157      |
|    time_elapsed    | 698      |
|    total_timesteps | 110000   |
| train/             |          |
|    actor_loss      | 2.07e+06 |
|    critic_loss     | 1.62e+04 |
|    ent_coef        | 108      |
|    ent_coef_loss   | 1.97     |
|    learning_rate   | 0.0003   |
|    n_updates       | 27474    |
---------------------------------
----------------------------------
| rollout/           |           |
|    ep_len_mean     | 127       |
|    ep_rew_mean     | -4.28e+06 |
| time/              |           |
|    episodes        | 665       |
|    fps             | 157       |
|    time_elapsed    | 762       |
|    total_timesteps | 120000    |
| train/             |           |
|    actor_loss      | 2.13e+06  |
|    critic_loss     | 1.5e+04   |
|    ent_coef        | 92.5      |
|    ent_coef_loss   | -0.0838   |
|    learning_rate   | 0.0003    |
|    n_updates       | 29974     |
----------------------------------
----------------------------------
| rollout/           |           |
|    ep_len_mean     | 225       |
|    ep_rew_mean     | -7.57e+06 |
| time/              |           |
|    episodes        | 732       |
|    fps             | 157       |
|    time_elapsed    | 826       |
|    total_timesteps | 130000    |
| train/             |           |
|    actor_loss      | 2.21e+06  |
|    critic_loss     | 1.04e+04  |
|    ent_coef        | 77.7      |
|    ent_coef_loss   | 0.118     |
|    learning_rate   | 0.0003    |
|    n_updates       | 32474     |
----------------------------------
----------------------------------
| rollout/           |           |
|    ep_len_mean     | 41.7      |
|    ep_rew_mean     | -1.18e+06 |
| time/              |           |
|    episodes        | 949       |
|    fps             | 157       |
|    time_elapsed    | 890       |
|    total_timesteps | 140000    |
| train/             |           |
|    actor_loss      | 2.16e+06  |
|    critic_loss     | 1.84e+04  |
|    ent_coef        | 150       |
|    ent_coef_loss   | -1.82     |
|    learning_rate   | 0.0003    |
|    n_updates       | 34974     |
----------------------------------
----------------------------------
| rollout/           |           |
|    ep_len_mean     | 122       |
|    ep_rew_mean     | -3.98e+06 |
| time/              |           |
|    episodes        | 986       |
|    fps             | 157       |
|    time_elapsed    | 954       |
|    total_timesteps | 150000    |
| train/             |           |
|    actor_loss      | 2.09e+06  |
|    critic_loss     | 1.3e+04   |
|    ent_coef        | 142       |
|    ent_coef_loss   | -0.914    |
|    learning_rate   | 0.0003    |
|    n_updates       | 37474     |
----------------------------------
----------------------------------
| rollout/           |           |
|    ep_len_mean     | 152       |
|    ep_rew_mean     | -4.92e+06 |
| time/              |           |
|    episodes        | 1059      |
|    fps             | 157       |
|    time_elapsed    | 1018      |
|    total_timesteps | 160000    |
| train/             |           |
|    actor_loss      | 2.01e+06  |
|    critic_loss     | 1.96e+04  |
|    ent_coef        | 127       |
|    ent_coef_loss   | -0.0243   |
|    learning_rate   | 0.0003    |
|    n_updates       | 39974     |
----------------------------------
----------------------------------
| rollout/           |           |
|    ep_len_mean     | 35.2      |
|    ep_rew_mean     | -1.08e+06 |
| time/              |           |
|    episodes        | 1436      |
|    fps             | 157       |
|    time_elapsed    | 1082      |
|    total_timesteps | 170000    |
| train/             |           |
|    actor_loss      | 1.97e+06  |
|    critic_loss     | 1.27e+04  |
|    ent_coef        | 133       |
|    ent_coef_loss   | -0.495    |
|    learning_rate   | 0.0003    |
|    n_updates       | 42474     |
----------------------------------
----------------------------------
| rollout/           |           |
|    ep_len_mean     | 97        |
|    ep_rew_mean     | -2.36e+06 |
| time/              |           |
|    episodes        | 1510      |
|    fps             | 156       |
|    time_elapsed    | 1146      |
|    total_timesteps | 180000    |
| train/             |           |
|    actor_loss      | 2.03e+06  |
|    critic_loss     | 9.67e+03  |
|    ent_coef        | 86.5      |
|    ent_coef_loss   | -1.09     |
|    learning_rate   | 0.0003    |
|    n_updates       | 44974     |
----------------------------------
----------------------------------
| rollout/           |           |
|    ep_len_mean     | 94.2      |
|    ep_rew_mean     | -1.66e+06 |
| time/              |           |
|    episodes        | 1617      |
|    fps             | 156       |
|    time_elapsed    | 1210      |
|    total_timesteps | 190000    |
| train/             |           |
|    actor_loss      | 2.02e+06  |
|    critic_loss     | 1.27e+04  |
|    ent_coef        | 127       |
|    ent_coef_loss   | -3.34     |
|    learning_rate   | 0.0003    |
|    n_updates       | 47474     |
----------------------------------
----------------------------------
| rollout/           |           |
|    ep_len_mean     | 38.1      |
|    ep_rew_mean     | -5.64e+05 |
| time/              |           |
|    episodes        | 1826      |
|    fps             | 156       |
|    time_elapsed    | 1274      |
|    total_timesteps | 200000    |
| train/             |           |
|    actor_loss      | 1.96e+06  |
|    critic_loss     | 1.61e+04  |
|    ent_coef        | 174       |
|    ent_coef_loss   | 0.288     |
|    learning_rate   | 0.0003    |
|    n_updates       | 49974     |
----------------------------------
----------------------------------
| rollout/           |           |
|    ep_len_mean     | 40.5      |
|    ep_rew_mean     | -5.88e+05 |
| time/              |           |
|    episodes        | 2009      |
|    fps             | 156       |
|    time_elapsed    | 1338      |
|    total_timesteps | 210000    |
| train/             |           |
|    actor_loss      | 1.89e+06  |
|    critic_loss     | 1.24e+04  |
|    ent_coef        | 164       |
|    ent_coef_loss   | -1.21     |
|    learning_rate   | 0.0003    |
|    n_updates       | 52474     |
----------------------------------
----------------------------------
| rollout/           |           |
|    ep_len_mean     | 59.5      |
|    ep_rew_mean     | -8.98e+05 |
| time/              |           |
|    episodes        | 2182      |
|    fps             | 156       |
|    time_elapsed    | 1402      |
|    total_timesteps | 220000    |
| train/             |           |
|    actor_loss      | 1.77e+06  |
|    critic_loss     | 1.41e+04  |
|    ent_coef        | 163       |
|    ent_coef_loss   | 1.37      |
|    learning_rate   | 0.0003    |
|    n_updates       | 54974     |
----------------------------------
----------------------------------
| rollout/           |           |
|    ep_len_mean     | 119       |
|    ep_rew_mean     | -2.17e+06 |
| time/              |           |
|    episodes        | 2262      |
|    fps             | 156       |
|    time_elapsed    | 1466      |
|    total_timesteps | 230000    |
| train/             |           |
|    actor_loss      | 1.63e+06  |
|    critic_loss     | 1.91e+04  |
|    ent_coef        | 153       |
|    ent_coef_loss   | 3.8       |
|    learning_rate   | 0.0003    |
|    n_updates       | 57474     |
----------------------------------
----------------------------------
| rollout/           |           |
|    ep_len_mean     | 56.6      |
|    ep_rew_mean     | -8.14e+05 |
| time/              |           |
|    episodes        | 2428      |
|    fps             | 156       |
|    time_elapsed    | 1531      |
|    total_timesteps | 240000    |
| train/             |           |
|    actor_loss      | 1.61e+06  |
|    critic_loss     | 1.35e+04  |
|    ent_coef        | 152       |
|    ent_coef_loss   | -0.701    |
|    learning_rate   | 0.0003    |
|    n_updates       | 59974     |
----------------------------------
----------------------------------
| rollout/           |           |
|    ep_len_mean     | 62.1      |
|    ep_rew_mean     | -1.08e+06 |
| time/              |           |
|    episodes        | 2585      |
|    fps             | 156       |
|    time_elapsed    | 1595      |
|    total_timesteps | 250000    |
| train/             |           |
|    actor_loss      | 1.49e+06  |
|    critic_loss     | 2.14e+04  |
|    ent_coef        | 150       |
|    ent_coef_loss   | 0.294     |
|    learning_rate   | 0.0003    |
|    n_updates       | 62474     |
----------------------------------
----------------------------------
| rollout/           |           |
|    ep_len_mean     | 53.8      |
|    ep_rew_mean     | -9.71e+05 |
| time/              |           |
|    episodes        | 2785      |
|    fps             | 156       |
|    time_elapsed    | 1660      |
|    total_timesteps | 260000    |
| train/             |           |
|    actor_loss      | 1.46e+06  |
|    critic_loss     | 1.63e+04  |
|    ent_coef        | 139       |
|    ent_coef_loss   | -3.37     |
|    learning_rate   | 0.0003    |
|    n_updates       | 64974     |
----------------------------------
----------------------------------
| rollout/           |           |
|    ep_len_mean     | 71.8      |
|    ep_rew_mean     | -1.06e+06 |
| time/              |           |
|    episodes        | 2935      |
|    fps             | 156       |
|    time_elapsed    | 1725      |
|    total_timesteps | 270000    |
| train/             |           |
|    actor_loss      | 1.37e+06  |
|    critic_loss     | 1.5e+04   |
|    ent_coef        | 121       |
|    ent_coef_loss   | -3.27     |
|    learning_rate   | 0.0003    |
|    n_updates       | 67474     |
----------------------------------
----------------------------------
| rollout/           |           |
|    ep_len_mean     | 86.5      |
|    ep_rew_mean     | -9.62e+05 |
| time/              |           |
|    episodes        | 3056      |
|    fps             | 156       |
|    time_elapsed    | 1789      |
|    total_timesteps | 280000    |
| train/             |           |
|    actor_loss      | 1.31e+06  |
|    critic_loss     | 2.08e+04  |
|    ent_coef        | 114       |
|    ent_coef_loss   | 2.08      |
|    learning_rate   | 0.0003    |
|    n_updates       | 69974     |
----------------------------------
----------------------------------
| rollout/           |           |
|    ep_len_mean     | 114       |
|    ep_rew_mean     | -1.21e+06 |
| time/              |           |
|    episodes        | 3136      |
|    fps             | 156       |
|    time_elapsed    | 1854      |
|    total_timesteps | 290000    |
| train/             |           |
|    actor_loss      | 1.26e+06  |
|    critic_loss     | 1.3e+04   |
|    ent_coef        | 114       |
|    ent_coef_loss   | -1.93     |
|    learning_rate   | 0.0003    |
|    n_updates       | 72474     |
----------------------------------
----------------------------------
| rollout/           |           |
|    ep_len_mean     | 179       |
|    ep_rew_mean     | -1.94e+06 |
| time/              |           |
|    episodes        | 3165      |
|    fps             | 156       |
|    time_elapsed    | 1919      |
|    total_timesteps | 300000    |
| train/             |           |
|    actor_loss      | 1.23e+06  |
|    critic_loss     | 1.72e+04  |
|    ent_coef        | 115       |
|    ent_coef_loss   | 1.85      |
|    learning_rate   | 0.0003    |
|    n_updates       | 74974     |
----------------------------------
----------------------------------
| rollout/           |           |
|    ep_len_mean     | 51.6      |
|    ep_rew_mean     | -4.88e+05 |
| time/              |           |
|    episodes        | 3306      |
|    fps             | 156       |
|    time_elapsed    | 1985      |
|    total_timesteps | 310000    |
| train/             |           |
|    actor_loss      | 1.22e+06  |
|    critic_loss     | 1.24e+04  |
|    ent_coef        | 122       |
|    ent_coef_loss   | 1.14      |
|    learning_rate   | 0.0003    |
|    n_updates       | 77474     |
----------------------------------
----------------------------------
| rollout/           |           |
|    ep_len_mean     | 80.5      |
|    ep_rew_mean     | -6.95e+05 |
| time/              |           |
|    episodes        | 3446      |
|    fps             | 156       |
|    time_elapsed    | 2050      |
|    total_timesteps | 320000    |
| train/             |           |
|    actor_loss      | 1.18e+06  |
|    critic_loss     | 1.32e+04  |
|    ent_coef        | 127       |
|    ent_coef_loss   | 2.57      |
|    learning_rate   | 0.0003    |
|    n_updates       | 79974     |
----------------------------------
----------------------------------
| rollout/           |           |
|    ep_len_mean     | 131       |
|    ep_rew_mean     | -9.95e+05 |
| time/              |           |
|    episodes        | 3512      |
|    fps             | 155       |
|    time_elapsed    | 2115      |
|    total_timesteps | 330000    |
| train/             |           |
|    actor_loss      | 1.14e+06  |
|    critic_loss     | 1.23e+04  |
|    ent_coef        | 123       |
|    ent_coef_loss   | -1.4      |
|    learning_rate   | 0.0003    |
|    n_updates       | 82474     |
----------------------------------
----------------------------------
| rollout/           |           |
|    ep_len_mean     | 151       |
|    ep_rew_mean     | -1.09e+06 |
| time/              |           |
|    episodes        | 3593      |
|    fps             | 155       |
|    time_elapsed    | 2181      |
|    total_timesteps | 340000    |
| train/             |           |
|    actor_loss      | 1.11e+06  |
|    critic_loss     | 1.81e+04  |
|    ent_coef        | 116       |
|    ent_coef_loss   | -0.948    |
|    learning_rate   | 0.0003    |
|    n_updates       | 84974     |
----------------------------------
----------------------------------
| rollout/           |           |
|    ep_len_mean     | 31.3      |
|    ep_rew_mean     | -1.02e+05 |
| time/              |           |
|    episodes        | 3846      |
|    fps             | 155       |
|    time_elapsed    | 2247      |
|    total_timesteps | 350000    |
| train/             |           |
|    actor_loss      | 1.06e+06  |
|    critic_loss     | 1.16e+04  |
|    ent_coef        | 117       |
|    ent_coef_loss   | 1.03      |
|    learning_rate   | 0.0003    |
|    n_updates       | 87474     |
----------------------------------
----------------------------------
| rollout/           |           |
|    ep_len_mean     | 47.7      |
|    ep_rew_mean     | -1.29e+05 |
| time/              |           |
|    episodes        | 4086      |
|    fps             | 155       |
|    time_elapsed    | 2312      |
|    total_timesteps | 360000    |
| train/             |           |
|    actor_loss      | 1.02e+06  |
|    critic_loss     | 9.64e+03  |
|    ent_coef        | 121       |
|    ent_coef_loss   | 1.18      |
|    learning_rate   | 0.0003    |
|    n_updates       | 89974     |
----------------------------------
---------------------------------
| rollout/           |          |
|    ep_len_mean     | 67.6     |
|    ep_rew_mean     | -1.7e+05 |
| time/              |          |
|    episodes        | 4231     |
|    fps             | 155      |
|    time_elapsed    | 2377     |
|    total_timesteps | 370000   |
| train/             |          |
|    actor_loss      | 9.84e+05 |
|    critic_loss     | 1.15e+04 |
|    ent_coef        | 127      |
|    ent_coef_loss   | -0.89    |
|    learning_rate   | 0.0003   |
|    n_updates       | 92474    |
---------------------------------
----------------------------------
| rollout/           |           |
|    ep_len_mean     | 93.2      |
|    ep_rew_mean     | -1.83e+05 |
| time/              |           |
|    episodes        | 4334      |
|    fps             | 155       |
|    time_elapsed    | 2443      |
|    total_timesteps | 380000    |
| train/             |           |
|    actor_loss      | 9.06e+05  |
|    critic_loss     | 1.03e+04  |
|    ent_coef        | 132       |
|    ent_coef_loss   | -3.82     |
|    learning_rate   | 0.0003    |
|    n_updates       | 94974     |
----------------------------------
----------------------------------
| rollout/           |           |
|    ep_len_mean     | 139       |
|    ep_rew_mean     | -1.54e+05 |
| time/              |           |
|    episodes        | 4401      |
|    fps             | 155       |
|    time_elapsed    | 2509      |
|    total_timesteps | 390000    |
| train/             |           |
|    actor_loss      | 8.55e+05  |
|    critic_loss     | 8.51e+03  |
|    ent_coef        | 134       |
|    ent_coef_loss   | 0.561     |
|    learning_rate   | 0.0003    |
|    n_updates       | 97474     |
----------------------------------
----------------------------------
| rollout/           |           |
|    ep_len_mean     | 154       |
|    ep_rew_mean     | -1.08e+05 |
| time/              |           |
|    episodes        | 4470      |
|    fps             | 155       |
|    time_elapsed    | 2574      |
|    total_timesteps | 400000    |
| train/             |           |
|    actor_loss      | 8.1e+05   |
|    critic_loss     | 8.17e+03  |
|    ent_coef        | 133       |
|    ent_coef_loss   | -1.73     |
|    learning_rate   | 0.0003    |
|    n_updates       | 99974     |
----------------------------------
----------------------------------
| rollout/           |           |
|    ep_len_mean     | 82.8      |
|    ep_rew_mean     | -8.95e+04 |
| time/              |           |
|    episodes        | 4581      |
|    fps             | 155       |
|    time_elapsed    | 2640      |
|    total_timesteps | 410000    |
| train/             |           |
|    actor_loss      | 7.59e+05  |
|    critic_loss     | 6.66e+03  |
|    ent_coef        | 133       |
|    ent_coef_loss   | 0.389     |
|    learning_rate   | 0.0003    |
|    n_updates       | 102474    |
----------------------------------
----------------------------------
| rollout/           |           |
|    ep_len_mean     | 159       |
|    ep_rew_mean     | -9.73e+04 |
| time/              |           |
|    episodes        | 4592      |
|    fps             | 155       |
|    time_elapsed    | 2705      |
|    total_timesteps | 420000    |
| train/             |           |
|    actor_loss      | 6.96e+05  |
|    critic_loss     | 9.32e+03  |
|    ent_coef        | 129       |
|    ent_coef_loss   | 0.971     |
|    learning_rate   | 0.0003    |
|    n_updates       | 104974    |
----------------------------------
----------------------------------
| rollout/           |           |
|    ep_len_mean     | 259       |
|    ep_rew_mean     | -1.09e+05 |
| time/              |           |
|    episodes        | 4610      |
|    fps             | 155       |
|    time_elapsed    | 2771      |
|    total_timesteps | 430000    |
| train/             |           |
|    actor_loss      | 6.42e+05  |
|    critic_loss     | 5.3e+03   |
|    ent_coef        | 126       |
|    ent_coef_loss   | -0.121    |
|    learning_rate   | 0.0003    |
|    n_updates       | 107474    |
----------------------------------
---------------------------------
| rollout/           |          |
|    ep_len_mean     | 357      |
|    ep_rew_mean     | -1.2e+05 |
| time/              |          |
|    episodes        | 4628     |
|    fps             | 155      |
|    time_elapsed    | 2836     |
|    total_timesteps | 440000   |
| train/             |          |
|    actor_loss      | 5.93e+05 |
|    critic_loss     | 6.33e+03 |
|    ent_coef        | 122      |
|    ent_coef_loss   | 2.22     |
|    learning_rate   | 0.0003   |
|    n_updates       | 109974   |
---------------------------------
----------------------------------
| rollout/           |           |
|    ep_len_mean     | 423       |
|    ep_rew_mean     | -1.27e+05 |
| time/              |           |
|    episodes        | 4647      |
|    fps             | 155       |
|    time_elapsed    | 2902      |
|    total_timesteps | 450000    |
| train/             |           |
|    actor_loss      | 5.55e+05  |
|    critic_loss     | 6.93e+03  |
|    ent_coef        | 120       |
|    ent_coef_loss   | -0.676    |
|    learning_rate   | 0.0003    |
|    n_updates       | 112474    |
----------------------------------
----------------------------------
| rollout/           |           |
|    ep_len_mean     | 513       |
|    ep_rew_mean     | -1.34e+05 |
| time/              |           |
|    episodes        | 4660      |
|    fps             | 154       |
|    time_elapsed    | 2967      |
|    total_timesteps | 460000    |
| train/             |           |
|    actor_loss      | 5.01e+05  |
|    critic_loss     | 8.83e+03  |
|    ent_coef        | 117       |
|    ent_coef_loss   | -0.82     |
|    learning_rate   | 0.0003    |
|    n_updates       | 114974    |
----------------------------------
----------------------------------
| rollout/           |           |
|    ep_len_mean     | 599       |
|    ep_rew_mean     | -1.44e+05 |
| time/              |           |
|    episodes        | 4672      |
|    fps             | 154       |
|    time_elapsed    | 3033      |
|    total_timesteps | 470000    |
| train/             |           |
|    actor_loss      | 4.55e+05  |
|    critic_loss     | 7.37e+03  |
|    ent_coef        | 115       |
|    ent_coef_loss   | 0.832     |
|    learning_rate   | 0.0003    |
|    n_updates       | 117474    |
----------------------------------
----------------------------------
| rollout/           |           |
|    ep_len_mean     | 660       |
|    ep_rew_mean     | -1.54e+05 |
| time/              |           |
|    episodes        | 4684      |
|    fps             | 154       |
|    time_elapsed    | 3098      |
|    total_timesteps | 480000    |
| train/             |           |
|    actor_loss      | 4.13e+05  |
|    critic_loss     | 6.85e+03  |
|    ent_coef        | 114       |
|    ent_coef_loss   | 1.66      |
|    learning_rate   | 0.0003    |
|    n_updates       | 119974    |
----------------------------------
----------------------------------
| rollout/           |           |
|    ep_len_mean     | 676       |
|    ep_rew_mean     | -1.56e+05 |
| time/              |           |
|    episodes        | 4696      |
|    fps             | 154       |
|    time_elapsed    | 3163      |
|    total_timesteps | 490000    |
| train/             |           |
|    actor_loss      | 3.84e+05  |
|    critic_loss     | 5.07e+03  |
|    ent_coef        | 107       |
|    ent_coef_loss   | -3.33     |
|    learning_rate   | 0.0003    |
|    n_updates       | 122474    |
----------------------------------
----------------------------------
| rollout/           |           |
|    ep_len_mean     | 664       |
|    ep_rew_mean     | -1.54e+05 |
| time/              |           |
|    episodes        | 4714      |
|    fps             | 154       |
|    time_elapsed    | 3229      |
|    total_timesteps | 500000    |
| train/             |           |
|    actor_loss      | 3.33e+05  |
|    critic_loss     | 5.42e+03  |
|    ent_coef        | 104       |
|    ent_coef_loss   | -5.56     |
|    learning_rate   | 0.0003    |
|    n_updates       | 124974    |
----------------------------------
----------------------------------
| rollout/           |           |
|    ep_len_mean     | 700       |
|    ep_rew_mean     | -1.58e+05 |
| time/              |           |
|    episodes        | 4724      |
|    fps             | 154       |
|    time_elapsed    | 3294      |
|    total_timesteps | 510000    |
| train/             |           |
|    actor_loss      | 2.88e+05  |
|    critic_loss     | 4.61e+03  |
|    ent_coef        | 103       |
|    ent_coef_loss   | 1.11      |
|    learning_rate   | 0.0003    |
|    n_updates       | 127474    |
----------------------------------
----------------------------------
| rollout/           |           |
|    ep_len_mean     | 755       |
|    ep_rew_mean     | -1.65e+05 |
| time/              |           |
|    episodes        | 4735      |
|    fps             | 154       |
|    time_elapsed    | 3359      |
|    total_timesteps | 520000    |
| train/             |           |
|    actor_loss      | 2.63e+05  |
|    critic_loss     | 4.03e+03  |
|    ent_coef        | 99.2      |
|    ent_coef_loss   | 3.19      |
|    learning_rate   | 0.0003    |
|    n_updates       | 129974    |
----------------------------------
----------------------------------
| rollout/           |           |
|    ep_len_mean     | 809       |
|    ep_rew_mean     | -1.71e+05 |
| time/              |           |
|    episodes        | 4745      |
|    fps             | 154       |
|    time_elapsed    | 3425      |
|    total_timesteps | 530000    |
| train/             |           |
|    actor_loss      | 2.42e+05  |
|    critic_loss     | 3.81e+03  |
|    ent_coef        | 95.6      |
|    ent_coef_loss   | 0.447     |
|    learning_rate   | 0.0003    |
|    n_updates       | 132474    |
----------------------------------
----------------------------------
| rollout/           |           |
|    ep_len_mean     | 280       |
|    ep_rew_mean     | -1.14e+05 |
| time/              |           |
|    episodes        | 4829      |
|    fps             | 154       |
|    time_elapsed    | 3489      |
|    total_timesteps | 540000    |
| train/             |           |
|    actor_loss      | 2.16e+05  |
|    critic_loss     | 4.14e+03  |
|    ent_coef        | 95.5      |
|    ent_coef_loss   | -2.65     |
|    learning_rate   | 0.0003    |
|    n_updates       | 134974    |
----------------------------------
---------------------------------
| rollout/           |          |
|    ep_len_mean     | 74.8     |
|    ep_rew_mean     | -1e+05   |
| time/              |          |
|    episodes        | 4958     |
|    fps             | 154      |
|    time_elapsed    | 3555     |
|    total_timesteps | 550000   |
| train/             |          |
|    actor_loss      | 1.91e+05 |
|    critic_loss     | 3.23e+03 |
|    ent_coef        | 93.1     |
|    ent_coef_loss   | 0.978    |
|    learning_rate   | 0.0003   |
|    n_updates       | 137474   |
---------------------------------
----------------------------------
| rollout/           |           |
|    ep_len_mean     | 123       |
|    ep_rew_mean     | -9.35e+04 |
| time/              |           |
|    episodes        | 5030      |
|    fps             | 154       |
|    time_elapsed    | 3620      |
|    total_timesteps | 560000    |
| train/             |           |
|    actor_loss      | 1.57e+05  |
|    critic_loss     | 3.36e+03  |
|    ent_coef        | 89.4      |
|    ent_coef_loss   | 2.05      |
|    learning_rate   | 0.0003    |
|    n_updates       | 139974    |
----------------------------------
----------------------------------
| rollout/           |           |
|    ep_len_mean     | 64.4      |
|    ep_rew_mean     | -8.48e+04 |
| time/              |           |
|    episodes        | 5155      |
|    fps             | 154       |
|    time_elapsed    | 3685      |
|    total_timesteps | 570000    |
| train/             |           |
|    actor_loss      | 1.4e+05   |
|    critic_loss     | 2.88e+03  |
|    ent_coef        | 82.6      |
|    ent_coef_loss   | 7.38      |
|    learning_rate   | 0.0003    |
|    n_updates       | 142474    |
----------------------------------
----------------------------------
| rollout/           |           |
|    ep_len_mean     | 48.8      |
|    ep_rew_mean     | -8.29e+04 |
| time/              |           |
|    episodes        | 5371      |
|    fps             | 154       |
|    time_elapsed    | 3750      |
|    total_timesteps | 580000    |
| train/             |           |
|    actor_loss      | 1.39e+05  |
|    critic_loss     | 2.71e+03  |
|    ent_coef        | 77.1      |
|    ent_coef_loss   | -0.57     |
|    learning_rate   | 0.0003    |
|    n_updates       | 144974    |
----------------------------------
----------------------------------
| rollout/           |           |
|    ep_len_mean     | 66.6      |
|    ep_rew_mean     | -8.33e+04 |
| time/              |           |
|    episodes        | 5532      |
|    fps             | 154       |
|    time_elapsed    | 3815      |
|    total_timesteps | 590000    |
| train/             |           |
|    actor_loss      | 1.29e+05  |
|    critic_loss     | 2.67e+03  |
|    ent_coef        | 72.7      |
|    ent_coef_loss   | -0.155    |
|    learning_rate   | 0.0003    |
|    n_updates       | 147474    |
----------------------------------
----------------------------------
| rollout/           |           |
|    ep_len_mean     | 97.4      |
|    ep_rew_mean     | -8.82e+04 |
| time/              |           |
|    episodes        | 5636      |
|    fps             | 154       |
|    time_elapsed    | 3880      |
|    total_timesteps | 600000    |
| train/             |           |
|    actor_loss      | 1.2e+05   |
|    critic_loss     | 2.59e+03  |
|    ent_coef        | 71.7      |
|    ent_coef_loss   | 1.15      |
|    learning_rate   | 0.0003    |
|    n_updates       | 149974    |
----------------------------------
---------------------------------
| rollout/           |          |
|    ep_len_mean     | 164      |
|    ep_rew_mean     | -9.3e+04 |
| time/              |          |
|    episodes        | 5657     |
|    fps             | 154      |
|    time_elapsed    | 3945     |
|    total_timesteps | 610000   |
| train/             |          |
|    actor_loss      | 1.11e+05 |
|    critic_loss     | 3.38e+03 |
|    ent_coef        | 72.7     |
|    ent_coef_loss   | 0.177    |
|    learning_rate   | 0.0003   |
|    n_updates       | 152474   |
---------------------------------
----------------------------------
| rollout/           |           |
|    ep_len_mean     | 258       |
|    ep_rew_mean     | -1.04e+05 |
| time/              |           |
|    episodes        | 5667      |
|    fps             | 154       |
|    time_elapsed    | 4010      |
|    total_timesteps | 620000    |
| train/             |           |
|    actor_loss      | 9.41e+04  |
|    critic_loss     | 3.08e+03  |
|    ent_coef        | 72.9      |
|    ent_coef_loss   | 1.75      |
|    learning_rate   | 0.0003    |
|    n_updates       | 154974    |
----------------------------------
----------------------------------
| rollout/           |           |
|    ep_len_mean     | 350       |
|    ep_rew_mean     | -1.16e+05 |
| time/              |           |
|    episodes        | 5677      |
|    fps             | 154       |
|    time_elapsed    | 4074      |
|    total_timesteps | 630000    |
| train/             |           |
|    actor_loss      | 9.17e+04  |
|    critic_loss     | 3.02e+03  |
|    ent_coef        | 70        |
|    ent_coef_loss   | -2.13     |
|    learning_rate   | 0.0003    |
|    n_updates       | 157474    |
----------------------------------
----------------------------------
| rollout/           |           |
|    ep_len_mean     | 442       |
|    ep_rew_mean     | -1.25e+05 |
| time/              |           |
|    episodes        | 5687      |
|    fps             | 154       |
|    time_elapsed    | 4139      |
|    total_timesteps | 640000    |
| train/             |           |
|    actor_loss      | 7.89e+04  |
|    critic_loss     | 3.01e+03  |
|    ent_coef        | 66        |
|    ent_coef_loss   | 0.931     |
|    learning_rate   | 0.0003    |
|    n_updates       | 159974    |
----------------------------------
----------------------------------
| rollout/           |           |
|    ep_len_mean     | 517       |
|    ep_rew_mean     | -1.33e+05 |
| time/              |           |
|    episodes        | 5724      |
|    fps             | 154       |
|    time_elapsed    | 4204      |
|    total_timesteps | 650000    |
| train/             |           |
|    actor_loss      | 8.01e+04  |
|    critic_loss     | 2.92e+03  |
|    ent_coef        | 60.9      |
|    ent_coef_loss   | -3.46     |
|    learning_rate   | 0.0003    |
|    n_updates       | 162474    |
----------------------------------
----------------------------------
| rollout/           |           |
|    ep_len_mean     | 65.3      |
|    ep_rew_mean     | -8.38e+04 |
| time/              |           |
|    episodes        | 5876      |
|    fps             | 154       |
|    time_elapsed    | 4269      |
|    total_timesteps | 660000    |
| train/             |           |
|    actor_loss      | 7.24e+04  |
|    critic_loss     | 2.7e+03   |
|    ent_coef        | 55        |
|    ent_coef_loss   | -2.02     |
|    learning_rate   | 0.0003    |
|    n_updates       | 164974    |
----------------------------------
----------------------------------
| rollout/           |           |
|    ep_len_mean     | 120       |
|    ep_rew_mean     | -8.86e+04 |
| time/              |           |
|    episodes        | 5945      |
|    fps             | 154       |
|    time_elapsed    | 4334      |
|    total_timesteps | 670000    |
| train/             |           |
|    actor_loss      | 7.72e+04  |
|    critic_loss     | 2.32e+03  |
|    ent_coef        | 53.8      |
|    ent_coef_loss   | -3.4      |
|    learning_rate   | 0.0003    |
|    n_updates       | 167474    |
----------------------------------
----------------------------------
| rollout/           |           |
|    ep_len_mean     | 205       |
|    ep_rew_mean     | -9.91e+04 |
| time/              |           |
|    episodes        | 5956      |
|    fps             | 154       |
|    time_elapsed    | 4399      |
|    total_timesteps | 680000    |
| train/             |           |
|    actor_loss      | 5.65e+04  |
|    critic_loss     | 2.1e+03   |
|    ent_coef        | 46.9      |
|    ent_coef_loss   | 2.04      |
|    learning_rate   | 0.0003    |
|    n_updates       | 169974    |
----------------------------------
----------------------------------
| rollout/           |           |
|    ep_len_mean     | 277       |
|    ep_rew_mean     | -1.05e+05 |
| time/              |           |
|    episodes        | 5983      |
|    fps             | 154       |
|    time_elapsed    | 4464      |
|    total_timesteps | 690000    |
| train/             |           |
|    actor_loss      | 5.85e+04  |
|    critic_loss     | 2.08e+03  |
|    ent_coef        | 40.9      |
|    ent_coef_loss   | 1.81      |
|    learning_rate   | 0.0003    |
|    n_updates       | 172474    |
----------------------------------
----------------------------------
| rollout/           |           |
|    ep_len_mean     | 359       |
|    ep_rew_mean     | -1.21e+05 |
| time/              |           |
|    episodes        | 6000      |
|    fps             | 154       |
|    time_elapsed    | 4529      |
|    total_timesteps | 700000    |
| train/             |           |
|    actor_loss      | 5.12e+04  |
|    critic_loss     | 2.32e+03  |
|    ent_coef        | 38.6      |
|    ent_coef_loss   | 0.0152    |
|    learning_rate   | 0.0003    |
|    n_updates       | 174974    |
----------------------------------
----------------------------------
| rollout/           |           |
|    ep_len_mean     | 427       |
|    ep_rew_mean     | -1.32e+05 |
| time/              |           |
|    episodes        | 6040      |
|    fps             | 154       |
|    time_elapsed    | 4594      |
|    total_timesteps | 710000    |
| train/             |           |
|    actor_loss      | 4.95e+04  |
|    critic_loss     | 1.96e+03  |
|    ent_coef        | 34.3      |
|    ent_coef_loss   | -4.15     |
|    learning_rate   | 0.0003    |
|    n_updates       | 177474    |
----------------------------------
----------------------------------
| rollout/           |           |
|    ep_len_mean     | 192       |
|    ep_rew_mean     | -1.08e+05 |
| time/              |           |
|    episodes        | 6103      |
|    fps             | 154       |
|    time_elapsed    | 4659      |
|    total_timesteps | 720000    |
| train/             |           |
|    actor_loss      | 3.79e+04  |
|    critic_loss     | 1.87e+03  |
|    ent_coef        | 31.6      |
|    ent_coef_loss   | 0.622     |
|    learning_rate   | 0.0003    |
|    n_updates       | 179974    |
----------------------------------
----------------------------------
| rollout/           |           |
|    ep_len_mean     | 147       |
|    ep_rew_mean     | -9.82e+04 |
| time/              |           |
|    episodes        | 6173      |
|    fps             | 154       |
|    time_elapsed    | 4724      |
|    total_timesteps | 730000    |
| train/             |           |
|    actor_loss      | 3.62e+04  |
|    critic_loss     | 1.79e+03  |
|    ent_coef        | 29.1      |
|    ent_coef_loss   | 0.896     |
|    learning_rate   | 0.0003    |
|    n_updates       | 182474    |
----------------------------------
----------------------------------
| rollout/           |           |
|    ep_len_mean     | 121       |
|    ep_rew_mean     | -9.14e+04 |
| time/              |           |
|    episodes        | 6261      |
|    fps             | 154       |
|    time_elapsed    | 4790      |
|    total_timesteps | 740000    |
| train/             |           |
|    actor_loss      | 4.44e+04  |
|    critic_loss     | 1.94e+03  |
|    ent_coef        | 27.2      |
|    ent_coef_loss   | -3.16     |
|    learning_rate   | 0.0003    |
|    n_updates       | 184974    |
----------------------------------
----------------------------------
| rollout/           |           |
|    ep_len_mean     | 88.5      |
|    ep_rew_mean     | -9.27e+04 |
| time/              |           |
|    episodes        | 6374      |
|    fps             | 154       |
|    time_elapsed    | 4855      |
|    total_timesteps | 750000    |
| train/             |           |
|    actor_loss      | 4.3e+04   |
|    critic_loss     | 1.93e+03  |
|    ent_coef        | 25.2      |
|    ent_coef_loss   | 2.25      |
|    learning_rate   | 0.0003    |
|    n_updates       | 187474    |
----------------------------------
---------------------------------
| rollout/           |          |
|    ep_len_mean     | 46.4     |
|    ep_rew_mean     | -9.4e+04 |
| time/              |          |
|    episodes        | 6572     |
|    fps             | 154      |
|    time_elapsed    | 4920     |
|    total_timesteps | 760000   |
| train/             |          |
|    actor_loss      | 3.4e+04  |
|    critic_loss     | 2.05e+03 |
|    ent_coef        | 24.3     |
|    ent_coef_loss   | 0.291    |
|    learning_rate   | 0.0003   |
|    n_updates       | 189974   |
---------------------------------
----------------------------------
| rollout/           |           |
|    ep_len_mean     | 53.9      |
|    ep_rew_mean     | -9.29e+04 |
| time/              |           |
|    episodes        | 6773      |
|    fps             | 154       |
|    time_elapsed    | 4985      |
|    total_timesteps | 770000    |
| train/             |           |
|    actor_loss      | 4.21e+04  |
|    critic_loss     | 1.98e+03  |
|    ent_coef        | 23.7      |
|    ent_coef_loss   | 0.826     |
|    learning_rate   | 0.0003    |
|    n_updates       | 192474    |
----------------------------------
----------------------------------
| rollout/           |           |
|    ep_len_mean     | 51.1      |
|    ep_rew_mean     | -8.91e+04 |
| time/              |           |
|    episodes        | 6969      |
|    fps             | 154       |
|    time_elapsed    | 5050      |
|    total_timesteps | 780000    |
| train/             |           |
|    actor_loss      | 3.27e+04  |
|    critic_loss     | 2.64e+03  |
|    ent_coef        | 22.1      |
|    ent_coef_loss   | -2.22     |
|    learning_rate   | 0.0003    |
|    n_updates       | 194974    |
----------------------------------
----------------------------------
| rollout/           |           |
|    ep_len_mean     | 67.1      |
|    ep_rew_mean     | -9.12e+04 |
| time/              |           |
|    episodes        | 7113      |
|    fps             | 154       |
|    time_elapsed    | 5116      |
|    total_timesteps | 790000    |
| train/             |           |
|    actor_loss      | 2.3e+04   |
|    critic_loss     | 1.82e+03  |
|    ent_coef        | 21.2      |
|    ent_coef_loss   | 3.29      |
|    learning_rate   | 0.0003    |
|    n_updates       | 197474    |
----------------------------------
----------------------------------
| rollout/           |           |
|    ep_len_mean     | 153       |
|    ep_rew_mean     | -9.78e+04 |
| time/              |           |
|    episodes        | 7137      |
|    fps             | 154       |
|    time_elapsed    | 5181      |
|    total_timesteps | 800000    |
| train/             |           |
|    actor_loss      | 2.85e+04  |
|    critic_loss     | 2.21e+03  |
|    ent_coef        | 20.9      |
|    ent_coef_loss   | 0.101     |
|    learning_rate   | 0.0003    |
|    n_updates       | 199974    |
----------------------------------
----------------------------------
| rollout/           |           |
|    ep_len_mean     | 222       |
|    ep_rew_mean     | -1.05e+05 |
| time/              |           |
|    episodes        | 7172      |
|    fps             | 154       |
|    time_elapsed    | 5247      |
|    total_timesteps | 810000    |
| train/             |           |
|    actor_loss      | 2.49e+04  |
|    critic_loss     | 1.88e+03  |
|    ent_coef        | 21.5      |
|    ent_coef_loss   | 3.91      |
|    learning_rate   | 0.0003    |
|    n_updates       | 202474    |
----------------------------------
----------------------------------
| rollout/           |           |
|    ep_len_mean     | 315       |
|    ep_rew_mean     | -1.08e+05 |
| time/              |           |
|    episodes        | 7200      |
|    fps             | 154       |
|    time_elapsed    | 5312      |
|    total_timesteps | 820000    |
| train/             |           |
|    actor_loss      | 3.08e+04  |
|    critic_loss     | 1.73e+03  |
|    ent_coef        | 21.7      |
|    ent_coef_loss   | 0.463     |
|    learning_rate   | 0.0003    |
|    n_updates       | 204974    |
----------------------------------
----------------------------------
| rollout/           |           |
|    ep_len_mean     | 72.1      |
|    ep_rew_mean     | -8.24e+04 |
| time/              |           |
|    episodes        | 7318      |
|    fps             | 154       |
|    time_elapsed    | 5378      |
|    total_timesteps | 830000    |
| train/             |           |
|    actor_loss      | 3.24e+04  |
|    critic_loss     | 1.87e+03  |
|    ent_coef        | 21.3      |
|    ent_coef_loss   | 1.62      |
|    learning_rate   | 0.0003    |
|    n_updates       | 207474    |
----------------------------------
----------------------------------
| rollout/           |           |
|    ep_len_mean     | 80.2      |
|    ep_rew_mean     | -8.24e+04 |
| time/              |           |
|    episodes        | 7441      |
|    fps             | 154       |
|    time_elapsed    | 5443      |
|    total_timesteps | 840000    |
| train/             |           |
|    actor_loss      | 3.32e+04  |
|    critic_loss     | 1.82e+03  |
|    ent_coef        | 21.7      |
|    ent_coef_loss   | 1.2       |
|    learning_rate   | 0.0003    |
|    n_updates       | 209974    |
----------------------------------
----------------------------------
| rollout/           |           |
|    ep_len_mean     | 126       |
|    ep_rew_mean     | -8.42e+04 |
| time/              |           |
|    episodes        | 7519      |
|    fps             | 154       |
|    time_elapsed    | 5508      |
|    total_timesteps | 850000    |
| train/             |           |
|    actor_loss      | 3.3e+04   |
|    critic_loss     | 2.13e+03  |
|    ent_coef        | 22        |
|    ent_coef_loss   | -1.23     |
|    learning_rate   | 0.0003    |
|    n_updates       | 212474    |
----------------------------------
----------------------------------
| rollout/           |           |
|    ep_len_mean     | 156       |
|    ep_rew_mean     | -8.74e+04 |
| time/              |           |
|    episodes        | 7572      |
|    fps             | 154       |
|    time_elapsed    | 5574      |
|    total_timesteps | 860000    |
| train/             |           |
|    actor_loss      | 3.49e+04  |
|    critic_loss     | 2.03e+03  |
|    ent_coef        | 22.9      |
|    ent_coef_loss   | 0.91      |
|    learning_rate   | 0.0003    |
|    n_updates       | 214974    |
----------------------------------
----------------------------------
| rollout/           |           |
|    ep_len_mean     | 240       |
|    ep_rew_mean     | -9.76e+04 |
| time/              |           |
|    episodes        | 7585      |
|    fps             | 154       |
|    time_elapsed    | 5640      |
|    total_timesteps | 870000    |
| train/             |           |
|    actor_loss      | 3.43e+04  |
|    critic_loss     | 1.99e+03  |
|    ent_coef        | 23.8      |
|    ent_coef_loss   | -2.6      |
|    learning_rate   | 0.0003    |
|    n_updates       | 217474    |
----------------------------------
----------------------------------
| rollout/           |           |
|    ep_len_mean     | 327       |
|    ep_rew_mean     | -1.06e+05 |
| time/              |           |
|    episodes        | 7599      |
|    fps             | 154       |
|    time_elapsed    | 5705      |
|    total_timesteps | 880000    |
| train/             |           |
|    actor_loss      | 3.65e+04  |
|    critic_loss     | 2.17e+03  |
|    ent_coef        | 24        |
|    ent_coef_loss   | -2.73     |
|    learning_rate   | 0.0003    |
|    n_updates       | 219974    |
----------------------------------
----------------------------------
| rollout/           |           |
|    ep_len_mean     | 329       |
|    ep_rew_mean     | -1.07e+05 |
| time/              |           |
|    episodes        | 7661      |
|    fps             | 154       |
|    time_elapsed    | 5771      |
|    total_timesteps | 890000    |
| train/             |           |
|    actor_loss      | 3.45e+04  |
|    critic_loss     | 2.35e+03  |
|    ent_coef        | 24.1      |
|    ent_coef_loss   | -3.06     |
|    learning_rate   | 0.0003    |
|    n_updates       | 222474    |
----------------------------------
----------------------------------
| rollout/           |           |
|    ep_len_mean     | 120       |
|    ep_rew_mean     | -8.37e+04 |
| time/              |           |
|    episodes        | 7739      |
|    fps             | 154       |
|    time_elapsed    | 5836      |
|    total_timesteps | 900000    |
| train/             |           |
|    actor_loss      | 3.43e+04  |
|    critic_loss     | 2.17e+03  |
|    ent_coef        | 23.9      |
|    ent_coef_loss   | -0.373    |
|    learning_rate   | 0.0003    |
|    n_updates       | 224974    |
----------------------------------
----------------------------------
| rollout/           |           |
|    ep_len_mean     | 139       |
|    ep_rew_mean     | -8.61e+04 |
| time/              |           |
|    episodes        | 7812      |
|    fps             | 154       |
|    time_elapsed    | 5901      |
|    total_timesteps | 910000    |
| train/             |           |
|    actor_loss      | 3.37e+04  |
|    critic_loss     | 2.33e+03  |
|    ent_coef        | 22.8      |
|    ent_coef_loss   | -0.311    |
|    learning_rate   | 0.0003    |
|    n_updates       | 227474    |
----------------------------------
---------------------------------
| rollout/           |          |
|    ep_len_mean     | 89.5     |
|    ep_rew_mean     | -8.1e+04 |
| time/              |          |
|    episodes        | 7920     |
|    fps             | 154      |
|    time_elapsed    | 5967     |
|    total_timesteps | 920000   |
| train/             |          |
|    actor_loss      | 2.86e+04 |
|    critic_loss     | 1.58e+03 |
|    ent_coef        | 21.4     |
|    ent_coef_loss   | 2.74     |
|    learning_rate   | 0.0003   |
|    n_updates       | 229974   |
---------------------------------
----------------------------------
| rollout/           |           |
|    ep_len_mean     | 155       |
|    ep_rew_mean     | -8.56e+04 |
| time/              |           |
|    episodes        | 7978      |
|    fps             | 154       |
|    time_elapsed    | 6030      |
|    total_timesteps | 930000    |
| train/             |           |
|    actor_loss      | 4.09e+04  |
|    critic_loss     | 1.43e+03  |
|    ent_coef        | 20        |
|    ent_coef_loss   | -0.58     |
|    learning_rate   | 0.0003    |
|    n_updates       | 232474    |
----------------------------------
---------------------------------
| rollout/           |          |
|    ep_len_mean     | 156      |
|    ep_rew_mean     | -8.5e+04 |
| time/              |          |
|    episodes        | 8039     |
|    fps             | 154      |
|    time_elapsed    | 6092     |
|    total_timesteps | 940000   |
| train/             |          |
|    actor_loss      | 3.09e+04 |
|    critic_loss     | 1.71e+03 |
|    ent_coef        | 18.6     |
|    ent_coef_loss   | -0.537   |
|    learning_rate   | 0.0003   |
|    n_updates       | 234974   |
---------------------------------
----------------------------------
| rollout/           |           |
|    ep_len_mean     | 200       |
|    ep_rew_mean     | -8.97e+04 |
| time/              |           |
|    episodes        | 8077      |
|    fps             | 154       |
|    time_elapsed    | 6155      |
|    total_timesteps | 950000    |
| train/             |           |
|    actor_loss      | 2.68e+04  |
|    critic_loss     | 1.65e+03  |
|    ent_coef        | 17.8      |
|    ent_coef_loss   | 2.23      |
|    learning_rate   | 0.0003    |
|    n_updates       | 237474    |
----------------------------------
---------------------------------
| rollout/           |          |
|    ep_len_mean     | 250      |
|    ep_rew_mean     | -9.2e+04 |
| time/              |          |
|    episodes        | 8103     |
|    fps             | 154      |
|    time_elapsed    | 6216     |
|    total_timesteps | 960000   |
| train/             |          |
|    actor_loss      | 2.96e+04 |
|    critic_loss     | 2.01e+03 |
|    ent_coef        | 17.5     |
|    ent_coef_loss   | -2.59    |
|    learning_rate   | 0.0003   |
|    n_updates       | 239974   |
---------------------------------
----------------------------------
| rollout/           |           |
|    ep_len_mean     | 331       |
|    ep_rew_mean     | -9.51e+04 |
| time/              |           |
|    episodes        | 8118      |
|    fps             | 154       |
|    time_elapsed    | 6277      |
|    total_timesteps | 970000    |
| train/             |           |
|    actor_loss      | 2.83e+04  |
|    critic_loss     | 1.93e+03  |
|    ent_coef        | 17.4      |
|    ent_coef_loss   | 0.363     |
|    learning_rate   | 0.0003    |
|    n_updates       | 242474    |
----------------------------------
----------------------------------
| rollout/           |           |
|    ep_len_mean     | 415       |
|    ep_rew_mean     | -9.56e+04 |
| time/              |           |
|    episodes        | 8129      |
|    fps             | 154       |
|    time_elapsed    | 6339      |
|    total_timesteps | 980000    |
| train/             |           |
|    actor_loss      | 2.28e+04  |
|    critic_loss     | 1.96e+03  |
|    ent_coef        | 17.3      |
|    ent_coef_loss   | 4.19      |
|    learning_rate   | 0.0003    |
|    n_updates       | 244974    |
----------------------------------
----------------------------------
| rollout/           |           |
|    ep_len_mean     | 480       |
|    ep_rew_mean     | -9.48e+04 |
| time/              |           |
|    episodes        | 8143      |
|    fps             | 154       |
|    time_elapsed    | 6401      |
|    total_timesteps | 990000    |
| train/             |           |
|    actor_loss      | 3.44e+04  |
|    critic_loss     | 1.36e+03  |
|    ent_coef        | 16.8      |
|    ent_coef_loss   | -0.779    |
|    learning_rate   | 0.0003    |
|    n_updates       | 247474    |
----------------------------------
----------------------------------
| rollout/           |           |
|    ep_len_mean     | 460       |
|    ep_rew_mean     | -1.21e+05 |
| time/              |           |
|    episodes        | 8194      |
|    fps             | 154       |
|    time_elapsed    | 6463      |
|    total_timesteps | 1000000   |
| train/             |           |
|    actor_loss      | 2.44e+04  |
|    critic_loss     | 1.38e+03  |
|    ent_coef        | 16.6      |
|    ent_coef_loss   | 4.31      |
|    learning_rate   | 0.0003    |
|    n_updates       | 249974    |
----------------------------------
Training ended on Wed Jan 28 01:21:13 2026
Training lasted 1:47:43.617957
