Logging to training_default_logs/3_robots/logs/A2C_set10
Using cpu device
Training started on Tue Jan 27 16:19:04 2026
Experiment configuration: {'algorithm': 'A2C', 'set': 10, 'verbose': 1, 'steps': 1000000, 'num_robots': 3, 'num_envs': 4, 'seed': 33, 'log_steps': 10000, 'resume': False, 'device': 'cpu'}
-------------------------------------
| rollout/              |           |
|    ep_len_mean        | 123       |
|    ep_rew_mean        | -3.59e+05 |
| time/                 |           |
|    fps                | 1456      |
|    time_elapsed       | 6         |
|    total_timesteps    | 10000     |
| train/                |           |
|    entropy_loss       | -12.9     |
|    explained_variance | -1.19e-07 |
|    learning_rate      | 0.0007    |
|    n_updates          | 499       |
|    policy_loss        | -9.32e+04 |
|    std                | 1.02      |
|    value_loss         | 1.87e+08  |
-------------------------------------
-------------------------------------
| rollout/              |           |
|    ep_len_mean        | 109       |
|    ep_rew_mean        | -2.64e+05 |
| time/                 |           |
|    fps                | 1474      |
|    time_elapsed       | 13        |
|    total_timesteps    | 20000     |
| train/                |           |
|    entropy_loss       | -13       |
|    explained_variance | -1.19e-07 |
|    learning_rate      | 0.0007    |
|    n_updates          | 999       |
|    policy_loss        | -7.39e+03 |
|    std                | 1.02      |
|    value_loss         | 5.25e+06  |
-------------------------------------
-------------------------------------
| rollout/              |           |
|    ep_len_mean        | 86.9      |
|    ep_rew_mean        | -1.99e+05 |
| time/                 |           |
|    fps                | 1482      |
|    time_elapsed       | 20        |
|    total_timesteps    | 30000     |
| train/                |           |
|    entropy_loss       | -13       |
|    explained_variance | -1.19e-07 |
|    learning_rate      | 0.0007    |
|    n_updates          | 1499      |
|    policy_loss        | -1.12e+03 |
|    std                | 1.02      |
|    value_loss         | 9.14e+03  |
-------------------------------------
-------------------------------------
| rollout/              |           |
|    ep_len_mean        | 72.5      |
|    ep_rew_mean        | -1.82e+05 |
| time/                 |           |
|    fps                | 1484      |
|    time_elapsed       | 26        |
|    total_timesteps    | 40000     |
| train/                |           |
|    entropy_loss       | -13.1     |
|    explained_variance | -1.19e-07 |
|    learning_rate      | 0.0007    |
|    n_updates          | 1999      |
|    policy_loss        | -2.9e+04  |
|    std                | 1.03      |
|    value_loss         | 2.22e+07  |
-------------------------------------
-------------------------------------
| rollout/              |           |
|    ep_len_mean        | 83.7      |
|    ep_rew_mean        | -2.06e+05 |
| time/                 |           |
|    fps                | 1484      |
|    time_elapsed       | 33        |
|    total_timesteps    | 50000     |
| train/                |           |
|    entropy_loss       | -13.2     |
|    explained_variance | 0         |
|    learning_rate      | 0.0007    |
|    n_updates          | 2499      |
|    policy_loss        | -7.26e+04 |
|    std                | 1.04      |
|    value_loss         | 8.08e+07  |
-------------------------------------
-------------------------------------
| rollout/              |           |
|    ep_len_mean        | 85        |
|    ep_rew_mean        | -1.97e+05 |
| time/                 |           |
|    fps                | 1484      |
|    time_elapsed       | 40        |
|    total_timesteps    | 60000     |
| train/                |           |
|    entropy_loss       | -13.2     |
|    explained_variance | 0         |
|    learning_rate      | 0.0007    |
|    n_updates          | 2999      |
|    policy_loss        | -1.13e+05 |
|    std                | 1.05      |
|    value_loss         | 1.59e+08  |
-------------------------------------
-------------------------------------
| rollout/              |           |
|    ep_len_mean        | 75.1      |
|    ep_rew_mean        | -1.89e+05 |
| time/                 |           |
|    fps                | 1482      |
|    time_elapsed       | 47        |
|    total_timesteps    | 70000     |
| train/                |           |
|    entropy_loss       | -13.3     |
|    explained_variance | 0         |
|    learning_rate      | 0.0007    |
|    n_updates          | 3499      |
|    policy_loss        | 9.67e+03  |
|    std                | 1.06      |
|    value_loss         | 2.75e+06  |
-------------------------------------
-------------------------------------
| rollout/              |           |
|    ep_len_mean        | 78.7      |
|    ep_rew_mean        | -1.97e+05 |
| time/                 |           |
|    fps                | 1480      |
|    time_elapsed       | 54        |
|    total_timesteps    | 80000     |
| train/                |           |
|    entropy_loss       | -13.4     |
|    explained_variance | 0         |
|    learning_rate      | 0.0007    |
|    n_updates          | 3999      |
|    policy_loss        | -7.31e+04 |
|    std                | 1.07      |
|    value_loss         | 5.19e+08  |
-------------------------------------
-------------------------------------
| rollout/              |           |
|    ep_len_mean        | 91.3      |
|    ep_rew_mean        | -1.94e+05 |
| time/                 |           |
|    fps                | 1476      |
|    time_elapsed       | 60        |
|    total_timesteps    | 90000     |
| train/                |           |
|    entropy_loss       | -13.4     |
|    explained_variance | 0         |
|    learning_rate      | 0.0007    |
|    n_updates          | 4499      |
|    policy_loss        | -1.28e+04 |
|    std                | 1.08      |
|    value_loss         | 1.48e+07  |
-------------------------------------
-------------------------------------
| rollout/              |           |
|    ep_len_mean        | 74.6      |
|    ep_rew_mean        | -1.65e+05 |
| time/                 |           |
|    fps                | 1471      |
|    time_elapsed       | 67        |
|    total_timesteps    | 100000    |
| train/                |           |
|    entropy_loss       | -13.5     |
|    explained_variance | 0         |
|    learning_rate      | 0.0007    |
|    n_updates          | 4999      |
|    policy_loss        | -4e+05    |
|    std                | 1.09      |
|    value_loss         | 2.56e+09  |
-------------------------------------
-------------------------------------
| rollout/              |           |
|    ep_len_mean        | 77.5      |
|    ep_rew_mean        | -1.76e+05 |
| time/                 |           |
|    fps                | 1465      |
|    time_elapsed       | 75        |
|    total_timesteps    | 110000    |
| train/                |           |
|    entropy_loss       | -13.6     |
|    explained_variance | -1.19e-07 |
|    learning_rate      | 0.0007    |
|    n_updates          | 5499      |
|    policy_loss        | -3.92e+05 |
|    std                | 1.1       |
|    value_loss         | 2.81e+09  |
-------------------------------------
-------------------------------------
| rollout/              |           |
|    ep_len_mean        | 62.9      |
|    ep_rew_mean        | -1.67e+05 |
| time/                 |           |
|    fps                | 1459      |
|    time_elapsed       | 82        |
|    total_timesteps    | 120000    |
| train/                |           |
|    entropy_loss       | -13.7     |
|    explained_variance | 1.19e-07  |
|    learning_rate      | 0.0007    |
|    n_updates          | 5999      |
|    policy_loss        | -3.33e+04 |
|    std                | 1.11      |
|    value_loss         | 4.57e+07  |
-------------------------------------
-------------------------------------
| rollout/              |           |
|    ep_len_mean        | 54.8      |
|    ep_rew_mean        | -1.38e+05 |
| time/                 |           |
|    fps                | 1455      |
|    time_elapsed       | 89        |
|    total_timesteps    | 130000    |
| train/                |           |
|    entropy_loss       | -13.8     |
|    explained_variance | 0         |
|    learning_rate      | 0.0007    |
|    n_updates          | 6499      |
|    policy_loss        | -5.03e+04 |
|    std                | 1.12      |
|    value_loss         | 3.22e+07  |
-------------------------------------
-------------------------------------
| rollout/              |           |
|    ep_len_mean        | 70.9      |
|    ep_rew_mean        | -1.78e+05 |
| time/                 |           |
|    fps                | 1451      |
|    time_elapsed       | 96        |
|    total_timesteps    | 140000    |
| train/                |           |
|    entropy_loss       | -13.9     |
|    explained_variance | 0         |
|    learning_rate      | 0.0007    |
|    n_updates          | 6999      |
|    policy_loss        | -1.32e+05 |
|    std                | 1.13      |
|    value_loss         | 1.91e+08  |
-------------------------------------
-------------------------------------
| rollout/              |           |
|    ep_len_mean        | 56.1      |
|    ep_rew_mean        | -1.43e+05 |
| time/                 |           |
|    fps                | 1448      |
|    time_elapsed       | 103       |
|    total_timesteps    | 150000    |
| train/                |           |
|    entropy_loss       | -13.9     |
|    explained_variance | 0         |
|    learning_rate      | 0.0007    |
|    n_updates          | 7499      |
|    policy_loss        | -3.05e+05 |
|    std                | 1.14      |
|    value_loss         | 2.4e+09   |
-------------------------------------
-------------------------------------
| rollout/              |           |
|    ep_len_mean        | 59.9      |
|    ep_rew_mean        | -1.66e+05 |
| time/                 |           |
|    fps                | 1446      |
|    time_elapsed       | 110       |
|    total_timesteps    | 160000    |
| train/                |           |
|    entropy_loss       | -14.1     |
|    explained_variance | 2.38e-07  |
|    learning_rate      | 0.0007    |
|    n_updates          | 7999      |
|    policy_loss        | -3.46e+05 |
|    std                | 1.16      |
|    value_loss         | 2.03e+09  |
-------------------------------------
-------------------------------------
| rollout/              |           |
|    ep_len_mean        | 60.1      |
|    ep_rew_mean        | -1.41e+05 |
| time/                 |           |
|    fps                | 1444      |
|    time_elapsed       | 117       |
|    total_timesteps    | 170000    |
| train/                |           |
|    entropy_loss       | -14.1     |
|    explained_variance | 0         |
|    learning_rate      | 0.0007    |
|    n_updates          | 8499      |
|    policy_loss        | -7.34e+04 |
|    std                | 1.17      |
|    value_loss         | 7.48e+07  |
-------------------------------------
-------------------------------------
| rollout/              |           |
|    ep_len_mean        | 78.6      |
|    ep_rew_mean        | -1.82e+05 |
| time/                 |           |
|    fps                | 1442      |
|    time_elapsed       | 124       |
|    total_timesteps    | 180000    |
| train/                |           |
|    entropy_loss       | -14.2     |
|    explained_variance | -1.19e-07 |
|    learning_rate      | 0.0007    |
|    n_updates          | 8999      |
|    policy_loss        | -3.05e+04 |
|    std                | 1.18      |
|    value_loss         | 2.05e+07  |
-------------------------------------
-------------------------------------
| rollout/              |           |
|    ep_len_mean        | 47.7      |
|    ep_rew_mean        | -1.52e+05 |
| time/                 |           |
|    fps                | 1440      |
|    time_elapsed       | 131       |
|    total_timesteps    | 190000    |
| train/                |           |
|    entropy_loss       | -14.3     |
|    explained_variance | 0         |
|    learning_rate      | 0.0007    |
|    n_updates          | 9499      |
|    policy_loss        | -8.65e+04 |
|    std                | 1.19      |
|    value_loss         | 5.1e+08   |
-------------------------------------
-------------------------------------
| rollout/              |           |
|    ep_len_mean        | 37.3      |
|    ep_rew_mean        | -1.51e+05 |
| time/                 |           |
|    fps                | 1439      |
|    time_elapsed       | 138       |
|    total_timesteps    | 200000    |
| train/                |           |
|    entropy_loss       | -14.5     |
|    explained_variance | -1.19e-07 |
|    learning_rate      | 0.0007    |
|    n_updates          | 9999      |
|    policy_loss        | -4.88e+04 |
|    std                | 1.21      |
|    value_loss         | 3.52e+07  |
-------------------------------------
-------------------------------------
| rollout/              |           |
|    ep_len_mean        | 76.2      |
|    ep_rew_mean        | -1.84e+05 |
| time/                 |           |
|    fps                | 1437      |
|    time_elapsed       | 146       |
|    total_timesteps    | 210000    |
| train/                |           |
|    entropy_loss       | -14.5     |
|    explained_variance | 1.19e-07  |
|    learning_rate      | 0.0007    |
|    n_updates          | 10499     |
|    policy_loss        | -4.28e+04 |
|    std                | 1.22      |
|    value_loss         | 3.88e+07  |
-------------------------------------
-------------------------------------
| rollout/              |           |
|    ep_len_mean        | 61.2      |
|    ep_rew_mean        | -1.62e+05 |
| time/                 |           |
|    fps                | 1437      |
|    time_elapsed       | 153       |
|    total_timesteps    | 220000    |
| train/                |           |
|    entropy_loss       | -14.6     |
|    explained_variance | 0         |
|    learning_rate      | 0.0007    |
|    n_updates          | 10999     |
|    policy_loss        | -1.51e+05 |
|    std                | 1.23      |
|    value_loss         | 9.87e+08  |
-------------------------------------
-------------------------------------
| rollout/              |           |
|    ep_len_mean        | 34.4      |
|    ep_rew_mean        | -2.7e+05  |
| time/                 |           |
|    fps                | 1436      |
|    time_elapsed       | 160       |
|    total_timesteps    | 230000    |
| train/                |           |
|    entropy_loss       | -14.7     |
|    explained_variance | 0         |
|    learning_rate      | 0.0007    |
|    n_updates          | 11499     |
|    policy_loss        | -2.73e+05 |
|    std                | 1.25      |
|    value_loss         | 1.24e+09  |
-------------------------------------
-------------------------------------
| rollout/              |           |
|    ep_len_mean        | 49.9      |
|    ep_rew_mean        | -1.47e+05 |
| time/                 |           |
|    fps                | 1437      |
|    time_elapsed       | 167       |
|    total_timesteps    | 240000    |
| train/                |           |
|    entropy_loss       | -14.8     |
|    explained_variance | 0         |
|    learning_rate      | 0.0007    |
|    n_updates          | 11999     |
|    policy_loss        | 5.69e+03  |
|    std                | 1.26      |
|    value_loss         | 2.34e+06  |
-------------------------------------
-------------------------------------
| rollout/              |           |
|    ep_len_mean        | 57        |
|    ep_rew_mean        | -1.48e+05 |
| time/                 |           |
|    fps                | 1436      |
|    time_elapsed       | 174       |
|    total_timesteps    | 250000    |
| train/                |           |
|    entropy_loss       | -14.8     |
|    explained_variance | 1.19e-07  |
|    learning_rate      | 0.0007    |
|    n_updates          | 12499     |
|    policy_loss        | -4.61e+04 |
|    std                | 1.26      |
|    value_loss         | 2.94e+07  |
-------------------------------------
-------------------------------------
| rollout/              |           |
|    ep_len_mean        | 71.6      |
|    ep_rew_mean        | -1.76e+05 |
| time/                 |           |
|    fps                | 1435      |
|    time_elapsed       | 181       |
|    total_timesteps    | 260000    |
| train/                |           |
|    entropy_loss       | -14.9     |
|    explained_variance | 0         |
|    learning_rate      | 0.0007    |
|    n_updates          | 12999     |
|    policy_loss        | 214       |
|    std                | 1.27      |
|    value_loss         | 6.43e+06  |
-------------------------------------
-------------------------------------
| rollout/              |           |
|    ep_len_mean        | 53.1      |
|    ep_rew_mean        | -1.6e+05  |
| time/                 |           |
|    fps                | 1435      |
|    time_elapsed       | 188       |
|    total_timesteps    | 270000    |
| train/                |           |
|    entropy_loss       | -15       |
|    explained_variance | 0         |
|    learning_rate      | 0.0007    |
|    n_updates          | 13499     |
|    policy_loss        | -4.21e+03 |
|    std                | 1.29      |
|    value_loss         | 5.43e+06  |
-------------------------------------
-------------------------------------
| rollout/              |           |
|    ep_len_mean        | 97.1      |
|    ep_rew_mean        | -2.69e+05 |
| time/                 |           |
|    fps                | 1435      |
|    time_elapsed       | 195       |
|    total_timesteps    | 280000    |
| train/                |           |
|    entropy_loss       | -15.1     |
|    explained_variance | 0         |
|    learning_rate      | 0.0007    |
|    n_updates          | 13999     |
|    policy_loss        | -2.32e+05 |
|    std                | 1.31      |
|    value_loss         | 1.07e+09  |
-------------------------------------
-------------------------------------
| rollout/              |           |
|    ep_len_mean        | 33.6      |
|    ep_rew_mean        | -1.41e+05 |
| time/                 |           |
|    fps                | 1434      |
|    time_elapsed       | 202       |
|    total_timesteps    | 290000    |
| train/                |           |
|    entropy_loss       | -15.2     |
|    explained_variance | -1.19e-07 |
|    learning_rate      | 0.0007    |
|    n_updates          | 14499     |
|    policy_loss        | -2.54e+03 |
|    std                | 1.32      |
|    value_loss         | 2.21e+07  |
-------------------------------------
-------------------------------------
| rollout/              |           |
|    ep_len_mean        | 64.3      |
|    ep_rew_mean        | -1.88e+05 |
| time/                 |           |
|    fps                | 1433      |
|    time_elapsed       | 209       |
|    total_timesteps    | 300000    |
| train/                |           |
|    entropy_loss       | -15.3     |
|    explained_variance | 0         |
|    learning_rate      | 0.0007    |
|    n_updates          | 14999     |
|    policy_loss        | -1e+05    |
|    std                | 1.33      |
|    value_loss         | 1.13e+08  |
-------------------------------------
-------------------------------------
| rollout/              |           |
|    ep_len_mean        | 61        |
|    ep_rew_mean        | -1.39e+05 |
| time/                 |           |
|    fps                | 1433      |
|    time_elapsed       | 216       |
|    total_timesteps    | 310000    |
| train/                |           |
|    entropy_loss       | -15.4     |
|    explained_variance | 0         |
|    learning_rate      | 0.0007    |
|    n_updates          | 15499     |
|    policy_loss        | -8.35e+03 |
|    std                | 1.35      |
|    value_loss         | 5.22e+06  |
-------------------------------------
-------------------------------------
| rollout/              |           |
|    ep_len_mean        | 43.3      |
|    ep_rew_mean        | -1.24e+05 |
| time/                 |           |
|    fps                | 1432      |
|    time_elapsed       | 223       |
|    total_timesteps    | 320000    |
| train/                |           |
|    entropy_loss       | -15.5     |
|    explained_variance | -2.38e-07 |
|    learning_rate      | 0.0007    |
|    n_updates          | 15999     |
|    policy_loss        | -5.43e+03 |
|    std                | 1.36      |
|    value_loss         | 5.33e+06  |
-------------------------------------
-------------------------------------
| rollout/              |           |
|    ep_len_mean        | 60.4      |
|    ep_rew_mean        | -1.44e+05 |
| time/                 |           |
|    fps                | 1432      |
|    time_elapsed       | 230       |
|    total_timesteps    | 330000    |
| train/                |           |
|    entropy_loss       | -15.5     |
|    explained_variance | 1.79e-07  |
|    learning_rate      | 0.0007    |
|    n_updates          | 16499     |
|    policy_loss        | -7.71e+04 |
|    std                | 1.36      |
|    value_loss         | 4.95e+08  |
-------------------------------------
-------------------------------------
| rollout/              |           |
|    ep_len_mean        | 64.9      |
|    ep_rew_mean        | -1.44e+05 |
| time/                 |           |
|    fps                | 1432      |
|    time_elapsed       | 237       |
|    total_timesteps    | 340000    |
| train/                |           |
|    entropy_loss       | -15.7     |
|    explained_variance | 1.79e-07  |
|    learning_rate      | 0.0007    |
|    n_updates          | 16999     |
|    policy_loss        | -8.27e+03 |
|    std                | 1.39      |
|    value_loss         | 1.04e+07  |
-------------------------------------
-------------------------------------
| rollout/              |           |
|    ep_len_mean        | 91.1      |
|    ep_rew_mean        | -1.84e+05 |
| time/                 |           |
|    fps                | 1432      |
|    time_elapsed       | 244       |
|    total_timesteps    | 350000    |
| train/                |           |
|    entropy_loss       | -15.8     |
|    explained_variance | 0         |
|    learning_rate      | 0.0007    |
|    n_updates          | 17499     |
|    policy_loss        | -3.04e+04 |
|    std                | 1.4       |
|    value_loss         | 1.99e+07  |
-------------------------------------
-------------------------------------
| rollout/              |           |
|    ep_len_mean        | 55.4      |
|    ep_rew_mean        | -1.28e+05 |
| time/                 |           |
|    fps                | 1431      |
|    time_elapsed       | 251       |
|    total_timesteps    | 360000    |
| train/                |           |
|    entropy_loss       | -15.8     |
|    explained_variance | 0         |
|    learning_rate      | 0.0007    |
|    n_updates          | 17999     |
|    policy_loss        | -6.42e+04 |
|    std                | 1.41      |
|    value_loss         | 4.02e+07  |
-------------------------------------
-------------------------------------
| rollout/              |           |
|    ep_len_mean        | 80.9      |
|    ep_rew_mean        | -1.68e+05 |
| time/                 |           |
|    fps                | 1431      |
|    time_elapsed       | 258       |
|    total_timesteps    | 370000    |
| train/                |           |
|    entropy_loss       | -15.9     |
|    explained_variance | -1.19e-07 |
|    learning_rate      | 0.0007    |
|    n_updates          | 18499     |
|    policy_loss        | -7.94e+04 |
|    std                | 1.42      |
|    value_loss         | 8.89e+07  |
-------------------------------------
-------------------------------------
| rollout/              |           |
|    ep_len_mean        | 39.1      |
|    ep_rew_mean        | -1.31e+05 |
| time/                 |           |
|    fps                | 1430      |
|    time_elapsed       | 265       |
|    total_timesteps    | 380000    |
| train/                |           |
|    entropy_loss       | -16       |
|    explained_variance | 1.19e-07  |
|    learning_rate      | 0.0007    |
|    n_updates          | 18999     |
|    policy_loss        | -3.74e+04 |
|    std                | 1.44      |
|    value_loss         | 4.1e+07   |
-------------------------------------
-------------------------------------
| rollout/              |           |
|    ep_len_mean        | 65.4      |
|    ep_rew_mean        | -1.48e+05 |
| time/                 |           |
|    fps                | 1430      |
|    time_elapsed       | 272       |
|    total_timesteps    | 390000    |
| train/                |           |
|    entropy_loss       | -16.1     |
|    explained_variance | 5.96e-08  |
|    learning_rate      | 0.0007    |
|    n_updates          | 19499     |
|    policy_loss        | -3.26e+04 |
|    std                | 1.46      |
|    value_loss         | 2.83e+07  |
-------------------------------------
-------------------------------------
| rollout/              |           |
|    ep_len_mean        | 76.6      |
|    ep_rew_mean        | -2.28e+05 |
| time/                 |           |
|    fps                | 1430      |
|    time_elapsed       | 279       |
|    total_timesteps    | 400000    |
| train/                |           |
|    entropy_loss       | -16.2     |
|    explained_variance | -2.38e-07 |
|    learning_rate      | 0.0007    |
|    n_updates          | 19999     |
|    policy_loss        | -8.64e+04 |
|    std                | 1.47      |
|    value_loss         | 4.93e+08  |
-------------------------------------
-------------------------------------
| rollout/              |           |
|    ep_len_mean        | 54.3      |
|    ep_rew_mean        | -1.53e+05 |
| time/                 |           |
|    fps                | 1430      |
|    time_elapsed       | 286       |
|    total_timesteps    | 410000    |
| train/                |           |
|    entropy_loss       | -16.3     |
|    explained_variance | 0         |
|    learning_rate      | 0.0007    |
|    n_updates          | 20499     |
|    policy_loss        | 2.48e+03  |
|    std                | 1.49      |
|    value_loss         | 1.79e+05  |
-------------------------------------
-------------------------------------
| rollout/              |           |
|    ep_len_mean        | 55.9      |
|    ep_rew_mean        | -1.42e+05 |
| time/                 |           |
|    fps                | 1430      |
|    time_elapsed       | 293       |
|    total_timesteps    | 420000    |
| train/                |           |
|    entropy_loss       | -16.3     |
|    explained_variance | 0         |
|    learning_rate      | 0.0007    |
|    n_updates          | 20999     |
|    policy_loss        | -2.29e+04 |
|    std                | 1.49      |
|    value_loss         | 1.32e+07  |
-------------------------------------
-------------------------------------
| rollout/              |           |
|    ep_len_mean        | 59.6      |
|    ep_rew_mean        | -1.58e+05 |
| time/                 |           |
|    fps                | 1430      |
|    time_elapsed       | 300       |
|    total_timesteps    | 430000    |
| train/                |           |
|    entropy_loss       | -16.3     |
|    explained_variance | 0         |
|    learning_rate      | 0.0007    |
|    n_updates          | 21499     |
|    policy_loss        | 7.94e+03  |
|    std                | 1.49      |
|    value_loss         | 2.76e+06  |
-------------------------------------
-------------------------------------
| rollout/              |           |
|    ep_len_mean        | 74.2      |
|    ep_rew_mean        | -1.7e+05  |
| time/                 |           |
|    fps                | 1430      |
|    time_elapsed       | 307       |
|    total_timesteps    | 440000    |
| train/                |           |
|    entropy_loss       | -16.4     |
|    explained_variance | 0         |
|    learning_rate      | 0.0007    |
|    n_updates          | 21999     |
|    policy_loss        | -4.66e+05 |
|    std                | 1.5       |
|    value_loss         | 2.64e+09  |
-------------------------------------
-------------------------------------
| rollout/              |           |
|    ep_len_mean        | 90.1      |
|    ep_rew_mean        | -1.75e+05 |
| time/                 |           |
|    fps                | 1430      |
|    time_elapsed       | 314       |
|    total_timesteps    | 450000    |
| train/                |           |
|    entropy_loss       | -16.5     |
|    explained_variance | 1.79e-07  |
|    learning_rate      | 0.0007    |
|    n_updates          | 22499     |
|    policy_loss        | -3.67e+05 |
|    std                | 1.52      |
|    value_loss         | 1.93e+09  |
-------------------------------------
-------------------------------------
| rollout/              |           |
|    ep_len_mean        | 105       |
|    ep_rew_mean        | -3.06e+05 |
| time/                 |           |
|    fps                | 1429      |
|    time_elapsed       | 321       |
|    total_timesteps    | 460000    |
| train/                |           |
|    entropy_loss       | -16.5     |
|    explained_variance | 0         |
|    learning_rate      | 0.0007    |
|    n_updates          | 22999     |
|    policy_loss        | -4.15e+05 |
|    std                | 1.53      |
|    value_loss         | 9.93e+08  |
-------------------------------------
-------------------------------------
| rollout/              |           |
|    ep_len_mean        | 76.2      |
|    ep_rew_mean        | -1.62e+05 |
| time/                 |           |
|    fps                | 1429      |
|    time_elapsed       | 328       |
|    total_timesteps    | 470000    |
| train/                |           |
|    entropy_loss       | -16.5     |
|    explained_variance | 5.96e-08  |
|    learning_rate      | 0.0007    |
|    n_updates          | 23499     |
|    policy_loss        | -1.06e+03 |
|    std                | 1.52      |
|    value_loss         | 5.21e+03  |
-------------------------------------
-------------------------------------
| rollout/              |           |
|    ep_len_mean        | 115       |
|    ep_rew_mean        | -2.22e+05 |
| time/                 |           |
|    fps                | 1429      |
|    time_elapsed       | 335       |
|    total_timesteps    | 480000    |
| train/                |           |
|    entropy_loss       | -16.6     |
|    explained_variance | 0         |
|    learning_rate      | 0.0007    |
|    n_updates          | 23999     |
|    policy_loss        | -1.05e+05 |
|    std                | 1.54      |
|    value_loss         | 5.18e+08  |
-------------------------------------
-------------------------------------
| rollout/              |           |
|    ep_len_mean        | 86.7      |
|    ep_rew_mean        | -1.66e+05 |
| time/                 |           |
|    fps                | 1429      |
|    time_elapsed       | 342       |
|    total_timesteps    | 490000    |
| train/                |           |
|    entropy_loss       | -16.6     |
|    explained_variance | 0         |
|    learning_rate      | 0.0007    |
|    n_updates          | 24499     |
|    policy_loss        | -6.88e+04 |
|    std                | 1.55      |
|    value_loss         | 4e+07     |
-------------------------------------
-------------------------------------
| rollout/              |           |
|    ep_len_mean        | 88        |
|    ep_rew_mean        | -1.83e+05 |
| time/                 |           |
|    fps                | 1429      |
|    time_elapsed       | 349       |
|    total_timesteps    | 500000    |
| train/                |           |
|    entropy_loss       | -16.7     |
|    explained_variance | 1.19e-07  |
|    learning_rate      | 0.0007    |
|    n_updates          | 24999     |
|    policy_loss        | -1.09e+03 |
|    std                | 1.56      |
|    value_loss         | 5.01e+03  |
-------------------------------------
-------------------------------------
| rollout/              |           |
|    ep_len_mean        | 59.3      |
|    ep_rew_mean        | -1.44e+05 |
| time/                 |           |
|    fps                | 1428      |
|    time_elapsed       | 356       |
|    total_timesteps    | 510000    |
| train/                |           |
|    entropy_loss       | -16.7     |
|    explained_variance | 0         |
|    learning_rate      | 0.0007    |
|    n_updates          | 25499     |
|    policy_loss        | -4.34e+04 |
|    std                | 1.56      |
|    value_loss         | 5.66e+07  |
-------------------------------------
-------------------------------------
| rollout/              |           |
|    ep_len_mean        | 73.4      |
|    ep_rew_mean        | -1.43e+05 |
| time/                 |           |
|    fps                | 1428      |
|    time_elapsed       | 364       |
|    total_timesteps    | 520000    |
| train/                |           |
|    entropy_loss       | -16.8     |
|    explained_variance | 0         |
|    learning_rate      | 0.0007    |
|    n_updates          | 25999     |
|    policy_loss        | -1.7e+05  |
|    std                | 1.58      |
|    value_loss         | 9.77e+08  |
-------------------------------------
-------------------------------------
| rollout/              |           |
|    ep_len_mean        | 88        |
|    ep_rew_mean        | -1.71e+05 |
| time/                 |           |
|    fps                | 1427      |
|    time_elapsed       | 371       |
|    total_timesteps    | 530000    |
| train/                |           |
|    entropy_loss       | -16.8     |
|    explained_variance | -1.19e-07 |
|    learning_rate      | 0.0007    |
|    n_updates          | 26499     |
|    policy_loss        | -1.17e+04 |
|    std                | 1.58      |
|    value_loss         | 1.44e+07  |
-------------------------------------
-------------------------------------
| rollout/              |           |
|    ep_len_mean        | 77.3      |
|    ep_rew_mean        | -1.57e+05 |
| time/                 |           |
|    fps                | 1427      |
|    time_elapsed       | 378       |
|    total_timesteps    | 540000    |
| train/                |           |
|    entropy_loss       | -16.9     |
|    explained_variance | -1.19e-07 |
|    learning_rate      | 0.0007    |
|    n_updates          | 26999     |
|    policy_loss        | -1.66e+05 |
|    std                | 1.59      |
|    value_loss         | 2.14e+08  |
-------------------------------------
-------------------------------------
| rollout/              |           |
|    ep_len_mean        | 124       |
|    ep_rew_mean        | -2.27e+05 |
| time/                 |           |
|    fps                | 1427      |
|    time_elapsed       | 385       |
|    total_timesteps    | 550000    |
| train/                |           |
|    entropy_loss       | -17       |
|    explained_variance | 0         |
|    learning_rate      | 0.0007    |
|    n_updates          | 27499     |
|    policy_loss        | 2.72e+04  |
|    std                | 1.61      |
|    value_loss         | 6.41e+06  |
-------------------------------------
-------------------------------------
| rollout/              |           |
|    ep_len_mean        | 60.6      |
|    ep_rew_mean        | -1.23e+05 |
| time/                 |           |
|    fps                | 1427      |
|    time_elapsed       | 392       |
|    total_timesteps    | 560000    |
| train/                |           |
|    entropy_loss       | -17       |
|    explained_variance | 0         |
|    learning_rate      | 0.0007    |
|    n_updates          | 27999     |
|    policy_loss        | -1.39e+05 |
|    std                | 1.61      |
|    value_loss         | 2.38e+08  |
-------------------------------------
-------------------------------------
| rollout/              |           |
|    ep_len_mean        | 69.1      |
|    ep_rew_mean        | -1.75e+05 |
| time/                 |           |
|    fps                | 1426      |
|    time_elapsed       | 399       |
|    total_timesteps    | 570000    |
| train/                |           |
|    entropy_loss       | -17       |
|    explained_variance | -2.38e-07 |
|    learning_rate      | 0.0007    |
|    n_updates          | 28499     |
|    policy_loss        | -2.46e+05 |
|    std                | 1.62      |
|    value_loss         | 8.91e+08  |
-------------------------------------
-------------------------------------
| rollout/              |           |
|    ep_len_mean        | 70.8      |
|    ep_rew_mean        | -2.41e+05 |
| time/                 |           |
|    fps                | 1426      |
|    time_elapsed       | 406       |
|    total_timesteps    | 580000    |
| train/                |           |
|    entropy_loss       | -17.1     |
|    explained_variance | 0         |
|    learning_rate      | 0.0007    |
|    n_updates          | 28999     |
|    policy_loss        | -3.61e+05 |
|    std                | 1.63      |
|    value_loss         | 8.64e+08  |
-------------------------------------
-------------------------------------
| rollout/              |           |
|    ep_len_mean        | 61.7      |
|    ep_rew_mean        | -1.75e+05 |
| time/                 |           |
|    fps                | 1426      |
|    time_elapsed       | 413       |
|    total_timesteps    | 590000    |
| train/                |           |
|    entropy_loss       | -17.2     |
|    explained_variance | 0         |
|    learning_rate      | 0.0007    |
|    n_updates          | 29499     |
|    policy_loss        | -686      |
|    std                | 1.66      |
|    value_loss         | 1.02e+04  |
-------------------------------------
-------------------------------------
| rollout/              |           |
|    ep_len_mean        | 74.9      |
|    ep_rew_mean        | -1.85e+05 |
| time/                 |           |
|    fps                | 1426      |
|    time_elapsed       | 420       |
|    total_timesteps    | 600000    |
| train/                |           |
|    entropy_loss       | -17.4     |
|    explained_variance | -1.19e-07 |
|    learning_rate      | 0.0007    |
|    n_updates          | 29999     |
|    policy_loss        | -1.49e+05 |
|    std                | 1.68      |
|    value_loss         | 5.3e+08   |
-------------------------------------
-------------------------------------
| rollout/              |           |
|    ep_len_mean        | 66.4      |
|    ep_rew_mean        | -1.77e+05 |
| time/                 |           |
|    fps                | 1426      |
|    time_elapsed       | 427       |
|    total_timesteps    | 610000    |
| train/                |           |
|    entropy_loss       | -17.5     |
|    explained_variance | 0         |
|    learning_rate      | 0.0007    |
|    n_updates          | 30499     |
|    policy_loss        | -5.75e+03 |
|    std                | 1.71      |
|    value_loss         | 1.61e+07  |
-------------------------------------
-------------------------------------
| rollout/              |           |
|    ep_len_mean        | 49.9      |
|    ep_rew_mean        | -1.44e+05 |
| time/                 |           |
|    fps                | 1425      |
|    time_elapsed       | 434       |
|    total_timesteps    | 620000    |
| train/                |           |
|    entropy_loss       | -17.5     |
|    explained_variance | 2.38e-07  |
|    learning_rate      | 0.0007    |
|    n_updates          | 30999     |
|    policy_loss        | -6.39e+04 |
|    std                | 1.71      |
|    value_loss         | 3.06e+07  |
-------------------------------------
-------------------------------------
| rollout/              |           |
|    ep_len_mean        | 76.9      |
|    ep_rew_mean        | -1.65e+05 |
| time/                 |           |
|    fps                | 1426      |
|    time_elapsed       | 441       |
|    total_timesteps    | 630000    |
| train/                |           |
|    entropy_loss       | -17.6     |
|    explained_variance | 0         |
|    learning_rate      | 0.0007    |
|    n_updates          | 31499     |
|    policy_loss        | -3.88e+04 |
|    std                | 1.73      |
|    value_loss         | 3.67e+07  |
-------------------------------------
-------------------------------------
| rollout/              |           |
|    ep_len_mean        | 51        |
|    ep_rew_mean        | -1.69e+05 |
| time/                 |           |
|    fps                | 1426      |
|    time_elapsed       | 448       |
|    total_timesteps    | 640000    |
| train/                |           |
|    entropy_loss       | -17.6     |
|    explained_variance | -1.19e-07 |
|    learning_rate      | 0.0007    |
|    n_updates          | 31999     |
|    policy_loss        | -8.53e+03 |
|    std                | 1.73      |
|    value_loss         | 5.37e+06  |
-------------------------------------
-------------------------------------
| rollout/              |           |
|    ep_len_mean        | 114       |
|    ep_rew_mean        | -2.93e+05 |
| time/                 |           |
|    fps                | 1426      |
|    time_elapsed       | 455       |
|    total_timesteps    | 650000    |
| train/                |           |
|    entropy_loss       | -17.8     |
|    explained_variance | 0         |
|    learning_rate      | 0.0007    |
|    n_updates          | 32499     |
|    policy_loss        | -4.04e+04 |
|    std                | 1.76      |
|    value_loss         | 2.44e+07  |
-------------------------------------
-------------------------------------
| rollout/              |           |
|    ep_len_mean        | 65.8      |
|    ep_rew_mean        | -2.25e+05 |
| time/                 |           |
|    fps                | 1426      |
|    time_elapsed       | 462       |
|    total_timesteps    | 660000    |
| train/                |           |
|    entropy_loss       | -17.9     |
|    explained_variance | 1.19e-07  |
|    learning_rate      | 0.0007    |
|    n_updates          | 32999     |
|    policy_loss        | -4.13e+05 |
|    std                | 1.78      |
|    value_loss         | 1.77e+09  |
-------------------------------------
-------------------------------------
| rollout/              |           |
|    ep_len_mean        | 60.2      |
|    ep_rew_mean        | -1.5e+05  |
| time/                 |           |
|    fps                | 1426      |
|    time_elapsed       | 469       |
|    total_timesteps    | 670000    |
| train/                |           |
|    entropy_loss       | -17.9     |
|    explained_variance | 0         |
|    learning_rate      | 0.0007    |
|    n_updates          | 33499     |
|    policy_loss        | -1.13e+05 |
|    std                | 1.79      |
|    value_loss         | 8.96e+07  |
-------------------------------------
-------------------------------------
| rollout/              |           |
|    ep_len_mean        | 61        |
|    ep_rew_mean        | -1.62e+05 |
| time/                 |           |
|    fps                | 1426      |
|    time_elapsed       | 476       |
|    total_timesteps    | 680000    |
| train/                |           |
|    entropy_loss       | -18       |
|    explained_variance | 0         |
|    learning_rate      | 0.0007    |
|    n_updates          | 33999     |
|    policy_loss        | -3.04e+04 |
|    std                | 1.81      |
|    value_loss         | 2.56e+07  |
-------------------------------------
-------------------------------------
| rollout/              |           |
|    ep_len_mean        | 80.8      |
|    ep_rew_mean        | -1.69e+05 |
| time/                 |           |
|    fps                | 1427      |
|    time_elapsed       | 483       |
|    total_timesteps    | 690000    |
| train/                |           |
|    entropy_loss       | -18.1     |
|    explained_variance | 0         |
|    learning_rate      | 0.0007    |
|    n_updates          | 34499     |
|    policy_loss        | -6.87e+04 |
|    std                | 1.84      |
|    value_loss         | 6.94e+07  |
-------------------------------------
-------------------------------------
| rollout/              |           |
|    ep_len_mean        | 57.7      |
|    ep_rew_mean        | -1.37e+05 |
| time/                 |           |
|    fps                | 1427      |
|    time_elapsed       | 490       |
|    total_timesteps    | 700000    |
| train/                |           |
|    entropy_loss       | -18.3     |
|    explained_variance | -1.19e-07 |
|    learning_rate      | 0.0007    |
|    n_updates          | 34999     |
|    policy_loss        | -6.11e+05 |
|    std                | 1.86      |
|    value_loss         | 3.41e+09  |
-------------------------------------
-------------------------------------
| rollout/              |           |
|    ep_len_mean        | 60        |
|    ep_rew_mean        | -1.41e+05 |
| time/                 |           |
|    fps                | 1427      |
|    time_elapsed       | 497       |
|    total_timesteps    | 710000    |
| train/                |           |
|    entropy_loss       | -18.3     |
|    explained_variance | 0         |
|    learning_rate      | 0.0007    |
|    n_updates          | 35499     |
|    policy_loss        | -3.8e+05  |
|    std                | 1.87      |
|    value_loss         | 2.02e+09  |
-------------------------------------
-------------------------------------
| rollout/              |           |
|    ep_len_mean        | 62.7      |
|    ep_rew_mean        | -1.58e+05 |
| time/                 |           |
|    fps                | 1426      |
|    time_elapsed       | 504       |
|    total_timesteps    | 720000    |
| train/                |           |
|    entropy_loss       | -18.3     |
|    explained_variance | 0         |
|    learning_rate      | 0.0007    |
|    n_updates          | 35999     |
|    policy_loss        | -6.46e+04 |
|    std                | 1.88      |
|    value_loss         | 6.42e+07  |
-------------------------------------
-------------------------------------
| rollout/              |           |
|    ep_len_mean        | 69.9      |
|    ep_rew_mean        | -1.73e+05 |
| time/                 |           |
|    fps                | 1426      |
|    time_elapsed       | 511       |
|    total_timesteps    | 730000    |
| train/                |           |
|    entropy_loss       | -18.4     |
|    explained_variance | 0         |
|    learning_rate      | 0.0007    |
|    n_updates          | 36499     |
|    policy_loss        | -2.2e+05  |
|    std                | 1.89      |
|    value_loss         | 9.89e+08  |
-------------------------------------
-------------------------------------
| rollout/              |           |
|    ep_len_mean        | 48.2      |
|    ep_rew_mean        | -1.36e+05 |
| time/                 |           |
|    fps                | 1426      |
|    time_elapsed       | 518       |
|    total_timesteps    | 740000    |
| train/                |           |
|    entropy_loss       | -18.5     |
|    explained_variance | 0         |
|    learning_rate      | 0.0007    |
|    n_updates          | 36999     |
|    policy_loss        | -4.58e+04 |
|    std                | 1.91      |
|    value_loss         | 3.11e+07  |
-------------------------------------
-------------------------------------
| rollout/              |           |
|    ep_len_mean        | 71.6      |
|    ep_rew_mean        | -1.79e+05 |
| time/                 |           |
|    fps                | 1425      |
|    time_elapsed       | 526       |
|    total_timesteps    | 750000    |
| train/                |           |
|    entropy_loss       | -18.5     |
|    explained_variance | 1.19e-07  |
|    learning_rate      | 0.0007    |
|    n_updates          | 37499     |
|    policy_loss        | -1.08e+05 |
|    std                | 1.92      |
|    value_loss         | 2e+08     |
-------------------------------------
-------------------------------------
| rollout/              |           |
|    ep_len_mean        | 62        |
|    ep_rew_mean        | -1.45e+05 |
| time/                 |           |
|    fps                | 1425      |
|    time_elapsed       | 533       |
|    total_timesteps    | 760000    |
| train/                |           |
|    entropy_loss       | -18.5     |
|    explained_variance | 0         |
|    learning_rate      | 0.0007    |
|    n_updates          | 37999     |
|    policy_loss        | -9.46e+04 |
|    std                | 1.92      |
|    value_loss         | 9.41e+07  |
-------------------------------------
-------------------------------------
| rollout/              |           |
|    ep_len_mean        | 68.7      |
|    ep_rew_mean        | -2.13e+05 |
| time/                 |           |
|    fps                | 1425      |
|    time_elapsed       | 540       |
|    total_timesteps    | 770000    |
| train/                |           |
|    entropy_loss       | -18.5     |
|    explained_variance | 0         |
|    learning_rate      | 0.0007    |
|    n_updates          | 38499     |
|    policy_loss        | -2.72e+05 |
|    std                | 1.92      |
|    value_loss         | 4.29e+08  |
-------------------------------------
-------------------------------------
| rollout/              |           |
|    ep_len_mean        | 75.4      |
|    ep_rew_mean        | -1.6e+05  |
| time/                 |           |
|    fps                | 1424      |
|    time_elapsed       | 547       |
|    total_timesteps    | 780000    |
| train/                |           |
|    entropy_loss       | -18.6     |
|    explained_variance | 0         |
|    learning_rate      | 0.0007    |
|    n_updates          | 38999     |
|    policy_loss        | -3.87e+04 |
|    std                | 1.94      |
|    value_loss         | 3.09e+07  |
-------------------------------------
-------------------------------------
| rollout/              |           |
|    ep_len_mean        | 79.4      |
|    ep_rew_mean        | -1.62e+05 |
| time/                 |           |
|    fps                | 1424      |
|    time_elapsed       | 554       |
|    total_timesteps    | 790000    |
| train/                |           |
|    entropy_loss       | -18.7     |
|    explained_variance | 0         |
|    learning_rate      | 0.0007    |
|    n_updates          | 39499     |
|    policy_loss        | -1.73e+04 |
|    std                | 1.95      |
|    value_loss         | 1.63e+07  |
-------------------------------------
-------------------------------------
| rollout/              |           |
|    ep_len_mean        | 72.8      |
|    ep_rew_mean        | -1.53e+05 |
| time/                 |           |
|    fps                | 1424      |
|    time_elapsed       | 561       |
|    total_timesteps    | 800000    |
| train/                |           |
|    entropy_loss       | -18.7     |
|    explained_variance | 0         |
|    learning_rate      | 0.0007    |
|    n_updates          | 39999     |
|    policy_loss        | -4.45e+05 |
|    std                | 1.95      |
|    value_loss         | 1.96e+09  |
-------------------------------------
-------------------------------------
| rollout/              |           |
|    ep_len_mean        | 65.5      |
|    ep_rew_mean        | -1.51e+05 |
| time/                 |           |
|    fps                | 1423      |
|    time_elapsed       | 568       |
|    total_timesteps    | 810000    |
| train/                |           |
|    entropy_loss       | -18.7     |
|    explained_variance | 1.79e-07  |
|    learning_rate      | 0.0007    |
|    n_updates          | 40499     |
|    policy_loss        | -2.58e+05 |
|    std                | 1.96      |
|    value_loss         | 3.92e+08  |
-------------------------------------
-------------------------------------
| rollout/              |           |
|    ep_len_mean        | 82        |
|    ep_rew_mean        | -1.69e+05 |
| time/                 |           |
|    fps                | 1423      |
|    time_elapsed       | 576       |
|    total_timesteps    | 820000    |
| train/                |           |
|    entropy_loss       | -18.8     |
|    explained_variance | 0         |
|    learning_rate      | 0.0007    |
|    n_updates          | 40999     |
|    policy_loss        | -3.47e+05 |
|    std                | 1.98      |
|    value_loss         | 1.89e+09  |
-------------------------------------
-------------------------------------
| rollout/              |           |
|    ep_len_mean        | 80.1      |
|    ep_rew_mean        | -1.77e+05 |
| time/                 |           |
|    fps                | 1423      |
|    time_elapsed       | 583       |
|    total_timesteps    | 830000    |
| train/                |           |
|    entropy_loss       | -18.8     |
|    explained_variance | 0         |
|    learning_rate      | 0.0007    |
|    n_updates          | 41499     |
|    policy_loss        | -2.59e+04 |
|    std                | 1.99      |
|    value_loss         | 2.97e+07  |
-------------------------------------
-------------------------------------
| rollout/              |           |
|    ep_len_mean        | 103       |
|    ep_rew_mean        | -2.41e+05 |
| time/                 |           |
|    fps                | 1423      |
|    time_elapsed       | 590       |
|    total_timesteps    | 840000    |
| train/                |           |
|    entropy_loss       | -18.9     |
|    explained_variance | 0         |
|    learning_rate      | 0.0007    |
|    n_updates          | 41999     |
|    policy_loss        | -3.27e+04 |
|    std                | 2.01      |
|    value_loss         | 2.76e+07  |
-------------------------------------
-------------------------------------
| rollout/              |           |
|    ep_len_mean        | 58.4      |
|    ep_rew_mean        | -1.38e+05 |
| time/                 |           |
|    fps                | 1423      |
|    time_elapsed       | 597       |
|    total_timesteps    | 850000    |
| train/                |           |
|    entropy_loss       | -19       |
|    explained_variance | 0         |
|    learning_rate      | 0.0007    |
|    n_updates          | 42499     |
|    policy_loss        | 8.92e+03  |
|    std                | 2.03      |
|    value_loss         | 1.21e+06  |
-------------------------------------
-------------------------------------
| rollout/              |           |
|    ep_len_mean        | 74.6      |
|    ep_rew_mean        | -1.55e+05 |
| time/                 |           |
|    fps                | 1423      |
|    time_elapsed       | 604       |
|    total_timesteps    | 860000    |
| train/                |           |
|    entropy_loss       | -19.1     |
|    explained_variance | 0         |
|    learning_rate      | 0.0007    |
|    n_updates          | 42999     |
|    policy_loss        | -2.16e+04 |
|    std                | 2.04      |
|    value_loss         | 1.02e+07  |
-------------------------------------
-------------------------------------
| rollout/              |           |
|    ep_len_mean        | 73.7      |
|    ep_rew_mean        | -1.44e+05 |
| time/                 |           |
|    fps                | 1423      |
|    time_elapsed       | 611       |
|    total_timesteps    | 870000    |
| train/                |           |
|    entropy_loss       | -19.2     |
|    explained_variance | 0         |
|    learning_rate      | 0.0007    |
|    n_updates          | 43499     |
|    policy_loss        | -1.3e+05  |
|    std                | 2.07      |
|    value_loss         | 1.74e+08  |
-------------------------------------
-------------------------------------
| rollout/              |           |
|    ep_len_mean        | 67.6      |
|    ep_rew_mean        | -1.51e+05 |
| time/                 |           |
|    fps                | 1423      |
|    time_elapsed       | 618       |
|    total_timesteps    | 880000    |
| train/                |           |
|    entropy_loss       | -19.1     |
|    explained_variance | 0         |
|    learning_rate      | 0.0007    |
|    n_updates          | 43999     |
|    policy_loss        | -4.64e+05 |
|    std                | 2.07      |
|    value_loss         | 2.03e+09  |
-------------------------------------
-------------------------------------
| rollout/              |           |
|    ep_len_mean        | 104       |
|    ep_rew_mean        | -1.63e+05 |
| time/                 |           |
|    fps                | 1423      |
|    time_elapsed       | 625       |
|    total_timesteps    | 890000    |
| train/                |           |
|    entropy_loss       | -19.2     |
|    explained_variance | 0         |
|    learning_rate      | 0.0007    |
|    n_updates          | 44499     |
|    policy_loss        | -1.33e+05 |
|    std                | 2.07      |
|    value_loss         | 2.01e+08  |
-------------------------------------
-------------------------------------
| rollout/              |           |
|    ep_len_mean        | 102       |
|    ep_rew_mean        | -1.87e+05 |
| time/                 |           |
|    fps                | 1424      |
|    time_elapsed       | 631       |
|    total_timesteps    | 900000    |
| train/                |           |
|    entropy_loss       | -19.2     |
|    explained_variance | -1.19e-07 |
|    learning_rate      | 0.0007    |
|    n_updates          | 44999     |
|    policy_loss        | -8.74e+04 |
|    std                | 2.08      |
|    value_loss         | 7.91e+07  |
-------------------------------------
-------------------------------------
| rollout/              |           |
|    ep_len_mean        | 61.5      |
|    ep_rew_mean        | -1.3e+05  |
| time/                 |           |
|    fps                | 1424      |
|    time_elapsed       | 638       |
|    total_timesteps    | 910000    |
| train/                |           |
|    entropy_loss       | -19.1     |
|    explained_variance | 0         |
|    learning_rate      | 0.0007    |
|    n_updates          | 45499     |
|    policy_loss        | -9.74e+04 |
|    std                | 2.06      |
|    value_loss         | 4.91e+08  |
-------------------------------------
-------------------------------------
| rollout/              |           |
|    ep_len_mean        | 104       |
|    ep_rew_mean        | -1.61e+05 |
| time/                 |           |
|    fps                | 1424      |
|    time_elapsed       | 645       |
|    total_timesteps    | 920000    |
| train/                |           |
|    entropy_loss       | -19.2     |
|    explained_variance | 0         |
|    learning_rate      | 0.0007    |
|    n_updates          | 45999     |
|    policy_loss        | -2.52e+05 |
|    std                | 2.08      |
|    value_loss         | 9.97e+08  |
-------------------------------------
-------------------------------------
| rollout/              |           |
|    ep_len_mean        | 85.7      |
|    ep_rew_mean        | -1.46e+05 |
| time/                 |           |
|    fps                | 1424      |
|    time_elapsed       | 652       |
|    total_timesteps    | 930000    |
| train/                |           |
|    entropy_loss       | -19.2     |
|    explained_variance | 0         |
|    learning_rate      | 0.0007    |
|    n_updates          | 46499     |
|    policy_loss        | 1.33e+04  |
|    std                | 2.08      |
|    value_loss         | 1.07e+06  |
-------------------------------------
-------------------------------------
| rollout/              |           |
|    ep_len_mean        | 124       |
|    ep_rew_mean        | -1.72e+05 |
| time/                 |           |
|    fps                | 1425      |
|    time_elapsed       | 659       |
|    total_timesteps    | 940000    |
| train/                |           |
|    entropy_loss       | -19.2     |
|    explained_variance | -1.19e-07 |
|    learning_rate      | 0.0007    |
|    n_updates          | 46999     |
|    policy_loss        | -2.84e+04 |
|    std                | 2.09      |
|    value_loss         | 1.51e+07  |
-------------------------------------
-------------------------------------
| rollout/              |           |
|    ep_len_mean        | 51.2      |
|    ep_rew_mean        | -1.4e+05  |
| time/                 |           |
|    fps                | 1424      |
|    time_elapsed       | 666       |
|    total_timesteps    | 950000    |
| train/                |           |
|    entropy_loss       | -19.3     |
|    explained_variance | -1.19e-07 |
|    learning_rate      | 0.0007    |
|    n_updates          | 47499     |
|    policy_loss        | -1.64e+05 |
|    std                | 2.1       |
|    value_loss         | 4.38e+08  |
-------------------------------------
-------------------------------------
| rollout/              |           |
|    ep_len_mean        | 41.2      |
|    ep_rew_mean        | -1.33e+05 |
| time/                 |           |
|    fps                | 1424      |
|    time_elapsed       | 673       |
|    total_timesteps    | 960000    |
| train/                |           |
|    entropy_loss       | -19.4     |
|    explained_variance | 0         |
|    learning_rate      | 0.0007    |
|    n_updates          | 47999     |
|    policy_loss        | 2.41e+04  |
|    std                | 2.13      |
|    value_loss         | 4.57e+06  |
-------------------------------------
-------------------------------------
| rollout/              |           |
|    ep_len_mean        | 54.4      |
|    ep_rew_mean        | -1.39e+05 |
| time/                 |           |
|    fps                | 1424      |
|    time_elapsed       | 680       |
|    total_timesteps    | 970000    |
| train/                |           |
|    entropy_loss       | -19.5     |
|    explained_variance | 0         |
|    learning_rate      | 0.0007    |
|    n_updates          | 48499     |
|    policy_loss        | -2.2e+05  |
|    std                | 2.15      |
|    value_loss         | 9.84e+08  |
-------------------------------------
-------------------------------------
| rollout/              |           |
|    ep_len_mean        | 65.8      |
|    ep_rew_mean        | -1.47e+05 |
| time/                 |           |
|    fps                | 1424      |
|    time_elapsed       | 687       |
|    total_timesteps    | 980000    |
| train/                |           |
|    entropy_loss       | -19.6     |
|    explained_variance | 5.96e-08  |
|    learning_rate      | 0.0007    |
|    n_updates          | 48999     |
|    policy_loss        | -6.03e+04 |
|    std                | 2.17      |
|    value_loss         | 3.31e+07  |
-------------------------------------
-------------------------------------
| rollout/              |           |
|    ep_len_mean        | 78.2      |
|    ep_rew_mean        | -1.67e+05 |
| time/                 |           |
|    fps                | 1424      |
|    time_elapsed       | 695       |
|    total_timesteps    | 990000    |
| train/                |           |
|    entropy_loss       | -19.6     |
|    explained_variance | 0         |
|    learning_rate      | 0.0007    |
|    n_updates          | 49499     |
|    policy_loss        | -7.95e+04 |
|    std                | 2.18      |
|    value_loss         | 8.98e+07  |
-------------------------------------
-------------------------------------
| rollout/              |           |
|    ep_len_mean        | 60.9      |
|    ep_rew_mean        | -1.35e+05 |
| time/                 |           |
|    fps                | 1424      |
|    time_elapsed       | 702       |
|    total_timesteps    | 1000000   |
| train/                |           |
|    entropy_loss       | -19.7     |
|    explained_variance | -1.19e-07 |
|    learning_rate      | 0.0007    |
|    n_updates          | 49999     |
|    policy_loss        | 6.18e+03  |
|    std                | 2.21      |
|    value_loss         | 2.83e+05  |
-------------------------------------
Training ended on Tue Jan 27 16:30:46 2026
Training lasted 0:11:42.084728
