Logging to training_random_logs/2_robots/logs/TRPO_set9
Using cpu device
Training started on Tue Jan 27 16:12:39 2026
Experiment configuration: {'algorithm': 'TRPO', 'set': 9, 'verbose': 1, 'steps': 1000000, 'num_robots': 2, 'num_envs': 4, 'seed': 33, 'log_steps': 10000, 'resume': False, 'device': 'cpu'}
-----------------------------------------
| rollout/                  |           |
|    ep_len_mean            | 367       |
|    ep_rew_mean            | -6.95e+05 |
| time/                     |           |
|    fps                    | 1662      |
|    time_elapsed           | 6         |
|    total_timesteps        | 10000     |
| train/                    |           |
|    explained_variance     | -1.43e-06 |
|    is_line_search_success | 1         |
|    kl_divergence_loss     | 0.00563   |
|    learning_rate          | 0.0013    |
|    n_updates              | 1         |
|    policy_objective       | 0.0394    |
|    std                    | 1.01      |
|    value_loss             | 1.49e+09  |
-----------------------------------------
----------------------------------------
| rollout/                  |          |
|    ep_len_mean            | 313      |
|    ep_rew_mean            | -5.6e+05 |
| time/                     |          |
|    fps                    | 1671     |
|    time_elapsed           | 11       |
|    total_timesteps        | 20000    |
| train/                    |          |
|    explained_variance     | 0        |
|    is_line_search_success | 1        |
|    kl_divergence_loss     | 0.00703  |
|    learning_rate          | 0.0013   |
|    n_updates              | 2        |
|    policy_objective       | 0.0304   |
|    std                    | 1.01     |
|    value_loss             | 1.12e+09 |
----------------------------------------
-----------------------------------------
| rollout/                  |           |
|    ep_len_mean            | 309       |
|    ep_rew_mean            | -5.16e+05 |
| time/                     |           |
|    fps                    | 1675      |
|    time_elapsed           | 17        |
|    total_timesteps        | 30000     |
| train/                    |           |
|    explained_variance     | 0         |
|    is_line_search_success | 1         |
|    kl_divergence_loss     | 0.00561   |
|    learning_rate          | 0.0013    |
|    n_updates              | 3         |
|    policy_objective       | 0.0307    |
|    std                    | 0.988     |
|    value_loss             | 1.11e+09  |
-----------------------------------------
-----------------------------------------
| rollout/                  |           |
|    ep_len_mean            | 286       |
|    ep_rew_mean            | -4.13e+05 |
| time/                     |           |
|    fps                    | 1675      |
|    time_elapsed           | 23        |
|    total_timesteps        | 40000     |
| train/                    |           |
|    explained_variance     | 0         |
|    is_line_search_success | 1         |
|    kl_divergence_loss     | 0.00811   |
|    learning_rate          | 0.0013    |
|    n_updates              | 4         |
|    policy_objective       | 0.044     |
|    std                    | 0.985     |
|    value_loss             | 7.78e+08  |
-----------------------------------------
-----------------------------------------
| rollout/                  |           |
|    ep_len_mean            | 246       |
|    ep_rew_mean            | -3.17e+05 |
| time/                     |           |
|    fps                    | 1599      |
|    time_elapsed           | 31        |
|    total_timesteps        | 50000     |
| train/                    |           |
|    explained_variance     | 0         |
|    is_line_search_success | 1         |
|    kl_divergence_loss     | 0.00542   |
|    learning_rate          | 0.0013    |
|    n_updates              | 6         |
|    policy_objective       | 0.0304    |
|    std                    | 0.981     |
|    value_loss             | 7.67e+08  |
-----------------------------------------
-----------------------------------------
| rollout/                  |           |
|    ep_len_mean            | 261       |
|    ep_rew_mean            | -2.96e+05 |
| time/                     |           |
|    fps                    | 1614      |
|    time_elapsed           | 37        |
|    total_timesteps        | 60000     |
| train/                    |           |
|    explained_variance     | 0         |
|    is_line_search_success | 1         |
|    kl_divergence_loss     | 0.00607   |
|    learning_rate          | 0.0013    |
|    n_updates              | 7         |
|    policy_objective       | 0.0311    |
|    std                    | 0.971     |
|    value_loss             | 4.84e+08  |
-----------------------------------------
-----------------------------------------
| rollout/                  |           |
|    ep_len_mean            | 280       |
|    ep_rew_mean            | -3.07e+05 |
| time/                     |           |
|    fps                    | 1625      |
|    time_elapsed           | 43        |
|    total_timesteps        | 70000     |
| train/                    |           |
|    explained_variance     | 1.19e-07  |
|    is_line_search_success | 1         |
|    kl_divergence_loss     | 0.00654   |
|    learning_rate          | 0.0013    |
|    n_updates              | 8         |
|    policy_objective       | 0.0353    |
|    std                    | 0.96      |
|    value_loss             | 5.18e+08  |
-----------------------------------------
-----------------------------------------
| rollout/                  |           |
|    ep_len_mean            | 313       |
|    ep_rew_mean            | -3.08e+05 |
| time/                     |           |
|    fps                    | 1632      |
|    time_elapsed           | 49        |
|    total_timesteps        | 80000     |
| train/                    |           |
|    explained_variance     | 0         |
|    is_line_search_success | 1         |
|    kl_divergence_loss     | 0.00618   |
|    learning_rate          | 0.0013    |
|    n_updates              | 9         |
|    policy_objective       | 0.0276    |
|    std                    | 0.947     |
|    value_loss             | 5.57e+08  |
-----------------------------------------
-----------------------------------------
| rollout/                  |           |
|    ep_len_mean            | 260       |
|    ep_rew_mean            | -2.47e+05 |
| time/                     |           |
|    fps                    | 1636      |
|    time_elapsed           | 55        |
|    total_timesteps        | 90000     |
| train/                    |           |
|    explained_variance     | 0         |
|    is_line_search_success | 1         |
|    kl_divergence_loss     | 0.00665   |
|    learning_rate          | 0.0013    |
|    n_updates              | 10        |
|    policy_objective       | 0.0337    |
|    std                    | 0.947     |
|    value_loss             | 6.06e+08  |
-----------------------------------------
-----------------------------------------
| rollout/                  |           |
|    ep_len_mean            | 246       |
|    ep_rew_mean            | -2.19e+05 |
| time/                     |           |
|    fps                    | 1602      |
|    time_elapsed           | 62        |
|    total_timesteps        | 100000    |
| train/                    |           |
|    explained_variance     | 0         |
|    is_line_search_success | 1         |
|    kl_divergence_loss     | 0.00977   |
|    learning_rate          | 0.0013    |
|    n_updates              | 12        |
|    policy_objective       | 0.0214    |
|    std                    | 0.94      |
|    value_loss             | 4.58e+08  |
-----------------------------------------
-----------------------------------------
| rollout/                  |           |
|    ep_len_mean            | 268       |
|    ep_rew_mean            | -2.31e+05 |
| time/                     |           |
|    fps                    | 1608      |
|    time_elapsed           | 68        |
|    total_timesteps        | 110000    |
| train/                    |           |
|    explained_variance     | -1.19e-07 |
|    is_line_search_success | 1         |
|    kl_divergence_loss     | 0.00734   |
|    learning_rate          | 0.0013    |
|    n_updates              | 13        |
|    policy_objective       | 0.038     |
|    std                    | 0.939     |
|    value_loss             | 5.57e+08  |
-----------------------------------------
-----------------------------------------
| rollout/                  |           |
|    ep_len_mean            | 263       |
|    ep_rew_mean            | -2.31e+05 |
| time/                     |           |
|    fps                    | 1613      |
|    time_elapsed           | 74        |
|    total_timesteps        | 120000    |
| train/                    |           |
|    explained_variance     | 0         |
|    is_line_search_success | 1         |
|    kl_divergence_loss     | 0.00663   |
|    learning_rate          | 0.0013    |
|    n_updates              | 14        |
|    policy_objective       | 0.0293    |
|    std                    | 0.937     |
|    value_loss             | 4.92e+08  |
-----------------------------------------
-----------------------------------------
| rollout/                  |           |
|    ep_len_mean            | 263       |
|    ep_rew_mean            | -2.27e+05 |
| time/                     |           |
|    fps                    | 1618      |
|    time_elapsed           | 80        |
|    total_timesteps        | 130000    |
| train/                    |           |
|    explained_variance     | 0         |
|    is_line_search_success | 1         |
|    kl_divergence_loss     | 0.00764   |
|    learning_rate          | 0.0013    |
|    n_updates              | 15        |
|    policy_objective       | 0.0411    |
|    std                    | 0.947     |
|    value_loss             | 5.47e+08  |
-----------------------------------------
-----------------------------------------
| rollout/                  |           |
|    ep_len_mean            | 248       |
|    ep_rew_mean            | -2.09e+05 |
| time/                     |           |
|    fps                    | 1598      |
|    time_elapsed           | 87        |
|    total_timesteps        | 140000    |
| train/                    |           |
|    explained_variance     | 0         |
|    is_line_search_success | 1         |
|    kl_divergence_loss     | 0.0088    |
|    learning_rate          | 0.0013    |
|    n_updates              | 17        |
|    policy_objective       | 0.0314    |
|    std                    | 0.946     |
|    value_loss             | 4.33e+08  |
-----------------------------------------
-----------------------------------------
| rollout/                  |           |
|    ep_len_mean            | 256       |
|    ep_rew_mean            | -2.11e+05 |
| time/                     |           |
|    fps                    | 1603      |
|    time_elapsed           | 93        |
|    total_timesteps        | 150000    |
| train/                    |           |
|    explained_variance     | 0         |
|    is_line_search_success | 1         |
|    kl_divergence_loss     | 0.0069    |
|    learning_rate          | 0.0013    |
|    n_updates              | 18        |
|    policy_objective       | 0.0362    |
|    std                    | 0.923     |
|    value_loss             | 5.11e+08  |
-----------------------------------------
-----------------------------------------
| rollout/                  |           |
|    ep_len_mean            | 285       |
|    ep_rew_mean            | -2.28e+05 |
| time/                     |           |
|    fps                    | 1608      |
|    time_elapsed           | 99        |
|    total_timesteps        | 160000    |
| train/                    |           |
|    explained_variance     | 0         |
|    is_line_search_success | 1         |
|    kl_divergence_loss     | 0.00775   |
|    learning_rate          | 0.0013    |
|    n_updates              | 19        |
|    policy_objective       | 0.0294    |
|    std                    | 0.919     |
|    value_loss             | 4.69e+08  |
-----------------------------------------
-----------------------------------------
| rollout/                  |           |
|    ep_len_mean            | 306       |
|    ep_rew_mean            | -2.39e+05 |
| time/                     |           |
|    fps                    | 1611      |
|    time_elapsed           | 105       |
|    total_timesteps        | 170000    |
| train/                    |           |
|    explained_variance     | 0         |
|    is_line_search_success | 1         |
|    kl_divergence_loss     | 0.00688   |
|    learning_rate          | 0.0013    |
|    n_updates              | 20        |
|    policy_objective       | 0.0386    |
|    std                    | 0.907     |
|    value_loss             | 3.65e+08  |
-----------------------------------------
-----------------------------------------
| rollout/                  |           |
|    ep_len_mean            | 320       |
|    ep_rew_mean            | -2.35e+05 |
| time/                     |           |
|    fps                    | 1615      |
|    time_elapsed           | 111       |
|    total_timesteps        | 180000    |
| train/                    |           |
|    explained_variance     | 0         |
|    is_line_search_success | 1         |
|    kl_divergence_loss     | 0.00781   |
|    learning_rate          | 0.0013    |
|    n_updates              | 21        |
|    policy_objective       | 0.0372    |
|    std                    | 0.891     |
|    value_loss             | 4.18e+08  |
-----------------------------------------
-----------------------------------------
| rollout/                  |           |
|    ep_len_mean            | 350       |
|    ep_rew_mean            | -2.44e+05 |
| time/                     |           |
|    fps                    | 1598      |
|    time_elapsed           | 118       |
|    total_timesteps        | 190000    |
| train/                    |           |
|    explained_variance     | -1.19e-07 |
|    is_line_search_success | 1         |
|    kl_divergence_loss     | 0.00683   |
|    learning_rate          | 0.0013    |
|    n_updates              | 23        |
|    policy_objective       | 0.0292    |
|    std                    | 0.887     |
|    value_loss             | 3.64e+08  |
-----------------------------------------
-----------------------------------------
| rollout/                  |           |
|    ep_len_mean            | 335       |
|    ep_rew_mean            | -2.33e+05 |
| time/                     |           |
|    fps                    | 1605      |
|    time_elapsed           | 124       |
|    total_timesteps        | 200000    |
| train/                    |           |
|    explained_variance     | 0         |
|    is_line_search_success | 1         |
|    kl_divergence_loss     | 0.0077    |
|    learning_rate          | 0.0013    |
|    n_updates              | 24        |
|    policy_objective       | 0.0319    |
|    std                    | 0.893     |
|    value_loss             | 4.01e+08  |
-----------------------------------------
-----------------------------------------
| rollout/                  |           |
|    ep_len_mean            | 331       |
|    ep_rew_mean            | -2.24e+05 |
| time/                     |           |
|    fps                    | 1611      |
|    time_elapsed           | 130       |
|    total_timesteps        | 210000    |
| train/                    |           |
|    explained_variance     | -1.19e-07 |
|    is_line_search_success | 1         |
|    kl_divergence_loss     | 0.00795   |
|    learning_rate          | 0.0013    |
|    n_updates              | 25        |
|    policy_objective       | 0.0333    |
|    std                    | 0.904     |
|    value_loss             | 3.71e+08  |
-----------------------------------------
-----------------------------------------
| rollout/                  |           |
|    ep_len_mean            | 334       |
|    ep_rew_mean            | -2.12e+05 |
| time/                     |           |
|    fps                    | 1616      |
|    time_elapsed           | 136       |
|    total_timesteps        | 220000    |
| train/                    |           |
|    explained_variance     | 0         |
|    is_line_search_success | 1         |
|    kl_divergence_loss     | 0.0077    |
|    learning_rate          | 0.0013    |
|    n_updates              | 26        |
|    policy_objective       | 0.033     |
|    std                    | 0.888     |
|    value_loss             | 2.88e+08  |
-----------------------------------------
-----------------------------------------
| rollout/                  |           |
|    ep_len_mean            | 332       |
|    ep_rew_mean            | -1.91e+05 |
| time/                     |           |
|    fps                    | 1604      |
|    time_elapsed           | 143       |
|    total_timesteps        | 230000    |
| train/                    |           |
|    explained_variance     | 0         |
|    is_line_search_success | 1         |
|    kl_divergence_loss     | 0.0079    |
|    learning_rate          | 0.0013    |
|    n_updates              | 28        |
|    policy_objective       | 0.0362    |
|    std                    | 0.889     |
|    value_loss             | 3.15e+08  |
-----------------------------------------
-----------------------------------------
| rollout/                  |           |
|    ep_len_mean            | 346       |
|    ep_rew_mean            | -1.86e+05 |
| time/                     |           |
|    fps                    | 1609      |
|    time_elapsed           | 149       |
|    total_timesteps        | 240000    |
| train/                    |           |
|    explained_variance     | 0         |
|    is_line_search_success | 1         |
|    kl_divergence_loss     | 0.00743   |
|    learning_rate          | 0.0013    |
|    n_updates              | 29        |
|    policy_objective       | 0.0323    |
|    std                    | 0.887     |
|    value_loss             | 3.41e+08  |
-----------------------------------------
-----------------------------------------
| rollout/                  |           |
|    ep_len_mean            | 375       |
|    ep_rew_mean            | -1.82e+05 |
| time/                     |           |
|    fps                    | 1614      |
|    time_elapsed           | 154       |
|    total_timesteps        | 250000    |
| train/                    |           |
|    explained_variance     | -1.19e-07 |
|    is_line_search_success | 1         |
|    kl_divergence_loss     | 0.00841   |
|    learning_rate          | 0.0013    |
|    n_updates              | 30        |
|    policy_objective       | 0.0326    |
|    std                    | 0.896     |
|    value_loss             | 2.35e+08  |
-----------------------------------------
-----------------------------------------
| rollout/                  |           |
|    ep_len_mean            | 381       |
|    ep_rew_mean            | -1.77e+05 |
| time/                     |           |
|    fps                    | 1618      |
|    time_elapsed           | 160       |
|    total_timesteps        | 260000    |
| train/                    |           |
|    explained_variance     | 0         |
|    is_line_search_success | 1         |
|    kl_divergence_loss     | 0.00744   |
|    learning_rate          | 0.0013    |
|    n_updates              | 31        |
|    policy_objective       | 0.0302    |
|    std                    | 0.895     |
|    value_loss             | 2.05e+08  |
-----------------------------------------
-----------------------------------------
| rollout/                  |           |
|    ep_len_mean            | 426       |
|    ep_rew_mean            | -1.86e+05 |
| time/                     |           |
|    fps                    | 1621      |
|    time_elapsed           | 166       |
|    total_timesteps        | 270000    |
| train/                    |           |
|    explained_variance     | 0         |
|    is_line_search_success | 1         |
|    kl_divergence_loss     | 0.00694   |
|    learning_rate          | 0.0013    |
|    n_updates              | 32        |
|    policy_objective       | 0.034     |
|    std                    | 0.895     |
|    value_loss             | 2.18e+08  |
-----------------------------------------
-----------------------------------------
| rollout/                  |           |
|    ep_len_mean            | 487       |
|    ep_rew_mean            | -1.89e+05 |
| time/                     |           |
|    fps                    | 1612      |
|    time_elapsed           | 173       |
|    total_timesteps        | 280000    |
| train/                    |           |
|    explained_variance     | 0         |
|    is_line_search_success | 1         |
|    kl_divergence_loss     | 0.00838   |
|    learning_rate          | 0.0013    |
|    n_updates              | 34        |
|    policy_objective       | 0.0383    |
|    std                    | 0.878     |
|    value_loss             | 1.22e+08  |
-----------------------------------------
-----------------------------------------
| rollout/                  |           |
|    ep_len_mean            | 551       |
|    ep_rew_mean            | -1.75e+05 |
| time/                     |           |
|    fps                    | 1615      |
|    time_elapsed           | 179       |
|    total_timesteps        | 290000    |
| train/                    |           |
|    explained_variance     | 0         |
|    is_line_search_success | 1         |
|    kl_divergence_loss     | 0.0075    |
|    learning_rate          | 0.0013    |
|    n_updates              | 35        |
|    policy_objective       | 0.0301    |
|    std                    | 0.88      |
|    value_loss             | 2.55e+07  |
-----------------------------------------
-----------------------------------------
| rollout/                  |           |
|    ep_len_mean            | 613       |
|    ep_rew_mean            | -1.65e+05 |
| time/                     |           |
|    fps                    | 1619      |
|    time_elapsed           | 185       |
|    total_timesteps        | 300000    |
| train/                    |           |
|    explained_variance     | 5.96e-08  |
|    is_line_search_success | 1         |
|    kl_divergence_loss     | 0.00779   |
|    learning_rate          | 0.0013    |
|    n_updates              | 36        |
|    policy_objective       | 0.0269    |
|    std                    | 0.884     |
|    value_loss             | 2.54e+07  |
-----------------------------------------
-----------------------------------------
| rollout/                  |           |
|    ep_len_mean            | 666       |
|    ep_rew_mean            | -1.49e+05 |
| time/                     |           |
|    fps                    | 1623      |
|    time_elapsed           | 190       |
|    total_timesteps        | 310000    |
| train/                    |           |
|    explained_variance     | 0         |
|    is_line_search_success | 1         |
|    kl_divergence_loss     | 0.00811   |
|    learning_rate          | 0.0013    |
|    n_updates              | 37        |
|    policy_objective       | 0.032     |
|    std                    | 0.882     |
|    value_loss             | 3.53e+07  |
-----------------------------------------
-----------------------------------------
| rollout/                  |           |
|    ep_len_mean            | 707       |
|    ep_rew_mean            | -1.35e+05 |
| time/                     |           |
|    fps                    | 1615      |
|    time_elapsed           | 198       |
|    total_timesteps        | 320000    |
| train/                    |           |
|    explained_variance     | 0         |
|    is_line_search_success | 1         |
|    kl_divergence_loss     | 0.00839   |
|    learning_rate          | 0.0013    |
|    n_updates              | 39        |
|    policy_objective       | 0.0316    |
|    std                    | 0.88      |
|    value_loss             | 2.97e+07  |
-----------------------------------------
-----------------------------------------
| rollout/                  |           |
|    ep_len_mean            | 755       |
|    ep_rew_mean            | -1.23e+05 |
| time/                     |           |
|    fps                    | 1618      |
|    time_elapsed           | 203       |
|    total_timesteps        | 330000    |
| train/                    |           |
|    explained_variance     | 5.96e-08  |
|    is_line_search_success | 1         |
|    kl_divergence_loss     | 0.00594   |
|    learning_rate          | 0.0013    |
|    n_updates              | 40        |
|    policy_objective       | 0.0195    |
|    std                    | 0.875     |
|    value_loss             | 3.41e+06  |
-----------------------------------------
-----------------------------------------
| rollout/                  |           |
|    ep_len_mean            | 827       |
|    ep_rew_mean            | -1.08e+05 |
| time/                     |           |
|    fps                    | 1621      |
|    time_elapsed           | 209       |
|    total_timesteps        | 340000    |
| train/                    |           |
|    explained_variance     | 0         |
|    is_line_search_success | 1         |
|    kl_divergence_loss     | 0.00897   |
|    learning_rate          | 0.0013    |
|    n_updates              | 41        |
|    policy_objective       | 0.0408    |
|    std                    | 0.876     |
|    value_loss             | 3.84e+06  |
-----------------------------------------
-----------------------------------------
| rollout/                  |           |
|    ep_len_mean            | 864       |
|    ep_rew_mean            | -9.12e+04 |
| time/                     |           |
|    fps                    | 1625      |
|    time_elapsed           | 215       |
|    total_timesteps        | 350000    |
| train/                    |           |
|    explained_variance     | 0         |
|    is_line_search_success | 1         |
|    kl_divergence_loss     | 0.00762   |
|    learning_rate          | 0.0013    |
|    n_updates              | 42        |
|    policy_objective       | 0.0363    |
|    std                    | 0.871     |
|    value_loss             | 4.23e+06  |
-----------------------------------------
-----------------------------------------
| rollout/                  |           |
|    ep_len_mean            | 911       |
|    ep_rew_mean            | -7.17e+04 |
| time/                     |           |
|    fps                    | 1627      |
|    time_elapsed           | 221       |
|    total_timesteps        | 360000    |
| train/                    |           |
|    explained_variance     | 5.96e-08  |
|    is_line_search_success | 1         |
|    kl_divergence_loss     | 0.00986   |
|    learning_rate          | 0.0013    |
|    n_updates              | 43        |
|    policy_objective       | 0.0285    |
|    std                    | 0.87      |
|    value_loss             | 3.74e+06  |
-----------------------------------------
-----------------------------------------
| rollout/                  |           |
|    ep_len_mean            | 943       |
|    ep_rew_mean            | -5.99e+04 |
| time/                     |           |
|    fps                    | 1620      |
|    time_elapsed           | 228       |
|    total_timesteps        | 370000    |
| train/                    |           |
|    explained_variance     | 0         |
|    is_line_search_success | 1         |
|    kl_divergence_loss     | 0.00686   |
|    learning_rate          | 0.0013    |
|    n_updates              | 45        |
|    policy_objective       | 0.0242    |
|    std                    | 0.872     |
|    value_loss             | 8.4e+06   |
-----------------------------------------
-----------------------------------------
| rollout/                  |           |
|    ep_len_mean            | 963       |
|    ep_rew_mean            | -4.51e+04 |
| time/                     |           |
|    fps                    | 1623      |
|    time_elapsed           | 234       |
|    total_timesteps        | 380000    |
| train/                    |           |
|    explained_variance     | -1.19e-07 |
|    is_line_search_success | 1         |
|    kl_divergence_loss     | 0.00805   |
|    learning_rate          | 0.0013    |
|    n_updates              | 46        |
|    policy_objective       | 0.0261    |
|    std                    | 0.876     |
|    value_loss             | 1.55e+07  |
-----------------------------------------
-----------------------------------------
| rollout/                  |           |
|    ep_len_mean            | 966       |
|    ep_rew_mean            | -4.05e+04 |
| time/                     |           |
|    fps                    | 1626      |
|    time_elapsed           | 239       |
|    total_timesteps        | 390000    |
| train/                    |           |
|    explained_variance     | 0         |
|    is_line_search_success | 1         |
|    kl_divergence_loss     | 0.00666   |
|    learning_rate          | 0.0013    |
|    n_updates              | 47        |
|    policy_objective       | 0.0267    |
|    std                    | 0.87      |
|    value_loss             | 1.39e+07  |
-----------------------------------------
-----------------------------------------
| rollout/                  |           |
|    ep_len_mean            | 978       |
|    ep_rew_mean            | -3.85e+04 |
| time/                     |           |
|    fps                    | 1628      |
|    time_elapsed           | 245       |
|    total_timesteps        | 400000    |
| train/                    |           |
|    explained_variance     | 0         |
|    is_line_search_success | 1         |
|    kl_divergence_loss     | 0.00746   |
|    learning_rate          | 0.0013    |
|    n_updates              | 48        |
|    policy_objective       | 0.0273    |
|    std                    | 0.869     |
|    value_loss             | 4.91e+06  |
-----------------------------------------
-----------------------------------------
| rollout/                  |           |
|    ep_len_mean            | 986       |
|    ep_rew_mean            | -3.57e+04 |
| time/                     |           |
|    fps                    | 1621      |
|    time_elapsed           | 252       |
|    total_timesteps        | 410000    |
| train/                    |           |
|    explained_variance     | 0         |
|    is_line_search_success | 1         |
|    kl_divergence_loss     | 0.00843   |
|    learning_rate          | 0.0013    |
|    n_updates              | 50        |
|    policy_objective       | 0.0313    |
|    std                    | 0.865     |
|    value_loss             | 2.02e+06  |
-----------------------------------------
-----------------------------------------
| rollout/                  |           |
|    ep_len_mean            | 993       |
|    ep_rew_mean            | -2.79e+04 |
| time/                     |           |
|    fps                    | 1623      |
|    time_elapsed           | 258       |
|    total_timesteps        | 420000    |
| train/                    |           |
|    explained_variance     | 0         |
|    is_line_search_success | 1         |
|    kl_divergence_loss     | 0.00784   |
|    learning_rate          | 0.0013    |
|    n_updates              | 51        |
|    policy_objective       | 0.019     |
|    std                    | 0.868     |
|    value_loss             | 1.23e+07  |
-----------------------------------------
-----------------------------------------
| rollout/                  |           |
|    ep_len_mean            | 990       |
|    ep_rew_mean            | -2.81e+04 |
| time/                     |           |
|    fps                    | 1625      |
|    time_elapsed           | 264       |
|    total_timesteps        | 430000    |
| train/                    |           |
|    explained_variance     | 0         |
|    is_line_search_success | 1         |
|    kl_divergence_loss     | 0.00391   |
|    learning_rate          | 0.0013    |
|    n_updates              | 52        |
|    policy_objective       | 0.0225    |
|    std                    | 0.865     |
|    value_loss             | 1.47e+07  |
-----------------------------------------
-----------------------------------------
| rollout/                  |           |
|    ep_len_mean            | 990       |
|    ep_rew_mean            | -2.53e+04 |
| time/                     |           |
|    fps                    | 1627      |
|    time_elapsed           | 270       |
|    total_timesteps        | 440000    |
| train/                    |           |
|    explained_variance     | 0         |
|    is_line_search_success | 1         |
|    kl_divergence_loss     | 0.00826   |
|    learning_rate          | 0.0013    |
|    n_updates              | 53        |
|    policy_objective       | 0.0333    |
|    std                    | 0.862     |
|    value_loss             | 1.03e+06  |
-----------------------------------------
-----------------------------------------
| rollout/                  |           |
|    ep_len_mean            | 990       |
|    ep_rew_mean            | -2.26e+04 |
| time/                     |           |
|    fps                    | 1629      |
|    time_elapsed           | 276       |
|    total_timesteps        | 450000    |
| train/                    |           |
|    explained_variance     | 0         |
|    is_line_search_success | 1         |
|    kl_divergence_loss     | 0.00675   |
|    learning_rate          | 0.0013    |
|    n_updates              | 54        |
|    policy_objective       | 0.0236    |
|    std                    | 0.859     |
|    value_loss             | 1.06e+06  |
-----------------------------------------
-----------------------------------------
| rollout/                  |           |
|    ep_len_mean            | 990       |
|    ep_rew_mean            | -2.19e+04 |
| time/                     |           |
|    fps                    | 1623      |
|    time_elapsed           | 283       |
|    total_timesteps        | 460000    |
| train/                    |           |
|    explained_variance     | 0         |
|    is_line_search_success | 1         |
|    kl_divergence_loss     | 0.00989   |
|    learning_rate          | 0.0013    |
|    n_updates              | 56        |
|    policy_objective       | 0.0414    |
|    std                    | 0.848     |
|    value_loss             | 4.45e+06  |
-----------------------------------------
-----------------------------------------
| rollout/                  |           |
|    ep_len_mean            | 990       |
|    ep_rew_mean            | -1.92e+04 |
| time/                     |           |
|    fps                    | 1625      |
|    time_elapsed           | 289       |
|    total_timesteps        | 470000    |
| train/                    |           |
|    explained_variance     | 0         |
|    is_line_search_success | 1         |
|    kl_divergence_loss     | 0.00862   |
|    learning_rate          | 0.0013    |
|    n_updates              | 57        |
|    policy_objective       | 0.0276    |
|    std                    | 0.853     |
|    value_loss             | 1.43e+06  |
-----------------------------------------
-----------------------------------------
| rollout/                  |           |
|    ep_len_mean            | 990       |
|    ep_rew_mean            | -1.93e+04 |
| time/                     |           |
|    fps                    | 1627      |
|    time_elapsed           | 294       |
|    total_timesteps        | 480000    |
| train/                    |           |
|    explained_variance     | 0         |
|    is_line_search_success | 1         |
|    kl_divergence_loss     | 0.00887   |
|    learning_rate          | 0.0013    |
|    n_updates              | 58        |
|    policy_objective       | 0.0454    |
|    std                    | 0.849     |
|    value_loss             | 2.18e+06  |
-----------------------------------------
-----------------------------------------
| rollout/                  |           |
|    ep_len_mean            | 992       |
|    ep_rew_mean            | -1.78e+04 |
| time/                     |           |
|    fps                    | 1629      |
|    time_elapsed           | 300       |
|    total_timesteps        | 490000    |
| train/                    |           |
|    explained_variance     | 0         |
|    is_line_search_success | 1         |
|    kl_divergence_loss     | 0.00663   |
|    learning_rate          | 0.0013    |
|    n_updates              | 59        |
|    policy_objective       | 0.0278    |
|    std                    | 0.849     |
|    value_loss             | 2.45e+06  |
-----------------------------------------
----------------------------------------
| rollout/                  |          |
|    ep_len_mean            | 996      |
|    ep_rew_mean            | -1.3e+04 |
| time/                     |          |
|    fps                    | 1623     |
|    time_elapsed           | 307      |
|    total_timesteps        | 500000   |
| train/                    |          |
|    explained_variance     | 0        |
|    is_line_search_success | 1        |
|    kl_divergence_loss     | 0.00779  |
|    learning_rate          | 0.0013   |
|    n_updates              | 61       |
|    policy_objective       | 0.0409   |
|    std                    | 0.851    |
|    value_loss             | 1.45e+06 |
----------------------------------------
-----------------------------------------
| rollout/                  |           |
|    ep_len_mean            | 992       |
|    ep_rew_mean            | -1.18e+04 |
| time/                     |           |
|    fps                    | 1625      |
|    time_elapsed           | 313       |
|    total_timesteps        | 510000    |
| train/                    |           |
|    explained_variance     | 0         |
|    is_line_search_success | 1         |
|    kl_divergence_loss     | 0.00863   |
|    learning_rate          | 0.0013    |
|    n_updates              | 62        |
|    policy_objective       | 0.0147    |
|    std                    | 0.84      |
|    value_loss             | 1.42e+06  |
-----------------------------------------
-----------------------------------------
| rollout/                  |           |
|    ep_len_mean            | 985       |
|    ep_rew_mean            | -1.46e+04 |
| time/                     |           |
|    fps                    | 1627      |
|    time_elapsed           | 319       |
|    total_timesteps        | 520000    |
| train/                    |           |
|    explained_variance     | 0         |
|    is_line_search_success | 1         |
|    kl_divergence_loss     | 0.00942   |
|    learning_rate          | 0.0013    |
|    n_updates              | 63        |
|    policy_objective       | 0.0342    |
|    std                    | 0.838     |
|    value_loss             | 3.53e+07  |
-----------------------------------------
-----------------------------------------
| rollout/                  |           |
|    ep_len_mean            | 989       |
|    ep_rew_mean            | -1.27e+04 |
| time/                     |           |
|    fps                    | 1629      |
|    time_elapsed           | 325       |
|    total_timesteps        | 530000    |
| train/                    |           |
|    explained_variance     | 0         |
|    is_line_search_success | 1         |
|    kl_divergence_loss     | 0.00765   |
|    learning_rate          | 0.0013    |
|    n_updates              | 64        |
|    policy_objective       | 0.0291    |
|    std                    | 0.836     |
|    value_loss             | 1.57e+06  |
-----------------------------------------
-----------------------------------------
| rollout/                  |           |
|    ep_len_mean            | 989       |
|    ep_rew_mean            | -1.18e+04 |
| time/                     |           |
|    fps                    | 1630      |
|    time_elapsed           | 331       |
|    total_timesteps        | 540000    |
| train/                    |           |
|    explained_variance     | 0         |
|    is_line_search_success | 1         |
|    kl_divergence_loss     | 0.00561   |
|    learning_rate          | 0.0013    |
|    n_updates              | 65        |
|    policy_objective       | 0.0149    |
|    std                    | 0.835     |
|    value_loss             | 1.47e+06  |
-----------------------------------------
-----------------------------------------
| rollout/                  |           |
|    ep_len_mean            | 989       |
|    ep_rew_mean            | -1.22e+04 |
| time/                     |           |
|    fps                    | 1624      |
|    time_elapsed           | 338       |
|    total_timesteps        | 550000    |
| train/                    |           |
|    explained_variance     | 1.19e-07  |
|    is_line_search_success | 1         |
|    kl_divergence_loss     | 0.00762   |
|    learning_rate          | 0.0013    |
|    n_updates              | 67        |
|    policy_objective       | 0.0191    |
|    std                    | 0.833     |
|    value_loss             | 2.25e+06  |
-----------------------------------------
-----------------------------------------
| rollout/                  |           |
|    ep_len_mean            | 989       |
|    ep_rew_mean            | -1.19e+04 |
| time/                     |           |
|    fps                    | 1626      |
|    time_elapsed           | 344       |
|    total_timesteps        | 560000    |
| train/                    |           |
|    explained_variance     | 0         |
|    is_line_search_success | 1         |
|    kl_divergence_loss     | 0.00863   |
|    learning_rate          | 0.0013    |
|    n_updates              | 68        |
|    policy_objective       | 0.0314    |
|    std                    | 0.832     |
|    value_loss             | 1.95e+06  |
-----------------------------------------
-----------------------------------------
| rollout/                  |           |
|    ep_len_mean            | 978       |
|    ep_rew_mean            | -1.45e+04 |
| time/                     |           |
|    fps                    | 1627      |
|    time_elapsed           | 350       |
|    total_timesteps        | 570000    |
| train/                    |           |
|    explained_variance     | 0         |
|    is_line_search_success | 1         |
|    kl_divergence_loss     | 0.00867   |
|    learning_rate          | 0.0013    |
|    n_updates              | 69        |
|    policy_objective       | 0.0422    |
|    std                    | 0.827     |
|    value_loss             | 1.62e+06  |
-----------------------------------------
----------------------------------------
| rollout/                  |          |
|    ep_len_mean            | 978      |
|    ep_rew_mean            | -1.4e+04 |
| time/                     |          |
|    fps                    | 1629     |
|    time_elapsed           | 356      |
|    total_timesteps        | 580000   |
| train/                    |          |
|    explained_variance     | 0        |
|    is_line_search_success | 1        |
|    kl_divergence_loss     | 0.00893  |
|    learning_rate          | 0.0013   |
|    n_updates              | 70       |
|    policy_objective       | 0.0318   |
|    std                    | 0.815    |
|    value_loss             | 3.41e+07 |
----------------------------------------
-----------------------------------------
| rollout/                  |           |
|    ep_len_mean            | 974       |
|    ep_rew_mean            | -1.31e+04 |
| time/                     |           |
|    fps                    | 1624      |
|    time_elapsed           | 363       |
|    total_timesteps        | 590000    |
| train/                    |           |
|    explained_variance     | 0         |
|    is_line_search_success | 1         |
|    kl_divergence_loss     | 0.00774   |
|    learning_rate          | 0.0013    |
|    n_updates              | 72        |
|    policy_objective       | 0.0213    |
|    std                    | 0.814     |
|    value_loss             | 1.3e+07   |
-----------------------------------------
-----------------------------------------
| rollout/                  |           |
|    ep_len_mean            | 964       |
|    ep_rew_mean            | -1.57e+04 |
| time/                     |           |
|    fps                    | 1626      |
|    time_elapsed           | 368       |
|    total_timesteps        | 600000    |
| train/                    |           |
|    explained_variance     | 0         |
|    is_line_search_success | 1         |
|    kl_divergence_loss     | 0.0099    |
|    learning_rate          | 0.0013    |
|    n_updates              | 73        |
|    policy_objective       | 0.0291    |
|    std                    | 0.816     |
|    value_loss             | 2.53e+07  |
-----------------------------------------
-----------------------------------------
| rollout/                  |           |
|    ep_len_mean            | 974       |
|    ep_rew_mean            | -1.44e+04 |
| time/                     |           |
|    fps                    | 1627      |
|    time_elapsed           | 374       |
|    total_timesteps        | 610000    |
| train/                    |           |
|    explained_variance     | -1.19e-07 |
|    is_line_search_success | 1         |
|    kl_divergence_loss     | 0.008     |
|    learning_rate          | 0.0013    |
|    n_updates              | 74        |
|    policy_objective       | 0.0317    |
|    std                    | 0.813     |
|    value_loss             | 1.91e+06  |
-----------------------------------------
-----------------------------------------
| rollout/                  |           |
|    ep_len_mean            | 974       |
|    ep_rew_mean            | -1.36e+04 |
| time/                     |           |
|    fps                    | 1629      |
|    time_elapsed           | 380       |
|    total_timesteps        | 620000    |
| train/                    |           |
|    explained_variance     | 0         |
|    is_line_search_success | 1         |
|    kl_divergence_loss     | 0.00896   |
|    learning_rate          | 0.0013    |
|    n_updates              | 75        |
|    policy_objective       | 0.0322    |
|    std                    | 0.81      |
|    value_loss             | 1.73e+07  |
-----------------------------------------
-----------------------------------------
| rollout/                  |           |
|    ep_len_mean            | 974       |
|    ep_rew_mean            | -1.52e+04 |
| time/                     |           |
|    fps                    | 1629      |
|    time_elapsed           | 386       |
|    total_timesteps        | 630000    |
| train/                    |           |
|    explained_variance     | 0         |
|    is_line_search_success | 1         |
|    kl_divergence_loss     | 0.00738   |
|    learning_rate          | 0.0013    |
|    n_updates              | 76        |
|    policy_objective       | 0.0223    |
|    std                    | 0.803     |
|    value_loss             | 8.54e+06  |
-----------------------------------------
-----------------------------------------
| rollout/                  |           |
|    ep_len_mean            | 969       |
|    ep_rew_mean            | -1.67e+04 |
| time/                     |           |
|    fps                    | 1623      |
|    time_elapsed           | 394       |
|    total_timesteps        | 640000    |
| train/                    |           |
|    explained_variance     | 5.96e-08  |
|    is_line_search_success | 1         |
|    kl_divergence_loss     | 0.00852   |
|    learning_rate          | 0.0013    |
|    n_updates              | 78        |
|    policy_objective       | 0.0197    |
|    std                    | 0.796     |
|    value_loss             | 1.37e+07  |
-----------------------------------------
-----------------------------------------
| rollout/                  |           |
|    ep_len_mean            | 969       |
|    ep_rew_mean            | -1.61e+04 |
| time/                     |           |
|    fps                    | 1624      |
|    time_elapsed           | 400       |
|    total_timesteps        | 650000    |
| train/                    |           |
|    explained_variance     | 0         |
|    is_line_search_success | 1         |
|    kl_divergence_loss     | 0.00773   |
|    learning_rate          | 0.0013    |
|    n_updates              | 79        |
|    policy_objective       | 0.0208    |
|    std                    | 0.793     |
|    value_loss             | 3.1e+06   |
-----------------------------------------
----------------------------------------
| rollout/                  |          |
|    ep_len_mean            | 960      |
|    ep_rew_mean            | -1.8e+04 |
| time/                     |          |
|    fps                    | 1625     |
|    time_elapsed           | 405      |
|    total_timesteps        | 660000   |
| train/                    |          |
|    explained_variance     | 0        |
|    is_line_search_success | 1        |
|    kl_divergence_loss     | 0.00839  |
|    learning_rate          | 0.0013   |
|    n_updates              | 80       |
|    policy_objective       | 0.0317   |
|    std                    | 0.789    |
|    value_loss             | 5.59e+06 |
----------------------------------------
-----------------------------------------
| rollout/                  |           |
|    ep_len_mean            | 972       |
|    ep_rew_mean            | -1.48e+04 |
| time/                     |           |
|    fps                    | 1627      |
|    time_elapsed           | 411       |
|    total_timesteps        | 670000    |
| train/                    |           |
|    explained_variance     | 1.79e-07  |
|    is_line_search_success | 1         |
|    kl_divergence_loss     | 0.00798   |
|    learning_rate          | 0.0013    |
|    n_updates              | 81        |
|    policy_objective       | 0.0258    |
|    std                    | 0.792     |
|    value_loss             | 2.31e+07  |
-----------------------------------------
-----------------------------------------
| rollout/                  |           |
|    ep_len_mean            | 972       |
|    ep_rew_mean            | -1.54e+04 |
| time/                     |           |
|    fps                    | 1622      |
|    time_elapsed           | 419       |
|    total_timesteps        | 680000    |
| train/                    |           |
|    explained_variance     | 0         |
|    is_line_search_success | 1         |
|    kl_divergence_loss     | 0.00817   |
|    learning_rate          | 0.0013    |
|    n_updates              | 83        |
|    policy_objective       | 0.0237    |
|    std                    | 0.788     |
|    value_loss             | 1.39e+06  |
-----------------------------------------
-----------------------------------------
| rollout/                  |           |
|    ep_len_mean            | 984       |
|    ep_rew_mean            | -1.36e+04 |
| time/                     |           |
|    fps                    | 1624      |
|    time_elapsed           | 424       |
|    total_timesteps        | 690000    |
| train/                    |           |
|    explained_variance     | 0         |
|    is_line_search_success | 1         |
|    kl_divergence_loss     | 0.0063    |
|    learning_rate          | 0.0013    |
|    n_updates              | 84        |
|    policy_objective       | 0.0217    |
|    std                    | 0.784     |
|    value_loss             | 1.73e+06  |
-----------------------------------------
----------------------------------------
| rollout/                  |          |
|    ep_len_mean            | 985      |
|    ep_rew_mean            | -1.2e+04 |
| time/                     |          |
|    fps                    | 1625     |
|    time_elapsed           | 430      |
|    total_timesteps        | 700000   |
| train/                    |          |
|    explained_variance     | 0        |
|    is_line_search_success | 1        |
|    kl_divergence_loss     | 0.00568  |
|    learning_rate          | 0.0013   |
|    n_updates              | 85       |
|    policy_objective       | 0.0187   |
|    std                    | 0.786    |
|    value_loss             | 1.09e+06 |
----------------------------------------
-----------------------------------------
| rollout/                  |           |
|    ep_len_mean            | 986       |
|    ep_rew_mean            | -9.54e+03 |
| time/                     |           |
|    fps                    | 1626      |
|    time_elapsed           | 436       |
|    total_timesteps        | 710000    |
| train/                    |           |
|    explained_variance     | 0         |
|    is_line_search_success | 1         |
|    kl_divergence_loss     | 0.00924   |
|    learning_rate          | 0.0013    |
|    n_updates              | 86        |
|    policy_objective       | 0.0287    |
|    std                    | 0.779     |
|    value_loss             | 1.2e+06   |
-----------------------------------------
----------------------------------------
| rollout/                  |          |
|    ep_len_mean            | 986      |
|    ep_rew_mean            | -8.8e+03 |
| time/                     |          |
|    fps                    | 1628     |
|    time_elapsed           | 442      |
|    total_timesteps        | 720000   |
| train/                    |          |
|    explained_variance     | 1.19e-07 |
|    is_line_search_success | 1        |
|    kl_divergence_loss     | 0.00865  |
|    learning_rate          | 0.0013   |
|    n_updates              | 87       |
|    policy_objective       | 0.0259   |
|    std                    | 0.775    |
|    value_loss             | 1.3e+06  |
----------------------------------------
----------------------------------------
| rollout/                  |          |
|    ep_len_mean            | 986      |
|    ep_rew_mean            | -6.4e+03 |
| time/                     |          |
|    fps                    | 1624     |
|    time_elapsed           | 449      |
|    total_timesteps        | 730000   |
| train/                    |          |
|    explained_variance     | 5.96e-08 |
|    is_line_search_success | 1        |
|    kl_divergence_loss     | 0.00758  |
|    learning_rate          | 0.0013   |
|    n_updates              | 89       |
|    policy_objective       | 0.0265   |
|    std                    | 0.781    |
|    value_loss             | 1.58e+06 |
----------------------------------------
-----------------------------------------
| rollout/                  |           |
|    ep_len_mean            | 984       |
|    ep_rew_mean            | -6.15e+03 |
| time/                     |           |
|    fps                    | 1626      |
|    time_elapsed           | 455       |
|    total_timesteps        | 740000    |
| train/                    |           |
|    explained_variance     | 0         |
|    is_line_search_success | 1         |
|    kl_divergence_loss     | 0.00928   |
|    learning_rate          | 0.0013    |
|    n_updates              | 90        |
|    policy_objective       | 0.0239    |
|    std                    | 0.781     |
|    value_loss             | 1.29e+07  |
-----------------------------------------
-----------------------------------------
| rollout/                  |           |
|    ep_len_mean            | 984       |
|    ep_rew_mean            | -5.52e+03 |
| time/                     |           |
|    fps                    | 1627      |
|    time_elapsed           | 460       |
|    total_timesteps        | 750000    |
| train/                    |           |
|    explained_variance     | 0         |
|    is_line_search_success | 1         |
|    kl_divergence_loss     | 0.00746   |
|    learning_rate          | 0.0013    |
|    n_updates              | 91        |
|    policy_objective       | 0.0254    |
|    std                    | 0.784     |
|    value_loss             | 1.64e+06  |
-----------------------------------------
-----------------------------------------
| rollout/                  |           |
|    ep_len_mean            | 992       |
|    ep_rew_mean            | -3.96e+03 |
| time/                     |           |
|    fps                    | 1629      |
|    time_elapsed           | 466       |
|    total_timesteps        | 760000    |
| train/                    |           |
|    explained_variance     | 0         |
|    is_line_search_success | 1         |
|    kl_divergence_loss     | 0.00883   |
|    learning_rate          | 0.0013    |
|    n_updates              | 92        |
|    policy_objective       | 0.0437    |
|    std                    | 0.787     |
|    value_loss             | 2.51e+06  |
-----------------------------------------
-----------------------------------------
| rollout/                  |           |
|    ep_len_mean            | 992       |
|    ep_rew_mean            | -4.89e+03 |
| time/                     |           |
|    fps                    | 1630      |
|    time_elapsed           | 472       |
|    total_timesteps        | 770000    |
| train/                    |           |
|    explained_variance     | 0         |
|    is_line_search_success | 1         |
|    kl_divergence_loss     | 0.00835   |
|    learning_rate          | 0.0013    |
|    n_updates              | 93        |
|    policy_objective       | 0.0357    |
|    std                    | 0.787     |
|    value_loss             | 3.27e+06  |
-----------------------------------------
-----------------------------------------
| rollout/                  |           |
|    ep_len_mean            | 988       |
|    ep_rew_mean            | -5.51e+03 |
| time/                     |           |
|    fps                    | 1627      |
|    time_elapsed           | 479       |
|    total_timesteps        | 780000    |
| train/                    |           |
|    explained_variance     | 0         |
|    is_line_search_success | 1         |
|    kl_divergence_loss     | 0.00924   |
|    learning_rate          | 0.0013    |
|    n_updates              | 95        |
|    policy_objective       | 0.0297    |
|    std                    | 0.78      |
|    value_loss             | 1.37e+07  |
-----------------------------------------
-----------------------------------------
| rollout/                  |           |
|    ep_len_mean            | 988       |
|    ep_rew_mean            | -6.42e+03 |
| time/                     |           |
|    fps                    | 1628      |
|    time_elapsed           | 485       |
|    total_timesteps        | 790000    |
| train/                    |           |
|    explained_variance     | 0         |
|    is_line_search_success | 1         |
|    kl_divergence_loss     | 0.00928   |
|    learning_rate          | 0.0013    |
|    n_updates              | 96        |
|    policy_objective       | 0.0353    |
|    std                    | 0.778     |
|    value_loss             | 1.98e+06  |
-----------------------------------------
-----------------------------------------
| rollout/                  |           |
|    ep_len_mean            | 988       |
|    ep_rew_mean            | -7.06e+03 |
| time/                     |           |
|    fps                    | 1630      |
|    time_elapsed           | 490       |
|    total_timesteps        | 800000    |
| train/                    |           |
|    explained_variance     | 1.19e-07  |
|    is_line_search_success | 1         |
|    kl_divergence_loss     | 0.00795   |
|    learning_rate          | 0.0013    |
|    n_updates              | 97        |
|    policy_objective       | 0.0395    |
|    std                    | 0.776     |
|    value_loss             | 1.2e+06   |
-----------------------------------------
-----------------------------------------
| rollout/                  |           |
|    ep_len_mean            | 988       |
|    ep_rew_mean            | -7.42e+03 |
| time/                     |           |
|    fps                    | 1631      |
|    time_elapsed           | 496       |
|    total_timesteps        | 810000    |
| train/                    |           |
|    explained_variance     | 0         |
|    is_line_search_success | 1         |
|    kl_divergence_loss     | 0.00777   |
|    learning_rate          | 0.0013    |
|    n_updates              | 98        |
|    policy_objective       | 0.0359    |
|    std                    | 0.771     |
|    value_loss             | 1.93e+06  |
-----------------------------------------
-----------------------------------------
| rollout/                  |           |
|    ep_len_mean            | 988       |
|    ep_rew_mean            | -7.84e+03 |
| time/                     |           |
|    fps                    | 1628      |
|    time_elapsed           | 503       |
|    total_timesteps        | 820000    |
| train/                    |           |
|    explained_variance     | 0         |
|    is_line_search_success | 1         |
|    kl_divergence_loss     | 0.00953   |
|    learning_rate          | 0.0013    |
|    n_updates              | 100       |
|    policy_objective       | 0.0277    |
|    std                    | 0.774     |
|    value_loss             | 1.66e+06  |
-----------------------------------------
-----------------------------------------
| rollout/                  |           |
|    ep_len_mean            | 988       |
|    ep_rew_mean            | -8.18e+03 |
| time/                     |           |
|    fps                    | 1630      |
|    time_elapsed           | 509       |
|    total_timesteps        | 830000    |
| train/                    |           |
|    explained_variance     | 0         |
|    is_line_search_success | 1         |
|    kl_divergence_loss     | 0.00801   |
|    learning_rate          | 0.0013    |
|    n_updates              | 101       |
|    policy_objective       | 0.0407    |
|    std                    | 0.776     |
|    value_loss             | 2.14e+06  |
-----------------------------------------
-----------------------------------------
| rollout/                  |           |
|    ep_len_mean            | 995       |
|    ep_rew_mean            | -6.89e+03 |
| time/                     |           |
|    fps                    | 1631      |
|    time_elapsed           | 514       |
|    total_timesteps        | 840000    |
| train/                    |           |
|    explained_variance     | 0         |
|    is_line_search_success | 1         |
|    kl_divergence_loss     | 0.00814   |
|    learning_rate          | 0.0013    |
|    n_updates              | 102       |
|    policy_objective       | 0.0256    |
|    std                    | 0.778     |
|    value_loss             | 1.52e+06  |
-----------------------------------------
-----------------------------------------
| rollout/                  |           |
|    ep_len_mean            | 995       |
|    ep_rew_mean            | -7.26e+03 |
| time/                     |           |
|    fps                    | 1633      |
|    time_elapsed           | 520       |
|    total_timesteps        | 850000    |
| train/                    |           |
|    explained_variance     | 0         |
|    is_line_search_success | 1         |
|    kl_divergence_loss     | 0.00645   |
|    learning_rate          | 0.0013    |
|    n_updates              | 103       |
|    policy_objective       | 0.0108    |
|    std                    | 0.777     |
|    value_loss             | 1.55e+06  |
-----------------------------------------
-----------------------------------------
| rollout/                  |           |
|    ep_len_mean            | 991       |
|    ep_rew_mean            | -6.99e+03 |
| time/                     |           |
|    fps                    | 1634      |
|    time_elapsed           | 526       |
|    total_timesteps        | 860000    |
| train/                    |           |
|    explained_variance     | 0         |
|    is_line_search_success | 1         |
|    kl_divergence_loss     | 0.00943   |
|    learning_rate          | 0.0013    |
|    n_updates              | 104       |
|    policy_objective       | 0.0455    |
|    std                    | 0.78      |
|    value_loss             | 1.89e+06  |
-----------------------------------------
-----------------------------------------
| rollout/                  |           |
|    ep_len_mean            | 989       |
|    ep_rew_mean            | -6.92e+03 |
| time/                     |           |
|    fps                    | 1631      |
|    time_elapsed           | 533       |
|    total_timesteps        | 870000    |
| train/                    |           |
|    explained_variance     | 0         |
|    is_line_search_success | 1         |
|    kl_divergence_loss     | 0.0069    |
|    learning_rate          | 0.0013    |
|    n_updates              | 106       |
|    policy_objective       | 0.027     |
|    std                    | 0.78      |
|    value_loss             | 1.26e+07  |
-----------------------------------------
-----------------------------------------
| rollout/                  |           |
|    ep_len_mean            | 994       |
|    ep_rew_mean            | -6.56e+03 |
| time/                     |           |
|    fps                    | 1633      |
|    time_elapsed           | 538       |
|    total_timesteps        | 880000    |
| train/                    |           |
|    explained_variance     | 0         |
|    is_line_search_success | 1         |
|    kl_divergence_loss     | 0.00908   |
|    learning_rate          | 0.0013    |
|    n_updates              | 107       |
|    policy_objective       | 0.0326    |
|    std                    | 0.778     |
|    value_loss             | 3.83e+06  |
-----------------------------------------
-----------------------------------------
| rollout/                  |           |
|    ep_len_mean            | 994       |
|    ep_rew_mean            | -5.38e+03 |
| time/                     |           |
|    fps                    | 1634      |
|    time_elapsed           | 544       |
|    total_timesteps        | 890000    |
| train/                    |           |
|    explained_variance     | 0         |
|    is_line_search_success | 1         |
|    kl_divergence_loss     | 0.00705   |
|    learning_rate          | 0.0013    |
|    n_updates              | 108       |
|    policy_objective       | 0.0282    |
|    std                    | 0.777     |
|    value_loss             | 1.53e+06  |
-----------------------------------------
----------------------------------------
| rollout/                  |          |
|    ep_len_mean            | 994      |
|    ep_rew_mean            | -5e+03   |
| time/                     |          |
|    fps                    | 1636     |
|    time_elapsed           | 550      |
|    total_timesteps        | 900000   |
| train/                    |          |
|    explained_variance     | 0        |
|    is_line_search_success | 1        |
|    kl_divergence_loss     | 0.00799  |
|    learning_rate          | 0.0013   |
|    n_updates              | 109      |
|    policy_objective       | 0.0274   |
|    std                    | 0.777    |
|    value_loss             | 1.76e+06 |
----------------------------------------
-----------------------------------------
| rollout/                  |           |
|    ep_len_mean            | 994       |
|    ep_rew_mean            | -5.73e+03 |
| time/                     |           |
|    fps                    | 1633      |
|    time_elapsed           | 557       |
|    total_timesteps        | 910000    |
| train/                    |           |
|    explained_variance     | 0         |
|    is_line_search_success | 1         |
|    kl_divergence_loss     | 0.0064    |
|    learning_rate          | 0.0013    |
|    n_updates              | 111       |
|    policy_objective       | 0.0358    |
|    std                    | 0.775     |
|    value_loss             | 2.83e+06  |
-----------------------------------------
-----------------------------------------
| rollout/                  |           |
|    ep_len_mean            | 994       |
|    ep_rew_mean            | -6.53e+03 |
| time/                     |           |
|    fps                    | 1634      |
|    time_elapsed           | 562       |
|    total_timesteps        | 920000    |
| train/                    |           |
|    explained_variance     | 0         |
|    is_line_search_success | 1         |
|    kl_divergence_loss     | 0.0093    |
|    learning_rate          | 0.0013    |
|    n_updates              | 112       |
|    policy_objective       | 0.0361    |
|    std                    | 0.771     |
|    value_loss             | 3.25e+06  |
-----------------------------------------
-----------------------------------------
| rollout/                  |           |
|    ep_len_mean            | 994       |
|    ep_rew_mean            | -6.17e+03 |
| time/                     |           |
|    fps                    | 1634      |
|    time_elapsed           | 568       |
|    total_timesteps        | 930000    |
| train/                    |           |
|    explained_variance     | 0         |
|    is_line_search_success | 1         |
|    kl_divergence_loss     | 0.00906   |
|    learning_rate          | 0.0013    |
|    n_updates              | 113       |
|    policy_objective       | 0.0442    |
|    std                    | 0.774     |
|    value_loss             | 1.74e+06  |
-----------------------------------------
-----------------------------------------
| rollout/                  |           |
|    ep_len_mean            | 994       |
|    ep_rew_mean            | -1.66e+04 |
| time/                     |           |
|    fps                    | 1635      |
|    time_elapsed           | 574       |
|    total_timesteps        | 940000    |
| train/                    |           |
|    explained_variance     | 0         |
|    is_line_search_success | 1         |
|    kl_divergence_loss     | 0.00766   |
|    learning_rate          | 0.0013    |
|    n_updates              | 114       |
|    policy_objective       | 0.0485    |
|    std                    | 0.773     |
|    value_loss             | 3.33e+07  |
-----------------------------------------
-----------------------------------------
| rollout/                  |           |
|    ep_len_mean            | 994       |
|    ep_rew_mean            | -1.67e+04 |
| time/                     |           |
|    fps                    | 1635      |
|    time_elapsed           | 580       |
|    total_timesteps        | 950000    |
| train/                    |           |
|    explained_variance     | 0         |
|    is_line_search_success | 1         |
|    kl_divergence_loss     | 0.00979   |
|    learning_rate          | 0.0013    |
|    n_updates              | 115       |
|    policy_objective       | 0.0286    |
|    std                    | 0.776     |
|    value_loss             | 2.64e+06  |
-----------------------------------------
-----------------------------------------
| rollout/                  |           |
|    ep_len_mean            | 998       |
|    ep_rew_mean            | -1.58e+04 |
| time/                     |           |
|    fps                    | 1632      |
|    time_elapsed           | 588       |
|    total_timesteps        | 960000    |
| train/                    |           |
|    explained_variance     | 0         |
|    is_line_search_success | 1         |
|    kl_divergence_loss     | 0.00845   |
|    learning_rate          | 0.0013    |
|    n_updates              | 117       |
|    policy_objective       | 0.0365    |
|    std                    | 0.775     |
|    value_loss             | 1.92e+06  |
-----------------------------------------
-----------------------------------------
| rollout/                  |           |
|    ep_len_mean            | 1e+03     |
|    ep_rew_mean            | -1.56e+04 |
| time/                     |           |
|    fps                    | 1633      |
|    time_elapsed           | 593       |
|    total_timesteps        | 970000    |
| train/                    |           |
|    explained_variance     | 0         |
|    is_line_search_success | 1         |
|    kl_divergence_loss     | 0.00659   |
|    learning_rate          | 0.0013    |
|    n_updates              | 118       |
|    policy_objective       | 0.0315    |
|    std                    | 0.774     |
|    value_loss             | 1.79e+06  |
-----------------------------------------
-----------------------------------------
| rollout/                  |           |
|    ep_len_mean            | 1e+03     |
|    ep_rew_mean            | -1.59e+04 |
| time/                     |           |
|    fps                    | 1633      |
|    time_elapsed           | 599       |
|    total_timesteps        | 980000    |
| train/                    |           |
|    explained_variance     | 0         |
|    is_line_search_success | 1         |
|    kl_divergence_loss     | 0.00947   |
|    learning_rate          | 0.0013    |
|    n_updates              | 119       |
|    policy_objective       | 0.0969    |
|    std                    | 0.773     |
|    value_loss             | 2.85e+06  |
-----------------------------------------
-----------------------------------------
| rollout/                  |           |
|    ep_len_mean            | 1e+03     |
|    ep_rew_mean            | -1.68e+04 |
| time/                     |           |
|    fps                    | 1634      |
|    time_elapsed           | 605       |
|    total_timesteps        | 990000    |
| train/                    |           |
|    explained_variance     | -1.19e-07 |
|    is_line_search_success | 1         |
|    kl_divergence_loss     | 0.00694   |
|    learning_rate          | 0.0013    |
|    n_updates              | 120       |
|    policy_objective       | 0.0282    |
|    std                    | 0.772     |
|    value_loss             | 1.75e+06  |
-----------------------------------------
-----------------------------------------
| rollout/                  |           |
|    ep_len_mean            | 992       |
|    ep_rew_mean            | -1.84e+04 |
| time/                     |           |
|    fps                    | 1631      |
|    time_elapsed           | 612       |
|    total_timesteps        | 1000000   |
| train/                    |           |
|    explained_variance     | 0         |
|    is_line_search_success | 1         |
|    kl_divergence_loss     | 0.00976   |
|    learning_rate          | 0.0013    |
|    n_updates              | 122       |
|    policy_objective       | 0.0306    |
|    std                    | 0.766     |
|    value_loss             | 1.36e+07  |
-----------------------------------------
Training ended on Tue Jan 27 16:22:56 2026
Training lasted 0:10:17.850304
