Logging to training_random_logs/2_robots/logs/TRPO_set3
Using cpu device
Training started on Tue Jan 27 16:14:22 2026
Experiment configuration: {'algorithm': 'TRPO', 'set': 3, 'verbose': 1, 'steps': 1000000, 'num_robots': 2, 'num_envs': 4, 'seed': 33, 'log_steps': 10000, 'resume': False, 'device': 'cpu'}
-----------------------------------------
| rollout/                  |           |
|    ep_len_mean            | 37.5      |
|    ep_rew_mean            | -1.96e+05 |
| time/                     |           |
|    fps                    | 1697      |
|    time_elapsed           | 5         |
|    total_timesteps        | 10000     |
| train/                    |           |
|    explained_variance     | -5.96e-07 |
|    is_line_search_success | 1         |
|    kl_divergence_loss     | 0.00585   |
|    learning_rate          | 0.0013    |
|    n_updates              | 1         |
|    policy_objective       | 0.0244    |
|    std                    | 1.01      |
|    value_loss             | 5.58e+09  |
-----------------------------------------
-----------------------------------------
| rollout/                  |           |
|    ep_len_mean            | 35.9      |
|    ep_rew_mean            | -1.77e+05 |
| time/                     |           |
|    fps                    | 1710      |
|    time_elapsed           | 11        |
|    total_timesteps        | 20000     |
| train/                    |           |
|    explained_variance     | 0         |
|    is_line_search_success | 1         |
|    kl_divergence_loss     | 0.0047    |
|    learning_rate          | 0.0013    |
|    n_updates              | 2         |
|    policy_objective       | 0.0123    |
|    std                    | 0.983     |
|    value_loss             | 5.33e+09  |
-----------------------------------------
-----------------------------------------
| rollout/                  |           |
|    ep_len_mean            | 32        |
|    ep_rew_mean            | -1.61e+05 |
| time/                     |           |
|    fps                    | 1707      |
|    time_elapsed           | 17        |
|    total_timesteps        | 30000     |
| train/                    |           |
|    explained_variance     | 0         |
|    is_line_search_success | 1         |
|    kl_divergence_loss     | 0.00887   |
|    learning_rate          | 0.0013    |
|    n_updates              | 3         |
|    policy_objective       | 0.0272    |
|    std                    | 0.976     |
|    value_loss             | 5.54e+09  |
-----------------------------------------
-----------------------------------------
| rollout/                  |           |
|    ep_len_mean            | 27        |
|    ep_rew_mean            | -1.39e+05 |
| time/                     |           |
|    fps                    | 1706      |
|    time_elapsed           | 23        |
|    total_timesteps        | 40000     |
| train/                    |           |
|    explained_variance     | 0         |
|    is_line_search_success | 1         |
|    kl_divergence_loss     | 0.00463   |
|    learning_rate          | 0.0013    |
|    n_updates              | 4         |
|    policy_objective       | 0.0152    |
|    std                    | 0.975     |
|    value_loss             | 4.96e+09  |
-----------------------------------------
-----------------------------------------
| rollout/                  |           |
|    ep_len_mean            | 34.9      |
|    ep_rew_mean            | -1.56e+05 |
| time/                     |           |
|    fps                    | 1625      |
|    time_elapsed           | 30        |
|    total_timesteps        | 50000     |
| train/                    |           |
|    explained_variance     | 1.19e-07  |
|    is_line_search_success | 1         |
|    kl_divergence_loss     | 0.00788   |
|    learning_rate          | 0.0013    |
|    n_updates              | 6         |
|    policy_objective       | 0.0213    |
|    std                    | 0.953     |
|    value_loss             | 4.69e+09  |
-----------------------------------------
-----------------------------------------
| rollout/                  |           |
|    ep_len_mean            | 36.5      |
|    ep_rew_mean            | -1.45e+05 |
| time/                     |           |
|    fps                    | 1635      |
|    time_elapsed           | 36        |
|    total_timesteps        | 60000     |
| train/                    |           |
|    explained_variance     | 1.19e-07  |
|    is_line_search_success | 1         |
|    kl_divergence_loss     | 0.00583   |
|    learning_rate          | 0.0013    |
|    n_updates              | 7         |
|    policy_objective       | 0.0258    |
|    std                    | 0.941     |
|    value_loss             | 4.38e+09  |
-----------------------------------------
-----------------------------------------
| rollout/                  |           |
|    ep_len_mean            | 27        |
|    ep_rew_mean            | -1.19e+05 |
| time/                     |           |
|    fps                    | 1642      |
|    time_elapsed           | 42        |
|    total_timesteps        | 70000     |
| train/                    |           |
|    explained_variance     | 0         |
|    is_line_search_success | 1         |
|    kl_divergence_loss     | 0.00608   |
|    learning_rate          | 0.0013    |
|    n_updates              | 8         |
|    policy_objective       | 0.0189    |
|    std                    | 0.936     |
|    value_loss             | 4.21e+09  |
-----------------------------------------
-----------------------------------------
| rollout/                  |           |
|    ep_len_mean            | 31.7      |
|    ep_rew_mean            | -1.46e+05 |
| time/                     |           |
|    fps                    | 1646      |
|    time_elapsed           | 48        |
|    total_timesteps        | 80000     |
| train/                    |           |
|    explained_variance     | 0         |
|    is_line_search_success | 1         |
|    kl_divergence_loss     | 0.00842   |
|    learning_rate          | 0.0013    |
|    n_updates              | 9         |
|    policy_objective       | 0.013     |
|    std                    | 0.937     |
|    value_loss             | 4.16e+09  |
-----------------------------------------
-----------------------------------------
| rollout/                  |           |
|    ep_len_mean            | 30.9      |
|    ep_rew_mean            | -1.29e+05 |
| time/                     |           |
|    fps                    | 1651      |
|    time_elapsed           | 54        |
|    total_timesteps        | 90000     |
| train/                    |           |
|    explained_variance     | 0         |
|    is_line_search_success | 1         |
|    kl_divergence_loss     | 0.0085    |
|    learning_rate          | 0.0013    |
|    n_updates              | 10        |
|    policy_objective       | 0.0325    |
|    std                    | 0.932     |
|    value_loss             | 4.78e+09  |
-----------------------------------------
-----------------------------------------
| rollout/                  |           |
|    ep_len_mean            | 28.6      |
|    ep_rew_mean            | -1.22e+05 |
| time/                     |           |
|    fps                    | 1615      |
|    time_elapsed           | 61        |
|    total_timesteps        | 100000    |
| train/                    |           |
|    explained_variance     | 0         |
|    is_line_search_success | 1         |
|    kl_divergence_loss     | 0.00652   |
|    learning_rate          | 0.0013    |
|    n_updates              | 12        |
|    policy_objective       | 0.015     |
|    std                    | 0.931     |
|    value_loss             | 4.19e+09  |
-----------------------------------------
-----------------------------------------
| rollout/                  |           |
|    ep_len_mean            | 28.4      |
|    ep_rew_mean            | -1.13e+05 |
| time/                     |           |
|    fps                    | 1620      |
|    time_elapsed           | 67        |
|    total_timesteps        | 110000    |
| train/                    |           |
|    explained_variance     | -1.19e-07 |
|    is_line_search_success | 1         |
|    kl_divergence_loss     | 0.00559   |
|    learning_rate          | 0.0013    |
|    n_updates              | 13        |
|    policy_objective       | 0.0267    |
|    std                    | 0.929     |
|    value_loss             | 4.01e+09  |
-----------------------------------------
-----------------------------------------
| rollout/                  |           |
|    ep_len_mean            | 32        |
|    ep_rew_mean            | -1.07e+05 |
| time/                     |           |
|    fps                    | 1623      |
|    time_elapsed           | 73        |
|    total_timesteps        | 120000    |
| train/                    |           |
|    explained_variance     | 0         |
|    is_line_search_success | 1         |
|    kl_divergence_loss     | 0.00692   |
|    learning_rate          | 0.0013    |
|    n_updates              | 14        |
|    policy_objective       | 0.0217    |
|    std                    | 0.934     |
|    value_loss             | 3.84e+09  |
-----------------------------------------
----------------------------------------
| rollout/                  |          |
|    ep_len_mean            | 30.5     |
|    ep_rew_mean            | -1.1e+05 |
| time/                     |          |
|    fps                    | 1627     |
|    time_elapsed           | 79       |
|    total_timesteps        | 130000   |
| train/                    |          |
|    explained_variance     | 0        |
|    is_line_search_success | 1        |
|    kl_divergence_loss     | 0.00783  |
|    learning_rate          | 0.0013   |
|    n_updates              | 15       |
|    policy_objective       | 0.0313   |
|    std                    | 0.921    |
|    value_loss             | 3.8e+09  |
----------------------------------------
-----------------------------------------
| rollout/                  |           |
|    ep_len_mean            | 33.2      |
|    ep_rew_mean            | -9.96e+04 |
| time/                     |           |
|    fps                    | 1603      |
|    time_elapsed           | 87        |
|    total_timesteps        | 140000    |
| train/                    |           |
|    explained_variance     | 0         |
|    is_line_search_success | 1         |
|    kl_divergence_loss     | 0.00596   |
|    learning_rate          | 0.0013    |
|    n_updates              | 17        |
|    policy_objective       | 0.0229    |
|    std                    | 0.877     |
|    value_loss             | 3.63e+09  |
-----------------------------------------
-----------------------------------------
| rollout/                  |           |
|    ep_len_mean            | 39.8      |
|    ep_rew_mean            | -9.94e+04 |
| time/                     |           |
|    fps                    | 1606      |
|    time_elapsed           | 93        |
|    total_timesteps        | 150000    |
| train/                    |           |
|    explained_variance     | 1.19e-07  |
|    is_line_search_success | 1         |
|    kl_divergence_loss     | 0.0086    |
|    learning_rate          | 0.0013    |
|    n_updates              | 18        |
|    policy_objective       | 0.0324    |
|    std                    | 0.872     |
|    value_loss             | 3.73e+09  |
-----------------------------------------
-----------------------------------------
| rollout/                  |           |
|    ep_len_mean            | 38.5      |
|    ep_rew_mean            | -5.97e+04 |
| time/                     |           |
|    fps                    | 1606      |
|    time_elapsed           | 99        |
|    total_timesteps        | 160000    |
| train/                    |           |
|    explained_variance     | 0         |
|    is_line_search_success | 1         |
|    kl_divergence_loss     | 0.00816   |
|    learning_rate          | 0.0013    |
|    n_updates              | 19        |
|    policy_objective       | 0.0207    |
|    std                    | 0.86      |
|    value_loss             | 3.16e+09  |
-----------------------------------------
-----------------------------------------
| rollout/                  |           |
|    ep_len_mean            | 41.6      |
|    ep_rew_mean            | -4.09e+04 |
| time/                     |           |
|    fps                    | 1610      |
|    time_elapsed           | 105       |
|    total_timesteps        | 170000    |
| train/                    |           |
|    explained_variance     | 0         |
|    is_line_search_success | 1         |
|    kl_divergence_loss     | 0.00663   |
|    learning_rate          | 0.0013    |
|    n_updates              | 20        |
|    policy_objective       | 0.0275    |
|    std                    | 0.842     |
|    value_loss             | 2.68e+09  |
-----------------------------------------
-----------------------------------------
| rollout/                  |           |
|    ep_len_mean            | 62.7      |
|    ep_rew_mean            | -9.09e+04 |
| time/                     |           |
|    fps                    | 1613      |
|    time_elapsed           | 111       |
|    total_timesteps        | 180000    |
| train/                    |           |
|    explained_variance     | 0         |
|    is_line_search_success | 1         |
|    kl_divergence_loss     | 0.00834   |
|    learning_rate          | 0.0013    |
|    n_updates              | 21        |
|    policy_objective       | 0.0247    |
|    std                    | 0.832     |
|    value_loss             | 2.63e+09  |
-----------------------------------------
----------------------------------------
| rollout/                  |          |
|    ep_len_mean            | 46.4     |
|    ep_rew_mean            | -6.4e+04 |
| time/                     |          |
|    fps                    | 1597     |
|    time_elapsed           | 118      |
|    total_timesteps        | 190000   |
| train/                    |          |
|    explained_variance     | 0        |
|    is_line_search_success | 1        |
|    kl_divergence_loss     | 0.00751  |
|    learning_rate          | 0.0013   |
|    n_updates              | 23       |
|    policy_objective       | 0.0291   |
|    std                    | 0.814    |
|    value_loss             | 2.72e+09 |
----------------------------------------
-----------------------------------------
| rollout/                  |           |
|    ep_len_mean            | 44.7      |
|    ep_rew_mean            | -1.76e+04 |
| time/                     |           |
|    fps                    | 1600      |
|    time_elapsed           | 124       |
|    total_timesteps        | 200000    |
| train/                    |           |
|    explained_variance     | 0         |
|    is_line_search_success | 1         |
|    kl_divergence_loss     | 0.0075    |
|    learning_rate          | 0.0013    |
|    n_updates              | 24        |
|    policy_objective       | 0.0282    |
|    std                    | 0.812     |
|    value_loss             | 2.4e+09   |
-----------------------------------------
----------------------------------------
| rollout/                  |          |
|    ep_len_mean            | 39.1     |
|    ep_rew_mean            | -810     |
| time/                     |          |
|    fps                    | 1602     |
|    time_elapsed           | 131      |
|    total_timesteps        | 210000   |
| train/                    |          |
|    explained_variance     | 0        |
|    is_line_search_success | 1        |
|    kl_divergence_loss     | 0.00797  |
|    learning_rate          | 0.0013   |
|    n_updates              | 25       |
|    policy_objective       | 0.0275   |
|    std                    | 0.805    |
|    value_loss             | 2.16e+09 |
----------------------------------------
----------------------------------------
| rollout/                  |          |
|    ep_len_mean            | 42.3     |
|    ep_rew_mean            | 2.88e+04 |
| time/                     |          |
|    fps                    | 1605     |
|    time_elapsed           | 137      |
|    total_timesteps        | 220000   |
| train/                    |          |
|    explained_variance     | 0        |
|    is_line_search_success | 1        |
|    kl_divergence_loss     | 0.00876  |
|    learning_rate          | 0.0013   |
|    n_updates              | 26       |
|    policy_objective       | 0.0331   |
|    std                    | 0.788    |
|    value_loss             | 2.29e+09 |
----------------------------------------
-----------------------------------------
| rollout/                  |           |
|    ep_len_mean            | 58.8      |
|    ep_rew_mean            | -1.54e+04 |
| time/                     |           |
|    fps                    | 1591      |
|    time_elapsed           | 144       |
|    total_timesteps        | 230000    |
| train/                    |           |
|    explained_variance     | 0         |
|    is_line_search_success | 1         |
|    kl_divergence_loss     | 0.00874   |
|    learning_rate          | 0.0013    |
|    n_updates              | 28        |
|    policy_objective       | 0.038     |
|    std                    | 0.783     |
|    value_loss             | 2.07e+09  |
-----------------------------------------
----------------------------------------
| rollout/                  |          |
|    ep_len_mean            | 43.2     |
|    ep_rew_mean            | 5.51e+04 |
| time/                     |          |
|    fps                    | 1594     |
|    time_elapsed           | 150      |
|    total_timesteps        | 240000   |
| train/                    |          |
|    explained_variance     | 0        |
|    is_line_search_success | 1        |
|    kl_divergence_loss     | 0.00887  |
|    learning_rate          | 0.0013   |
|    n_updates              | 29       |
|    policy_objective       | 0.0316   |
|    std                    | 0.776    |
|    value_loss             | 2.11e+09 |
----------------------------------------
----------------------------------------
| rollout/                  |          |
|    ep_len_mean            | 58.1     |
|    ep_rew_mean            | 2.01e+04 |
| time/                     |          |
|    fps                    | 1597     |
|    time_elapsed           | 156      |
|    total_timesteps        | 250000   |
| train/                    |          |
|    explained_variance     | 0.0234   |
|    is_line_search_success | 1        |
|    kl_divergence_loss     | 0.00724  |
|    learning_rate          | 0.0013   |
|    n_updates              | 30       |
|    policy_objective       | 0.026    |
|    std                    | 0.762    |
|    value_loss             | 1.65e+09 |
----------------------------------------
----------------------------------------
| rollout/                  |          |
|    ep_len_mean            | 44       |
|    ep_rew_mean            | 5.38e+04 |
| time/                     |          |
|    fps                    | 1599     |
|    time_elapsed           | 162      |
|    total_timesteps        | 260000   |
| train/                    |          |
|    explained_variance     | 0.0301   |
|    is_line_search_success | 1        |
|    kl_divergence_loss     | 0.0062   |
|    learning_rate          | 0.0013   |
|    n_updates              | 31       |
|    policy_objective       | 0.0166   |
|    std                    | 0.75     |
|    value_loss             | 1.65e+09 |
----------------------------------------
----------------------------------------
| rollout/                  |          |
|    ep_len_mean            | 69.9     |
|    ep_rew_mean            | 3.12e+04 |
| time/                     |          |
|    fps                    | 1601     |
|    time_elapsed           | 168      |
|    total_timesteps        | 270000   |
| train/                    |          |
|    explained_variance     | 0.0307   |
|    is_line_search_success | 1        |
|    kl_divergence_loss     | 0.0074   |
|    learning_rate          | 0.0013   |
|    n_updates              | 32       |
|    policy_objective       | 0.0302   |
|    std                    | 0.74     |
|    value_loss             | 1.74e+09 |
----------------------------------------
----------------------------------------
| rollout/                  |          |
|    ep_len_mean            | 45.7     |
|    ep_rew_mean            | 6.08e+04 |
| time/                     |          |
|    fps                    | 1576     |
|    time_elapsed           | 177      |
|    total_timesteps        | 280000   |
| train/                    |          |
|    explained_variance     | 0.0356   |
|    is_line_search_success | 1        |
|    kl_divergence_loss     | 0.00648  |
|    learning_rate          | 0.0013   |
|    n_updates              | 34       |
|    policy_objective       | 0.0227   |
|    std                    | 0.731    |
|    value_loss             | 1.83e+09 |
----------------------------------------
----------------------------------------
| rollout/                  |          |
|    ep_len_mean            | 49.4     |
|    ep_rew_mean            | 5.5e+04  |
| time/                     |          |
|    fps                    | 1579     |
|    time_elapsed           | 183      |
|    total_timesteps        | 290000   |
| train/                    |          |
|    explained_variance     | 0.0247   |
|    is_line_search_success | 1        |
|    kl_divergence_loss     | 0.00646  |
|    learning_rate          | 0.0013   |
|    n_updates              | 35       |
|    policy_objective       | 0.0212   |
|    std                    | 0.723    |
|    value_loss             | 1.99e+09 |
----------------------------------------
----------------------------------------
| rollout/                  |          |
|    ep_len_mean            | 44.2     |
|    ep_rew_mean            | 7.71e+04 |
| time/                     |          |
|    fps                    | 1582     |
|    time_elapsed           | 189      |
|    total_timesteps        | 300000   |
| train/                    |          |
|    explained_variance     | 0.0298   |
|    is_line_search_success | 1        |
|    kl_divergence_loss     | 0.00883  |
|    learning_rate          | 0.0013   |
|    n_updates              | 36       |
|    policy_objective       | 0.0334   |
|    std                    | 0.721    |
|    value_loss             | 1.95e+09 |
----------------------------------------
----------------------------------------
| rollout/                  |          |
|    ep_len_mean            | 43.5     |
|    ep_rew_mean            | 8.13e+04 |
| time/                     |          |
|    fps                    | 1585     |
|    time_elapsed           | 195      |
|    total_timesteps        | 310000   |
| train/                    |          |
|    explained_variance     | 0.0222   |
|    is_line_search_success | 1        |
|    kl_divergence_loss     | 0.0073   |
|    learning_rate          | 0.0013   |
|    n_updates              | 37       |
|    policy_objective       | 0.0288   |
|    std                    | 0.722    |
|    value_loss             | 2.3e+09  |
----------------------------------------
----------------------------------------
| rollout/                  |          |
|    ep_len_mean            | 32.6     |
|    ep_rew_mean            | 9.97e+04 |
| time/                     |          |
|    fps                    | 1575     |
|    time_elapsed           | 203      |
|    total_timesteps        | 320000   |
| train/                    |          |
|    explained_variance     | 0.0125   |
|    is_line_search_success | 1        |
|    kl_divergence_loss     | 0.00966  |
|    learning_rate          | 0.0013   |
|    n_updates              | 39       |
|    policy_objective       | 0.0223   |
|    std                    | 0.693    |
|    value_loss             | 2.66e+09 |
----------------------------------------
----------------------------------------
| rollout/                  |          |
|    ep_len_mean            | 51.2     |
|    ep_rew_mean            | 6.93e+04 |
| time/                     |          |
|    fps                    | 1578     |
|    time_elapsed           | 209      |
|    total_timesteps        | 330000   |
| train/                    |          |
|    explained_variance     | 0.0431   |
|    is_line_search_success | 1        |
|    kl_divergence_loss     | 0.00911  |
|    learning_rate          | 0.0013   |
|    n_updates              | 40       |
|    policy_objective       | 0.028    |
|    std                    | 0.686    |
|    value_loss             | 1.89e+09 |
----------------------------------------
----------------------------------------
| rollout/                  |          |
|    ep_len_mean            | 26.4     |
|    ep_rew_mean            | 1.16e+05 |
| time/                     |          |
|    fps                    | 1580     |
|    time_elapsed           | 215      |
|    total_timesteps        | 340000   |
| train/                    |          |
|    explained_variance     | 0.0474   |
|    is_line_search_success | 1        |
|    kl_divergence_loss     | 0.00749  |
|    learning_rate          | 0.0013   |
|    n_updates              | 41       |
|    policy_objective       | 0.0282   |
|    std                    | 0.678    |
|    value_loss             | 2.53e+09 |
----------------------------------------
----------------------------------------
| rollout/                  |          |
|    ep_len_mean            | 47.1     |
|    ep_rew_mean            | 8.94e+04 |
| time/                     |          |
|    fps                    | 1583     |
|    time_elapsed           | 221      |
|    total_timesteps        | 350000   |
| train/                    |          |
|    explained_variance     | 0.042    |
|    is_line_search_success | 1        |
|    kl_divergence_loss     | 0.00848  |
|    learning_rate          | 0.0013   |
|    n_updates              | 42       |
|    policy_objective       | 0.0254   |
|    std                    | 0.663    |
|    value_loss             | 2.35e+09 |
----------------------------------------
----------------------------------------
| rollout/                  |          |
|    ep_len_mean            | 38       |
|    ep_rew_mean            | 1.07e+05 |
| time/                     |          |
|    fps                    | 1585     |
|    time_elapsed           | 227      |
|    total_timesteps        | 360000   |
| train/                    |          |
|    explained_variance     | 0.068    |
|    is_line_search_success | 1        |
|    kl_divergence_loss     | 0.00873  |
|    learning_rate          | 0.0013   |
|    n_updates              | 43       |
|    policy_objective       | 0.0294   |
|    std                    | 0.655    |
|    value_loss             | 1.64e+09 |
----------------------------------------
----------------------------------------
| rollout/                  |          |
|    ep_len_mean            | 31       |
|    ep_rew_mean            | 1.12e+05 |
| time/                     |          |
|    fps                    | 1577     |
|    time_elapsed           | 234      |
|    total_timesteps        | 370000   |
| train/                    |          |
|    explained_variance     | 0.072    |
|    is_line_search_success | 1        |
|    kl_divergence_loss     | 0.00855  |
|    learning_rate          | 0.0013   |
|    n_updates              | 45       |
|    policy_objective       | 0.0249   |
|    std                    | 0.649    |
|    value_loss             | 2.22e+09 |
----------------------------------------
----------------------------------------
| rollout/                  |          |
|    ep_len_mean            | 21.7     |
|    ep_rew_mean            | 1.19e+05 |
| time/                     |          |
|    fps                    | 1578     |
|    time_elapsed           | 240      |
|    total_timesteps        | 380000   |
| train/                    |          |
|    explained_variance     | 0.0477   |
|    is_line_search_success | 1        |
|    kl_divergence_loss     | 0.00691  |
|    learning_rate          | 0.0013   |
|    n_updates              | 46       |
|    policy_objective       | 0.0254   |
|    std                    | 0.644    |
|    value_loss             | 3.46e+09 |
----------------------------------------
----------------------------------------
| rollout/                  |          |
|    ep_len_mean            | 19.9     |
|    ep_rew_mean            | 1.2e+05  |
| time/                     |          |
|    fps                    | 1580     |
|    time_elapsed           | 246      |
|    total_timesteps        | 390000   |
| train/                    |          |
|    explained_variance     | 0.0406   |
|    is_line_search_success | 1        |
|    kl_divergence_loss     | 0.00708  |
|    learning_rate          | 0.0013   |
|    n_updates              | 47       |
|    policy_objective       | 0.0258   |
|    std                    | 0.64     |
|    value_loss             | 3.03e+09 |
----------------------------------------
----------------------------------------
| rollout/                  |          |
|    ep_len_mean            | 59.2     |
|    ep_rew_mean            | 8.91e+04 |
| time/                     |          |
|    fps                    | 1582     |
|    time_elapsed           | 252      |
|    total_timesteps        | 400000   |
| train/                    |          |
|    explained_variance     | 0.0588   |
|    is_line_search_success | 1        |
|    kl_divergence_loss     | 0.00747  |
|    learning_rate          | 0.0013   |
|    n_updates              | 48       |
|    policy_objective       | 0.0198   |
|    std                    | 0.638    |
|    value_loss             | 3e+09    |
----------------------------------------
----------------------------------------
| rollout/                  |          |
|    ep_len_mean            | 30.3     |
|    ep_rew_mean            | 1.17e+05 |
| time/                     |          |
|    fps                    | 1574     |
|    time_elapsed           | 260      |
|    total_timesteps        | 410000   |
| train/                    |          |
|    explained_variance     | 0.0553   |
|    is_line_search_success | 1        |
|    kl_divergence_loss     | 0.00645  |
|    learning_rate          | 0.0013   |
|    n_updates              | 50       |
|    policy_objective       | 0.0249   |
|    std                    | 0.628    |
|    value_loss             | 3.42e+09 |
----------------------------------------
----------------------------------------
| rollout/                  |          |
|    ep_len_mean            | 30.3     |
|    ep_rew_mean            | 1.14e+05 |
| time/                     |          |
|    fps                    | 1575     |
|    time_elapsed           | 266      |
|    total_timesteps        | 420000   |
| train/                    |          |
|    explained_variance     | 0.0885   |
|    is_line_search_success | 1        |
|    kl_divergence_loss     | 0.0096   |
|    learning_rate          | 0.0013   |
|    n_updates              | 51       |
|    policy_objective       | 0.0213   |
|    std                    | 0.623    |
|    value_loss             | 3.24e+09 |
----------------------------------------
----------------------------------------
| rollout/                  |          |
|    ep_len_mean            | 34.1     |
|    ep_rew_mean            | 1.15e+05 |
| time/                     |          |
|    fps                    | 1577     |
|    time_elapsed           | 272      |
|    total_timesteps        | 430000   |
| train/                    |          |
|    explained_variance     | 0.0681   |
|    is_line_search_success | 1        |
|    kl_divergence_loss     | 0.00838  |
|    learning_rate          | 0.0013   |
|    n_updates              | 52       |
|    policy_objective       | 0.0233   |
|    std                    | 0.62     |
|    value_loss             | 2.34e+09 |
----------------------------------------
----------------------------------------
| rollout/                  |          |
|    ep_len_mean            | 19.6     |
|    ep_rew_mean            | 1.25e+05 |
| time/                     |          |
|    fps                    | 1578     |
|    time_elapsed           | 278      |
|    total_timesteps        | 440000   |
| train/                    |          |
|    explained_variance     | 0.104    |
|    is_line_search_success | 1        |
|    kl_divergence_loss     | 0.00664  |
|    learning_rate          | 0.0013   |
|    n_updates              | 53       |
|    policy_objective       | 0.0231   |
|    std                    | 0.618    |
|    value_loss             | 1.76e+09 |
----------------------------------------
----------------------------------------
| rollout/                  |          |
|    ep_len_mean            | 39.4     |
|    ep_rew_mean            | 1.15e+05 |
| time/                     |          |
|    fps                    | 1579     |
|    time_elapsed           | 284      |
|    total_timesteps        | 450000   |
| train/                    |          |
|    explained_variance     | 0.081    |
|    is_line_search_success | 1        |
|    kl_divergence_loss     | 0.00653  |
|    learning_rate          | 0.0013   |
|    n_updates              | 54       |
|    policy_objective       | 0.0255   |
|    std                    | 0.614    |
|    value_loss             | 3.71e+09 |
----------------------------------------
----------------------------------------
| rollout/                  |          |
|    ep_len_mean            | 21.9     |
|    ep_rew_mean            | 1.2e+05  |
| time/                     |          |
|    fps                    | 1573     |
|    time_elapsed           | 292      |
|    total_timesteps        | 460000   |
| train/                    |          |
|    explained_variance     | 0.0474   |
|    is_line_search_success | 1        |
|    kl_divergence_loss     | 0.00614  |
|    learning_rate          | 0.0013   |
|    n_updates              | 56       |
|    policy_objective       | 0.0158   |
|    std                    | 0.602    |
|    value_loss             | 3.59e+09 |
----------------------------------------
----------------------------------------
| rollout/                  |          |
|    ep_len_mean            | 37.5     |
|    ep_rew_mean            | 1.09e+05 |
| time/                     |          |
|    fps                    | 1574     |
|    time_elapsed           | 298      |
|    total_timesteps        | 470000   |
| train/                    |          |
|    explained_variance     | 0.0727   |
|    is_line_search_success | 1        |
|    kl_divergence_loss     | 0.00842  |
|    learning_rate          | 0.0013   |
|    n_updates              | 57       |
|    policy_objective       | 0.0224   |
|    std                    | 0.599    |
|    value_loss             | 2.11e+09 |
----------------------------------------
----------------------------------------
| rollout/                  |          |
|    ep_len_mean            | 28.7     |
|    ep_rew_mean            | 1.18e+05 |
| time/                     |          |
|    fps                    | 1576     |
|    time_elapsed           | 304      |
|    total_timesteps        | 480000   |
| train/                    |          |
|    explained_variance     | 0.104    |
|    is_line_search_success | 1        |
|    kl_divergence_loss     | 0.00734  |
|    learning_rate          | 0.0013   |
|    n_updates              | 58       |
|    policy_objective       | 0.0276   |
|    std                    | 0.597    |
|    value_loss             | 2.67e+09 |
----------------------------------------
----------------------------------------
| rollout/                  |          |
|    ep_len_mean            | 17.6     |
|    ep_rew_mean            | 1.23e+05 |
| time/                     |          |
|    fps                    | 1577     |
|    time_elapsed           | 310      |
|    total_timesteps        | 490000   |
| train/                    |          |
|    explained_variance     | 0.0877   |
|    is_line_search_success | 1        |
|    kl_divergence_loss     | 0.00878  |
|    learning_rate          | 0.0013   |
|    n_updates              | 59       |
|    policy_objective       | 0.0253   |
|    std                    | 0.598    |
|    value_loss             | 3.03e+09 |
----------------------------------------
----------------------------------------
| rollout/                  |          |
|    ep_len_mean            | 31       |
|    ep_rew_mean            | 1.13e+05 |
| time/                     |          |
|    fps                    | 1571     |
|    time_elapsed           | 318      |
|    total_timesteps        | 500000   |
| train/                    |          |
|    explained_variance     | 0.0935   |
|    is_line_search_success | 1        |
|    kl_divergence_loss     | 0.00822  |
|    learning_rate          | 0.0013   |
|    n_updates              | 61       |
|    policy_objective       | 0.0287   |
|    std                    | 0.597    |
|    value_loss             | 2.97e+09 |
----------------------------------------
----------------------------------------
| rollout/                  |          |
|    ep_len_mean            | 26.9     |
|    ep_rew_mean            | 1.2e+05  |
| time/                     |          |
|    fps                    | 1571     |
|    time_elapsed           | 324      |
|    total_timesteps        | 510000   |
| train/                    |          |
|    explained_variance     | 0.0791   |
|    is_line_search_success | 1        |
|    kl_divergence_loss     | 0.00639  |
|    learning_rate          | 0.0013   |
|    n_updates              | 62       |
|    policy_objective       | 0.0242   |
|    std                    | 0.595    |
|    value_loss             | 4.31e+09 |
----------------------------------------
----------------------------------------
| rollout/                  |          |
|    ep_len_mean            | 17.6     |
|    ep_rew_mean            | 1.29e+05 |
| time/                     |          |
|    fps                    | 1572     |
|    time_elapsed           | 330      |
|    total_timesteps        | 520000   |
| train/                    |          |
|    explained_variance     | 0.0213   |
|    is_line_search_success | 1        |
|    kl_divergence_loss     | 0.00821  |
|    learning_rate          | 0.0013   |
|    n_updates              | 63       |
|    policy_objective       | 0.0247   |
|    std                    | 0.594    |
|    value_loss             | 4.06e+09 |
----------------------------------------
----------------------------------------
| rollout/                  |          |
|    ep_len_mean            | 36.9     |
|    ep_rew_mean            | 1.2e+05  |
| time/                     |          |
|    fps                    | 1573     |
|    time_elapsed           | 336      |
|    total_timesteps        | 530000   |
| train/                    |          |
|    explained_variance     | 0        |
|    is_line_search_success | 1        |
|    kl_divergence_loss     | 0.00617  |
|    learning_rate          | 0.0013   |
|    n_updates              | 64       |
|    policy_objective       | 0.0194   |
|    std                    | 0.596    |
|    value_loss             | 4.25e+09 |
----------------------------------------
----------------------------------------
| rollout/                  |          |
|    ep_len_mean            | 16.8     |
|    ep_rew_mean            | 1.26e+05 |
| time/                     |          |
|    fps                    | 1574     |
|    time_elapsed           | 342      |
|    total_timesteps        | 540000   |
| train/                    |          |
|    explained_variance     | 0.0262   |
|    is_line_search_success | 1        |
|    kl_divergence_loss     | 0.00802  |
|    learning_rate          | 0.0013   |
|    n_updates              | 65       |
|    policy_objective       | 0.0202   |
|    std                    | 0.593    |
|    value_loss             | 2.33e+09 |
----------------------------------------
----------------------------------------
| rollout/                  |          |
|    ep_len_mean            | 19.3     |
|    ep_rew_mean            | 1.24e+05 |
| time/                     |          |
|    fps                    | 1568     |
|    time_elapsed           | 350      |
|    total_timesteps        | 550000   |
| train/                    |          |
|    explained_variance     | 0.0227   |
|    is_line_search_success | 1        |
|    kl_divergence_loss     | 0.00904  |
|    learning_rate          | 0.0013   |
|    n_updates              | 67       |
|    policy_objective       | 0.0188   |
|    std                    | 0.589    |
|    value_loss             | 3.54e+09 |
----------------------------------------
----------------------------------------
| rollout/                  |          |
|    ep_len_mean            | 17.1     |
|    ep_rew_mean            | 1.29e+05 |
| time/                     |          |
|    fps                    | 1569     |
|    time_elapsed           | 356      |
|    total_timesteps        | 560000   |
| train/                    |          |
|    explained_variance     | 0.00433  |
|    is_line_search_success | 1        |
|    kl_divergence_loss     | 0.00929  |
|    learning_rate          | 0.0013   |
|    n_updates              | 68       |
|    policy_objective       | 0.0221   |
|    std                    | 0.587    |
|    value_loss             | 3.08e+09 |
----------------------------------------
----------------------------------------
| rollout/                  |          |
|    ep_len_mean            | 26.6     |
|    ep_rew_mean            | 1.27e+05 |
| time/                     |          |
|    fps                    | 1570     |
|    time_elapsed           | 363      |
|    total_timesteps        | 570000   |
| train/                    |          |
|    explained_variance     | 0.101    |
|    is_line_search_success | 1        |
|    kl_divergence_loss     | 0.00947  |
|    learning_rate          | 0.0013   |
|    n_updates              | 69       |
|    policy_objective       | 0.0225   |
|    std                    | 0.587    |
|    value_loss             | 4.29e+09 |
----------------------------------------
----------------------------------------
| rollout/                  |          |
|    ep_len_mean            | 25.9     |
|    ep_rew_mean            | 1.28e+05 |
| time/                     |          |
|    fps                    | 1570     |
|    time_elapsed           | 369      |
|    total_timesteps        | 580000   |
| train/                    |          |
|    explained_variance     | 0.0137   |
|    is_line_search_success | 1        |
|    kl_divergence_loss     | 0.00867  |
|    learning_rate          | 0.0013   |
|    n_updates              | 70       |
|    policy_objective       | 0.0236   |
|    std                    | 0.586    |
|    value_loss             | 4.31e+09 |
----------------------------------------
----------------------------------------
| rollout/                  |          |
|    ep_len_mean            | 29.1     |
|    ep_rew_mean            | 1.28e+05 |
| time/                     |          |
|    fps                    | 1564     |
|    time_elapsed           | 377      |
|    total_timesteps        | 590000   |
| train/                    |          |
|    explained_variance     | 0.07     |
|    is_line_search_success | 1        |
|    kl_divergence_loss     | 0.0071   |
|    learning_rate          | 0.0013   |
|    n_updates              | 72       |
|    policy_objective       | 0.0166   |
|    std                    | 0.584    |
|    value_loss             | 3.93e+09 |
----------------------------------------
----------------------------------------
| rollout/                  |          |
|    ep_len_mean            | 17.2     |
|    ep_rew_mean            | 1.3e+05  |
| time/                     |          |
|    fps                    | 1565     |
|    time_elapsed           | 383      |
|    total_timesteps        | 600000   |
| train/                    |          |
|    explained_variance     | 0        |
|    is_line_search_success | 1        |
|    kl_divergence_loss     | 0.00995  |
|    learning_rate          | 0.0013   |
|    n_updates              | 73       |
|    policy_objective       | 0.0311   |
|    std                    | 0.58     |
|    value_loss             | 5.13e+09 |
----------------------------------------
----------------------------------------
| rollout/                  |          |
|    ep_len_mean            | 15.9     |
|    ep_rew_mean            | 1.31e+05 |
| time/                     |          |
|    fps                    | 1566     |
|    time_elapsed           | 389      |
|    total_timesteps        | 610000   |
| train/                    |          |
|    explained_variance     | 0.0259   |
|    is_line_search_success | 1        |
|    kl_divergence_loss     | 0.0061   |
|    learning_rate          | 0.0013   |
|    n_updates              | 74       |
|    policy_objective       | 0.0142   |
|    std                    | 0.578    |
|    value_loss             | 3.43e+09 |
----------------------------------------
----------------------------------------
| rollout/                  |          |
|    ep_len_mean            | 16.6     |
|    ep_rew_mean            | 1.29e+05 |
| time/                     |          |
|    fps                    | 1567     |
|    time_elapsed           | 395      |
|    total_timesteps        | 620000   |
| train/                    |          |
|    explained_variance     | 0.0799   |
|    is_line_search_success | 1        |
|    kl_divergence_loss     | 0.00868  |
|    learning_rate          | 0.0013   |
|    n_updates              | 75       |
|    policy_objective       | 0.0282   |
|    std                    | 0.576    |
|    value_loss             | 3.92e+09 |
----------------------------------------
----------------------------------------
| rollout/                  |          |
|    ep_len_mean            | 16.5     |
|    ep_rew_mean            | 1.3e+05  |
| time/                     |          |
|    fps                    | 1567     |
|    time_elapsed           | 401      |
|    total_timesteps        | 630000   |
| train/                    |          |
|    explained_variance     | 0.103    |
|    is_line_search_success | 1        |
|    kl_divergence_loss     | 0.00618  |
|    learning_rate          | 0.0013   |
|    n_updates              | 76       |
|    policy_objective       | 0.0233   |
|    std                    | 0.573    |
|    value_loss             | 3.81e+09 |
----------------------------------------
----------------------------------------
| rollout/                  |          |
|    ep_len_mean            | 16.7     |
|    ep_rew_mean            | 1.31e+05 |
| time/                     |          |
|    fps                    | 1562     |
|    time_elapsed           | 409      |
|    total_timesteps        | 640000   |
| train/                    |          |
|    explained_variance     | 0.097    |
|    is_line_search_success | 1        |
|    kl_divergence_loss     | 0.00649  |
|    learning_rate          | 0.0013   |
|    n_updates              | 78       |
|    policy_objective       | 0.0257   |
|    std                    | 0.565    |
|    value_loss             | 4.62e+09 |
----------------------------------------
----------------------------------------
| rollout/                  |          |
|    ep_len_mean            | 20.2     |
|    ep_rew_mean            | 1.26e+05 |
| time/                     |          |
|    fps                    | 1563     |
|    time_elapsed           | 415      |
|    total_timesteps        | 650000   |
| train/                    |          |
|    explained_variance     | 0.0721   |
|    is_line_search_success | 1        |
|    kl_divergence_loss     | 0.00722  |
|    learning_rate          | 0.0013   |
|    n_updates              | 79       |
|    policy_objective       | 0.0205   |
|    std                    | 0.562    |
|    value_loss             | 4.99e+09 |
----------------------------------------
----------------------------------------
| rollout/                  |          |
|    ep_len_mean            | 24.2     |
|    ep_rew_mean            | 1.27e+05 |
| time/                     |          |
|    fps                    | 1564     |
|    time_elapsed           | 421      |
|    total_timesteps        | 660000   |
| train/                    |          |
|    explained_variance     | 0.118    |
|    is_line_search_success | 1        |
|    kl_divergence_loss     | 0.00789  |
|    learning_rate          | 0.0013   |
|    n_updates              | 80       |
|    policy_objective       | 0.0186   |
|    std                    | 0.562    |
|    value_loss             | 3.77e+09 |
----------------------------------------
----------------------------------------
| rollout/                  |          |
|    ep_len_mean            | 17       |
|    ep_rew_mean            | 1.28e+05 |
| time/                     |          |
|    fps                    | 1564     |
|    time_elapsed           | 428      |
|    total_timesteps        | 670000   |
| train/                    |          |
|    explained_variance     | 0.123    |
|    is_line_search_success | 1        |
|    kl_divergence_loss     | 0.00626  |
|    learning_rate          | 0.0013   |
|    n_updates              | 81       |
|    policy_objective       | 0.0155   |
|    std                    | 0.559    |
|    value_loss             | 3.33e+09 |
----------------------------------------
----------------------------------------
| rollout/                  |          |
|    ep_len_mean            | 44.3     |
|    ep_rew_mean            | 9.32e+04 |
| time/                     |          |
|    fps                    | 1560     |
|    time_elapsed           | 435      |
|    total_timesteps        | 680000   |
| train/                    |          |
|    explained_variance     | 0.143    |
|    is_line_search_success | 1        |
|    kl_divergence_loss     | 0.00733  |
|    learning_rate          | 0.0013   |
|    n_updates              | 83       |
|    policy_objective       | 0.0233   |
|    std                    | 0.55     |
|    value_loss             | 2.72e+09 |
----------------------------------------
----------------------------------------
| rollout/                  |          |
|    ep_len_mean            | 25.9     |
|    ep_rew_mean            | 1.26e+05 |
| time/                     |          |
|    fps                    | 1561     |
|    time_elapsed           | 441      |
|    total_timesteps        | 690000   |
| train/                    |          |
|    explained_variance     | 0.159    |
|    is_line_search_success | 1        |
|    kl_divergence_loss     | 0.00873  |
|    learning_rate          | 0.0013   |
|    n_updates              | 84       |
|    policy_objective       | 0.023    |
|    std                    | 0.55     |
|    value_loss             | 3.5e+09  |
----------------------------------------
----------------------------------------
| rollout/                  |          |
|    ep_len_mean            | 25.4     |
|    ep_rew_mean            | 1.26e+05 |
| time/                     |          |
|    fps                    | 1562     |
|    time_elapsed           | 447      |
|    total_timesteps        | 700000   |
| train/                    |          |
|    explained_variance     | 0.0539   |
|    is_line_search_success | 1        |
|    kl_divergence_loss     | 0.00871  |
|    learning_rate          | 0.0013   |
|    n_updates              | 85       |
|    policy_objective       | 0.0244   |
|    std                    | 0.546    |
|    value_loss             | 3.91e+09 |
----------------------------------------
----------------------------------------
| rollout/                  |          |
|    ep_len_mean            | 25.6     |
|    ep_rew_mean            | 1.29e+05 |
| time/                     |          |
|    fps                    | 1563     |
|    time_elapsed           | 454      |
|    total_timesteps        | 710000   |
| train/                    |          |
|    explained_variance     | 0.00167  |
|    is_line_search_success | 1        |
|    kl_divergence_loss     | 0.00855  |
|    learning_rate          | 0.0013   |
|    n_updates              | 86       |
|    policy_objective       | 0.0263   |
|    std                    | 0.544    |
|    value_loss             | 4.59e+09 |
----------------------------------------
----------------------------------------
| rollout/                  |          |
|    ep_len_mean            | 15.7     |
|    ep_rew_mean            | 1.3e+05  |
| time/                     |          |
|    fps                    | 1563     |
|    time_elapsed           | 460      |
|    total_timesteps        | 720000   |
| train/                    |          |
|    explained_variance     | 0.0248   |
|    is_line_search_success | 1        |
|    kl_divergence_loss     | 0.0091   |
|    learning_rate          | 0.0013   |
|    n_updates              | 87       |
|    policy_objective       | 0.0158   |
|    std                    | 0.538    |
|    value_loss             | 3.94e+09 |
----------------------------------------
----------------------------------------
| rollout/                  |          |
|    ep_len_mean            | 14.9     |
|    ep_rew_mean            | 1.3e+05  |
| time/                     |          |
|    fps                    | 1558     |
|    time_elapsed           | 468      |
|    total_timesteps        | 730000   |
| train/                    |          |
|    explained_variance     | 0        |
|    is_line_search_success | 1        |
|    kl_divergence_loss     | 0.00785  |
|    learning_rate          | 0.0013   |
|    n_updates              | 89       |
|    policy_objective       | 0.0251   |
|    std                    | 0.532    |
|    value_loss             | 5.18e+09 |
----------------------------------------
----------------------------------------
| rollout/                  |          |
|    ep_len_mean            | 14.5     |
|    ep_rew_mean            | 1.31e+05 |
| time/                     |          |
|    fps                    | 1559     |
|    time_elapsed           | 474      |
|    total_timesteps        | 740000   |
| train/                    |          |
|    explained_variance     | 0        |
|    is_line_search_success | 1        |
|    kl_divergence_loss     | 0.00713  |
|    learning_rate          | 0.0013   |
|    n_updates              | 90       |
|    policy_objective       | 0.0309   |
|    std                    | 0.528    |
|    value_loss             | 5.41e+09 |
----------------------------------------
----------------------------------------
| rollout/                  |          |
|    ep_len_mean            | 14.8     |
|    ep_rew_mean            | 1.32e+05 |
| time/                     |          |
|    fps                    | 1559     |
|    time_elapsed           | 480      |
|    total_timesteps        | 750000   |
| train/                    |          |
|    explained_variance     | 0        |
|    is_line_search_success | 1        |
|    kl_divergence_loss     | 0.00669  |
|    learning_rate          | 0.0013   |
|    n_updates              | 91       |
|    policy_objective       | 0.0161   |
|    std                    | 0.526    |
|    value_loss             | 5.61e+09 |
----------------------------------------
----------------------------------------
| rollout/                  |          |
|    ep_len_mean            | 24.7     |
|    ep_rew_mean            | 8.41e+04 |
| time/                     |          |
|    fps                    | 1559     |
|    time_elapsed           | 487      |
|    total_timesteps        | 760000   |
| train/                    |          |
|    explained_variance     | 8.94e-07 |
|    is_line_search_success | 1        |
|    kl_divergence_loss     | 0.00608  |
|    learning_rate          | 0.0013   |
|    n_updates              | 92       |
|    policy_objective       | 0.0196   |
|    std                    | 0.522    |
|    value_loss             | 5.43e+09 |
----------------------------------------
----------------------------------------
| rollout/                  |          |
|    ep_len_mean            | 14.8     |
|    ep_rew_mean            | 1.31e+05 |
| time/                     |          |
|    fps                    | 1560     |
|    time_elapsed           | 493      |
|    total_timesteps        | 770000   |
| train/                    |          |
|    explained_variance     | 0.0803   |
|    is_line_search_success | 1        |
|    kl_divergence_loss     | 0.00735  |
|    learning_rate          | 0.0013   |
|    n_updates              | 93       |
|    policy_objective       | 0.018    |
|    std                    | 0.52     |
|    value_loss             | 6.26e+09 |
----------------------------------------
----------------------------------------
| rollout/                  |          |
|    ep_len_mean            | 14.3     |
|    ep_rew_mean            | 1.32e+05 |
| time/                     |          |
|    fps                    | 1556     |
|    time_elapsed           | 501      |
|    total_timesteps        | 780000   |
| train/                    |          |
|    explained_variance     | 0.121    |
|    is_line_search_success | 1        |
|    kl_divergence_loss     | 0.00952  |
|    learning_rate          | 0.0013   |
|    n_updates              | 95       |
|    policy_objective       | 0.0299   |
|    std                    | 0.519    |
|    value_loss             | 5.2e+09  |
----------------------------------------
----------------------------------------
| rollout/                  |          |
|    ep_len_mean            | 14.5     |
|    ep_rew_mean            | 1.31e+05 |
| time/                     |          |
|    fps                    | 1556     |
|    time_elapsed           | 507      |
|    total_timesteps        | 790000   |
| train/                    |          |
|    explained_variance     | 7.45e-06 |
|    is_line_search_success | 1        |
|    kl_divergence_loss     | 0.00918  |
|    learning_rate          | 0.0013   |
|    n_updates              | 96       |
|    policy_objective       | 0.0202   |
|    std                    | 0.515    |
|    value_loss             | 5.66e+09 |
----------------------------------------
-----------------------------------------
| rollout/                  |           |
|    ep_len_mean            | 13.9      |
|    ep_rew_mean            | 1.33e+05  |
| time/                     |           |
|    fps                    | 1557      |
|    time_elapsed           | 513       |
|    total_timesteps        | 800000    |
| train/                    |           |
|    explained_variance     | -1.19e-07 |
|    is_line_search_success | 1         |
|    kl_divergence_loss     | 0.00851   |
|    learning_rate          | 0.0013    |
|    n_updates              | 97        |
|    policy_objective       | 0.0224    |
|    std                    | 0.511     |
|    value_loss             | 5.58e+09  |
-----------------------------------------
----------------------------------------
| rollout/                  |          |
|    ep_len_mean            | 13.7     |
|    ep_rew_mean            | 1.33e+05 |
| time/                     |          |
|    fps                    | 1557     |
|    time_elapsed           | 520      |
|    total_timesteps        | 810000   |
| train/                    |          |
|    explained_variance     | 0.108    |
|    is_line_search_success | 1        |
|    kl_divergence_loss     | 0.00822  |
|    learning_rate          | 0.0013   |
|    n_updates              | 98       |
|    policy_objective       | 0.0194   |
|    std                    | 0.509    |
|    value_loss             | 5.95e+09 |
----------------------------------------
-----------------------------------------
| rollout/                  |           |
|    ep_len_mean            | 15.3      |
|    ep_rew_mean            | 1.32e+05  |
| time/                     |           |
|    fps                    | 1553      |
|    time_elapsed           | 527       |
|    total_timesteps        | 820000    |
| train/                    |           |
|    explained_variance     | -2.38e-07 |
|    is_line_search_success | 1         |
|    kl_divergence_loss     | 0.00832   |
|    learning_rate          | 0.0013    |
|    n_updates              | 100       |
|    policy_objective       | 0.0199    |
|    std                    | 0.505     |
|    value_loss             | 5.7e+09   |
-----------------------------------------
----------------------------------------
| rollout/                  |          |
|    ep_len_mean            | 14.6     |
|    ep_rew_mean            | 1.31e+05 |
| time/                     |          |
|    fps                    | 1554     |
|    time_elapsed           | 534      |
|    total_timesteps        | 830000   |
| train/                    |          |
|    explained_variance     | 0.172    |
|    is_line_search_success | 1        |
|    kl_divergence_loss     | 0.00805  |
|    learning_rate          | 0.0013   |
|    n_updates              | 101      |
|    policy_objective       | 0.0191   |
|    std                    | 0.506    |
|    value_loss             | 5.02e+09 |
----------------------------------------
----------------------------------------
| rollout/                  |          |
|    ep_len_mean            | 13.8     |
|    ep_rew_mean            | 1.32e+05 |
| time/                     |          |
|    fps                    | 1554     |
|    time_elapsed           | 540      |
|    total_timesteps        | 840000   |
| train/                    |          |
|    explained_variance     | 0.127    |
|    is_line_search_success | 1        |
|    kl_divergence_loss     | 0.00876  |
|    learning_rate          | 0.0013   |
|    n_updates              | 102      |
|    policy_objective       | 0.0242   |
|    std                    | 0.504    |
|    value_loss             | 5.26e+09 |
----------------------------------------
----------------------------------------
| rollout/                  |          |
|    ep_len_mean            | 15.3     |
|    ep_rew_mean            | 1.32e+05 |
| time/                     |          |
|    fps                    | 1554     |
|    time_elapsed           | 546      |
|    total_timesteps        | 850000   |
| train/                    |          |
|    explained_variance     | 0        |
|    is_line_search_success | 1        |
|    kl_divergence_loss     | 0.00663  |
|    learning_rate          | 0.0013   |
|    n_updates              | 103      |
|    policy_objective       | 0.0117   |
|    std                    | 0.5      |
|    value_loss             | 5.27e+09 |
----------------------------------------
-----------------------------------------
| rollout/                  |           |
|    ep_len_mean            | 13.7      |
|    ep_rew_mean            | 1.33e+05  |
| time/                     |           |
|    fps                    | 1555      |
|    time_elapsed           | 552       |
|    total_timesteps        | 860000    |
| train/                    |           |
|    explained_variance     | -1.19e-07 |
|    is_line_search_success | 1         |
|    kl_divergence_loss     | 0.00604   |
|    learning_rate          | 0.0013    |
|    n_updates              | 104       |
|    policy_objective       | 0.0191    |
|    std                    | 0.5       |
|    value_loss             | 5.51e+09  |
-----------------------------------------
-----------------------------------------
| rollout/                  |           |
|    ep_len_mean            | 13.9      |
|    ep_rew_mean            | 1.32e+05  |
| time/                     |           |
|    fps                    | 1552      |
|    time_elapsed           | 560       |
|    total_timesteps        | 870000    |
| train/                    |           |
|    explained_variance     | -1.19e-07 |
|    is_line_search_success | 1         |
|    kl_divergence_loss     | 0.00641   |
|    learning_rate          | 0.0013    |
|    n_updates              | 106       |
|    policy_objective       | 0.0201    |
|    std                    | 0.499     |
|    value_loss             | 4.25e+09  |
-----------------------------------------
----------------------------------------
| rollout/                  |          |
|    ep_len_mean            | 18.9     |
|    ep_rew_mean            | 1.3e+05  |
| time/                     |          |
|    fps                    | 1553     |
|    time_elapsed           | 566      |
|    total_timesteps        | 880000   |
| train/                    |          |
|    explained_variance     | 0        |
|    is_line_search_success | 1        |
|    kl_divergence_loss     | 0.00701  |
|    learning_rate          | 0.0013   |
|    n_updates              | 107      |
|    policy_objective       | 0.0174   |
|    std                    | 0.498    |
|    value_loss             | 4.32e+09 |
----------------------------------------
----------------------------------------
| rollout/                  |          |
|    ep_len_mean            | 13.6     |
|    ep_rew_mean            | 1.32e+05 |
| time/                     |          |
|    fps                    | 1553     |
|    time_elapsed           | 572      |
|    total_timesteps        | 890000   |
| train/                    |          |
|    explained_variance     | 0        |
|    is_line_search_success | 1        |
|    kl_divergence_loss     | 0.00762  |
|    learning_rate          | 0.0013   |
|    n_updates              | 108      |
|    policy_objective       | 0.025    |
|    std                    | 0.499    |
|    value_loss             | 4.95e+09 |
----------------------------------------
----------------------------------------
| rollout/                  |          |
|    ep_len_mean            | 24       |
|    ep_rew_mean            | 1.29e+05 |
| time/                     |          |
|    fps                    | 1553     |
|    time_elapsed           | 579      |
|    total_timesteps        | 900000   |
| train/                    |          |
|    explained_variance     | 0        |
|    is_line_search_success | 1        |
|    kl_divergence_loss     | 0.00776  |
|    learning_rate          | 0.0013   |
|    n_updates              | 109      |
|    policy_objective       | 0.019    |
|    std                    | 0.497    |
|    value_loss             | 5.81e+09 |
----------------------------------------
----------------------------------------
| rollout/                  |          |
|    ep_len_mean            | 13.5     |
|    ep_rew_mean            | 1.3e+05  |
| time/                     |          |
|    fps                    | 1550     |
|    time_elapsed           | 586      |
|    total_timesteps        | 910000   |
| train/                    |          |
|    explained_variance     | 5.96e-08 |
|    is_line_search_success | 1        |
|    kl_divergence_loss     | 0.00619  |
|    learning_rate          | 0.0013   |
|    n_updates              | 111      |
|    policy_objective       | 0.0263   |
|    std                    | 0.493    |
|    value_loss             | 5.58e+09 |
----------------------------------------
----------------------------------------
| rollout/                  |          |
|    ep_len_mean            | 13.6     |
|    ep_rew_mean            | 1.32e+05 |
| time/                     |          |
|    fps                    | 1550     |
|    time_elapsed           | 593      |
|    total_timesteps        | 920000   |
| train/                    |          |
|    explained_variance     | 0        |
|    is_line_search_success | 1        |
|    kl_divergence_loss     | 0.00676  |
|    learning_rate          | 0.0013   |
|    n_updates              | 112      |
|    policy_objective       | 0.0237   |
|    std                    | 0.488    |
|    value_loss             | 5.68e+09 |
----------------------------------------
----------------------------------------
| rollout/                  |          |
|    ep_len_mean            | 13.8     |
|    ep_rew_mean            | 1.33e+05 |
| time/                     |          |
|    fps                    | 1550     |
|    time_elapsed           | 599      |
|    total_timesteps        | 930000   |
| train/                    |          |
|    explained_variance     | 0        |
|    is_line_search_success | 1        |
|    kl_divergence_loss     | 0.00714  |
|    learning_rate          | 0.0013   |
|    n_updates              | 113      |
|    policy_objective       | 0.0244   |
|    std                    | 0.486    |
|    value_loss             | 5.85e+09 |
----------------------------------------
----------------------------------------
| rollout/                  |          |
|    ep_len_mean            | 13.1     |
|    ep_rew_mean            | 1.33e+05 |
| time/                     |          |
|    fps                    | 1551     |
|    time_elapsed           | 605      |
|    total_timesteps        | 940000   |
| train/                    |          |
|    explained_variance     | 1.19e-07 |
|    is_line_search_success | 1        |
|    kl_divergence_loss     | 0.00876  |
|    learning_rate          | 0.0013   |
|    n_updates              | 114      |
|    policy_objective       | 0.0279   |
|    std                    | 0.481    |
|    value_loss             | 5.85e+09 |
----------------------------------------
----------------------------------------
| rollout/                  |          |
|    ep_len_mean            | 13.2     |
|    ep_rew_mean            | 1.33e+05 |
| time/                     |          |
|    fps                    | 1551     |
|    time_elapsed           | 612      |
|    total_timesteps        | 950000   |
| train/                    |          |
|    explained_variance     | 0        |
|    is_line_search_success | 1        |
|    kl_divergence_loss     | 0.00983  |
|    learning_rate          | 0.0013   |
|    n_updates              | 115      |
|    policy_objective       | 0.0241   |
|    std                    | 0.481    |
|    value_loss             | 5.54e+09 |
----------------------------------------
----------------------------------------
| rollout/                  |          |
|    ep_len_mean            | 13.1     |
|    ep_rew_mean            | 1.33e+05 |
| time/                     |          |
|    fps                    | 1548     |
|    time_elapsed           | 620      |
|    total_timesteps        | 960000   |
| train/                    |          |
|    explained_variance     | 0        |
|    is_line_search_success | 1        |
|    kl_divergence_loss     | 0.00824  |
|    learning_rate          | 0.0013   |
|    n_updates              | 117      |
|    policy_objective       | 0.0226   |
|    std                    | 0.477    |
|    value_loss             | 6.02e+09 |
----------------------------------------
-----------------------------------------
| rollout/                  |           |
|    ep_len_mean            | 13        |
|    ep_rew_mean            | 1.31e+05  |
| time/                     |           |
|    fps                    | 1548      |
|    time_elapsed           | 626       |
|    total_timesteps        | 970000    |
| train/                    |           |
|    explained_variance     | -1.19e-07 |
|    is_line_search_success | 1         |
|    kl_divergence_loss     | 0.00662   |
|    learning_rate          | 0.0013    |
|    n_updates              | 118       |
|    policy_objective       | 0.0229    |
|    std                    | 0.475     |
|    value_loss             | 5.96e+09  |
-----------------------------------------
----------------------------------------
| rollout/                  |          |
|    ep_len_mean            | 13.1     |
|    ep_rew_mean            | 1.34e+05 |
| time/                     |          |
|    fps                    | 1549     |
|    time_elapsed           | 632      |
|    total_timesteps        | 980000   |
| train/                    |          |
|    explained_variance     | 0        |
|    is_line_search_success | 1        |
|    kl_divergence_loss     | 0.00877  |
|    learning_rate          | 0.0013   |
|    n_updates              | 119      |
|    policy_objective       | 0.0163   |
|    std                    | 0.475    |
|    value_loss             | 7.56e+09 |
----------------------------------------
----------------------------------------
| rollout/                  |          |
|    ep_len_mean            | 13       |
|    ep_rew_mean            | 1.33e+05 |
| time/                     |          |
|    fps                    | 1549     |
|    time_elapsed           | 638      |
|    total_timesteps        | 990000   |
| train/                    |          |
|    explained_variance     | 0.131    |
|    is_line_search_success | 1        |
|    kl_divergence_loss     | 0.00797  |
|    learning_rate          | 0.0013   |
|    n_updates              | 120      |
|    policy_objective       | 0.0207   |
|    std                    | 0.472    |
|    value_loss             | 5.92e+09 |
----------------------------------------
----------------------------------------
| rollout/                  |          |
|    ep_len_mean            | 12.8     |
|    ep_rew_mean            | 1.33e+05 |
| time/                     |          |
|    fps                    | 1546     |
|    time_elapsed           | 646      |
|    total_timesteps        | 1000000  |
| train/                    |          |
|    explained_variance     | 1.19e-07 |
|    is_line_search_success | 1        |
|    kl_divergence_loss     | 0.00708  |
|    learning_rate          | 0.0013   |
|    n_updates              | 122      |
|    policy_objective       | 0.017    |
|    std                    | 0.471    |
|    value_loss             | 5.55e+09 |
----------------------------------------
Training ended on Tue Jan 27 16:25:14 2026
Training lasted 0:10:51.507386
