Logging to training_random_logs/2_robots/logs/ARS_set10
Using cpu device
Training started on Tue Jan 27 16:14:03 2026
Experiment configuration: {'algorithm': 'ARS', 'set': 10, 'verbose': 1, 'steps': 1000000, 'num_robots': 2, 'num_envs': 4, 'seed': 33, 'log_steps': 10000, 'resume': False, 'device': 'cpu'}
----------------------------------
| rollout/           |           |
|    ep_len_mean     | 1e+03     |
|    ep_rew_mean     | -1.98e+07 |
| time/              |           |
|    fps             | 3506      |
|    time_elapsed    | 2         |
|    total_timesteps | 10000     |
----------------------------------
----------------------------------
| rollout/           |           |
|    ep_len_mean     | 1e+03     |
|    ep_rew_mean     | -1.98e+07 |
| time/              |           |
|    fps             | 3691      |
|    time_elapsed    | 5         |
|    total_timesteps | 20000     |
----------------------------------
----------------------------------
| rollout/           |           |
|    ep_len_mean     | 781       |
|    ep_rew_mean     | -1.55e+07 |
| time/              |           |
|    fps             | 3755      |
|    time_elapsed    | 7         |
|    total_timesteps | 30000     |
----------------------------------
----------------------------------
| rollout/           |           |
|    ep_len_mean     | 821       |
|    ep_rew_mean     | -1.62e+07 |
| time/              |           |
|    fps             | 3789      |
|    time_elapsed    | 10        |
|    total_timesteps | 40000     |
----------------------------------
---------------------------------
| rollout/           |          |
|    ep_len_mean     | 860      |
|    ep_rew_mean     | -1.7e+07 |
| time/              |          |
|    fps             | 3817     |
|    time_elapsed    | 13       |
|    total_timesteps | 50000    |
---------------------------------
---------------------------------
| rollout/           |          |
|    return_std      | 6.68e+06 |
| time/              |          |
|    fps             | 3779     |
|    time_elapsed    | 15       |
|    total_timesteps | 60000    |
| train/             |          |
|    delta_std       | 0.05     |
|    iterations      | 0        |
|    learning_rate   | 0.0018   |
|    step_size       | 3.37e-11 |
---------------------------------
----------------------------------
| rollout/           |           |
|    ep_len_mean     | 1e+03     |
|    ep_rew_mean     | -1.98e+07 |
| time/              |           |
|    fps             | 3801      |
|    time_elapsed    | 18        |
|    total_timesteps | 70000     |
----------------------------------
----------------------------------
| rollout/           |           |
|    ep_len_mean     | 1e+03     |
|    ep_rew_mean     | -1.98e+07 |
| time/              |           |
|    fps             | 3818      |
|    time_elapsed    | 20        |
|    total_timesteps | 80000     |
----------------------------------
----------------------------------
| rollout/           |           |
|    ep_len_mean     | 890       |
|    ep_rew_mean     | -1.76e+07 |
| time/              |           |
|    fps             | 3831      |
|    time_elapsed    | 23        |
|    total_timesteps | 90000     |
----------------------------------
---------------------------------
| rollout/           |          |
|    ep_len_mean     | 910      |
|    ep_rew_mean     | -1.8e+07 |
| time/              |          |
|    fps             | 3843     |
|    time_elapsed    | 26       |
|    total_timesteps | 100000   |
---------------------------------
----------------------------------
| rollout/           |           |
|    ep_len_mean     | 930       |
|    ep_rew_mean     | -1.84e+07 |
| time/              |           |
|    fps             | 3852      |
|    time_elapsed    | 28        |
|    total_timesteps | 110000    |
----------------------------------
---------------------------------
| rollout/           |          |
|    return_std      | 4.92e+06 |
| time/              |          |
|    fps             | 3856     |
|    time_elapsed    | 31       |
|    total_timesteps | 120000   |
| train/             |          |
|    delta_std       | 0.05     |
|    iterations      | 1        |
|    learning_rate   | 0.0018   |
|    step_size       | 4.57e-11 |
---------------------------------
----------------------------------
| rollout/           |           |
|    ep_len_mean     | 1e+03     |
|    ep_rew_mean     | -1.99e+07 |
| time/              |           |
|    fps             | 3862      |
|    time_elapsed    | 33        |
|    total_timesteps | 130000    |
----------------------------------
----------------------------------
| rollout/           |           |
|    ep_len_mean     | 1e+03     |
|    ep_rew_mean     | -1.99e+07 |
| time/              |           |
|    fps             | 3867      |
|    time_elapsed    | 36        |
|    total_timesteps | 140000    |
----------------------------------
----------------------------------
| rollout/           |           |
|    ep_len_mean     | 1e+03     |
|    ep_rew_mean     | -1.99e+07 |
| time/              |           |
|    fps             | 3874      |
|    time_elapsed    | 38        |
|    total_timesteps | 150000    |
----------------------------------
----------------------------------
| rollout/           |           |
|    ep_len_mean     | 1e+03     |
|    ep_rew_mean     | -1.98e+07 |
| time/              |           |
|    fps             | 3878      |
|    time_elapsed    | 41        |
|    total_timesteps | 160000    |
----------------------------------
----------------------------------
| rollout/           |           |
|    ep_len_mean     | 1e+03     |
|    ep_rew_mean     | -1.98e+07 |
| time/              |           |
|    fps             | 3880      |
|    time_elapsed    | 43        |
|    total_timesteps | 170000    |
----------------------------------
----------------------------------
| rollout/           |           |
|    ep_len_mean     | 1e+03     |
|    ep_rew_mean     | -1.98e+07 |
| time/              |           |
|    fps             | 3884      |
|    time_elapsed    | 46        |
|    total_timesteps | 180000    |
----------------------------------
----------------------------------
| rollout/           |           |
|    ep_len_mean     | 1e+03     |
|    ep_rew_mean     | -1.98e+07 |
|    return_std      | 2.58e+05  |
| time/              |           |
|    fps             | 3886      |
|    time_elapsed    | 48        |
|    total_timesteps | 190000    |
| train/             |           |
|    delta_std       | 0.05      |
|    iterations      | 2         |
|    learning_rate   | 0.0018    |
|    step_size       | 8.72e-10  |
----------------------------------
----------------------------------
| rollout/           |           |
|    ep_len_mean     | 1e+03     |
|    ep_rew_mean     | -1.98e+07 |
| time/              |           |
|    fps             | 3888      |
|    time_elapsed    | 51        |
|    total_timesteps | 200000    |
----------------------------------
----------------------------------
| rollout/           |           |
|    ep_len_mean     | 877       |
|    ep_rew_mean     | -1.74e+07 |
| time/              |           |
|    fps             | 3891      |
|    time_elapsed    | 53        |
|    total_timesteps | 210000    |
----------------------------------
----------------------------------
| rollout/           |           |
|    ep_len_mean     | 902       |
|    ep_rew_mean     | -1.78e+07 |
| time/              |           |
|    fps             | 3892      |
|    time_elapsed    | 56        |
|    total_timesteps | 220000    |
----------------------------------
----------------------------------
| rollout/           |           |
|    ep_len_mean     | 924       |
|    ep_rew_mean     | -1.83e+07 |
| time/              |           |
|    fps             | 3892      |
|    time_elapsed    | 59        |
|    total_timesteps | 230000    |
----------------------------------
----------------------------------
| rollout/           |           |
|    ep_len_mean     | 934       |
|    ep_rew_mean     | -1.85e+07 |
| time/              |           |
|    fps             | 3894      |
|    time_elapsed    | 61        |
|    total_timesteps | 240000    |
----------------------------------
----------------------------------
| rollout/           |           |
|    ep_len_mean     | 1e+03     |
|    ep_rew_mean     | -1.99e+07 |
|    return_std      | 4.92e+06  |
| time/              |           |
|    fps             | 3896      |
|    time_elapsed    | 64        |
|    total_timesteps | 250000    |
| train/             |           |
|    delta_std       | 0.05      |
|    iterations      | 3         |
|    learning_rate   | 0.0018    |
|    step_size       | 4.57e-11  |
----------------------------------
----------------------------------
| rollout/           |           |
|    ep_len_mean     | 1e+03     |
|    ep_rew_mean     | -1.99e+07 |
| time/              |           |
|    fps             | 3897      |
|    time_elapsed    | 66        |
|    total_timesteps | 260000    |
----------------------------------
----------------------------------
| rollout/           |           |
|    ep_len_mean     | 1e+03     |
|    ep_rew_mean     | -1.97e+07 |
| time/              |           |
|    fps             | 3898      |
|    time_elapsed    | 69        |
|    total_timesteps | 270000    |
----------------------------------
----------------------------------
| rollout/           |           |
|    ep_len_mean     | 1e+03     |
|    ep_rew_mean     | -1.98e+07 |
| time/              |           |
|    fps             | 3900      |
|    time_elapsed    | 71        |
|    total_timesteps | 280000    |
----------------------------------
----------------------------------
| rollout/           |           |
|    ep_len_mean     | 925       |
|    ep_rew_mean     | -1.75e+07 |
| time/              |           |
|    fps             | 3902      |
|    time_elapsed    | 74        |
|    total_timesteps | 290000    |
----------------------------------
----------------------------------
| rollout/           |           |
|    ep_len_mean     | 935       |
|    ep_rew_mean     | -1.78e+07 |
| time/              |           |
|    fps             | 3903      |
|    time_elapsed    | 76        |
|    total_timesteps | 300000    |
----------------------------------
----------------------------------
| rollout/           |           |
|    ep_len_mean     | 1e+03     |
|    ep_rew_mean     | -1.98e+07 |
|    return_std      | 5.36e+06  |
| time/              |           |
|    fps             | 3903      |
|    time_elapsed    | 79        |
|    total_timesteps | 310000    |
| train/             |           |
|    delta_std       | 0.05      |
|    iterations      | 4         |
|    learning_rate   | 0.0018    |
|    step_size       | 4.19e-11  |
----------------------------------
----------------------------------
| rollout/           |           |
|    ep_len_mean     | 1e+03     |
|    ep_rew_mean     | -1.98e+07 |
| time/              |           |
|    fps             | 3904      |
|    time_elapsed    | 81        |
|    total_timesteps | 320000    |
----------------------------------
----------------------------------
| rollout/           |           |
|    ep_len_mean     | 1e+03     |
|    ep_rew_mean     | -1.98e+07 |
| time/              |           |
|    fps             | 3904      |
|    time_elapsed    | 84        |
|    total_timesteps | 330000    |
----------------------------------
----------------------------------
| rollout/           |           |
|    ep_len_mean     | 902       |
|    ep_rew_mean     | -1.78e+07 |
| time/              |           |
|    fps             | 3905      |
|    time_elapsed    | 87        |
|    total_timesteps | 340000    |
----------------------------------
----------------------------------
| rollout/           |           |
|    ep_len_mean     | 924       |
|    ep_rew_mean     | -1.83e+07 |
| time/              |           |
|    fps             | 3906      |
|    time_elapsed    | 89        |
|    total_timesteps | 350000    |
----------------------------------
----------------------------------
| rollout/           |           |
|    ep_len_mean     | 934       |
|    ep_rew_mean     | -1.85e+07 |
| time/              |           |
|    fps             | 3907      |
|    time_elapsed    | 92        |
|    total_timesteps | 360000    |
----------------------------------
----------------------------------
| rollout/           |           |
|    ep_len_mean     | 1e+03     |
|    ep_rew_mean     | -1.98e+07 |
|    return_std      | 4.93e+06  |
| time/              |           |
|    fps             | 3907      |
|    time_elapsed    | 94        |
|    total_timesteps | 370000    |
| train/             |           |
|    delta_std       | 0.05      |
|    iterations      | 5         |
|    learning_rate   | 0.0018    |
|    step_size       | 4.56e-11  |
----------------------------------
----------------------------------
| rollout/           |           |
|    ep_len_mean     | 1e+03     |
|    ep_rew_mean     | -1.97e+07 |
| time/              |           |
|    fps             | 3907      |
|    time_elapsed    | 97        |
|    total_timesteps | 380000    |
----------------------------------
----------------------------------
| rollout/           |           |
|    ep_len_mean     | 877       |
|    ep_rew_mean     | -1.73e+07 |
| time/              |           |
|    fps             | 3908      |
|    time_elapsed    | 99        |
|    total_timesteps | 390000    |
----------------------------------
----------------------------------
| rollout/           |           |
|    ep_len_mean     | 901       |
|    ep_rew_mean     | -1.79e+07 |
| time/              |           |
|    fps             | 3909      |
|    time_elapsed    | 102       |
|    total_timesteps | 400000    |
----------------------------------
----------------------------------
| rollout/           |           |
|    ep_len_mean     | 924       |
|    ep_rew_mean     | -1.81e+07 |
| time/              |           |
|    fps             | 3910      |
|    time_elapsed    | 104       |
|    total_timesteps | 410000    |
----------------------------------
----------------------------------
| rollout/           |           |
|    ep_len_mean     | 934       |
|    ep_rew_mean     | -1.83e+07 |
| time/              |           |
|    fps             | 3911      |
|    time_elapsed    | 107       |
|    total_timesteps | 420000    |
----------------------------------
----------------------------------
| rollout/           |           |
|    ep_len_mean     | 673       |
|    ep_rew_mean     | -1.34e+07 |
|    return_std      | 4.95e+06  |
| time/              |           |
|    fps             | 3913      |
|    time_elapsed    | 109       |
|    total_timesteps | 430000    |
| train/             |           |
|    delta_std       | 0.05      |
|    iterations      | 6         |
|    learning_rate   | 0.0018    |
|    step_size       | 4.55e-11  |
----------------------------------
---------------------------------
| rollout/           |          |
|    ep_len_mean     | 804      |
|    ep_rew_mean     | -1.6e+07 |
| time/              |          |
|    fps             | 3914     |
|    time_elapsed    | 112      |
|    total_timesteps | 440000   |
---------------------------------
----------------------------------
| rollout/           |           |
|    ep_len_mean     | 782       |
|    ep_rew_mean     | -1.55e+07 |
| time/              |           |
|    fps             | 3915      |
|    time_elapsed    | 114       |
|    total_timesteps | 450000    |
----------------------------------
----------------------------------
| rollout/           |           |
|    ep_len_mean     | 822       |
|    ep_rew_mean     | -1.63e+07 |
| time/              |           |
|    fps             | 3914      |
|    time_elapsed    | 117       |
|    total_timesteps | 460000    |
----------------------------------
----------------------------------
| rollout/           |           |
|    ep_len_mean     | 860       |
|    ep_rew_mean     | -1.71e+07 |
| time/              |           |
|    fps             | 3915      |
|    time_elapsed    | 120       |
|    total_timesteps | 470000    |
----------------------------------
---------------------------------
| rollout/           |          |
|    return_std      | 6.74e+06 |
| time/              |          |
|    fps             | 3916     |
|    time_elapsed    | 122      |
|    total_timesteps | 480000   |
| train/             |          |
|    delta_std       | 0.05     |
|    iterations      | 7        |
|    learning_rate   | 0.0018   |
|    step_size       | 3.34e-11 |
---------------------------------
----------------------------------
| rollout/           |           |
|    ep_len_mean     | 1e+03     |
|    ep_rew_mean     | -1.98e+07 |
| time/              |           |
|    fps             | 3917      |
|    time_elapsed    | 125       |
|    total_timesteps | 490000    |
----------------------------------
----------------------------------
| rollout/           |           |
|    ep_len_mean     | 1e+03     |
|    ep_rew_mean     | -1.98e+07 |
| time/              |           |
|    fps             | 3918      |
|    time_elapsed    | 127       |
|    total_timesteps | 500000    |
----------------------------------
----------------------------------
| rollout/           |           |
|    ep_len_mean     | 1e+03     |
|    ep_rew_mean     | -1.98e+07 |
| time/              |           |
|    fps             | 3919      |
|    time_elapsed    | 130       |
|    total_timesteps | 510000    |
----------------------------------
----------------------------------
| rollout/           |           |
|    ep_len_mean     | 1e+03     |
|    ep_rew_mean     | -1.98e+07 |
| time/              |           |
|    fps             | 3919      |
|    time_elapsed    | 132       |
|    total_timesteps | 520000    |
----------------------------------
----------------------------------
| rollout/           |           |
|    ep_len_mean     | 1e+03     |
|    ep_rew_mean     | -1.98e+07 |
| time/              |           |
|    fps             | 3920      |
|    time_elapsed    | 135       |
|    total_timesteps | 530000    |
----------------------------------
----------------------------------
| rollout/           |           |
|    ep_len_mean     | 1e+03     |
|    ep_rew_mean     | -1.98e+07 |
| time/              |           |
|    fps             | 3921      |
|    time_elapsed    | 137       |
|    total_timesteps | 540000    |
----------------------------------
----------------------------------
| rollout/           |           |
|    ep_len_mean     | 1e+03     |
|    ep_rew_mean     | -1.99e+07 |
|    return_std      | 1.23e+05  |
| time/              |           |
|    fps             | 3921      |
|    time_elapsed    | 140       |
|    total_timesteps | 550000    |
| train/             |           |
|    delta_std       | 0.05      |
|    iterations      | 8         |
|    learning_rate   | 0.0018    |
|    step_size       | 1.82e-09  |
----------------------------------
----------------------------------
| rollout/           |           |
|    ep_len_mean     | 1e+03     |
|    ep_rew_mean     | -1.99e+07 |
| time/              |           |
|    fps             | 3921      |
|    time_elapsed    | 142       |
|    total_timesteps | 560000    |
----------------------------------
----------------------------------
| rollout/           |           |
|    ep_len_mean     | 1e+03     |
|    ep_rew_mean     | -1.99e+07 |
| time/              |           |
|    fps             | 3921      |
|    time_elapsed    | 145       |
|    total_timesteps | 570000    |
----------------------------------
----------------------------------
| rollout/           |           |
|    ep_len_mean     | 1e+03     |
|    ep_rew_mean     | -1.99e+07 |
| time/              |           |
|    fps             | 3921      |
|    time_elapsed    | 147       |
|    total_timesteps | 580000    |
----------------------------------
----------------------------------
| rollout/           |           |
|    ep_len_mean     | 1e+03     |
|    ep_rew_mean     | -1.99e+07 |
| time/              |           |
|    fps             | 3921      |
|    time_elapsed    | 150       |
|    total_timesteps | 590000    |
----------------------------------
----------------------------------
| rollout/           |           |
|    ep_len_mean     | 1e+03     |
|    ep_rew_mean     | -1.99e+07 |
| time/              |           |
|    fps             | 3922      |
|    time_elapsed    | 152       |
|    total_timesteps | 600000    |
----------------------------------
----------------------------------
| rollout/           |           |
|    ep_len_mean     | 1e+03     |
|    ep_rew_mean     | -1.98e+07 |
|    return_std      | 1.17e+05  |
| time/              |           |
|    fps             | 3922      |
|    time_elapsed    | 155       |
|    total_timesteps | 610000    |
| train/             |           |
|    delta_std       | 0.05      |
|    iterations      | 9         |
|    learning_rate   | 0.0018    |
|    step_size       | 1.93e-09  |
----------------------------------
----------------------------------
| rollout/           |           |
|    ep_len_mean     | 1e+03     |
|    ep_rew_mean     | -1.99e+07 |
| time/              |           |
|    fps             | 3922      |
|    time_elapsed    | 158       |
|    total_timesteps | 620000    |
----------------------------------
----------------------------------
| rollout/           |           |
|    ep_len_mean     | 1e+03     |
|    ep_rew_mean     | -1.99e+07 |
| time/              |           |
|    fps             | 3922      |
|    time_elapsed    | 160       |
|    total_timesteps | 630000    |
----------------------------------
----------------------------------
| rollout/           |           |
|    ep_len_mean     | 1e+03     |
|    ep_rew_mean     | -1.99e+07 |
| time/              |           |
|    fps             | 3923      |
|    time_elapsed    | 163       |
|    total_timesteps | 640000    |
----------------------------------
----------------------------------
| rollout/           |           |
|    ep_len_mean     | 1e+03     |
|    ep_rew_mean     | -1.99e+07 |
| time/              |           |
|    fps             | 3923      |
|    time_elapsed    | 165       |
|    total_timesteps | 650000    |
----------------------------------
----------------------------------
| rollout/           |           |
|    ep_len_mean     | 1e+03     |
|    ep_rew_mean     | -1.99e+07 |
| time/              |           |
|    fps             | 3923      |
|    time_elapsed    | 168       |
|    total_timesteps | 660000    |
----------------------------------
---------------------------------
| rollout/           |          |
|    return_std      | 6.97e+04 |
| time/              |          |
|    fps             | 3924     |
|    time_elapsed    | 170      |
|    total_timesteps | 670000   |
| train/             |          |
|    delta_std       | 0.05     |
|    iterations      | 10       |
|    learning_rate   | 0.0018   |
|    step_size       | 3.23e-09 |
---------------------------------
----------------------------------
| rollout/           |           |
|    ep_len_mean     | 1e+03     |
|    ep_rew_mean     | -1.99e+07 |
| time/              |           |
|    fps             | 3924      |
|    time_elapsed    | 173       |
|    total_timesteps | 680000    |
----------------------------------
----------------------------------
| rollout/           |           |
|    ep_len_mean     | 1e+03     |
|    ep_rew_mean     | -1.99e+07 |
| time/              |           |
|    fps             | 3924      |
|    time_elapsed    | 175       |
|    total_timesteps | 690000    |
----------------------------------
----------------------------------
| rollout/           |           |
|    ep_len_mean     | 1e+03     |
|    ep_rew_mean     | -1.99e+07 |
| time/              |           |
|    fps             | 3923      |
|    time_elapsed    | 178       |
|    total_timesteps | 700000    |
----------------------------------
----------------------------------
| rollout/           |           |
|    ep_len_mean     | 1e+03     |
|    ep_rew_mean     | -1.98e+07 |
| time/              |           |
|    fps             | 3923      |
|    time_elapsed    | 180       |
|    total_timesteps | 710000    |
----------------------------------
----------------------------------
| rollout/           |           |
|    ep_len_mean     | 1e+03     |
|    ep_rew_mean     | -1.98e+07 |
| time/              |           |
|    fps             | 3923      |
|    time_elapsed    | 183       |
|    total_timesteps | 720000    |
----------------------------------
----------------------------------
| rollout/           |           |
|    ep_len_mean     | 1e+03     |
|    ep_rew_mean     | -1.98e+07 |
| time/              |           |
|    fps             | 3923      |
|    time_elapsed    | 186       |
|    total_timesteps | 730000    |
----------------------------------
----------------------------------
| rollout/           |           |
|    ep_len_mean     | 1e+03     |
|    ep_rew_mean     | -1.97e+07 |
|    return_std      | 1.31e+05  |
| time/              |           |
|    fps             | 3923      |
|    time_elapsed    | 188       |
|    total_timesteps | 740000    |
| train/             |           |
|    delta_std       | 0.05      |
|    iterations      | 11        |
|    learning_rate   | 0.0018    |
|    step_size       | 1.72e-09  |
----------------------------------
----------------------------------
| rollout/           |           |
|    ep_len_mean     | 1e+03     |
|    ep_rew_mean     | -1.98e+07 |
| time/              |           |
|    fps             | 3923      |
|    time_elapsed    | 191       |
|    total_timesteps | 750000    |
----------------------------------
----------------------------------
| rollout/           |           |
|    ep_len_mean     | 1e+03     |
|    ep_rew_mean     | -1.98e+07 |
| time/              |           |
|    fps             | 3924      |
|    time_elapsed    | 193       |
|    total_timesteps | 760000    |
----------------------------------
----------------------------------
| rollout/           |           |
|    ep_len_mean     | 1e+03     |
|    ep_rew_mean     | -1.97e+07 |
| time/              |           |
|    fps             | 3924      |
|    time_elapsed    | 196       |
|    total_timesteps | 770000    |
----------------------------------
----------------------------------
| rollout/           |           |
|    ep_len_mean     | 1e+03     |
|    ep_rew_mean     | -1.97e+07 |
| time/              |           |
|    fps             | 3924      |
|    time_elapsed    | 198       |
|    total_timesteps | 780000    |
----------------------------------
----------------------------------
| rollout/           |           |
|    ep_len_mean     | 1e+03     |
|    ep_rew_mean     | -1.98e+07 |
| time/              |           |
|    fps             | 3925      |
|    time_elapsed    | 201       |
|    total_timesteps | 790000    |
----------------------------------
---------------------------------
| rollout/           |          |
|    return_std      | 1.77e+05 |
| time/              |          |
|    fps             | 3925     |
|    time_elapsed    | 203      |
|    total_timesteps | 800000   |
| train/             |          |
|    delta_std       | 0.05     |
|    iterations      | 12       |
|    learning_rate   | 0.0018   |
|    step_size       | 1.27e-09 |
---------------------------------
----------------------------------
| rollout/           |           |
|    ep_len_mean     | 1e+03     |
|    ep_rew_mean     | -1.99e+07 |
| time/              |           |
|    fps             | 3925      |
|    time_elapsed    | 206       |
|    total_timesteps | 810000    |
----------------------------------
----------------------------------
| rollout/           |           |
|    ep_len_mean     | 1e+03     |
|    ep_rew_mean     | -1.98e+07 |
| time/              |           |
|    fps             | 3925      |
|    time_elapsed    | 208       |
|    total_timesteps | 820000    |
----------------------------------
----------------------------------
| rollout/           |           |
|    ep_len_mean     | 1e+03     |
|    ep_rew_mean     | -1.98e+07 |
| time/              |           |
|    fps             | 3925      |
|    time_elapsed    | 211       |
|    total_timesteps | 830000    |
----------------------------------
----------------------------------
| rollout/           |           |
|    ep_len_mean     | 1e+03     |
|    ep_rew_mean     | -1.98e+07 |
| time/              |           |
|    fps             | 3926      |
|    time_elapsed    | 213       |
|    total_timesteps | 840000    |
----------------------------------
----------------------------------
| rollout/           |           |
|    ep_len_mean     | 1e+03     |
|    ep_rew_mean     | -1.98e+07 |
| time/              |           |
|    fps             | 3926      |
|    time_elapsed    | 216       |
|    total_timesteps | 850000    |
----------------------------------
----------------------------------
| rollout/           |           |
|    ep_len_mean     | 1e+03     |
|    ep_rew_mean     | -1.98e+07 |
| time/              |           |
|    fps             | 3926      |
|    time_elapsed    | 219       |
|    total_timesteps | 860000    |
----------------------------------
----------------------------------
| rollout/           |           |
|    ep_len_mean     | 1e+03     |
|    ep_rew_mean     | -1.97e+07 |
|    return_std      | 1.61e+05  |
| time/              |           |
|    fps             | 3926      |
|    time_elapsed    | 221       |
|    total_timesteps | 870000    |
| train/             |           |
|    delta_std       | 0.05      |
|    iterations      | 13        |
|    learning_rate   | 0.0018    |
|    step_size       | 1.4e-09   |
----------------------------------
----------------------------------
| rollout/           |           |
|    ep_len_mean     | 1e+03     |
|    ep_rew_mean     | -1.96e+07 |
| time/              |           |
|    fps             | 3926      |
|    time_elapsed    | 224       |
|    total_timesteps | 880000    |
----------------------------------
----------------------------------
| rollout/           |           |
|    ep_len_mean     | 1e+03     |
|    ep_rew_mean     | -1.96e+07 |
| time/              |           |
|    fps             | 3926      |
|    time_elapsed    | 226       |
|    total_timesteps | 890000    |
----------------------------------
----------------------------------
| rollout/           |           |
|    ep_len_mean     | 1e+03     |
|    ep_rew_mean     | -1.97e+07 |
| time/              |           |
|    fps             | 3926      |
|    time_elapsed    | 229       |
|    total_timesteps | 900000    |
----------------------------------
----------------------------------
| rollout/           |           |
|    ep_len_mean     | 1e+03     |
|    ep_rew_mean     | -1.97e+07 |
| time/              |           |
|    fps             | 3926      |
|    time_elapsed    | 231       |
|    total_timesteps | 910000    |
----------------------------------
----------------------------------
| rollout/           |           |
|    ep_len_mean     | 1e+03     |
|    ep_rew_mean     | -1.98e+07 |
| time/              |           |
|    fps             | 3926      |
|    time_elapsed    | 234       |
|    total_timesteps | 920000    |
----------------------------------
----------------------------------
| rollout/           |           |
|    ep_len_mean     | 1e+03     |
|    ep_rew_mean     | -1.99e+07 |
|    return_std      | 1.71e+05  |
| time/              |           |
|    fps             | 3922      |
|    time_elapsed    | 237       |
|    total_timesteps | 930000    |
| train/             |           |
|    delta_std       | 0.05      |
|    iterations      | 14        |
|    learning_rate   | 0.0018    |
|    step_size       | 1.31e-09  |
----------------------------------
----------------------------------
| rollout/           |           |
|    ep_len_mean     | 1e+03     |
|    ep_rew_mean     | -1.98e+07 |
| time/              |           |
|    fps             | 3921      |
|    time_elapsed    | 239       |
|    total_timesteps | 940000    |
----------------------------------
----------------------------------
| rollout/           |           |
|    ep_len_mean     | 1e+03     |
|    ep_rew_mean     | -1.81e+07 |
| time/              |           |
|    fps             | 3921      |
|    time_elapsed    | 242       |
|    total_timesteps | 950000    |
----------------------------------
----------------------------------
| rollout/           |           |
|    ep_len_mean     | 1e+03     |
|    ep_rew_mean     | -1.86e+07 |
| time/              |           |
|    fps             | 3921      |
|    time_elapsed    | 244       |
|    total_timesteps | 960000    |
----------------------------------
----------------------------------
| rollout/           |           |
|    ep_len_mean     | 1e+03     |
|    ep_rew_mean     | -1.89e+07 |
| time/              |           |
|    fps             | 3921      |
|    time_elapsed    | 247       |
|    total_timesteps | 970000    |
----------------------------------
----------------------------------
| rollout/           |           |
|    ep_len_mean     | 930       |
|    ep_rew_mean     | -1.76e+07 |
| time/              |           |
|    fps             | 3921      |
|    time_elapsed    | 249       |
|    total_timesteps | 980000    |
----------------------------------
----------------------------------
| rollout/           |           |
|    ep_len_mean     | 1e+03     |
|    ep_rew_mean     | -1.98e+07 |
|    return_std      | 5.32e+06  |
| time/              |           |
|    fps             | 3921      |
|    time_elapsed    | 252       |
|    total_timesteps | 990000    |
| train/             |           |
|    delta_std       | 0.05      |
|    iterations      | 15        |
|    learning_rate   | 0.0018    |
|    step_size       | 4.23e-11  |
----------------------------------
----------------------------------
| rollout/           |           |
|    ep_len_mean     | 1e+03     |
|    ep_rew_mean     | -1.91e+07 |
| time/              |           |
|    fps             | 3921      |
|    time_elapsed    | 254       |
|    total_timesteps | 1000000   |
----------------------------------
----------------------------------
| rollout/           |           |
|    ep_len_mean     | 1e+03     |
|    ep_rew_mean     | -1.95e+07 |
| time/              |           |
|    fps             | 3921      |
|    time_elapsed    | 257       |
|    total_timesteps | 1010000   |
----------------------------------
----------------------------------
| rollout/           |           |
|    ep_len_mean     | 1e+03     |
|    ep_rew_mean     | -1.95e+07 |
| time/              |           |
|    fps             | 3920      |
|    time_elapsed    | 260       |
|    total_timesteps | 1020000   |
----------------------------------
----------------------------------
| rollout/           |           |
|    ep_len_mean     | 1e+03     |
|    ep_rew_mean     | -1.96e+07 |
| time/              |           |
|    fps             | 3920      |
|    time_elapsed    | 262       |
|    total_timesteps | 1030000   |
----------------------------------
----------------------------------
| rollout/           |           |
|    ep_len_mean     | 1e+03     |
|    ep_rew_mean     | -1.97e+07 |
| time/              |           |
|    fps             | 3919      |
|    time_elapsed    | 265       |
|    total_timesteps | 1040000   |
----------------------------------
Training ended on Tue Jan 27 16:18:31 2026
Training lasted 0:04:27.551095
