Logging to training_random_logs/2_robots/logs/A2C_set10
Using cpu device
Training started on Tue Jan 27 16:12:27 2026
Experiment configuration: {'algorithm': 'A2C', 'set': 10, 'verbose': 1, 'steps': 1000000, 'num_robots': 2, 'num_envs': 4, 'seed': 33, 'log_steps': 10000, 'resume': False, 'device': 'cpu'}
-------------------------------------
| rollout/              |           |
|    ep_len_mean        | 347       |
|    ep_rew_mean        | -6.88e+05 |
| time/                 |           |
|    fps                | 3394      |
|    time_elapsed       | 2         |
|    total_timesteps    | 10000     |
| train/                |           |
|    entropy_loss       | -8.53     |
|    explained_variance | -6.2e-05  |
|    learning_rate      | 0.0001    |
|    n_updates          | 124       |
|    policy_loss        | -6.2e+04  |
|    std                | 1         |
|    value_loss         | 8.71e+07  |
-------------------------------------
-------------------------------------
| rollout/              |           |
|    ep_len_mean        | 426       |
|    ep_rew_mean        | -7.85e+05 |
| time/                 |           |
|    fps                | 3493      |
|    time_elapsed       | 5         |
|    total_timesteps    | 20000     |
| train/                |           |
|    entropy_loss       | -8.52     |
|    explained_variance | -1.73e-05 |
|    learning_rate      | 0.0001    |
|    n_updates          | 249       |
|    policy_loss        | -1.94e+04 |
|    std                | 1         |
|    value_loss         | 3.19e+07  |
-------------------------------------
-------------------------------------
| rollout/              |           |
|    ep_len_mean        | 443       |
|    ep_rew_mean        | -7.95e+05 |
| time/                 |           |
|    fps                | 3532      |
|    time_elapsed       | 8         |
|    total_timesteps    | 30000     |
| train/                |           |
|    entropy_loss       | -8.52     |
|    explained_variance | -2.94e-05 |
|    learning_rate      | 0.0001    |
|    n_updates          | 374       |
|    policy_loss        | -1e+05    |
|    std                | 1         |
|    value_loss         | 2.89e+08  |
-------------------------------------
-------------------------------------
| rollout/              |           |
|    ep_len_mean        | 459       |
|    ep_rew_mean        | -7.84e+05 |
| time/                 |           |
|    fps                | 3555      |
|    time_elapsed       | 11        |
|    total_timesteps    | 40000     |
| train/                |           |
|    entropy_loss       | -8.52     |
|    explained_variance | -1.69e-05 |
|    learning_rate      | 0.0001    |
|    n_updates          | 499       |
|    policy_loss        | -4.5e+04  |
|    std                | 1         |
|    value_loss         | 6.23e+07  |
-------------------------------------
-------------------------------------
| rollout/              |           |
|    ep_len_mean        | 457       |
|    ep_rew_mean        | -7.52e+05 |
| time/                 |           |
|    fps                | 3563      |
|    time_elapsed       | 14        |
|    total_timesteps    | 50000     |
| train/                |           |
|    entropy_loss       | -8.52     |
|    explained_variance | -7.15e-07 |
|    learning_rate      | 0.0001    |
|    n_updates          | 624       |
|    policy_loss        | -5.75e+04 |
|    std                | 1         |
|    value_loss         | 1.64e+08  |
-------------------------------------
-------------------------------------
| rollout/              |           |
|    ep_len_mean        | 462       |
|    ep_rew_mean        | -7.08e+05 |
| time/                 |           |
|    fps                | 3561      |
|    time_elapsed       | 16        |
|    total_timesteps    | 60000     |
| train/                |           |
|    entropy_loss       | -8.52     |
|    explained_variance | -4.17e-06 |
|    learning_rate      | 0.0001    |
|    n_updates          | 749       |
|    policy_loss        | -7e+04    |
|    std                | 1         |
|    value_loss         | 2.06e+08  |
-------------------------------------
-------------------------------------
| rollout/              |           |
|    ep_len_mean        | 438       |
|    ep_rew_mean        | -6.46e+05 |
| time/                 |           |
|    fps                | 3561      |
|    time_elapsed       | 19        |
|    total_timesteps    | 70000     |
| train/                |           |
|    entropy_loss       | -8.52     |
|    explained_variance | 9.54e-07  |
|    learning_rate      | 0.0001    |
|    n_updates          | 874       |
|    policy_loss        | -3.35e+04 |
|    std                | 1         |
|    value_loss         | 4.17e+07  |
-------------------------------------
-------------------------------------
| rollout/              |           |
|    ep_len_mean        | 404       |
|    ep_rew_mean        | -5.83e+05 |
| time/                 |           |
|    fps                | 3564      |
|    time_elapsed       | 22        |
|    total_timesteps    | 80000     |
| train/                |           |
|    entropy_loss       | -8.52     |
|    explained_variance | 0         |
|    learning_rate      | 0.0001    |
|    n_updates          | 999       |
|    policy_loss        | -9.94e+04 |
|    std                | 1         |
|    value_loss         | 6.31e+08  |
-------------------------------------
-------------------------------------
| rollout/              |           |
|    ep_len_mean        | 405       |
|    ep_rew_mean        | -5.7e+05  |
| time/                 |           |
|    fps                | 3565      |
|    time_elapsed       | 25        |
|    total_timesteps    | 90000     |
| train/                |           |
|    entropy_loss       | -8.52     |
|    explained_variance | -2.62e-06 |
|    learning_rate      | 0.0001    |
|    n_updates          | 1124      |
|    policy_loss        | -4.37e+04 |
|    std                | 1         |
|    value_loss         | 5.84e+07  |
-------------------------------------
-------------------------------------
| rollout/              |           |
|    ep_len_mean        | 361       |
|    ep_rew_mean        | -5e+05    |
| time/                 |           |
|    fps                | 3566      |
|    time_elapsed       | 28        |
|    total_timesteps    | 100000    |
| train/                |           |
|    entropy_loss       | -8.52     |
|    explained_variance | 1.19e-07  |
|    learning_rate      | 0.0001    |
|    n_updates          | 1249      |
|    policy_loss        | -3.48e+04 |
|    std                | 1         |
|    value_loss         | 8.45e+07  |
-------------------------------------
-------------------------------------
| rollout/              |           |
|    ep_len_mean        | 339       |
|    ep_rew_mean        | -4.54e+05 |
| time/                 |           |
|    fps                | 3566      |
|    time_elapsed       | 30        |
|    total_timesteps    | 110000    |
| train/                |           |
|    entropy_loss       | -8.52     |
|    explained_variance | 0         |
|    learning_rate      | 0.0001    |
|    n_updates          | 1374      |
|    policy_loss        | -4.49e+04 |
|    std                | 1         |
|    value_loss         | 5.61e+07  |
-------------------------------------
-------------------------------------
| rollout/              |           |
|    ep_len_mean        | 333       |
|    ep_rew_mean        | -4.27e+05 |
| time/                 |           |
|    fps                | 3566      |
|    time_elapsed       | 33        |
|    total_timesteps    | 120000    |
| train/                |           |
|    entropy_loss       | -8.52     |
|    explained_variance | 5.96e-08  |
|    learning_rate      | 0.0001    |
|    n_updates          | 1499      |
|    policy_loss        | -6.24e+04 |
|    std                | 1         |
|    value_loss         | 9.54e+07  |
-------------------------------------
-------------------------------------
| rollout/              |           |
|    ep_len_mean        | 304       |
|    ep_rew_mean        | -3.82e+05 |
| time/                 |           |
|    fps                | 3564      |
|    time_elapsed       | 36        |
|    total_timesteps    | 130000    |
| train/                |           |
|    entropy_loss       | -8.51     |
|    explained_variance | -2.38e-07 |
|    learning_rate      | 0.0001    |
|    n_updates          | 1624      |
|    policy_loss        | -4.01e+04 |
|    std                | 0.999     |
|    value_loss         | 5.96e+07  |
-------------------------------------
-------------------------------------
| rollout/              |           |
|    ep_len_mean        | 268       |
|    ep_rew_mean        | -3.29e+05 |
| time/                 |           |
|    fps                | 3564      |
|    time_elapsed       | 39        |
|    total_timesteps    | 140000    |
| train/                |           |
|    entropy_loss       | -8.51     |
|    explained_variance | -4.77e-07 |
|    learning_rate      | 0.0001    |
|    n_updates          | 1749      |
|    policy_loss        | -3.33e+04 |
|    std                | 0.999     |
|    value_loss         | 5.76e+07  |
-------------------------------------
-------------------------------------
| rollout/              |           |
|    ep_len_mean        | 275       |
|    ep_rew_mean        | -3.3e+05  |
| time/                 |           |
|    fps                | 3566      |
|    time_elapsed       | 42        |
|    total_timesteps    | 150000    |
| train/                |           |
|    entropy_loss       | -8.51     |
|    explained_variance | 0         |
|    learning_rate      | 0.0001    |
|    n_updates          | 1874      |
|    policy_loss        | -4.62e+04 |
|    std                | 1         |
|    value_loss         | 3.33e+08  |
-------------------------------------
-------------------------------------
| rollout/              |           |
|    ep_len_mean        | 254       |
|    ep_rew_mean        | -3.1e+05  |
| time/                 |           |
|    fps                | 3566      |
|    time_elapsed       | 44        |
|    total_timesteps    | 160000    |
| train/                |           |
|    entropy_loss       | -8.51     |
|    explained_variance | 0         |
|    learning_rate      | 0.0001    |
|    n_updates          | 1999      |
|    policy_loss        | -7.53e+04 |
|    std                | 0.999     |
|    value_loss         | 1.66e+08  |
-------------------------------------
-------------------------------------
| rollout/              |           |
|    ep_len_mean        | 237       |
|    ep_rew_mean        | -2.87e+05 |
| time/                 |           |
|    fps                | 3566      |
|    time_elapsed       | 47        |
|    total_timesteps    | 170000    |
| train/                |           |
|    entropy_loss       | -8.51     |
|    explained_variance | 0         |
|    learning_rate      | 0.0001    |
|    n_updates          | 2124      |
|    policy_loss        | -1.68e+04 |
|    std                | 0.999     |
|    value_loss         | 1.86e+07  |
-------------------------------------
-------------------------------------
| rollout/              |           |
|    ep_len_mean        | 233       |
|    ep_rew_mean        | -2.81e+05 |
| time/                 |           |
|    fps                | 3565      |
|    time_elapsed       | 50        |
|    total_timesteps    | 180000    |
| train/                |           |
|    entropy_loss       | -8.5      |
|    explained_variance | -1.19e-07 |
|    learning_rate      | 0.0001    |
|    n_updates          | 2249      |
|    policy_loss        | -8.1e+04  |
|    std                | 0.999     |
|    value_loss         | 5.51e+08  |
-------------------------------------
-------------------------------------
| rollout/              |           |
|    ep_len_mean        | 218       |
|    ep_rew_mean        | -2.61e+05 |
| time/                 |           |
|    fps                | 3563      |
|    time_elapsed       | 53        |
|    total_timesteps    | 190000    |
| train/                |           |
|    entropy_loss       | -8.5      |
|    explained_variance | -1.19e-07 |
|    learning_rate      | 0.0001    |
|    n_updates          | 2374      |
|    policy_loss        | -6.08e+04 |
|    std                | 0.998     |
|    value_loss         | 8.55e+07  |
-------------------------------------
-------------------------------------
| rollout/              |           |
|    ep_len_mean        | 230       |
|    ep_rew_mean        | -2.68e+05 |
| time/                 |           |
|    fps                | 3562      |
|    time_elapsed       | 56        |
|    total_timesteps    | 200000    |
| train/                |           |
|    entropy_loss       | -8.5      |
|    explained_variance | 5.96e-08  |
|    learning_rate      | 0.0001    |
|    n_updates          | 2499      |
|    policy_loss        | 3.71e+04  |
|    std                | 0.998     |
|    value_loss         | 5.19e+08  |
-------------------------------------
-------------------------------------
| rollout/              |           |
|    ep_len_mean        | 238       |
|    ep_rew_mean        | -2.88e+05 |
| time/                 |           |
|    fps                | 3561      |
|    time_elapsed       | 58        |
|    total_timesteps    | 210000    |
| train/                |           |
|    entropy_loss       | -8.5      |
|    explained_variance | 0         |
|    learning_rate      | 0.0001    |
|    n_updates          | 2624      |
|    policy_loss        | -2.12e+04 |
|    std                | 0.998     |
|    value_loss         | 2.63e+07  |
-------------------------------------
-------------------------------------
| rollout/              |           |
|    ep_len_mean        | 236       |
|    ep_rew_mean        | -2.82e+05 |
| time/                 |           |
|    fps                | 3561      |
|    time_elapsed       | 61        |
|    total_timesteps    | 220000    |
| train/                |           |
|    entropy_loss       | -8.5      |
|    explained_variance | 0         |
|    learning_rate      | 0.0001    |
|    n_updates          | 2749      |
|    policy_loss        | -4.16e+04 |
|    std                | 0.997     |
|    value_loss         | 6.99e+07  |
-------------------------------------
-------------------------------------
| rollout/              |           |
|    ep_len_mean        | 234       |
|    ep_rew_mean        | -2.68e+05 |
| time/                 |           |
|    fps                | 3560      |
|    time_elapsed       | 64        |
|    total_timesteps    | 230000    |
| train/                |           |
|    entropy_loss       | -8.5      |
|    explained_variance | 0         |
|    learning_rate      | 0.0001    |
|    n_updates          | 2874      |
|    policy_loss        | -7.22e+04 |
|    std                | 0.997     |
|    value_loss         | 5.67e+08  |
-------------------------------------
-------------------------------------
| rollout/              |           |
|    ep_len_mean        | 226       |
|    ep_rew_mean        | -2.51e+05 |
| time/                 |           |
|    fps                | 3560      |
|    time_elapsed       | 67        |
|    total_timesteps    | 240000    |
| train/                |           |
|    entropy_loss       | -8.5      |
|    explained_variance | 0         |
|    learning_rate      | 0.0001    |
|    n_updates          | 2999      |
|    policy_loss        | -3.76e+04 |
|    std                | 0.997     |
|    value_loss         | 2.35e+08  |
-------------------------------------
-------------------------------------
| rollout/              |           |
|    ep_len_mean        | 216       |
|    ep_rew_mean        | -2.43e+05 |
| time/                 |           |
|    fps                | 3559      |
|    time_elapsed       | 70        |
|    total_timesteps    | 250000    |
| train/                |           |
|    entropy_loss       | -8.49     |
|    explained_variance | -1.19e-07 |
|    learning_rate      | 0.0001    |
|    n_updates          | 3124      |
|    policy_loss        | -1.39e+05 |
|    std                | 0.997     |
|    value_loss         | 7.85e+08  |
-------------------------------------
-------------------------------------
| rollout/              |           |
|    ep_len_mean        | 214       |
|    ep_rew_mean        | -2.46e+05 |
| time/                 |           |
|    fps                | 3559      |
|    time_elapsed       | 73        |
|    total_timesteps    | 260000    |
| train/                |           |
|    entropy_loss       | -8.49     |
|    explained_variance | 5.96e-08  |
|    learning_rate      | 0.0001    |
|    n_updates          | 3249      |
|    policy_loss        | -9.69e+04 |
|    std                | 0.996     |
|    value_loss         | 5.33e+08  |
-------------------------------------
-------------------------------------
| rollout/              |           |
|    ep_len_mean        | 237       |
|    ep_rew_mean        | -2.63e+05 |
| time/                 |           |
|    fps                | 3558      |
|    time_elapsed       | 75        |
|    total_timesteps    | 270000    |
| train/                |           |
|    entropy_loss       | -8.49     |
|    explained_variance | 0         |
|    learning_rate      | 0.0001    |
|    n_updates          | 3374      |
|    policy_loss        | -6.33e+04 |
|    std                | 0.996     |
|    value_loss         | 2.06e+08  |
-------------------------------------
-------------------------------------
| rollout/              |           |
|    ep_len_mean        | 216       |
|    ep_rew_mean        | -2.44e+05 |
| time/                 |           |
|    fps                | 3556      |
|    time_elapsed       | 78        |
|    total_timesteps    | 280000    |
| train/                |           |
|    entropy_loss       | -8.49     |
|    explained_variance | 0         |
|    learning_rate      | 0.0001    |
|    n_updates          | 3499      |
|    policy_loss        | -9.26e+03 |
|    std                | 0.995     |
|    value_loss         | 9.68e+06  |
-------------------------------------
-------------------------------------
| rollout/              |           |
|    ep_len_mean        | 190       |
|    ep_rew_mean        | -2.2e+05  |
| time/                 |           |
|    fps                | 3555      |
|    time_elapsed       | 81        |
|    total_timesteps    | 290000    |
| train/                |           |
|    entropy_loss       | -8.49     |
|    explained_variance | 0         |
|    learning_rate      | 0.0001    |
|    n_updates          | 3624      |
|    policy_loss        | -4.85e+03 |
|    std                | 0.996     |
|    value_loss         | 1.96e+07  |
-------------------------------------
-------------------------------------
| rollout/              |           |
|    ep_len_mean        | 180       |
|    ep_rew_mean        | -2.09e+05 |
| time/                 |           |
|    fps                | 3554      |
|    time_elapsed       | 84        |
|    total_timesteps    | 300000    |
| train/                |           |
|    entropy_loss       | -8.48     |
|    explained_variance | 0         |
|    learning_rate      | 0.0001    |
|    n_updates          | 3749      |
|    policy_loss        | -3.14e+04 |
|    std                | 0.995     |
|    value_loss         | 3.73e+07  |
-------------------------------------
-------------------------------------
| rollout/              |           |
|    ep_len_mean        | 200       |
|    ep_rew_mean        | -2.19e+05 |
| time/                 |           |
|    fps                | 3553      |
|    time_elapsed       | 87        |
|    total_timesteps    | 310000    |
| train/                |           |
|    entropy_loss       | -8.48     |
|    explained_variance | 0         |
|    learning_rate      | 0.0001    |
|    n_updates          | 3874      |
|    policy_loss        | -3.92e+04 |
|    std                | 0.995     |
|    value_loss         | 5.23e+07  |
-------------------------------------
-------------------------------------
| rollout/              |           |
|    ep_len_mean        | 179       |
|    ep_rew_mean        | -2.09e+05 |
| time/                 |           |
|    fps                | 3552      |
|    time_elapsed       | 90        |
|    total_timesteps    | 320000    |
| train/                |           |
|    entropy_loss       | -8.48     |
|    explained_variance | -1.19e-07 |
|    learning_rate      | 0.0001    |
|    n_updates          | 3999      |
|    policy_loss        | -8.48e+03 |
|    std                | 0.995     |
|    value_loss         | 1.3e+07   |
-------------------------------------
-------------------------------------
| rollout/              |           |
|    ep_len_mean        | 169       |
|    ep_rew_mean        | -2.08e+05 |
| time/                 |           |
|    fps                | 3551      |
|    time_elapsed       | 92        |
|    total_timesteps    | 330000    |
| train/                |           |
|    entropy_loss       | -8.48     |
|    explained_variance | 0         |
|    learning_rate      | 0.0001    |
|    n_updates          | 4124      |
|    policy_loss        | -1.09e+05 |
|    std                | 0.995     |
|    value_loss         | 5.91e+08  |
-------------------------------------
-------------------------------------
| rollout/              |           |
|    ep_len_mean        | 185       |
|    ep_rew_mean        | -2.14e+05 |
| time/                 |           |
|    fps                | 3550      |
|    time_elapsed       | 95        |
|    total_timesteps    | 340000    |
| train/                |           |
|    entropy_loss       | -8.48     |
|    explained_variance | 0         |
|    learning_rate      | 0.0001    |
|    n_updates          | 4249      |
|    policy_loss        | -3.53e+04 |
|    std                | 0.994     |
|    value_loss         | 4.28e+07  |
-------------------------------------
-------------------------------------
| rollout/              |           |
|    ep_len_mean        | 171       |
|    ep_rew_mean        | -2.03e+05 |
| time/                 |           |
|    fps                | 3550      |
|    time_elapsed       | 98        |
|    total_timesteps    | 350000    |
| train/                |           |
|    entropy_loss       | -8.48     |
|    explained_variance | 0         |
|    learning_rate      | 0.0001    |
|    n_updates          | 4374      |
|    policy_loss        | -6.82e+04 |
|    std                | 0.995     |
|    value_loss         | 2.96e+08  |
-------------------------------------
-------------------------------------
| rollout/              |           |
|    ep_len_mean        | 161       |
|    ep_rew_mean        | -2e+05    |
| time/                 |           |
|    fps                | 3549      |
|    time_elapsed       | 101       |
|    total_timesteps    | 360000    |
| train/                |           |
|    entropy_loss       | -8.48     |
|    explained_variance | 0         |
|    learning_rate      | 0.0001    |
|    n_updates          | 4499      |
|    policy_loss        | -1.06e+04 |
|    std                | 0.995     |
|    value_loss         | 8.74e+06  |
-------------------------------------
-------------------------------------
| rollout/              |           |
|    ep_len_mean        | 174       |
|    ep_rew_mean        | -2.04e+05 |
| time/                 |           |
|    fps                | 3545      |
|    time_elapsed       | 104       |
|    total_timesteps    | 370000    |
| train/                |           |
|    entropy_loss       | -8.49     |
|    explained_variance | -1.19e-07 |
|    learning_rate      | 0.0001    |
|    n_updates          | 4624      |
|    policy_loss        | -9.19e+04 |
|    std                | 0.995     |
|    value_loss         | 4.65e+08  |
-------------------------------------
-------------------------------------
| rollout/              |           |
|    ep_len_mean        | 172       |
|    ep_rew_mean        | -2.01e+05 |
| time/                 |           |
|    fps                | 3544      |
|    time_elapsed       | 107       |
|    total_timesteps    | 380000    |
| train/                |           |
|    entropy_loss       | -8.48     |
|    explained_variance | 0         |
|    learning_rate      | 0.0001    |
|    n_updates          | 4749      |
|    policy_loss        | -7.66e+04 |
|    std                | 0.995     |
|    value_loss         | 5.05e+08  |
-------------------------------------
-------------------------------------
| rollout/              |           |
|    ep_len_mean        | 174       |
|    ep_rew_mean        | -2.15e+05 |
| time/                 |           |
|    fps                | 3543      |
|    time_elapsed       | 110       |
|    total_timesteps    | 390000    |
| train/                |           |
|    entropy_loss       | -8.48     |
|    explained_variance | 0         |
|    learning_rate      | 0.0001    |
|    n_updates          | 4874      |
|    policy_loss        | -3.83e+04 |
|    std                | 0.995     |
|    value_loss         | 4.97e+07  |
-------------------------------------
-------------------------------------
| rollout/              |           |
|    ep_len_mean        | 166       |
|    ep_rew_mean        | -2.05e+05 |
| time/                 |           |
|    fps                | 3543      |
|    time_elapsed       | 112       |
|    total_timesteps    | 400000    |
| train/                |           |
|    entropy_loss       | -8.48     |
|    explained_variance | 0         |
|    learning_rate      | 0.0001    |
|    n_updates          | 4999      |
|    policy_loss        | -2.31e+04 |
|    std                | 0.995     |
|    value_loss         | 2.01e+07  |
-------------------------------------
-------------------------------------
| rollout/              |           |
|    ep_len_mean        | 165       |
|    ep_rew_mean        | -1.95e+05 |
| time/                 |           |
|    fps                | 3542      |
|    time_elapsed       | 115       |
|    total_timesteps    | 410000    |
| train/                |           |
|    entropy_loss       | -8.49     |
|    explained_variance | 0         |
|    learning_rate      | 0.0001    |
|    n_updates          | 5124      |
|    policy_loss        | -3.25e+04 |
|    std                | 0.995     |
|    value_loss         | 4.18e+07  |
-------------------------------------
-------------------------------------
| rollout/              |           |
|    ep_len_mean        | 166       |
|    ep_rew_mean        | -1.94e+05 |
| time/                 |           |
|    fps                | 3542      |
|    time_elapsed       | 118       |
|    total_timesteps    | 420000    |
| train/                |           |
|    entropy_loss       | -8.48     |
|    explained_variance | 0         |
|    learning_rate      | 0.0001    |
|    n_updates          | 5249      |
|    policy_loss        | -7.34e+04 |
|    std                | 0.995     |
|    value_loss         | 4.49e+08  |
-------------------------------------
-------------------------------------
| rollout/              |           |
|    ep_len_mean        | 168       |
|    ep_rew_mean        | -2.03e+05 |
| time/                 |           |
|    fps                | 3541      |
|    time_elapsed       | 121       |
|    total_timesteps    | 430000    |
| train/                |           |
|    entropy_loss       | -8.48     |
|    explained_variance | 1.79e-07  |
|    learning_rate      | 0.0001    |
|    n_updates          | 5374      |
|    policy_loss        | -2.93e+04 |
|    std                | 0.995     |
|    value_loss         | 1.44e+08  |
-------------------------------------
-------------------------------------
| rollout/              |           |
|    ep_len_mean        | 148       |
|    ep_rew_mean        | -1.96e+05 |
| time/                 |           |
|    fps                | 3541      |
|    time_elapsed       | 124       |
|    total_timesteps    | 440000    |
| train/                |           |
|    entropy_loss       | -8.48     |
|    explained_variance | 0         |
|    learning_rate      | 0.0001    |
|    n_updates          | 5499      |
|    policy_loss        | -2.57e+04 |
|    std                | 0.994     |
|    value_loss         | 3.15e+07  |
-------------------------------------
-------------------------------------
| rollout/              |           |
|    ep_len_mean        | 160       |
|    ep_rew_mean        | -1.94e+05 |
| time/                 |           |
|    fps                | 3540      |
|    time_elapsed       | 127       |
|    total_timesteps    | 450000    |
| train/                |           |
|    entropy_loss       | -8.48     |
|    explained_variance | 0         |
|    learning_rate      | 0.0001    |
|    n_updates          | 5624      |
|    policy_loss        | -1.16e+04 |
|    std                | 0.994     |
|    value_loss         | 1.22e+07  |
-------------------------------------
-------------------------------------
| rollout/              |           |
|    ep_len_mean        | 157       |
|    ep_rew_mean        | -1.84e+05 |
| time/                 |           |
|    fps                | 3538      |
|    time_elapsed       | 130       |
|    total_timesteps    | 460000    |
| train/                |           |
|    entropy_loss       | -8.47     |
|    explained_variance | 0         |
|    learning_rate      | 0.0001    |
|    n_updates          | 5749      |
|    policy_loss        | -5.96e+04 |
|    std                | 0.993     |
|    value_loss         | 3.26e+08  |
-------------------------------------
-------------------------------------
| rollout/              |           |
|    ep_len_mean        | 181       |
|    ep_rew_mean        | -1.97e+05 |
| time/                 |           |
|    fps                | 3538      |
|    time_elapsed       | 132       |
|    total_timesteps    | 470000    |
| train/                |           |
|    entropy_loss       | -8.47     |
|    explained_variance | 0         |
|    learning_rate      | 0.0001    |
|    n_updates          | 5874      |
|    policy_loss        | -6.07e+04 |
|    std                | 0.993     |
|    value_loss         | 1.78e+08  |
-------------------------------------
-------------------------------------
| rollout/              |           |
|    ep_len_mean        | 184       |
|    ep_rew_mean        | -1.96e+05 |
| time/                 |           |
|    fps                | 3538      |
|    time_elapsed       | 135       |
|    total_timesteps    | 480000    |
| train/                |           |
|    entropy_loss       | -8.47     |
|    explained_variance | 0         |
|    learning_rate      | 0.0001    |
|    n_updates          | 5999      |
|    policy_loss        | -3.5e+03  |
|    std                | 0.993     |
|    value_loss         | 7.2e+06   |
-------------------------------------
-------------------------------------
| rollout/              |           |
|    ep_len_mean        | 154       |
|    ep_rew_mean        | -1.8e+05  |
| time/                 |           |
|    fps                | 3537      |
|    time_elapsed       | 138       |
|    total_timesteps    | 490000    |
| train/                |           |
|    entropy_loss       | -8.47     |
|    explained_variance | 0         |
|    learning_rate      | 0.0001    |
|    n_updates          | 6124      |
|    policy_loss        | -1.28e+04 |
|    std                | 0.993     |
|    value_loss         | 9.89e+06  |
-------------------------------------
-------------------------------------
| rollout/              |           |
|    ep_len_mean        | 145       |
|    ep_rew_mean        | -1.76e+05 |
| time/                 |           |
|    fps                | 3536      |
|    time_elapsed       | 141       |
|    total_timesteps    | 500000    |
| train/                |           |
|    entropy_loss       | -8.47     |
|    explained_variance | 5.96e-08  |
|    learning_rate      | 0.0001    |
|    n_updates          | 6249      |
|    policy_loss        | -1.04e+05 |
|    std                | 0.993     |
|    value_loss         | 6.59e+08  |
-------------------------------------
-------------------------------------
| rollout/              |           |
|    ep_len_mean        | 137       |
|    ep_rew_mean        | -1.72e+05 |
| time/                 |           |
|    fps                | 3536      |
|    time_elapsed       | 144       |
|    total_timesteps    | 510000    |
| train/                |           |
|    entropy_loss       | -8.47     |
|    explained_variance | 0         |
|    learning_rate      | 0.0001    |
|    n_updates          | 6374      |
|    policy_loss        | -3.26e+04 |
|    std                | 0.993     |
|    value_loss         | 2.85e+07  |
-------------------------------------
-------------------------------------
| rollout/              |           |
|    ep_len_mean        | 151       |
|    ep_rew_mean        | -1.8e+05  |
| time/                 |           |
|    fps                | 3535      |
|    time_elapsed       | 147       |
|    total_timesteps    | 520000    |
| train/                |           |
|    entropy_loss       | -8.47     |
|    explained_variance | 0         |
|    learning_rate      | 0.0001    |
|    n_updates          | 6499      |
|    policy_loss        | -9.32e+04 |
|    std                | 0.993     |
|    value_loss         | 5.28e+08  |
-------------------------------------
-------------------------------------
| rollout/              |           |
|    ep_len_mean        | 188       |
|    ep_rew_mean        | -2.04e+05 |
| time/                 |           |
|    fps                | 3535      |
|    time_elapsed       | 149       |
|    total_timesteps    | 530000    |
| train/                |           |
|    entropy_loss       | -8.47     |
|    explained_variance | 0         |
|    learning_rate      | 0.0001    |
|    n_updates          | 6624      |
|    policy_loss        | -4.74e+04 |
|    std                | 0.993     |
|    value_loss         | 6.49e+07  |
-------------------------------------
-------------------------------------
| rollout/              |           |
|    ep_len_mean        | 200       |
|    ep_rew_mean        | -2.07e+05 |
| time/                 |           |
|    fps                | 3534      |
|    time_elapsed       | 152       |
|    total_timesteps    | 540000    |
| train/                |           |
|    entropy_loss       | -8.47     |
|    explained_variance | 0         |
|    learning_rate      | 0.0001    |
|    n_updates          | 6749      |
|    policy_loss        | -5.52e+04 |
|    std                | 0.992     |
|    value_loss         | 4.54e+08  |
-------------------------------------
-------------------------------------
| rollout/              |           |
|    ep_len_mean        | 176       |
|    ep_rew_mean        | -1.87e+05 |
| time/                 |           |
|    fps                | 3531      |
|    time_elapsed       | 155       |
|    total_timesteps    | 550000    |
| train/                |           |
|    entropy_loss       | -8.46     |
|    explained_variance | 0         |
|    learning_rate      | 0.0001    |
|    n_updates          | 6874      |
|    policy_loss        | -9.25e+04 |
|    std                | 0.992     |
|    value_loss         | 6.07e+08  |
-------------------------------------
-------------------------------------
| rollout/              |           |
|    ep_len_mean        | 125       |
|    ep_rew_mean        | -1.58e+05 |
| time/                 |           |
|    fps                | 3530      |
|    time_elapsed       | 158       |
|    total_timesteps    | 560000    |
| train/                |           |
|    entropy_loss       | -8.47     |
|    explained_variance | 0         |
|    learning_rate      | 0.0001    |
|    n_updates          | 6999      |
|    policy_loss        | -5.73e+04 |
|    std                | 0.993     |
|    value_loss         | 4.04e+08  |
-------------------------------------
-------------------------------------
| rollout/              |           |
|    ep_len_mean        | 136       |
|    ep_rew_mean        | -1.67e+05 |
| time/                 |           |
|    fps                | 3529      |
|    time_elapsed       | 161       |
|    total_timesteps    | 570000    |
| train/                |           |
|    entropy_loss       | -8.47     |
|    explained_variance | 0         |
|    learning_rate      | 0.0001    |
|    n_updates          | 7124      |
|    policy_loss        | -3.63e+04 |
|    std                | 0.993     |
|    value_loss         | 2.37e+08  |
-------------------------------------
-------------------------------------
| rollout/              |           |
|    ep_len_mean        | 137       |
|    ep_rew_mean        | -1.6e+05  |
| time/                 |           |
|    fps                | 3529      |
|    time_elapsed       | 164       |
|    total_timesteps    | 580000    |
| train/                |           |
|    entropy_loss       | -8.47     |
|    explained_variance | 0         |
|    learning_rate      | 0.0001    |
|    n_updates          | 7249      |
|    policy_loss        | -2.93e+04 |
|    std                | 0.993     |
|    value_loss         | 3.1e+07   |
-------------------------------------
-------------------------------------
| rollout/              |           |
|    ep_len_mean        | 138       |
|    ep_rew_mean        | -1.6e+05  |
| time/                 |           |
|    fps                | 3529      |
|    time_elapsed       | 167       |
|    total_timesteps    | 590000    |
| train/                |           |
|    entropy_loss       | -8.47     |
|    explained_variance | 0         |
|    learning_rate      | 0.0001    |
|    n_updates          | 7374      |
|    policy_loss        | -1.38e+04 |
|    std                | 0.992     |
|    value_loss         | 1.88e+07  |
-------------------------------------
-------------------------------------
| rollout/              |           |
|    ep_len_mean        | 153       |
|    ep_rew_mean        | -1.69e+05 |
| time/                 |           |
|    fps                | 3528      |
|    time_elapsed       | 170       |
|    total_timesteps    | 600000    |
| train/                |           |
|    entropy_loss       | -8.47     |
|    explained_variance | 0         |
|    learning_rate      | 0.0001    |
|    n_updates          | 7499      |
|    policy_loss        | -2.83e+04 |
|    std                | 0.992     |
|    value_loss         | 2.12e+07  |
-------------------------------------
-------------------------------------
| rollout/              |           |
|    ep_len_mean        | 158       |
|    ep_rew_mean        | -1.77e+05 |
| time/                 |           |
|    fps                | 3528      |
|    time_elapsed       | 172       |
|    total_timesteps    | 610000    |
| train/                |           |
|    entropy_loss       | -8.47     |
|    explained_variance | -1.19e-07 |
|    learning_rate      | 0.0001    |
|    n_updates          | 7624      |
|    policy_loss        | -9.2e+04  |
|    std                | 0.992     |
|    value_loss         | 5.19e+08  |
-------------------------------------
-------------------------------------
| rollout/              |           |
|    ep_len_mean        | 166       |
|    ep_rew_mean        | -1.81e+05 |
| time/                 |           |
|    fps                | 3527      |
|    time_elapsed       | 175       |
|    total_timesteps    | 620000    |
| train/                |           |
|    entropy_loss       | -8.46     |
|    explained_variance | 0         |
|    learning_rate      | 0.0001    |
|    n_updates          | 7749      |
|    policy_loss        | -2.78e+04 |
|    std                | 0.992     |
|    value_loss         | 6.2e+07   |
-------------------------------------
-------------------------------------
| rollout/              |           |
|    ep_len_mean        | 186       |
|    ep_rew_mean        | -1.98e+05 |
| time/                 |           |
|    fps                | 3527      |
|    time_elapsed       | 178       |
|    total_timesteps    | 630000    |
| train/                |           |
|    entropy_loss       | -8.46     |
|    explained_variance | 0         |
|    learning_rate      | 0.0001    |
|    n_updates          | 7874      |
|    policy_loss        | -1.61e+05 |
|    std                | 0.992     |
|    value_loss         | 1.11e+09  |
-------------------------------------
-------------------------------------
| rollout/              |           |
|    ep_len_mean        | 129       |
|    ep_rew_mean        | -1.63e+05 |
| time/                 |           |
|    fps                | 3527      |
|    time_elapsed       | 181       |
|    total_timesteps    | 640000    |
| train/                |           |
|    entropy_loss       | -8.46     |
|    explained_variance | 0         |
|    learning_rate      | 0.0001    |
|    n_updates          | 7999      |
|    policy_loss        | -1.09e+05 |
|    std                | 0.991     |
|    value_loss         | 5.87e+08  |
-------------------------------------
-------------------------------------
| rollout/              |           |
|    ep_len_mean        | 144       |
|    ep_rew_mean        | -1.71e+05 |
| time/                 |           |
|    fps                | 3526      |
|    time_elapsed       | 184       |
|    total_timesteps    | 650000    |
| train/                |           |
|    entropy_loss       | -8.46     |
|    explained_variance | 0         |
|    learning_rate      | 0.0001    |
|    n_updates          | 8124      |
|    policy_loss        | -9.38e+04 |
|    std                | 0.992     |
|    value_loss         | 7.22e+08  |
-------------------------------------
-------------------------------------
| rollout/              |           |
|    ep_len_mean        | 137       |
|    ep_rew_mean        | -1.6e+05  |
| time/                 |           |
|    fps                | 3526      |
|    time_elapsed       | 187       |
|    total_timesteps    | 660000    |
| train/                |           |
|    entropy_loss       | -8.46     |
|    explained_variance | 0         |
|    learning_rate      | 0.0001    |
|    n_updates          | 8249      |
|    policy_loss        | -2.64e+04 |
|    std                | 0.991     |
|    value_loss         | 2.9e+07   |
-------------------------------------
------------------------------------
| rollout/              |          |
|    ep_len_mean        | 143      |
|    ep_rew_mean        | -1.6e+05 |
| time/                 |          |
|    fps                | 3525     |
|    time_elapsed       | 190      |
|    total_timesteps    | 670000   |
| train/                |          |
|    entropy_loss       | -8.46    |
|    explained_variance | 0        |
|    learning_rate      | 0.0001   |
|    n_updates          | 8374     |
|    policy_loss        | -1.2e+05 |
|    std                | 0.991    |
|    value_loss         | 8.78e+08 |
------------------------------------
-------------------------------------
| rollout/              |           |
|    ep_len_mean        | 125       |
|    ep_rew_mean        | -1.52e+05 |
| time/                 |           |
|    fps                | 3525      |
|    time_elapsed       | 192       |
|    total_timesteps    | 680000    |
| train/                |           |
|    entropy_loss       | -8.46     |
|    explained_variance | 0         |
|    learning_rate      | 0.0001    |
|    n_updates          | 8499      |
|    policy_loss        | -8.49e+04 |
|    std                | 0.991     |
|    value_loss         | 5.48e+08  |
-------------------------------------
-------------------------------------
| rollout/              |           |
|    ep_len_mean        | 148       |
|    ep_rew_mean        | -1.61e+05 |
| time/                 |           |
|    fps                | 3524      |
|    time_elapsed       | 195       |
|    total_timesteps    | 690000    |
| train/                |           |
|    entropy_loss       | -8.45     |
|    explained_variance | -1.19e-07 |
|    learning_rate      | 0.0001    |
|    n_updates          | 8624      |
|    policy_loss        | -1.67e+04 |
|    std                | 0.99      |
|    value_loss         | 2.6e+07   |
-------------------------------------
-------------------------------------
| rollout/              |           |
|    ep_len_mean        | 150       |
|    ep_rew_mean        | -1.58e+05 |
| time/                 |           |
|    fps                | 3524      |
|    time_elapsed       | 198       |
|    total_timesteps    | 700000    |
| train/                |           |
|    entropy_loss       | -8.45     |
|    explained_variance | 0         |
|    learning_rate      | 0.0001    |
|    n_updates          | 8749      |
|    policy_loss        | -2.26e+04 |
|    std                | 0.99      |
|    value_loss         | 2.28e+07  |
-------------------------------------
-------------------------------------
| rollout/              |           |
|    ep_len_mean        | 140       |
|    ep_rew_mean        | -1.58e+05 |
| time/                 |           |
|    fps                | 3523      |
|    time_elapsed       | 201       |
|    total_timesteps    | 710000    |
| train/                |           |
|    entropy_loss       | -8.45     |
|    explained_variance | 0         |
|    learning_rate      | 0.0001    |
|    n_updates          | 8874      |
|    policy_loss        | -5.59e+04 |
|    std                | 0.989     |
|    value_loss         | 4.28e+08  |
-------------------------------------
-------------------------------------
| rollout/              |           |
|    ep_len_mean        | 130       |
|    ep_rew_mean        | -1.53e+05 |
| time/                 |           |
|    fps                | 3523      |
|    time_elapsed       | 204       |
|    total_timesteps    | 720000    |
| train/                |           |
|    entropy_loss       | -8.45     |
|    explained_variance | 0         |
|    learning_rate      | 0.0001    |
|    n_updates          | 8999      |
|    policy_loss        | -2.64e+04 |
|    std                | 0.99      |
|    value_loss         | 2.5e+07   |
-------------------------------------
-------------------------------------
| rollout/              |           |
|    ep_len_mean        | 138       |
|    ep_rew_mean        | -1.55e+05 |
| time/                 |           |
|    fps                | 3522      |
|    time_elapsed       | 207       |
|    total_timesteps    | 730000    |
| train/                |           |
|    entropy_loss       | -8.45     |
|    explained_variance | 0         |
|    learning_rate      | 0.0001    |
|    n_updates          | 9124      |
|    policy_loss        | -4.13e+04 |
|    std                | 0.989     |
|    value_loss         | 4.71e+07  |
-------------------------------------
-------------------------------------
| rollout/              |           |
|    ep_len_mean        | 144       |
|    ep_rew_mean        | -1.54e+05 |
| time/                 |           |
|    fps                | 3522      |
|    time_elapsed       | 210       |
|    total_timesteps    | 740000    |
| train/                |           |
|    entropy_loss       | -8.44     |
|    explained_variance | 0         |
|    learning_rate      | 0.0001    |
|    n_updates          | 9249      |
|    policy_loss        | -3.36e+03 |
|    std                | 0.989     |
|    value_loss         | 5.52e+06  |
-------------------------------------
-------------------------------------
| rollout/              |           |
|    ep_len_mean        | 147       |
|    ep_rew_mean        | -1.6e+05  |
| time/                 |           |
|    fps                | 3521      |
|    time_elapsed       | 212       |
|    total_timesteps    | 750000    |
| train/                |           |
|    entropy_loss       | -8.44     |
|    explained_variance | 1.79e-07  |
|    learning_rate      | 0.0001    |
|    n_updates          | 9374      |
|    policy_loss        | -1.27e+05 |
|    std                | 0.988     |
|    value_loss         | 9.94e+08  |
-------------------------------------
-------------------------------------
| rollout/              |           |
|    ep_len_mean        | 147       |
|    ep_rew_mean        | -1.57e+05 |
| time/                 |           |
|    fps                | 3521      |
|    time_elapsed       | 215       |
|    total_timesteps    | 760000    |
| train/                |           |
|    entropy_loss       | -8.44     |
|    explained_variance | 0         |
|    learning_rate      | 0.0001    |
|    n_updates          | 9499      |
|    policy_loss        | -1.01e+05 |
|    std                | 0.988     |
|    value_loss         | 6.62e+08  |
-------------------------------------
-------------------------------------
| rollout/              |           |
|    ep_len_mean        | 144       |
|    ep_rew_mean        | -1.6e+05  |
| time/                 |           |
|    fps                | 3520      |
|    time_elapsed       | 218       |
|    total_timesteps    | 770000    |
| train/                |           |
|    entropy_loss       | -8.44     |
|    explained_variance | -1.19e-07 |
|    learning_rate      | 0.0001    |
|    n_updates          | 9624      |
|    policy_loss        | -1.6e+05  |
|    std                | 0.989     |
|    value_loss         | 1.1e+09   |
-------------------------------------
-------------------------------------
| rollout/              |           |
|    ep_len_mean        | 145       |
|    ep_rew_mean        | -1.54e+05 |
| time/                 |           |
|    fps                | 3520      |
|    time_elapsed       | 221       |
|    total_timesteps    | 780000    |
| train/                |           |
|    entropy_loss       | -8.45     |
|    explained_variance | 1.19e-07  |
|    learning_rate      | 0.0001    |
|    n_updates          | 9749      |
|    policy_loss        | -8.9e+04  |
|    std                | 0.989     |
|    value_loss         | 5.28e+08  |
-------------------------------------
-------------------------------------
| rollout/              |           |
|    ep_len_mean        | 150       |
|    ep_rew_mean        | -1.57e+05 |
| time/                 |           |
|    fps                | 3519      |
|    time_elapsed       | 224       |
|    total_timesteps    | 790000    |
| train/                |           |
|    entropy_loss       | -8.45     |
|    explained_variance | 0         |
|    learning_rate      | 0.0001    |
|    n_updates          | 9874      |
|    policy_loss        | -8.6e+04  |
|    std                | 0.989     |
|    value_loss         | 5.49e+08  |
-------------------------------------
-------------------------------------
| rollout/              |           |
|    ep_len_mean        | 168       |
|    ep_rew_mean        | -1.69e+05 |
| time/                 |           |
|    fps                | 3518      |
|    time_elapsed       | 227       |
|    total_timesteps    | 800000    |
| train/                |           |
|    entropy_loss       | -8.45     |
|    explained_variance | 1.79e-07  |
|    learning_rate      | 0.0001    |
|    n_updates          | 9999      |
|    policy_loss        | -9.21e+04 |
|    std                | 0.989     |
|    value_loss         | 7.29e+08  |
-------------------------------------
-------------------------------------
| rollout/              |           |
|    ep_len_mean        | 123       |
|    ep_rew_mean        | -1.5e+05  |
| time/                 |           |
|    fps                | 3517      |
|    time_elapsed       | 230       |
|    total_timesteps    | 810000    |
| train/                |           |
|    entropy_loss       | -8.45     |
|    explained_variance | 0         |
|    learning_rate      | 0.0001    |
|    n_updates          | 10124     |
|    policy_loss        | -7.49e+03 |
|    std                | 0.99      |
|    value_loss         | 6.94e+06  |
-------------------------------------
-------------------------------------
| rollout/              |           |
|    ep_len_mean        | 145       |
|    ep_rew_mean        | -1.51e+05 |
| time/                 |           |
|    fps                | 3516      |
|    time_elapsed       | 233       |
|    total_timesteps    | 820000    |
| train/                |           |
|    entropy_loss       | -8.45     |
|    explained_variance | 0         |
|    learning_rate      | 0.0001    |
|    n_updates          | 10249     |
|    policy_loss        | -1.71e+04 |
|    std                | 0.99      |
|    value_loss         | 1.3e+07   |
-------------------------------------
-------------------------------------
| rollout/              |           |
|    ep_len_mean        | 158       |
|    ep_rew_mean        | -1.5e+05  |
| time/                 |           |
|    fps                | 3516      |
|    time_elapsed       | 236       |
|    total_timesteps    | 830000    |
| train/                |           |
|    entropy_loss       | -8.45     |
|    explained_variance | 0         |
|    learning_rate      | 0.0001    |
|    n_updates          | 10374     |
|    policy_loss        | -1.22e+05 |
|    std                | 0.99      |
|    value_loss         | 8.45e+08  |
-------------------------------------
-------------------------------------
| rollout/              |           |
|    ep_len_mean        | 147       |
|    ep_rew_mean        | -1.54e+05 |
| time/                 |           |
|    fps                | 3515      |
|    time_elapsed       | 238       |
|    total_timesteps    | 840000    |
| train/                |           |
|    entropy_loss       | -8.45     |
|    explained_variance | 0         |
|    learning_rate      | 0.0001    |
|    n_updates          | 10499     |
|    policy_loss        | -1.59e+04 |
|    std                | 0.989     |
|    value_loss         | 1.36e+07  |
-------------------------------------
-------------------------------------
| rollout/              |           |
|    ep_len_mean        | 142       |
|    ep_rew_mean        | -1.51e+05 |
| time/                 |           |
|    fps                | 3514      |
|    time_elapsed       | 241       |
|    total_timesteps    | 850000    |
| train/                |           |
|    entropy_loss       | -8.45     |
|    explained_variance | 0         |
|    learning_rate      | 0.0001    |
|    n_updates          | 10624     |
|    policy_loss        | -1.07e+04 |
|    std                | 0.99      |
|    value_loss         | 9.86e+06  |
-------------------------------------
-------------------------------------
| rollout/              |           |
|    ep_len_mean        | 139       |
|    ep_rew_mean        | -1.43e+05 |
| time/                 |           |
|    fps                | 3514      |
|    time_elapsed       | 244       |
|    total_timesteps    | 860000    |
| train/                |           |
|    entropy_loss       | -8.45     |
|    explained_variance | 0         |
|    learning_rate      | 0.0001    |
|    n_updates          | 10749     |
|    policy_loss        | -6.26e+03 |
|    std                | 0.99      |
|    value_loss         | 7.16e+06  |
-------------------------------------
-------------------------------------
| rollout/              |           |
|    ep_len_mean        | 135       |
|    ep_rew_mean        | -1.41e+05 |
| time/                 |           |
|    fps                | 3513      |
|    time_elapsed       | 247       |
|    total_timesteps    | 870000    |
| train/                |           |
|    entropy_loss       | -8.45     |
|    explained_variance | 0         |
|    learning_rate      | 0.0001    |
|    n_updates          | 10874     |
|    policy_loss        | -1.65e+03 |
|    std                | 0.99      |
|    value_loss         | 7.57e+06  |
-------------------------------------
-------------------------------------
| rollout/              |           |
|    ep_len_mean        | 132       |
|    ep_rew_mean        | -1.45e+05 |
| time/                 |           |
|    fps                | 3512      |
|    time_elapsed       | 250       |
|    total_timesteps    | 880000    |
| train/                |           |
|    entropy_loss       | -8.45     |
|    explained_variance | 0         |
|    learning_rate      | 0.0001    |
|    n_updates          | 10999     |
|    policy_loss        | -1.82e+05 |
|    std                | 0.99      |
|    value_loss         | 1.09e+09  |
-------------------------------------
-------------------------------------
| rollout/              |           |
|    ep_len_mean        | 118       |
|    ep_rew_mean        | -1.34e+05 |
| time/                 |           |
|    fps                | 3512      |
|    time_elapsed       | 253       |
|    total_timesteps    | 890000    |
| train/                |           |
|    entropy_loss       | -8.45     |
|    explained_variance | 0         |
|    learning_rate      | 0.0001    |
|    n_updates          | 11124     |
|    policy_loss        | -1.21e+05 |
|    std                | 0.99      |
|    value_loss         | 9.36e+08  |
-------------------------------------
-------------------------------------
| rollout/              |           |
|    ep_len_mean        | 125       |
|    ep_rew_mean        | -1.38e+05 |
| time/                 |           |
|    fps                | 3511      |
|    time_elapsed       | 256       |
|    total_timesteps    | 900000    |
| train/                |           |
|    entropy_loss       | -8.45     |
|    explained_variance | -1.19e-07 |
|    learning_rate      | 0.0001    |
|    n_updates          | 11249     |
|    policy_loss        | -7.9e+03  |
|    std                | 0.99      |
|    value_loss         | 1.77e+07  |
-------------------------------------
-------------------------------------
| rollout/              |           |
|    ep_len_mean        | 123       |
|    ep_rew_mean        | -1.38e+05 |
| time/                 |           |
|    fps                | 3510      |
|    time_elapsed       | 259       |
|    total_timesteps    | 910000    |
| train/                |           |
|    entropy_loss       | -8.45     |
|    explained_variance | 0         |
|    learning_rate      | 0.0001    |
|    n_updates          | 11374     |
|    policy_loss        | -8.24e+04 |
|    std                | 0.99      |
|    value_loss         | 5.05e+08  |
-------------------------------------
-------------------------------------
| rollout/              |           |
|    ep_len_mean        | 140       |
|    ep_rew_mean        | -1.46e+05 |
| time/                 |           |
|    fps                | 3510      |
|    time_elapsed       | 262       |
|    total_timesteps    | 920000    |
| train/                |           |
|    entropy_loss       | -8.46     |
|    explained_variance | 0         |
|    learning_rate      | 0.0001    |
|    n_updates          | 11499     |
|    policy_loss        | -1.7e+04  |
|    std                | 0.991     |
|    value_loss         | 1.41e+07  |
-------------------------------------
-------------------------------------
| rollout/              |           |
|    ep_len_mean        | 136       |
|    ep_rew_mean        | -1.44e+05 |
| time/                 |           |
|    fps                | 3509      |
|    time_elapsed       | 265       |
|    total_timesteps    | 930000    |
| train/                |           |
|    entropy_loss       | -8.46     |
|    explained_variance | -1.19e-07 |
|    learning_rate      | 0.0001    |
|    n_updates          | 11624     |
|    policy_loss        | 5.39e+03  |
|    std                | 0.991     |
|    value_loss         | 1.16e+07  |
-------------------------------------
-------------------------------------
| rollout/              |           |
|    ep_len_mean        | 159       |
|    ep_rew_mean        | -1.56e+05 |
| time/                 |           |
|    fps                | 3508      |
|    time_elapsed       | 267       |
|    total_timesteps    | 940000    |
| train/                |           |
|    entropy_loss       | -8.45     |
|    explained_variance | 0         |
|    learning_rate      | 0.0001    |
|    n_updates          | 11749     |
|    policy_loss        | -1.02e+04 |
|    std                | 0.991     |
|    value_loss         | 1.03e+07  |
-------------------------------------
-------------------------------------
| rollout/              |           |
|    ep_len_mean        | 164       |
|    ep_rew_mean        | -1.55e+05 |
| time/                 |           |
|    fps                | 3507      |
|    time_elapsed       | 270       |
|    total_timesteps    | 950000    |
| train/                |           |
|    entropy_loss       | -8.45     |
|    explained_variance | -1.19e-07 |
|    learning_rate      | 0.0001    |
|    n_updates          | 11874     |
|    policy_loss        | -8.91e+04 |
|    std                | 0.99      |
|    value_loss         | 5.34e+08  |
-------------------------------------
-------------------------------------
| rollout/              |           |
|    ep_len_mean        | 136       |
|    ep_rew_mean        | -1.46e+05 |
| time/                 |           |
|    fps                | 3506      |
|    time_elapsed       | 273       |
|    total_timesteps    | 960000    |
| train/                |           |
|    entropy_loss       | -8.45     |
|    explained_variance | -1.19e-07 |
|    learning_rate      | 0.0001    |
|    n_updates          | 11999     |
|    policy_loss        | -1.35e+03 |
|    std                | 0.989     |
|    value_loss         | 1.08e+07  |
-------------------------------------
-------------------------------------
| rollout/              |           |
|    ep_len_mean        | 135       |
|    ep_rew_mean        | -1.45e+05 |
| time/                 |           |
|    fps                | 3505      |
|    time_elapsed       | 276       |
|    total_timesteps    | 970000    |
| train/                |           |
|    entropy_loss       | -8.44     |
|    explained_variance | 0         |
|    learning_rate      | 0.0001    |
|    n_updates          | 12124     |
|    policy_loss        | -1.37e+04 |
|    std                | 0.989     |
|    value_loss         | 1.05e+07  |
-------------------------------------
-------------------------------------
| rollout/              |           |
|    ep_len_mean        | 134       |
|    ep_rew_mean        | -1.4e+05  |
| time/                 |           |
|    fps                | 3505      |
|    time_elapsed       | 279       |
|    total_timesteps    | 980000    |
| train/                |           |
|    entropy_loss       | -8.45     |
|    explained_variance | -2.38e-07 |
|    learning_rate      | 0.0001    |
|    n_updates          | 12249     |
|    policy_loss        | -1.84e+05 |
|    std                | 0.99      |
|    value_loss         | 1.21e+09  |
-------------------------------------
-------------------------------------
| rollout/              |           |
|    ep_len_mean        | 149       |
|    ep_rew_mean        | -1.42e+05 |
| time/                 |           |
|    fps                | 3504      |
|    time_elapsed       | 282       |
|    total_timesteps    | 990000    |
| train/                |           |
|    entropy_loss       | -8.46     |
|    explained_variance | 1.19e-07  |
|    learning_rate      | 0.0001    |
|    n_updates          | 12374     |
|    policy_loss        | -1.58e+04 |
|    std                | 0.991     |
|    value_loss         | 1.1e+07   |
-------------------------------------
------------------------------------
| rollout/              |          |
|    ep_len_mean        | 130      |
|    ep_rew_mean        | -1.4e+05 |
| time/                 |          |
|    fps                | 3503     |
|    time_elapsed       | 285      |
|    total_timesteps    | 1000000  |
| train/                |          |
|    entropy_loss       | -8.46    |
|    explained_variance | 5.96e-08 |
|    learning_rate      | 0.0001   |
|    n_updates          | 12499    |
|    policy_loss        | -4.8e+03 |
|    std                | 0.991    |
|    value_loss         | 6.67e+06 |
------------------------------------
Training ended on Tue Jan 27 16:17:13 2026
Training lasted 0:04:45.435371
