Logging to training_random_logs/2_robots/logs/PPO_set5
Using cpu device
Training started on Tue Jan 27 16:14:15 2026
Experiment configuration: {'algorithm': 'PPO', 'set': 5, 'verbose': 1, 'steps': 1000000, 'num_robots': 2, 'num_envs': 4, 'seed': 33, 'log_steps': 10000, 'resume': False, 'device': 'cpu'}
------------------------------------------
| rollout/                |              |
|    ep_len_mean          | 188          |
|    ep_rew_mean          | -4.82e+05    |
| time/                   |              |
|    fps                  | 1108         |
|    time_elapsed         | 9            |
|    total_timesteps      | 10000        |
| train/                  |              |
|    approx_kl            | 0.0056825597 |
|    clip_fraction        | 0.0312       |
|    clip_range           | 0.2          |
|    entropy_loss         | -8.56        |
|    explained_variance   | 7.15e-07     |
|    learning_rate        | 0.0017       |
|    loss                 | 8.51e+08     |
|    n_updates            | 10           |
|    policy_gradient_loss | -0.00625     |
|    std                  | 1.01         |
|    value_loss           | 1.63e+09     |
------------------------------------------
------------------------------------------
| rollout/                |              |
|    ep_len_mean          | 182          |
|    ep_rew_mean          | -4.62e+05    |
| time/                   |              |
|    fps                  | 1113         |
|    time_elapsed         | 17           |
|    total_timesteps      | 20000        |
| train/                  |              |
|    approx_kl            | 0.0060736127 |
|    clip_fraction        | 0.0452       |
|    clip_range           | 0.2          |
|    entropy_loss         | -8.64        |
|    explained_variance   | 5.96e-08     |
|    learning_rate        | 0.0017       |
|    loss                 | 6.42e+08     |
|    n_updates            | 20           |
|    policy_gradient_loss | -0.00689     |
|    std                  | 1.03         |
|    value_loss           | 1.63e+09     |
------------------------------------------
------------------------------------------
| rollout/                |              |
|    ep_len_mean          | 177          |
|    ep_rew_mean          | -4.19e+05    |
| time/                   |              |
|    fps                  | 1114         |
|    time_elapsed         | 26           |
|    total_timesteps      | 30000        |
| train/                  |              |
|    approx_kl            | 0.0038965782 |
|    clip_fraction        | 0.0189       |
|    clip_range           | 0.2          |
|    entropy_loss         | -8.71        |
|    explained_variance   | 0            |
|    learning_rate        | 0.0017       |
|    loss                 | 7.66e+08     |
|    n_updates            | 30           |
|    policy_gradient_loss | -0.00383     |
|    std                  | 1.04         |
|    value_loss           | 1.29e+09     |
------------------------------------------
------------------------------------------
| rollout/                |              |
|    ep_len_mean          | 160          |
|    ep_rew_mean          | -3.59e+05    |
| time/                   |              |
|    fps                  | 1115         |
|    time_elapsed         | 35           |
|    total_timesteps      | 40000        |
| train/                  |              |
|    approx_kl            | 0.0042423746 |
|    clip_fraction        | 0.0172       |
|    clip_range           | 0.2          |
|    entropy_loss         | -8.78        |
|    explained_variance   | 0            |
|    learning_rate        | 0.0017       |
|    loss                 | 6.48e+08     |
|    n_updates            | 40           |
|    policy_gradient_loss | -0.00349     |
|    std                  | 1.05         |
|    value_loss           | 1.27e+09     |
------------------------------------------
-----------------------------------------
| rollout/                |             |
|    ep_len_mean          | 148         |
|    ep_rew_mean          | -3.22e+05   |
| time/                   |             |
|    fps                  | 1014        |
|    time_elapsed         | 49          |
|    total_timesteps      | 50000       |
| train/                  |             |
|    approx_kl            | 0.005068158 |
|    clip_fraction        | 0.0299      |
|    clip_range           | 0.2         |
|    entropy_loss         | -8.94       |
|    explained_variance   | -1.19e-07   |
|    learning_rate        | 0.0017      |
|    loss                 | 5.09e+08    |
|    n_updates            | 60          |
|    policy_gradient_loss | -0.00416    |
|    std                  | 1.08        |
|    value_loss           | 1.18e+09    |
-----------------------------------------
------------------------------------------
| rollout/                |              |
|    ep_len_mean          | 131          |
|    ep_rew_mean          | -2.83e+05    |
| time/                   |              |
|    fps                  | 1033         |
|    time_elapsed         | 58           |
|    total_timesteps      | 60000        |
| train/                  |              |
|    approx_kl            | 0.0041927677 |
|    clip_fraction        | 0.0178       |
|    clip_range           | 0.2          |
|    entropy_loss         | -9.02        |
|    explained_variance   | 0            |
|    learning_rate        | 0.0017       |
|    loss                 | 4.74e+08     |
|    n_updates            | 70           |
|    policy_gradient_loss | -0.00331     |
|    std                  | 1.09         |
|    value_loss           | 1.18e+09     |
------------------------------------------
-----------------------------------------
| rollout/                |             |
|    ep_len_mean          | 156         |
|    ep_rew_mean          | -3.11e+05   |
| time/                   |             |
|    fps                  | 1047        |
|    time_elapsed         | 66          |
|    total_timesteps      | 70000       |
| train/                  |             |
|    approx_kl            | 0.004665351 |
|    clip_fraction        | 0.0342      |
|    clip_range           | 0.2         |
|    entropy_loss         | -9.1        |
|    explained_variance   | 0           |
|    learning_rate        | 0.0017      |
|    loss                 | 4.61e+08    |
|    n_updates            | 80          |
|    policy_gradient_loss | -0.00411    |
|    std                  | 1.11        |
|    value_loss           | 1.04e+09    |
-----------------------------------------
------------------------------------------
| rollout/                |              |
|    ep_len_mean          | 159          |
|    ep_rew_mean          | -3.13e+05    |
| time/                   |              |
|    fps                  | 1058         |
|    time_elapsed         | 75           |
|    total_timesteps      | 80000        |
| train/                  |              |
|    approx_kl            | 0.0054569887 |
|    clip_fraction        | 0.0296       |
|    clip_range           | 0.2          |
|    entropy_loss         | -9.2         |
|    explained_variance   | 5.96e-08     |
|    learning_rate        | 0.0017       |
|    loss                 | 4.63e+08     |
|    n_updates            | 90           |
|    policy_gradient_loss | -0.00494     |
|    std                  | 1.13         |
|    value_loss           | 1.04e+09     |
------------------------------------------
-----------------------------------------
| rollout/                |             |
|    ep_len_mean          | 131         |
|    ep_rew_mean          | -2.69e+05   |
| time/                   |             |
|    fps                  | 1067        |
|    time_elapsed         | 84          |
|    total_timesteps      | 90000       |
| train/                  |             |
|    approx_kl            | 0.005205394 |
|    clip_fraction        | 0.03        |
|    clip_range           | 0.2         |
|    entropy_loss         | -9.3        |
|    explained_variance   | 5.96e-08    |
|    learning_rate        | 0.0017      |
|    loss                 | 3.45e+08    |
|    n_updates            | 100         |
|    policy_gradient_loss | -0.00389    |
|    std                  | 1.15        |
|    value_loss           | 1.05e+09    |
-----------------------------------------
-----------------------------------------
| rollout/                |             |
|    ep_len_mean          | 124         |
|    ep_rew_mean          | -2.52e+05   |
| time/                   |             |
|    fps                  | 1023        |
|    time_elapsed         | 97          |
|    total_timesteps      | 100000      |
| train/                  |             |
|    approx_kl            | 0.004975724 |
|    clip_fraction        | 0.0233      |
|    clip_range           | 0.2         |
|    entropy_loss         | -9.47       |
|    explained_variance   | 0           |
|    learning_rate        | 0.0017      |
|    loss                 | 6.77e+08    |
|    n_updates            | 120         |
|    policy_gradient_loss | -0.00268    |
|    std                  | 1.18        |
|    value_loss           | 1.07e+09    |
-----------------------------------------
------------------------------------------
| rollout/                |              |
|    ep_len_mean          | 116          |
|    ep_rew_mean          | -2.27e+05    |
| time/                   |              |
|    fps                  | 1032         |
|    time_elapsed         | 106          |
|    total_timesteps      | 110000       |
| train/                  |              |
|    approx_kl            | 0.0050118477 |
|    clip_fraction        | 0.0319       |
|    clip_range           | 0.2          |
|    entropy_loss         | -9.55        |
|    explained_variance   | 0            |
|    learning_rate        | 0.0017       |
|    loss                 | 6.47e+08     |
|    n_updates            | 130          |
|    policy_gradient_loss | -0.00319     |
|    std                  | 1.19         |
|    value_loss           | 1.1e+09      |
------------------------------------------
------------------------------------------
| rollout/                |              |
|    ep_len_mean          | 140          |
|    ep_rew_mean          | -2.57e+05    |
| time/                   |              |
|    fps                  | 1040         |
|    time_elapsed         | 115          |
|    total_timesteps      | 120000       |
| train/                  |              |
|    approx_kl            | 0.0064252894 |
|    clip_fraction        | 0.0353       |
|    clip_range           | 0.2          |
|    entropy_loss         | -9.64        |
|    explained_variance   | 5.96e-08     |
|    learning_rate        | 0.0017       |
|    loss                 | 3.59e+08     |
|    n_updates            | 140          |
|    policy_gradient_loss | -0.004       |
|    std                  | 1.22         |
|    value_loss           | 9.19e+08     |
------------------------------------------
------------------------------------------
| rollout/                |              |
|    ep_len_mean          | 137          |
|    ep_rew_mean          | -2.53e+05    |
| time/                   |              |
|    fps                  | 1047         |
|    time_elapsed         | 124          |
|    total_timesteps      | 130000       |
| train/                  |              |
|    approx_kl            | 0.0059196176 |
|    clip_fraction        | 0.035        |
|    clip_range           | 0.2          |
|    entropy_loss         | -9.75        |
|    explained_variance   | 0            |
|    learning_rate        | 0.0017       |
|    loss                 | 5.16e+08     |
|    n_updates            | 150          |
|    policy_gradient_loss | -0.00428     |
|    std                  | 1.24         |
|    value_loss           | 9.6e+08      |
------------------------------------------
-----------------------------------------
| rollout/                |             |
|    ep_len_mean          | 133         |
|    ep_rew_mean          | -2.36e+05   |
| time/                   |             |
|    fps                  | 1017        |
|    time_elapsed         | 137         |
|    total_timesteps      | 140000      |
| train/                  |             |
|    approx_kl            | 0.005610939 |
|    clip_fraction        | 0.035       |
|    clip_range           | 0.2         |
|    entropy_loss         | -9.96       |
|    explained_variance   | 0           |
|    learning_rate        | 0.0017      |
|    loss                 | 5.15e+08    |
|    n_updates            | 170         |
|    policy_gradient_loss | -0.00298    |
|    std                  | 1.28        |
|    value_loss           | 8.98e+08    |
-----------------------------------------
------------------------------------------
| rollout/                |              |
|    ep_len_mean          | 152          |
|    ep_rew_mean          | -2.56e+05    |
| time/                   |              |
|    fps                  | 1024         |
|    time_elapsed         | 146          |
|    total_timesteps      | 150000       |
| train/                  |              |
|    approx_kl            | 0.0048227627 |
|    clip_fraction        | 0.0317       |
|    clip_range           | 0.2          |
|    entropy_loss         | -10          |
|    explained_variance   | 0            |
|    learning_rate        | 0.0017       |
|    loss                 | 4.5e+08      |
|    n_updates            | 180          |
|    policy_gradient_loss | -0.00345     |
|    std                  | 1.3          |
|    value_loss           | 8.47e+08     |
------------------------------------------
------------------------------------------
| rollout/                |              |
|    ep_len_mean          | 158          |
|    ep_rew_mean          | -2.53e+05    |
| time/                   |              |
|    fps                  | 1030         |
|    time_elapsed         | 155          |
|    total_timesteps      | 160000       |
| train/                  |              |
|    approx_kl            | 0.0058041825 |
|    clip_fraction        | 0.0318       |
|    clip_range           | 0.2          |
|    entropy_loss         | -10.1        |
|    explained_variance   | 5.96e-08     |
|    learning_rate        | 0.0017       |
|    loss                 | 3.83e+08     |
|    n_updates            | 190          |
|    policy_gradient_loss | -0.00297     |
|    std                  | 1.32         |
|    value_loss           | 8.22e+08     |
------------------------------------------
----------------------------------------
| rollout/                |            |
|    ep_len_mean          | 114        |
|    ep_rew_mean          | -2.06e+05  |
| time/                   |            |
|    fps                  | 1036       |
|    time_elapsed         | 164        |
|    total_timesteps      | 170000     |
| train/                  |            |
|    approx_kl            | 0.00527607 |
|    clip_fraction        | 0.0282     |
|    clip_range           | 0.2        |
|    entropy_loss         | -10.2      |
|    explained_variance   | -1.19e-07  |
|    learning_rate        | 0.0017     |
|    loss                 | 4.21e+08   |
|    n_updates            | 200        |
|    policy_gradient_loss | -0.00287   |
|    std                  | 1.35       |
|    value_loss           | 8.85e+08   |
----------------------------------------
------------------------------------------
| rollout/                |              |
|    ep_len_mean          | 121          |
|    ep_rew_mean          | -2.24e+05    |
| time/                   |              |
|    fps                  | 1040         |
|    time_elapsed         | 172          |
|    total_timesteps      | 180000       |
| train/                  |              |
|    approx_kl            | 0.0032925243 |
|    clip_fraction        | 0.0115       |
|    clip_range           | 0.2          |
|    entropy_loss         | -10.3        |
|    explained_variance   | 0            |
|    learning_rate        | 0.0017       |
|    loss                 | 6.67e+08     |
|    n_updates            | 210          |
|    policy_gradient_loss | -0.00218     |
|    std                  | 1.36         |
|    value_loss           | 1.03e+09     |
------------------------------------------
-----------------------------------------
| rollout/                |             |
|    ep_len_mean          | 136         |
|    ep_rew_mean          | -2.17e+05   |
| time/                   |             |
|    fps                  | 1018        |
|    time_elapsed         | 186         |
|    total_timesteps      | 190000      |
| train/                  |             |
|    approx_kl            | 0.004338095 |
|    clip_fraction        | 0.0204      |
|    clip_range           | 0.2         |
|    entropy_loss         | -10.6       |
|    explained_variance   | 0           |
|    learning_rate        | 0.0017      |
|    loss                 | 2.08e+08    |
|    n_updates            | 230         |
|    policy_gradient_loss | -0.00165    |
|    std                  | 1.42        |
|    value_loss           | 8.05e+08    |
-----------------------------------------
-----------------------------------------
| rollout/                |             |
|    ep_len_mean          | 118         |
|    ep_rew_mean          | -2.08e+05   |
| time/                   |             |
|    fps                  | 1023        |
|    time_elapsed         | 195         |
|    total_timesteps      | 200000      |
| train/                  |             |
|    approx_kl            | 0.003930277 |
|    clip_fraction        | 0.0182      |
|    clip_range           | 0.2         |
|    entropy_loss         | -10.7       |
|    explained_variance   | 0           |
|    learning_rate        | 0.0017      |
|    loss                 | 5.9e+08     |
|    n_updates            | 240         |
|    policy_gradient_loss | -0.0015     |
|    std                  | 1.44        |
|    value_loss           | 9.6e+08     |
-----------------------------------------
------------------------------------------
| rollout/                |              |
|    ep_len_mean          | 132          |
|    ep_rew_mean          | -2.16e+05    |
| time/                   |              |
|    fps                  | 1028         |
|    time_elapsed         | 204          |
|    total_timesteps      | 210000       |
| train/                  |              |
|    approx_kl            | 0.0060832575 |
|    clip_fraction        | 0.0309       |
|    clip_range           | 0.2          |
|    entropy_loss         | -10.8        |
|    explained_variance   | 0            |
|    learning_rate        | 0.0017       |
|    loss                 | 3.26e+08     |
|    n_updates            | 250          |
|    policy_gradient_loss | -0.00363     |
|    std                  | 1.47         |
|    value_loss           | 7.68e+08     |
------------------------------------------
-----------------------------------------
| rollout/                |             |
|    ep_len_mean          | 127         |
|    ep_rew_mean          | -2.19e+05   |
| time/                   |             |
|    fps                  | 1032        |
|    time_elapsed         | 213         |
|    total_timesteps      | 220000      |
| train/                  |             |
|    approx_kl            | 0.006498742 |
|    clip_fraction        | 0.0328      |
|    clip_range           | 0.2         |
|    entropy_loss         | -10.9       |
|    explained_variance   | 0           |
|    learning_rate        | 0.0017      |
|    loss                 | 5.69e+08    |
|    n_updates            | 260         |
|    policy_gradient_loss | -0.00314    |
|    std                  | 1.5         |
|    value_loss           | 8.1e+08     |
-----------------------------------------
------------------------------------------
| rollout/                |              |
|    ep_len_mean          | 121          |
|    ep_rew_mean          | -2.05e+05    |
| time/                   |              |
|    fps                  | 1015         |
|    time_elapsed         | 226          |
|    total_timesteps      | 230000       |
| train/                  |              |
|    approx_kl            | 0.0053860196 |
|    clip_fraction        | 0.0244       |
|    clip_range           | 0.2          |
|    entropy_loss         | -11.1        |
|    explained_variance   | 0            |
|    learning_rate        | 0.0017       |
|    loss                 | 3.55e+08     |
|    n_updates            | 280          |
|    policy_gradient_loss | -0.00313     |
|    std                  | 1.56         |
|    value_loss           | 8.38e+08     |
------------------------------------------
------------------------------------------
| rollout/                |              |
|    ep_len_mean          | 123          |
|    ep_rew_mean          | -1.99e+05    |
| time/                   |              |
|    fps                  | 1019         |
|    time_elapsed         | 235          |
|    total_timesteps      | 240000       |
| train/                  |              |
|    approx_kl            | 0.0063783247 |
|    clip_fraction        | 0.0323       |
|    clip_range           | 0.2          |
|    entropy_loss         | -11.3        |
|    explained_variance   | 0            |
|    learning_rate        | 0.0017       |
|    loss                 | 3.72e+08     |
|    n_updates            | 290          |
|    policy_gradient_loss | -0.00346     |
|    std                  | 1.6          |
|    value_loss           | 7.99e+08     |
------------------------------------------
-----------------------------------------
| rollout/                |             |
|    ep_len_mean          | 102         |
|    ep_rew_mean          | -1.91e+05   |
| time/                   |             |
|    fps                  | 1023        |
|    time_elapsed         | 244         |
|    total_timesteps      | 250000      |
| train/                  |             |
|    approx_kl            | 0.004692182 |
|    clip_fraction        | 0.0261      |
|    clip_range           | 0.2         |
|    entropy_loss         | -11.4       |
|    explained_variance   | 0           |
|    learning_rate        | 0.0017      |
|    loss                 | 3.91e+08    |
|    n_updates            | 300         |
|    policy_gradient_loss | -0.00332    |
|    std                  | 1.63        |
|    value_loss           | 9.73e+08    |
-----------------------------------------
------------------------------------------
| rollout/                |              |
|    ep_len_mean          | 121          |
|    ep_rew_mean          | -2.07e+05    |
| time/                   |              |
|    fps                  | 1026         |
|    time_elapsed         | 253          |
|    total_timesteps      | 260000       |
| train/                  |              |
|    approx_kl            | 0.0055236416 |
|    clip_fraction        | 0.031        |
|    clip_range           | 0.2          |
|    entropy_loss         | -11.5        |
|    explained_variance   | 0            |
|    learning_rate        | 0.0017       |
|    loss                 | 3.49e+08     |
|    n_updates            | 310          |
|    policy_gradient_loss | -0.00294     |
|    std                  | 1.66         |
|    value_loss           | 8.3e+08      |
------------------------------------------
------------------------------------------
| rollout/                |              |
|    ep_len_mean          | 130          |
|    ep_rew_mean          | -2.21e+05    |
| time/                   |              |
|    fps                  | 1029         |
|    time_elapsed         | 262          |
|    total_timesteps      | 270000       |
| train/                  |              |
|    approx_kl            | 0.0053956844 |
|    clip_fraction        | 0.0269       |
|    clip_range           | 0.2          |
|    entropy_loss         | -11.6        |
|    explained_variance   | 0            |
|    learning_rate        | 0.0017       |
|    loss                 | 5.14e+08     |
|    n_updates            | 320          |
|    policy_gradient_loss | -0.00243     |
|    std                  | 1.7          |
|    value_loss           | 7.81e+08     |
------------------------------------------
------------------------------------------
| rollout/                |              |
|    ep_len_mean          | 121          |
|    ep_rew_mean          | -1.99e+05    |
| time/                   |              |
|    fps                  | 1015         |
|    time_elapsed         | 275          |
|    total_timesteps      | 280000       |
| train/                  |              |
|    approx_kl            | 0.0056386655 |
|    clip_fraction        | 0.0325       |
|    clip_range           | 0.2          |
|    entropy_loss         | -11.9        |
|    explained_variance   | 5.96e-08     |
|    learning_rate        | 0.0017       |
|    loss                 | 5.15e+08     |
|    n_updates            | 340          |
|    policy_gradient_loss | -0.00307     |
|    std                  | 1.77         |
|    value_loss           | 8.09e+08     |
------------------------------------------
------------------------------------------
| rollout/                |              |
|    ep_len_mean          | 124          |
|    ep_rew_mean          | -2.12e+05    |
| time/                   |              |
|    fps                  | 1018         |
|    time_elapsed         | 284          |
|    total_timesteps      | 290000       |
| train/                  |              |
|    approx_kl            | 0.0057792906 |
|    clip_fraction        | 0.0238       |
|    clip_range           | 0.2          |
|    entropy_loss         | -12          |
|    explained_variance   | 0            |
|    learning_rate        | 0.0017       |
|    loss                 | 5.36e+08     |
|    n_updates            | 350          |
|    policy_gradient_loss | -0.00231     |
|    std                  | 1.82         |
|    value_loss           | 8.01e+08     |
------------------------------------------
------------------------------------------
| rollout/                |              |
|    ep_len_mean          | 124          |
|    ep_rew_mean          | -2.05e+05    |
| time/                   |              |
|    fps                  | 1021         |
|    time_elapsed         | 293          |
|    total_timesteps      | 300000       |
| train/                  |              |
|    approx_kl            | 0.0062970966 |
|    clip_fraction        | 0.0343       |
|    clip_range           | 0.2          |
|    entropy_loss         | -12.2        |
|    explained_variance   | 0            |
|    learning_rate        | 0.0017       |
|    loss                 | 4.01e+08     |
|    n_updates            | 360          |
|    policy_gradient_loss | -0.00344     |
|    std                  | 1.86         |
|    value_loss           | 7.9e+08      |
------------------------------------------
------------------------------------------
| rollout/                |              |
|    ep_len_mean          | 98.4         |
|    ep_rew_mean          | -1.91e+05    |
| time/                   |              |
|    fps                  | 1024         |
|    time_elapsed         | 302          |
|    total_timesteps      | 310000       |
| train/                  |              |
|    approx_kl            | 0.0030598063 |
|    clip_fraction        | 0.01         |
|    clip_range           | 0.2          |
|    entropy_loss         | -12.3        |
|    explained_variance   | 0            |
|    learning_rate        | 0.0017       |
|    loss                 | 3.91e+08     |
|    n_updates            | 370          |
|    policy_gradient_loss | -0.00096     |
|    std                  | 1.89         |
|    value_loss           | 8.47e+08     |
------------------------------------------
-----------------------------------------
| rollout/                |             |
|    ep_len_mean          | 121         |
|    ep_rew_mean          | -2.01e+05   |
| time/                   |             |
|    fps                  | 1012        |
|    time_elapsed         | 316         |
|    total_timesteps      | 320000      |
| train/                  |             |
|    approx_kl            | 0.004182011 |
|    clip_fraction        | 0.0191      |
|    clip_range           | 0.2         |
|    entropy_loss         | -12.5       |
|    explained_variance   | 0           |
|    learning_rate        | 0.0017      |
|    loss                 | 4.13e+08    |
|    n_updates            | 390         |
|    policy_gradient_loss | -0.00214    |
|    std                  | 1.97        |
|    value_loss           | 7.57e+08    |
-----------------------------------------
------------------------------------------
| rollout/                |              |
|    ep_len_mean          | 124          |
|    ep_rew_mean          | -1.97e+05    |
| time/                   |              |
|    fps                  | 1014         |
|    time_elapsed         | 325          |
|    total_timesteps      | 330000       |
| train/                  |              |
|    approx_kl            | 0.0067889267 |
|    clip_fraction        | 0.0347       |
|    clip_range           | 0.2          |
|    entropy_loss         | -12.6        |
|    explained_variance   | 1.19e-07     |
|    learning_rate        | 0.0017       |
|    loss                 | 4.38e+08     |
|    n_updates            | 400          |
|    policy_gradient_loss | -0.00345     |
|    std                  | 2.02         |
|    value_loss           | 7.83e+08     |
------------------------------------------
-----------------------------------------
| rollout/                |             |
|    ep_len_mean          | 111         |
|    ep_rew_mean          | -1.82e+05   |
| time/                   |             |
|    fps                  | 1017        |
|    time_elapsed         | 334         |
|    total_timesteps      | 340000      |
| train/                  |             |
|    approx_kl            | 0.005099452 |
|    clip_fraction        | 0.0313      |
|    clip_range           | 0.2         |
|    entropy_loss         | -12.8       |
|    explained_variance   | 1.19e-07    |
|    learning_rate        | 0.0017      |
|    loss                 | 4.78e+08    |
|    n_updates            | 410         |
|    policy_gradient_loss | -0.00218    |
|    std                  | 2.05        |
|    value_loss           | 7.91e+08    |
-----------------------------------------
-----------------------------------------
| rollout/                |             |
|    ep_len_mean          | 117         |
|    ep_rew_mean          | -1.97e+05   |
| time/                   |             |
|    fps                  | 1020        |
|    time_elapsed         | 343         |
|    total_timesteps      | 350000      |
| train/                  |             |
|    approx_kl            | 0.004318056 |
|    clip_fraction        | 0.0256      |
|    clip_range           | 0.2         |
|    entropy_loss         | -12.9       |
|    explained_variance   | 0           |
|    learning_rate        | 0.0017      |
|    loss                 | 4.2e+08     |
|    n_updates            | 420         |
|    policy_gradient_loss | -0.00262    |
|    std                  | 2.08        |
|    value_loss           | 8.18e+08    |
-----------------------------------------
------------------------------------------
| rollout/                |              |
|    ep_len_mean          | 124          |
|    ep_rew_mean          | -1.82e+05    |
| time/                   |              |
|    fps                  | 1023         |
|    time_elapsed         | 351          |
|    total_timesteps      | 360000       |
| train/                  |              |
|    approx_kl            | 0.0068865567 |
|    clip_fraction        | 0.0435       |
|    clip_range           | 0.2          |
|    entropy_loss         | -13          |
|    explained_variance   | 0            |
|    learning_rate        | 0.0017       |
|    loss                 | 3.46e+08     |
|    n_updates            | 430          |
|    policy_gradient_loss | -0.00296     |
|    std                  | 2.13         |
|    value_loss           | 7.77e+08     |
------------------------------------------
------------------------------------------
| rollout/                |              |
|    ep_len_mean          | 112          |
|    ep_rew_mean          | -1.89e+05    |
| time/                   |              |
|    fps                  | 1012         |
|    time_elapsed         | 365          |
|    total_timesteps      | 370000       |
| train/                  |              |
|    approx_kl            | 0.0053305984 |
|    clip_fraction        | 0.0216       |
|    clip_range           | 0.2          |
|    entropy_loss         | -13.3        |
|    explained_variance   | 0            |
|    learning_rate        | 0.0017       |
|    loss                 | 2.79e+08     |
|    n_updates            | 450          |
|    policy_gradient_loss | -0.00185     |
|    std                  | 2.24         |
|    value_loss           | 8.67e+08     |
------------------------------------------
------------------------------------------
| rollout/                |              |
|    ep_len_mean          | 130          |
|    ep_rew_mean          | -2.08e+05    |
| time/                   |              |
|    fps                  | 1015         |
|    time_elapsed         | 374          |
|    total_timesteps      | 380000       |
| train/                  |              |
|    approx_kl            | 0.0072311633 |
|    clip_fraction        | 0.0467       |
|    clip_range           | 0.2          |
|    entropy_loss         | -13.4        |
|    explained_variance   | 0            |
|    learning_rate        | 0.0017       |
|    loss                 | 4.54e+08     |
|    n_updates            | 460          |
|    policy_gradient_loss | -0.00456     |
|    std                  | 2.29         |
|    value_loss           | 7.85e+08     |
------------------------------------------
------------------------------------------
| rollout/                |              |
|    ep_len_mean          | 120          |
|    ep_rew_mean          | -2.01e+05    |
| time/                   |              |
|    fps                  | 1017         |
|    time_elapsed         | 383          |
|    total_timesteps      | 390000       |
| train/                  |              |
|    approx_kl            | 0.0058779623 |
|    clip_fraction        | 0.0305       |
|    clip_range           | 0.2          |
|    entropy_loss         | -13.6        |
|    explained_variance   | -1.19e-07    |
|    learning_rate        | 0.0017       |
|    loss                 | 3.55e+08     |
|    n_updates            | 470          |
|    policy_gradient_loss | -0.00179     |
|    std                  | 2.35         |
|    value_loss           | 7.35e+08     |
------------------------------------------
-----------------------------------------
| rollout/                |             |
|    ep_len_mean          | 124         |
|    ep_rew_mean          | -2.09e+05   |
| time/                   |             |
|    fps                  | 1020        |
|    time_elapsed         | 392         |
|    total_timesteps      | 400000      |
| train/                  |             |
|    approx_kl            | 0.004693176 |
|    clip_fraction        | 0.0201      |
|    clip_range           | 0.2         |
|    entropy_loss         | -13.7       |
|    explained_variance   | 0           |
|    learning_rate        | 0.0017      |
|    loss                 | 4.2e+08     |
|    n_updates            | 480         |
|    policy_gradient_loss | -0.00208    |
|    std                  | 2.41        |
|    value_loss           | 9.01e+08    |
-----------------------------------------
-----------------------------------------
| rollout/                |             |
|    ep_len_mean          | 122         |
|    ep_rew_mean          | -1.98e+05   |
| time/                   |             |
|    fps                  | 1011        |
|    time_elapsed         | 405         |
|    total_timesteps      | 410000      |
| train/                  |             |
|    approx_kl            | 0.004204559 |
|    clip_fraction        | 0.0195      |
|    clip_range           | 0.2         |
|    entropy_loss         | -13.9       |
|    explained_variance   | 0           |
|    learning_rate        | 0.0017      |
|    loss                 | 3.75e+08    |
|    n_updates            | 500         |
|    policy_gradient_loss | -0.00171    |
|    std                  | 2.5         |
|    value_loss           | 7.35e+08    |
-----------------------------------------
-----------------------------------------
| rollout/                |             |
|    ep_len_mean          | 137         |
|    ep_rew_mean          | -2.15e+05   |
| time/                   |             |
|    fps                  | 1013        |
|    time_elapsed         | 414         |
|    total_timesteps      | 420000      |
| train/                  |             |
|    approx_kl            | 0.005777804 |
|    clip_fraction        | 0.0309      |
|    clip_range           | 0.2         |
|    entropy_loss         | -14.1       |
|    explained_variance   | 5.96e-08    |
|    learning_rate        | 0.0017      |
|    loss                 | 2.8e+08     |
|    n_updates            | 510         |
|    policy_gradient_loss | -0.00222    |
|    std                  | 2.56        |
|    value_loss           | 7.64e+08    |
-----------------------------------------
-----------------------------------------
| rollout/                |             |
|    ep_len_mean          | 123         |
|    ep_rew_mean          | -1.91e+05   |
| time/                   |             |
|    fps                  | 1016        |
|    time_elapsed         | 423         |
|    total_timesteps      | 430000      |
| train/                  |             |
|    approx_kl            | 0.005636182 |
|    clip_fraction        | 0.0257      |
|    clip_range           | 0.2         |
|    entropy_loss         | -14.2       |
|    explained_variance   | -1.19e-07   |
|    learning_rate        | 0.0017      |
|    loss                 | 3.49e+08    |
|    n_updates            | 520         |
|    policy_gradient_loss | -0.0014     |
|    std                  | 2.63        |
|    value_loss           | 7.58e+08    |
-----------------------------------------
------------------------------------------
| rollout/                |              |
|    ep_len_mean          | 113          |
|    ep_rew_mean          | -1.9e+05     |
| time/                   |              |
|    fps                  | 1018         |
|    time_elapsed         | 431          |
|    total_timesteps      | 440000       |
| train/                  |              |
|    approx_kl            | 0.0055776318 |
|    clip_fraction        | 0.0355       |
|    clip_range           | 0.2          |
|    entropy_loss         | -14.4        |
|    explained_variance   | 0            |
|    learning_rate        | 0.0017       |
|    loss                 | 5.26e+08     |
|    n_updates            | 530          |
|    policy_gradient_loss | -0.0029      |
|    std                  | 2.69         |
|    value_loss           | 7.3e+08      |
------------------------------------------
-----------------------------------------
| rollout/                |             |
|    ep_len_mean          | 117         |
|    ep_rew_mean          | -1.91e+05   |
| time/                   |             |
|    fps                  | 1021        |
|    time_elapsed         | 440         |
|    total_timesteps      | 450000      |
| train/                  |             |
|    approx_kl            | 0.004848052 |
|    clip_fraction        | 0.0255      |
|    clip_range           | 0.2         |
|    entropy_loss         | -14.5       |
|    explained_variance   | 0           |
|    learning_rate        | 0.0017      |
|    loss                 | 3.91e+08    |
|    n_updates            | 540         |
|    policy_gradient_loss | -0.00222    |
|    std                  | 2.75        |
|    value_loss           | 8.77e+08    |
-----------------------------------------
------------------------------------------
| rollout/                |              |
|    ep_len_mean          | 125          |
|    ep_rew_mean          | -2.22e+05    |
| time/                   |              |
|    fps                  | 1013         |
|    time_elapsed         | 454          |
|    total_timesteps      | 460000       |
| train/                  |              |
|    approx_kl            | 0.0049648243 |
|    clip_fraction        | 0.0216       |
|    clip_range           | 0.2          |
|    entropy_loss         | -14.8        |
|    explained_variance   | 0            |
|    learning_rate        | 0.0017       |
|    loss                 | 5.17e+08     |
|    n_updates            | 560          |
|    policy_gradient_loss | -0.00194     |
|    std                  | 2.88         |
|    value_loss           | 7.39e+08     |
------------------------------------------
-----------------------------------------
| rollout/                |             |
|    ep_len_mean          | 117         |
|    ep_rew_mean          | -1.95e+05   |
| time/                   |             |
|    fps                  | 1015        |
|    time_elapsed         | 462         |
|    total_timesteps      | 470000      |
| train/                  |             |
|    approx_kl            | 0.006637313 |
|    clip_fraction        | 0.0325      |
|    clip_range           | 0.2         |
|    entropy_loss         | -14.9       |
|    explained_variance   | 0           |
|    learning_rate        | 0.0017      |
|    loss                 | 5.59e+08    |
|    n_updates            | 570         |
|    policy_gradient_loss | -0.00236    |
|    std                  | 2.95        |
|    value_loss           | 7.4e+08     |
-----------------------------------------
------------------------------------------
| rollout/                |              |
|    ep_len_mean          | 120          |
|    ep_rew_mean          | -2.1e+05     |
| time/                   |              |
|    fps                  | 1017         |
|    time_elapsed         | 471          |
|    total_timesteps      | 480000       |
| train/                  |              |
|    approx_kl            | 0.0046590697 |
|    clip_fraction        | 0.0225       |
|    clip_range           | 0.2          |
|    entropy_loss         | -15          |
|    explained_variance   | 1.19e-07     |
|    learning_rate        | 0.0017       |
|    loss                 | 3.14e+08     |
|    n_updates            | 580          |
|    policy_gradient_loss | -0.00174     |
|    std                  | 3.01         |
|    value_loss           | 7.47e+08     |
------------------------------------------
-----------------------------------------
| rollout/                |             |
|    ep_len_mean          | 120         |
|    ep_rew_mean          | -2e+05      |
| time/                   |             |
|    fps                  | 1020        |
|    time_elapsed         | 480         |
|    total_timesteps      | 490000      |
| train/                  |             |
|    approx_kl            | 0.004776898 |
|    clip_fraction        | 0.0268      |
|    clip_range           | 0.2         |
|    entropy_loss         | -15.2       |
|    explained_variance   | 0           |
|    learning_rate        | 0.0017      |
|    loss                 | 5.06e+08    |
|    n_updates            | 590         |
|    policy_gradient_loss | -0.00129    |
|    std                  | 3.07        |
|    value_loss           | 7.75e+08    |
-----------------------------------------
------------------------------------------
| rollout/                |              |
|    ep_len_mean          | 127          |
|    ep_rew_mean          | -2.19e+05    |
| time/                   |              |
|    fps                  | 1012         |
|    time_elapsed         | 493          |
|    total_timesteps      | 500000       |
| train/                  |              |
|    approx_kl            | 0.0056473906 |
|    clip_fraction        | 0.0248       |
|    clip_range           | 0.2          |
|    entropy_loss         | -15.5        |
|    explained_variance   | 0            |
|    learning_rate        | 0.0017       |
|    loss                 | 3.14e+08     |
|    n_updates            | 610          |
|    policy_gradient_loss | -0.00179     |
|    std                  | 3.25         |
|    value_loss           | 7.18e+08     |
------------------------------------------
-----------------------------------------
| rollout/                |             |
|    ep_len_mean          | 127         |
|    ep_rew_mean          | -2.22e+05   |
| time/                   |             |
|    fps                  | 1015        |
|    time_elapsed         | 502         |
|    total_timesteps      | 510000      |
| train/                  |             |
|    approx_kl            | 0.005035138 |
|    clip_fraction        | 0.0268      |
|    clip_range           | 0.2         |
|    entropy_loss         | -15.6       |
|    explained_variance   | 0           |
|    learning_rate        | 0.0017      |
|    loss                 | 4.09e+08    |
|    n_updates            | 620         |
|    policy_gradient_loss | -0.00201    |
|    std                  | 3.32        |
|    value_loss           | 7.74e+08    |
-----------------------------------------
-----------------------------------------
| rollout/                |             |
|    ep_len_mean          | 115         |
|    ep_rew_mean          | -1.97e+05   |
| time/                   |             |
|    fps                  | 1017        |
|    time_elapsed         | 511         |
|    total_timesteps      | 520000      |
| train/                  |             |
|    approx_kl            | 0.005489955 |
|    clip_fraction        | 0.0272      |
|    clip_range           | 0.2         |
|    entropy_loss         | -15.8       |
|    explained_variance   | 0           |
|    learning_rate        | 0.0017      |
|    loss                 | 3.64e+08    |
|    n_updates            | 630         |
|    policy_gradient_loss | -0.00199    |
|    std                  | 3.41        |
|    value_loss           | 8.09e+08    |
-----------------------------------------
------------------------------------------
| rollout/                |              |
|    ep_len_mean          | 114          |
|    ep_rew_mean          | -1.88e+05    |
| time/                   |              |
|    fps                  | 1019         |
|    time_elapsed         | 519          |
|    total_timesteps      | 530000       |
| train/                  |              |
|    approx_kl            | 0.0077963076 |
|    clip_fraction        | 0.0376       |
|    clip_range           | 0.2          |
|    entropy_loss         | -15.9        |
|    explained_variance   | 0            |
|    learning_rate        | 0.0017       |
|    loss                 | 4.48e+08     |
|    n_updates            | 640          |
|    policy_gradient_loss | -0.00165     |
|    std                  | 3.52         |
|    value_loss           | 7.09e+08     |
------------------------------------------
------------------------------------------
| rollout/                |              |
|    ep_len_mean          | 110          |
|    ep_rew_mean          | -2.08e+05    |
| time/                   |              |
|    fps                  | 1021         |
|    time_elapsed         | 528          |
|    total_timesteps      | 540000       |
| train/                  |              |
|    approx_kl            | 0.0057553276 |
|    clip_fraction        | 0.0262       |
|    clip_range           | 0.2          |
|    entropy_loss         | -16.1        |
|    explained_variance   | 0            |
|    learning_rate        | 0.0017       |
|    loss                 | 5.1e+08      |
|    n_updates            | 650          |
|    policy_gradient_loss | -0.00189     |
|    std                  | 3.62         |
|    value_loss           | 8.85e+08     |
------------------------------------------
------------------------------------------
| rollout/                |              |
|    ep_len_mean          | 124          |
|    ep_rew_mean          | -2.08e+05    |
| time/                   |              |
|    fps                  | 1015         |
|    time_elapsed         | 541          |
|    total_timesteps      | 550000       |
| train/                  |              |
|    approx_kl            | 0.0043689306 |
|    clip_fraction        | 0.0503       |
|    clip_range           | 0.2          |
|    entropy_loss         | -16.4        |
|    explained_variance   | 0            |
|    learning_rate        | 0.0017       |
|    loss                 | 3e+08        |
|    n_updates            | 670          |
|    policy_gradient_loss | -0.000391    |
|    std                  | 3.79         |
|    value_loss           | 7.73e+08     |
------------------------------------------
------------------------------------------
| rollout/                |              |
|    ep_len_mean          | 130          |
|    ep_rew_mean          | -2.15e+05    |
| time/                   |              |
|    fps                  | 1017         |
|    time_elapsed         | 550          |
|    total_timesteps      | 560000       |
| train/                  |              |
|    approx_kl            | 0.0040285066 |
|    clip_fraction        | 0.0143       |
|    clip_range           | 0.2          |
|    entropy_loss         | -16.5        |
|    explained_variance   | 0            |
|    learning_rate        | 0.0017       |
|    loss                 | 4.13e+08     |
|    n_updates            | 680          |
|    policy_gradient_loss | -0.00102     |
|    std                  | 3.86         |
|    value_loss           | 7.26e+08     |
------------------------------------------
-----------------------------------------
| rollout/                |             |
|    ep_len_mean          | 127         |
|    ep_rew_mean          | -2.2e+05    |
| time/                   |             |
|    fps                  | 1019        |
|    time_elapsed         | 559         |
|    total_timesteps      | 570000      |
| train/                  |             |
|    approx_kl            | 0.005305737 |
|    clip_fraction        | 0.0248      |
|    clip_range           | 0.2         |
|    entropy_loss         | -16.6       |
|    explained_variance   | -1.19e-07   |
|    learning_rate        | 0.0017      |
|    loss                 | 2.69e+08    |
|    n_updates            | 690         |
|    policy_gradient_loss | -0.00153    |
|    std                  | 3.95        |
|    value_loss           | 7.83e+08    |
-----------------------------------------
------------------------------------------
| rollout/                |              |
|    ep_len_mean          | 136          |
|    ep_rew_mean          | -2.25e+05    |
| time/                   |              |
|    fps                  | 1021         |
|    time_elapsed         | 567          |
|    total_timesteps      | 580000       |
| train/                  |              |
|    approx_kl            | 0.0050493213 |
|    clip_fraction        | 0.0212       |
|    clip_range           | 0.2          |
|    entropy_loss         | -16.8        |
|    explained_variance   | 0            |
|    learning_rate        | 0.0017       |
|    loss                 | 2.65e+08     |
|    n_updates            | 700          |
|    policy_gradient_loss | -0.000958    |
|    std                  | 4.05         |
|    value_loss           | 7.04e+08     |
------------------------------------------
------------------------------------------
| rollout/                |              |
|    ep_len_mean          | 127          |
|    ep_rew_mean          | -2.03e+05    |
| time/                   |              |
|    fps                  | 1015         |
|    time_elapsed         | 581          |
|    total_timesteps      | 590000       |
| train/                  |              |
|    approx_kl            | 0.0057129236 |
|    clip_fraction        | 0.0262       |
|    clip_range           | 0.2          |
|    entropy_loss         | -17.1        |
|    explained_variance   | 0            |
|    learning_rate        | 0.0017       |
|    loss                 | 2.75e+08     |
|    n_updates            | 720          |
|    policy_gradient_loss | -0.00135     |
|    std                  | 4.28         |
|    value_loss           | 6.78e+08     |
------------------------------------------
----------------------------------------
| rollout/                |            |
|    ep_len_mean          | 121        |
|    ep_rew_mean          | -2.01e+05  |
| time/                   |            |
|    fps                  | 1017       |
|    time_elapsed         | 589        |
|    total_timesteps      | 600000     |
| train/                  |            |
|    approx_kl            | 0.00643753 |
|    clip_fraction        | 0.0345     |
|    clip_range           | 0.2        |
|    entropy_loss         | -17.3      |
|    explained_variance   | 0          |
|    learning_rate        | 0.0017     |
|    loss                 | 3.29e+08   |
|    n_updates            | 730        |
|    policy_gradient_loss | -0.00271   |
|    std                  | 4.39       |
|    value_loss           | 7.05e+08   |
----------------------------------------
------------------------------------------
| rollout/                |              |
|    ep_len_mean          | 112          |
|    ep_rew_mean          | -2.06e+05    |
| time/                   |              |
|    fps                  | 1019         |
|    time_elapsed         | 598          |
|    total_timesteps      | 610000       |
| train/                  |              |
|    approx_kl            | 0.0055012405 |
|    clip_fraction        | 0.0229       |
|    clip_range           | 0.2          |
|    entropy_loss         | -17.4        |
|    explained_variance   | -1.19e-07    |
|    learning_rate        | 0.0017       |
|    loss                 | 1.82e+08     |
|    n_updates            | 740          |
|    policy_gradient_loss | -0.0012      |
|    std                  | 4.52         |
|    value_loss           | 7.39e+08     |
------------------------------------------
-----------------------------------------
| rollout/                |             |
|    ep_len_mean          | 116         |
|    ep_rew_mean          | -2.05e+05   |
| time/                   |             |
|    fps                  | 1021        |
|    time_elapsed         | 607         |
|    total_timesteps      | 620000      |
| train/                  |             |
|    approx_kl            | 0.007009588 |
|    clip_fraction        | 0.0357      |
|    clip_range           | 0.2         |
|    entropy_loss         | -17.6       |
|    explained_variance   | 0           |
|    learning_rate        | 0.0017      |
|    loss                 | 4.43e+08    |
|    n_updates            | 750         |
|    policy_gradient_loss | -0.00174    |
|    std                  | 4.65        |
|    value_loss           | 7.81e+08    |
-----------------------------------------
-----------------------------------------
| rollout/                |             |
|    ep_len_mean          | 137         |
|    ep_rew_mean          | -2.25e+05   |
| time/                   |             |
|    fps                  | 1023        |
|    time_elapsed         | 615         |
|    total_timesteps      | 630000      |
| train/                  |             |
|    approx_kl            | 0.005115385 |
|    clip_fraction        | 0.0312      |
|    clip_range           | 0.2         |
|    entropy_loss         | -17.7       |
|    explained_variance   | 0           |
|    learning_rate        | 0.0017      |
|    loss                 | 3.95e+08    |
|    n_updates            | 760         |
|    policy_gradient_loss | -0.00155    |
|    std                  | 4.76        |
|    value_loss           | 6.82e+08    |
-----------------------------------------
------------------------------------------
| rollout/                |              |
|    ep_len_mean          | 117          |
|    ep_rew_mean          | -2.17e+05    |
| time/                   |              |
|    fps                  | 1017         |
|    time_elapsed         | 629          |
|    total_timesteps      | 640000       |
| train/                  |              |
|    approx_kl            | 0.0044273403 |
|    clip_fraction        | 0.0185       |
|    clip_range           | 0.2          |
|    entropy_loss         | -18          |
|    explained_variance   | 0            |
|    learning_rate        | 0.0017       |
|    loss                 | 3.31e+08     |
|    n_updates            | 780          |
|    policy_gradient_loss | -0.00174     |
|    std                  | 4.99         |
|    value_loss           | 7.67e+08     |
------------------------------------------
-----------------------------------------
| rollout/                |             |
|    ep_len_mean          | 111         |
|    ep_rew_mean          | -2.05e+05   |
| time/                   |             |
|    fps                  | 1019        |
|    time_elapsed         | 637         |
|    total_timesteps      | 650000      |
| train/                  |             |
|    approx_kl            | 0.004048943 |
|    clip_fraction        | 0.0176      |
|    clip_range           | 0.2         |
|    entropy_loss         | -18.1       |
|    explained_variance   | 0           |
|    learning_rate        | 0.0017      |
|    loss                 | 3.14e+08    |
|    n_updates            | 790         |
|    policy_gradient_loss | -0.00118    |
|    std                  | 5.08        |
|    value_loss           | 8.56e+08    |
-----------------------------------------
------------------------------------------
| rollout/                |              |
|    ep_len_mean          | 113          |
|    ep_rew_mean          | -2.01e+05    |
| time/                   |              |
|    fps                  | 1020         |
|    time_elapsed         | 646          |
|    total_timesteps      | 660000       |
| train/                  |              |
|    approx_kl            | 0.0048607066 |
|    clip_fraction        | 0.0227       |
|    clip_range           | 0.2          |
|    entropy_loss         | -18.3        |
|    explained_variance   | 1.19e-07     |
|    learning_rate        | 0.0017       |
|    loss                 | 2.7e+08      |
|    n_updates            | 800          |
|    policy_gradient_loss | -0.000655    |
|    std                  | 5.2          |
|    value_loss           | 7.4e+08      |
------------------------------------------
------------------------------------------
| rollout/                |              |
|    ep_len_mean          | 109          |
|    ep_rew_mean          | -1.98e+05    |
| time/                   |              |
|    fps                  | 1022         |
|    time_elapsed         | 655          |
|    total_timesteps      | 670000       |
| train/                  |              |
|    approx_kl            | 0.0042831395 |
|    clip_fraction        | 0.0173       |
|    clip_range           | 0.2          |
|    entropy_loss         | -18.4        |
|    explained_variance   | 0            |
|    learning_rate        | 0.0017       |
|    loss                 | 3.83e+08     |
|    n_updates            | 810          |
|    policy_gradient_loss | -0.000296    |
|    std                  | 5.33         |
|    value_loss           | 7.69e+08     |
------------------------------------------
------------------------------------------
| rollout/                |              |
|    ep_len_mean          | 123          |
|    ep_rew_mean          | -2.33e+05    |
| time/                   |              |
|    fps                  | 1017         |
|    time_elapsed         | 668          |
|    total_timesteps      | 680000       |
| train/                  |              |
|    approx_kl            | 0.0048658582 |
|    clip_fraction        | 0.0281       |
|    clip_range           | 0.2          |
|    entropy_loss         | -18.7        |
|    explained_variance   | 0            |
|    learning_rate        | 0.0017       |
|    loss                 | 2.84e+08     |
|    n_updates            | 830          |
|    policy_gradient_loss | -0.00187     |
|    std                  | 5.6          |
|    value_loss           | 7.17e+08     |
------------------------------------------
------------------------------------------
| rollout/                |              |
|    ep_len_mean          | 132          |
|    ep_rew_mean          | -2.39e+05    |
| time/                   |              |
|    fps                  | 1019         |
|    time_elapsed         | 677          |
|    total_timesteps      | 690000       |
| train/                  |              |
|    approx_kl            | 0.0045980974 |
|    clip_fraction        | 0.0227       |
|    clip_range           | 0.2          |
|    entropy_loss         | -18.8        |
|    explained_variance   | 0            |
|    learning_rate        | 0.0017       |
|    loss                 | 3.15e+08     |
|    n_updates            | 840          |
|    policy_gradient_loss | -0.000788    |
|    std                  | 5.73         |
|    value_loss           | 6.71e+08     |
------------------------------------------
------------------------------------------
| rollout/                |              |
|    ep_len_mean          | 128          |
|    ep_rew_mean          | -2.35e+05    |
| time/                   |              |
|    fps                  | 1020         |
|    time_elapsed         | 685          |
|    total_timesteps      | 700000       |
| train/                  |              |
|    approx_kl            | 0.0054512224 |
|    clip_fraction        | 0.0249       |
|    clip_range           | 0.2          |
|    entropy_loss         | -19          |
|    explained_variance   | -1.19e-07    |
|    learning_rate        | 0.0017       |
|    loss                 | 3.25e+08     |
|    n_updates            | 850          |
|    policy_gradient_loss | -0.000961    |
|    std                  | 5.89         |
|    value_loss           | 6.89e+08     |
------------------------------------------
------------------------------------------
| rollout/                |              |
|    ep_len_mean          | 127          |
|    ep_rew_mean          | -2.33e+05    |
| time/                   |              |
|    fps                  | 1022         |
|    time_elapsed         | 694          |
|    total_timesteps      | 710000       |
| train/                  |              |
|    approx_kl            | 0.0054358793 |
|    clip_fraction        | 0.0253       |
|    clip_range           | 0.2          |
|    entropy_loss         | -19.1        |
|    explained_variance   | 0            |
|    learning_rate        | 0.0017       |
|    loss                 | 5.51e+08     |
|    n_updates            | 860          |
|    policy_gradient_loss | -0.00169     |
|    std                  | 6.02         |
|    value_loss           | 7.3e+08      |
------------------------------------------
-----------------------------------------
| rollout/                |             |
|    ep_len_mean          | 121         |
|    ep_rew_mean          | -2.12e+05   |
| time/                   |             |
|    fps                  | 1023        |
|    time_elapsed         | 703         |
|    total_timesteps      | 720000      |
| train/                  |             |
|    approx_kl            | 0.006351344 |
|    clip_fraction        | 0.0326      |
|    clip_range           | 0.2         |
|    entropy_loss         | -19.3       |
|    explained_variance   | 0           |
|    learning_rate        | 0.0017      |
|    loss                 | 2.69e+08    |
|    n_updates            | 870         |
|    policy_gradient_loss | -0.000526   |
|    std                  | 6.21        |
|    value_loss           | 7.23e+08    |
-----------------------------------------
------------------------------------------
| rollout/                |              |
|    ep_len_mean          | 110          |
|    ep_rew_mean          | -2.16e+05    |
| time/                   |              |
|    fps                  | 1018         |
|    time_elapsed         | 716          |
|    total_timesteps      | 730000       |
| train/                  |              |
|    approx_kl            | 0.0042060106 |
|    clip_fraction        | 0.0181       |
|    clip_range           | 0.2          |
|    entropy_loss         | -19.6        |
|    explained_variance   | 0            |
|    learning_rate        | 0.0017       |
|    loss                 | 3.9e+08      |
|    n_updates            | 890          |
|    policy_gradient_loss | -0.000908    |
|    std                  | 6.49         |
|    value_loss           | 7.5e+08      |
------------------------------------------
------------------------------------------
| rollout/                |              |
|    ep_len_mean          | 99.1         |
|    ep_rew_mean          | -1.88e+05    |
| time/                   |              |
|    fps                  | 1019         |
|    time_elapsed         | 725          |
|    total_timesteps      | 740000       |
| train/                  |              |
|    approx_kl            | 0.0048418804 |
|    clip_fraction        | 0.0249       |
|    clip_range           | 0.2          |
|    entropy_loss         | -19.7        |
|    explained_variance   | 0            |
|    learning_rate        | 0.0017       |
|    loss                 | 4.2e+08      |
|    n_updates            | 900          |
|    policy_gradient_loss | -0.000427    |
|    std                  | 6.66         |
|    value_loss           | 8.19e+08     |
------------------------------------------
-----------------------------------------
| rollout/                |             |
|    ep_len_mean          | 106         |
|    ep_rew_mean          | -2.19e+05   |
| time/                   |             |
|    fps                  | 1021        |
|    time_elapsed         | 734         |
|    total_timesteps      | 750000      |
| train/                  |             |
|    approx_kl            | 0.004595927 |
|    clip_fraction        | 0.0212      |
|    clip_range           | 0.2         |
|    entropy_loss         | -19.9       |
|    explained_variance   | 1.19e-07    |
|    learning_rate        | 0.0017      |
|    loss                 | 4.07e+08    |
|    n_updates            | 910         |
|    policy_gradient_loss | -0.000938   |
|    std                  | 6.83        |
|    value_loss           | 7.97e+08    |
-----------------------------------------
----------------------------------------
| rollout/                |            |
|    ep_len_mean          | 110        |
|    ep_rew_mean          | -2.16e+05  |
| time/                   |            |
|    fps                  | 1022       |
|    time_elapsed         | 743        |
|    total_timesteps      | 760000     |
| train/                  |            |
|    approx_kl            | 0.00501038 |
|    clip_fraction        | 0.0219     |
|    clip_range           | 0.2        |
|    entropy_loss         | -20        |
|    explained_variance   | 5.96e-08   |
|    learning_rate        | 0.0017     |
|    loss                 | 3.75e+08   |
|    n_updates            | 920        |
|    policy_gradient_loss | -0.000858  |
|    std                  | 7.01       |
|    value_loss           | 6.97e+08   |
----------------------------------------
------------------------------------------
| rollout/                |              |
|    ep_len_mean          | 101          |
|    ep_rew_mean          | -2.1e+05     |
| time/                   |              |
|    fps                  | 1023         |
|    time_elapsed         | 752          |
|    total_timesteps      | 770000       |
| train/                  |              |
|    approx_kl            | 0.0055947853 |
|    clip_fraction        | 0.0232       |
|    clip_range           | 0.2          |
|    entropy_loss         | -20.2        |
|    explained_variance   | 0            |
|    learning_rate        | 0.0017       |
|    loss                 | 1.92e+08     |
|    n_updates            | 930          |
|    policy_gradient_loss | -0.00187     |
|    std                  | 7.19         |
|    value_loss           | 8.07e+08     |
------------------------------------------
------------------------------------------
| rollout/                |              |
|    ep_len_mean          | 125          |
|    ep_rew_mean          | -2.38e+05    |
| time/                   |              |
|    fps                  | 1018         |
|    time_elapsed         | 765          |
|    total_timesteps      | 780000       |
| train/                  |              |
|    approx_kl            | 0.0050663208 |
|    clip_fraction        | 0.0231       |
|    clip_range           | 0.2          |
|    entropy_loss         | -20.5        |
|    explained_variance   | 0            |
|    learning_rate        | 0.0017       |
|    loss                 | 2.74e+08     |
|    n_updates            | 950          |
|    policy_gradient_loss | -0.000288    |
|    std                  | 7.58         |
|    value_loss           | 6.89e+08     |
------------------------------------------
-----------------------------------------
| rollout/                |             |
|    ep_len_mean          | 111         |
|    ep_rew_mean          | -2.17e+05   |
| time/                   |             |
|    fps                  | 1019        |
|    time_elapsed         | 774         |
|    total_timesteps      | 790000      |
| train/                  |             |
|    approx_kl            | 0.005427825 |
|    clip_fraction        | 0.0229      |
|    clip_range           | 0.2         |
|    entropy_loss         | -20.7       |
|    explained_variance   | 1.19e-07    |
|    learning_rate        | 0.0017      |
|    loss                 | 4.53e+08    |
|    n_updates            | 960         |
|    policy_gradient_loss | -0.000552   |
|    std                  | 7.78        |
|    value_loss           | 7.92e+08    |
-----------------------------------------
-----------------------------------------
| rollout/                |             |
|    ep_len_mean          | 94.2        |
|    ep_rew_mean          | -2.11e+05   |
| time/                   |             |
|    fps                  | 1020        |
|    time_elapsed         | 783         |
|    total_timesteps      | 800000      |
| train/                  |             |
|    approx_kl            | 0.004043353 |
|    clip_fraction        | 0.0156      |
|    clip_range           | 0.2         |
|    entropy_loss         | -20.8       |
|    explained_variance   | 0           |
|    learning_rate        | 0.0017      |
|    loss                 | 3.02e+08    |
|    n_updates            | 970         |
|    policy_gradient_loss | -0.00137    |
|    std                  | 7.95        |
|    value_loss           | 8.8e+08     |
-----------------------------------------
------------------------------------------
| rollout/                |              |
|    ep_len_mean          | 110          |
|    ep_rew_mean          | -2.07e+05    |
| time/                   |              |
|    fps                  | 1021         |
|    time_elapsed         | 792          |
|    total_timesteps      | 810000       |
| train/                  |              |
|    approx_kl            | 0.0053395713 |
|    clip_fraction        | 0.0288       |
|    clip_range           | 0.2          |
|    entropy_loss         | -20.9        |
|    explained_variance   | 0            |
|    learning_rate        | 0.0017       |
|    loss                 | 3.78e+08     |
|    n_updates            | 980          |
|    policy_gradient_loss | -0.00199     |
|    std                  | 8.16         |
|    value_loss           | 8.32e+08     |
------------------------------------------
------------------------------------------
| rollout/                |              |
|    ep_len_mean          | 119          |
|    ep_rew_mean          | -2.27e+05    |
| time/                   |              |
|    fps                  | 1017         |
|    time_elapsed         | 806          |
|    total_timesteps      | 820000       |
| train/                  |              |
|    approx_kl            | 0.0046766545 |
|    clip_fraction        | 0.0229       |
|    clip_range           | 0.2          |
|    entropy_loss         | -21.2        |
|    explained_variance   | 1.19e-07     |
|    learning_rate        | 0.0017       |
|    loss                 | 3.34e+08     |
|    n_updates            | 1000         |
|    policy_gradient_loss | -0.00139     |
|    std                  | 8.55         |
|    value_loss           | 7.82e+08     |
------------------------------------------
-----------------------------------------
| rollout/                |             |
|    ep_len_mean          | 137         |
|    ep_rew_mean          | -2.62e+05   |
| time/                   |             |
|    fps                  | 1018        |
|    time_elapsed         | 814         |
|    total_timesteps      | 830000      |
| train/                  |             |
|    approx_kl            | 0.004997603 |
|    clip_fraction        | 0.0268      |
|    clip_range           | 0.2         |
|    entropy_loss         | -21.4       |
|    explained_variance   | 5.96e-08    |
|    learning_rate        | 0.0017      |
|    loss                 | 3.37e+08    |
|    n_updates            | 1010        |
|    policy_gradient_loss | -0.00114    |
|    std                  | 8.76        |
|    value_loss           | 6.54e+08    |
-----------------------------------------
------------------------------------------
| rollout/                |              |
|    ep_len_mean          | 123          |
|    ep_rew_mean          | -2.53e+05    |
| time/                   |              |
|    fps                  | 1019         |
|    time_elapsed         | 823          |
|    total_timesteps      | 840000       |
| train/                  |              |
|    approx_kl            | 0.0036975564 |
|    clip_fraction        | 0.0139       |
|    clip_range           | 0.2          |
|    entropy_loss         | -21.5        |
|    explained_variance   | -1.19e-07    |
|    learning_rate        | 0.0017       |
|    loss                 | 5.03e+08     |
|    n_updates            | 1020         |
|    policy_gradient_loss | -0.000333    |
|    std                  | 8.97         |
|    value_loss           | 7.75e+08     |
------------------------------------------
-----------------------------------------
| rollout/                |             |
|    ep_len_mean          | 117         |
|    ep_rew_mean          | -2.47e+05   |
| time/                   |             |
|    fps                  | 1021        |
|    time_elapsed         | 832         |
|    total_timesteps      | 850000      |
| train/                  |             |
|    approx_kl            | 0.004381328 |
|    clip_fraction        | 0.0229      |
|    clip_range           | 0.2         |
|    entropy_loss         | -21.7       |
|    explained_variance   | 0           |
|    learning_rate        | 0.0017      |
|    loss                 | 5.15e+08    |
|    n_updates            | 1030        |
|    policy_gradient_loss | -0.00123    |
|    std                  | 9.2         |
|    value_loss           | 7.73e+08    |
-----------------------------------------
------------------------------------------
| rollout/                |              |
|    ep_len_mean          | 129          |
|    ep_rew_mean          | -2.78e+05    |
| time/                   |              |
|    fps                  | 1022         |
|    time_elapsed         | 840          |
|    total_timesteps      | 860000       |
| train/                  |              |
|    approx_kl            | 0.0040334845 |
|    clip_fraction        | 0.015        |
|    clip_range           | 0.2          |
|    entropy_loss         | -21.8        |
|    explained_variance   | 0            |
|    learning_rate        | 0.0017       |
|    loss                 | 4.99e+08     |
|    n_updates            | 1040         |
|    policy_gradient_loss | -0.000267    |
|    std                  | 9.42         |
|    value_loss           | 7.41e+08     |
------------------------------------------
------------------------------------------
| rollout/                |              |
|    ep_len_mean          | 115          |
|    ep_rew_mean          | -2.37e+05    |
| time/                   |              |
|    fps                  | 1018         |
|    time_elapsed         | 854          |
|    total_timesteps      | 870000       |
| train/                  |              |
|    approx_kl            | 0.0048176567 |
|    clip_fraction        | 0.0208       |
|    clip_range           | 0.2          |
|    entropy_loss         | -22.1        |
|    explained_variance   | 0            |
|    learning_rate        | 0.0017       |
|    loss                 | 4.9e+08      |
|    n_updates            | 1060         |
|    policy_gradient_loss | -8.64e-05    |
|    std                  | 9.93         |
|    value_loss           | 6.96e+08     |
------------------------------------------
------------------------------------------
| rollout/                |              |
|    ep_len_mean          | 129          |
|    ep_rew_mean          | -2.61e+05    |
| time/                   |              |
|    fps                  | 1019         |
|    time_elapsed         | 862          |
|    total_timesteps      | 880000       |
| train/                  |              |
|    approx_kl            | 0.0049148053 |
|    clip_fraction        | 0.022        |
|    clip_range           | 0.2          |
|    entropy_loss         | -22.3        |
|    explained_variance   | 0            |
|    learning_rate        | 0.0017       |
|    loss                 | 5.5e+08      |
|    n_updates            | 1070         |
|    policy_gradient_loss | -0.00059     |
|    std                  | 10.2         |
|    value_loss           | 7.84e+08     |
------------------------------------------
------------------------------------------
| rollout/                |              |
|    ep_len_mean          | 128          |
|    ep_rew_mean          | -2.58e+05    |
| time/                   |              |
|    fps                  | 1021         |
|    time_elapsed         | 871          |
|    total_timesteps      | 890000       |
| train/                  |              |
|    approx_kl            | 0.0043289093 |
|    clip_fraction        | 0.0174       |
|    clip_range           | 0.2          |
|    entropy_loss         | -22.4        |
|    explained_variance   | 0            |
|    learning_rate        | 0.0017       |
|    loss                 | 3.56e+08     |
|    n_updates            | 1080         |
|    policy_gradient_loss | 0.000329     |
|    std                  | 10.5         |
|    value_loss           | 7.93e+08     |
------------------------------------------
------------------------------------------
| rollout/                |              |
|    ep_len_mean          | 151          |
|    ep_rew_mean          | -3.15e+05    |
| time/                   |              |
|    fps                  | 1022         |
|    time_elapsed         | 880          |
|    total_timesteps      | 900000       |
| train/                  |              |
|    approx_kl            | 0.0061352113 |
|    clip_fraction        | 0.0294       |
|    clip_range           | 0.2          |
|    entropy_loss         | -22.6        |
|    explained_variance   | 0            |
|    learning_rate        | 0.0017       |
|    loss                 | 3.61e+08     |
|    n_updates            | 1090         |
|    policy_gradient_loss | -0.00156     |
|    std                  | 10.8         |
|    value_loss           | 6.73e+08     |
------------------------------------------
-----------------------------------------
| rollout/                |             |
|    ep_len_mean          | 128         |
|    ep_rew_mean          | -2.69e+05   |
| time/                   |             |
|    fps                  | 1018        |
|    time_elapsed         | 893         |
|    total_timesteps      | 910000      |
| train/                  |             |
|    approx_kl            | 0.004797076 |
|    clip_fraction        | 0.0205      |
|    clip_range           | 0.2         |
|    entropy_loss         | -22.9       |
|    explained_variance   | 0           |
|    learning_rate        | 0.0017      |
|    loss                 | 3.14e+08    |
|    n_updates            | 1110        |
|    policy_gradient_loss | -0.000686   |
|    std                  | 11.4        |
|    value_loss           | 8.12e+08    |
-----------------------------------------
-----------------------------------------
| rollout/                |             |
|    ep_len_mean          | 123         |
|    ep_rew_mean          | -2.9e+05    |
| time/                   |             |
|    fps                  | 1019        |
|    time_elapsed         | 902         |
|    total_timesteps      | 920000      |
| train/                  |             |
|    approx_kl            | 0.003728979 |
|    clip_fraction        | 0.0124      |
|    clip_range           | 0.2         |
|    entropy_loss         | -23         |
|    explained_variance   | 1.19e-07    |
|    learning_rate        | 0.0017      |
|    loss                 | 5.07e+08    |
|    n_updates            | 1120        |
|    policy_gradient_loss | -0.000922   |
|    std                  | 11.6        |
|    value_loss           | 1.03e+09    |
-----------------------------------------
------------------------------------------
| rollout/                |              |
|    ep_len_mean          | 136          |
|    ep_rew_mean          | -2.87e+05    |
| time/                   |              |
|    fps                  | 1021         |
|    time_elapsed         | 910          |
|    total_timesteps      | 930000       |
| train/                  |              |
|    approx_kl            | 0.0058632726 |
|    clip_fraction        | 0.021        |
|    clip_range           | 0.2          |
|    entropy_loss         | -23.2        |
|    explained_variance   | 0            |
|    learning_rate        | 0.0017       |
|    loss                 | 1.86e+08     |
|    n_updates            | 1130         |
|    policy_gradient_loss | 0.000137     |
|    std                  | 11.9         |
|    value_loss           | 6.78e+08     |
------------------------------------------
------------------------------------------
| rollout/                |              |
|    ep_len_mean          | 132          |
|    ep_rew_mean          | -2.81e+05    |
| time/                   |              |
|    fps                  | 1022         |
|    time_elapsed         | 919          |
|    total_timesteps      | 940000       |
| train/                  |              |
|    approx_kl            | 0.0056351866 |
|    clip_fraction        | 0.023        |
|    clip_range           | 0.2          |
|    entropy_loss         | -23.3        |
|    explained_variance   | 0            |
|    learning_rate        | 0.0017       |
|    loss                 | 4e+08        |
|    n_updates            | 1140         |
|    policy_gradient_loss | -0.000542    |
|    std                  | 12.3         |
|    value_loss           | 7.8e+08      |
------------------------------------------
------------------------------------------
| rollout/                |              |
|    ep_len_mean          | 138          |
|    ep_rew_mean          | -2.97e+05    |
| time/                   |              |
|    fps                  | 1023         |
|    time_elapsed         | 928          |
|    total_timesteps      | 950000       |
| train/                  |              |
|    approx_kl            | 0.0036658146 |
|    clip_fraction        | 0.0128       |
|    clip_range           | 0.2          |
|    entropy_loss         | -23.5        |
|    explained_variance   | 5.96e-08     |
|    learning_rate        | 0.0017       |
|    loss                 | 3.22e+08     |
|    n_updates            | 1150         |
|    policy_gradient_loss | -0.00017     |
|    std                  | 12.6         |
|    value_loss           | 7.63e+08     |
------------------------------------------
------------------------------------------
| rollout/                |              |
|    ep_len_mean          | 120          |
|    ep_rew_mean          | -2.69e+05    |
| time/                   |              |
|    fps                  | 1019         |
|    time_elapsed         | 941          |
|    total_timesteps      | 960000       |
| train/                  |              |
|    approx_kl            | 0.0057508275 |
|    clip_fraction        | 0.0254       |
|    clip_range           | 0.2          |
|    entropy_loss         | -23.8        |
|    explained_variance   | 0            |
|    learning_rate        | 0.0017       |
|    loss                 | 3.51e+08     |
|    n_updates            | 1170         |
|    policy_gradient_loss | -0.000799    |
|    std                  | 13.4         |
|    value_loss           | 8.15e+08     |
------------------------------------------
-----------------------------------------
| rollout/                |             |
|    ep_len_mean          | 113         |
|    ep_rew_mean          | -2.47e+05   |
| time/                   |             |
|    fps                  | 1021        |
|    time_elapsed         | 950         |
|    total_timesteps      | 970000      |
| train/                  |             |
|    approx_kl            | 0.004738599 |
|    clip_fraction        | 0.0179      |
|    clip_range           | 0.2         |
|    entropy_loss         | -24         |
|    explained_variance   | 0           |
|    learning_rate        | 0.0017      |
|    loss                 | 4.38e+08    |
|    n_updates            | 1180        |
|    policy_gradient_loss | 0.00011     |
|    std                  | 13.7        |
|    value_loss           | 7.47e+08    |
-----------------------------------------
------------------------------------------
| rollout/                |              |
|    ep_len_mean          | 133          |
|    ep_rew_mean          | -2.91e+05    |
| time/                   |              |
|    fps                  | 1022         |
|    time_elapsed         | 958          |
|    total_timesteps      | 980000       |
| train/                  |              |
|    approx_kl            | 0.0055797766 |
|    clip_fraction        | 0.0257       |
|    clip_range           | 0.2          |
|    entropy_loss         | -24.2        |
|    explained_variance   | 0            |
|    learning_rate        | 0.0017       |
|    loss                 | 2.43e+08     |
|    n_updates            | 1190         |
|    policy_gradient_loss | -0.000938    |
|    std                  | 14.1         |
|    value_loss           | 7.47e+08     |
------------------------------------------
------------------------------------------
| rollout/                |              |
|    ep_len_mean          | 114          |
|    ep_rew_mean          | -2.6e+05     |
| time/                   |              |
|    fps                  | 1023         |
|    time_elapsed         | 967          |
|    total_timesteps      | 990000       |
| train/                  |              |
|    approx_kl            | 0.0048459517 |
|    clip_fraction        | 0.019        |
|    clip_range           | 0.2          |
|    entropy_loss         | -24.3        |
|    explained_variance   | 0            |
|    learning_rate        | 0.0017       |
|    loss                 | 3.21e+08     |
|    n_updates            | 1200         |
|    policy_gradient_loss | -0.000161    |
|    std                  | 14.5         |
|    value_loss           | 7.19e+08     |
------------------------------------------
------------------------------------------
| rollout/                |              |
|    ep_len_mean          | 126          |
|    ep_rew_mean          | -3.12e+05    |
| time/                   |              |
|    fps                  | 1019         |
|    time_elapsed         | 980          |
|    total_timesteps      | 1000000      |
| train/                  |              |
|    approx_kl            | 0.0036334703 |
|    clip_fraction        | 0.0123       |
|    clip_range           | 0.2          |
|    entropy_loss         | -24.6        |
|    explained_variance   | -1.19e-07    |
|    learning_rate        | 0.0017       |
|    loss                 | 4.27e+08     |
|    n_updates            | 1220         |
|    policy_gradient_loss | -0.000821    |
|    std                  | 15.1         |
|    value_loss           | 8.09e+08     |
------------------------------------------
Training ended on Tue Jan 27 16:30:44 2026
Training lasted 0:16:28.425585
