Logging to training_random_logs/2_robots/logs/TQC_set2
Using cpu device
Training started on Tue Jan 27 16:14:15 2026
Experiment configuration: {'algorithm': 'TQC', 'set': 2, 'verbose': 1, 'steps': 1000000, 'num_robots': 2, 'num_envs': 4, 'seed': 33, 'log_steps': 10000, 'resume': False, 'device': 'cpu'}
----------------------------------
| rollout/           |           |
|    ep_len_mean     | 103       |
|    ep_rew_mean     | -6.27e+05 |
| time/              |           |
|    episodes        | 96        |
|    fps             | 151       |
|    time_elapsed    | 66        |
|    total_timesteps | 10000     |
| train/             |           |
|    actor_loss      | 2.79e+04  |
|    critic_loss     | 3.06e+03  |
|    ent_coef        | 53.6      |
|    ent_coef_loss   | -0.538    |
|    learning_rate   | 0.0064    |
|    n_updates       | 2474      |
----------------------------------
----------------------------------
| rollout/           |           |
|    ep_len_mean     | 142       |
|    ep_rew_mean     | -2.59e+05 |
| time/              |           |
|    episodes        | 140       |
|    fps             | 150       |
|    time_elapsed    | 132       |
|    total_timesteps | 20000     |
| train/             |           |
|    actor_loss      | 2.12e+04  |
|    critic_loss     | 2.37e+03  |
|    ent_coef        | 30.5      |
|    ent_coef_loss   | -0.754    |
|    learning_rate   | 0.0064    |
|    n_updates       | 4974      |
----------------------------------
----------------------------------
| rollout/           |           |
|    ep_len_mean     | 242       |
|    ep_rew_mean     | -2.09e+05 |
| time/              |           |
|    episodes        | 151       |
|    fps             | 150       |
|    time_elapsed    | 199       |
|    total_timesteps | 30000     |
| train/             |           |
|    actor_loss      | 1.27e+04  |
|    critic_loss     | 1.64e+03  |
|    ent_coef        | 21.8      |
|    ent_coef_loss   | 0.246     |
|    learning_rate   | 0.0064    |
|    n_updates       | 7474      |
----------------------------------
----------------------------------
| rollout/           |           |
|    ep_len_mean     | 322       |
|    ep_rew_mean     | -1.73e+05 |
| time/              |           |
|    episodes        | 177       |
|    fps             | 150       |
|    time_elapsed    | 266       |
|    total_timesteps | 40000     |
| train/             |           |
|    actor_loss      | 8e+03     |
|    critic_loss     | 957       |
|    ent_coef        | 16.8      |
|    ent_coef_loss   | -0.584    |
|    learning_rate   | 0.0064    |
|    n_updates       | 9974      |
----------------------------------
----------------------------------
| rollout/           |           |
|    ep_len_mean     | 390       |
|    ep_rew_mean     | -1.38e+05 |
| time/              |           |
|    episodes        | 188       |
|    fps             | 149       |
|    time_elapsed    | 333       |
|    total_timesteps | 50000     |
| train/             |           |
|    actor_loss      | 4.67e+03  |
|    critic_loss     | 595       |
|    ent_coef        | 9.42      |
|    ent_coef_loss   | 0.0946    |
|    learning_rate   | 0.0064    |
|    n_updates       | 12474     |
----------------------------------
----------------------------------
| rollout/           |           |
|    ep_len_mean     | 482       |
|    ep_rew_mean     | -1.25e+05 |
| time/              |           |
|    episodes        | 199       |
|    fps             | 149       |
|    time_elapsed    | 400       |
|    total_timesteps | 60000     |
| train/             |           |
|    actor_loss      | 3.28e+03  |
|    critic_loss     | 600       |
|    ent_coef        | 6.13      |
|    ent_coef_loss   | -1.21     |
|    learning_rate   | 0.0064    |
|    n_updates       | 14974     |
----------------------------------
----------------------------------
| rollout/           |           |
|    ep_len_mean     | 574       |
|    ep_rew_mean     | -1.13e+05 |
| time/              |           |
|    episodes        | 211       |
|    fps             | 149       |
|    time_elapsed    | 468       |
|    total_timesteps | 70000     |
| train/             |           |
|    actor_loss      | 2.26e+03  |
|    critic_loss     | 391       |
|    ent_coef        | 3.87      |
|    ent_coef_loss   | -0.453    |
|    learning_rate   | 0.0064    |
|    n_updates       | 17474     |
----------------------------------
----------------------------------
| rollout/           |           |
|    ep_len_mean     | 658       |
|    ep_rew_mean     | -1.08e+05 |
| time/              |           |
|    episodes        | 223       |
|    fps             | 149       |
|    time_elapsed    | 535       |
|    total_timesteps | 80000     |
| train/             |           |
|    actor_loss      | 966       |
|    critic_loss     | 195       |
|    ent_coef        | 1.55      |
|    ent_coef_loss   | 0.272     |
|    learning_rate   | 0.0064    |
|    n_updates       | 19974     |
----------------------------------
---------------------------------
| rollout/           |          |
|    ep_len_mean     | 741      |
|    ep_rew_mean     | -8.1e+04 |
| time/              |          |
|    episodes        | 236      |
|    fps             | 149      |
|    time_elapsed    | 603      |
|    total_timesteps | 90000    |
| train/             |          |
|    actor_loss      | 793      |
|    critic_loss     | 131      |
|    ent_coef        | 0.803    |
|    ent_coef_loss   | -0.00188 |
|    learning_rate   | 0.0064   |
|    n_updates       | 22474    |
---------------------------------
---------------------------------
| rollout/           |          |
|    ep_len_mean     | 698      |
|    ep_rew_mean     | -8.7e+04 |
| time/              |          |
|    episodes        | 249      |
|    fps             | 148      |
|    time_elapsed    | 671      |
|    total_timesteps | 100000   |
| train/             |          |
|    actor_loss      | 600      |
|    critic_loss     | 153      |
|    ent_coef        | 1.11     |
|    ent_coef_loss   | -0.0492  |
|    learning_rate   | 0.0064   |
|    n_updates       | 24974    |
---------------------------------
----------------------------------
| rollout/           |           |
|    ep_len_mean     | 738       |
|    ep_rew_mean     | -8.94e+04 |
| time/              |           |
|    episodes        | 261       |
|    fps             | 148       |
|    time_elapsed    | 739       |
|    total_timesteps | 110000    |
| train/             |           |
|    actor_loss      | 575       |
|    critic_loss     | 169       |
|    ent_coef        | 1.3       |
|    ent_coef_loss   | 0.189     |
|    learning_rate   | 0.0064    |
|    n_updates       | 27474     |
----------------------------------
----------------------------------
| rollout/           |           |
|    ep_len_mean     | 797       |
|    ep_rew_mean     | -9.05e+04 |
| time/              |           |
|    episodes        | 269       |
|    fps             | 148       |
|    time_elapsed    | 806       |
|    total_timesteps | 120000    |
| train/             |           |
|    actor_loss      | 594       |
|    critic_loss     | 363       |
|    ent_coef        | 1.16      |
|    ent_coef_loss   | 0.255     |
|    learning_rate   | 0.0064    |
|    n_updates       | 29974     |
----------------------------------
----------------------------------
| rollout/           |           |
|    ep_len_mean     | 867       |
|    ep_rew_mean     | -8.09e+04 |
| time/              |           |
|    episodes        | 281       |
|    fps             | 148       |
|    time_elapsed    | 874       |
|    total_timesteps | 130000    |
| train/             |           |
|    actor_loss      | 227       |
|    critic_loss     | 160       |
|    ent_coef        | 1.8       |
|    ent_coef_loss   | 0.249     |
|    learning_rate   | 0.0064    |
|    n_updates       | 32474     |
----------------------------------
----------------------------------
| rollout/           |           |
|    ep_len_mean     | 870       |
|    ep_rew_mean     | -8.62e+04 |
| time/              |           |
|    episodes        | 290       |
|    fps             | 148       |
|    time_elapsed    | 942       |
|    total_timesteps | 140000    |
| train/             |           |
|    actor_loss      | 437       |
|    critic_loss     | 163       |
|    ent_coef        | 1.3       |
|    ent_coef_loss   | -0.344    |
|    learning_rate   | 0.0064    |
|    n_updates       | 34974     |
----------------------------------
----------------------------------
| rollout/           |           |
|    ep_len_mean     | 880       |
|    ep_rew_mean     | -8.77e+04 |
| time/              |           |
|    episodes        | 301       |
|    fps             | 148       |
|    time_elapsed    | 1010      |
|    total_timesteps | 150000    |
| train/             |           |
|    actor_loss      | 592       |
|    critic_loss     | 178       |
|    ent_coef        | 0.936     |
|    ent_coef_loss   | 0.00516   |
|    learning_rate   | 0.0064    |
|    n_updates       | 37474     |
----------------------------------
----------------------------------
| rollout/           |           |
|    ep_len_mean     | 894       |
|    ep_rew_mean     | -9.13e+04 |
| time/              |           |
|    episodes        | 311       |
|    fps             | 148       |
|    time_elapsed    | 1077      |
|    total_timesteps | 160000    |
| train/             |           |
|    actor_loss      | 484       |
|    critic_loss     | 112       |
|    ent_coef        | 0.921     |
|    ent_coef_loss   | 0.14      |
|    learning_rate   | 0.0064    |
|    n_updates       | 39974     |
----------------------------------
----------------------------------
| rollout/           |           |
|    ep_len_mean     | 912       |
|    ep_rew_mean     | -8.89e+04 |
| time/              |           |
|    episodes        | 321       |
|    fps             | 148       |
|    time_elapsed    | 1145      |
|    total_timesteps | 170000    |
| train/             |           |
|    actor_loss      | 333       |
|    critic_loss     | 119       |
|    ent_coef        | 0.747     |
|    ent_coef_loss   | -0.0993   |
|    learning_rate   | 0.0064    |
|    n_updates       | 42474     |
----------------------------------
----------------------------------
| rollout/           |           |
|    ep_len_mean     | 920       |
|    ep_rew_mean     | -8.97e+04 |
| time/              |           |
|    episodes        | 334       |
|    fps             | 148       |
|    time_elapsed    | 1214      |
|    total_timesteps | 180000    |
| train/             |           |
|    actor_loss      | 250       |
|    critic_loss     | 85.3      |
|    ent_coef        | 0.598     |
|    ent_coef_loss   | -0.22     |
|    learning_rate   | 0.0064    |
|    n_updates       | 44974     |
----------------------------------
----------------------------------
| rollout/           |           |
|    ep_len_mean     | 933       |
|    ep_rew_mean     | -7.52e+04 |
| time/              |           |
|    episodes        | 343       |
|    fps             | 148       |
|    time_elapsed    | 1282      |
|    total_timesteps | 190000    |
| train/             |           |
|    actor_loss      | 77.7      |
|    critic_loss     | 45.4      |
|    ent_coef        | 0.655     |
|    ent_coef_loss   | -0.29     |
|    learning_rate   | 0.0064    |
|    n_updates       | 47474     |
----------------------------------
----------------------------------
| rollout/           |           |
|    ep_len_mean     | 963       |
|    ep_rew_mean     | -8.47e+04 |
| time/              |           |
|    episodes        | 354       |
|    fps             | 148       |
|    time_elapsed    | 1350      |
|    total_timesteps | 200000    |
| train/             |           |
|    actor_loss      | 351       |
|    critic_loss     | 68.9      |
|    ent_coef        | 0.339     |
|    ent_coef_loss   | 1.16      |
|    learning_rate   | 0.0064    |
|    n_updates       | 49974     |
----------------------------------
----------------------------------
| rollout/           |           |
|    ep_len_mean     | 963       |
|    ep_rew_mean     | -8.77e+04 |
| time/              |           |
|    episodes        | 363       |
|    fps             | 147       |
|    time_elapsed    | 1419      |
|    total_timesteps | 210000    |
| train/             |           |
|    actor_loss      | 339       |
|    critic_loss     | 49.2      |
|    ent_coef        | 0.392     |
|    ent_coef_loss   | -1.53     |
|    learning_rate   | 0.0064    |
|    n_updates       | 52474     |
----------------------------------
----------------------------------
| rollout/           |           |
|    ep_len_mean     | 963       |
|    ep_rew_mean     | -8.59e+04 |
| time/              |           |
|    episodes        | 374       |
|    fps             | 147       |
|    time_elapsed    | 1488      |
|    total_timesteps | 220000    |
| train/             |           |
|    actor_loss      | 242       |
|    critic_loss     | 83.7      |
|    ent_coef        | 0.475     |
|    ent_coef_loss   | -0.211    |
|    learning_rate   | 0.0064    |
|    n_updates       | 54974     |
----------------------------------
----------------------------------
| rollout/           |           |
|    ep_len_mean     | 963       |
|    ep_rew_mean     | -8.97e+04 |
| time/              |           |
|    episodes        | 383       |
|    fps             | 147       |
|    time_elapsed    | 1557      |
|    total_timesteps | 230000    |
| train/             |           |
|    actor_loss      | 250       |
|    critic_loss     | 63.3      |
|    ent_coef        | 0.321     |
|    ent_coef_loss   | 0.946     |
|    learning_rate   | 0.0064    |
|    n_updates       | 57474     |
----------------------------------
----------------------------------
| rollout/           |           |
|    ep_len_mean     | 937       |
|    ep_rew_mean     | -8.85e+04 |
| time/              |           |
|    episodes        | 398       |
|    fps             | 147       |
|    time_elapsed    | 1627      |
|    total_timesteps | 240000    |
| train/             |           |
|    actor_loss      | 301       |
|    critic_loss     | 48        |
|    ent_coef        | 0.247     |
|    ent_coef_loss   | 1.64      |
|    learning_rate   | 0.0064    |
|    n_updates       | 59974     |
----------------------------------
----------------------------------
| rollout/           |           |
|    ep_len_mean     | 929       |
|    ep_rew_mean     | -9.17e+04 |
| time/              |           |
|    episodes        | 407       |
|    fps             | 147       |
|    time_elapsed    | 1697      |
|    total_timesteps | 250000    |
| train/             |           |
|    actor_loss      | 324       |
|    critic_loss     | 66.7      |
|    ent_coef        | 0.483     |
|    ent_coef_loss   | 0.196     |
|    learning_rate   | 0.0064    |
|    n_updates       | 62474     |
----------------------------------
----------------------------------
| rollout/           |           |
|    ep_len_mean     | 907       |
|    ep_rew_mean     | -9.33e+04 |
| time/              |           |
|    episodes        | 421       |
|    fps             | 146       |
|    time_elapsed    | 1769      |
|    total_timesteps | 260000    |
| train/             |           |
|    actor_loss      | 303       |
|    critic_loss     | 49.8      |
|    ent_coef        | 0.434     |
|    ent_coef_loss   | -1        |
|    learning_rate   | 0.0064    |
|    n_updates       | 64974     |
----------------------------------
----------------------------------
| rollout/           |           |
|    ep_len_mean     | 911       |
|    ep_rew_mean     | -9.11e+04 |
| time/              |           |
|    episodes        | 433       |
|    fps             | 146       |
|    time_elapsed    | 1841      |
|    total_timesteps | 270000    |
| train/             |           |
|    actor_loss      | 290       |
|    critic_loss     | 73.2      |
|    ent_coef        | 0.499     |
|    ent_coef_loss   | -0.0335   |
|    learning_rate   | 0.0064    |
|    n_updates       | 67474     |
----------------------------------
----------------------------------
| rollout/           |           |
|    ep_len_mean     | 746       |
|    ep_rew_mean     | -7.19e+04 |
| time/              |           |
|    episodes        | 460       |
|    fps             | 146       |
|    time_elapsed    | 1912      |
|    total_timesteps | 280000    |
| train/             |           |
|    actor_loss      | 278       |
|    critic_loss     | 232       |
|    ent_coef        | 0.299     |
|    ent_coef_loss   | -1.67     |
|    learning_rate   | 0.0064    |
|    n_updates       | 69974     |
----------------------------------
----------------------------------
| rollout/           |           |
|    ep_len_mean     | 688       |
|    ep_rew_mean     | -8.32e+04 |
| time/              |           |
|    episodes        | 475       |
|    fps             | 145       |
|    time_elapsed    | 1986      |
|    total_timesteps | 290000    |
| train/             |           |
|    actor_loss      | 237       |
|    critic_loss     | 236       |
|    ent_coef        | 0.38      |
|    ent_coef_loss   | 0.643     |
|    learning_rate   | 0.0064    |
|    n_updates       | 72474     |
----------------------------------
---------------------------------
| rollout/           |          |
|    ep_len_mean     | 685      |
|    ep_rew_mean     | -7.7e+04 |
| time/              |          |
|    episodes        | 486      |
|    fps             | 145      |
|    time_elapsed    | 2060     |
|    total_timesteps | 300000   |
| train/             |          |
|    actor_loss      | 51.7     |
|    critic_loss     | 67.2     |
|    ent_coef        | 0.304    |
|    ent_coef_loss   | 1.74     |
|    learning_rate   | 0.0064   |
|    n_updates       | 74974    |
---------------------------------
---------------------------------
| rollout/           |          |
|    ep_len_mean     | 698      |
|    ep_rew_mean     | -7.5e+04 |
| time/              |          |
|    episodes        | 497      |
|    fps             | 145      |
|    time_elapsed    | 2135     |
|    total_timesteps | 310000   |
| train/             |          |
|    actor_loss      | 59.7     |
|    critic_loss     | 241      |
|    ent_coef        | 0.375    |
|    ent_coef_loss   | 0.0654   |
|    learning_rate   | 0.0064   |
|    n_updates       | 77474    |
---------------------------------
----------------------------------
| rollout/           |           |
|    ep_len_mean     | 709       |
|    ep_rew_mean     | -6.77e+04 |
| time/              |           |
|    episodes        | 507       |
|    fps             | 144       |
|    time_elapsed    | 2211      |
|    total_timesteps | 320000    |
| train/             |           |
|    actor_loss      | 146       |
|    critic_loss     | 45.8      |
|    ent_coef        | 0.433     |
|    ent_coef_loss   | -1.06     |
|    learning_rate   | 0.0064    |
|    n_updates       | 79974     |
----------------------------------
----------------------------------
| rollout/           |           |
|    ep_len_mean     | 714       |
|    ep_rew_mean     | -6.41e+04 |
| time/              |           |
|    episodes        | 520       |
|    fps             | 144       |
|    time_elapsed    | 2286      |
|    total_timesteps | 330000    |
| train/             |           |
|    actor_loss      | 258       |
|    critic_loss     | 63.1      |
|    ent_coef        | 0.831     |
|    ent_coef_loss   | -0.26     |
|    learning_rate   | 0.0064    |
|    n_updates       | 82474     |
----------------------------------
---------------------------------
| rollout/           |          |
|    ep_len_mean     | 708      |
|    ep_rew_mean     | -6.5e+04 |
| time/              |          |
|    episodes        | 528      |
|    fps             | 143      |
|    time_elapsed    | 2363     |
|    total_timesteps | 340000   |
| train/             |          |
|    actor_loss      | 209      |
|    critic_loss     | 239      |
|    ent_coef        | 0.38     |
|    ent_coef_loss   | 0.439    |
|    learning_rate   | 0.0064   |
|    n_updates       | 84974    |
---------------------------------
----------------------------------
| rollout/           |           |
|    ep_len_mean     | 776       |
|    ep_rew_mean     | -5.79e+04 |
| time/              |           |
|    episodes        | 540       |
|    fps             | 143       |
|    time_elapsed    | 2440      |
|    total_timesteps | 350000    |
| train/             |           |
|    actor_loss      | 339       |
|    critic_loss     | 40.9      |
|    ent_coef        | 0.331     |
|    ent_coef_loss   | 1.18      |
|    learning_rate   | 0.0064    |
|    n_updates       | 87474     |
----------------------------------
----------------------------------
| rollout/           |           |
|    ep_len_mean     | 844       |
|    ep_rew_mean     | -7.67e+04 |
| time/              |           |
|    episodes        | 553       |
|    fps             | 143       |
|    time_elapsed    | 2517      |
|    total_timesteps | 360000    |
| train/             |           |
|    actor_loss      | 211       |
|    critic_loss     | 57.1      |
|    ent_coef        | 0.424     |
|    ent_coef_loss   | 0.433     |
|    learning_rate   | 0.0064    |
|    n_updates       | 89974     |
----------------------------------
----------------------------------
| rollout/           |           |
|    ep_len_mean     | 857       |
|    ep_rew_mean     | -7.88e+04 |
| time/              |           |
|    episodes        | 565       |
|    fps             | 142       |
|    time_elapsed    | 2593      |
|    total_timesteps | 370000    |
| train/             |           |
|    actor_loss      | 313       |
|    critic_loss     | 41.7      |
|    ent_coef        | 0.464     |
|    ent_coef_loss   | -1.63     |
|    learning_rate   | 0.0064    |
|    n_updates       | 92474     |
----------------------------------
----------------------------------
| rollout/           |           |
|    ep_len_mean     | 860       |
|    ep_rew_mean     | -6.57e+04 |
| time/              |           |
|    episodes        | 580       |
|    fps             | 142       |
|    time_elapsed    | 2670      |
|    total_timesteps | 380000    |
| train/             |           |
|    actor_loss      | 466       |
|    critic_loss     | 76.5      |
|    ent_coef        | 0.515     |
|    ent_coef_loss   | 2.81      |
|    learning_rate   | 0.0064    |
|    n_updates       | 94974     |
----------------------------------
----------------------------------
| rollout/           |           |
|    ep_len_mean     | 862       |
|    ep_rew_mean     | -6.58e+04 |
| time/              |           |
|    episodes        | 591       |
|    fps             | 141       |
|    time_elapsed    | 2747      |
|    total_timesteps | 390000    |
| train/             |           |
|    actor_loss      | 106       |
|    critic_loss     | 70.7      |
|    ent_coef        | 0.378     |
|    ent_coef_loss   | 4.67      |
|    learning_rate   | 0.0064    |
|    n_updates       | 97474     |
----------------------------------
----------------------------------
| rollout/           |           |
|    ep_len_mean     | 862       |
|    ep_rew_mean     | -7.56e+04 |
| time/              |           |
|    episodes        | 602       |
|    fps             | 141       |
|    time_elapsed    | 2824      |
|    total_timesteps | 400000    |
| train/             |           |
|    actor_loss      | 465       |
|    critic_loss     | 120       |
|    ent_coef        | 0.572     |
|    ent_coef_loss   | 0.0801    |
|    learning_rate   | 0.0064    |
|    n_updates       | 99974     |
----------------------------------
----------------------------------
| rollout/           |           |
|    ep_len_mean     | 295       |
|    ep_rew_mean     | -8.52e+04 |
| time/              |           |
|    episodes        | 681       |
|    fps             | 141       |
|    time_elapsed    | 2901      |
|    total_timesteps | 410000    |
| train/             |           |
|    actor_loss      | 18.2      |
|    critic_loss     | 104       |
|    ent_coef        | 1.06      |
|    ent_coef_loss   | -0.13     |
|    learning_rate   | 0.0064    |
|    n_updates       | 102474    |
----------------------------------
----------------------------------
| rollout/           |           |
|    ep_len_mean     | 308       |
|    ep_rew_mean     | -8.89e+04 |
| time/              |           |
|    episodes        | 690       |
|    fps             | 141       |
|    time_elapsed    | 2978      |
|    total_timesteps | 420000    |
| train/             |           |
|    actor_loss      | 66.3      |
|    critic_loss     | 72.7      |
|    ent_coef        | 0.637     |
|    ent_coef_loss   | -0.528    |
|    learning_rate   | 0.0064    |
|    n_updates       | 104974    |
----------------------------------
----------------------------------
| rollout/           |           |
|    ep_len_mean     | 281       |
|    ep_rew_mean     | -1.14e+05 |
| time/              |           |
|    episodes        | 705       |
|    fps             | 140       |
|    time_elapsed    | 3055      |
|    total_timesteps | 430000    |
| train/             |           |
|    actor_loss      | 70.7      |
|    critic_loss     | 71.2      |
|    ent_coef        | 1.05      |
|    ent_coef_loss   | 0.06      |
|    learning_rate   | 0.0064    |
|    n_updates       | 107474    |
----------------------------------
----------------------------------
| rollout/           |           |
|    ep_len_mean     | 349       |
|    ep_rew_mean     | -1.08e+05 |
| time/              |           |
|    episodes        | 714       |
|    fps             | 140       |
|    time_elapsed    | 3133      |
|    total_timesteps | 440000    |
| train/             |           |
|    actor_loss      | -245      |
|    critic_loss     | 61.8      |
|    ent_coef        | 0.839     |
|    ent_coef_loss   | 0.0117    |
|    learning_rate   | 0.0064    |
|    n_updates       | 109974    |
----------------------------------
----------------------------------
| rollout/           |           |
|    ep_len_mean     | 445       |
|    ep_rew_mean     | -1.13e+05 |
| time/              |           |
|    episodes        | 725       |
|    fps             | 140       |
|    time_elapsed    | 3210      |
|    total_timesteps | 450000    |
| train/             |           |
|    actor_loss      | 299       |
|    critic_loss     | 175       |
|    ent_coef        | 0.779     |
|    ent_coef_loss   | -0.134    |
|    learning_rate   | 0.0064    |
|    n_updates       | 112474    |
----------------------------------
----------------------------------
| rollout/           |           |
|    ep_len_mean     | 533       |
|    ep_rew_mean     | -1.14e+05 |
| time/              |           |
|    episodes        | 735       |
|    fps             | 139       |
|    time_elapsed    | 3287      |
|    total_timesteps | 460000    |
| train/             |           |
|    actor_loss      | 278       |
|    critic_loss     | 227       |
|    ent_coef        | 0.656     |
|    ent_coef_loss   | 0.0689    |
|    learning_rate   | 0.0064    |
|    n_updates       | 114974    |
----------------------------------
----------------------------------
| rollout/           |           |
|    ep_len_mean     | 632       |
|    ep_rew_mean     | -1.16e+05 |
| time/              |           |
|    episodes        | 752       |
|    fps             | 139       |
|    time_elapsed    | 3365      |
|    total_timesteps | 470000    |
| train/             |           |
|    actor_loss      | 159       |
|    critic_loss     | 55.7      |
|    ent_coef        | 0.734     |
|    ent_coef_loss   | -0.341    |
|    learning_rate   | 0.0064    |
|    n_updates       | 117474    |
----------------------------------
----------------------------------
| rollout/           |           |
|    ep_len_mean     | 721       |
|    ep_rew_mean     | -1.11e+05 |
| time/              |           |
|    episodes        | 767       |
|    fps             | 139       |
|    time_elapsed    | 3442      |
|    total_timesteps | 480000    |
| train/             |           |
|    actor_loss      | 712       |
|    critic_loss     | 151       |
|    ent_coef        | 1.05      |
|    ent_coef_loss   | 0.115     |
|    learning_rate   | 0.0064    |
|    n_updates       | 119974    |
----------------------------------
----------------------------------
| rollout/           |           |
|    ep_len_mean     | 790       |
|    ep_rew_mean     | -1.12e+05 |
| time/              |           |
|    episodes        | 776       |
|    fps             | 139       |
|    time_elapsed    | 3520      |
|    total_timesteps | 490000    |
| train/             |           |
|    actor_loss      | 393       |
|    critic_loss     | 93.6      |
|    ent_coef        | 0.801     |
|    ent_coef_loss   | -0.0971   |
|    learning_rate   | 0.0064    |
|    n_updates       | 122474    |
----------------------------------
----------------------------------
| rollout/           |           |
|    ep_len_mean     | 823       |
|    ep_rew_mean     | -1.16e+05 |
| time/              |           |
|    episodes        | 788       |
|    fps             | 138       |
|    time_elapsed    | 3598      |
|    total_timesteps | 500000    |
| train/             |           |
|    actor_loss      | 205       |
|    critic_loss     | 101       |
|    ent_coef        | 0.792     |
|    ent_coef_loss   | 0.483     |
|    learning_rate   | 0.0064    |
|    n_updates       | 124974    |
----------------------------------
----------------------------------
| rollout/           |           |
|    ep_len_mean     | 842       |
|    ep_rew_mean     | -8.34e+04 |
| time/              |           |
|    episodes        | 799       |
|    fps             | 138       |
|    time_elapsed    | 3675      |
|    total_timesteps | 510000    |
| train/             |           |
|    actor_loss      | 161       |
|    critic_loss     | 136       |
|    ent_coef        | 0.717     |
|    ent_coef_loss   | 0.0516    |
|    learning_rate   | 0.0064    |
|    n_updates       | 127474    |
----------------------------------
----------------------------------
| rollout/           |           |
|    ep_len_mean     | 845       |
|    ep_rew_mean     | -8.74e+04 |
| time/              |           |
|    episodes        | 810       |
|    fps             | 138       |
|    time_elapsed    | 3753      |
|    total_timesteps | 520000    |
| train/             |           |
|    actor_loss      | 159       |
|    critic_loss     | 49.9      |
|    ent_coef        | 0.726     |
|    ent_coef_loss   | 0.227     |
|    learning_rate   | 0.0064    |
|    n_updates       | 129974    |
----------------------------------
---------------------------------
| rollout/           |          |
|    ep_len_mean     | 853      |
|    ep_rew_mean     | -7.8e+04 |
| time/              |          |
|    episodes        | 819      |
|    fps             | 138      |
|    time_elapsed    | 3831     |
|    total_timesteps | 530000   |
| train/             |          |
|    actor_loss      | 351      |
|    critic_loss     | 34.9     |
|    ent_coef        | 0.529    |
|    ent_coef_loss   | -1.27    |
|    learning_rate   | 0.0064   |
|    n_updates       | 132474   |
---------------------------------
----------------------------------
| rollout/           |           |
|    ep_len_mean     | 856       |
|    ep_rew_mean     | -7.51e+04 |
| time/              |           |
|    episodes        | 830       |
|    fps             | 138       |
|    time_elapsed    | 3909      |
|    total_timesteps | 540000    |
| train/             |           |
|    actor_loss      | 303       |
|    critic_loss     | 51.4      |
|    ent_coef        | 0.735     |
|    ent_coef_loss   | 0.041     |
|    learning_rate   | 0.0064    |
|    n_updates       | 134974    |
----------------------------------
----------------------------------
| rollout/           |           |
|    ep_len_mean     | 840       |
|    ep_rew_mean     | -7.71e+04 |
| time/              |           |
|    episodes        | 848       |
|    fps             | 137       |
|    time_elapsed    | 3987      |
|    total_timesteps | 550000    |
| train/             |           |
|    actor_loss      | 263       |
|    critic_loss     | 61.8      |
|    ent_coef        | 1.39      |
|    ent_coef_loss   | 0.246     |
|    learning_rate   | 0.0064    |
|    n_updates       | 137474    |
----------------------------------
----------------------------------
| rollout/           |           |
|    ep_len_mean     | 821       |
|    ep_rew_mean     | -7.99e+04 |
| time/              |           |
|    episodes        | 861       |
|    fps             | 137       |
|    time_elapsed    | 4065      |
|    total_timesteps | 560000    |
| train/             |           |
|    actor_loss      | 178       |
|    critic_loss     | 81.2      |
|    ent_coef        | 0.986     |
|    ent_coef_loss   | -0.0361   |
|    learning_rate   | 0.0064    |
|    n_updates       | 139974    |
----------------------------------
----------------------------------
| rollout/           |           |
|    ep_len_mean     | 756       |
|    ep_rew_mean     | -7.51e+04 |
| time/              |           |
|    episodes        | 883       |
|    fps             | 137       |
|    time_elapsed    | 4144      |
|    total_timesteps | 570000    |
| train/             |           |
|    actor_loss      | 336       |
|    critic_loss     | 48.1      |
|    ent_coef        | 0.74      |
|    ent_coef_loss   | 1.73      |
|    learning_rate   | 0.0064    |
|    n_updates       | 142474    |
----------------------------------
----------------------------------
| rollout/           |           |
|    ep_len_mean     | 756       |
|    ep_rew_mean     | -9.17e+04 |
| time/              |           |
|    episodes        | 891       |
|    fps             | 137       |
|    time_elapsed    | 4222      |
|    total_timesteps | 580000    |
| train/             |           |
|    actor_loss      | 91.5      |
|    critic_loss     | 50.3      |
|    ent_coef        | 1.25      |
|    ent_coef_loss   | 0.0803    |
|    learning_rate   | 0.0064    |
|    n_updates       | 144974    |
----------------------------------
----------------------------------
| rollout/           |           |
|    ep_len_mean     | 724       |
|    ep_rew_mean     | -9.44e+04 |
| time/              |           |
|    episodes        | 907       |
|    fps             | 137       |
|    time_elapsed    | 4300      |
|    total_timesteps | 590000    |
| train/             |           |
|    actor_loss      | 35.7      |
|    critic_loss     | 98.8      |
|    ent_coef        | 0.552     |
|    ent_coef_loss   | 0.349     |
|    learning_rate   | 0.0064    |
|    n_updates       | 147474    |
----------------------------------
----------------------------------
| rollout/           |           |
|    ep_len_mean     | 691       |
|    ep_rew_mean     | -9.19e+04 |
| time/              |           |
|    episodes        | 922       |
|    fps             | 137       |
|    time_elapsed    | 4379      |
|    total_timesteps | 600000    |
| train/             |           |
|    actor_loss      | -138      |
|    critic_loss     | 54.6      |
|    ent_coef        | 0.534     |
|    ent_coef_loss   | 0.354     |
|    learning_rate   | 0.0064    |
|    n_updates       | 149974    |
----------------------------------
----------------------------------
| rollout/           |           |
|    ep_len_mean     | 691       |
|    ep_rew_mean     | -9.37e+04 |
| time/              |           |
|    episodes        | 930       |
|    fps             | 136       |
|    time_elapsed    | 4457      |
|    total_timesteps | 610000    |
| train/             |           |
|    actor_loss      | 31.8      |
|    critic_loss     | 69.6      |
|    ent_coef        | 0.793     |
|    ent_coef_loss   | -0.213    |
|    learning_rate   | 0.0064    |
|    n_updates       | 152474    |
----------------------------------
---------------------------------
| rollout/           |          |
|    ep_len_mean     | 734      |
|    ep_rew_mean     | -1.1e+05 |
| time/              |          |
|    episodes        | 942      |
|    fps             | 136      |
|    time_elapsed    | 4537     |
|    total_timesteps | 620000   |
| train/             |          |
|    actor_loss      | 112      |
|    critic_loss     | 55.5     |
|    ent_coef        | 0.78     |
|    ent_coef_loss   | -0.283   |
|    learning_rate   | 0.0064   |
|    n_updates       | 154974   |
---------------------------------
---------------------------------
| rollout/           |          |
|    ep_len_mean     | 768      |
|    ep_rew_mean     | -1.1e+05 |
| time/              |          |
|    episodes        | 950      |
|    fps             | 136      |
|    time_elapsed    | 4615     |
|    total_timesteps | 630000   |
| train/             |          |
|    actor_loss      | 375      |
|    critic_loss     | 60.2     |
|    ent_coef        | 0.822    |
|    ent_coef_loss   | -0.112   |
|    learning_rate   | 0.0064   |
|    n_updates       | 157474   |
---------------------------------
---------------------------------
| rollout/           |          |
|    ep_len_mean     | 798      |
|    ep_rew_mean     | -1.1e+05 |
| time/              |          |
|    episodes        | 962      |
|    fps             | 136      |
|    time_elapsed    | 4694     |
|    total_timesteps | 640000   |
| train/             |          |
|    actor_loss      | 354      |
|    critic_loss     | 64.3     |
|    ent_coef        | 1.71     |
|    ent_coef_loss   | 0.274    |
|    learning_rate   | 0.0064   |
|    n_updates       | 159974   |
---------------------------------
---------------------------------
| rollout/           |          |
|    ep_len_mean     | 861      |
|    ep_rew_mean     | -1.1e+05 |
| time/              |          |
|    episodes        | 970      |
|    fps             | 136      |
|    time_elapsed    | 4772     |
|    total_timesteps | 650000   |
| train/             |          |
|    actor_loss      | 58       |
|    critic_loss     | 39.3     |
|    ent_coef        | 1.25     |
|    ent_coef_loss   | 0.188    |
|    learning_rate   | 0.0064   |
|    n_updates       | 162474   |
---------------------------------
----------------------------------
| rollout/           |           |
|    ep_len_mean     | 911       |
|    ep_rew_mean     | -1.09e+05 |
| time/              |           |
|    episodes        | 982       |
|    fps             | 136       |
|    time_elapsed    | 4850      |
|    total_timesteps | 660000    |
| train/             |           |
|    actor_loss      | 37.8      |
|    critic_loss     | 41.5      |
|    ent_coef        | 0.953     |
|    ent_coef_loss   | 0.0125    |
|    learning_rate   | 0.0064    |
|    n_updates       | 164974    |
----------------------------------
----------------------------------
| rollout/           |           |
|    ep_len_mean     | 911       |
|    ep_rew_mean     | -1.03e+05 |
| time/              |           |
|    episodes        | 990       |
|    fps             | 135       |
|    time_elapsed    | 4929      |
|    total_timesteps | 670000    |
| train/             |           |
|    actor_loss      | -494      |
|    critic_loss     | 129       |
|    ent_coef        | 1.78      |
|    ent_coef_loss   | 0.326     |
|    learning_rate   | 0.0064    |
|    n_updates       | 167474    |
----------------------------------
----------------------------------
| rollout/           |           |
|    ep_len_mean     | 943       |
|    ep_rew_mean     | -1.15e+05 |
| time/              |           |
|    episodes        | 1002      |
|    fps             | 135       |
|    time_elapsed    | 5008      |
|    total_timesteps | 680000    |
| train/             |           |
|    actor_loss      | -252      |
|    critic_loss     | 84        |
|    ent_coef        | 1.34      |
|    ent_coef_loss   | 0.271     |
|    learning_rate   | 0.0064    |
|    n_updates       | 169974    |
----------------------------------
----------------------------------
| rollout/           |           |
|    ep_len_mean     | 978       |
|    ep_rew_mean     | -1.14e+05 |
| time/              |           |
|    episodes        | 1010      |
|    fps             | 135       |
|    time_elapsed    | 5087      |
|    total_timesteps | 690000    |
| train/             |           |
|    actor_loss      | -455      |
|    critic_loss     | 123       |
|    ent_coef        | 2.3       |
|    ent_coef_loss   | -0.328    |
|    learning_rate   | 0.0064    |
|    n_updates       | 172474    |
----------------------------------
----------------------------------
| rollout/           |           |
|    ep_len_mean     | 1e+03     |
|    ep_rew_mean     | -1.22e+05 |
| time/              |           |
|    episodes        | 1022      |
|    fps             | 135       |
|    time_elapsed    | 5166      |
|    total_timesteps | 700000    |
| train/             |           |
|    actor_loss      | -487      |
|    critic_loss     | 123       |
|    ent_coef        | 1.2       |
|    ent_coef_loss   | -0.21     |
|    learning_rate   | 0.0064    |
|    n_updates       | 174974    |
----------------------------------
----------------------------------
| rollout/           |           |
|    ep_len_mean     | 937       |
|    ep_rew_mean     | -1.74e+05 |
| time/              |           |
|    episodes        | 1038      |
|    fps             | 135       |
|    time_elapsed    | 5245      |
|    total_timesteps | 710000    |
| train/             |           |
|    actor_loss      | -157      |
|    critic_loss     | 93.1      |
|    ent_coef        | 1.27      |
|    ent_coef_loss   | -0.395    |
|    learning_rate   | 0.0064    |
|    n_updates       | 177474    |
----------------------------------
----------------------------------
| rollout/           |           |
|    ep_len_mean     | 679       |
|    ep_rew_mean     | -2.39e+05 |
| time/              |           |
|    episodes        | 1073      |
|    fps             | 135       |
|    time_elapsed    | 5324      |
|    total_timesteps | 720000    |
| train/             |           |
|    actor_loss      | 13.2      |
|    critic_loss     | 148       |
|    ent_coef        | 1.64      |
|    ent_coef_loss   | -0.704    |
|    learning_rate   | 0.0064    |
|    n_updates       | 179974    |
----------------------------------
----------------------------------
| rollout/           |           |
|    ep_len_mean     | 667       |
|    ep_rew_mean     | -2.42e+05 |
| time/              |           |
|    episodes        | 1085      |
|    fps             | 135       |
|    time_elapsed    | 5403      |
|    total_timesteps | 730000    |
| train/             |           |
|    actor_loss      | 16.6      |
|    critic_loss     | 404       |
|    ent_coef        | 1.41      |
|    ent_coef_loss   | 0.031     |
|    learning_rate   | 0.0064    |
|    n_updates       | 182474    |
----------------------------------
----------------------------------
| rollout/           |           |
|    ep_len_mean     | 574       |
|    ep_rew_mean     | -2.13e+05 |
| time/              |           |
|    episodes        | 1104      |
|    fps             | 134       |
|    time_elapsed    | 5483      |
|    total_timesteps | 740000    |
| train/             |           |
|    actor_loss      | 86.6      |
|    critic_loss     | 191       |
|    ent_coef        | 1.5       |
|    ent_coef_loss   | 0.58      |
|    learning_rate   | 0.0064    |
|    n_updates       | 184974    |
----------------------------------
----------------------------------
| rollout/           |           |
|    ep_len_mean     | 564       |
|    ep_rew_mean     | -2.13e+05 |
| time/              |           |
|    episodes        | 1113      |
|    fps             | 134       |
|    time_elapsed    | 5562      |
|    total_timesteps | 750000    |
| train/             |           |
|    actor_loss      | -94       |
|    critic_loss     | 326       |
|    ent_coef        | 2.33      |
|    ent_coef_loss   | 1.08      |
|    learning_rate   | 0.0064    |
|    n_updates       | 187474    |
----------------------------------
----------------------------------
| rollout/           |           |
|    ep_len_mean     | 573       |
|    ep_rew_mean     | -2.09e+05 |
| time/              |           |
|    episodes        | 1125      |
|    fps             | 134       |
|    time_elapsed    | 5640      |
|    total_timesteps | 760000    |
| train/             |           |
|    actor_loss      | 54.8      |
|    critic_loss     | 167       |
|    ent_coef        | 1.29      |
|    ent_coef_loss   | -0.168    |
|    learning_rate   | 0.0064    |
|    n_updates       | 189974    |
----------------------------------
----------------------------------
| rollout/           |           |
|    ep_len_mean     | 586       |
|    ep_rew_mean     | -1.42e+05 |
| time/              |           |
|    episodes        | 1134      |
|    fps             | 134       |
|    time_elapsed    | 5719      |
|    total_timesteps | 770000    |
| train/             |           |
|    actor_loss      | 177       |
|    critic_loss     | 103       |
|    ent_coef        | 1.87      |
|    ent_coef_loss   | 0.328     |
|    learning_rate   | 0.0064    |
|    n_updates       | 192474    |
----------------------------------
----------------------------------
| rollout/           |           |
|    ep_len_mean     | 695       |
|    ep_rew_mean     | -1.41e+05 |
| time/              |           |
|    episodes        | 1145      |
|    fps             | 134       |
|    time_elapsed    | 5799      |
|    total_timesteps | 780000    |
| train/             |           |
|    actor_loss      | 62.5      |
|    critic_loss     | 85.9      |
|    ent_coef        | 1.85      |
|    ent_coef_loss   | 1.01      |
|    learning_rate   | 0.0064    |
|    n_updates       | 194974    |
----------------------------------
----------------------------------
| rollout/           |           |
|    ep_len_mean     | 772       |
|    ep_rew_mean     | -1.43e+05 |
| time/              |           |
|    episodes        | 1154      |
|    fps             | 134       |
|    time_elapsed    | 5878      |
|    total_timesteps | 790000    |
| train/             |           |
|    actor_loss      | 46.5      |
|    critic_loss     | 77.7      |
|    ent_coef        | 1.95      |
|    ent_coef_loss   | -0.297    |
|    learning_rate   | 0.0064    |
|    n_updates       | 197474    |
----------------------------------
----------------------------------
| rollout/           |           |
|    ep_len_mean     | 866       |
|    ep_rew_mean     | -1.06e+05 |
| time/              |           |
|    episodes        | 1165      |
|    fps             | 134       |
|    time_elapsed    | 5956      |
|    total_timesteps | 800000    |
| train/             |           |
|    actor_loss      | -22.5     |
|    critic_loss     | 87.4      |
|    ent_coef        | 1.69      |
|    ent_coef_loss   | -0.102    |
|    learning_rate   | 0.0064    |
|    n_updates       | 199974    |
----------------------------------
----------------------------------
| rollout/           |           |
|    ep_len_mean     | 879       |
|    ep_rew_mean     | -1.05e+05 |
| time/              |           |
|    episodes        | 1175      |
|    fps             | 134       |
|    time_elapsed    | 6035      |
|    total_timesteps | 810000    |
| train/             |           |
|    actor_loss      | -140      |
|    critic_loss     | 95        |
|    ent_coef        | 1.21      |
|    ent_coef_loss   | 0.293     |
|    learning_rate   | 0.0064    |
|    n_updates       | 202474    |
----------------------------------
----------------------------------
| rollout/           |           |
|    ep_len_mean     | 843       |
|    ep_rew_mean     | -1.03e+05 |
| time/              |           |
|    episodes        | 1189      |
|    fps             | 134       |
|    time_elapsed    | 6113      |
|    total_timesteps | 820000    |
| train/             |           |
|    actor_loss      | 195       |
|    critic_loss     | 124       |
|    ent_coef        | 1.07      |
|    ent_coef_loss   | 0.0704    |
|    learning_rate   | 0.0064    |
|    n_updates       | 204974    |
----------------------------------
----------------------------------
| rollout/           |           |
|    ep_len_mean     | 760       |
|    ep_rew_mean     | -1.17e+05 |
| time/              |           |
|    episodes        | 1220      |
|    fps             | 134       |
|    time_elapsed    | 6191      |
|    total_timesteps | 830000    |
| train/             |           |
|    actor_loss      | -124      |
|    critic_loss     | 80        |
|    ent_coef        | 0.694     |
|    ent_coef_loss   | 0.0223    |
|    learning_rate   | 0.0064    |
|    n_updates       | 207474    |
----------------------------------
---------------------------------
| rollout/           |          |
|    ep_len_mean     | 551      |
|    ep_rew_mean     | -1.2e+05 |
| time/              |          |
|    episodes        | 1250     |
|    fps             | 133      |
|    time_elapsed    | 6270     |
|    total_timesteps | 840000   |
| train/             |          |
|    actor_loss      | -43.2    |
|    critic_loss     | 74.4     |
|    ent_coef        | 0.738    |
|    ent_coef_loss   | -0.309   |
|    learning_rate   | 0.0064   |
|    n_updates       | 209974   |
---------------------------------
----------------------------------
| rollout/           |           |
|    ep_len_mean     | 550       |
|    ep_rew_mean     | -1.09e+05 |
| time/              |           |
|    episodes        | 1259      |
|    fps             | 133       |
|    time_elapsed    | 6348      |
|    total_timesteps | 850000    |
| train/             |           |
|    actor_loss      | -60.6     |
|    critic_loss     | 250       |
|    ent_coef        | 0.73      |
|    ent_coef_loss   | 0.652     |
|    learning_rate   | 0.0064    |
|    n_updates       | 212474    |
----------------------------------
---------------------------------
| rollout/           |          |
|    ep_len_mean     | 471      |
|    ep_rew_mean     | -9.4e+04 |
| time/              |          |
|    episodes        | 1281     |
|    fps             | 133      |
|    time_elapsed    | 6426     |
|    total_timesteps | 860000   |
| train/             |          |
|    actor_loss      | 205      |
|    critic_loss     | 275      |
|    ent_coef        | 0.867    |
|    ent_coef_loss   | -0.196   |
|    learning_rate   | 0.0064   |
|    n_updates       | 214974   |
---------------------------------
----------------------------------
| rollout/           |           |
|    ep_len_mean     | 491       |
|    ep_rew_mean     | -8.79e+04 |
| time/              |           |
|    episodes        | 1290      |
|    fps             | 133       |
|    time_elapsed    | 6504      |
|    total_timesteps | 870000    |
| train/             |           |
|    actor_loss      | 133       |
|    critic_loss     | 123       |
|    ent_coef        | 1.26      |
|    ent_coef_loss   | 0.445     |
|    learning_rate   | 0.0064    |
|    n_updates       | 217474    |
----------------------------------
----------------------------------
| rollout/           |           |
|    ep_len_mean     | 523       |
|    ep_rew_mean     | -9.35e+04 |
| time/              |           |
|    episodes        | 1301      |
|    fps             | 133       |
|    time_elapsed    | 6582      |
|    total_timesteps | 880000    |
| train/             |           |
|    actor_loss      | -429      |
|    critic_loss     | 146       |
|    ent_coef        | 1.87      |
|    ent_coef_loss   | 0.297     |
|    learning_rate   | 0.0064    |
|    n_updates       | 219974    |
----------------------------------
----------------------------------
| rollout/           |           |
|    ep_len_mean     | 593       |
|    ep_rew_mean     | -9.65e+04 |
| time/              |           |
|    episodes        | 1310      |
|    fps             | 133       |
|    time_elapsed    | 6661      |
|    total_timesteps | 890000    |
| train/             |           |
|    actor_loss      | -210      |
|    critic_loss     | 75.1      |
|    ent_coef        | 0.853     |
|    ent_coef_loss   | -0.0543   |
|    learning_rate   | 0.0064    |
|    n_updates       | 222474    |
----------------------------------
----------------------------------
| rollout/           |           |
|    ep_len_mean     | 687       |
|    ep_rew_mean     | -9.49e+04 |
| time/              |           |
|    episodes        | 1322      |
|    fps             | 133       |
|    time_elapsed    | 6740      |
|    total_timesteps | 900000    |
| train/             |           |
|    actor_loss      | 27.9      |
|    critic_loss     | 64.5      |
|    ent_coef        | 0.887     |
|    ent_coef_loss   | -0.0451   |
|    learning_rate   | 0.0064    |
|    n_updates       | 224974    |
----------------------------------
----------------------------------
| rollout/           |           |
|    ep_len_mean     | 759       |
|    ep_rew_mean     | -9.88e+04 |
| time/              |           |
|    episodes        | 1330      |
|    fps             | 133       |
|    time_elapsed    | 6819      |
|    total_timesteps | 910000    |
| train/             |           |
|    actor_loss      | 232       |
|    critic_loss     | 60.2      |
|    ent_coef        | 0.487     |
|    ent_coef_loss   | -0.708    |
|    learning_rate   | 0.0064    |
|    n_updates       | 227474    |
----------------------------------
----------------------------------
| rollout/           |           |
|    ep_len_mean     | 836       |
|    ep_rew_mean     | -9.38e+04 |
| time/              |           |
|    episodes        | 1342      |
|    fps             | 133       |
|    time_elapsed    | 6898      |
|    total_timesteps | 920000    |
| train/             |           |
|    actor_loss      | -31.7     |
|    critic_loss     | 90.9      |
|    ent_coef        | 0.732     |
|    ent_coef_loss   | 0.214     |
|    learning_rate   | 0.0064    |
|    n_updates       | 229974    |
----------------------------------
----------------------------------
| rollout/           |           |
|    ep_len_mean     | 845       |
|    ep_rew_mean     | -1.09e+05 |
| time/              |           |
|    episodes        | 1355      |
|    fps             | 133       |
|    time_elapsed    | 6976      |
|    total_timesteps | 930000    |
| train/             |           |
|    actor_loss      | 341       |
|    critic_loss     | 57.4      |
|    ent_coef        | 0.62      |
|    ent_coef_loss   | -0.528    |
|    learning_rate   | 0.0064    |
|    n_updates       | 232474    |
----------------------------------
----------------------------------
| rollout/           |           |
|    ep_len_mean     | 794       |
|    ep_rew_mean     | -1.08e+05 |
| time/              |           |
|    episodes        | 1376      |
|    fps             | 133       |
|    time_elapsed    | 7054      |
|    total_timesteps | 940000    |
| train/             |           |
|    actor_loss      | 161       |
|    critic_loss     | 91        |
|    ent_coef        | 1.12      |
|    ent_coef_loss   | 0.0958    |
|    learning_rate   | 0.0064    |
|    n_updates       | 234974    |
----------------------------------
----------------------------------
| rollout/           |           |
|    ep_len_mean     | 795       |
|    ep_rew_mean     | -1.03e+05 |
| time/              |           |
|    episodes        | 1392      |
|    fps             | 132       |
|    time_elapsed    | 7143      |
|    total_timesteps | 950000    |
| train/             |           |
|    actor_loss      | 405       |
|    critic_loss     | 60.2      |
|    ent_coef        | 0.855     |
|    ent_coef_loss   | -0.18     |
|    learning_rate   | 0.0064    |
|    n_updates       | 237474    |
----------------------------------
----------------------------------
| rollout/           |           |
|    ep_len_mean     | 751       |
|    ep_rew_mean     | -8.34e+04 |
| time/              |           |
|    episodes        | 1407      |
|    fps             | 132       |
|    time_elapsed    | 7222      |
|    total_timesteps | 960000    |
| train/             |           |
|    actor_loss      | 404       |
|    critic_loss     | 110       |
|    ent_coef        | 0.82      |
|    ent_coef_loss   | 0.161     |
|    learning_rate   | 0.0064    |
|    n_updates       | 239974    |
----------------------------------
----------------------------------
| rollout/           |           |
|    ep_len_mean     | 736       |
|    ep_rew_mean     | -8.16e+04 |
| time/              |           |
|    episodes        | 1418      |
|    fps             | 132       |
|    time_elapsed    | 7300      |
|    total_timesteps | 970000    |
| train/             |           |
|    actor_loss      | 305       |
|    critic_loss     | 118       |
|    ent_coef        | 1.06      |
|    ent_coef_loss   | -0.0218   |
|    learning_rate   | 0.0064    |
|    n_updates       | 242474    |
----------------------------------
----------------------------------
| rollout/           |           |
|    ep_len_mean     | 732       |
|    ep_rew_mean     | -7.73e+04 |
| time/              |           |
|    episodes        | 1428      |
|    fps             | 132       |
|    time_elapsed    | 7379      |
|    total_timesteps | 980000    |
| train/             |           |
|    actor_loss      | 37.7      |
|    critic_loss     | 83.3      |
|    ent_coef        | 0.748     |
|    ent_coef_loss   | 0.507     |
|    learning_rate   | 0.0064    |
|    n_updates       | 244974    |
----------------------------------
----------------------------------
| rollout/           |           |
|    ep_len_mean     | 721       |
|    ep_rew_mean     | -7.87e+04 |
| time/              |           |
|    episodes        | 1439      |
|    fps             | 132       |
|    time_elapsed    | 7457      |
|    total_timesteps | 990000    |
| train/             |           |
|    actor_loss      | 188       |
|    critic_loss     | 72.2      |
|    ent_coef        | 0.979     |
|    ent_coef_loss   | -0.0311   |
|    learning_rate   | 0.0064    |
|    n_updates       | 247474    |
----------------------------------
----------------------------------
| rollout/           |           |
|    ep_len_mean     | 733       |
|    ep_rew_mean     | -6.71e+04 |
| time/              |           |
|    episodes        | 1451      |
|    fps             | 132       |
|    time_elapsed    | 7536      |
|    total_timesteps | 1000000   |
| train/             |           |
|    actor_loss      | 123       |
|    critic_loss     | 55        |
|    ent_coef        | 1.08      |
|    ent_coef_loss   | 0.0721    |
|    learning_rate   | 0.0064    |
|    n_updates       | 249974    |
----------------------------------
Training ended on Tue Jan 27 18:19:51 2026
Training lasted 2:05:36.203810
