Logging to training_default_logs/2_robots/logs/PPO_set1
Using cpu device
Training started on Tue Jan 27 16:12:35 2026
Experiment configuration: {'algorithm': 'PPO', 'set': 1, 'verbose': 1, 'steps': 1000000, 'num_robots': 2, 'num_envs': 4, 'seed': 33, 'log_steps': 10000, 'resume': False, 'device': 'cpu'}
------------------------------------------
| rollout/                |              |
|    ep_len_mean          | 142          |
|    ep_rew_mean          | -3.97e+05    |
| time/                   |              |
|    fps                  | 1499         |
|    time_elapsed         | 6            |
|    total_timesteps      | 10000        |
| train/                  |              |
|    approx_kl            | 0.0012374627 |
|    clip_fraction        | 7.32e-05     |
|    clip_range           | 0.2          |
|    entropy_loss         | -8.52        |
|    explained_variance   | 4.77e-07     |
|    learning_rate        | 0.0003       |
|    loss                 | 1.08e+09     |
|    n_updates            | 10           |
|    policy_gradient_loss | -0.0021      |
|    std                  | 1            |
|    value_loss           | 2.42e+09     |
------------------------------------------
------------------------------------------
| rollout/                |              |
|    ep_len_mean          | 155          |
|    ep_rew_mean          | -4.34e+05    |
| time/                   |              |
|    fps                  | 1521         |
|    time_elapsed         | 13           |
|    total_timesteps      | 20000        |
| train/                  |              |
|    approx_kl            | 0.0005859282 |
|    clip_fraction        | 0            |
|    clip_range           | 0.2          |
|    entropy_loss         | -8.52        |
|    explained_variance   | -1.19e-07    |
|    learning_rate        | 0.0003       |
|    loss                 | 1.15e+09     |
|    n_updates            | 20           |
|    policy_gradient_loss | -0.00113     |
|    std                  | 1            |
|    value_loss           | 2.38e+09     |
------------------------------------------
-------------------------------------------
| rollout/                |               |
|    ep_len_mean          | 182           |
|    ep_rew_mean          | -4.76e+05     |
| time/                   |               |
|    fps                  | 1530          |
|    time_elapsed         | 19            |
|    total_timesteps      | 30000         |
| train/                  |               |
|    approx_kl            | 0.00079694076 |
|    clip_fraction        | 0             |
|    clip_range           | 0.2           |
|    entropy_loss         | -8.51         |
|    explained_variance   | 0             |
|    learning_rate        | 0.0003        |
|    loss                 | 1.17e+09      |
|    n_updates            | 30            |
|    policy_gradient_loss | -0.00133      |
|    std                  | 1             |
|    value_loss           | 2.05e+09      |
-------------------------------------------
------------------------------------------
| rollout/                |              |
|    ep_len_mean          | 185          |
|    ep_rew_mean          | -4.59e+05    |
| time/                   |              |
|    fps                  | 1546         |
|    time_elapsed         | 25           |
|    total_timesteps      | 40000        |
| train/                  |              |
|    approx_kl            | 0.0008341941 |
|    clip_fraction        | 0            |
|    clip_range           | 0.2          |
|    entropy_loss         | -8.51        |
|    explained_variance   | 0            |
|    learning_rate        | 0.0003       |
|    loss                 | 9.3e+08      |
|    n_updates            | 40           |
|    policy_gradient_loss | -0.00128     |
|    std                  | 1            |
|    value_loss           | 2.12e+09     |
------------------------------------------
-------------------------------------------
| rollout/                |               |
|    ep_len_mean          | 186           |
|    ep_rew_mean          | -4.48e+05     |
| time/                   |               |
|    fps                  | 1411          |
|    time_elapsed         | 35            |
|    total_timesteps      | 50000         |
| train/                  |               |
|    approx_kl            | 0.00051229796 |
|    clip_fraction        | 0             |
|    clip_range           | 0.2           |
|    entropy_loss         | -8.51         |
|    explained_variance   | 0             |
|    learning_rate        | 0.0003        |
|    loss                 | 9.93e+08      |
|    n_updates            | 60            |
|    policy_gradient_loss | -0.00112      |
|    std                  | 0.999         |
|    value_loss           | 1.95e+09      |
-------------------------------------------
------------------------------------------
| rollout/                |              |
|    ep_len_mean          | 169          |
|    ep_rew_mean          | -4.11e+05    |
| time/                   |              |
|    fps                  | 1438         |
|    time_elapsed         | 41           |
|    total_timesteps      | 60000        |
| train/                  |              |
|    approx_kl            | 0.0011318296 |
|    clip_fraction        | 0            |
|    clip_range           | 0.2          |
|    entropy_loss         | -8.51        |
|    explained_variance   | 0            |
|    learning_rate        | 0.0003       |
|    loss                 | 9.53e+08     |
|    n_updates            | 70           |
|    policy_gradient_loss | -0.00137     |
|    std                  | 0.999        |
|    value_loss           | 1.86e+09     |
------------------------------------------
------------------------------------------
| rollout/                |              |
|    ep_len_mean          | 179          |
|    ep_rew_mean          | -4.42e+05    |
| time/                   |              |
|    fps                  | 1453         |
|    time_elapsed         | 48           |
|    total_timesteps      | 70000        |
| train/                  |              |
|    approx_kl            | 0.0009728676 |
|    clip_fraction        | 0            |
|    clip_range           | 0.2          |
|    entropy_loss         | -8.51        |
|    explained_variance   | -1.19e-07    |
|    learning_rate        | 0.0003       |
|    loss                 | 9.14e+08     |
|    n_updates            | 80           |
|    policy_gradient_loss | -0.0017      |
|    std                  | 0.999        |
|    value_loss           | 2.15e+09     |
------------------------------------------
------------------------------------------
| rollout/                |              |
|    ep_len_mean          | 168          |
|    ep_rew_mean          | -4.13e+05    |
| time/                   |              |
|    fps                  | 1467         |
|    time_elapsed         | 54           |
|    total_timesteps      | 80000        |
| train/                  |              |
|    approx_kl            | 0.0014854734 |
|    clip_fraction        | 7.32e-05     |
|    clip_range           | 0.2          |
|    entropy_loss         | -8.51        |
|    explained_variance   | 0            |
|    learning_rate        | 0.0003       |
|    loss                 | 1.13e+09     |
|    n_updates            | 90           |
|    policy_gradient_loss | -0.00179     |
|    std                  | 0.999        |
|    value_loss           | 1.98e+09     |
------------------------------------------
-------------------------------------------
| rollout/                |               |
|    ep_len_mean          | 160           |
|    ep_rew_mean          | -3.88e+05     |
| time/                   |               |
|    fps                  | 1476          |
|    time_elapsed         | 60            |
|    total_timesteps      | 90000         |
| train/                  |               |
|    approx_kl            | 0.00067859015 |
|    clip_fraction        | 0             |
|    clip_range           | 0.2           |
|    entropy_loss         | -8.51         |
|    explained_variance   | -1.19e-07     |
|    learning_rate        | 0.0003        |
|    loss                 | 9.87e+08      |
|    n_updates            | 100           |
|    policy_gradient_loss | -0.00124      |
|    std                  | 0.999         |
|    value_loss           | 1.87e+09      |
-------------------------------------------
-------------------------------------------
| rollout/                |               |
|    ep_len_mean          | 156           |
|    ep_rew_mean          | -3.71e+05     |
| time/                   |               |
|    fps                  | 1410          |
|    time_elapsed         | 70            |
|    total_timesteps      | 100000        |
| train/                  |               |
|    approx_kl            | 0.00058560213 |
|    clip_fraction        | 0             |
|    clip_range           | 0.2           |
|    entropy_loss         | -8.5          |
|    explained_variance   | 0             |
|    learning_rate        | 0.0003        |
|    loss                 | 7.36e+08      |
|    n_updates            | 120           |
|    policy_gradient_loss | -0.00104      |
|    std                  | 0.998         |
|    value_loss           | 1.91e+09      |
-------------------------------------------
------------------------------------------
| rollout/                |              |
|    ep_len_mean          | 175          |
|    ep_rew_mean          | -4.02e+05    |
| time/                   |              |
|    fps                  | 1423         |
|    time_elapsed         | 77           |
|    total_timesteps      | 110000       |
| train/                  |              |
|    approx_kl            | 0.0006722261 |
|    clip_fraction        | 0            |
|    clip_range           | 0.2          |
|    entropy_loss         | -8.5         |
|    explained_variance   | 0            |
|    learning_rate        | 0.0003       |
|    loss                 | 8.37e+08     |
|    n_updates            | 130          |
|    policy_gradient_loss | -0.00101     |
|    std                  | 0.998        |
|    value_loss           | 1.83e+09     |
------------------------------------------
-----------------------------------------
| rollout/                |             |
|    ep_len_mean          | 165         |
|    ep_rew_mean          | -3.78e+05   |
| time/                   |             |
|    fps                  | 1432        |
|    time_elapsed         | 83          |
|    total_timesteps      | 120000      |
| train/                  |             |
|    approx_kl            | 0.000901961 |
|    clip_fraction        | 0           |
|    clip_range           | 0.2         |
|    entropy_loss         | -8.5        |
|    explained_variance   | 0           |
|    learning_rate        | 0.0003      |
|    loss                 | 8.62e+08    |
|    n_updates            | 140         |
|    policy_gradient_loss | -0.00135    |
|    std                  | 0.997       |
|    value_loss           | 1.73e+09    |
-----------------------------------------
------------------------------------------
| rollout/                |              |
|    ep_len_mean          | 156          |
|    ep_rew_mean          | -3.67e+05    |
| time/                   |              |
|    fps                  | 1440         |
|    time_elapsed         | 90           |
|    total_timesteps      | 130000       |
| train/                  |              |
|    approx_kl            | 0.0010977432 |
|    clip_fraction        | 1.22e-05     |
|    clip_range           | 0.2          |
|    entropy_loss         | -8.5         |
|    explained_variance   | 0            |
|    learning_rate        | 0.0003       |
|    loss                 | 7.78e+08     |
|    n_updates            | 150          |
|    policy_gradient_loss | -0.00143     |
|    std                  | 0.997        |
|    value_loss           | 1.92e+09     |
------------------------------------------
-----------------------------------------
| rollout/                |             |
|    ep_len_mean          | 148         |
|    ep_rew_mean          | -3.45e+05   |
| time/                   |             |
|    fps                  | 1392        |
|    time_elapsed         | 100         |
|    total_timesteps      | 140000      |
| train/                  |             |
|    approx_kl            | 0.000785051 |
|    clip_fraction        | 0           |
|    clip_range           | 0.2         |
|    entropy_loss         | -8.49       |
|    explained_variance   | -1.19e-07   |
|    learning_rate        | 0.0003      |
|    loss                 | 9.77e+08    |
|    n_updates            | 170         |
|    policy_gradient_loss | -0.001      |
|    std                  | 0.996       |
|    value_loss           | 1.85e+09    |
-----------------------------------------
------------------------------------------
| rollout/                |              |
|    ep_len_mean          | 143          |
|    ep_rew_mean          | -3.18e+05    |
| time/                   |              |
|    fps                  | 1400         |
|    time_elapsed         | 107          |
|    total_timesteps      | 150000       |
| train/                  |              |
|    approx_kl            | 0.0012904856 |
|    clip_fraction        | 1.22e-05     |
|    clip_range           | 0.2          |
|    entropy_loss         | -8.49        |
|    explained_variance   | 1.19e-07     |
|    learning_rate        | 0.0003       |
|    loss                 | 8.21e+08     |
|    n_updates            | 180          |
|    policy_gradient_loss | -0.00131     |
|    std                  | 0.995        |
|    value_loss           | 1.64e+09     |
------------------------------------------
------------------------------------------
| rollout/                |              |
|    ep_len_mean          | 154          |
|    ep_rew_mean          | -3.36e+05    |
| time/                   |              |
|    fps                  | 1406         |
|    time_elapsed         | 113          |
|    total_timesteps      | 160000       |
| train/                  |              |
|    approx_kl            | 0.0005595655 |
|    clip_fraction        | 0            |
|    clip_range           | 0.2          |
|    entropy_loss         | -8.48        |
|    explained_variance   | 0            |
|    learning_rate        | 0.0003       |
|    loss                 | 9.85e+08     |
|    n_updates            | 190          |
|    policy_gradient_loss | -0.000934    |
|    std                  | 0.995        |
|    value_loss           | 1.67e+09     |
------------------------------------------
------------------------------------------
| rollout/                |              |
|    ep_len_mean          | 163          |
|    ep_rew_mean          | -3.4e+05     |
| time/                   |              |
|    fps                  | 1413         |
|    time_elapsed         | 120          |
|    total_timesteps      | 170000       |
| train/                  |              |
|    approx_kl            | 0.0010557559 |
|    clip_fraction        | 2.44e-05     |
|    clip_range           | 0.2          |
|    entropy_loss         | -8.48        |
|    explained_variance   | 0            |
|    learning_rate        | 0.0003       |
|    loss                 | 8.27e+08     |
|    n_updates            | 200          |
|    policy_gradient_loss | -0.00113     |
|    std                  | 0.995        |
|    value_loss           | 1.6e+09      |
------------------------------------------
-------------------------------------------
| rollout/                |               |
|    ep_len_mean          | 143           |
|    ep_rew_mean          | -3.16e+05     |
| time/                   |               |
|    fps                  | 1417          |
|    time_elapsed         | 126           |
|    total_timesteps      | 180000        |
| train/                  |               |
|    approx_kl            | 0.00061624905 |
|    clip_fraction        | 0             |
|    clip_range           | 0.2           |
|    entropy_loss         | -8.48         |
|    explained_variance   | 0             |
|    learning_rate        | 0.0003        |
|    loss                 | 8.65e+08      |
|    n_updates            | 210           |
|    policy_gradient_loss | -0.000948     |
|    std                  | 0.994         |
|    value_loss           | 1.59e+09      |
-------------------------------------------
------------------------------------------
| rollout/                |              |
|    ep_len_mean          | 148          |
|    ep_rew_mean          | -3.12e+05    |
| time/                   |              |
|    fps                  | 1385         |
|    time_elapsed         | 137          |
|    total_timesteps      | 190000       |
| train/                  |              |
|    approx_kl            | 0.0012269282 |
|    clip_fraction        | 4.88e-05     |
|    clip_range           | 0.2          |
|    entropy_loss         | -8.47        |
|    explained_variance   | 0            |
|    learning_rate        | 0.0003       |
|    loss                 | 8.44e+08     |
|    n_updates            | 230          |
|    policy_gradient_loss | -0.00133     |
|    std                  | 0.993        |
|    value_loss           | 1.4e+09      |
------------------------------------------
------------------------------------------
| rollout/                |              |
|    ep_len_mean          | 154          |
|    ep_rew_mean          | -3.23e+05    |
| time/                   |              |
|    fps                  | 1391         |
|    time_elapsed         | 143          |
|    total_timesteps      | 200000       |
| train/                  |              |
|    approx_kl            | 0.0019133264 |
|    clip_fraction        | 0.000317     |
|    clip_range           | 0.2          |
|    entropy_loss         | -8.47        |
|    explained_variance   | 0            |
|    learning_rate        | 0.0003       |
|    loss                 | 5.1e+08      |
|    n_updates            | 240          |
|    policy_gradient_loss | -0.00166     |
|    std                  | 0.992        |
|    value_loss           | 1.47e+09     |
------------------------------------------
------------------------------------------
| rollout/                |              |
|    ep_len_mean          | 139          |
|    ep_rew_mean          | -2.97e+05    |
| time/                   |              |
|    fps                  | 1395         |
|    time_elapsed         | 150          |
|    total_timesteps      | 210000       |
| train/                  |              |
|    approx_kl            | 0.0011040589 |
|    clip_fraction        | 0            |
|    clip_range           | 0.2          |
|    entropy_loss         | -8.46        |
|    explained_variance   | -1.19e-07    |
|    learning_rate        | 0.0003       |
|    loss                 | 6.82e+08     |
|    n_updates            | 250          |
|    policy_gradient_loss | -0.00119     |
|    std                  | 0.992        |
|    value_loss           | 1.66e+09     |
------------------------------------------
------------------------------------------
| rollout/                |              |
|    ep_len_mean          | 136          |
|    ep_rew_mean          | -2.7e+05     |
| time/                   |              |
|    fps                  | 1400         |
|    time_elapsed         | 157          |
|    total_timesteps      | 220000       |
| train/                  |              |
|    approx_kl            | 0.0031693461 |
|    clip_fraction        | 0.00203      |
|    clip_range           | 0.2          |
|    entropy_loss         | -8.46        |
|    explained_variance   | 0            |
|    learning_rate        | 0.0003       |
|    loss                 | 7.4e+08      |
|    n_updates            | 260          |
|    policy_gradient_loss | -0.00243     |
|    std                  | 0.991        |
|    value_loss           | 1.49e+09     |
------------------------------------------
------------------------------------------
| rollout/                |              |
|    ep_len_mean          | 115          |
|    ep_rew_mean          | -2.54e+05    |
| time/                   |              |
|    fps                  | 1373         |
|    time_elapsed         | 167          |
|    total_timesteps      | 230000       |
| train/                  |              |
|    approx_kl            | 0.0015013844 |
|    clip_fraction        | 0.00011      |
|    clip_range           | 0.2          |
|    entropy_loss         | -8.46        |
|    explained_variance   | 0            |
|    learning_rate        | 0.0003       |
|    loss                 | 8.75e+08     |
|    n_updates            | 280          |
|    policy_gradient_loss | -0.00135     |
|    std                  | 0.991        |
|    value_loss           | 1.63e+09     |
------------------------------------------
------------------------------------------
| rollout/                |              |
|    ep_len_mean          | 121          |
|    ep_rew_mean          | -2.44e+05    |
| time/                   |              |
|    fps                  | 1378         |
|    time_elapsed         | 174          |
|    total_timesteps      | 240000       |
| train/                  |              |
|    approx_kl            | 0.0004225823 |
|    clip_fraction        | 0            |
|    clip_range           | 0.2          |
|    entropy_loss         | -8.46        |
|    explained_variance   | 0            |
|    learning_rate        | 0.0003       |
|    loss                 | 9.24e+08     |
|    n_updates            | 290          |
|    policy_gradient_loss | -0.000765    |
|    std                  | 0.99         |
|    value_loss           | 1.52e+09     |
------------------------------------------
------------------------------------------
| rollout/                |              |
|    ep_len_mean          | 136          |
|    ep_rew_mean          | -2.71e+05    |
| time/                   |              |
|    fps                  | 1381         |
|    time_elapsed         | 181          |
|    total_timesteps      | 250000       |
| train/                  |              |
|    approx_kl            | 0.0006826107 |
|    clip_fraction        | 0            |
|    clip_range           | 0.2          |
|    entropy_loss         | -8.46        |
|    explained_variance   | -1.19e-07    |
|    learning_rate        | 0.0003       |
|    loss                 | 8.96e+08     |
|    n_updates            | 300          |
|    policy_gradient_loss | -0.00102     |
|    std                  | 0.99         |
|    value_loss           | 1.52e+09     |
------------------------------------------
-------------------------------------------
| rollout/                |               |
|    ep_len_mean          | 138           |
|    ep_rew_mean          | -2.87e+05     |
| time/                   |               |
|    fps                  | 1387          |
|    time_elapsed         | 187           |
|    total_timesteps      | 260000        |
| train/                  |               |
|    approx_kl            | 0.00087766966 |
|    clip_fraction        | 0             |
|    clip_range           | 0.2           |
|    entropy_loss         | -8.45         |
|    explained_variance   | 1.19e-07      |
|    learning_rate        | 0.0003        |
|    loss                 | 6.56e+08      |
|    n_updates            | 310           |
|    policy_gradient_loss | -0.000947     |
|    std                  | 0.99          |
|    value_loss           | 1.53e+09      |
-------------------------------------------
------------------------------------------
| rollout/                |              |
|    ep_len_mean          | 121          |
|    ep_rew_mean          | -2.63e+05    |
| time/                   |              |
|    fps                  | 1390         |
|    time_elapsed         | 194          |
|    total_timesteps      | 270000       |
| train/                  |              |
|    approx_kl            | 0.0013638348 |
|    clip_fraction        | 0.000122     |
|    clip_range           | 0.2          |
|    entropy_loss         | -8.45        |
|    explained_variance   | 0            |
|    learning_rate        | 0.0003       |
|    loss                 | 9.9e+08      |
|    n_updates            | 320          |
|    policy_gradient_loss | -0.00113     |
|    std                  | 0.989        |
|    value_loss           | 1.55e+09     |
------------------------------------------
------------------------------------------
| rollout/                |              |
|    ep_len_mean          | 125          |
|    ep_rew_mean          | -2.43e+05    |
| time/                   |              |
|    fps                  | 1368         |
|    time_elapsed         | 204          |
|    total_timesteps      | 280000       |
| train/                  |              |
|    approx_kl            | 0.0016222103 |
|    clip_fraction        | 0.000134     |
|    clip_range           | 0.2          |
|    entropy_loss         | -8.44        |
|    explained_variance   | 0            |
|    learning_rate        | 0.0003       |
|    loss                 | 7.17e+08     |
|    n_updates            | 340          |
|    policy_gradient_loss | -0.00127     |
|    std                  | 0.988        |
|    value_loss           | 1.48e+09     |
------------------------------------------
-----------------------------------------
| rollout/                |             |
|    ep_len_mean          | 132         |
|    ep_rew_mean          | -2.57e+05   |
| time/                   |             |
|    fps                  | 1370        |
|    time_elapsed         | 211         |
|    total_timesteps      | 290000      |
| train/                  |             |
|    approx_kl            | 0.001262073 |
|    clip_fraction        | 1.22e-05    |
|    clip_range           | 0.2         |
|    entropy_loss         | -8.44       |
|    explained_variance   | -1.19e-07   |
|    learning_rate        | 0.0003      |
|    loss                 | 7.62e+08    |
|    n_updates            | 350         |
|    policy_gradient_loss | -0.00136    |
|    std                  | 0.987       |
|    value_loss           | 1.32e+09    |
-----------------------------------------
------------------------------------------
| rollout/                |              |
|    ep_len_mean          | 121          |
|    ep_rew_mean          | -2.4e+05     |
| time/                   |              |
|    fps                  | 1374         |
|    time_elapsed         | 218          |
|    total_timesteps      | 300000       |
| train/                  |              |
|    approx_kl            | 0.0012927182 |
|    clip_fraction        | 0            |
|    clip_range           | 0.2          |
|    entropy_loss         | -8.43        |
|    explained_variance   | 0            |
|    learning_rate        | 0.0003       |
|    loss                 | 5.56e+08     |
|    n_updates            | 360          |
|    policy_gradient_loss | -0.001       |
|    std                  | 0.987        |
|    value_loss           | 1.52e+09     |
------------------------------------------
------------------------------------------
| rollout/                |              |
|    ep_len_mean          | 126          |
|    ep_rew_mean          | -2.48e+05    |
| time/                   |              |
|    fps                  | 1377         |
|    time_elapsed         | 225          |
|    total_timesteps      | 310000       |
| train/                  |              |
|    approx_kl            | 0.0008833634 |
|    clip_fraction        | 0            |
|    clip_range           | 0.2          |
|    entropy_loss         | -8.43        |
|    explained_variance   | 0            |
|    learning_rate        | 0.0003       |
|    loss                 | 8.94e+08     |
|    n_updates            | 370          |
|    policy_gradient_loss | -0.00091     |
|    std                  | 0.987        |
|    value_loss           | 1.54e+09     |
------------------------------------------
-------------------------------------------
| rollout/                |               |
|    ep_len_mean          | 111           |
|    ep_rew_mean          | -2.22e+05     |
| time/                   |               |
|    fps                  | 1356          |
|    time_elapsed         | 235           |
|    total_timesteps      | 320000        |
| train/                  |               |
|    approx_kl            | 0.00062356645 |
|    clip_fraction        | 0             |
|    clip_range           | 0.2           |
|    entropy_loss         | -8.43         |
|    explained_variance   | 0             |
|    learning_rate        | 0.0003        |
|    loss                 | 7.12e+08      |
|    n_updates            | 390           |
|    policy_gradient_loss | -0.000787     |
|    std                  | 0.985         |
|    value_loss           | 1.55e+09      |
-------------------------------------------
------------------------------------------
| rollout/                |              |
|    ep_len_mean          | 116          |
|    ep_rew_mean          | -2.27e+05    |
| time/                   |              |
|    fps                  | 1359         |
|    time_elapsed         | 242          |
|    total_timesteps      | 330000       |
| train/                  |              |
|    approx_kl            | 0.0010752836 |
|    clip_fraction        | 1.22e-05     |
|    clip_range           | 0.2          |
|    entropy_loss         | -8.42        |
|    explained_variance   | 0            |
|    learning_rate        | 0.0003       |
|    loss                 | 8.74e+08     |
|    n_updates            | 400          |
|    policy_gradient_loss | -0.00106     |
|    std                  | 0.985        |
|    value_loss           | 1.42e+09     |
------------------------------------------
------------------------------------------
| rollout/                |              |
|    ep_len_mean          | 119          |
|    ep_rew_mean          | -2.23e+05    |
| time/                   |              |
|    fps                  | 1362         |
|    time_elapsed         | 249          |
|    total_timesteps      | 340000       |
| train/                  |              |
|    approx_kl            | 0.0010680484 |
|    clip_fraction        | 3.66e-05     |
|    clip_range           | 0.2          |
|    entropy_loss         | -8.42        |
|    explained_variance   | 0            |
|    learning_rate        | 0.0003       |
|    loss                 | 7.22e+08     |
|    n_updates            | 410          |
|    policy_gradient_loss | -0.000884    |
|    std                  | 0.985        |
|    value_loss           | 1.43e+09     |
------------------------------------------
-----------------------------------------
| rollout/                |             |
|    ep_len_mean          | 116         |
|    ep_rew_mean          | -2.3e+05    |
| time/                   |             |
|    fps                  | 1366        |
|    time_elapsed         | 256         |
|    total_timesteps      | 350000      |
| train/                  |             |
|    approx_kl            | 0.000807756 |
|    clip_fraction        | 0           |
|    clip_range           | 0.2         |
|    entropy_loss         | -8.42       |
|    explained_variance   | 0           |
|    learning_rate        | 0.0003      |
|    loss                 | 8.76e+08    |
|    n_updates            | 420         |
|    policy_gradient_loss | -0.000764   |
|    std                  | 0.984       |
|    value_loss           | 1.49e+09    |
-----------------------------------------
------------------------------------------
| rollout/                |              |
|    ep_len_mean          | 133          |
|    ep_rew_mean          | -2.56e+05    |
| time/                   |              |
|    fps                  | 1368         |
|    time_elapsed         | 263          |
|    total_timesteps      | 360000       |
| train/                  |              |
|    approx_kl            | 0.0014903002 |
|    clip_fraction        | 0.000134     |
|    clip_range           | 0.2          |
|    entropy_loss         | -8.42        |
|    explained_variance   | 0            |
|    learning_rate        | 0.0003       |
|    loss                 | 5.96e+08     |
|    n_updates            | 430          |
|    policy_gradient_loss | -0.000991    |
|    std                  | 0.984        |
|    value_loss           | 1.44e+09     |
------------------------------------------
-----------------------------------------
| rollout/                |             |
|    ep_len_mean          | 139         |
|    ep_rew_mean          | -2.44e+05   |
| time/                   |             |
|    fps                  | 1352        |
|    time_elapsed         | 273         |
|    total_timesteps      | 370000      |
| train/                  |             |
|    approx_kl            | 0.002613029 |
|    clip_fraction        | 0.00154     |
|    clip_range           | 0.2         |
|    entropy_loss         | -8.41       |
|    explained_variance   | 1.19e-07    |
|    learning_rate        | 0.0003      |
|    loss                 | 8.15e+08    |
|    n_updates            | 450         |
|    policy_gradient_loss | -0.00195    |
|    std                  | 0.983       |
|    value_loss           | 1.4e+09     |
-----------------------------------------
------------------------------------------
| rollout/                |              |
|    ep_len_mean          | 128          |
|    ep_rew_mean          | -2.2e+05     |
| time/                   |              |
|    fps                  | 1357         |
|    time_elapsed         | 279          |
|    total_timesteps      | 380000       |
| train/                  |              |
|    approx_kl            | 0.0015766453 |
|    clip_fraction        | 9.77e-05     |
|    clip_range           | 0.2          |
|    entropy_loss         | -8.41        |
|    explained_variance   | 0            |
|    learning_rate        | 0.0003       |
|    loss                 | 7.23e+08     |
|    n_updates            | 460          |
|    policy_gradient_loss | -0.00139     |
|    std                  | 0.983        |
|    value_loss           | 1.38e+09     |
------------------------------------------
------------------------------------------
| rollout/                |              |
|    ep_len_mean          | 106          |
|    ep_rew_mean          | -1.98e+05    |
| time/                   |              |
|    fps                  | 1360         |
|    time_elapsed         | 286          |
|    total_timesteps      | 390000       |
| train/                  |              |
|    approx_kl            | 0.0013952433 |
|    clip_fraction        | 0.000122     |
|    clip_range           | 0.2          |
|    entropy_loss         | -8.41        |
|    explained_variance   | 0            |
|    learning_rate        | 0.0003       |
|    loss                 | 6.09e+08     |
|    n_updates            | 470          |
|    policy_gradient_loss | -0.000981    |
|    std                  | 0.983        |
|    value_loss           | 1.35e+09     |
------------------------------------------
------------------------------------------
| rollout/                |              |
|    ep_len_mean          | 121          |
|    ep_rew_mean          | -2.03e+05    |
| time/                   |              |
|    fps                  | 1364         |
|    time_elapsed         | 293          |
|    total_timesteps      | 400000       |
| train/                  |              |
|    approx_kl            | 0.0033013695 |
|    clip_fraction        | 0.00327      |
|    clip_range           | 0.2          |
|    entropy_loss         | -8.41        |
|    explained_variance   | 0            |
|    learning_rate        | 0.0003       |
|    loss                 | 7.7e+08      |
|    n_updates            | 480          |
|    policy_gradient_loss | -0.00243     |
|    std                  | 0.983        |
|    value_loss           | 1.48e+09     |
------------------------------------------
------------------------------------------
| rollout/                |              |
|    ep_len_mean          | 109          |
|    ep_rew_mean          | -1.96e+05    |
| time/                   |              |
|    fps                  | 1350         |
|    time_elapsed         | 303          |
|    total_timesteps      | 410000       |
| train/                  |              |
|    approx_kl            | 0.0040063327 |
|    clip_fraction        | 0.00687      |
|    clip_range           | 0.2          |
|    entropy_loss         | -8.41        |
|    explained_variance   | 1.19e-07     |
|    learning_rate        | 0.0003       |
|    loss                 | 5.44e+08     |
|    n_updates            | 500          |
|    policy_gradient_loss | -0.00276     |
|    std                  | 0.982        |
|    value_loss           | 1.36e+09     |
------------------------------------------
------------------------------------------
| rollout/                |              |
|    ep_len_mean          | 121          |
|    ep_rew_mean          | -2.17e+05    |
| time/                   |              |
|    fps                  | 1354         |
|    time_elapsed         | 310          |
|    total_timesteps      | 420000       |
| train/                  |              |
|    approx_kl            | 0.0033435985 |
|    clip_fraction        | 0.00369      |
|    clip_range           | 0.2          |
|    entropy_loss         | -8.4         |
|    explained_variance   | 0            |
|    learning_rate        | 0.0003       |
|    loss                 | 6.34e+08     |
|    n_updates            | 510          |
|    policy_gradient_loss | -0.00231     |
|    std                  | 0.981        |
|    value_loss           | 1.32e+09     |
------------------------------------------
------------------------------------------
| rollout/                |              |
|    ep_len_mean          | 133          |
|    ep_rew_mean          | -2.26e+05    |
| time/                   |              |
|    fps                  | 1359         |
|    time_elapsed         | 316          |
|    total_timesteps      | 430000       |
| train/                  |              |
|    approx_kl            | 0.0022325646 |
|    clip_fraction        | 0.000659     |
|    clip_range           | 0.2          |
|    entropy_loss         | -8.39        |
|    explained_variance   | 0            |
|    learning_rate        | 0.0003       |
|    loss                 | 7.85e+08     |
|    n_updates            | 520          |
|    policy_gradient_loss | -0.00155     |
|    std                  | 0.98         |
|    value_loss           | 1.29e+09     |
------------------------------------------
------------------------------------------
| rollout/                |              |
|    ep_len_mean          | 131          |
|    ep_rew_mean          | -2.04e+05    |
| time/                   |              |
|    fps                  | 1362         |
|    time_elapsed         | 322          |
|    total_timesteps      | 440000       |
| train/                  |              |
|    approx_kl            | 0.0048194863 |
|    clip_fraction        | 0.0163       |
|    clip_range           | 0.2          |
|    entropy_loss         | -8.39        |
|    explained_variance   | 0            |
|    learning_rate        | 0.0003       |
|    loss                 | 8.31e+08     |
|    n_updates            | 530          |
|    policy_gradient_loss | -0.00403     |
|    std                  | 0.98         |
|    value_loss           | 1.25e+09     |
------------------------------------------
------------------------------------------
| rollout/                |              |
|    ep_len_mean          | 123          |
|    ep_rew_mean          | -2e+05       |
| time/                   |              |
|    fps                  | 1365         |
|    time_elapsed         | 329          |
|    total_timesteps      | 450000       |
| train/                  |              |
|    approx_kl            | 0.0024637934 |
|    clip_fraction        | 0.00177      |
|    clip_range           | 0.2          |
|    entropy_loss         | -8.39        |
|    explained_variance   | 0            |
|    learning_rate        | 0.0003       |
|    loss                 | 5.51e+08     |
|    n_updates            | 540          |
|    policy_gradient_loss | -0.00132     |
|    std                  | 0.98         |
|    value_loss           | 1.21e+09     |
------------------------------------------
------------------------------------------
| rollout/                |              |
|    ep_len_mean          | 102          |
|    ep_rew_mean          | -1.81e+05    |
| time/                   |              |
|    fps                  | 1354         |
|    time_elapsed         | 339          |
|    total_timesteps      | 460000       |
| train/                  |              |
|    approx_kl            | 0.0018115257 |
|    clip_fraction        | 0.000525     |
|    clip_range           | 0.2          |
|    entropy_loss         | -8.38        |
|    explained_variance   | -1.19e-07    |
|    learning_rate        | 0.0003       |
|    loss                 | 7.76e+08     |
|    n_updates            | 560          |
|    policy_gradient_loss | -0.00108     |
|    std                  | 0.978        |
|    value_loss           | 1.38e+09     |
------------------------------------------
------------------------------------------
| rollout/                |              |
|    ep_len_mean          | 109          |
|    ep_rew_mean          | -1.91e+05    |
| time/                   |              |
|    fps                  | 1358         |
|    time_elapsed         | 345          |
|    total_timesteps      | 470000       |
| train/                  |              |
|    approx_kl            | 0.0032024942 |
|    clip_fraction        | 0.00328      |
|    clip_range           | 0.2          |
|    entropy_loss         | -8.38        |
|    explained_variance   | 0            |
|    learning_rate        | 0.0003       |
|    loss                 | 5.97e+08     |
|    n_updates            | 570          |
|    policy_gradient_loss | -0.00196     |
|    std                  | 0.978        |
|    value_loss           | 1.4e+09      |
------------------------------------------
------------------------------------------
| rollout/                |              |
|    ep_len_mean          | 113          |
|    ep_rew_mean          | -1.98e+05    |
| time/                   |              |
|    fps                  | 1361         |
|    time_elapsed         | 352          |
|    total_timesteps      | 480000       |
| train/                  |              |
|    approx_kl            | 0.0010985641 |
|    clip_fraction        | 0            |
|    clip_range           | 0.2          |
|    entropy_loss         | -8.38        |
|    explained_variance   | 0            |
|    learning_rate        | 0.0003       |
|    loss                 | 5.57e+08     |
|    n_updates            | 580          |
|    policy_gradient_loss | -0.000768    |
|    std                  | 0.979        |
|    value_loss           | 1.26e+09     |
------------------------------------------
------------------------------------------
| rollout/                |              |
|    ep_len_mean          | 110          |
|    ep_rew_mean          | -1.74e+05    |
| time/                   |              |
|    fps                  | 1365         |
|    time_elapsed         | 358          |
|    total_timesteps      | 490000       |
| train/                  |              |
|    approx_kl            | 0.0027724693 |
|    clip_fraction        | 0.0022       |
|    clip_range           | 0.2          |
|    entropy_loss         | -8.38        |
|    explained_variance   | 0            |
|    learning_rate        | 0.0003       |
|    loss                 | 5.98e+08     |
|    n_updates            | 590          |
|    policy_gradient_loss | -0.0017      |
|    std                  | 0.978        |
|    value_loss           | 1.35e+09     |
------------------------------------------
------------------------------------------
| rollout/                |              |
|    ep_len_mean          | 121          |
|    ep_rew_mean          | -1.86e+05    |
| time/                   |              |
|    fps                  | 1355         |
|    time_elapsed         | 368          |
|    total_timesteps      | 500000       |
| train/                  |              |
|    approx_kl            | 0.0011418872 |
|    clip_fraction        | 2.44e-05     |
|    clip_range           | 0.2          |
|    entropy_loss         | -8.37        |
|    explained_variance   | 1.19e-07     |
|    learning_rate        | 0.0003       |
|    loss                 | 7.03e+08     |
|    n_updates            | 610          |
|    policy_gradient_loss | -0.000787    |
|    std                  | 0.977        |
|    value_loss           | 1.15e+09     |
------------------------------------------
-----------------------------------------
| rollout/                |             |
|    ep_len_mean          | 106         |
|    ep_rew_mean          | -1.81e+05   |
| time/                   |             |
|    fps                  | 1359        |
|    time_elapsed         | 375         |
|    total_timesteps      | 510000      |
| train/                  |             |
|    approx_kl            | 0.003409967 |
|    clip_fraction        | 0.00396     |
|    clip_range           | 0.2         |
|    entropy_loss         | -8.37       |
|    explained_variance   | 0           |
|    learning_rate        | 0.0003      |
|    loss                 | 6.85e+08    |
|    n_updates            | 620         |
|    policy_gradient_loss | -0.00258    |
|    std                  | 0.977       |
|    value_loss           | 1.36e+09    |
-----------------------------------------
------------------------------------------
| rollout/                |              |
|    ep_len_mean          | 119          |
|    ep_rew_mean          | -1.72e+05    |
| time/                   |              |
|    fps                  | 1362         |
|    time_elapsed         | 381          |
|    total_timesteps      | 520000       |
| train/                  |              |
|    approx_kl            | 0.0013632891 |
|    clip_fraction        | 3.66e-05     |
|    clip_range           | 0.2          |
|    entropy_loss         | -8.37        |
|    explained_variance   | 0            |
|    learning_rate        | 0.0003       |
|    loss                 | 6.85e+08     |
|    n_updates            | 630          |
|    policy_gradient_loss | -0.000956    |
|    std                  | 0.976        |
|    value_loss           | 1.31e+09     |
------------------------------------------
------------------------------------------
| rollout/                |              |
|    ep_len_mean          | 114          |
|    ep_rew_mean          | -1.8e+05     |
| time/                   |              |
|    fps                  | 1365         |
|    time_elapsed         | 388          |
|    total_timesteps      | 530000       |
| train/                  |              |
|    approx_kl            | 0.0022278046 |
|    clip_fraction        | 0.000525     |
|    clip_range           | 0.2          |
|    entropy_loss         | -8.37        |
|    explained_variance   | 0            |
|    learning_rate        | 0.0003       |
|    loss                 | 6.01e+08     |
|    n_updates            | 640          |
|    policy_gradient_loss | -0.00142     |
|    std                  | 0.976        |
|    value_loss           | 1.15e+09     |
------------------------------------------
-----------------------------------------
| rollout/                |             |
|    ep_len_mean          | 129         |
|    ep_rew_mean          | -2.09e+05   |
| time/                   |             |
|    fps                  | 1368        |
|    time_elapsed         | 394         |
|    total_timesteps      | 540000      |
| train/                  |             |
|    approx_kl            | 0.002547309 |
|    clip_fraction        | 0.00186     |
|    clip_range           | 0.2         |
|    entropy_loss         | -8.36       |
|    explained_variance   | 0           |
|    learning_rate        | 0.0003      |
|    loss                 | 7.28e+08    |
|    n_updates            | 650         |
|    policy_gradient_loss | -0.00139    |
|    std                  | 0.975       |
|    value_loss           | 1.23e+09    |
-----------------------------------------
------------------------------------------
| rollout/                |              |
|    ep_len_mean          | 121          |
|    ep_rew_mean          | -1.66e+05    |
| time/                   |              |
|    fps                  | 1359         |
|    time_elapsed         | 404          |
|    total_timesteps      | 550000       |
| train/                  |              |
|    approx_kl            | 0.0032028204 |
|    clip_fraction        | 0.00325      |
|    clip_range           | 0.2          |
|    entropy_loss         | -8.35        |
|    explained_variance   | 0            |
|    learning_rate        | 0.0003       |
|    loss                 | 3.71e+08     |
|    n_updates            | 670          |
|    policy_gradient_loss | -0.00209     |
|    std                  | 0.972        |
|    value_loss           | 1.06e+09     |
------------------------------------------
------------------------------------------
| rollout/                |              |
|    ep_len_mean          | 113          |
|    ep_rew_mean          | -1.59e+05    |
| time/                   |              |
|    fps                  | 1362         |
|    time_elapsed         | 411          |
|    total_timesteps      | 560000       |
| train/                  |              |
|    approx_kl            | 0.0020124693 |
|    clip_fraction        | 0.000659     |
|    clip_range           | 0.2          |
|    entropy_loss         | -8.34        |
|    explained_variance   | 1.19e-07     |
|    learning_rate        | 0.0003       |
|    loss                 | 2.14e+08     |
|    n_updates            | 680          |
|    policy_gradient_loss | -0.00107     |
|    std                  | 0.971        |
|    value_loss           | 1.12e+09     |
------------------------------------------
-----------------------------------------
| rollout/                |             |
|    ep_len_mean          | 117         |
|    ep_rew_mean          | -1.6e+05    |
| time/                   |             |
|    fps                  | 1365        |
|    time_elapsed         | 417         |
|    total_timesteps      | 570000      |
| train/                  |             |
|    approx_kl            | 0.003641612 |
|    clip_fraction        | 0.00554     |
|    clip_range           | 0.2         |
|    entropy_loss         | -8.34       |
|    explained_variance   | 0           |
|    learning_rate        | 0.0003      |
|    loss                 | 5.35e+08    |
|    n_updates            | 690         |
|    policy_gradient_loss | -0.00243    |
|    std                  | 0.971       |
|    value_loss           | 1.17e+09    |
-----------------------------------------
------------------------------------------
| rollout/                |              |
|    ep_len_mean          | 118          |
|    ep_rew_mean          | -1.75e+05    |
| time/                   |              |
|    fps                  | 1367         |
|    time_elapsed         | 424          |
|    total_timesteps      | 580000       |
| train/                  |              |
|    approx_kl            | 0.0036190671 |
|    clip_fraction        | 0.0107       |
|    clip_range           | 0.2          |
|    entropy_loss         | -8.34        |
|    explained_variance   | 0            |
|    learning_rate        | 0.0003       |
|    loss                 | 5.43e+08     |
|    n_updates            | 700          |
|    policy_gradient_loss | -0.00242     |
|    std                  | 0.971        |
|    value_loss           | 1.1e+09      |
------------------------------------------
------------------------------------------
| rollout/                |              |
|    ep_len_mean          | 113          |
|    ep_rew_mean          | -1.74e+05    |
| time/                   |              |
|    fps                  | 1356         |
|    time_elapsed         | 435          |
|    total_timesteps      | 590000       |
| train/                  |              |
|    approx_kl            | 0.0037752744 |
|    clip_fraction        | 0.0108       |
|    clip_range           | 0.2          |
|    entropy_loss         | -8.32        |
|    explained_variance   | 0            |
|    learning_rate        | 0.0003       |
|    loss                 | 4.72e+08     |
|    n_updates            | 720          |
|    policy_gradient_loss | -0.00234     |
|    std                  | 0.969        |
|    value_loss           | 1.2e+09      |
------------------------------------------
------------------------------------------
| rollout/                |              |
|    ep_len_mean          | 124          |
|    ep_rew_mean          | -1.71e+05    |
| time/                   |              |
|    fps                  | 1356         |
|    time_elapsed         | 442          |
|    total_timesteps      | 600000       |
| train/                  |              |
|    approx_kl            | 0.0028388714 |
|    clip_fraction        | 0.00421      |
|    clip_range           | 0.2          |
|    entropy_loss         | -8.32        |
|    explained_variance   | 0            |
|    learning_rate        | 0.0003       |
|    loss                 | 6.05e+08     |
|    n_updates            | 730          |
|    policy_gradient_loss | -0.00145     |
|    std                  | 0.97         |
|    value_loss           | 1.12e+09     |
------------------------------------------
------------------------------------------
| rollout/                |              |
|    ep_len_mean          | 121          |
|    ep_rew_mean          | -1.59e+05    |
| time/                   |              |
|    fps                  | 1357         |
|    time_elapsed         | 449          |
|    total_timesteps      | 610000       |
| train/                  |              |
|    approx_kl            | 0.0042521693 |
|    clip_fraction        | 0.0142       |
|    clip_range           | 0.2          |
|    entropy_loss         | -8.32        |
|    explained_variance   | 0            |
|    learning_rate        | 0.0003       |
|    loss                 | 5.11e+08     |
|    n_updates            | 740          |
|    policy_gradient_loss | -0.00253     |
|    std                  | 0.969        |
|    value_loss           | 1.13e+09     |
------------------------------------------
------------------------------------------
| rollout/                |              |
|    ep_len_mean          | 108          |
|    ep_rew_mean          | -1.57e+05    |
| time/                   |              |
|    fps                  | 1358         |
|    time_elapsed         | 456          |
|    total_timesteps      | 620000       |
| train/                  |              |
|    approx_kl            | 0.0029612235 |
|    clip_fraction        | 0.00482      |
|    clip_range           | 0.2          |
|    entropy_loss         | -8.32        |
|    explained_variance   | 0            |
|    learning_rate        | 0.0003       |
|    loss                 | 6.14e+08     |
|    n_updates            | 750          |
|    policy_gradient_loss | -0.00169     |
|    std                  | 0.969        |
|    value_loss           | 1.14e+09     |
------------------------------------------
-----------------------------------------
| rollout/                |             |
|    ep_len_mean          | 114         |
|    ep_rew_mean          | -1.62e+05   |
| time/                   |             |
|    fps                  | 1358        |
|    time_elapsed         | 463         |
|    total_timesteps      | 630000      |
| train/                  |             |
|    approx_kl            | 0.004202041 |
|    clip_fraction        | 0.0132      |
|    clip_range           | 0.2         |
|    entropy_loss         | -8.32       |
|    explained_variance   | 0           |
|    learning_rate        | 0.0003      |
|    loss                 | 6.66e+08    |
|    n_updates            | 760         |
|    policy_gradient_loss | -0.00314    |
|    std                  | 0.968       |
|    value_loss           | 1.2e+09     |
-----------------------------------------
-----------------------------------------
| rollout/                |             |
|    ep_len_mean          | 115         |
|    ep_rew_mean          | -1.66e+05   |
| time/                   |             |
|    fps                  | 1347        |
|    time_elapsed         | 475         |
|    total_timesteps      | 640000      |
| train/                  |             |
|    approx_kl            | 0.002733228 |
|    clip_fraction        | 0.00269     |
|    clip_range           | 0.2         |
|    entropy_loss         | -8.32       |
|    explained_variance   | 5.96e-08    |
|    learning_rate        | 0.0003      |
|    loss                 | 7.4e+08     |
|    n_updates            | 780         |
|    policy_gradient_loss | -0.00176    |
|    std                  | 0.968       |
|    value_loss           | 1.21e+09    |
-----------------------------------------
------------------------------------------
| rollout/                |              |
|    ep_len_mean          | 118          |
|    ep_rew_mean          | -1.74e+05    |
| time/                   |              |
|    fps                  | 1347         |
|    time_elapsed         | 482          |
|    total_timesteps      | 650000       |
| train/                  |              |
|    approx_kl            | 0.0033351956 |
|    clip_fraction        | 0.00653      |
|    clip_range           | 0.2          |
|    entropy_loss         | -8.31        |
|    explained_variance   | 1.19e-07     |
|    learning_rate        | 0.0003       |
|    loss                 | 4.28e+08     |
|    n_updates            | 790          |
|    policy_gradient_loss | -0.00187     |
|    std                  | 0.967        |
|    value_loss           | 1.17e+09     |
------------------------------------------
------------------------------------------
| rollout/                |              |
|    ep_len_mean          | 123          |
|    ep_rew_mean          | -1.82e+05    |
| time/                   |              |
|    fps                  | 1348         |
|    time_elapsed         | 489          |
|    total_timesteps      | 660000       |
| train/                  |              |
|    approx_kl            | 0.0031151976 |
|    clip_fraction        | 0.00354      |
|    clip_range           | 0.2          |
|    entropy_loss         | -8.31        |
|    explained_variance   | 0            |
|    learning_rate        | 0.0003       |
|    loss                 | 6.05e+08     |
|    n_updates            | 800          |
|    policy_gradient_loss | -0.0018      |
|    std                  | 0.966        |
|    value_loss           | 1.21e+09     |
------------------------------------------
------------------------------------------
| rollout/                |              |
|    ep_len_mean          | 113          |
|    ep_rew_mean          | -1.48e+05    |
| time/                   |              |
|    fps                  | 1348         |
|    time_elapsed         | 496          |
|    total_timesteps      | 670000       |
| train/                  |              |
|    approx_kl            | 0.0038870564 |
|    clip_fraction        | 0.0119       |
|    clip_range           | 0.2          |
|    entropy_loss         | -8.3         |
|    explained_variance   | 0            |
|    learning_rate        | 0.0003       |
|    loss                 | 6.84e+08     |
|    n_updates            | 810          |
|    policy_gradient_loss | -0.00242     |
|    std                  | 0.966        |
|    value_loss           | 1.1e+09      |
------------------------------------------
-----------------------------------------
| rollout/                |             |
|    ep_len_mean          | 127         |
|    ep_rew_mean          | -1.62e+05   |
| time/                   |             |
|    fps                  | 1338        |
|    time_elapsed         | 508         |
|    total_timesteps      | 680000      |
| train/                  |             |
|    approx_kl            | 0.003336355 |
|    clip_fraction        | 0.0043      |
|    clip_range           | 0.2         |
|    entropy_loss         | -8.29       |
|    explained_variance   | 0           |
|    learning_rate        | 0.0003      |
|    loss                 | 4.65e+08    |
|    n_updates            | 830         |
|    policy_gradient_loss | -0.00209    |
|    std                  | 0.964       |
|    value_loss           | 1.01e+09    |
-----------------------------------------
-----------------------------------------
| rollout/                |             |
|    ep_len_mean          | 120         |
|    ep_rew_mean          | -1.39e+05   |
| time/                   |             |
|    fps                  | 1338        |
|    time_elapsed         | 515         |
|    total_timesteps      | 690000      |
| train/                  |             |
|    approx_kl            | 0.004376224 |
|    clip_fraction        | 0.0237      |
|    clip_range           | 0.2         |
|    entropy_loss         | -8.28       |
|    explained_variance   | 0           |
|    learning_rate        | 0.0003      |
|    loss                 | 5.58e+08    |
|    n_updates            | 840         |
|    policy_gradient_loss | -0.00369    |
|    std                  | 0.962       |
|    value_loss           | 1.09e+09    |
-----------------------------------------
-----------------------------------------
| rollout/                |             |
|    ep_len_mean          | 107         |
|    ep_rew_mean          | -1.19e+05   |
| time/                   |             |
|    fps                  | 1339        |
|    time_elapsed         | 522         |
|    total_timesteps      | 700000      |
| train/                  |             |
|    approx_kl            | 0.004208643 |
|    clip_fraction        | 0.0136      |
|    clip_range           | 0.2         |
|    entropy_loss         | -8.27       |
|    explained_variance   | 5.96e-08    |
|    learning_rate        | 0.0003      |
|    loss                 | 5.12e+08    |
|    n_updates            | 850         |
|    policy_gradient_loss | -0.0026     |
|    std                  | 0.961       |
|    value_loss           | 1.14e+09    |
-----------------------------------------
-----------------------------------------
| rollout/                |             |
|    ep_len_mean          | 110         |
|    ep_rew_mean          | -1.39e+05   |
| time/                   |             |
|    fps                  | 1341        |
|    time_elapsed         | 529         |
|    total_timesteps      | 710000      |
| train/                  |             |
|    approx_kl            | 0.002434635 |
|    clip_fraction        | 0.00184     |
|    clip_range           | 0.2         |
|    entropy_loss         | -8.27       |
|    explained_variance   | 0           |
|    learning_rate        | 0.0003      |
|    loss                 | 6.4e+08     |
|    n_updates            | 860         |
|    policy_gradient_loss | -0.00126    |
|    std                  | 0.961       |
|    value_loss           | 1.14e+09    |
-----------------------------------------
------------------------------------------
| rollout/                |              |
|    ep_len_mean          | 113          |
|    ep_rew_mean          | -1.38e+05    |
| time/                   |              |
|    fps                  | 1343         |
|    time_elapsed         | 536          |
|    total_timesteps      | 720000       |
| train/                  |              |
|    approx_kl            | 0.0046430836 |
|    clip_fraction        | 0.0167       |
|    clip_range           | 0.2          |
|    entropy_loss         | -8.27        |
|    explained_variance   | 5.96e-08     |
|    learning_rate        | 0.0003       |
|    loss                 | 6.26e+08     |
|    n_updates            | 870          |
|    policy_gradient_loss | -0.00312     |
|    std                  | 0.96         |
|    value_loss           | 1.14e+09     |
------------------------------------------
------------------------------------------
| rollout/                |              |
|    ep_len_mean          | 109          |
|    ep_rew_mean          | -1.35e+05    |
| time/                   |              |
|    fps                  | 1335         |
|    time_elapsed         | 546          |
|    total_timesteps      | 730000       |
| train/                  |              |
|    approx_kl            | 0.0036899326 |
|    clip_fraction        | 0.00997      |
|    clip_range           | 0.2          |
|    entropy_loss         | -8.26        |
|    explained_variance   | 0            |
|    learning_rate        | 0.0003       |
|    loss                 | 5.87e+08     |
|    n_updates            | 890          |
|    policy_gradient_loss | -0.00181     |
|    std                  | 0.958        |
|    value_loss           | 1.17e+09     |
------------------------------------------
------------------------------------------
| rollout/                |              |
|    ep_len_mean          | 111          |
|    ep_rew_mean          | -1.23e+05    |
| time/                   |              |
|    fps                  | 1336         |
|    time_elapsed         | 553          |
|    total_timesteps      | 740000       |
| train/                  |              |
|    approx_kl            | 0.0041425875 |
|    clip_fraction        | 0.0153       |
|    clip_range           | 0.2          |
|    entropy_loss         | -8.25        |
|    explained_variance   | 0            |
|    learning_rate        | 0.0003       |
|    loss                 | 3.94e+08     |
|    n_updates            | 900          |
|    policy_gradient_loss | -0.00284     |
|    std                  | 0.957        |
|    value_loss           | 1.09e+09     |
------------------------------------------
------------------------------------------
| rollout/                |              |
|    ep_len_mean          | 96.5         |
|    ep_rew_mean          | -1.24e+05    |
| time/                   |              |
|    fps                  | 1337         |
|    time_elapsed         | 560          |
|    total_timesteps      | 750000       |
| train/                  |              |
|    approx_kl            | 0.0029732285 |
|    clip_fraction        | 0.00538      |
|    clip_range           | 0.2          |
|    entropy_loss         | -8.24        |
|    explained_variance   | 5.96e-08     |
|    learning_rate        | 0.0003       |
|    loss                 | 6.13e+08     |
|    n_updates            | 910          |
|    policy_gradient_loss | -0.00153     |
|    std                  | 0.955        |
|    value_loss           | 1.17e+09     |
------------------------------------------
------------------------------------------
| rollout/                |              |
|    ep_len_mean          | 108          |
|    ep_rew_mean          | -1.23e+05    |
| time/                   |              |
|    fps                  | 1338         |
|    time_elapsed         | 567          |
|    total_timesteps      | 760000       |
| train/                  |              |
|    approx_kl            | 0.0032000884 |
|    clip_fraction        | 0.0105       |
|    clip_range           | 0.2          |
|    entropy_loss         | -8.24        |
|    explained_variance   | 5.96e-08     |
|    learning_rate        | 0.0003       |
|    loss                 | 6.77e+08     |
|    n_updates            | 920          |
|    policy_gradient_loss | -0.00169     |
|    std                  | 0.955        |
|    value_loss           | 1.25e+09     |
------------------------------------------
------------------------------------------
| rollout/                |              |
|    ep_len_mean          | 108          |
|    ep_rew_mean          | -1.24e+05    |
| time/                   |              |
|    fps                  | 1340         |
|    time_elapsed         | 574          |
|    total_timesteps      | 770000       |
| train/                  |              |
|    approx_kl            | 0.0032301904 |
|    clip_fraction        | 0.00586      |
|    clip_range           | 0.2          |
|    entropy_loss         | -8.23        |
|    explained_variance   | 0            |
|    learning_rate        | 0.0003       |
|    loss                 | 5.85e+08     |
|    n_updates            | 930          |
|    policy_gradient_loss | -0.00196     |
|    std                  | 0.953        |
|    value_loss           | 1.1e+09      |
------------------------------------------
------------------------------------------
| rollout/                |              |
|    ep_len_mean          | 113          |
|    ep_rew_mean          | -1e+05       |
| time/                   |              |
|    fps                  | 1335         |
|    time_elapsed         | 584          |
|    total_timesteps      | 780000       |
| train/                  |              |
|    approx_kl            | 0.0047689537 |
|    clip_fraction        | 0.026        |
|    clip_range           | 0.2          |
|    entropy_loss         | -8.21        |
|    explained_variance   | 0            |
|    learning_rate        | 0.0003       |
|    loss                 | 3.51e+08     |
|    n_updates            | 950          |
|    policy_gradient_loss | -0.00407     |
|    std                  | 0.952        |
|    value_loss           | 9.83e+08     |
------------------------------------------
------------------------------------------
| rollout/                |              |
|    ep_len_mean          | 111          |
|    ep_rew_mean          | -1.37e+05    |
| time/                   |              |
|    fps                  | 1338         |
|    time_elapsed         | 590          |
|    total_timesteps      | 790000       |
| train/                  |              |
|    approx_kl            | 0.0031696549 |
|    clip_fraction        | 0.0063       |
|    clip_range           | 0.2          |
|    entropy_loss         | -8.21        |
|    explained_variance   | 0            |
|    learning_rate        | 0.0003       |
|    loss                 | 7.78e+08     |
|    n_updates            | 960          |
|    policy_gradient_loss | -0.00237     |
|    std                  | 0.951        |
|    value_loss           | 1.15e+09     |
------------------------------------------
------------------------------------------
| rollout/                |              |
|    ep_len_mean          | 111          |
|    ep_rew_mean          | -1.22e+05    |
| time/                   |              |
|    fps                  | 1341         |
|    time_elapsed         | 596          |
|    total_timesteps      | 800000       |
| train/                  |              |
|    approx_kl            | 0.0046202242 |
|    clip_fraction        | 0.0266       |
|    clip_range           | 0.2          |
|    entropy_loss         | -8.21        |
|    explained_variance   | 0            |
|    learning_rate        | 0.0003       |
|    loss                 | 6.16e+08     |
|    n_updates            | 970          |
|    policy_gradient_loss | -0.00363     |
|    std                  | 0.952        |
|    value_loss           | 1.05e+09     |
------------------------------------------
------------------------------------------
| rollout/                |              |
|    ep_len_mean          | 107          |
|    ep_rew_mean          | -1.16e+05    |
| time/                   |              |
|    fps                  | 1344         |
|    time_elapsed         | 602          |
|    total_timesteps      | 810000       |
| train/                  |              |
|    approx_kl            | 0.0035154356 |
|    clip_fraction        | 0.00961      |
|    clip_range           | 0.2          |
|    entropy_loss         | -8.21        |
|    explained_variance   | 0            |
|    learning_rate        | 0.0003       |
|    loss                 | 5.89e+08     |
|    n_updates            | 980          |
|    policy_gradient_loss | -0.00249     |
|    std                  | 0.952        |
|    value_loss           | 1.09e+09     |
------------------------------------------
------------------------------------------
| rollout/                |              |
|    ep_len_mean          | 114          |
|    ep_rew_mean          | -1.32e+05    |
| time/                   |              |
|    fps                  | 1339         |
|    time_elapsed         | 612          |
|    total_timesteps      | 820000       |
| train/                  |              |
|    approx_kl            | 0.0039523095 |
|    clip_fraction        | 0.0172       |
|    clip_range           | 0.2          |
|    entropy_loss         | -8.2         |
|    explained_variance   | 0            |
|    learning_rate        | 0.0003       |
|    loss                 | 3.83e+08     |
|    n_updates            | 1000         |
|    policy_gradient_loss | -0.00263     |
|    std                  | 0.949        |
|    value_loss           | 1.08e+09     |
------------------------------------------
-----------------------------------------
| rollout/                |             |
|    ep_len_mean          | 108         |
|    ep_rew_mean          | -1e+05      |
| time/                   |             |
|    fps                  | 1341        |
|    time_elapsed         | 618         |
|    total_timesteps      | 830000      |
| train/                  |             |
|    approx_kl            | 0.003642499 |
|    clip_fraction        | 0.0131      |
|    clip_range           | 0.2         |
|    entropy_loss         | -8.19       |
|    explained_variance   | 5.96e-08    |
|    learning_rate        | 0.0003      |
|    loss                 | 6.1e+08     |
|    n_updates            | 1010        |
|    policy_gradient_loss | -0.00249    |
|    std                  | 0.948       |
|    value_loss           | 1.03e+09    |
-----------------------------------------
------------------------------------------
| rollout/                |              |
|    ep_len_mean          | 136          |
|    ep_rew_mean          | -1.26e+05    |
| time/                   |              |
|    fps                  | 1344         |
|    time_elapsed         | 624          |
|    total_timesteps      | 840000       |
| train/                  |              |
|    approx_kl            | 0.0038862498 |
|    clip_fraction        | 0.0186       |
|    clip_range           | 0.2          |
|    entropy_loss         | -8.18        |
|    explained_variance   | 0            |
|    learning_rate        | 0.0003       |
|    loss                 | 5.11e+08     |
|    n_updates            | 1020         |
|    policy_gradient_loss | -0.00286     |
|    std                  | 0.947        |
|    value_loss           | 9.53e+08     |
------------------------------------------
------------------------------------------
| rollout/                |              |
|    ep_len_mean          | 125          |
|    ep_rew_mean          | -1.03e+05    |
| time/                   |              |
|    fps                  | 1346         |
|    time_elapsed         | 631          |
|    total_timesteps      | 850000       |
| train/                  |              |
|    approx_kl            | 0.0039704945 |
|    clip_fraction        | 0.015        |
|    clip_range           | 0.2          |
|    entropy_loss         | -8.17        |
|    explained_variance   | 0            |
|    learning_rate        | 0.0003       |
|    loss                 | 4.56e+08     |
|    n_updates            | 1030         |
|    policy_gradient_loss | -0.00246     |
|    std                  | 0.945        |
|    value_loss           | 9.89e+08     |
------------------------------------------
------------------------------------------
| rollout/                |              |
|    ep_len_mean          | 107          |
|    ep_rew_mean          | -1.13e+05    |
| time/                   |              |
|    fps                  | 1349         |
|    time_elapsed         | 637          |
|    total_timesteps      | 860000       |
| train/                  |              |
|    approx_kl            | 0.0052194055 |
|    clip_fraction        | 0.0294       |
|    clip_range           | 0.2          |
|    entropy_loss         | -8.16        |
|    explained_variance   | 0            |
|    learning_rate        | 0.0003       |
|    loss                 | 3.99e+08     |
|    n_updates            | 1040         |
|    policy_gradient_loss | -0.00323     |
|    std                  | 0.944        |
|    value_loss           | 9.12e+08     |
------------------------------------------
-----------------------------------------
| rollout/                |             |
|    ep_len_mean          | 108         |
|    ep_rew_mean          | -1.04e+05   |
| time/                   |             |
|    fps                  | 1344        |
|    time_elapsed         | 647         |
|    total_timesteps      | 870000      |
| train/                  |             |
|    approx_kl            | 0.003457038 |
|    clip_fraction        | 0.00923     |
|    clip_range           | 0.2         |
|    entropy_loss         | -8.16       |
|    explained_variance   | -1.19e-07   |
|    learning_rate        | 0.0003      |
|    loss                 | 2.91e+08    |
|    n_updates            | 1060        |
|    policy_gradient_loss | -0.00166    |
|    std                  | 0.943       |
|    value_loss           | 9.91e+08    |
-----------------------------------------
------------------------------------------
| rollout/                |              |
|    ep_len_mean          | 115          |
|    ep_rew_mean          | -1.1e+05     |
| time/                   |              |
|    fps                  | 1346         |
|    time_elapsed         | 653          |
|    total_timesteps      | 880000       |
| train/                  |              |
|    approx_kl            | 0.0043865587 |
|    clip_fraction        | 0.0217       |
|    clip_range           | 0.2          |
|    entropy_loss         | -8.15        |
|    explained_variance   | 0            |
|    learning_rate        | 0.0003       |
|    loss                 | 5.27e+08     |
|    n_updates            | 1070         |
|    policy_gradient_loss | -0.00387     |
|    std                  | 0.941        |
|    value_loss           | 1.05e+09     |
------------------------------------------
------------------------------------------
| rollout/                |              |
|    ep_len_mean          | 115          |
|    ep_rew_mean          | -9.79e+04    |
| time/                   |              |
|    fps                  | 1349         |
|    time_elapsed         | 659          |
|    total_timesteps      | 890000       |
| train/                  |              |
|    approx_kl            | 0.0040077204 |
|    clip_fraction        | 0.0151       |
|    clip_range           | 0.2          |
|    entropy_loss         | -8.14        |
|    explained_variance   | -1.19e-07    |
|    learning_rate        | 0.0003       |
|    loss                 | 6.14e+08     |
|    n_updates            | 1080         |
|    policy_gradient_loss | -0.00339     |
|    std                  | 0.94         |
|    value_loss           | 9.85e+08     |
------------------------------------------
-----------------------------------------
| rollout/                |             |
|    ep_len_mean          | 100         |
|    ep_rew_mean          | -8.64e+04   |
| time/                   |             |
|    fps                  | 1351        |
|    time_elapsed         | 665         |
|    total_timesteps      | 900000      |
| train/                  |             |
|    approx_kl            | 0.008103878 |
|    clip_fraction        | 0.0723      |
|    clip_range           | 0.2         |
|    entropy_loss         | -8.13       |
|    explained_variance   | 5.96e-08    |
|    learning_rate        | 0.0003      |
|    loss                 | 5.79e+08    |
|    n_updates            | 1090        |
|    policy_gradient_loss | -0.00163    |
|    std                  | 0.938       |
|    value_loss           | 1.02e+09    |
-----------------------------------------
-----------------------------------------
| rollout/                |             |
|    ep_len_mean          | 104         |
|    ep_rew_mean          | -9.64e+04   |
| time/                   |             |
|    fps                  | 1346        |
|    time_elapsed         | 675         |
|    total_timesteps      | 910000      |
| train/                  |             |
|    approx_kl            | 0.004052299 |
|    clip_fraction        | 0.0189      |
|    clip_range           | 0.2         |
|    entropy_loss         | -8.11       |
|    explained_variance   | 0           |
|    learning_rate        | 0.0003      |
|    loss                 | 3.91e+08    |
|    n_updates            | 1110        |
|    policy_gradient_loss | -0.00308    |
|    std                  | 0.936       |
|    value_loss           | 1.03e+09    |
-----------------------------------------
-----------------------------------------
| rollout/                |             |
|    ep_len_mean          | 113         |
|    ep_rew_mean          | -1.04e+05   |
| time/                   |             |
|    fps                  | 1349        |
|    time_elapsed         | 681         |
|    total_timesteps      | 920000      |
| train/                  |             |
|    approx_kl            | 0.003515111 |
|    clip_fraction        | 0.0131      |
|    clip_range           | 0.2         |
|    entropy_loss         | -8.11       |
|    explained_variance   | 0           |
|    learning_rate        | 0.0003      |
|    loss                 | 5.93e+08    |
|    n_updates            | 1120        |
|    policy_gradient_loss | -0.00284    |
|    std                  | 0.935       |
|    value_loss           | 1.06e+09    |
-----------------------------------------
------------------------------------------
| rollout/                |              |
|    ep_len_mean          | 122          |
|    ep_rew_mean          | -9.42e+04    |
| time/                   |              |
|    fps                  | 1351         |
|    time_elapsed         | 688          |
|    total_timesteps      | 930000       |
| train/                  |              |
|    approx_kl            | 0.0045125955 |
|    clip_fraction        | 0.0467       |
|    clip_range           | 0.2          |
|    entropy_loss         | -8.1         |
|    explained_variance   | 0            |
|    learning_rate        | 0.0003       |
|    loss                 | 5.55e+08     |
|    n_updates            | 1130         |
|    policy_gradient_loss | -0.00387     |
|    std                  | 0.936        |
|    value_loss           | 9.24e+08     |
------------------------------------------
-----------------------------------------
| rollout/                |             |
|    ep_len_mean          | 113         |
|    ep_rew_mean          | -9.58e+04   |
| time/                   |             |
|    fps                  | 1353        |
|    time_elapsed         | 694         |
|    total_timesteps      | 940000      |
| train/                  |             |
|    approx_kl            | 0.004880558 |
|    clip_fraction        | 0.0242      |
|    clip_range           | 0.2         |
|    entropy_loss         | -8.1        |
|    explained_variance   | 0           |
|    learning_rate        | 0.0003      |
|    loss                 | 6.22e+08    |
|    n_updates            | 1140        |
|    policy_gradient_loss | -0.00388    |
|    std                  | 0.935       |
|    value_loss           | 1.04e+09    |
-----------------------------------------
------------------------------------------
| rollout/                |              |
|    ep_len_mean          | 113          |
|    ep_rew_mean          | -9.73e+04    |
| time/                   |              |
|    fps                  | 1355         |
|    time_elapsed         | 700          |
|    total_timesteps      | 950000       |
| train/                  |              |
|    approx_kl            | 0.0046472573 |
|    clip_fraction        | 0.0302       |
|    clip_range           | 0.2          |
|    entropy_loss         | -8.11        |
|    explained_variance   | 0            |
|    learning_rate        | 0.0003       |
|    loss                 | 4.7e+08      |
|    n_updates            | 1150         |
|    policy_gradient_loss | -0.00343     |
|    std                  | 0.936        |
|    value_loss           | 9.66e+08     |
------------------------------------------
------------------------------------------
| rollout/                |              |
|    ep_len_mean          | 115          |
|    ep_rew_mean          | -8.7e+04     |
| time/                   |              |
|    fps                  | 1351         |
|    time_elapsed         | 710          |
|    total_timesteps      | 960000       |
| train/                  |              |
|    approx_kl            | 0.0036709455 |
|    clip_fraction        | 0.0449       |
|    clip_range           | 0.2          |
|    entropy_loss         | -8.1         |
|    explained_variance   | 0            |
|    learning_rate        | 0.0003       |
|    loss                 | 4.35e+08     |
|    n_updates            | 1170         |
|    policy_gradient_loss | -0.00208     |
|    std                  | 0.934        |
|    value_loss           | 9.28e+08     |
------------------------------------------
----------------------------------------
| rollout/                |            |
|    ep_len_mean          | 114        |
|    ep_rew_mean          | -1.01e+05  |
| time/                   |            |
|    fps                  | 1353       |
|    time_elapsed         | 716        |
|    total_timesteps      | 970000     |
| train/                  |            |
|    approx_kl            | 0.00336369 |
|    clip_fraction        | 0.00913    |
|    clip_range           | 0.2        |
|    entropy_loss         | -8.09      |
|    explained_variance   | 0          |
|    learning_rate        | 0.0003     |
|    loss                 | 4.72e+08   |
|    n_updates            | 1180       |
|    policy_gradient_loss | -0.00206   |
|    std                  | 0.932      |
|    value_loss           | 9.51e+08   |
----------------------------------------
----------------------------------------
| rollout/                |            |
|    ep_len_mean          | 149        |
|    ep_rew_mean          | -2.08e+05  |
| time/                   |            |
|    fps                  | 1356       |
|    time_elapsed         | 722        |
|    total_timesteps      | 980000     |
| train/                  |            |
|    approx_kl            | 0.72992086 |
|    clip_fraction        | 0.39       |
|    clip_range           | 0.2        |
|    entropy_loss         | -8.08      |
|    explained_variance   | 0          |
|    learning_rate        | 0.0003     |
|    loss                 | 4.79e+08   |
|    n_updates            | 1190       |
|    policy_gradient_loss | 0.0927     |
|    std                  | 0.931      |
|    value_loss           | 9.87e+08   |
----------------------------------------
------------------------------------------
| rollout/                |              |
|    ep_len_mean          | 213          |
|    ep_rew_mean          | -3.99e+05    |
| time/                   |              |
|    fps                  | 1358         |
|    time_elapsed         | 728          |
|    total_timesteps      | 990000       |
| train/                  |              |
|    approx_kl            | 0.0014927962 |
|    clip_fraction        | 0.000134     |
|    clip_range           | 0.2          |
|    entropy_loss         | -8.07        |
|    explained_variance   | 0            |
|    learning_rate        | 0.0003       |
|    loss                 | 1.03e+09     |
|    n_updates            | 1200         |
|    policy_gradient_loss | -0.00359     |
|    std                  | 0.931        |
|    value_loss           | 2.83e+09     |
------------------------------------------
-----------------------------------------
| rollout/                |             |
|    ep_len_mean          | 302         |
|    ep_rew_mean          | -6.13e+05   |
| time/                   |             |
|    fps                  | 1354        |
|    time_elapsed         | 738         |
|    total_timesteps      | 1000000     |
| train/                  |             |
|    approx_kl            | 0.006955846 |
|    clip_fraction        | 0.0272      |
|    clip_range           | 0.2         |
|    entropy_loss         | -8.07       |
|    explained_variance   | 0           |
|    learning_rate        | 0.0003      |
|    loss                 | 6.53e+08    |
|    n_updates            | 1220        |
|    policy_gradient_loss | -0.00739    |
|    std                  | 0.931       |
|    value_loss           | 1.57e+09    |
-----------------------------------------
Training ended on Tue Jan 27 16:24:59 2026
Training lasted 0:12:23.581880
