Logging to training_default_logs/2_robots/logs/TQC_set2
Using cpu device
Training started on Tue Jan 27 16:12:33 2026
Experiment configuration: {'algorithm': 'TQC', 'set': 2, 'verbose': 1, 'steps': 1000000, 'num_robots': 2, 'num_envs': 4, 'seed': 33, 'log_steps': 10000, 'resume': False, 'device': 'cpu'}
----------------------------------
| rollout/           |           |
|    ep_len_mean     | 274       |
|    ep_rew_mean     | -4.06e+06 |
| time/              |           |
|    episodes        | 24        |
|    fps             | 11        |
|    time_elapsed    | 883       |
|    total_timesteps | 10000     |
| train/             |           |
|    actor_loss      | 1.53e+05  |
|    critic_loss     | 3.9e+03   |
|    ent_coef        | 1.53      |
|    ent_coef_loss   | -2.79     |
|    learning_rate   | 0.0003    |
|    n_updates       | 2474      |
----------------------------------
----------------------------------
| rollout/           |           |
|    ep_len_mean     | 458       |
|    ep_rew_mean     | -8.13e+06 |
| time/              |           |
|    episodes        | 39        |
|    fps             | 21        |
|    time_elapsed    | 947       |
|    total_timesteps | 20000     |
| train/             |           |
|    actor_loss      | 3.43e+05  |
|    critic_loss     | 3.44e+03  |
|    ent_coef        | 3.24      |
|    ent_coef_loss   | -7.84     |
|    learning_rate   | 0.0003    |
|    n_updates       | 4974      |
----------------------------------
----------------------------------
| rollout/           |           |
|    ep_len_mean     | 569       |
|    ep_rew_mean     | -1.04e+07 |
| time/              |           |
|    episodes        | 49        |
|    fps             | 29        |
|    time_elapsed    | 1029      |
|    total_timesteps | 30000     |
| train/             |           |
|    actor_loss      | 5.25e+05  |
|    critic_loss     | 3.94e+03  |
|    ent_coef        | 6.39      |
|    ent_coef_loss   | -8.8      |
|    learning_rate   | 0.0003    |
|    n_updates       | 7474      |
----------------------------------
----------------------------------
| rollout/           |           |
|    ep_len_mean     | 473       |
|    ep_rew_mean     | -8.33e+06 |
| time/              |           |
|    episodes        | 80        |
|    fps             | 36        |
|    time_elapsed    | 1093      |
|    total_timesteps | 40000     |
| train/             |           |
|    actor_loss      | 6.56e+05  |
|    critic_loss     | 3.55e+03  |
|    ent_coef        | 13.9      |
|    ent_coef_loss   | -18.3     |
|    learning_rate   | 0.0003    |
|    n_updates       | 9974      |
----------------------------------
----------------------------------
| rollout/           |           |
|    ep_len_mean     | 145       |
|    ep_rew_mean     | -2.03e+06 |
| time/              |           |
|    episodes        | 171       |
|    fps             | 43        |
|    time_elapsed    | 1158      |
|    total_timesteps | 50000     |
| train/             |           |
|    actor_loss      | 7.48e+05  |
|    critic_loss     | 5.6e+03   |
|    ent_coef        | 24.9      |
|    ent_coef_loss   | -8.71     |
|    learning_rate   | 0.0003    |
|    n_updates       | 12474     |
----------------------------------
---------------------------------
| rollout/           |          |
|    ep_len_mean     | 112      |
|    ep_rew_mean     | -1.5e+06 |
| time/              |          |
|    episodes        | 203      |
|    fps             | 48       |
|    time_elapsed    | 1229     |
|    total_timesteps | 60000    |
| train/             |          |
|    actor_loss      | 8.23e+05 |
|    critic_loss     | 6.46e+03 |
|    ent_coef        | 39.5     |
|    ent_coef_loss   | -7.11    |
|    learning_rate   | 0.0003   |
|    n_updates       | 14974    |
---------------------------------
----------------------------------
| rollout/           |           |
|    ep_len_mean     | 208       |
|    ep_rew_mean     | -3.11e+06 |
| time/              |           |
|    episodes        | 215       |
|    fps             | 53        |
|    time_elapsed    | 1301      |
|    total_timesteps | 70000     |
| train/             |           |
|    actor_loss      | 8.77e+05  |
|    critic_loss     | 7.95e+03  |
|    ent_coef        | 44.5      |
|    ent_coef_loss   | 2.58      |
|    learning_rate   | 0.0003    |
|    n_updates       | 17474     |
----------------------------------
----------------------------------
| rollout/           |           |
|    ep_len_mean     | 287       |
|    ep_rew_mean     | -4.49e+06 |
| time/              |           |
|    episodes        | 223       |
|    fps             | 57        |
|    time_elapsed    | 1395      |
|    total_timesteps | 80000     |
| train/             |           |
|    actor_loss      | 9.46e+05  |
|    critic_loss     | 1.38e+04  |
|    ent_coef        | 42.4      |
|    ent_coef_loss   | 2.1       |
|    learning_rate   | 0.0003    |
|    n_updates       | 19974     |
----------------------------------
----------------------------------
| rollout/           |           |
|    ep_len_mean     | 246       |
|    ep_rew_mean     | -4.19e+06 |
| time/              |           |
|    episodes        | 308       |
|    fps             | 61        |
|    time_elapsed    | 1458      |
|    total_timesteps | 90000     |
| train/             |           |
|    actor_loss      | 1.04e+06  |
|    critic_loss     | 1.22e+04  |
|    ent_coef        | 67        |
|    ent_coef_loss   | -0.476    |
|    learning_rate   | 0.0003    |
|    n_updates       | 22474     |
----------------------------------
----------------------------------
| rollout/           |           |
|    ep_len_mean     | 216       |
|    ep_rew_mean     | -4.05e+06 |
| time/              |           |
|    episodes        | 323       |
|    fps             | 65        |
|    time_elapsed    | 1526      |
|    total_timesteps | 100000    |
| train/             |           |
|    actor_loss      | 1.08e+06  |
|    critic_loss     | 1.6e+04   |
|    ent_coef        | 68.9      |
|    ent_coef_loss   | -0.738    |
|    learning_rate   | 0.0003    |
|    n_updates       | 24974     |
----------------------------------
----------------------------------
| rollout/           |           |
|    ep_len_mean     | 276       |
|    ep_rew_mean     | -5.24e+06 |
| time/              |           |
|    episodes        | 331       |
|    fps             | 69        |
|    time_elapsed    | 1590      |
|    total_timesteps | 110000    |
| train/             |           |
|    actor_loss      | 1.16e+06  |
|    critic_loss     | 1.45e+04  |
|    ent_coef        | 73.2      |
|    ent_coef_loss   | 1.23      |
|    learning_rate   | 0.0003    |
|    n_updates       | 27474     |
----------------------------------
----------------------------------
| rollout/           |           |
|    ep_len_mean     | 374       |
|    ep_rew_mean     | -7.18e+06 |
| time/              |           |
|    episodes        | 343       |
|    fps             | 72        |
|    time_elapsed    | 1653      |
|    total_timesteps | 120000    |
| train/             |           |
|    actor_loss      | 1.22e+06  |
|    critic_loss     | 1.91e+04  |
|    ent_coef        | 95.9      |
|    ent_coef_loss   | -2.12     |
|    learning_rate   | 0.0003    |
|    n_updates       | 29974     |
----------------------------------
---------------------------------
| rollout/           |          |
|    ep_len_mean     | 451      |
|    ep_rew_mean     | -8.7e+06 |
| time/              |          |
|    episodes        | 351      |
|    fps             | 74       |
|    time_elapsed    | 1734     |
|    total_timesteps | 130000   |
| train/             |          |
|    actor_loss      | 1.26e+06 |
|    critic_loss     | 1.91e+04 |
|    ent_coef        | 126      |
|    ent_coef_loss   | 5.04     |
|    learning_rate   | 0.0003   |
|    n_updates       | 32474    |
---------------------------------
----------------------------------
| rollout/           |           |
|    ep_len_mean     | 560       |
|    ep_rew_mean     | -1.09e+07 |
| time/              |           |
|    episodes        | 363       |
|    fps             | 77        |
|    time_elapsed    | 1799      |
|    total_timesteps | 140000    |
| train/             |           |
|    actor_loss      | 1.35e+06  |
|    critic_loss     | 2.37e+04  |
|    ent_coef        | 162       |
|    ent_coef_loss   | 1.46      |
|    learning_rate   | 0.0003    |
|    n_updates       | 34974     |
----------------------------------
----------------------------------
| rollout/           |           |
|    ep_len_mean     | 629       |
|    ep_rew_mean     | -1.23e+07 |
| time/              |           |
|    episodes        | 371       |
|    fps             | 80        |
|    time_elapsed    | 1868      |
|    total_timesteps | 150000    |
| train/             |           |
|    actor_loss      | 1.35e+06  |
|    critic_loss     | 2.25e+04  |
|    ent_coef        | 177       |
|    ent_coef_loss   | -0.952    |
|    learning_rate   | 0.0003    |
|    n_updates       | 37474     |
----------------------------------
----------------------------------
| rollout/           |           |
|    ep_len_mean     | 747       |
|    ep_rew_mean     | -1.47e+07 |
| time/              |           |
|    episodes        | 383       |
|    fps             | 82        |
|    time_elapsed    | 1929      |
|    total_timesteps | 160000    |
| train/             |           |
|    actor_loss      | 1.42e+06  |
|    critic_loss     | 2.35e+04  |
|    ent_coef        | 198       |
|    ent_coef_loss   | 0.486     |
|    learning_rate   | 0.0003    |
|    n_updates       | 39974     |
----------------------------------
----------------------------------
| rollout/           |           |
|    ep_len_mean     | 826       |
|    ep_rew_mean     | -1.62e+07 |
| time/              |           |
|    episodes        | 391       |
|    fps             | 85        |
|    time_elapsed    | 1994      |
|    total_timesteps | 170000    |
| train/             |           |
|    actor_loss      | 1.44e+06  |
|    critic_loss     | 2.04e+04  |
|    ent_coef        | 187       |
|    ent_coef_loss   | 1.43      |
|    learning_rate   | 0.0003    |
|    n_updates       | 42474     |
----------------------------------
----------------------------------
| rollout/           |           |
|    ep_len_mean     | 643       |
|    ep_rew_mean     | -1.27e+07 |
| time/              |           |
|    episodes        | 439       |
|    fps             | 87        |
|    time_elapsed    | 2062      |
|    total_timesteps | 180000    |
| train/             |           |
|    actor_loss      | 1.47e+06  |
|    critic_loss     | 2.74e+04  |
|    ent_coef        | 175       |
|    ent_coef_loss   | -1.32     |
|    learning_rate   | 0.0003    |
|    n_updates       | 44974     |
----------------------------------
----------------------------------
| rollout/           |           |
|    ep_len_mean     | 67.5      |
|    ep_rew_mean     | -1.28e+06 |
| time/              |           |
|    episodes        | 560       |
|    fps             | 89        |
|    time_elapsed    | 2124      |
|    total_timesteps | 190000    |
| train/             |           |
|    actor_loss      | 1.55e+06  |
|    critic_loss     | 2.4e+04   |
|    ent_coef        | 191       |
|    ent_coef_loss   | -0.933    |
|    learning_rate   | 0.0003    |
|    n_updates       | 47474     |
----------------------------------
----------------------------------
| rollout/           |           |
|    ep_len_mean     | 156       |
|    ep_rew_mean     | -3.05e+06 |
| time/              |           |
|    episodes        | 570       |
|    fps             | 91        |
|    time_elapsed    | 2184      |
|    total_timesteps | 200000    |
| train/             |           |
|    actor_loss      | 1.56e+06  |
|    critic_loss     | 3.14e+04  |
|    ent_coef        | 203       |
|    ent_coef_loss   | 3.76      |
|    learning_rate   | 0.0003    |
|    n_updates       | 49974     |
----------------------------------
----------------------------------
| rollout/           |           |
|    ep_len_mean     | 265       |
|    ep_rew_mean     | -5.23e+06 |
| time/              |           |
|    episodes        | 581       |
|    fps             | 93        |
|    time_elapsed    | 2245      |
|    total_timesteps | 210000    |
| train/             |           |
|    actor_loss      | 1.6e+06   |
|    critic_loss     | 3.09e+04  |
|    ent_coef        | 216       |
|    ent_coef_loss   | 2.91      |
|    learning_rate   | 0.0003    |
|    n_updates       | 52474     |
----------------------------------
----------------------------------
| rollout/           |           |
|    ep_len_mean     | 341       |
|    ep_rew_mean     | -6.74e+06 |
| time/              |           |
|    episodes        | 606       |
|    fps             | 95        |
|    time_elapsed    | 2305      |
|    total_timesteps | 220000    |
| train/             |           |
|    actor_loss      | 1.69e+06  |
|    critic_loss     | 3.44e+04  |
|    ent_coef        | 191       |
|    ent_coef_loss   | 2.97      |
|    learning_rate   | 0.0003    |
|    n_updates       | 54974     |
----------------------------------
----------------------------------
| rollout/           |           |
|    ep_len_mean     | 326       |
|    ep_rew_mean     | -6.39e+06 |
| time/              |           |
|    episodes        | 667       |
|    fps             | 97        |
|    time_elapsed    | 2366      |
|    total_timesteps | 230000    |
| train/             |           |
|    actor_loss      | 1.75e+06  |
|    critic_loss     | 4.92e+04  |
|    ent_coef        | 198       |
|    ent_coef_loss   | 1.9       |
|    learning_rate   | 0.0003    |
|    n_updates       | 57474     |
----------------------------------
Logging to training_default_logs/2_robots/logs/TQC_set2
Using cpu device
Training started on Tue Jan 27 16:54:48 2026
Experiment configuration: {'algorithm': 'TQC', 'set': 2, 'verbose': 1, 'steps': 1000000, 'num_robots': 2, 'num_envs': 4, 'seed': 33, 'log_steps': 10000, 'resume': False, 'device': 'cpu'}
----------------------------------
| rollout/           |           |
|    ep_len_mean     | 375       |
|    ep_rew_mean     | -6.02e+06 |
| time/              |           |
|    episodes        | 22        |
|    fps             | 164       |
|    time_elapsed    | 60        |
|    total_timesteps | 10000     |
| train/             |           |
|    actor_loss      | 1.54e+05  |
|    critic_loss     | 3.8e+03   |
|    ent_coef        | 1.59      |
|    ent_coef_loss   | -2.55     |
|    learning_rate   | 0.0003    |
|    n_updates       | 2474      |
----------------------------------
---------------------------------
| rollout/           |          |
|    ep_len_mean     | 554      |
|    ep_rew_mean     | -9.8e+06 |
| time/              |          |
|    episodes        | 34       |
|    fps             | 164      |
|    time_elapsed    | 121      |
|    total_timesteps | 20000    |
| train/             |          |
|    actor_loss      | 3.6e+05  |
|    critic_loss     | 3.55e+03 |
|    ent_coef        | 3.32     |
|    ent_coef_loss   | -8.98    |
|    learning_rate   | 0.0003   |
|    n_updates       | 4974     |
---------------------------------
----------------------------------
| rollout/           |           |
|    ep_len_mean     | 648       |
|    ep_rew_mean     | -1.15e+07 |
| time/              |           |
|    episodes        | 43        |
|    fps             | 167       |
|    time_elapsed    | 178       |
|    total_timesteps | 30000     |
| train/             |           |
|    actor_loss      | 5.11e+05  |
|    critic_loss     | 3.64e+03  |
|    ent_coef        | 6.09      |
|    ent_coef_loss   | -9.84     |
|    learning_rate   | 0.0003    |
|    n_updates       | 7474      |
----------------------------------
----------------------------------
| rollout/           |           |
|    ep_len_mean     | 705       |
|    ep_rew_mean     | -1.17e+07 |
| time/              |           |
|    episodes        | 54        |
|    fps             | 167       |
|    time_elapsed    | 238       |
|    total_timesteps | 40000     |
| train/             |           |
|    actor_loss      | 6.06e+05  |
|    critic_loss     | 5.16e+03  |
|    ent_coef        | 14.2      |
|    ent_coef_loss   | -19.1     |
|    learning_rate   | 0.0003    |
|    n_updates       | 9974      |
----------------------------------
----------------------------------
| rollout/           |           |
|    ep_len_mean     | 603       |
|    ep_rew_mean     | -9.67e+06 |
| time/              |           |
|    episodes        | 80        |
|    fps             | 166       |
|    time_elapsed    | 299       |
|    total_timesteps | 50000     |
| train/             |           |
|    actor_loss      | 6.87e+05  |
|    critic_loss     | 5.33e+03  |
|    ent_coef        | 22        |
|    ent_coef_loss   | -4.06     |
|    learning_rate   | 0.0003    |
|    n_updates       | 12474     |
----------------------------------
----------------------------------
| rollout/           |           |
|    ep_len_mean     | 643       |
|    ep_rew_mean     | -1.02e+07 |
| time/              |           |
|    episodes        | 92        |
|    fps             | 165       |
|    time_elapsed    | 361       |
|    total_timesteps | 60000     |
| train/             |           |
|    actor_loss      | 7.7e+05   |
|    critic_loss     | 6.8e+03   |
|    ent_coef        | 27.5      |
|    ent_coef_loss   | -2.03     |
|    learning_rate   | 0.0003    |
|    n_updates       | 14974     |
----------------------------------
----------------------------------
| rollout/           |           |
|    ep_len_mean     | 670       |
|    ep_rew_mean     | -1.07e+07 |
| time/              |           |
|    episodes        | 101       |
|    fps             | 165       |
|    time_elapsed    | 423       |
|    total_timesteps | 70000     |
| train/             |           |
|    actor_loss      | 8.56e+05  |
|    critic_loss     | 7.97e+03  |
|    ent_coef        | 33.2      |
|    ent_coef_loss   | -3.21     |
|    learning_rate   | 0.0003    |
|    n_updates       | 17474     |
----------------------------------
---------------------------------
| rollout/           |          |
|    ep_len_mean     | 579      |
|    ep_rew_mean     | -8.9e+06 |
| time/              |          |
|    episodes        | 136      |
|    fps             | 165      |
|    time_elapsed    | 484      |
|    total_timesteps | 80000    |
| train/             |          |
|    actor_loss      | 9.21e+05 |
|    critic_loss     | 9.63e+03 |
|    ent_coef        | 52.7     |
|    ent_coef_loss   | -0.0334  |
|    learning_rate   | 0.0003   |
|    n_updates       | 19974    |
---------------------------------
----------------------------------
| rollout/           |           |
|    ep_len_mean     | 515       |
|    ep_rew_mean     | -8.01e+06 |
| time/              |           |
|    episodes        | 153       |
|    fps             | 164       |
|    time_elapsed    | 545       |
|    total_timesteps | 90000     |
| train/             |           |
|    actor_loss      | 1.02e+06  |
|    critic_loss     | 1.29e+04  |
|    ent_coef        | 44.7      |
|    ent_coef_loss   | 0.561     |
|    learning_rate   | 0.0003    |
|    n_updates       | 22474     |
----------------------------------
----------------------------------
| rollout/           |           |
|    ep_len_mean     | 519       |
|    ep_rew_mean     | -8.15e+06 |
| time/              |           |
|    episodes        | 171       |
|    fps             | 164       |
|    time_elapsed    | 607       |
|    total_timesteps | 100000    |
| train/             |           |
|    actor_loss      | 1.08e+06  |
|    critic_loss     | 1.4e+04   |
|    ent_coef        | 51.2      |
|    ent_coef_loss   | -0.755    |
|    learning_rate   | 0.0003    |
|    n_updates       | 24974     |
----------------------------------
----------------------------------
| rollout/           |           |
|    ep_len_mean     | 596       |
|    ep_rew_mean     | -9.68e+06 |
| time/              |           |
|    episodes        | 180       |
|    fps             | 164       |
|    time_elapsed    | 668       |
|    total_timesteps | 110000    |
| train/             |           |
|    actor_loss      | 1.15e+06  |
|    critic_loss     | 1.56e+04  |
|    ent_coef        | 79        |
|    ent_coef_loss   | 0.571     |
|    learning_rate   | 0.0003    |
|    n_updates       | 27474     |
----------------------------------
----------------------------------
| rollout/           |           |
|    ep_len_mean     | 607       |
|    ep_rew_mean     | -1.04e+07 |
| time/              |           |
|    episodes        | 191       |
|    fps             | 164       |
|    time_elapsed    | 730       |
|    total_timesteps | 120000    |
| train/             |           |
|    actor_loss      | 1.23e+06  |
|    critic_loss     | 1.91e+04  |
|    ent_coef        | 113       |
|    ent_coef_loss   | -1.05     |
|    learning_rate   | 0.0003    |
|    n_updates       | 29974     |
----------------------------------
----------------------------------
| rollout/           |           |
|    ep_len_mean     | 617       |
|    ep_rew_mean     | -1.09e+07 |
| time/              |           |
|    episodes        | 200       |
|    fps             | 164       |
|    time_elapsed    | 792       |
|    total_timesteps | 130000    |
| train/             |           |
|    actor_loss      | 1.27e+06  |
|    critic_loss     | 1.79e+04  |
|    ent_coef        | 123       |
|    ent_coef_loss   | 1.62      |
|    learning_rate   | 0.0003    |
|    n_updates       | 32474     |
----------------------------------
----------------------------------
| rollout/           |           |
|    ep_len_mean     | 696       |
|    ep_rew_mean     | -1.27e+07 |
| time/              |           |
|    episodes        | 211       |
|    fps             | 164       |
|    time_elapsed    | 853       |
|    total_timesteps | 140000    |
| train/             |           |
|    actor_loss      | 1.38e+06  |
|    critic_loss     | 1.87e+04  |
|    ent_coef        | 143       |
|    ent_coef_loss   | 3.02      |
|    learning_rate   | 0.0003    |
|    n_updates       | 34974     |
----------------------------------
----------------------------------
| rollout/           |           |
|    ep_len_mean     | 765       |
|    ep_rew_mean     | -1.42e+07 |
| time/              |           |
|    episodes        | 220       |
|    fps             | 164       |
|    time_elapsed    | 914       |
|    total_timesteps | 150000    |
| train/             |           |
|    actor_loss      | 1.44e+06  |
|    critic_loss     | 2.28e+04  |
|    ent_coef        | 172       |
|    ent_coef_loss   | -1.66     |
|    learning_rate   | 0.0003    |
|    n_updates       | 37474     |
----------------------------------
----------------------------------
| rollout/           |           |
|    ep_len_mean     | 840       |
|    ep_rew_mean     | -1.58e+07 |
| time/              |           |
|    episodes        | 231       |
|    fps             | 164       |
|    time_elapsed    | 974       |
|    total_timesteps | 160000    |
| train/             |           |
|    actor_loss      | 1.47e+06  |
|    critic_loss     | 2.86e+04  |
|    ent_coef        | 218       |
|    ent_coef_loss   | 0.331     |
|    learning_rate   | 0.0003    |
|    n_updates       | 39974     |
----------------------------------
----------------------------------
| rollout/           |           |
|    ep_len_mean     | 875       |
|    ep_rew_mean     | -1.65e+07 |
| time/              |           |
|    episodes        | 240       |
|    fps             | 164       |
|    time_elapsed    | 1034      |
|    total_timesteps | 170000    |
| train/             |           |
|    actor_loss      | 1.57e+06  |
|    critic_loss     | 2.78e+04  |
|    ent_coef        | 238       |
|    ent_coef_loss   | 2.49      |
|    learning_rate   | 0.0003    |
|    n_updates       | 42474     |
----------------------------------
----------------------------------
| rollout/           |           |
|    ep_len_mean     | 904       |
|    ep_rew_mean     | -1.74e+07 |
| time/              |           |
|    episodes        | 252       |
|    fps             | 164       |
|    time_elapsed    | 1095      |
|    total_timesteps | 180000    |
| train/             |           |
|    actor_loss      | 1.59e+06  |
|    critic_loss     | 3.11e+04  |
|    ent_coef        | 237       |
|    ent_coef_loss   | 0.114     |
|    learning_rate   | 0.0003    |
|    n_updates       | 44974     |
----------------------------------
----------------------------------
| rollout/           |           |
|    ep_len_mean     | 774       |
|    ep_rew_mean     | -1.54e+07 |
| time/              |           |
|    episodes        | 282       |
|    fps             | 164       |
|    time_elapsed    | 1156      |
|    total_timesteps | 190000    |
| train/             |           |
|    actor_loss      | 1.67e+06  |
|    critic_loss     | 2.77e+04  |
|    ent_coef        | 241       |
|    ent_coef_loss   | 2.07      |
|    learning_rate   | 0.0003    |
|    n_updates       | 47474     |
----------------------------------
---------------------------------
| rollout/           |          |
|    ep_len_mean     | 752      |
|    ep_rew_mean     | -1.5e+07 |
| time/              |          |
|    episodes        | 295      |
|    fps             | 164      |
|    time_elapsed    | 1216     |
|    total_timesteps | 200000   |
| train/             |          |
|    actor_loss      | 1.73e+06 |
|    critic_loss     | 3.19e+04 |
|    ent_coef        | 222      |
|    ent_coef_loss   | 2.84     |
|    learning_rate   | 0.0003   |
|    n_updates       | 49974    |
---------------------------------
---------------------------------
| rollout/           |          |
|    ep_len_mean     | 752      |
|    ep_rew_mean     | -1.5e+07 |
| time/              |          |
|    episodes        | 304      |
|    fps             | 164      |
|    time_elapsed    | 1276     |
|    total_timesteps | 210000   |
| train/             |          |
|    actor_loss      | 1.83e+06 |
|    critic_loss     | 2.57e+04 |
|    ent_coef        | 229      |
|    ent_coef_loss   | 0.241    |
|    learning_rate   | 0.0003   |
|    n_updates       | 52474    |
---------------------------------
----------------------------------
| rollout/           |           |
|    ep_len_mean     | 663       |
|    ep_rew_mean     | -1.32e+07 |
| time/              |           |
|    episodes        | 324       |
|    fps             | 164       |
|    time_elapsed    | 1336      |
|    total_timesteps | 220000    |
| train/             |           |
|    actor_loss      | 1.86e+06  |
|    critic_loss     | 2.21e+04  |
|    ent_coef        | 210       |
|    ent_coef_loss   | 0.585     |
|    learning_rate   | 0.0003    |
|    n_updates       | 54974     |
----------------------------------
----------------------------------
| rollout/           |           |
|    ep_len_mean     | 634       |
|    ep_rew_mean     | -1.26e+07 |
| time/              |           |
|    episodes        | 336       |
|    fps             | 164       |
|    time_elapsed    | 1397      |
|    total_timesteps | 230000    |
| train/             |           |
|    actor_loss      | 1.92e+06  |
|    critic_loss     | 2.45e+04  |
|    ent_coef        | 215       |
|    ent_coef_loss   | 2.22      |
|    learning_rate   | 0.0003    |
|    n_updates       | 57474     |
----------------------------------
----------------------------------
| rollout/           |           |
|    ep_len_mean     | 634       |
|    ep_rew_mean     | -1.24e+07 |
| time/              |           |
|    episodes        | 347       |
|    fps             | 164       |
|    time_elapsed    | 1458      |
|    total_timesteps | 240000    |
| train/             |           |
|    actor_loss      | 1.89e+06  |
|    critic_loss     | 3.04e+04  |
|    ent_coef        | 215       |
|    ent_coef_loss   | 0.429     |
|    learning_rate   | 0.0003    |
|    n_updates       | 59974     |
----------------------------------
----------------------------------
| rollout/           |           |
|    ep_len_mean     | 644       |
|    ep_rew_mean     | -1.22e+07 |
| time/              |           |
|    episodes        | 356       |
|    fps             | 164       |
|    time_elapsed    | 1519      |
|    total_timesteps | 250000    |
| train/             |           |
|    actor_loss      | 1.95e+06  |
|    critic_loss     | 2.33e+04  |
|    ent_coef        | 207       |
|    ent_coef_loss   | 0.0264    |
|    learning_rate   | 0.0003    |
|    n_updates       | 62474     |
----------------------------------
----------------------------------
| rollout/           |           |
|    ep_len_mean     | 711       |
|    ep_rew_mean     | -1.28e+07 |
| time/              |           |
|    episodes        | 374       |
|    fps             | 164       |
|    time_elapsed    | 1579      |
|    total_timesteps | 260000    |
| train/             |           |
|    actor_loss      | 1.93e+06  |
|    critic_loss     | 2.35e+04  |
|    ent_coef        | 207       |
|    ent_coef_loss   | 1.59      |
|    learning_rate   | 0.0003    |
|    n_updates       | 64974     |
----------------------------------
----------------------------------
| rollout/           |           |
|    ep_len_mean     | 613       |
|    ep_rew_mean     | -9.95e+06 |
| time/              |           |
|    episodes        | 405       |
|    fps             | 164       |
|    time_elapsed    | 1641      |
|    total_timesteps | 270000    |
| train/             |           |
|    actor_loss      | 1.91e+06  |
|    critic_loss     | 2.81e+04  |
|    ent_coef        | 261       |
|    ent_coef_loss   | 1.03      |
|    learning_rate   | 0.0003    |
|    n_updates       | 67474     |
----------------------------------
----------------------------------
| rollout/           |           |
|    ep_len_mean     | 625       |
|    ep_rew_mean     | -9.87e+06 |
| time/              |           |
|    episodes        | 419       |
|    fps             | 164       |
|    time_elapsed    | 1703      |
|    total_timesteps | 280000    |
| train/             |           |
|    actor_loss      | 1.86e+06  |
|    critic_loss     | 2.68e+04  |
|    ent_coef        | 265       |
|    ent_coef_loss   | 0.25      |
|    learning_rate   | 0.0003    |
|    n_updates       | 69974     |
----------------------------------
---------------------------------
| rollout/           |          |
|    ep_len_mean     | 484      |
|    ep_rew_mean     | -6.6e+06 |
| time/              |          |
|    episodes        | 448      |
|    fps             | 164      |
|    time_elapsed    | 1765     |
|    total_timesteps | 290000   |
| train/             |          |
|    actor_loss      | 1.87e+06 |
|    critic_loss     | 2.43e+04 |
|    ent_coef        | 167      |
|    ent_coef_loss   | 1.31     |
|    learning_rate   | 0.0003   |
|    n_updates       | 72474    |
---------------------------------
----------------------------------
| rollout/           |           |
|    ep_len_mean     | 17.3      |
|    ep_rew_mean     | -2.26e+05 |
| time/              |           |
|    episodes        | 669       |
|    fps             | 164       |
|    time_elapsed    | 1826      |
|    total_timesteps | 300000    |
| train/             |           |
|    actor_loss      | 1.78e+06  |
|    critic_loss     | 2.03e+04  |
|    ent_coef        | 118       |
|    ent_coef_loss   | 1.79      |
|    learning_rate   | 0.0003    |
|    n_updates       | 74974     |
----------------------------------
----------------------------------
| rollout/           |           |
|    ep_len_mean     | 80.1      |
|    ep_rew_mean     | -7.59e+05 |
| time/              |           |
|    episodes        | 783       |
|    fps             | 164       |
|    time_elapsed    | 1888      |
|    total_timesteps | 310000    |
| train/             |           |
|    actor_loss      | 1.72e+06  |
|    critic_loss     | 2.42e+04  |
|    ent_coef        | 99.7      |
|    ent_coef_loss   | -2.75     |
|    learning_rate   | 0.0003    |
|    n_updates       | 77474     |
----------------------------------
----------------------------------
| rollout/           |           |
|    ep_len_mean     | 123       |
|    ep_rew_mean     | -1.47e+06 |
| time/              |           |
|    episodes        | 823       |
|    fps             | 164       |
|    time_elapsed    | 1950      |
|    total_timesteps | 320000    |
| train/             |           |
|    actor_loss      | 1.69e+06  |
|    critic_loss     | 2.34e+04  |
|    ent_coef        | 130       |
|    ent_coef_loss   | 1.21      |
|    learning_rate   | 0.0003    |
|    n_updates       | 79974     |
----------------------------------
----------------------------------
| rollout/           |           |
|    ep_len_mean     | 211       |
|    ep_rew_mean     | -2.81e+06 |
| time/              |           |
|    episodes        | 833       |
|    fps             | 163       |
|    time_elapsed    | 2012      |
|    total_timesteps | 330000    |
| train/             |           |
|    actor_loss      | 1.61e+06  |
|    critic_loss     | 2.18e+04  |
|    ent_coef        | 143       |
|    ent_coef_loss   | -1.02     |
|    learning_rate   | 0.0003    |
|    n_updates       | 82474     |
----------------------------------
---------------------------------
| rollout/           |          |
|    ep_len_mean     | 304      |
|    ep_rew_mean     | -4.3e+06 |
| time/              |          |
|    episodes        | 843      |
|    fps             | 163      |
|    time_elapsed    | 2075     |
|    total_timesteps | 340000   |
| train/             |          |
|    actor_loss      | 1.52e+06 |
|    critic_loss     | 1.92e+04 |
|    ent_coef        | 143      |
|    ent_coef_loss   | 0.0957   |
|    learning_rate   | 0.0003   |
|    n_updates       | 84974    |
---------------------------------
----------------------------------
| rollout/           |           |
|    ep_len_mean     | 412       |
|    ep_rew_mean     | -6.11e+06 |
| time/              |           |
|    episodes        | 874       |
|    fps             | 163       |
|    time_elapsed    | 2138      |
|    total_timesteps | 350000    |
| train/             |           |
|    actor_loss      | 1.42e+06  |
|    critic_loss     | 1.42e+04  |
|    ent_coef        | 125       |
|    ent_coef_loss   | -0.425    |
|    learning_rate   | 0.0003    |
|    n_updates       | 87474     |
----------------------------------
----------------------------------
| rollout/           |           |
|    ep_len_mean     | 41        |
|    ep_rew_mean     | -4.15e+05 |
| time/              |           |
|    episodes        | 1055      |
|    fps             | 163       |
|    time_elapsed    | 2201      |
|    total_timesteps | 360000    |
| train/             |           |
|    actor_loss      | 1.32e+06  |
|    critic_loss     | 9.95e+03  |
|    ent_coef        | 132       |
|    ent_coef_loss   | 1.62      |
|    learning_rate   | 0.0003    |
|    n_updates       | 89974     |
----------------------------------
----------------------------------
| rollout/           |           |
|    ep_len_mean     | 86.7      |
|    ep_rew_mean     | -8.69e+05 |
| time/              |           |
|    episodes        | 1117      |
|    fps             | 163       |
|    time_elapsed    | 2265      |
|    total_timesteps | 370000    |
| train/             |           |
|    actor_loss      | 1.23e+06  |
|    critic_loss     | 8.44e+03  |
|    ent_coef        | 115       |
|    ent_coef_loss   | -0.201    |
|    learning_rate   | 0.0003    |
|    n_updates       | 92474     |
----------------------------------
----------------------------------
| rollout/           |           |
|    ep_len_mean     | 203       |
|    ep_rew_mean     | -2.51e+06 |
| time/              |           |
|    episodes        | 1129      |
|    fps             | 163       |
|    time_elapsed    | 2330      |
|    total_timesteps | 380000    |
| train/             |           |
|    actor_loss      | 1.15e+06  |
|    critic_loss     | 7.4e+03   |
|    ent_coef        | 114       |
|    ent_coef_loss   | 0.781     |
|    learning_rate   | 0.0003    |
|    n_updates       | 94974     |
----------------------------------
----------------------------------
| rollout/           |           |
|    ep_len_mean     | 41.4      |
|    ep_rew_mean     | -2.04e+05 |
| time/              |           |
|    episodes        | 1444      |
|    fps             | 162       |
|    time_elapsed    | 2394      |
|    total_timesteps | 390000    |
| train/             |           |
|    actor_loss      | 1.09e+06  |
|    critic_loss     | 9.41e+03  |
|    ent_coef        | 115       |
|    ent_coef_loss   | 0.563     |
|    learning_rate   | 0.0003    |
|    n_updates       | 97474     |
----------------------------------
----------------------------------
| rollout/           |           |
|    ep_len_mean     | 114       |
|    ep_rew_mean     | -2.08e+05 |
| time/              |           |
|    episodes        | 1497      |
|    fps             | 162       |
|    time_elapsed    | 2457      |
|    total_timesteps | 400000    |
| train/             |           |
|    actor_loss      | 9.92e+05  |
|    critic_loss     | 1.07e+04  |
|    ent_coef        | 129       |
|    ent_coef_loss   | -0.0046   |
|    learning_rate   | 0.0003    |
|    n_updates       | 99974     |
----------------------------------
----------------------------------
| rollout/           |           |
|    ep_len_mean     | 216       |
|    ep_rew_mean     | -2.04e+05 |
| time/              |           |
|    episodes        | 1512      |
|    fps             | 162       |
|    time_elapsed    | 2521      |
|    total_timesteps | 410000    |
| train/             |           |
|    actor_loss      | 9.4e+05   |
|    critic_loss     | 1.03e+04  |
|    ent_coef        | 136       |
|    ent_coef_loss   | 1.47      |
|    learning_rate   | 0.0003    |
|    n_updates       | 102474    |
----------------------------------
----------------------------------
| rollout/           |           |
|    ep_len_mean     | 50.9      |
|    ep_rew_mean     | -1.03e+05 |
| time/              |           |
|    episodes        | 1661      |
|    fps             | 162       |
|    time_elapsed    | 2585      |
|    total_timesteps | 420000    |
| train/             |           |
|    actor_loss      | 8.62e+05  |
|    critic_loss     | 8.05e+03  |
|    ent_coef        | 139       |
|    ent_coef_loss   | 0.652     |
|    learning_rate   | 0.0003    |
|    n_updates       | 104974    |
----------------------------------
---------------------------------
| rollout/           |          |
|    ep_len_mean     | 38.4     |
|    ep_rew_mean     | -1.1e+05 |
| time/              |          |
|    episodes        | 1919     |
|    fps             | 162      |
|    time_elapsed    | 2650     |
|    total_timesteps | 430000   |
| train/             |          |
|    actor_loss      | 7.7e+05  |
|    critic_loss     | 1e+04    |
|    ent_coef        | 139      |
|    ent_coef_loss   | 0.00978  |
|    learning_rate   | 0.0003   |
|    n_updates       | 107474   |
---------------------------------
----------------------------------
| rollout/           |           |
|    ep_len_mean     | 67.4      |
|    ep_rew_mean     | -1.06e+05 |
| time/              |           |
|    episodes        | 2065      |
|    fps             | 162       |
|    time_elapsed    | 2715      |
|    total_timesteps | 440000    |
| train/             |           |
|    actor_loss      | 7.07e+05  |
|    critic_loss     | 8.84e+03  |
|    ent_coef        | 137       |
|    ent_coef_loss   | -2.51     |
|    learning_rate   | 0.0003    |
|    n_updates       | 109974    |
----------------------------------
----------------------------------
| rollout/           |           |
|    ep_len_mean     | 145       |
|    ep_rew_mean     | -1.06e+05 |
| time/              |           |
|    episodes        | 2073      |
|    fps             | 161       |
|    time_elapsed    | 2779      |
|    total_timesteps | 450000    |
| train/             |           |
|    actor_loss      | 6.45e+05  |
|    critic_loss     | 7.16e+03  |
|    ent_coef        | 132       |
|    ent_coef_loss   | 0.589     |
|    learning_rate   | 0.0003    |
|    n_updates       | 112474    |
----------------------------------
----------------------------------
| rollout/           |           |
|    ep_len_mean     | 259       |
|    ep_rew_mean     | -1.09e+05 |
| time/              |           |
|    episodes        | 2085      |
|    fps             | 161       |
|    time_elapsed    | 2844      |
|    total_timesteps | 460000    |
| train/             |           |
|    actor_loss      | 5.84e+05  |
|    critic_loss     | 7.06e+03  |
|    ent_coef        | 129       |
|    ent_coef_loss   | 0.321     |
|    learning_rate   | 0.0003    |
|    n_updates       | 114974    |
----------------------------------
----------------------------------
| rollout/           |           |
|    ep_len_mean     | 334       |
|    ep_rew_mean     | -1.11e+05 |
| time/              |           |
|    episodes        | 2093      |
|    fps             | 161       |
|    time_elapsed    | 2908      |
|    total_timesteps | 470000    |
| train/             |           |
|    actor_loss      | 5.24e+05  |
|    critic_loss     | 7.49e+03  |
|    ent_coef        | 123       |
|    ent_coef_loss   | -0.249    |
|    learning_rate   | 0.0003    |
|    n_updates       | 117474    |
----------------------------------
---------------------------------
| rollout/           |          |
|    ep_len_mean     | 444      |
|    ep_rew_mean     | -1.1e+05 |
| time/              |          |
|    episodes        | 2105     |
|    fps             | 161      |
|    time_elapsed    | 2972     |
|    total_timesteps | 480000   |
| train/             |          |
|    actor_loss      | 4.76e+05 |
|    critic_loss     | 4.91e+03 |
|    ent_coef        | 120      |
|    ent_coef_loss   | -0.596   |
|    learning_rate   | 0.0003   |
|    n_updates       | 119974   |
---------------------------------
----------------------------------
| rollout/           |           |
|    ep_len_mean     | 520       |
|    ep_rew_mean     | -1.08e+05 |
| time/              |           |
|    episodes        | 2113      |
|    fps             | 161       |
|    time_elapsed    | 3037      |
|    total_timesteps | 490000    |
| train/             |           |
|    actor_loss      | 4.44e+05  |
|    critic_loss     | 5.46e+03  |
|    ent_coef        | 119       |
|    ent_coef_loss   | -3.18     |
|    learning_rate   | 0.0003    |
|    n_updates       | 122474    |
----------------------------------
----------------------------------
| rollout/           |           |
|    ep_len_mean     | 627       |
|    ep_rew_mean     | -1.08e+05 |
| time/              |           |
|    episodes        | 2125      |
|    fps             | 161       |
|    time_elapsed    | 3101      |
|    total_timesteps | 500000    |
| train/             |           |
|    actor_loss      | 3.91e+05  |
|    critic_loss     | 5.81e+03  |
|    ent_coef        | 112       |
|    ent_coef_loss   | 0.182     |
|    learning_rate   | 0.0003    |
|    n_updates       | 124974    |
----------------------------------
----------------------------------
| rollout/           |           |
|    ep_len_mean     | 703       |
|    ep_rew_mean     | -1.09e+05 |
| time/              |           |
|    episodes        | 2133      |
|    fps             | 161       |
|    time_elapsed    | 3166      |
|    total_timesteps | 510000    |
| train/             |           |
|    actor_loss      | 3.45e+05  |
|    critic_loss     | 4.39e+03  |
|    ent_coef        | 101       |
|    ent_coef_loss   | 0.0156    |
|    learning_rate   | 0.0003    |
|    n_updates       | 127474    |
----------------------------------
----------------------------------
| rollout/           |           |
|    ep_len_mean     | 813       |
|    ep_rew_mean     | -1.05e+05 |
| time/              |           |
|    episodes        | 2146      |
|    fps             | 160       |
|    time_elapsed    | 3231      |
|    total_timesteps | 520000    |
| train/             |           |
|    actor_loss      | 3.14e+05  |
|    critic_loss     | 3.71e+03  |
|    ent_coef        | 91.3      |
|    ent_coef_loss   | -0.0124   |
|    learning_rate   | 0.0003    |
|    n_updates       | 129974    |
----------------------------------
----------------------------------
| rollout/           |           |
|    ep_len_mean     | 890       |
|    ep_rew_mean     | -1.01e+05 |
| time/              |           |
|    episodes        | 2154      |
|    fps             | 160       |
|    time_elapsed    | 3296      |
|    total_timesteps | 530000    |
| train/             |           |
|    actor_loss      | 2.91e+05  |
|    critic_loss     | 3.93e+03  |
|    ent_coef        | 86.2      |
|    ent_coef_loss   | -0.426    |
|    learning_rate   | 0.0003    |
|    n_updates       | 132474    |
----------------------------------
---------------------------------
| rollout/           |          |
|    ep_len_mean     | 990      |
|    ep_rew_mean     | -9.9e+04 |
| time/              |          |
|    episodes        | 2166     |
|    fps             | 160      |
|    time_elapsed    | 3362     |
|    total_timesteps | 540000   |
| train/             |          |
|    actor_loss      | 2.59e+05 |
|    critic_loss     | 2.97e+03 |
|    ent_coef        | 81.8     |
|    ent_coef_loss   | -0.779   |
|    learning_rate   | 0.0003   |
|    n_updates       | 134974   |
---------------------------------
----------------------------------
| rollout/           |           |
|    ep_len_mean     | 968       |
|    ep_rew_mean     | -9.49e+04 |
| time/              |           |
|    episodes        | 2177      |
|    fps             | 160       |
|    time_elapsed    | 3428      |
|    total_timesteps | 550000    |
| train/             |           |
|    actor_loss      | 2.37e+05  |
|    critic_loss     | 3.05e+03  |
|    ent_coef        | 74.2      |
|    ent_coef_loss   | -1.62     |
|    learning_rate   | 0.0003    |
|    n_updates       | 137474    |
----------------------------------
----------------------------------
| rollout/           |           |
|    ep_len_mean     | 28.7      |
|    ep_rew_mean     | -9.15e+04 |
| time/              |           |
|    episodes        | 2458      |
|    fps             | 160       |
|    time_elapsed    | 3494      |
|    total_timesteps | 560000    |
| train/             |           |
|    actor_loss      | 2.14e+05  |
|    critic_loss     | 2.69e+03  |
|    ent_coef        | 74.9      |
|    ent_coef_loss   | -1.6      |
|    learning_rate   | 0.0003    |
|    n_updates       | 139974    |
----------------------------------
----------------------------------
| rollout/           |           |
|    ep_len_mean     | 28.8      |
|    ep_rew_mean     | -9.06e+04 |
| time/              |           |
|    episodes        | 2787      |
|    fps             | 160       |
|    time_elapsed    | 3560      |
|    total_timesteps | 570000    |
| train/             |           |
|    actor_loss      | 1.95e+05  |
|    critic_loss     | 2.33e+03  |
|    ent_coef        | 71.2      |
|    ent_coef_loss   | -1.6      |
|    learning_rate   | 0.0003    |
|    n_updates       | 142474    |
----------------------------------
----------------------------------
| rollout/           |           |
|    ep_len_mean     | 27.5      |
|    ep_rew_mean     | -9.09e+04 |
| time/              |           |
|    episodes        | 3143      |
|    fps             | 159       |
|    time_elapsed    | 3626      |
|    total_timesteps | 580000    |
| train/             |           |
|    actor_loss      | 1.8e+05   |
|    critic_loss     | 2.47e+03  |
|    ent_coef        | 73.1      |
|    ent_coef_loss   | 1.73      |
|    learning_rate   | 0.0003    |
|    n_updates       | 144974    |
----------------------------------
----------------------------------
| rollout/           |           |
|    ep_len_mean     | 38.2      |
|    ep_rew_mean     | -9.36e+04 |
| time/              |           |
|    episodes        | 3475      |
|    fps             | 159       |
|    time_elapsed    | 3692      |
|    total_timesteps | 590000    |
| train/             |           |
|    actor_loss      | 1.61e+05  |
|    critic_loss     | 2.32e+03  |
|    ent_coef        | 77.2      |
|    ent_coef_loss   | -0.779    |
|    learning_rate   | 0.0003    |
|    n_updates       | 147474    |
----------------------------------
----------------------------------
| rollout/           |           |
|    ep_len_mean     | 109       |
|    ep_rew_mean     | -9.82e+04 |
| time/              |           |
|    episodes        | 3506      |
|    fps             | 159       |
|    time_elapsed    | 3757      |
|    total_timesteps | 600000    |
| train/             |           |
|    actor_loss      | 1.49e+05  |
|    critic_loss     | 2.07e+03  |
|    ent_coef        | 75.1      |
|    ent_coef_loss   | 1.07      |
|    learning_rate   | 0.0003    |
|    n_updates       | 149974    |
----------------------------------
----------------------------------
| rollout/           |           |
|    ep_len_mean     | 215       |
|    ep_rew_mean     | -9.93e+04 |
| time/              |           |
|    episodes        | 3517      |
|    fps             | 159       |
|    time_elapsed    | 3822      |
|    total_timesteps | 610000    |
| train/             |           |
|    actor_loss      | 1.41e+05  |
|    critic_loss     | 2.21e+03  |
|    ent_coef        | 67.4      |
|    ent_coef_loss   | -1.8      |
|    learning_rate   | 0.0003    |
|    n_updates       | 152474    |
----------------------------------
---------------------------------
| rollout/           |          |
|    ep_len_mean     | 302      |
|    ep_rew_mean     | -1e+05   |
| time/              |          |
|    episodes        | 3526     |
|    fps             | 159      |
|    time_elapsed    | 3887     |
|    total_timesteps | 620000   |
| train/             |          |
|    actor_loss      | 1.27e+05 |
|    critic_loss     | 2.14e+03 |
|    ent_coef        | 65.1     |
|    ent_coef_loss   | -0.281   |
|    learning_rate   | 0.0003   |
|    n_updates       | 154974   |
---------------------------------
----------------------------------
| rollout/           |           |
|    ep_len_mean     | 407       |
|    ep_rew_mean     | -1.01e+05 |
| time/              |           |
|    episodes        | 3537      |
|    fps             | 159       |
|    time_elapsed    | 3953      |
|    total_timesteps | 630000    |
| train/             |           |
|    actor_loss      | 1.26e+05  |
|    critic_loss     | 2.29e+03  |
|    ent_coef        | 66.1      |
|    ent_coef_loss   | -2.24     |
|    learning_rate   | 0.0003    |
|    n_updates       | 157474    |
----------------------------------
----------------------------------
| rollout/           |           |
|    ep_len_mean     | 493       |
|    ep_rew_mean     | -1.02e+05 |
| time/              |           |
|    episodes        | 3546      |
|    fps             | 159       |
|    time_elapsed    | 4019      |
|    total_timesteps | 640000    |
| train/             |           |
|    actor_loss      | 1.15e+05  |
|    critic_loss     | 2.36e+03  |
|    ent_coef        | 63.2      |
|    ent_coef_loss   | -1.98     |
|    learning_rate   | 0.0003    |
|    n_updates       | 159974    |
----------------------------------
----------------------------------
| rollout/           |           |
|    ep_len_mean     | 600       |
|    ep_rew_mean     | -1.02e+05 |
| time/              |           |
|    episodes        | 3557      |
|    fps             | 159       |
|    time_elapsed    | 4084      |
|    total_timesteps | 650000    |
| train/             |           |
|    actor_loss      | 1.22e+05  |
|    critic_loss     | 2.4e+03   |
|    ent_coef        | 59.6      |
|    ent_coef_loss   | -2.98     |
|    learning_rate   | 0.0003    |
|    n_updates       | 162474    |
----------------------------------
----------------------------------
| rollout/           |           |
|    ep_len_mean     | 685       |
|    ep_rew_mean     | -1.02e+05 |
| time/              |           |
|    episodes        | 3566      |
|    fps             | 159       |
|    time_elapsed    | 4149      |
|    total_timesteps | 660000    |
| train/             |           |
|    actor_loss      | 1.14e+05  |
|    critic_loss     | 2.57e+03  |
|    ent_coef        | 59.7      |
|    ent_coef_loss   | -2.78     |
|    learning_rate   | 0.0003    |
|    n_updates       | 164974    |
----------------------------------
----------------------------------
| rollout/           |           |
|    ep_len_mean     | 791       |
|    ep_rew_mean     | -1.04e+05 |
| time/              |           |
|    episodes        | 3577      |
|    fps             | 158       |
|    time_elapsed    | 4214      |
|    total_timesteps | 670000    |
| train/             |           |
|    actor_loss      | 1.03e+05  |
|    critic_loss     | 2.44e+03  |
|    ent_coef        | 59.7      |
|    ent_coef_loss   | -0.235    |
|    learning_rate   | 0.0003    |
|    n_updates       | 167474    |
----------------------------------
----------------------------------
| rollout/           |           |
|    ep_len_mean     | 875       |
|    ep_rew_mean     | -1.06e+05 |
| time/              |           |
|    episodes        | 3586      |
|    fps             | 158       |
|    time_elapsed    | 4279      |
|    total_timesteps | 680000    |
| train/             |           |
|    actor_loss      | 1.02e+05  |
|    critic_loss     | 2.67e+03  |
|    ent_coef        | 60.4      |
|    ent_coef_loss   | -1.24     |
|    learning_rate   | 0.0003    |
|    n_updates       | 169974    |
----------------------------------
----------------------------------
| rollout/           |           |
|    ep_len_mean     | 967       |
|    ep_rew_mean     | -1.09e+05 |
| time/              |           |
|    episodes        | 3597      |
|    fps             | 158       |
|    time_elapsed    | 4345      |
|    total_timesteps | 690000    |
| train/             |           |
|    actor_loss      | 9.46e+04  |
|    critic_loss     | 2.65e+03  |
|    ent_coef        | 59.7      |
|    ent_coef_loss   | 0.0113    |
|    learning_rate   | 0.0003    |
|    n_updates       | 172474    |
----------------------------------
----------------------------------
| rollout/           |           |
|    ep_len_mean     | 1e+03     |
|    ep_rew_mean     | -1.09e+05 |
| time/              |           |
|    episodes        | 3606      |
|    fps             | 158       |
|    time_elapsed    | 4410      |
|    total_timesteps | 700000    |
| train/             |           |
|    actor_loss      | 9.72e+04  |
|    critic_loss     | 2.94e+03  |
|    ent_coef        | 55        |
|    ent_coef_loss   | -0.174    |
|    learning_rate   | 0.0003    |
|    n_updates       | 174974    |
----------------------------------
----------------------------------
| rollout/           |           |
|    ep_len_mean     | 1e+03     |
|    ep_rew_mean     | -1.11e+05 |
| time/              |           |
|    episodes        | 3617      |
|    fps             | 158       |
|    time_elapsed    | 4476      |
|    total_timesteps | 710000    |
| train/             |           |
|    actor_loss      | 8.58e+04  |
|    critic_loss     | 2.86e+03  |
|    ent_coef        | 49.4      |
|    ent_coef_loss   | 1.46      |
|    learning_rate   | 0.0003    |
|    n_updates       | 177474    |
----------------------------------
----------------------------------
| rollout/           |           |
|    ep_len_mean     | 1e+03     |
|    ep_rew_mean     | -1.14e+05 |
| time/              |           |
|    episodes        | 3626      |
|    fps             | 158       |
|    time_elapsed    | 4541      |
|    total_timesteps | 720000    |
| train/             |           |
|    actor_loss      | 8.75e+04  |
|    critic_loss     | 2.64e+03  |
|    ent_coef        | 47.1      |
|    ent_coef_loss   | -3.08     |
|    learning_rate   | 0.0003    |
|    n_updates       | 179974    |
----------------------------------
----------------------------------
| rollout/           |           |
|    ep_len_mean     | 1e+03     |
|    ep_rew_mean     | -1.17e+05 |
| time/              |           |
|    episodes        | 3637      |
|    fps             | 158       |
|    time_elapsed    | 4607      |
|    total_timesteps | 730000    |
| train/             |           |
|    actor_loss      | 8.32e+04  |
|    critic_loss     | 2.33e+03  |
|    ent_coef        | 44.8      |
|    ent_coef_loss   | 1.11      |
|    learning_rate   | 0.0003    |
|    n_updates       | 182474    |
----------------------------------
----------------------------------
| rollout/           |           |
|    ep_len_mean     | 1e+03     |
|    ep_rew_mean     | -1.19e+05 |
| time/              |           |
|    episodes        | 3646      |
|    fps             | 158       |
|    time_elapsed    | 4673      |
|    total_timesteps | 740000    |
| train/             |           |
|    actor_loss      | 8.11e+04  |
|    critic_loss     | 2.72e+03  |
|    ent_coef        | 39.4      |
|    ent_coef_loss   | -1.29     |
|    learning_rate   | 0.0003    |
|    n_updates       | 184974    |
----------------------------------
---------------------------------
| rollout/           |          |
|    ep_len_mean     | 1e+03    |
|    ep_rew_mean     | -1.2e+05 |
| time/              |          |
|    episodes        | 3657     |
|    fps             | 158      |
|    time_elapsed    | 4739     |
|    total_timesteps | 750000   |
| train/             |          |
|    actor_loss      | 8.19e+04 |
|    critic_loss     | 2.76e+03 |
|    ent_coef        | 35.6     |
|    ent_coef_loss   | 0.532    |
|    learning_rate   | 0.0003   |
|    n_updates       | 187474   |
---------------------------------
---------------------------------
| rollout/           |          |
|    ep_len_mean     | 1e+03    |
|    ep_rew_mean     | -1.2e+05 |
| time/              |          |
|    episodes        | 3666     |
|    fps             | 158      |
|    time_elapsed    | 4804     |
|    total_timesteps | 760000   |
| train/             |          |
|    actor_loss      | 7.25e+04 |
|    critic_loss     | 2.32e+03 |
|    ent_coef        | 35.5     |
|    ent_coef_loss   | 1.43     |
|    learning_rate   | 0.0003   |
|    n_updates       | 189974   |
---------------------------------
----------------------------------
| rollout/           |           |
|    ep_len_mean     | 1e+03     |
|    ep_rew_mean     | -1.21e+05 |
| time/              |           |
|    episodes        | 3677      |
|    fps             | 158       |
|    time_elapsed    | 4870      |
|    total_timesteps | 770000    |
| train/             |           |
|    actor_loss      | 7.6e+04   |
|    critic_loss     | 2.48e+03  |
|    ent_coef        | 36.4      |
|    ent_coef_loss   | 0.887     |
|    learning_rate   | 0.0003    |
|    n_updates       | 192474    |
----------------------------------
----------------------------------
| rollout/           |           |
|    ep_len_mean     | 1e+03     |
|    ep_rew_mean     | -1.21e+05 |
| time/              |           |
|    episodes        | 3686      |
|    fps             | 158       |
|    time_elapsed    | 4935      |
|    total_timesteps | 780000    |
| train/             |           |
|    actor_loss      | 7.38e+04  |
|    critic_loss     | 2.86e+03  |
|    ent_coef        | 33.5      |
|    ent_coef_loss   | -2.36     |
|    learning_rate   | 0.0003    |
|    n_updates       | 194974    |
----------------------------------
---------------------------------
| rollout/           |          |
|    ep_len_mean     | 1e+03    |
|    ep_rew_mean     | -1.2e+05 |
| time/              |          |
|    episodes        | 3697     |
|    fps             | 157      |
|    time_elapsed    | 5002     |
|    total_timesteps | 790000   |
| train/             |          |
|    actor_loss      | 6.74e+04 |
|    critic_loss     | 2.17e+03 |
|    ent_coef        | 31       |
|    ent_coef_loss   | 1.89     |
|    learning_rate   | 0.0003   |
|    n_updates       | 197474   |
---------------------------------
----------------------------------
| rollout/           |           |
|    ep_len_mean     | 1e+03     |
|    ep_rew_mean     | -1.18e+05 |
| time/              |           |
|    episodes        | 3706      |
|    fps             | 157       |
|    time_elapsed    | 5069      |
|    total_timesteps | 800000    |
| train/             |           |
|    actor_loss      | 8.72e+04  |
|    critic_loss     | 2.5e+03   |
|    ent_coef        | 27.3      |
|    ent_coef_loss   | -1.02     |
|    learning_rate   | 0.0003    |
|    n_updates       | 199974    |
----------------------------------
----------------------------------
| rollout/           |           |
|    ep_len_mean     | 1e+03     |
|    ep_rew_mean     | -1.13e+05 |
| time/              |           |
|    episodes        | 3717      |
|    fps             | 157       |
|    time_elapsed    | 5135      |
|    total_timesteps | 810000    |
| train/             |           |
|    actor_loss      | 6.76e+04  |
|    critic_loss     | 2.63e+03  |
|    ent_coef        | 26        |
|    ent_coef_loss   | 1.12      |
|    learning_rate   | 0.0003    |
|    n_updates       | 202474    |
----------------------------------
----------------------------------
| rollout/           |           |
|    ep_len_mean     | 1e+03     |
|    ep_rew_mean     | -1.08e+05 |
| time/              |           |
|    episodes        | 3726      |
|    fps             | 157       |
|    time_elapsed    | 5201      |
|    total_timesteps | 820000    |
| train/             |           |
|    actor_loss      | 6.5e+04   |
|    critic_loss     | 2.14e+03  |
|    ent_coef        | 25        |
|    ent_coef_loss   | 2.25      |
|    learning_rate   | 0.0003    |
|    n_updates       | 204974    |
----------------------------------
----------------------------------
| rollout/           |           |
|    ep_len_mean     | 1e+03     |
|    ep_rew_mean     | -9.92e+04 |
| time/              |           |
|    episodes        | 3737      |
|    fps             | 157       |
|    time_elapsed    | 5266      |
|    total_timesteps | 830000    |
| train/             |           |
|    actor_loss      | 7.64e+04  |
|    critic_loss     | 2.52e+03  |
|    ent_coef        | 24        |
|    ent_coef_loss   | 1.5       |
|    learning_rate   | 0.0003    |
|    n_updates       | 207474    |
----------------------------------
----------------------------------
| rollout/           |           |
|    ep_len_mean     | 1e+03     |
|    ep_rew_mean     | -9.31e+04 |
| time/              |           |
|    episodes        | 3746      |
|    fps             | 157       |
|    time_elapsed    | 5332      |
|    total_timesteps | 840000    |
| train/             |           |
|    actor_loss      | 7.14e+04  |
|    critic_loss     | 2.53e+03  |
|    ent_coef        | 24.3      |
|    ent_coef_loss   | 0.135     |
|    learning_rate   | 0.0003    |
|    n_updates       | 209974    |
----------------------------------
----------------------------------
| rollout/           |           |
|    ep_len_mean     | 1e+03     |
|    ep_rew_mean     | -9.14e+04 |
| time/              |           |
|    episodes        | 3757      |
|    fps             | 157       |
|    time_elapsed    | 5397      |
|    total_timesteps | 850000    |
| train/             |           |
|    actor_loss      | 6.65e+04  |
|    critic_loss     | 2.56e+03  |
|    ent_coef        | 25.9      |
|    ent_coef_loss   | -1.97     |
|    learning_rate   | 0.0003    |
|    n_updates       | 212474    |
----------------------------------
----------------------------------
| rollout/           |           |
|    ep_len_mean     | 1e+03     |
|    ep_rew_mean     | -8.95e+04 |
| time/              |           |
|    episodes        | 3766      |
|    fps             | 157       |
|    time_elapsed    | 5463      |
|    total_timesteps | 860000    |
| train/             |           |
|    actor_loss      | 5.92e+04  |
|    critic_loss     | 2.33e+03  |
|    ent_coef        | 24.9      |
|    ent_coef_loss   | 0.481     |
|    learning_rate   | 0.0003    |
|    n_updates       | 214974    |
----------------------------------
----------------------------------
| rollout/           |           |
|    ep_len_mean     | 1e+03     |
|    ep_rew_mean     | -8.45e+04 |
| time/              |           |
|    episodes        | 3777      |
|    fps             | 157       |
|    time_elapsed    | 5529      |
|    total_timesteps | 870000    |
| train/             |           |
|    actor_loss      | 6.12e+04  |
|    critic_loss     | 2.24e+03  |
|    ent_coef        | 22.9      |
|    ent_coef_loss   | -0.719    |
|    learning_rate   | 0.0003    |
|    n_updates       | 217474    |
----------------------------------
----------------------------------
| rollout/           |           |
|    ep_len_mean     | 1e+03     |
|    ep_rew_mean     | -7.82e+04 |
| time/              |           |
|    episodes        | 3786      |
|    fps             | 157       |
|    time_elapsed    | 5595      |
|    total_timesteps | 880000    |
| train/             |           |
|    actor_loss      | 6.82e+04  |
|    critic_loss     | 2.23e+03  |
|    ent_coef        | 20.9      |
|    ent_coef_loss   | 0.994     |
|    learning_rate   | 0.0003    |
|    n_updates       | 219974    |
----------------------------------
---------------------------------
| rollout/           |          |
|    ep_len_mean     | 1e+03    |
|    ep_rew_mean     | -7.1e+04 |
| time/              |          |
|    episodes        | 3797     |
|    fps             | 157      |
|    time_elapsed    | 5661     |
|    total_timesteps | 890000   |
| train/             |          |
|    actor_loss      | 5.46e+04 |
|    critic_loss     | 2.06e+03 |
|    ent_coef        | 21.6     |
|    ent_coef_loss   | 1.91     |
|    learning_rate   | 0.0003   |
|    n_updates       | 222474   |
---------------------------------
----------------------------------
| rollout/           |           |
|    ep_len_mean     | 1e+03     |
|    ep_rew_mean     | -6.71e+04 |
| time/              |           |
|    episodes        | 3806      |
|    fps             | 157       |
|    time_elapsed    | 5727      |
|    total_timesteps | 900000    |
| train/             |           |
|    actor_loss      | 5.89e+04  |
|    critic_loss     | 2.17e+03  |
|    ent_coef        | 19.7      |
|    ent_coef_loss   | 0.938     |
|    learning_rate   | 0.0003    |
|    n_updates       | 224974    |
----------------------------------
----------------------------------
| rollout/           |           |
|    ep_len_mean     | 1e+03     |
|    ep_rew_mean     | -6.41e+04 |
| time/              |           |
|    episodes        | 3817      |
|    fps             | 157       |
|    time_elapsed    | 5793      |
|    total_timesteps | 910000    |
| train/             |           |
|    actor_loss      | 7.35e+04  |
|    critic_loss     | 2.48e+03  |
|    ent_coef        | 19.5      |
|    ent_coef_loss   | -2.79     |
|    learning_rate   | 0.0003    |
|    n_updates       | 227474    |
----------------------------------
----------------------------------
| rollout/           |           |
|    ep_len_mean     | 1e+03     |
|    ep_rew_mean     | -6.14e+04 |
| time/              |           |
|    episodes        | 3826      |
|    fps             | 157       |
|    time_elapsed    | 5859      |
|    total_timesteps | 920000    |
| train/             |           |
|    actor_loss      | 5.68e+04  |
|    critic_loss     | 2.26e+03  |
|    ent_coef        | 19        |
|    ent_coef_loss   | 0.4       |
|    learning_rate   | 0.0003    |
|    n_updates       | 229974    |
----------------------------------
----------------------------------
| rollout/           |           |
|    ep_len_mean     | 1e+03     |
|    ep_rew_mean     | -6.05e+04 |
| time/              |           |
|    episodes        | 3837      |
|    fps             | 156       |
|    time_elapsed    | 5924      |
|    total_timesteps | 930000    |
| train/             |           |
|    actor_loss      | 5.57e+04  |
|    critic_loss     | 2.19e+03  |
|    ent_coef        | 18.9      |
|    ent_coef_loss   | 0.0924    |
|    learning_rate   | 0.0003    |
|    n_updates       | 232474    |
----------------------------------
----------------------------------
| rollout/           |           |
|    ep_len_mean     | 1e+03     |
|    ep_rew_mean     | -6.04e+04 |
| time/              |           |
|    episodes        | 3846      |
|    fps             | 156       |
|    time_elapsed    | 5990      |
|    total_timesteps | 940000    |
| train/             |           |
|    actor_loss      | 5.94e+04  |
|    critic_loss     | 1.81e+03  |
|    ent_coef        | 18        |
|    ent_coef_loss   | 1.33      |
|    learning_rate   | 0.0003    |
|    n_updates       | 234974    |
----------------------------------
----------------------------------
| rollout/           |           |
|    ep_len_mean     | 1e+03     |
|    ep_rew_mean     | -5.68e+04 |
| time/              |           |
|    episodes        | 3857      |
|    fps             | 156       |
|    time_elapsed    | 6055      |
|    total_timesteps | 950000    |
| train/             |           |
|    actor_loss      | 5.38e+04  |
|    critic_loss     | 2.04e+03  |
|    ent_coef        | 16.4      |
|    ent_coef_loss   | 0.0933    |
|    learning_rate   | 0.0003    |
|    n_updates       | 237474    |
----------------------------------
----------------------------------
| rollout/           |           |
|    ep_len_mean     | 1e+03     |
|    ep_rew_mean     | -5.58e+04 |
| time/              |           |
|    episodes        | 3866      |
|    fps             | 156       |
|    time_elapsed    | 6121      |
|    total_timesteps | 960000    |
| train/             |           |
|    actor_loss      | 5.65e+04  |
|    critic_loss     | 1.88e+03  |
|    ent_coef        | 16.7      |
|    ent_coef_loss   | -0.085    |
|    learning_rate   | 0.0003    |
|    n_updates       | 239974    |
----------------------------------
----------------------------------
| rollout/           |           |
|    ep_len_mean     | 1e+03     |
|    ep_rew_mean     | -5.24e+04 |
| time/              |           |
|    episodes        | 3877      |
|    fps             | 156       |
|    time_elapsed    | 6187      |
|    total_timesteps | 970000    |
| train/             |           |
|    actor_loss      | 5.14e+04  |
|    critic_loss     | 2.09e+03  |
|    ent_coef        | 14.8      |
|    ent_coef_loss   | -0.617    |
|    learning_rate   | 0.0003    |
|    n_updates       | 242474    |
----------------------------------
---------------------------------
| rollout/           |          |
|    ep_len_mean     | 1e+03    |
|    ep_rew_mean     | -5.2e+04 |
| time/              |          |
|    episodes        | 3886     |
|    fps             | 156      |
|    time_elapsed    | 6255     |
|    total_timesteps | 980000   |
| train/             |          |
|    actor_loss      | 4.9e+04  |
|    critic_loss     | 1.74e+03 |
|    ent_coef        | 16.7     |
|    ent_coef_loss   | 1.72     |
|    learning_rate   | 0.0003   |
|    n_updates       | 244974   |
---------------------------------
----------------------------------
| rollout/           |           |
|    ep_len_mean     | 1e+03     |
|    ep_rew_mean     | -5.18e+04 |
| time/              |           |
|    episodes        | 3897      |
|    fps             | 156       |
|    time_elapsed    | 6320      |
|    total_timesteps | 990000    |
| train/             |           |
|    actor_loss      | 6.89e+04  |
|    critic_loss     | 2.24e+03  |
|    ent_coef        | 13.5      |
|    ent_coef_loss   | -1.02     |
|    learning_rate   | 0.0003    |
|    n_updates       | 247474    |
----------------------------------
----------------------------------
| rollout/           |           |
|    ep_len_mean     | 1e+03     |
|    ep_rew_mean     | -5.08e+04 |
| time/              |           |
|    episodes        | 3906      |
|    fps             | 156       |
|    time_elapsed    | 6385      |
|    total_timesteps | 1000000   |
| train/             |           |
|    actor_loss      | 5.54e+04  |
|    critic_loss     | 2.15e+03  |
|    ent_coef        | 12.6      |
|    ent_coef_loss   | 2.07      |
|    learning_rate   | 0.0003    |
|    n_updates       | 249974    |
----------------------------------
Training ended on Tue Jan 27 18:41:14 2026
Training lasted 1:46:25.749094
