Logging to training_default_logs/5_robots/logs/A2C_set6
Using cpu device
Training started on Tue Jan 27 16:19:11 2026
Experiment configuration: {'algorithm': 'A2C', 'set': 6, 'verbose': 1, 'steps': 1000000, 'num_robots': 5, 'num_envs': 4, 'seed': 33, 'log_steps': 10000, 'resume': False, 'device': 'cpu'}
-------------------------------------
| rollout/              |           |
|    ep_len_mean        | 20.2      |
|    ep_rew_mean        | -1.5e+05  |
| time/                 |           |
|    fps                | 1118      |
|    time_elapsed       | 8         |
|    total_timesteps    | 10000     |
| train/                |           |
|    entropy_loss       | -21.4     |
|    explained_variance | 0         |
|    learning_rate      | 0.0007    |
|    n_updates          | 499       |
|    policy_loss        | -4.55e+05 |
|    std                | 1.01      |
|    value_loss         | 1.83e+09  |
-------------------------------------
-------------------------------------
| rollout/              |           |
|    ep_len_mean        | 20.1      |
|    ep_rew_mean        | -1.56e+05 |
| time/                 |           |
|    fps                | 1118      |
|    time_elapsed       | 17        |
|    total_timesteps    | 20000     |
| train/                |           |
|    entropy_loss       | -21.6     |
|    explained_variance | 0         |
|    learning_rate      | 0.0007    |
|    n_updates          | 999       |
|    policy_loss        | -5e+05    |
|    std                | 1.02      |
|    value_loss         | 2.4e+09   |
-------------------------------------
-------------------------------------
| rollout/              |           |
|    ep_len_mean        | 19.7      |
|    ep_rew_mean        | -1.87e+05 |
| time/                 |           |
|    fps                | 1119      |
|    time_elapsed       | 26        |
|    total_timesteps    | 30000     |
| train/                |           |
|    entropy_loss       | -21.6     |
|    explained_variance | -1.19e-07 |
|    learning_rate      | 0.0007    |
|    n_updates          | 1499      |
|    policy_loss        | -3.39e+05 |
|    std                | 1.02      |
|    value_loss         | 6.22e+08  |
-------------------------------------
-------------------------------------
| rollout/              |           |
|    ep_len_mean        | 21.1      |
|    ep_rew_mean        | -2.03e+05 |
| time/                 |           |
|    fps                | 1115      |
|    time_elapsed       | 35        |
|    total_timesteps    | 40000     |
| train/                |           |
|    entropy_loss       | -21.7     |
|    explained_variance | 5.96e-08  |
|    learning_rate      | 0.0007    |
|    n_updates          | 1999      |
|    policy_loss        | -4.85e+05 |
|    std                | 1.03      |
|    value_loss         | 1.95e+09  |
-------------------------------------
-------------------------------------
| rollout/              |           |
|    ep_len_mean        | 27.6      |
|    ep_rew_mean        | -2.12e+05 |
| time/                 |           |
|    fps                | 1113      |
|    time_elapsed       | 44        |
|    total_timesteps    | 50000     |
| train/                |           |
|    entropy_loss       | -21.7     |
|    explained_variance | -1.19e-07 |
|    learning_rate      | 0.0007    |
|    n_updates          | 2499      |
|    policy_loss        | -6.34e+05 |
|    std                | 1.03      |
|    value_loss         | 1.45e+09  |
-------------------------------------
-------------------------------------
| rollout/              |           |
|    ep_len_mean        | 21.6      |
|    ep_rew_mean        | -1.58e+05 |
| time/                 |           |
|    fps                | 1109      |
|    time_elapsed       | 54        |
|    total_timesteps    | 60000     |
| train/                |           |
|    entropy_loss       | -21.9     |
|    explained_variance | 0         |
|    learning_rate      | 0.0007    |
|    n_updates          | 2999      |
|    policy_loss        | -4.82e+05 |
|    std                | 1.04      |
|    value_loss         | 2.56e+09  |
-------------------------------------
-------------------------------------
| rollout/              |           |
|    ep_len_mean        | 20        |
|    ep_rew_mean        | -1.51e+05 |
| time/                 |           |
|    fps                | 1113      |
|    time_elapsed       | 62        |
|    total_timesteps    | 70000     |
| train/                |           |
|    entropy_loss       | -22       |
|    explained_variance | -1.19e-07 |
|    learning_rate      | 0.0007    |
|    n_updates          | 3499      |
|    policy_loss        | -1.04e+06 |
|    std                | 1.05      |
|    value_loss         | 4.08e+09  |
-------------------------------------
------------------------------------
| rollout/              |          |
|    ep_len_mean        | 20.7     |
|    ep_rew_mean        | -1.5e+05 |
| time/                 |          |
|    fps                | 1115     |
|    time_elapsed       | 71       |
|    total_timesteps    | 80000    |
| train/                |          |
|    entropy_loss       | -22.2    |
|    explained_variance | 0        |
|    learning_rate      | 0.0007   |
|    n_updates          | 3999     |
|    policy_loss        | -2.5e+03 |
|    std                | 1.06     |
|    value_loss         | 3.77e+07 |
------------------------------------
-------------------------------------
| rollout/              |           |
|    ep_len_mean        | 19.5      |
|    ep_rew_mean        | -1.46e+05 |
| time/                 |           |
|    fps                | 1115      |
|    time_elapsed       | 80        |
|    total_timesteps    | 90000     |
| train/                |           |
|    entropy_loss       | -22.2     |
|    explained_variance | 0         |
|    learning_rate      | 0.0007    |
|    n_updates          | 4499      |
|    policy_loss        | -1.66e+05 |
|    std                | 1.07      |
|    value_loss         | 1.09e+08  |
-------------------------------------
-------------------------------------
| rollout/              |           |
|    ep_len_mean        | 22.1      |
|    ep_rew_mean        | -1.53e+05 |
| time/                 |           |
|    fps                | 1115      |
|    time_elapsed       | 89        |
|    total_timesteps    | 100000    |
| train/                |           |
|    entropy_loss       | -22.3     |
|    explained_variance | 0         |
|    learning_rate      | 0.0007    |
|    n_updates          | 4999      |
|    policy_loss        | -5.68e+05 |
|    std                | 1.07      |
|    value_loss         | 2.57e+09  |
-------------------------------------
-------------------------------------
| rollout/              |           |
|    ep_len_mean        | 19.7      |
|    ep_rew_mean        | -1.7e+05  |
| time/                 |           |
|    fps                | 1117      |
|    time_elapsed       | 98        |
|    total_timesteps    | 110000    |
| train/                |           |
|    entropy_loss       | -22.4     |
|    explained_variance | 1.19e-07  |
|    learning_rate      | 0.0007    |
|    n_updates          | 5499      |
|    policy_loss        | -2.69e+05 |
|    std                | 1.08      |
|    value_loss         | 2.76e+08  |
-------------------------------------
-------------------------------------
| rollout/              |           |
|    ep_len_mean        | 18.8      |
|    ep_rew_mean        | -1.28e+05 |
| time/                 |           |
|    fps                | 1117      |
|    time_elapsed       | 107       |
|    total_timesteps    | 120000    |
| train/                |           |
|    entropy_loss       | -22.5     |
|    explained_variance | 0         |
|    learning_rate      | 0.0007    |
|    n_updates          | 5999      |
|    policy_loss        | -2.41e+05 |
|    std                | 1.08      |
|    value_loss         | 2.64e+08  |
-------------------------------------
-------------------------------------
| rollout/              |           |
|    ep_len_mean        | 25.9      |
|    ep_rew_mean        | -1.97e+05 |
| time/                 |           |
|    fps                | 1115      |
|    time_elapsed       | 116       |
|    total_timesteps    | 130000    |
| train/                |           |
|    entropy_loss       | -22.5     |
|    explained_variance | -1.19e-07 |
|    learning_rate      | 0.0007    |
|    n_updates          | 6499      |
|    policy_loss        | -2.15e+05 |
|    std                | 1.09      |
|    value_loss         | 1.9e+08   |
-------------------------------------
-------------------------------------
| rollout/              |           |
|    ep_len_mean        | 24.5      |
|    ep_rew_mean        | -1.57e+05 |
| time/                 |           |
|    fps                | 1115      |
|    time_elapsed       | 125       |
|    total_timesteps    | 140000    |
| train/                |           |
|    entropy_loss       | -22.6     |
|    explained_variance | 0         |
|    learning_rate      | 0.0007    |
|    n_updates          | 6999      |
|    policy_loss        | -4.31e+05 |
|    std                | 1.09      |
|    value_loss         | 2.4e+09   |
-------------------------------------
-------------------------------------
| rollout/              |           |
|    ep_len_mean        | 18.4      |
|    ep_rew_mean        | -1.31e+05 |
| time/                 |           |
|    fps                | 1115      |
|    time_elapsed       | 134       |
|    total_timesteps    | 150000    |
| train/                |           |
|    entropy_loss       | -22.7     |
|    explained_variance | 0         |
|    learning_rate      | 0.0007    |
|    n_updates          | 7499      |
|    policy_loss        | -2.53e+05 |
|    std                | 1.1       |
|    value_loss         | 1.04e+09  |
-------------------------------------
-------------------------------------
| rollout/              |           |
|    ep_len_mean        | 21        |
|    ep_rew_mean        | -1.54e+05 |
| time/                 |           |
|    fps                | 1113      |
|    time_elapsed       | 143       |
|    total_timesteps    | 160000    |
| train/                |           |
|    entropy_loss       | -22.7     |
|    explained_variance | 1.79e-07  |
|    learning_rate      | 0.0007    |
|    n_updates          | 7999      |
|    policy_loss        | -1.09e+04 |
|    std                | 1.1       |
|    value_loss         | 6.22e+07  |
-------------------------------------
-------------------------------------
| rollout/              |           |
|    ep_len_mean        | 22.6      |
|    ep_rew_mean        | -1.64e+05 |
| time/                 |           |
|    fps                | 1113      |
|    time_elapsed       | 152       |
|    total_timesteps    | 170000    |
| train/                |           |
|    entropy_loss       | -22.9     |
|    explained_variance | 0         |
|    learning_rate      | 0.0007    |
|    n_updates          | 8499      |
|    policy_loss        | -3.76e+05 |
|    std                | 1.11      |
|    value_loss         | 5.53e+08  |
-------------------------------------
-------------------------------------
| rollout/              |           |
|    ep_len_mean        | 20.7      |
|    ep_rew_mean        | -1.31e+05 |
| time/                 |           |
|    fps                | 1113      |
|    time_elapsed       | 161       |
|    total_timesteps    | 180000    |
| train/                |           |
|    entropy_loss       | -22.8     |
|    explained_variance | 1.19e-07  |
|    learning_rate      | 0.0007    |
|    n_updates          | 8999      |
|    policy_loss        | -1.24e+06 |
|    std                | 1.11      |
|    value_loss         | 5.72e+09  |
-------------------------------------
-------------------------------------
| rollout/              |           |
|    ep_len_mean        | 19.1      |
|    ep_rew_mean        | -1.28e+05 |
| time/                 |           |
|    fps                | 1114      |
|    time_elapsed       | 170       |
|    total_timesteps    | 190000    |
| train/                |           |
|    entropy_loss       | -23       |
|    explained_variance | 0         |
|    learning_rate      | 0.0007    |
|    n_updates          | 9499      |
|    policy_loss        | -2.07e+05 |
|    std                | 1.13      |
|    value_loss         | 3.04e+08  |
-------------------------------------
-------------------------------------
| rollout/              |           |
|    ep_len_mean        | 15.4      |
|    ep_rew_mean        | -1.22e+05 |
| time/                 |           |
|    fps                | 1113      |
|    time_elapsed       | 179       |
|    total_timesteps    | 200000    |
| train/                |           |
|    entropy_loss       | -23.2     |
|    explained_variance | 0         |
|    learning_rate      | 0.0007    |
|    n_updates          | 9999      |
|    policy_loss        | -1.45e+05 |
|    std                | 1.14      |
|    value_loss         | 8.91e+07  |
-------------------------------------
-------------------------------------
| rollout/              |           |
|    ep_len_mean        | 16.8      |
|    ep_rew_mean        | -1.23e+05 |
| time/                 |           |
|    fps                | 1113      |
|    time_elapsed       | 188       |
|    total_timesteps    | 210000    |
| train/                |           |
|    entropy_loss       | -23.4     |
|    explained_variance | 0         |
|    learning_rate      | 0.0007    |
|    n_updates          | 10499     |
|    policy_loss        | -9.62e+05 |
|    std                | 1.15      |
|    value_loss         | 3.15e+09  |
-------------------------------------
-------------------------------------
| rollout/              |           |
|    ep_len_mean        | 20.5      |
|    ep_rew_mean        | -1.74e+05 |
| time/                 |           |
|    fps                | 1113      |
|    time_elapsed       | 197       |
|    total_timesteps    | 220000    |
| train/                |           |
|    entropy_loss       | -23.5     |
|    explained_variance | 0         |
|    learning_rate      | 0.0007    |
|    n_updates          | 10999     |
|    policy_loss        | -1.07e+06 |
|    std                | 1.16      |
|    value_loss         | 3.65e+09  |
-------------------------------------
------------------------------------
| rollout/              |          |
|    ep_len_mean        | 20.9     |
|    ep_rew_mean        | -1.5e+05 |
| time/                 |          |
|    fps                | 1112     |
|    time_elapsed       | 206      |
|    total_timesteps    | 230000   |
| train/                |          |
|    entropy_loss       | -23.7    |
|    explained_variance | 0        |
|    learning_rate      | 0.0007   |
|    n_updates          | 11499    |
|    policy_loss        | -2e+05   |
|    std                | 1.18     |
|    value_loss         | 2.46e+08 |
------------------------------------
-------------------------------------
| rollout/              |           |
|    ep_len_mean        | 20.4      |
|    ep_rew_mean        | -1.45e+05 |
| time/                 |           |
|    fps                | 1112      |
|    time_elapsed       | 215       |
|    total_timesteps    | 240000    |
| train/                |           |
|    entropy_loss       | -23.9     |
|    explained_variance | 0         |
|    learning_rate      | 0.0007    |
|    n_updates          | 11999     |
|    policy_loss        | -4.94e+05 |
|    std                | 1.19      |
|    value_loss         | 1.5e+09   |
-------------------------------------
-------------------------------------
| rollout/              |           |
|    ep_len_mean        | 23.9      |
|    ep_rew_mean        | -1.71e+05 |
| time/                 |           |
|    fps                | 1112      |
|    time_elapsed       | 224       |
|    total_timesteps    | 250000    |
| train/                |           |
|    entropy_loss       | -23.9     |
|    explained_variance | -1.19e-07 |
|    learning_rate      | 0.0007    |
|    n_updates          | 12499     |
|    policy_loss        | -9.11e+05 |
|    std                | 1.19      |
|    value_loss         | 3.98e+09  |
-------------------------------------
-------------------------------------
| rollout/              |           |
|    ep_len_mean        | 19.9      |
|    ep_rew_mean        | -1.38e+05 |
| time/                 |           |
|    fps                | 1111      |
|    time_elapsed       | 233       |
|    total_timesteps    | 260000    |
| train/                |           |
|    entropy_loss       | -24       |
|    explained_variance | 5.96e-08  |
|    learning_rate      | 0.0007    |
|    n_updates          | 12999     |
|    policy_loss        | -4.53e+05 |
|    std                | 1.2       |
|    value_loss         | 1.31e+09  |
-------------------------------------
-------------------------------------
| rollout/              |           |
|    ep_len_mean        | 20.9      |
|    ep_rew_mean        | -1.22e+05 |
| time/                 |           |
|    fps                | 1110      |
|    time_elapsed       | 243       |
|    total_timesteps    | 270000    |
| train/                |           |
|    entropy_loss       | -24.1     |
|    explained_variance | 0         |
|    learning_rate      | 0.0007    |
|    n_updates          | 13499     |
|    policy_loss        | 6.54e+04  |
|    std                | 1.21      |
|    value_loss         | 3.67e+07  |
-------------------------------------
-------------------------------------
| rollout/              |           |
|    ep_len_mean        | 17.6      |
|    ep_rew_mean        | -1.22e+05 |
| time/                 |           |
|    fps                | 1109      |
|    time_elapsed       | 252       |
|    total_timesteps    | 280000    |
| train/                |           |
|    entropy_loss       | -24.1     |
|    explained_variance | 0         |
|    learning_rate      | 0.0007    |
|    n_updates          | 13999     |
|    policy_loss        | -7.5e+05  |
|    std                | 1.21      |
|    value_loss         | 2.49e+09  |
-------------------------------------
-------------------------------------
| rollout/              |           |
|    ep_len_mean        | 25.3      |
|    ep_rew_mean        | -1.57e+05 |
| time/                 |           |
|    fps                | 1109      |
|    time_elapsed       | 261       |
|    total_timesteps    | 290000    |
| train/                |           |
|    entropy_loss       | -24.1     |
|    explained_variance | 1.19e-07  |
|    learning_rate      | 0.0007    |
|    n_updates          | 14499     |
|    policy_loss        | -1.22e+06 |
|    std                | 1.21      |
|    value_loss         | 5.01e+09  |
-------------------------------------
-------------------------------------
| rollout/              |           |
|    ep_len_mean        | 17.4      |
|    ep_rew_mean        | -1.44e+05 |
| time/                 |           |
|    fps                | 1108      |
|    time_elapsed       | 270       |
|    total_timesteps    | 300000    |
| train/                |           |
|    entropy_loss       | -24.2     |
|    explained_variance | 0         |
|    learning_rate      | 0.0007    |
|    n_updates          | 14999     |
|    policy_loss        | -4.1e+05  |
|    std                | 1.22      |
|    value_loss         | 8.46e+08  |
-------------------------------------
-------------------------------------
| rollout/              |           |
|    ep_len_mean        | 16.4      |
|    ep_rew_mean        | -1.21e+05 |
| time/                 |           |
|    fps                | 1106      |
|    time_elapsed       | 280       |
|    total_timesteps    | 310000    |
| train/                |           |
|    entropy_loss       | -24.3     |
|    explained_variance | 1.19e-07  |
|    learning_rate      | 0.0007    |
|    n_updates          | 15499     |
|    policy_loss        | -6.61e+05 |
|    std                | 1.23      |
|    value_loss         | 2.89e+09  |
-------------------------------------
-------------------------------------
| rollout/              |           |
|    ep_len_mean        | 19.2      |
|    ep_rew_mean        | -1.4e+05  |
| time/                 |           |
|    fps                | 1105      |
|    time_elapsed       | 289       |
|    total_timesteps    | 320000    |
| train/                |           |
|    entropy_loss       | -24.4     |
|    explained_variance | 0         |
|    learning_rate      | 0.0007    |
|    n_updates          | 15999     |
|    policy_loss        | -2.59e+05 |
|    std                | 1.24      |
|    value_loss         | 1.92e+08  |
-------------------------------------
-------------------------------------
| rollout/              |           |
|    ep_len_mean        | 24.3      |
|    ep_rew_mean        | -1.92e+05 |
| time/                 |           |
|    fps                | 1104      |
|    time_elapsed       | 298       |
|    total_timesteps    | 330000    |
| train/                |           |
|    entropy_loss       | -24.5     |
|    explained_variance | 0         |
|    learning_rate      | 0.0007    |
|    n_updates          | 16499     |
|    policy_loss        | -2.75e+05 |
|    std                | 1.24      |
|    value_loss         | 4.56e+08  |
-------------------------------------
-------------------------------------
| rollout/              |           |
|    ep_len_mean        | 29.5      |
|    ep_rew_mean        | -2.54e+05 |
| time/                 |           |
|    fps                | 1103      |
|    time_elapsed       | 308       |
|    total_timesteps    | 340000    |
| train/                |           |
|    entropy_loss       | -24.6     |
|    explained_variance | 0         |
|    learning_rate      | 0.0007    |
|    n_updates          | 16999     |
|    policy_loss        | -8.24e+05 |
|    std                | 1.25      |
|    value_loss         | 3.58e+09  |
-------------------------------------
-------------------------------------
| rollout/              |           |
|    ep_len_mean        | 20.7      |
|    ep_rew_mean        | -1.39e+05 |
| time/                 |           |
|    fps                | 1102      |
|    time_elapsed       | 317       |
|    total_timesteps    | 350000    |
| train/                |           |
|    entropy_loss       | -24.8     |
|    explained_variance | 5.96e-08  |
|    learning_rate      | 0.0007    |
|    n_updates          | 17499     |
|    policy_loss        | -3.63e+05 |
|    std                | 1.27      |
|    value_loss         | 3.27e+08  |
-------------------------------------
-------------------------------------
| rollout/              |           |
|    ep_len_mean        | 20.4      |
|    ep_rew_mean        | -1.48e+05 |
| time/                 |           |
|    fps                | 1101      |
|    time_elapsed       | 326       |
|    total_timesteps    | 360000    |
| train/                |           |
|    entropy_loss       | -24.9     |
|    explained_variance | 0         |
|    learning_rate      | 0.0007    |
|    n_updates          | 17999     |
|    policy_loss        | -1.12e+06 |
|    std                | 1.28      |
|    value_loss         | 4.92e+09  |
-------------------------------------
-------------------------------------
| rollout/              |           |
|    ep_len_mean        | 23.9      |
|    ep_rew_mean        | -1.41e+05 |
| time/                 |           |
|    fps                | 1101      |
|    time_elapsed       | 336       |
|    total_timesteps    | 370000    |
| train/                |           |
|    entropy_loss       | -25       |
|    explained_variance | 0         |
|    learning_rate      | 0.0007    |
|    n_updates          | 18499     |
|    policy_loss        | -5.54e+04 |
|    std                | 1.29      |
|    value_loss         | 3.72e+07  |
-------------------------------------
-------------------------------------
| rollout/              |           |
|    ep_len_mean        | 24.8      |
|    ep_rew_mean        | -1.74e+05 |
| time/                 |           |
|    fps                | 1100      |
|    time_elapsed       | 345       |
|    total_timesteps    | 380000    |
| train/                |           |
|    entropy_loss       | -25.1     |
|    explained_variance | 0         |
|    learning_rate      | 0.0007    |
|    n_updates          | 18999     |
|    policy_loss        | -7.12e+05 |
|    std                | 1.29      |
|    value_loss         | 2.16e+09  |
-------------------------------------
-------------------------------------
| rollout/              |           |
|    ep_len_mean        | 13.5      |
|    ep_rew_mean        | -1.19e+05 |
| time/                 |           |
|    fps                | 1099      |
|    time_elapsed       | 354       |
|    total_timesteps    | 390000    |
| train/                |           |
|    entropy_loss       | -25.2     |
|    explained_variance | 0         |
|    learning_rate      | 0.0007    |
|    n_updates          | 19499     |
|    policy_loss        | -4.99e+05 |
|    std                | 1.3       |
|    value_loss         | 1.53e+09  |
-------------------------------------
-------------------------------------
| rollout/              |           |
|    ep_len_mean        | 18.7      |
|    ep_rew_mean        | -1.44e+05 |
| time/                 |           |
|    fps                | 1099      |
|    time_elapsed       | 363       |
|    total_timesteps    | 400000    |
| train/                |           |
|    entropy_loss       | -25.3     |
|    explained_variance | 0         |
|    learning_rate      | 0.0007    |
|    n_updates          | 19999     |
|    policy_loss        | -7.73e+05 |
|    std                | 1.32      |
|    value_loss         | 2.42e+09  |
-------------------------------------
-------------------------------------
| rollout/              |           |
|    ep_len_mean        | 17.2      |
|    ep_rew_mean        | -1.39e+05 |
| time/                 |           |
|    fps                | 1099      |
|    time_elapsed       | 373       |
|    total_timesteps    | 410000    |
| train/                |           |
|    entropy_loss       | -25.5     |
|    explained_variance | 0         |
|    learning_rate      | 0.0007    |
|    n_updates          | 20499     |
|    policy_loss        | -1.98e+05 |
|    std                | 1.33      |
|    value_loss         | 6.49e+08  |
-------------------------------------
-------------------------------------
| rollout/              |           |
|    ep_len_mean        | 20.2      |
|    ep_rew_mean        | -1.48e+05 |
| time/                 |           |
|    fps                | 1098      |
|    time_elapsed       | 382       |
|    total_timesteps    | 420000    |
| train/                |           |
|    entropy_loss       | -25.6     |
|    explained_variance | 0         |
|    learning_rate      | 0.0007    |
|    n_updates          | 20999     |
|    policy_loss        | -1.93e+05 |
|    std                | 1.34      |
|    value_loss         | 1.99e+08  |
-------------------------------------
-------------------------------------
| rollout/              |           |
|    ep_len_mean        | 20.4      |
|    ep_rew_mean        | -1.51e+05 |
| time/                 |           |
|    fps                | 1098      |
|    time_elapsed       | 391       |
|    total_timesteps    | 430000    |
| train/                |           |
|    entropy_loss       | -25.9     |
|    explained_variance | -1.19e-07 |
|    learning_rate      | 0.0007    |
|    n_updates          | 21499     |
|    policy_loss        | -5.56e+05 |
|    std                | 1.36      |
|    value_loss         | 2.15e+09  |
-------------------------------------
------------------------------------
| rollout/              |          |
|    ep_len_mean        | 14.5     |
|    ep_rew_mean        | -1.1e+05 |
| time/                 |          |
|    fps                | 1098     |
|    time_elapsed       | 400      |
|    total_timesteps    | 440000   |
| train/                |          |
|    entropy_loss       | -26      |
|    explained_variance | 1.19e-07 |
|    learning_rate      | 0.0007   |
|    n_updates          | 21999    |
|    policy_loss        | -8.4e+05 |
|    std                | 1.38     |
|    value_loss         | 3.34e+09 |
------------------------------------
-------------------------------------
| rollout/              |           |
|    ep_len_mean        | 17.6      |
|    ep_rew_mean        | -1.29e+05 |
| time/                 |           |
|    fps                | 1097      |
|    time_elapsed       | 410       |
|    total_timesteps    | 450000    |
| train/                |           |
|    entropy_loss       | -26.1     |
|    explained_variance | 0         |
|    learning_rate      | 0.0007    |
|    n_updates          | 22499     |
|    policy_loss        | -2.11e+05 |
|    std                | 1.39      |
|    value_loss         | 9.87e+08  |
-------------------------------------
-------------------------------------
| rollout/              |           |
|    ep_len_mean        | 20.1      |
|    ep_rew_mean        | -1.28e+05 |
| time/                 |           |
|    fps                | 1097      |
|    time_elapsed       | 419       |
|    total_timesteps    | 460000    |
| train/                |           |
|    entropy_loss       | -26.3     |
|    explained_variance | 0         |
|    learning_rate      | 0.0007    |
|    n_updates          | 22999     |
|    policy_loss        | -6.16e+05 |
|    std                | 1.41      |
|    value_loss         | 1.52e+09  |
-------------------------------------
-------------------------------------
| rollout/              |           |
|    ep_len_mean        | 16.6      |
|    ep_rew_mean        | -1.34e+05 |
| time/                 |           |
|    fps                | 1097      |
|    time_elapsed       | 428       |
|    total_timesteps    | 470000    |
| train/                |           |
|    entropy_loss       | -26.4     |
|    explained_variance | 1.79e-07  |
|    learning_rate      | 0.0007    |
|    n_updates          | 23499     |
|    policy_loss        | -8.37e+05 |
|    std                | 1.41      |
|    value_loss         | 2.41e+09  |
-------------------------------------
-------------------------------------
| rollout/              |           |
|    ep_len_mean        | 22.6      |
|    ep_rew_mean        | -1.46e+05 |
| time/                 |           |
|    fps                | 1098      |
|    time_elapsed       | 436       |
|    total_timesteps    | 480000    |
| train/                |           |
|    entropy_loss       | -26.5     |
|    explained_variance | -1.19e-07 |
|    learning_rate      | 0.0007    |
|    n_updates          | 23999     |
|    policy_loss        | -7.36e+05 |
|    std                | 1.43      |
|    value_loss         | 2.31e+09  |
-------------------------------------
-------------------------------------
| rollout/              |           |
|    ep_len_mean        | 19.7      |
|    ep_rew_mean        | -1.39e+05 |
| time/                 |           |
|    fps                | 1099      |
|    time_elapsed       | 445       |
|    total_timesteps    | 490000    |
| train/                |           |
|    entropy_loss       | -26.7     |
|    explained_variance | -1.19e-07 |
|    learning_rate      | 0.0007    |
|    n_updates          | 24499     |
|    policy_loss        | -2.37e+04 |
|    std                | 1.44      |
|    value_loss         | 1.49e+07  |
-------------------------------------
-------------------------------------
| rollout/              |           |
|    ep_len_mean        | 17.4      |
|    ep_rew_mean        | -1.26e+05 |
| time/                 |           |
|    fps                | 1100      |
|    time_elapsed       | 454       |
|    total_timesteps    | 500000    |
| train/                |           |
|    entropy_loss       | -26.8     |
|    explained_variance | 0         |
|    learning_rate      | 0.0007    |
|    n_updates          | 24999     |
|    policy_loss        | -8.49e+05 |
|    std                | 1.45      |
|    value_loss         | 2.9e+09   |
-------------------------------------
-------------------------------------
| rollout/              |           |
|    ep_len_mean        | 20.4      |
|    ep_rew_mean        | -1.64e+05 |
| time/                 |           |
|    fps                | 1100      |
|    time_elapsed       | 463       |
|    total_timesteps    | 510000    |
| train/                |           |
|    entropy_loss       | -27       |
|    explained_variance | 1.79e-07  |
|    learning_rate      | 0.0007    |
|    n_updates          | 25499     |
|    policy_loss        | -4.36e+05 |
|    std                | 1.47      |
|    value_loss         | 2.94e+08  |
-------------------------------------
-------------------------------------
| rollout/              |           |
|    ep_len_mean        | 22.6      |
|    ep_rew_mean        | -1.72e+05 |
| time/                 |           |
|    fps                | 1100      |
|    time_elapsed       | 472       |
|    total_timesteps    | 520000    |
| train/                |           |
|    entropy_loss       | -27.2     |
|    explained_variance | 1.19e-07  |
|    learning_rate      | 0.0007    |
|    n_updates          | 25999     |
|    policy_loss        | -1.16e+06 |
|    std                | 1.49      |
|    value_loss         | 4.03e+09  |
-------------------------------------
-------------------------------------
| rollout/              |           |
|    ep_len_mean        | 25.7      |
|    ep_rew_mean        | -1.81e+05 |
| time/                 |           |
|    fps                | 1101      |
|    time_elapsed       | 481       |
|    total_timesteps    | 530000    |
| train/                |           |
|    entropy_loss       | -27.4     |
|    explained_variance | 1.19e-07  |
|    learning_rate      | 0.0007    |
|    n_updates          | 26499     |
|    policy_loss        | -1.63e+06 |
|    std                | 1.51      |
|    value_loss         | 5.27e+09  |
-------------------------------------
-------------------------------------
| rollout/              |           |
|    ep_len_mean        | 22        |
|    ep_rew_mean        | -1.42e+05 |
| time/                 |           |
|    fps                | 1101      |
|    time_elapsed       | 490       |
|    total_timesteps    | 540000    |
| train/                |           |
|    entropy_loss       | -27.4     |
|    explained_variance | -1.19e-07 |
|    learning_rate      | 0.0007    |
|    n_updates          | 26999     |
|    policy_loss        | -1.19e+06 |
|    std                | 1.51      |
|    value_loss         | 4.47e+09  |
-------------------------------------
-------------------------------------
| rollout/              |           |
|    ep_len_mean        | 22.1      |
|    ep_rew_mean        | -1.7e+05  |
| time/                 |           |
|    fps                | 1100      |
|    time_elapsed       | 499       |
|    total_timesteps    | 550000    |
| train/                |           |
|    entropy_loss       | -27.6     |
|    explained_variance | 5.96e-08  |
|    learning_rate      | 0.0007    |
|    n_updates          | 27499     |
|    policy_loss        | -4.55e+05 |
|    std                | 1.53      |
|    value_loss         | 1.21e+09  |
-------------------------------------
-------------------------------------
| rollout/              |           |
|    ep_len_mean        | 22.2      |
|    ep_rew_mean        | -1.72e+05 |
| time/                 |           |
|    fps                | 1101      |
|    time_elapsed       | 508       |
|    total_timesteps    | 560000    |
| train/                |           |
|    entropy_loss       | -27.7     |
|    explained_variance | 0         |
|    learning_rate      | 0.0007    |
|    n_updates          | 27999     |
|    policy_loss        | -3.83e+05 |
|    std                | 1.55      |
|    value_loss         | 3.81e+08  |
-------------------------------------
-------------------------------------
| rollout/              |           |
|    ep_len_mean        | 18.8      |
|    ep_rew_mean        | -1.48e+05 |
| time/                 |           |
|    fps                | 1101      |
|    time_elapsed       | 517       |
|    total_timesteps    | 570000    |
| train/                |           |
|    entropy_loss       | -28       |
|    explained_variance | -1.19e-07 |
|    learning_rate      | 0.0007    |
|    n_updates          | 28499     |
|    policy_loss        | -9.26e+05 |
|    std                | 1.57      |
|    value_loss         | 3.1e+09   |
-------------------------------------
-------------------------------------
| rollout/              |           |
|    ep_len_mean        | 15.1      |
|    ep_rew_mean        | -1.22e+05 |
| time/                 |           |
|    fps                | 1102      |
|    time_elapsed       | 526       |
|    total_timesteps    | 580000    |
| train/                |           |
|    entropy_loss       | -28       |
|    explained_variance | -1.19e-07 |
|    learning_rate      | 0.0007    |
|    n_updates          | 28999     |
|    policy_loss        | -4.38e+05 |
|    std                | 1.58      |
|    value_loss         | 6.24e+08  |
-------------------------------------
-------------------------------------
| rollout/              |           |
|    ep_len_mean        | 20.6      |
|    ep_rew_mean        | -1.41e+05 |
| time/                 |           |
|    fps                | 1102      |
|    time_elapsed       | 535       |
|    total_timesteps    | 590000    |
| train/                |           |
|    entropy_loss       | -28       |
|    explained_variance | 1.19e-07  |
|    learning_rate      | 0.0007    |
|    n_updates          | 29499     |
|    policy_loss        | -3.91e+05 |
|    std                | 1.58      |
|    value_loss         | 5.3e+08   |
-------------------------------------
-------------------------------------
| rollout/              |           |
|    ep_len_mean        | 17.1      |
|    ep_rew_mean        | -1.39e+05 |
| time/                 |           |
|    fps                | 1102      |
|    time_elapsed       | 544       |
|    total_timesteps    | 600000    |
| train/                |           |
|    entropy_loss       | -28.1     |
|    explained_variance | 0         |
|    learning_rate      | 0.0007    |
|    n_updates          | 29999     |
|    policy_loss        | -4.4e+05  |
|    std                | 1.59      |
|    value_loss         | 1.44e+09  |
-------------------------------------
-------------------------------------
| rollout/              |           |
|    ep_len_mean        | 21.4      |
|    ep_rew_mean        | -1.56e+05 |
| time/                 |           |
|    fps                | 1102      |
|    time_elapsed       | 553       |
|    total_timesteps    | 610000    |
| train/                |           |
|    entropy_loss       | -28.1     |
|    explained_variance | 0         |
|    learning_rate      | 0.0007    |
|    n_updates          | 30499     |
|    policy_loss        | -8.78e+05 |
|    std                | 1.59      |
|    value_loss         | 2.48e+09  |
-------------------------------------
-------------------------------------
| rollout/              |           |
|    ep_len_mean        | 22.9      |
|    ep_rew_mean        | -1.5e+05  |
| time/                 |           |
|    fps                | 1102      |
|    time_elapsed       | 562       |
|    total_timesteps    | 620000    |
| train/                |           |
|    entropy_loss       | -28.2     |
|    explained_variance | 0         |
|    learning_rate      | 0.0007    |
|    n_updates          | 30999     |
|    policy_loss        | -3.31e+05 |
|    std                | 1.59      |
|    value_loss         | 2.41e+08  |
-------------------------------------
-------------------------------------
| rollout/              |           |
|    ep_len_mean        | 18.6      |
|    ep_rew_mean        | -1.22e+05 |
| time/                 |           |
|    fps                | 1101      |
|    time_elapsed       | 571       |
|    total_timesteps    | 630000    |
| train/                |           |
|    entropy_loss       | -28.3     |
|    explained_variance | 0         |
|    learning_rate      | 0.0007    |
|    n_updates          | 31499     |
|    policy_loss        | -2.78e+05 |
|    std                | 1.61      |
|    value_loss         | 9.86e+08  |
-------------------------------------
-------------------------------------
| rollout/              |           |
|    ep_len_mean        | 16.1      |
|    ep_rew_mean        | -1.04e+05 |
| time/                 |           |
|    fps                | 1101      |
|    time_elapsed       | 580       |
|    total_timesteps    | 640000    |
| train/                |           |
|    entropy_loss       | -28.5     |
|    explained_variance | 0         |
|    learning_rate      | 0.0007    |
|    n_updates          | 31999     |
|    policy_loss        | -5.68e+04 |
|    std                | 1.62      |
|    value_loss         | 1.19e+08  |
-------------------------------------
-------------------------------------
| rollout/              |           |
|    ep_len_mean        | 16.5      |
|    ep_rew_mean        | -1.18e+05 |
| time/                 |           |
|    fps                | 1101      |
|    time_elapsed       | 590       |
|    total_timesteps    | 650000    |
| train/                |           |
|    entropy_loss       | -28.6     |
|    explained_variance | 0         |
|    learning_rate      | 0.0007    |
|    n_updates          | 32499     |
|    policy_loss        | -1.32e+06 |
|    std                | 1.64      |
|    value_loss         | 4.04e+09  |
-------------------------------------
-------------------------------------
| rollout/              |           |
|    ep_len_mean        | 13.6      |
|    ep_rew_mean        | -1.36e+05 |
| time/                 |           |
|    fps                | 1100      |
|    time_elapsed       | 599       |
|    total_timesteps    | 660000    |
| train/                |           |
|    entropy_loss       | -28.7     |
|    explained_variance | 0         |
|    learning_rate      | 0.0007    |
|    n_updates          | 32999     |
|    policy_loss        | -9.32e+05 |
|    std                | 1.65      |
|    value_loss         | 2.75e+09  |
-------------------------------------
-------------------------------------
| rollout/              |           |
|    ep_len_mean        | 25.6      |
|    ep_rew_mean        | -1.85e+05 |
| time/                 |           |
|    fps                | 1100      |
|    time_elapsed       | 608       |
|    total_timesteps    | 670000    |
| train/                |           |
|    entropy_loss       | -28.8     |
|    explained_variance | -1.19e-07 |
|    learning_rate      | 0.0007    |
|    n_updates          | 33499     |
|    policy_loss        | -1.31e+05 |
|    std                | 1.67      |
|    value_loss         | 7.65e+07  |
-------------------------------------
-------------------------------------
| rollout/              |           |
|    ep_len_mean        | 20.3      |
|    ep_rew_mean        | -1.51e+05 |
| time/                 |           |
|    fps                | 1100      |
|    time_elapsed       | 617       |
|    total_timesteps    | 680000    |
| train/                |           |
|    entropy_loss       | -29       |
|    explained_variance | 0         |
|    learning_rate      | 0.0007    |
|    n_updates          | 33999     |
|    policy_loss        | -8.06e+05 |
|    std                | 1.68      |
|    value_loss         | 2.88e+09  |
-------------------------------------
-------------------------------------
| rollout/              |           |
|    ep_len_mean        | 14.1      |
|    ep_rew_mean        | -1.05e+05 |
| time/                 |           |
|    fps                | 1100      |
|    time_elapsed       | 626       |
|    total_timesteps    | 690000    |
| train/                |           |
|    entropy_loss       | -29.1     |
|    explained_variance | 1.19e-07  |
|    learning_rate      | 0.0007    |
|    n_updates          | 34499     |
|    policy_loss        | -9.69e+05 |
|    std                | 1.7       |
|    value_loss         | 3.29e+09  |
-------------------------------------
-------------------------------------
| rollout/              |           |
|    ep_len_mean        | 20.6      |
|    ep_rew_mean        | -1.49e+05 |
| time/                 |           |
|    fps                | 1100      |
|    time_elapsed       | 636       |
|    total_timesteps    | 700000    |
| train/                |           |
|    entropy_loss       | -29.3     |
|    explained_variance | 0         |
|    learning_rate      | 0.0007    |
|    n_updates          | 34999     |
|    policy_loss        | -3.97e+05 |
|    std                | 1.72      |
|    value_loss         | 7.24e+08  |
-------------------------------------
-------------------------------------
| rollout/              |           |
|    ep_len_mean        | 21.8      |
|    ep_rew_mean        | -1.27e+05 |
| time/                 |           |
|    fps                | 1100      |
|    time_elapsed       | 645       |
|    total_timesteps    | 710000    |
| train/                |           |
|    entropy_loss       | -29.5     |
|    explained_variance | -1.19e-07 |
|    learning_rate      | 0.0007    |
|    n_updates          | 35499     |
|    policy_loss        | -1.76e+05 |
|    std                | 1.74      |
|    value_loss         | 1.02e+08  |
-------------------------------------
-------------------------------------
| rollout/              |           |
|    ep_len_mean        | 17.6      |
|    ep_rew_mean        | -1.12e+05 |
| time/                 |           |
|    fps                | 1099      |
|    time_elapsed       | 654       |
|    total_timesteps    | 720000    |
| train/                |           |
|    entropy_loss       | -29.6     |
|    explained_variance | 0         |
|    learning_rate      | 0.0007    |
|    n_updates          | 35999     |
|    policy_loss        | -3.06e+03 |
|    std                | 1.75      |
|    value_loss         | 4.67e+07  |
-------------------------------------
-------------------------------------
| rollout/              |           |
|    ep_len_mean        | 18.2      |
|    ep_rew_mean        | -1.15e+05 |
| time/                 |           |
|    fps                | 1099      |
|    time_elapsed       | 664       |
|    total_timesteps    | 730000    |
| train/                |           |
|    entropy_loss       | -29.8     |
|    explained_variance | -1.19e-07 |
|    learning_rate      | 0.0007    |
|    n_updates          | 36499     |
|    policy_loss        | -7.74e+05 |
|    std                | 1.77      |
|    value_loss         | 2.53e+09  |
-------------------------------------
-------------------------------------
| rollout/              |           |
|    ep_len_mean        | 18        |
|    ep_rew_mean        | -1.33e+05 |
| time/                 |           |
|    fps                | 1099      |
|    time_elapsed       | 673       |
|    total_timesteps    | 740000    |
| train/                |           |
|    entropy_loss       | -29.9     |
|    explained_variance | -1.19e-07 |
|    learning_rate      | 0.0007    |
|    n_updates          | 36999     |
|    policy_loss        | -4.22e+05 |
|    std                | 1.79      |
|    value_loss         | 1.04e+09  |
-------------------------------------
-------------------------------------
| rollout/              |           |
|    ep_len_mean        | 20.5      |
|    ep_rew_mean        | -1.12e+05 |
| time/                 |           |
|    fps                | 1098      |
|    time_elapsed       | 682       |
|    total_timesteps    | 750000    |
| train/                |           |
|    entropy_loss       | -30       |
|    explained_variance | 0         |
|    learning_rate      | 0.0007    |
|    n_updates          | 37499     |
|    policy_loss        | -8.76e+04 |
|    std                | 1.8       |
|    value_loss         | 4.5e+07   |
-------------------------------------
-------------------------------------
| rollout/              |           |
|    ep_len_mean        | 16.4      |
|    ep_rew_mean        | -1.45e+05 |
| time/                 |           |
|    fps                | 1098      |
|    time_elapsed       | 691       |
|    total_timesteps    | 760000    |
| train/                |           |
|    entropy_loss       | -30.2     |
|    explained_variance | 1.19e-07  |
|    learning_rate      | 0.0007    |
|    n_updates          | 37999     |
|    policy_loss        | -4.4e+05  |
|    std                | 1.83      |
|    value_loss         | 3.64e+08  |
-------------------------------------
-------------------------------------
| rollout/              |           |
|    ep_len_mean        | 18.2      |
|    ep_rew_mean        | -1.44e+05 |
| time/                 |           |
|    fps                | 1098      |
|    time_elapsed       | 700       |
|    total_timesteps    | 770000    |
| train/                |           |
|    entropy_loss       | -30.4     |
|    explained_variance | 0         |
|    learning_rate      | 0.0007    |
|    n_updates          | 38499     |
|    policy_loss        | -2.68e+05 |
|    std                | 1.85      |
|    value_loss         | 3.55e+08  |
-------------------------------------
-------------------------------------
| rollout/              |           |
|    ep_len_mean        | 22.2      |
|    ep_rew_mean        | -1.6e+05  |
| time/                 |           |
|    fps                | 1098      |
|    time_elapsed       | 710       |
|    total_timesteps    | 780000    |
| train/                |           |
|    entropy_loss       | -30.5     |
|    explained_variance | 1.79e-07  |
|    learning_rate      | 0.0007    |
|    n_updates          | 38999     |
|    policy_loss        | -7.28e+05 |
|    std                | 1.86      |
|    value_loss         | 2.38e+09  |
-------------------------------------
-------------------------------------
| rollout/              |           |
|    ep_len_mean        | 17.4      |
|    ep_rew_mean        | -1.24e+05 |
| time/                 |           |
|    fps                | 1098      |
|    time_elapsed       | 719       |
|    total_timesteps    | 790000    |
| train/                |           |
|    entropy_loss       | -30.7     |
|    explained_variance | 0         |
|    learning_rate      | 0.0007    |
|    n_updates          | 39499     |
|    policy_loss        | -3.48e+05 |
|    std                | 1.89      |
|    value_loss         | 2.76e+08  |
-------------------------------------
-------------------------------------
| rollout/              |           |
|    ep_len_mean        | 25.2      |
|    ep_rew_mean        | -1.82e+05 |
| time/                 |           |
|    fps                | 1098      |
|    time_elapsed       | 728       |
|    total_timesteps    | 800000    |
| train/                |           |
|    entropy_loss       | -30.8     |
|    explained_variance | 1.19e-07  |
|    learning_rate      | 0.0007    |
|    n_updates          | 39999     |
|    policy_loss        | -3.49e+05 |
|    std                | 1.9       |
|    value_loss         | 1.96e+08  |
-------------------------------------
-------------------------------------
| rollout/              |           |
|    ep_len_mean        | 16.9      |
|    ep_rew_mean        | -1.18e+05 |
| time/                 |           |
|    fps                | 1098      |
|    time_elapsed       | 737       |
|    total_timesteps    | 810000    |
| train/                |           |
|    entropy_loss       | -30.9     |
|    explained_variance | 0         |
|    learning_rate      | 0.0007    |
|    n_updates          | 40499     |
|    policy_loss        | -2.94e+05 |
|    std                | 1.92      |
|    value_loss         | 3.77e+08  |
-------------------------------------
-------------------------------------
| rollout/              |           |
|    ep_len_mean        | 19.8      |
|    ep_rew_mean        | -1.32e+05 |
| time/                 |           |
|    fps                | 1097      |
|    time_elapsed       | 746       |
|    total_timesteps    | 820000    |
| train/                |           |
|    entropy_loss       | -31       |
|    explained_variance | 0         |
|    learning_rate      | 0.0007    |
|    n_updates          | 40999     |
|    policy_loss        | -1.01e+06 |
|    std                | 1.94      |
|    value_loss         | 2.9e+09   |
-------------------------------------
-------------------------------------
| rollout/              |           |
|    ep_len_mean        | 18.6      |
|    ep_rew_mean        | -1.29e+05 |
| time/                 |           |
|    fps                | 1097      |
|    time_elapsed       | 756       |
|    total_timesteps    | 830000    |
| train/                |           |
|    entropy_loss       | -31.1     |
|    explained_variance | 0         |
|    learning_rate      | 0.0007    |
|    n_updates          | 41499     |
|    policy_loss        | -9.38e+05 |
|    std                | 1.95      |
|    value_loss         | 3.6e+09   |
-------------------------------------
-------------------------------------
| rollout/              |           |
|    ep_len_mean        | 16.6      |
|    ep_rew_mean        | -1.42e+05 |
| time/                 |           |
|    fps                | 1096      |
|    time_elapsed       | 765       |
|    total_timesteps    | 840000    |
| train/                |           |
|    entropy_loss       | -31.3     |
|    explained_variance | 0         |
|    learning_rate      | 0.0007    |
|    n_updates          | 41999     |
|    policy_loss        | -7.17e+05 |
|    std                | 1.98      |
|    value_loss         | 7.32e+08  |
-------------------------------------
-------------------------------------
| rollout/              |           |
|    ep_len_mean        | 19.4      |
|    ep_rew_mean        | -1.37e+05 |
| time/                 |           |
|    fps                | 1096      |
|    time_elapsed       | 775       |
|    total_timesteps    | 850000    |
| train/                |           |
|    entropy_loss       | -31.4     |
|    explained_variance | 0         |
|    learning_rate      | 0.0007    |
|    n_updates          | 42499     |
|    policy_loss        | -9.83e+05 |
|    std                | 1.99      |
|    value_loss         | 2.76e+09  |
-------------------------------------
-------------------------------------
| rollout/              |           |
|    ep_len_mean        | 21.7      |
|    ep_rew_mean        | -1.28e+05 |
| time/                 |           |
|    fps                | 1096      |
|    time_elapsed       | 784       |
|    total_timesteps    | 860000    |
| train/                |           |
|    entropy_loss       | -31.4     |
|    explained_variance | 0         |
|    learning_rate      | 0.0007    |
|    n_updates          | 42999     |
|    policy_loss        | -1.7e+06  |
|    std                | 1.99      |
|    value_loss         | 5.07e+09  |
-------------------------------------
-------------------------------------
| rollout/              |           |
|    ep_len_mean        | 19.9      |
|    ep_rew_mean        | -1.52e+05 |
| time/                 |           |
|    fps                | 1095      |
|    time_elapsed       | 794       |
|    total_timesteps    | 870000    |
| train/                |           |
|    entropy_loss       | -31.6     |
|    explained_variance | 5.96e-08  |
|    learning_rate      | 0.0007    |
|    n_updates          | 43499     |
|    policy_loss        | -3.03e+05 |
|    std                | 2.01      |
|    value_loss         | 2.91e+08  |
-------------------------------------
-------------------------------------
| rollout/              |           |
|    ep_len_mean        | 24        |
|    ep_rew_mean        | -1.51e+05 |
| time/                 |           |
|    fps                | 1095      |
|    time_elapsed       | 803       |
|    total_timesteps    | 880000    |
| train/                |           |
|    entropy_loss       | -31.7     |
|    explained_variance | 0         |
|    learning_rate      | 0.0007    |
|    n_updates          | 43999     |
|    policy_loss        | -5.78e+04 |
|    std                | 2.03      |
|    value_loss         | 1.06e+08  |
-------------------------------------
-------------------------------------
| rollout/              |           |
|    ep_len_mean        | 19.6      |
|    ep_rew_mean        | -1.38e+05 |
| time/                 |           |
|    fps                | 1094      |
|    time_elapsed       | 812       |
|    total_timesteps    | 890000    |
| train/                |           |
|    entropy_loss       | -31.8     |
|    explained_variance | 0         |
|    learning_rate      | 0.0007    |
|    n_updates          | 44499     |
|    policy_loss        | -8.88e+05 |
|    std                | 2.04      |
|    value_loss         | 2.05e+09  |
-------------------------------------
-------------------------------------
| rollout/              |           |
|    ep_len_mean        | 20.8      |
|    ep_rew_mean        | -1.37e+05 |
| time/                 |           |
|    fps                | 1094      |
|    time_elapsed       | 822       |
|    total_timesteps    | 900000    |
| train/                |           |
|    entropy_loss       | -31.9     |
|    explained_variance | -1.19e-07 |
|    learning_rate      | 0.0007    |
|    n_updates          | 44999     |
|    policy_loss        | -9.94e+05 |
|    std                | 2.05      |
|    value_loss         | 3.05e+09  |
-------------------------------------
-------------------------------------
| rollout/              |           |
|    ep_len_mean        | 21.4      |
|    ep_rew_mean        | -1.49e+05 |
| time/                 |           |
|    fps                | 1094      |
|    time_elapsed       | 831       |
|    total_timesteps    | 910000    |
| train/                |           |
|    entropy_loss       | -32       |
|    explained_variance | 0         |
|    learning_rate      | 0.0007    |
|    n_updates          | 45499     |
|    policy_loss        | -8.32e+05 |
|    std                | 2.07      |
|    value_loss         | 2.18e+09  |
-------------------------------------
-------------------------------------
| rollout/              |           |
|    ep_len_mean        | 21.3      |
|    ep_rew_mean        | -1.52e+05 |
| time/                 |           |
|    fps                | 1093      |
|    time_elapsed       | 841       |
|    total_timesteps    | 920000    |
| train/                |           |
|    entropy_loss       | -32       |
|    explained_variance | 0         |
|    learning_rate      | 0.0007    |
|    n_updates          | 45999     |
|    policy_loss        | -1.23e+06 |
|    std                | 2.07      |
|    value_loss         | 2.78e+09  |
-------------------------------------
-------------------------------------
| rollout/              |           |
|    ep_len_mean        | 18.5      |
|    ep_rew_mean        | -1.3e+05  |
| time/                 |           |
|    fps                | 1093      |
|    time_elapsed       | 850       |
|    total_timesteps    | 930000    |
| train/                |           |
|    entropy_loss       | -32.2     |
|    explained_variance | -1.19e-07 |
|    learning_rate      | 0.0007    |
|    n_updates          | 46499     |
|    policy_loss        | -5.57e+05 |
|    std                | 2.09      |
|    value_loss         | 3.65e+08  |
-------------------------------------
-------------------------------------
| rollout/              |           |
|    ep_len_mean        | 15.9      |
|    ep_rew_mean        | -1.15e+05 |
| time/                 |           |
|    fps                | 1092      |
|    time_elapsed       | 860       |
|    total_timesteps    | 940000    |
| train/                |           |
|    entropy_loss       | -32.3     |
|    explained_variance | 1.19e-07  |
|    learning_rate      | 0.0007    |
|    n_updates          | 46999     |
|    policy_loss        | -4.53e+05 |
|    std                | 2.11      |
|    value_loss         | 1.47e+09  |
-------------------------------------
-------------------------------------
| rollout/              |           |
|    ep_len_mean        | 16.9      |
|    ep_rew_mean        | -1.41e+05 |
| time/                 |           |
|    fps                | 1092      |
|    time_elapsed       | 869       |
|    total_timesteps    | 950000    |
| train/                |           |
|    entropy_loss       | -32.4     |
|    explained_variance | 0         |
|    learning_rate      | 0.0007    |
|    n_updates          | 47499     |
|    policy_loss        | -8.39e+05 |
|    std                | 2.13      |
|    value_loss         | 2.63e+09  |
-------------------------------------
-------------------------------------
| rollout/              |           |
|    ep_len_mean        | 18.5      |
|    ep_rew_mean        | -1.32e+05 |
| time/                 |           |
|    fps                | 1092      |
|    time_elapsed       | 878       |
|    total_timesteps    | 960000    |
| train/                |           |
|    entropy_loss       | -32.5     |
|    explained_variance | -1.19e-07 |
|    learning_rate      | 0.0007    |
|    n_updates          | 47999     |
|    policy_loss        | -1.44e+06 |
|    std                | 2.14      |
|    value_loss         | 5.25e+09  |
-------------------------------------
-------------------------------------
| rollout/              |           |
|    ep_len_mean        | 19.9      |
|    ep_rew_mean        | -1.35e+05 |
| time/                 |           |
|    fps                | 1092      |
|    time_elapsed       | 887       |
|    total_timesteps    | 970000    |
| train/                |           |
|    entropy_loss       | -32.8     |
|    explained_variance | 1.79e-07  |
|    learning_rate      | 0.0007    |
|    n_updates          | 48499     |
|    policy_loss        | -4.3e+05  |
|    std                | 2.18      |
|    value_loss         | 2.57e+08  |
-------------------------------------
-------------------------------------
| rollout/              |           |
|    ep_len_mean        | 16.4      |
|    ep_rew_mean        | -1.25e+05 |
| time/                 |           |
|    fps                | 1092      |
|    time_elapsed       | 896       |
|    total_timesteps    | 980000    |
| train/                |           |
|    entropy_loss       | -32.8     |
|    explained_variance | 0         |
|    learning_rate      | 0.0007    |
|    n_updates          | 48999     |
|    policy_loss        | -8.13e+05 |
|    std                | 2.19      |
|    value_loss         | 2.36e+09  |
-------------------------------------
-------------------------------------
| rollout/              |           |
|    ep_len_mean        | 22.9      |
|    ep_rew_mean        | -1.67e+05 |
| time/                 |           |
|    fps                | 1093      |
|    time_elapsed       | 905       |
|    total_timesteps    | 990000    |
| train/                |           |
|    entropy_loss       | -33       |
|    explained_variance | 5.96e-08  |
|    learning_rate      | 0.0007    |
|    n_updates          | 49499     |
|    policy_loss        | -1.13e+06 |
|    std                | 2.21      |
|    value_loss         | 3.07e+09  |
-------------------------------------
-------------------------------------
| rollout/              |           |
|    ep_len_mean        | 20.8      |
|    ep_rew_mean        | -1.5e+05  |
| time/                 |           |
|    fps                | 1093      |
|    time_elapsed       | 914       |
|    total_timesteps    | 1000000   |
| train/                |           |
|    entropy_loss       | -33       |
|    explained_variance | 0         |
|    learning_rate      | 0.0007    |
|    n_updates          | 49999     |
|    policy_loss        | -1.23e+06 |
|    std                | 2.21      |
|    value_loss         | 2.88e+09  |
-------------------------------------
Training ended on Tue Jan 27 16:34:26 2026
Training lasted 0:15:14.557904
