Logging to training_default_logs/5_robots/logs/PPO_set8
Using cpu device
Training started on Tue Jan 27 16:21:06 2026
Experiment configuration: {'algorithm': 'PPO', 'set': 8, 'verbose': 1, 'steps': 1000000, 'num_robots': 5, 'num_envs': 4, 'seed': 33, 'log_steps': 10000, 'resume': False, 'device': 'cpu'}
------------------------------------------
| rollout/                |              |
|    ep_len_mean          | 54.7         |
|    ep_rew_mean          | -1.34e+06    |
| time/                   |              |
|    fps                  | 901          |
|    time_elapsed         | 11           |
|    total_timesteps      | 10000        |
| train/                  |              |
|    approx_kl            | 8.009854e-05 |
|    clip_fraction        | 0            |
|    clip_range           | 0.2          |
|    entropy_loss         | -21.3        |
|    explained_variance   | -3.58e-07    |
|    learning_rate        | 0.0003       |
|    loss                 | 4.67e+10     |
|    n_updates            | 10           |
|    policy_gradient_loss | -0.000403    |
|    std                  | 1            |
|    value_loss           | 1.07e+11     |
------------------------------------------
------------------------------------------
| rollout/                |              |
|    ep_len_mean          | 62.2         |
|    ep_rew_mean          | -1.54e+06    |
| time/                   |              |
|    fps                  | 915          |
|    time_elapsed         | 21           |
|    total_timesteps      | 20000        |
| train/                  |              |
|    approx_kl            | 5.046148e-05 |
|    clip_fraction        | 0            |
|    clip_range           | 0.2          |
|    entropy_loss         | -21.3        |
|    explained_variance   | -1.19e-07    |
|    learning_rate        | 0.0003       |
|    loss                 | 5.85e+10     |
|    n_updates            | 20           |
|    policy_gradient_loss | -0.000284    |
|    std                  | 1            |
|    value_loss           | 1.14e+11     |
------------------------------------------
-------------------------------------------
| rollout/                |               |
|    ep_len_mean          | 60.3          |
|    ep_rew_mean          | -1.47e+06     |
| time/                   |               |
|    fps                  | 925           |
|    time_elapsed         | 32            |
|    total_timesteps      | 30000         |
| train/                  |               |
|    approx_kl            | 5.2894247e-05 |
|    clip_fraction        | 0             |
|    clip_range           | 0.2           |
|    entropy_loss         | -21.3         |
|    explained_variance   | 0             |
|    learning_rate        | 0.0003        |
|    loss                 | 5.68e+10      |
|    n_updates            | 30            |
|    policy_gradient_loss | -0.000308     |
|    std                  | 1             |
|    value_loss           | 1.12e+11      |
-------------------------------------------
-------------------------------------------
| rollout/                |               |
|    ep_len_mean          | 56.1          |
|    ep_rew_mean          | -1.38e+06     |
| time/                   |               |
|    fps                  | 922           |
|    time_elapsed         | 43            |
|    total_timesteps      | 40000         |
| train/                  |               |
|    approx_kl            | 5.2719755e-05 |
|    clip_fraction        | 0             |
|    clip_range           | 0.2           |
|    entropy_loss         | -21.3         |
|    explained_variance   | 5.96e-08      |
|    learning_rate        | 0.0003        |
|    loss                 | 5.7e+10       |
|    n_updates            | 40            |
|    policy_gradient_loss | -0.000308     |
|    std                  | 1             |
|    value_loss           | 1.12e+11      |
-------------------------------------------
------------------------------------------
| rollout/                |              |
|    ep_len_mean          | 50.4         |
|    ep_rew_mean          | -1.23e+06    |
| time/                   |              |
|    fps                  | 842          |
|    time_elapsed         | 59           |
|    total_timesteps      | 50000        |
| train/                  |              |
|    approx_kl            | 7.823203e-05 |
|    clip_fraction        | 0            |
|    clip_range           | 0.2          |
|    entropy_loss         | -21.3        |
|    explained_variance   | -1.19e-07    |
|    learning_rate        | 0.0003       |
|    loss                 | 5.42e+10     |
|    n_updates            | 60           |
|    policy_gradient_loss | -0.000406    |
|    std                  | 1            |
|    value_loss           | 1.08e+11     |
------------------------------------------
-------------------------------------------
| rollout/                |               |
|    ep_len_mean          | 47.8          |
|    ep_rew_mean          | -1.19e+06     |
| time/                   |               |
|    fps                  | 848           |
|    time_elapsed         | 70            |
|    total_timesteps      | 60000         |
| train/                  |               |
|    approx_kl            | 4.0391824e-05 |
|    clip_fraction        | 0             |
|    clip_range           | 0.2           |
|    entropy_loss         | -21.3         |
|    explained_variance   | 0             |
|    learning_rate        | 0.0003        |
|    loss                 | 5.26e+10      |
|    n_updates            | 70            |
|    policy_gradient_loss | -0.000255     |
|    std                  | 1             |
|    value_loss           | 1.1e+11       |
-------------------------------------------
-------------------------------------------
| rollout/                |               |
|    ep_len_mean          | 55.8          |
|    ep_rew_mean          | -1.37e+06     |
| time/                   |               |
|    fps                  | 853           |
|    time_elapsed         | 82            |
|    total_timesteps      | 70000         |
| train/                  |               |
|    approx_kl            | 0.00010303192 |
|    clip_fraction        | 0             |
|    clip_range           | 0.2           |
|    entropy_loss         | -21.3         |
|    explained_variance   | -1.19e-07     |
|    learning_rate        | 0.0003        |
|    loss                 | 5.14e+10      |
|    n_updates            | 80            |
|    policy_gradient_loss | -0.000529     |
|    std                  | 1             |
|    value_loss           | 1.09e+11      |
-------------------------------------------
-------------------------------------------
| rollout/                |               |
|    ep_len_mean          | 54.1          |
|    ep_rew_mean          | -1.34e+06     |
| time/                   |               |
|    fps                  | 856           |
|    time_elapsed         | 93            |
|    total_timesteps      | 80000         |
| train/                  |               |
|    approx_kl            | 3.7067213e-05 |
|    clip_fraction        | 0             |
|    clip_range           | 0.2           |
|    entropy_loss         | -21.3         |
|    explained_variance   | 1.19e-07      |
|    learning_rate        | 0.0003        |
|    loss                 | 6.1e+10       |
|    n_updates            | 90            |
|    policy_gradient_loss | -0.000221     |
|    std                  | 1             |
|    value_loss           | 1.18e+11      |
-------------------------------------------
------------------------------------------
| rollout/                |              |
|    ep_len_mean          | 52.2         |
|    ep_rew_mean          | -1.28e+06    |
| time/                   |              |
|    fps                  | 858          |
|    time_elapsed         | 104          |
|    total_timesteps      | 90000        |
| train/                  |              |
|    approx_kl            | 3.706105e-05 |
|    clip_fraction        | 0            |
|    clip_range           | 0.2          |
|    entropy_loss         | -21.3        |
|    explained_variance   | -1.19e-07    |
|    learning_rate        | 0.0003       |
|    loss                 | 5.25e+10     |
|    n_updates            | 100          |
|    policy_gradient_loss | -0.000229    |
|    std                  | 1            |
|    value_loss           | 1.09e+11     |
------------------------------------------
------------------------------------------
| rollout/                |              |
|    ep_len_mean          | 54.8         |
|    ep_rew_mean          | -1.36e+06    |
| time/                   |              |
|    fps                  | 826          |
|    time_elapsed         | 121          |
|    total_timesteps      | 100000       |
| train/                  |              |
|    approx_kl            | 1.772197e-05 |
|    clip_fraction        | 0            |
|    clip_range           | 0.2          |
|    entropy_loss         | -21.3        |
|    explained_variance   | -2.38e-07    |
|    learning_rate        | 0.0003       |
|    loss                 | 5.63e+10     |
|    n_updates            | 120          |
|    policy_gradient_loss | -0.000127    |
|    std                  | 1            |
|    value_loss           | 1.14e+11     |
------------------------------------------
------------------------------------------
| rollout/                |              |
|    ep_len_mean          | 49.9         |
|    ep_rew_mean          | -1.25e+06    |
| time/                   |              |
|    fps                  | 831          |
|    time_elapsed         | 132          |
|    total_timesteps      | 110000       |
| train/                  |              |
|    approx_kl            | 5.024601e-05 |
|    clip_fraction        | 0            |
|    clip_range           | 0.2          |
|    entropy_loss         | -21.3        |
|    explained_variance   | 0            |
|    learning_rate        | 0.0003       |
|    loss                 | 6.05e+10     |
|    n_updates            | 130          |
|    policy_gradient_loss | -0.000288    |
|    std                  | 1            |
|    value_loss           | 1.15e+11     |
------------------------------------------
------------------------------------------
| rollout/                |              |
|    ep_len_mean          | 60.4         |
|    ep_rew_mean          | -1.48e+06    |
| time/                   |              |
|    fps                  | 835          |
|    time_elapsed         | 143          |
|    total_timesteps      | 120000       |
| train/                  |              |
|    approx_kl            | 5.428061e-05 |
|    clip_fraction        | 0            |
|    clip_range           | 0.2          |
|    entropy_loss         | -21.3        |
|    explained_variance   | 0            |
|    learning_rate        | 0.0003       |
|    loss                 | 5.79e+10     |
|    n_updates            | 140          |
|    policy_gradient_loss | -0.000304    |
|    std                  | 1            |
|    value_loss           | 1.06e+11     |
------------------------------------------
------------------------------------------
| rollout/                |              |
|    ep_len_mean          | 57.5         |
|    ep_rew_mean          | -1.42e+06    |
| time/                   |              |
|    fps                  | 838          |
|    time_elapsed         | 154          |
|    total_timesteps      | 130000       |
| train/                  |              |
|    approx_kl            | 5.114353e-05 |
|    clip_fraction        | 0            |
|    clip_range           | 0.2          |
|    entropy_loss         | -21.3        |
|    explained_variance   | 0            |
|    learning_rate        | 0.0003       |
|    loss                 | 5.38e+10     |
|    n_updates            | 150          |
|    policy_gradient_loss | -0.000291    |
|    std                  | 1            |
|    value_loss           | 1.09e+11     |
------------------------------------------
------------------------------------------
| rollout/                |              |
|    ep_len_mean          | 43.1         |
|    ep_rew_mean          | -1.07e+06    |
| time/                   |              |
|    fps                  | 817          |
|    time_elapsed         | 171          |
|    total_timesteps      | 140000       |
| train/                  |              |
|    approx_kl            | 8.052552e-05 |
|    clip_fraction        | 0            |
|    clip_range           | 0.2          |
|    entropy_loss         | -21.3        |
|    explained_variance   | 0            |
|    learning_rate        | 0.0003       |
|    loss                 | 5.6e+10      |
|    n_updates            | 170          |
|    policy_gradient_loss | -0.000438    |
|    std                  | 1            |
|    value_loss           | 1.1e+11      |
------------------------------------------
-------------------------------------------
| rollout/                |               |
|    ep_len_mean          | 63.4          |
|    ep_rew_mean          | -1.54e+06     |
| time/                   |               |
|    fps                  | 822           |
|    time_elapsed         | 182           |
|    total_timesteps      | 150000        |
| train/                  |               |
|    approx_kl            | 3.0814634e-05 |
|    clip_fraction        | 0             |
|    clip_range           | 0.2           |
|    entropy_loss         | -21.3         |
|    explained_variance   | 5.96e-08      |
|    learning_rate        | 0.0003        |
|    loss                 | 5.45e+10      |
|    n_updates            | 180           |
|    policy_gradient_loss | -0.00019      |
|    std                  | 1             |
|    value_loss           | 1.05e+11      |
-------------------------------------------
------------------------------------------
| rollout/                |              |
|    ep_len_mean          | 51.2         |
|    ep_rew_mean          | -1.26e+06    |
| time/                   |              |
|    fps                  | 827          |
|    time_elapsed         | 193          |
|    total_timesteps      | 160000       |
| train/                  |              |
|    approx_kl            | 5.542709e-05 |
|    clip_fraction        | 0            |
|    clip_range           | 0.2          |
|    entropy_loss         | -21.3        |
|    explained_variance   | -1.19e-07    |
|    learning_rate        | 0.0003       |
|    loss                 | 5.86e+10     |
|    n_updates            | 190          |
|    policy_gradient_loss | -0.000326    |
|    std                  | 1            |
|    value_loss           | 1.16e+11     |
------------------------------------------
-------------------------------------------
| rollout/                |               |
|    ep_len_mean          | 59.3          |
|    ep_rew_mean          | -1.46e+06     |
| time/                   |               |
|    fps                  | 832           |
|    time_elapsed         | 204           |
|    total_timesteps      | 170000        |
| train/                  |               |
|    approx_kl            | 6.1614606e-05 |
|    clip_fraction        | 0             |
|    clip_range           | 0.2           |
|    entropy_loss         | -21.3         |
|    explained_variance   | 0             |
|    learning_rate        | 0.0003        |
|    loss                 | 5.17e+10      |
|    n_updates            | 200           |
|    policy_gradient_loss | -0.000333     |
|    std                  | 1             |
|    value_loss           | 1.09e+11      |
-------------------------------------------
-----------------------------------------
| rollout/                |             |
|    ep_len_mean          | 55.2        |
|    ep_rew_mean          | -1.35e+06   |
| time/                   |             |
|    fps                  | 837         |
|    time_elapsed         | 215         |
|    total_timesteps      | 180000      |
| train/                  |             |
|    approx_kl            | 6.54816e-05 |
|    clip_fraction        | 0           |
|    clip_range           | 0.2         |
|    entropy_loss         | -21.3       |
|    explained_variance   | -1.19e-07   |
|    learning_rate        | 0.0003      |
|    loss                 | 5.55e+10    |
|    n_updates            | 210         |
|    policy_gradient_loss | -0.000386   |
|    std                  | 1           |
|    value_loss           | 1.14e+11    |
-----------------------------------------
-------------------------------------------
| rollout/                |               |
|    ep_len_mean          | 60.2          |
|    ep_rew_mean          | -1.47e+06     |
| time/                   |               |
|    fps                  | 824           |
|    time_elapsed         | 230           |
|    total_timesteps      | 190000        |
| train/                  |               |
|    approx_kl            | 3.3752207e-05 |
|    clip_fraction        | 0             |
|    clip_range           | 0.2           |
|    entropy_loss         | -21.3         |
|    explained_variance   | 0             |
|    learning_rate        | 0.0003        |
|    loss                 | 5.49e+10      |
|    n_updates            | 230           |
|    policy_gradient_loss | -0.000216     |
|    std                  | 1             |
|    value_loss           | 1.09e+11      |
-------------------------------------------
-------------------------------------------
| rollout/                |               |
|    ep_len_mean          | 40.5          |
|    ep_rew_mean          | -1.01e+06     |
| time/                   |               |
|    fps                  | 828           |
|    time_elapsed         | 241           |
|    total_timesteps      | 200000        |
| train/                  |               |
|    approx_kl            | 3.0208474e-05 |
|    clip_fraction        | 0             |
|    clip_range           | 0.2           |
|    entropy_loss         | -21.3         |
|    explained_variance   | 0             |
|    learning_rate        | 0.0003        |
|    loss                 | 6.12e+10      |
|    n_updates            | 240           |
|    policy_gradient_loss | -0.000192     |
|    std                  | 1             |
|    value_loss           | 1.14e+11      |
-------------------------------------------
------------------------------------------
| rollout/                |              |
|    ep_len_mean          | 56           |
|    ep_rew_mean          | -1.37e+06    |
| time/                   |              |
|    fps                  | 832          |
|    time_elapsed         | 252          |
|    total_timesteps      | 210000       |
| train/                  |              |
|    approx_kl            | 1.464635e-05 |
|    clip_fraction        | 0            |
|    clip_range           | 0.2          |
|    entropy_loss         | -21.3        |
|    explained_variance   | -1.19e-07    |
|    learning_rate        | 0.0003       |
|    loss                 | 5.39e+10     |
|    n_updates            | 250          |
|    policy_gradient_loss | -0.000113    |
|    std                  | 1            |
|    value_loss           | 1.06e+11     |
------------------------------------------
-------------------------------------------
| rollout/                |               |
|    ep_len_mean          | 55.4          |
|    ep_rew_mean          | -1.36e+06     |
| time/                   |               |
|    fps                  | 836           |
|    time_elapsed         | 263           |
|    total_timesteps      | 220000        |
| train/                  |               |
|    approx_kl            | 2.3280234e-05 |
|    clip_fraction        | 0             |
|    clip_range           | 0.2           |
|    entropy_loss         | -21.3         |
|    explained_variance   | 1.79e-07      |
|    learning_rate        | 0.0003        |
|    loss                 | 5.22e+10      |
|    n_updates            | 260           |
|    policy_gradient_loss | -0.000147     |
|    std                  | 1             |
|    value_loss           | 1.13e+11      |
-------------------------------------------
-----------------------------------------
| rollout/                |             |
|    ep_len_mean          | 47.4        |
|    ep_rew_mean          | -1.17e+06   |
| time/                   |             |
|    fps                  | 826         |
|    time_elapsed         | 278         |
|    total_timesteps      | 230000      |
| train/                  |             |
|    approx_kl            | 7.74769e-05 |
|    clip_fraction        | 0           |
|    clip_range           | 0.2         |
|    entropy_loss         | -21.3       |
|    explained_variance   | 0           |
|    learning_rate        | 0.0003      |
|    loss                 | 6.06e+10    |
|    n_updates            | 280         |
|    policy_gradient_loss | -0.000409   |
|    std                  | 1           |
|    value_loss           | 1.11e+11    |
-----------------------------------------
-------------------------------------------
| rollout/                |               |
|    ep_len_mean          | 55.8          |
|    ep_rew_mean          | -1.37e+06     |
| time/                   |               |
|    fps                  | 830           |
|    time_elapsed         | 289           |
|    total_timesteps      | 240000        |
| train/                  |               |
|    approx_kl            | 2.7068614e-05 |
|    clip_fraction        | 0             |
|    clip_range           | 0.2           |
|    entropy_loss         | -21.3         |
|    explained_variance   | 0             |
|    learning_rate        | 0.0003        |
|    loss                 | 5.66e+10      |
|    n_updates            | 290           |
|    policy_gradient_loss | -0.000177     |
|    std                  | 1             |
|    value_loss           | 1.15e+11      |
-------------------------------------------
------------------------------------------
| rollout/                |              |
|    ep_len_mean          | 60.2         |
|    ep_rew_mean          | -1.48e+06    |
| time/                   |              |
|    fps                  | 833          |
|    time_elapsed         | 299          |
|    total_timesteps      | 250000       |
| train/                  |              |
|    approx_kl            | 4.612074e-05 |
|    clip_fraction        | 0            |
|    clip_range           | 0.2          |
|    entropy_loss         | -21.3        |
|    explained_variance   | 0            |
|    learning_rate        | 0.0003       |
|    loss                 | 5.71e+10     |
|    n_updates            | 300          |
|    policy_gradient_loss | -0.000251    |
|    std                  | 1            |
|    value_loss           | 1.11e+11     |
------------------------------------------
-------------------------------------------
| rollout/                |               |
|    ep_len_mean          | 42.3          |
|    ep_rew_mean          | -1.05e+06     |
| time/                   |               |
|    fps                  | 836           |
|    time_elapsed         | 310           |
|    total_timesteps      | 260000        |
| train/                  |               |
|    approx_kl            | 6.6053515e-05 |
|    clip_fraction        | 0             |
|    clip_range           | 0.2           |
|    entropy_loss         | -21.3         |
|    explained_variance   | 1.19e-07      |
|    learning_rate        | 0.0003        |
|    loss                 | 5.96e+10      |
|    n_updates            | 310           |
|    policy_gradient_loss | -0.000369     |
|    std                  | 1             |
|    value_loss           | 1.12e+11      |
-------------------------------------------
------------------------------------------
| rollout/                |              |
|    ep_len_mean          | 53.4         |
|    ep_rew_mean          | -1.31e+06    |
| time/                   |              |
|    fps                  | 839          |
|    time_elapsed         | 321          |
|    total_timesteps      | 270000       |
| train/                  |              |
|    approx_kl            | 4.322998e-05 |
|    clip_fraction        | 0            |
|    clip_range           | 0.2          |
|    entropy_loss         | -21.3        |
|    explained_variance   | -1.19e-07    |
|    learning_rate        | 0.0003       |
|    loss                 | 5.15e+10     |
|    n_updates            | 320          |
|    policy_gradient_loss | -0.000244    |
|    std                  | 1            |
|    value_loss           | 1.02e+11     |
------------------------------------------
-------------------------------------------
| rollout/                |               |
|    ep_len_mean          | 55.1          |
|    ep_rew_mean          | -1.35e+06     |
| time/                   |               |
|    fps                  | 831           |
|    time_elapsed         | 336           |
|    total_timesteps      | 280000        |
| train/                  |               |
|    approx_kl            | 4.6825968e-05 |
|    clip_fraction        | 0             |
|    clip_range           | 0.2           |
|    entropy_loss         | -21.3         |
|    explained_variance   | 1.19e-07      |
|    learning_rate        | 0.0003        |
|    loss                 | 5.44e+10      |
|    n_updates            | 340           |
|    policy_gradient_loss | -0.000276     |
|    std                  | 1             |
|    value_loss           | 1.1e+11       |
-------------------------------------------
------------------------------------------
| rollout/                |              |
|    ep_len_mean          | 45.1         |
|    ep_rew_mean          | -1.11e+06    |
| time/                   |              |
|    fps                  | 834          |
|    time_elapsed         | 347          |
|    total_timesteps      | 290000       |
| train/                  |              |
|    approx_kl            | 9.493125e-05 |
|    clip_fraction        | 0            |
|    clip_range           | 0.2          |
|    entropy_loss         | -21.3        |
|    explained_variance   | 0            |
|    learning_rate        | 0.0003       |
|    loss                 | 5.29e+10     |
|    n_updates            | 350          |
|    policy_gradient_loss | -0.000466    |
|    std                  | 1            |
|    value_loss           | 1.02e+11     |
------------------------------------------
-------------------------------------------
| rollout/                |               |
|    ep_len_mean          | 54.3          |
|    ep_rew_mean          | -1.34e+06     |
| time/                   |               |
|    fps                  | 836           |
|    time_elapsed         | 358           |
|    total_timesteps      | 300000        |
| train/                  |               |
|    approx_kl            | 5.0295013e-05 |
|    clip_fraction        | 0             |
|    clip_range           | 0.2           |
|    entropy_loss         | -21.3         |
|    explained_variance   | 1.19e-07      |
|    learning_rate        | 0.0003        |
|    loss                 | 4.9e+10       |
|    n_updates            | 360           |
|    policy_gradient_loss | -0.000281     |
|    std                  | 1             |
|    value_loss           | 1.09e+11      |
-------------------------------------------
------------------------------------------
| rollout/                |              |
|    ep_len_mean          | 53.8         |
|    ep_rew_mean          | -1.33e+06    |
| time/                   |              |
|    fps                  | 839          |
|    time_elapsed         | 369          |
|    total_timesteps      | 310000       |
| train/                  |              |
|    approx_kl            | 5.108832e-05 |
|    clip_fraction        | 0            |
|    clip_range           | 0.2          |
|    entropy_loss         | -21.3        |
|    explained_variance   | -1.19e-07    |
|    learning_rate        | 0.0003       |
|    loss                 | 5.52e+10     |
|    n_updates            | 370          |
|    policy_gradient_loss | -0.000296    |
|    std                  | 1            |
|    value_loss           | 1.13e+11     |
------------------------------------------
------------------------------------------
| rollout/                |              |
|    ep_len_mean          | 53.2         |
|    ep_rew_mean          | -1.31e+06    |
| time/                   |              |
|    fps                  | 833          |
|    time_elapsed         | 384          |
|    total_timesteps      | 320000       |
| train/                  |              |
|    approx_kl            | 4.491196e-05 |
|    clip_fraction        | 0            |
|    clip_range           | 0.2          |
|    entropy_loss         | -21.3        |
|    explained_variance   | 0            |
|    learning_rate        | 0.0003       |
|    loss                 | 5.4e+10      |
|    n_updates            | 390          |
|    policy_gradient_loss | -0.000256    |
|    std                  | 1            |
|    value_loss           | 1.12e+11     |
------------------------------------------
------------------------------------------
| rollout/                |              |
|    ep_len_mean          | 47.8         |
|    ep_rew_mean          | -1.19e+06    |
| time/                   |              |
|    fps                  | 836          |
|    time_elapsed         | 394          |
|    total_timesteps      | 330000       |
| train/                  |              |
|    approx_kl            | 4.606336e-05 |
|    clip_fraction        | 0            |
|    clip_range           | 0.2          |
|    entropy_loss         | -21.3        |
|    explained_variance   | 0            |
|    learning_rate        | 0.0003       |
|    loss                 | 5.01e+10     |
|    n_updates            | 400          |
|    policy_gradient_loss | -0.000268    |
|    std                  | 1            |
|    value_loss           | 1.11e+11     |
------------------------------------------
-------------------------------------------
| rollout/                |               |
|    ep_len_mean          | 52.6          |
|    ep_rew_mean          | -1.3e+06      |
| time/                   |               |
|    fps                  | 839           |
|    time_elapsed         | 405           |
|    total_timesteps      | 340000        |
| train/                  |               |
|    approx_kl            | 2.2935637e-05 |
|    clip_fraction        | 0             |
|    clip_range           | 0.2           |
|    entropy_loss         | -21.3         |
|    explained_variance   | 0             |
|    learning_rate        | 0.0003        |
|    loss                 | 4.57e+10      |
|    n_updates            | 410           |
|    policy_gradient_loss | -0.000152     |
|    std                  | 1             |
|    value_loss           | 1.08e+11      |
-------------------------------------------
-------------------------------------------
| rollout/                |               |
|    ep_len_mean          | 51.8          |
|    ep_rew_mean          | -1.28e+06     |
| time/                   |               |
|    fps                  | 841           |
|    time_elapsed         | 415           |
|    total_timesteps      | 350000        |
| train/                  |               |
|    approx_kl            | 3.3235025e-05 |
|    clip_fraction        | 0             |
|    clip_range           | 0.2           |
|    entropy_loss         | -21.3         |
|    explained_variance   | -2.38e-07     |
|    learning_rate        | 0.0003        |
|    loss                 | 5.55e+10      |
|    n_updates            | 420           |
|    policy_gradient_loss | -0.000208     |
|    std                  | 1             |
|    value_loss           | 1.06e+11      |
-------------------------------------------
-------------------------------------------
| rollout/                |               |
|    ep_len_mean          | 51.7          |
|    ep_rew_mean          | -1.28e+06     |
| time/                   |               |
|    fps                  | 842           |
|    time_elapsed         | 427           |
|    total_timesteps      | 360000        |
| train/                  |               |
|    approx_kl            | 1.6045691e-05 |
|    clip_fraction        | 0             |
|    clip_range           | 0.2           |
|    entropy_loss         | -21.3         |
|    explained_variance   | 1.19e-07      |
|    learning_rate        | 0.0003        |
|    loss                 | 5.34e+10      |
|    n_updates            | 430           |
|    policy_gradient_loss | -0.00012      |
|    std                  | 1             |
|    value_loss           | 1.11e+11      |
-------------------------------------------
-------------------------------------------
| rollout/                |               |
|    ep_len_mean          | 51.3          |
|    ep_rew_mean          | -1.27e+06     |
| time/                   |               |
|    fps                  | 836           |
|    time_elapsed         | 442           |
|    total_timesteps      | 370000        |
| train/                  |               |
|    approx_kl            | 4.1935025e-05 |
|    clip_fraction        | 0             |
|    clip_range           | 0.2           |
|    entropy_loss         | -21.3         |
|    explained_variance   | 0             |
|    learning_rate        | 0.0003        |
|    loss                 | 5.84e+10      |
|    n_updates            | 450           |
|    policy_gradient_loss | -0.000235     |
|    std                  | 1             |
|    value_loss           | 1.1e+11       |
-------------------------------------------
------------------------------------------
| rollout/                |              |
|    ep_len_mean          | 55.9         |
|    ep_rew_mean          | -1.38e+06    |
| time/                   |              |
|    fps                  | 836          |
|    time_elapsed         | 454          |
|    total_timesteps      | 380000       |
| train/                  |              |
|    approx_kl            | 6.407396e-05 |
|    clip_fraction        | 0            |
|    clip_range           | 0.2          |
|    entropy_loss         | -21.3        |
|    explained_variance   | -2.38e-07    |
|    learning_rate        | 0.0003       |
|    loss                 | 5.27e+10     |
|    n_updates            | 460          |
|    policy_gradient_loss | -0.000355    |
|    std                  | 1            |
|    value_loss           | 1.06e+11     |
------------------------------------------
-------------------------------------------
| rollout/                |               |
|    ep_len_mean          | 51.8          |
|    ep_rew_mean          | -1.27e+06     |
| time/                   |               |
|    fps                  | 837           |
|    time_elapsed         | 465           |
|    total_timesteps      | 390000        |
| train/                  |               |
|    approx_kl            | 2.9568931e-05 |
|    clip_fraction        | 0             |
|    clip_range           | 0.2           |
|    entropy_loss         | -21.3         |
|    explained_variance   | 2.38e-07      |
|    learning_rate        | 0.0003        |
|    loss                 | 5.73e+10      |
|    n_updates            | 470           |
|    policy_gradient_loss | -0.000215     |
|    std                  | 1             |
|    value_loss           | 1.13e+11      |
-------------------------------------------
-------------------------------------------
| rollout/                |               |
|    ep_len_mean          | 49.8          |
|    ep_rew_mean          | -1.23e+06     |
| time/                   |               |
|    fps                  | 838           |
|    time_elapsed         | 477           |
|    total_timesteps      | 400000        |
| train/                  |               |
|    approx_kl            | 5.0915172e-05 |
|    clip_fraction        | 0             |
|    clip_range           | 0.2           |
|    entropy_loss         | -21.3         |
|    explained_variance   | 0             |
|    learning_rate        | 0.0003        |
|    loss                 | 5.45e+10      |
|    n_updates            | 480           |
|    policy_gradient_loss | -0.000275     |
|    std                  | 1             |
|    value_loss           | 1.1e+11       |
-------------------------------------------
-------------------------------------------
| rollout/                |               |
|    ep_len_mean          | 58.3          |
|    ep_rew_mean          | -1.43e+06     |
| time/                   |               |
|    fps                  | 831           |
|    time_elapsed         | 493           |
|    total_timesteps      | 410000        |
| train/                  |               |
|    approx_kl            | 2.0619766e-05 |
|    clip_fraction        | 0             |
|    clip_range           | 0.2           |
|    entropy_loss         | -21.3         |
|    explained_variance   | 1.19e-07      |
|    learning_rate        | 0.0003        |
|    loss                 | 5.6e+10       |
|    n_updates            | 500           |
|    policy_gradient_loss | -0.000136     |
|    std                  | 1             |
|    value_loss           | 1.13e+11      |
-------------------------------------------
-------------------------------------------
| rollout/                |               |
|    ep_len_mean          | 48            |
|    ep_rew_mean          | -1.19e+06     |
| time/                   |               |
|    fps                  | 832           |
|    time_elapsed         | 504           |
|    total_timesteps      | 420000        |
| train/                  |               |
|    approx_kl            | 2.0867628e-05 |
|    clip_fraction        | 0             |
|    clip_range           | 0.2           |
|    entropy_loss         | -21.3         |
|    explained_variance   | 0             |
|    learning_rate        | 0.0003        |
|    loss                 | 5.31e+10      |
|    n_updates            | 510           |
|    policy_gradient_loss | -0.000167     |
|    std                  | 1             |
|    value_loss           | 1.08e+11      |
-------------------------------------------
-------------------------------------------
| rollout/                |               |
|    ep_len_mean          | 56.9          |
|    ep_rew_mean          | -1.39e+06     |
| time/                   |               |
|    fps                  | 833           |
|    time_elapsed         | 515           |
|    total_timesteps      | 430000        |
| train/                  |               |
|    approx_kl            | 4.1248823e-05 |
|    clip_fraction        | 0             |
|    clip_range           | 0.2           |
|    entropy_loss         | -21.3         |
|    explained_variance   | 0             |
|    learning_rate        | 0.0003        |
|    loss                 | 5.58e+10      |
|    n_updates            | 520           |
|    policy_gradient_loss | -0.000247     |
|    std                  | 1             |
|    value_loss           | 1.08e+11      |
-------------------------------------------
------------------------------------------
| rollout/                |              |
|    ep_len_mean          | 53.4         |
|    ep_rew_mean          | -1.31e+06    |
| time/                   |              |
|    fps                  | 835          |
|    time_elapsed         | 526          |
|    total_timesteps      | 440000       |
| train/                  |              |
|    approx_kl            | 9.499905e-05 |
|    clip_fraction        | 0            |
|    clip_range           | 0.2          |
|    entropy_loss         | -21.3        |
|    explained_variance   | -1.19e-07    |
|    learning_rate        | 0.0003       |
|    loss                 | 5.83e+10     |
|    n_updates            | 530          |
|    policy_gradient_loss | -0.0005      |
|    std                  | 1            |
|    value_loss           | 1.1e+11      |
------------------------------------------
-------------------------------------------
| rollout/                |               |
|    ep_len_mean          | 50.6          |
|    ep_rew_mean          | -1.25e+06     |
| time/                   |               |
|    fps                  | 837           |
|    time_elapsed         | 537           |
|    total_timesteps      | 450000        |
| train/                  |               |
|    approx_kl            | 5.1952426e-05 |
|    clip_fraction        | 0             |
|    clip_range           | 0.2           |
|    entropy_loss         | -21.3         |
|    explained_variance   | 2.38e-07      |
|    learning_rate        | 0.0003        |
|    loss                 | 5.45e+10      |
|    n_updates            | 540           |
|    policy_gradient_loss | -0.000308     |
|    std                  | 1             |
|    value_loss           | 1.11e+11      |
-------------------------------------------
-------------------------------------------
| rollout/                |               |
|    ep_len_mean          | 49.4          |
|    ep_rew_mean          | -1.22e+06     |
| time/                   |               |
|    fps                  | 832           |
|    time_elapsed         | 552           |
|    total_timesteps      | 460000        |
| train/                  |               |
|    approx_kl            | 3.6593192e-05 |
|    clip_fraction        | 0             |
|    clip_range           | 0.2           |
|    entropy_loss         | -21.3         |
|    explained_variance   | 0             |
|    learning_rate        | 0.0003        |
|    loss                 | 4.89e+10      |
|    n_updates            | 560           |
|    policy_gradient_loss | -0.000212     |
|    std                  | 1             |
|    value_loss           | 1.06e+11      |
-------------------------------------------
-------------------------------------------
| rollout/                |               |
|    ep_len_mean          | 47            |
|    ep_rew_mean          | -1.17e+06     |
| time/                   |               |
|    fps                  | 834           |
|    time_elapsed         | 563           |
|    total_timesteps      | 470000        |
| train/                  |               |
|    approx_kl            | 3.5803874e-05 |
|    clip_fraction        | 0             |
|    clip_range           | 0.2           |
|    entropy_loss         | -21.3         |
|    explained_variance   | -1.19e-07     |
|    learning_rate        | 0.0003        |
|    loss                 | 5.88e+10      |
|    n_updates            | 570           |
|    policy_gradient_loss | -0.00022      |
|    std                  | 1             |
|    value_loss           | 1.11e+11      |
-------------------------------------------
------------------------------------------
| rollout/                |              |
|    ep_len_mean          | 50.4         |
|    ep_rew_mean          | -1.24e+06    |
| time/                   |              |
|    fps                  | 836          |
|    time_elapsed         | 573          |
|    total_timesteps      | 480000       |
| train/                  |              |
|    approx_kl            | 3.748444e-05 |
|    clip_fraction        | 0            |
|    clip_range           | 0.2          |
|    entropy_loss         | -21.3        |
|    explained_variance   | 1.19e-07     |
|    learning_rate        | 0.0003       |
|    loss                 | 5.91e+10     |
|    n_updates            | 580          |
|    policy_gradient_loss | -0.000231    |
|    std                  | 1            |
|    value_loss           | 1.14e+11     |
------------------------------------------
------------------------------------------
| rollout/                |              |
|    ep_len_mean          | 52.3         |
|    ep_rew_mean          | -1.29e+06    |
| time/                   |              |
|    fps                  | 838          |
|    time_elapsed         | 584          |
|    total_timesteps      | 490000       |
| train/                  |              |
|    approx_kl            | 4.703753e-05 |
|    clip_fraction        | 0            |
|    clip_range           | 0.2          |
|    entropy_loss         | -21.3        |
|    explained_variance   | 0            |
|    learning_rate        | 0.0003       |
|    loss                 | 5.85e+10     |
|    n_updates            | 590          |
|    policy_gradient_loss | -0.000259    |
|    std                  | 1            |
|    value_loss           | 1.1e+11      |
------------------------------------------
-------------------------------------------
| rollout/                |               |
|    ep_len_mean          | 51.7          |
|    ep_rew_mean          | -1.28e+06     |
| time/                   |               |
|    fps                  | 834           |
|    time_elapsed         | 599           |
|    total_timesteps      | 500000        |
| train/                  |               |
|    approx_kl            | 5.9702958e-05 |
|    clip_fraction        | 0             |
|    clip_range           | 0.2           |
|    entropy_loss         | -21.3         |
|    explained_variance   | -1.19e-07     |
|    learning_rate        | 0.0003        |
|    loss                 | 5.77e+10      |
|    n_updates            | 610           |
|    policy_gradient_loss | -0.000353     |
|    std                  | 1             |
|    value_loss           | 1.12e+11      |
-------------------------------------------
-------------------------------------------
| rollout/                |               |
|    ep_len_mean          | 54.7          |
|    ep_rew_mean          | -1.35e+06     |
| time/                   |               |
|    fps                  | 836           |
|    time_elapsed         | 609           |
|    total_timesteps      | 510000        |
| train/                  |               |
|    approx_kl            | 4.7596943e-05 |
|    clip_fraction        | 0             |
|    clip_range           | 0.2           |
|    entropy_loss         | -21.3         |
|    explained_variance   | 1.19e-07      |
|    learning_rate        | 0.0003        |
|    loss                 | 5.59e+10      |
|    n_updates            | 620           |
|    policy_gradient_loss | -0.000284     |
|    std                  | 1             |
|    value_loss           | 1.14e+11      |
-------------------------------------------
------------------------------------------
| rollout/                |              |
|    ep_len_mean          | 48.5         |
|    ep_rew_mean          | -1.21e+06    |
| time/                   |              |
|    fps                  | 838          |
|    time_elapsed         | 620          |
|    total_timesteps      | 520000       |
| train/                  |              |
|    approx_kl            | 4.251986e-05 |
|    clip_fraction        | 0            |
|    clip_range           | 0.2          |
|    entropy_loss         | -21.3        |
|    explained_variance   | 0            |
|    learning_rate        | 0.0003       |
|    loss                 | 5.74e+10     |
|    n_updates            | 630          |
|    policy_gradient_loss | -0.000258    |
|    std                  | 1            |
|    value_loss           | 1.14e+11     |
------------------------------------------
------------------------------------------
| rollout/                |              |
|    ep_len_mean          | 44.1         |
|    ep_rew_mean          | -1.09e+06    |
| time/                   |              |
|    fps                  | 839          |
|    time_elapsed         | 631          |
|    total_timesteps      | 530000       |
| train/                  |              |
|    approx_kl            | 3.687638e-05 |
|    clip_fraction        | 0            |
|    clip_range           | 0.2          |
|    entropy_loss         | -21.3        |
|    explained_variance   | 0            |
|    learning_rate        | 0.0003       |
|    loss                 | 5.53e+10     |
|    n_updates            | 640          |
|    policy_gradient_loss | -0.000234    |
|    std                  | 1            |
|    value_loss           | 1.07e+11     |
------------------------------------------
-------------------------------------------
| rollout/                |               |
|    ep_len_mean          | 47            |
|    ep_rew_mean          | -1.16e+06     |
| time/                   |               |
|    fps                  | 840           |
|    time_elapsed         | 642           |
|    total_timesteps      | 540000        |
| train/                  |               |
|    approx_kl            | 3.2372816e-05 |
|    clip_fraction        | 0             |
|    clip_range           | 0.2           |
|    entropy_loss         | -21.3         |
|    explained_variance   | 1.19e-07      |
|    learning_rate        | 0.0003        |
|    loss                 | 5.34e+10      |
|    n_updates            | 650           |
|    policy_gradient_loss | -0.000195     |
|    std                  | 1             |
|    value_loss           | 1.02e+11      |
-------------------------------------------
------------------------------------------
| rollout/                |              |
|    ep_len_mean          | 45.7         |
|    ep_rew_mean          | -1.14e+06    |
| time/                   |              |
|    fps                  | 836          |
|    time_elapsed         | 657          |
|    total_timesteps      | 550000       |
| train/                  |              |
|    approx_kl            | 5.595595e-05 |
|    clip_fraction        | 0            |
|    clip_range           | 0.2          |
|    entropy_loss         | -21.3        |
|    explained_variance   | 0            |
|    learning_rate        | 0.0003       |
|    loss                 | 5.65e+10     |
|    n_updates            | 670          |
|    policy_gradient_loss | -0.000309    |
|    std                  | 1            |
|    value_loss           | 1.1e+11      |
------------------------------------------
----------------------------------------
| rollout/                |            |
|    ep_len_mean          | 49.3       |
|    ep_rew_mean          | -1.21e+06  |
| time/                   |            |
|    fps                  | 837        |
|    time_elapsed         | 668        |
|    total_timesteps      | 560000     |
| train/                  |            |
|    approx_kl            | 4.8921e-05 |
|    clip_fraction        | 0          |
|    clip_range           | 0.2        |
|    entropy_loss         | -21.3      |
|    explained_variance   | -2.38e-07  |
|    learning_rate        | 0.0003     |
|    loss                 | 5.39e+10   |
|    n_updates            | 680        |
|    policy_gradient_loss | -0.000301  |
|    std                  | 1          |
|    value_loss           | 1.1e+11    |
----------------------------------------
-------------------------------------------
| rollout/                |               |
|    ep_len_mean          | 54            |
|    ep_rew_mean          | -1.34e+06     |
| time/                   |               |
|    fps                  | 838           |
|    time_elapsed         | 679           |
|    total_timesteps      | 570000        |
| train/                  |               |
|    approx_kl            | 2.8731352e-05 |
|    clip_fraction        | 0             |
|    clip_range           | 0.2           |
|    entropy_loss         | -21.3         |
|    explained_variance   | 0             |
|    learning_rate        | 0.0003        |
|    loss                 | 5.54e+10      |
|    n_updates            | 690           |
|    policy_gradient_loss | -0.000197     |
|    std                  | 1             |
|    value_loss           | 1.14e+11      |
-------------------------------------------
-------------------------------------------
| rollout/                |               |
|    ep_len_mean          | 43.5          |
|    ep_rew_mean          | -1.08e+06     |
| time/                   |               |
|    fps                  | 839           |
|    time_elapsed         | 690           |
|    total_timesteps      | 580000        |
| train/                  |               |
|    approx_kl            | 3.6114398e-05 |
|    clip_fraction        | 0             |
|    clip_range           | 0.2           |
|    entropy_loss         | -21.3         |
|    explained_variance   | 0             |
|    learning_rate        | 0.0003        |
|    loss                 | 5.74e+10      |
|    n_updates            | 700           |
|    policy_gradient_loss | -0.000236     |
|    std                  | 1             |
|    value_loss           | 1.12e+11      |
-------------------------------------------
------------------------------------------
| rollout/                |              |
|    ep_len_mean          | 51.3         |
|    ep_rew_mean          | -1.27e+06    |
| time/                   |              |
|    fps                  | 835          |
|    time_elapsed         | 705          |
|    total_timesteps      | 590000       |
| train/                  |              |
|    approx_kl            | 5.050106e-05 |
|    clip_fraction        | 0            |
|    clip_range           | 0.2          |
|    entropy_loss         | -21.3        |
|    explained_variance   | -1.19e-07    |
|    learning_rate        | 0.0003       |
|    loss                 | 5.99e+10     |
|    n_updates            | 720          |
|    policy_gradient_loss | -0.000314    |
|    std                  | 1            |
|    value_loss           | 1.15e+11     |
------------------------------------------
------------------------------------------
| rollout/                |              |
|    ep_len_mean          | 53.5         |
|    ep_rew_mean          | -1.32e+06    |
| time/                   |              |
|    fps                  | 837          |
|    time_elapsed         | 716          |
|    total_timesteps      | 600000       |
| train/                  |              |
|    approx_kl            | 4.251697e-05 |
|    clip_fraction        | 0            |
|    clip_range           | 0.2          |
|    entropy_loss         | -21.3        |
|    explained_variance   | 2.38e-07     |
|    learning_rate        | 0.0003       |
|    loss                 | 5.27e+10     |
|    n_updates            | 730          |
|    policy_gradient_loss | -0.000255    |
|    std                  | 1            |
|    value_loss           | 1.09e+11     |
------------------------------------------
------------------------------------------
| rollout/                |              |
|    ep_len_mean          | 51.5         |
|    ep_rew_mean          | -1.28e+06    |
| time/                   |              |
|    fps                  | 838          |
|    time_elapsed         | 727          |
|    total_timesteps      | 610000       |
| train/                  |              |
|    approx_kl            | 6.889939e-05 |
|    clip_fraction        | 0            |
|    clip_range           | 0.2          |
|    entropy_loss         | -21.3        |
|    explained_variance   | 0            |
|    learning_rate        | 0.0003       |
|    loss                 | 5.52e+10     |
|    n_updates            | 740          |
|    policy_gradient_loss | -0.00039     |
|    std                  | 1            |
|    value_loss           | 1.12e+11     |
------------------------------------------
-------------------------------------------
| rollout/                |               |
|    ep_len_mean          | 50.3          |
|    ep_rew_mean          | -1.24e+06     |
| time/                   |               |
|    fps                  | 839           |
|    time_elapsed         | 738           |
|    total_timesteps      | 620000        |
| train/                  |               |
|    approx_kl            | 3.4092147e-05 |
|    clip_fraction        | 0             |
|    clip_range           | 0.2           |
|    entropy_loss         | -21.3         |
|    explained_variance   | 0             |
|    learning_rate        | 0.0003        |
|    loss                 | 5.01e+10      |
|    n_updates            | 750           |
|    policy_gradient_loss | -0.000204     |
|    std                  | 1             |
|    value_loss           | 1.05e+11      |
-------------------------------------------
-------------------------------------------
| rollout/                |               |
|    ep_len_mean          | 55.8          |
|    ep_rew_mean          | -1.39e+06     |
| time/                   |               |
|    fps                  | 840           |
|    time_elapsed         | 749           |
|    total_timesteps      | 630000        |
| train/                  |               |
|    approx_kl            | 3.7420956e-05 |
|    clip_fraction        | 0             |
|    clip_range           | 0.2           |
|    entropy_loss         | -21.3         |
|    explained_variance   | -1.19e-07     |
|    learning_rate        | 0.0003        |
|    loss                 | 4.98e+10      |
|    n_updates            | 760           |
|    policy_gradient_loss | -0.000227     |
|    std                  | 1             |
|    value_loss           | 1.05e+11      |
-------------------------------------------
------------------------------------------
| rollout/                |              |
|    ep_len_mean          | 41.9         |
|    ep_rew_mean          | -1.04e+06    |
| time/                   |              |
|    fps                  | 837          |
|    time_elapsed         | 763          |
|    total_timesteps      | 640000       |
| train/                  |              |
|    approx_kl            | 3.271777e-05 |
|    clip_fraction        | 0            |
|    clip_range           | 0.2          |
|    entropy_loss         | -21.3        |
|    explained_variance   | 0            |
|    learning_rate        | 0.0003       |
|    loss                 | 5.52e+10     |
|    n_updates            | 780          |
|    policy_gradient_loss | -0.000194    |
|    std                  | 1            |
|    value_loss           | 1.07e+11     |
------------------------------------------
-------------------------------------------
| rollout/                |               |
|    ep_len_mean          | 39.2          |
|    ep_rew_mean          | -9.68e+05     |
| time/                   |               |
|    fps                  | 839           |
|    time_elapsed         | 774           |
|    total_timesteps      | 650000        |
| train/                  |               |
|    approx_kl            | 3.3254444e-05 |
|    clip_fraction        | 0             |
|    clip_range           | 0.2           |
|    entropy_loss         | -21.3         |
|    explained_variance   | 0             |
|    learning_rate        | 0.0003        |
|    loss                 | 4.76e+10      |
|    n_updates            | 790           |
|    policy_gradient_loss | -0.000183     |
|    std                  | 1             |
|    value_loss           | 9.98e+10      |
-------------------------------------------
------------------------------------------
| rollout/                |              |
|    ep_len_mean          | 50.8         |
|    ep_rew_mean          | -1.25e+06    |
| time/                   |              |
|    fps                  | 840          |
|    time_elapsed         | 785          |
|    total_timesteps      | 660000       |
| train/                  |              |
|    approx_kl            | 4.593748e-05 |
|    clip_fraction        | 0            |
|    clip_range           | 0.2          |
|    entropy_loss         | -21.3        |
|    explained_variance   | 0            |
|    learning_rate        | 0.0003       |
|    loss                 | 5.26e+10     |
|    n_updates            | 800          |
|    policy_gradient_loss | -0.000237    |
|    std                  | 1            |
|    value_loss           | 9.94e+10     |
------------------------------------------
-------------------------------------------
| rollout/                |               |
|    ep_len_mean          | 40            |
|    ep_rew_mean          | -9.95e+05     |
| time/                   |               |
|    fps                  | 842           |
|    time_elapsed         | 795           |
|    total_timesteps      | 670000        |
| train/                  |               |
|    approx_kl            | 5.5859447e-05 |
|    clip_fraction        | 0             |
|    clip_range           | 0.2           |
|    entropy_loss         | -21.3         |
|    explained_variance   | 0             |
|    learning_rate        | 0.0003        |
|    loss                 | 5.54e+10      |
|    n_updates            | 810           |
|    policy_gradient_loss | -0.000317     |
|    std                  | 1             |
|    value_loss           | 1.09e+11      |
-------------------------------------------
-----------------------------------------
| rollout/                |             |
|    ep_len_mean          | 51          |
|    ep_rew_mean          | -1.25e+06   |
| time/                   |             |
|    fps                  | 839         |
|    time_elapsed         | 810         |
|    total_timesteps      | 680000      |
| train/                  |             |
|    approx_kl            | 6.54273e-05 |
|    clip_fraction        | 0           |
|    clip_range           | 0.2         |
|    entropy_loss         | -21.3       |
|    explained_variance   | -2.38e-07   |
|    learning_rate        | 0.0003      |
|    loss                 | 6.27e+10    |
|    n_updates            | 830         |
|    policy_gradient_loss | -0.000386   |
|    std                  | 1           |
|    value_loss           | 1.12e+11    |
-----------------------------------------
-------------------------------------------
| rollout/                |               |
|    ep_len_mean          | 52.5          |
|    ep_rew_mean          | -1.29e+06     |
| time/                   |               |
|    fps                  | 840           |
|    time_elapsed         | 820           |
|    total_timesteps      | 690000        |
| train/                  |               |
|    approx_kl            | 2.7424605e-05 |
|    clip_fraction        | 0             |
|    clip_range           | 0.2           |
|    entropy_loss         | -21.3         |
|    explained_variance   | 0             |
|    learning_rate        | 0.0003        |
|    loss                 | 6.4e+10       |
|    n_updates            | 840           |
|    policy_gradient_loss | -0.00018      |
|    std                  | 1             |
|    value_loss           | 1.12e+11      |
-------------------------------------------
-------------------------------------------
| rollout/                |               |
|    ep_len_mean          | 53.1          |
|    ep_rew_mean          | -1.31e+06     |
| time/                   |               |
|    fps                  | 842           |
|    time_elapsed         | 830           |
|    total_timesteps      | 700000        |
| train/                  |               |
|    approx_kl            | 4.7754715e-05 |
|    clip_fraction        | 0             |
|    clip_range           | 0.2           |
|    entropy_loss         | -21.3         |
|    explained_variance   | 0             |
|    learning_rate        | 0.0003        |
|    loss                 | 5.65e+10      |
|    n_updates            | 850           |
|    policy_gradient_loss | -0.000283     |
|    std                  | 1             |
|    value_loss           | 1.1e+11       |
-------------------------------------------
------------------------------------------
| rollout/                |              |
|    ep_len_mean          | 56.6         |
|    ep_rew_mean          | -1.4e+06     |
| time/                   |              |
|    fps                  | 844          |
|    time_elapsed         | 841          |
|    total_timesteps      | 710000       |
| train/                  |              |
|    approx_kl            | 4.845427e-05 |
|    clip_fraction        | 0            |
|    clip_range           | 0.2          |
|    entropy_loss         | -21.3        |
|    explained_variance   | 0            |
|    learning_rate        | 0.0003       |
|    loss                 | 5.44e+10     |
|    n_updates            | 860          |
|    policy_gradient_loss | -0.000283    |
|    std                  | 1            |
|    value_loss           | 1.1e+11      |
------------------------------------------
-------------------------------------------
| rollout/                |               |
|    ep_len_mean          | 47.8          |
|    ep_rew_mean          | -1.18e+06     |
| time/                   |               |
|    fps                  | 845           |
|    time_elapsed         | 851           |
|    total_timesteps      | 720000        |
| train/                  |               |
|    approx_kl            | 3.6170662e-05 |
|    clip_fraction        | 0             |
|    clip_range           | 0.2           |
|    entropy_loss         | -21.3         |
|    explained_variance   | 0             |
|    learning_rate        | 0.0003        |
|    loss                 | 5.14e+10      |
|    n_updates            | 870           |
|    policy_gradient_loss | -0.000235     |
|    std                  | 1             |
|    value_loss           | 1.12e+11      |
-------------------------------------------
-------------------------------------------
| rollout/                |               |
|    ep_len_mean          | 43.2          |
|    ep_rew_mean          | -1.07e+06     |
| time/                   |               |
|    fps                  | 842           |
|    time_elapsed         | 866           |
|    total_timesteps      | 730000        |
| train/                  |               |
|    approx_kl            | 4.2452957e-05 |
|    clip_fraction        | 0             |
|    clip_range           | 0.2           |
|    entropy_loss         | -21.3         |
|    explained_variance   | 1.19e-07      |
|    learning_rate        | 0.0003        |
|    loss                 | 5.59e+10      |
|    n_updates            | 890           |
|    policy_gradient_loss | -0.000259     |
|    std                  | 1             |
|    value_loss           | 1.1e+11       |
-------------------------------------------
------------------------------------------
| rollout/                |              |
|    ep_len_mean          | 53.3         |
|    ep_rew_mean          | -1.31e+06    |
| time/                   |              |
|    fps                  | 843          |
|    time_elapsed         | 876          |
|    total_timesteps      | 740000       |
| train/                  |              |
|    approx_kl            | 3.165062e-05 |
|    clip_fraction        | 0            |
|    clip_range           | 0.2          |
|    entropy_loss         | -21.3        |
|    explained_variance   | 0            |
|    learning_rate        | 0.0003       |
|    loss                 | 5.6e+10      |
|    n_updates            | 900          |
|    policy_gradient_loss | -0.000221    |
|    std                  | 1            |
|    value_loss           | 1.09e+11     |
------------------------------------------
------------------------------------------
| rollout/                |              |
|    ep_len_mean          | 48.5         |
|    ep_rew_mean          | -1.2e+06     |
| time/                   |              |
|    fps                  | 845          |
|    time_elapsed         | 887          |
|    total_timesteps      | 750000       |
| train/                  |              |
|    approx_kl            | 5.496639e-05 |
|    clip_fraction        | 0            |
|    clip_range           | 0.2          |
|    entropy_loss         | -21.3        |
|    explained_variance   | -2.38e-07    |
|    learning_rate        | 0.0003       |
|    loss                 | 4.84e+10     |
|    n_updates            | 910          |
|    policy_gradient_loss | -0.000325    |
|    std                  | 1            |
|    value_loss           | 1.1e+11      |
------------------------------------------
-------------------------------------------
| rollout/                |               |
|    ep_len_mean          | 49.2          |
|    ep_rew_mean          | -1.23e+06     |
| time/                   |               |
|    fps                  | 846           |
|    time_elapsed         | 898           |
|    total_timesteps      | 760000        |
| train/                  |               |
|    approx_kl            | 4.5402798e-05 |
|    clip_fraction        | 0             |
|    clip_range           | 0.2           |
|    entropy_loss         | -21.3         |
|    explained_variance   | 1.19e-07      |
|    learning_rate        | 0.0003        |
|    loss                 | 5.4e+10       |
|    n_updates            | 920           |
|    policy_gradient_loss | -0.000254     |
|    std                  | 1             |
|    value_loss           | 1.06e+11      |
-------------------------------------------
-------------------------------------------
| rollout/                |               |
|    ep_len_mean          | 44.2          |
|    ep_rew_mean          | -1.09e+06     |
| time/                   |               |
|    fps                  | 847           |
|    time_elapsed         | 908           |
|    total_timesteps      | 770000        |
| train/                  |               |
|    approx_kl            | 3.9665603e-05 |
|    clip_fraction        | 0             |
|    clip_range           | 0.2           |
|    entropy_loss         | -21.3         |
|    explained_variance   | 0             |
|    learning_rate        | 0.0003        |
|    loss                 | 5.72e+10      |
|    n_updates            | 930           |
|    policy_gradient_loss | -0.000263     |
|    std                  | 1             |
|    value_loss           | 1.14e+11      |
-------------------------------------------
-------------------------------------------
| rollout/                |               |
|    ep_len_mean          | 55.9          |
|    ep_rew_mean          | -1.37e+06     |
| time/                   |               |
|    fps                  | 844           |
|    time_elapsed         | 923           |
|    total_timesteps      | 780000        |
| train/                  |               |
|    approx_kl            | 4.1891486e-05 |
|    clip_fraction        | 0             |
|    clip_range           | 0.2           |
|    entropy_loss         | -21.3         |
|    explained_variance   | 0             |
|    learning_rate        | 0.0003        |
|    loss                 | 5.18e+10      |
|    n_updates            | 950           |
|    policy_gradient_loss | -0.000258     |
|    std                  | 1             |
|    value_loss           | 1.12e+11      |
-------------------------------------------
-------------------------------------------
| rollout/                |               |
|    ep_len_mean          | 45.4          |
|    ep_rew_mean          | -1.13e+06     |
| time/                   |               |
|    fps                  | 845           |
|    time_elapsed         | 933           |
|    total_timesteps      | 790000        |
| train/                  |               |
|    approx_kl            | 9.8656674e-05 |
|    clip_fraction        | 0             |
|    clip_range           | 0.2           |
|    entropy_loss         | -21.3         |
|    explained_variance   | 0             |
|    learning_rate        | 0.0003        |
|    loss                 | 5.16e+10      |
|    n_updates            | 960           |
|    policy_gradient_loss | -0.000528     |
|    std                  | 1             |
|    value_loss           | 1.04e+11      |
-------------------------------------------
------------------------------------------
| rollout/                |              |
|    ep_len_mean          | 52.2         |
|    ep_rew_mean          | -1.28e+06    |
| time/                   |              |
|    fps                  | 847          |
|    time_elapsed         | 944          |
|    total_timesteps      | 800000       |
| train/                  |              |
|    approx_kl            | 6.400923e-05 |
|    clip_fraction        | 0            |
|    clip_range           | 0.2          |
|    entropy_loss         | -21.3        |
|    explained_variance   | -1.19e-07    |
|    learning_rate        | 0.0003       |
|    loss                 | 5.73e+10     |
|    n_updates            | 970          |
|    policy_gradient_loss | -0.000373    |
|    std                  | 1            |
|    value_loss           | 1.12e+11     |
------------------------------------------
------------------------------------------
| rollout/                |              |
|    ep_len_mean          | 49.8         |
|    ep_rew_mean          | -1.22e+06    |
| time/                   |              |
|    fps                  | 848          |
|    time_elapsed         | 954          |
|    total_timesteps      | 810000       |
| train/                  |              |
|    approx_kl            | 6.830048e-05 |
|    clip_fraction        | 0            |
|    clip_range           | 0.2          |
|    entropy_loss         | -21.3        |
|    explained_variance   | 0            |
|    learning_rate        | 0.0003       |
|    loss                 | 5.36e+10     |
|    n_updates            | 980          |
|    policy_gradient_loss | -0.000372    |
|    std                  | 1            |
|    value_loss           | 1.05e+11     |
------------------------------------------
-------------------------------------------
| rollout/                |               |
|    ep_len_mean          | 45.7          |
|    ep_rew_mean          | -1.13e+06     |
| time/                   |               |
|    fps                  | 843           |
|    time_elapsed         | 972           |
|    total_timesteps      | 820000        |
| train/                  |               |
|    approx_kl            | 3.0916177e-05 |
|    clip_fraction        | 0             |
|    clip_range           | 0.2           |
|    entropy_loss         | -21.3         |
|    explained_variance   | 0             |
|    learning_rate        | 0.0003        |
|    loss                 | 5.43e+10      |
|    n_updates            | 1000          |
|    policy_gradient_loss | -0.000195     |
|    std                  | 1             |
|    value_loss           | 1.07e+11      |
-------------------------------------------
-------------------------------------------
| rollout/                |               |
|    ep_len_mean          | 39.7          |
|    ep_rew_mean          | -9.82e+05     |
| time/                   |               |
|    fps                  | 844           |
|    time_elapsed         | 982           |
|    total_timesteps      | 830000        |
| train/                  |               |
|    approx_kl            | 5.8134683e-05 |
|    clip_fraction        | 0             |
|    clip_range           | 0.2           |
|    entropy_loss         | -21.3         |
|    explained_variance   | 0             |
|    learning_rate        | 0.0003        |
|    loss                 | 4.82e+10      |
|    n_updates            | 1010          |
|    policy_gradient_loss | -0.000314     |
|    std                  | 1             |
|    value_loss           | 9.98e+10      |
-------------------------------------------
-------------------------------------------
| rollout/                |               |
|    ep_len_mean          | 50.1          |
|    ep_rew_mean          | -1.24e+06     |
| time/                   |               |
|    fps                  | 846           |
|    time_elapsed         | 992           |
|    total_timesteps      | 840000        |
| train/                  |               |
|    approx_kl            | 5.8609003e-05 |
|    clip_fraction        | 0             |
|    clip_range           | 0.2           |
|    entropy_loss         | -21.3         |
|    explained_variance   | 0             |
|    learning_rate        | 0.0003        |
|    loss                 | 4.84e+10      |
|    n_updates            | 1020          |
|    policy_gradient_loss | -0.000333     |
|    std                  | 1             |
|    value_loss           | 1.02e+11      |
-------------------------------------------
-------------------------------------------
| rollout/                |               |
|    ep_len_mean          | 49.8          |
|    ep_rew_mean          | -1.23e+06     |
| time/                   |               |
|    fps                  | 847           |
|    time_elapsed         | 1003          |
|    total_timesteps      | 850000        |
| train/                  |               |
|    approx_kl            | 4.0621184e-05 |
|    clip_fraction        | 0             |
|    clip_range           | 0.2           |
|    entropy_loss         | -21.3         |
|    explained_variance   | 1.19e-07      |
|    learning_rate        | 0.0003        |
|    loss                 | 5.02e+10      |
|    n_updates            | 1030          |
|    policy_gradient_loss | -0.000255     |
|    std                  | 1             |
|    value_loss           | 1.11e+11      |
-------------------------------------------
------------------------------------------
| rollout/                |              |
|    ep_len_mean          | 40.5         |
|    ep_rew_mean          | -9.97e+05    |
| time/                   |              |
|    fps                  | 848          |
|    time_elapsed         | 1013         |
|    total_timesteps      | 860000       |
| train/                  |              |
|    approx_kl            | 2.810824e-05 |
|    clip_fraction        | 0            |
|    clip_range           | 0.2          |
|    entropy_loss         | -21.3        |
|    explained_variance   | 0            |
|    learning_rate        | 0.0003       |
|    loss                 | 5.81e+10     |
|    n_updates            | 1040         |
|    policy_gradient_loss | -0.000171    |
|    std                  | 1            |
|    value_loss           | 1.07e+11     |
------------------------------------------
-------------------------------------------
| rollout/                |               |
|    ep_len_mean          | 48.3          |
|    ep_rew_mean          | -1.2e+06      |
| time/                   |               |
|    fps                  | 845           |
|    time_elapsed         | 1028          |
|    total_timesteps      | 870000        |
| train/                  |               |
|    approx_kl            | 4.6594447e-05 |
|    clip_fraction        | 0             |
|    clip_range           | 0.2           |
|    entropy_loss         | -21.3         |
|    explained_variance   | 1.19e-07      |
|    learning_rate        | 0.0003        |
|    loss                 | 5.56e+10      |
|    n_updates            | 1060          |
|    policy_gradient_loss | -0.000277     |
|    std                  | 1             |
|    value_loss           | 1.07e+11      |
-------------------------------------------
-------------------------------------------
| rollout/                |               |
|    ep_len_mean          | 51.6          |
|    ep_rew_mean          | -1.27e+06     |
| time/                   |               |
|    fps                  | 846           |
|    time_elapsed         | 1039          |
|    total_timesteps      | 880000        |
| train/                  |               |
|    approx_kl            | 1.7505205e-05 |
|    clip_fraction        | 0             |
|    clip_range           | 0.2           |
|    entropy_loss         | -21.3         |
|    explained_variance   | 0             |
|    learning_rate        | 0.0003        |
|    loss                 | 5.63e+10      |
|    n_updates            | 1070          |
|    policy_gradient_loss | -0.000138     |
|    std                  | 1             |
|    value_loss           | 1.04e+11      |
-------------------------------------------
-------------------------------------------
| rollout/                |               |
|    ep_len_mean          | 43.5          |
|    ep_rew_mean          | -1.08e+06     |
| time/                   |               |
|    fps                  | 847           |
|    time_elapsed         | 1049          |
|    total_timesteps      | 890000        |
| train/                  |               |
|    approx_kl            | 4.1441162e-05 |
|    clip_fraction        | 0             |
|    clip_range           | 0.2           |
|    entropy_loss         | -21.3         |
|    explained_variance   | 0             |
|    learning_rate        | 0.0003        |
|    loss                 | 5.23e+10      |
|    n_updates            | 1080          |
|    policy_gradient_loss | -0.000244     |
|    std                  | 1             |
|    value_loss           | 1.08e+11      |
-------------------------------------------
------------------------------------------
| rollout/                |              |
|    ep_len_mean          | 40           |
|    ep_rew_mean          | -9.99e+05    |
| time/                   |              |
|    fps                  | 848          |
|    time_elapsed         | 1060         |
|    total_timesteps      | 900000       |
| train/                  |              |
|    approx_kl            | 7.048654e-05 |
|    clip_fraction        | 0            |
|    clip_range           | 0.2          |
|    entropy_loss         | -21.3        |
|    explained_variance   | 1.19e-07     |
|    learning_rate        | 0.0003       |
|    loss                 | 4.96e+10     |
|    n_updates            | 1090         |
|    policy_gradient_loss | -0.000383    |
|    std                  | 1            |
|    value_loss           | 1.03e+11     |
------------------------------------------
------------------------------------------
| rollout/                |              |
|    ep_len_mean          | 42.3         |
|    ep_rew_mean          | -1.05e+06    |
| time/                   |              |
|    fps                  | 846          |
|    time_elapsed         | 1074         |
|    total_timesteps      | 910000       |
| train/                  |              |
|    approx_kl            | 4.564773e-05 |
|    clip_fraction        | 0            |
|    clip_range           | 0.2          |
|    entropy_loss         | -21.3        |
|    explained_variance   | -2.38e-07    |
|    learning_rate        | 0.0003       |
|    loss                 | 5.33e+10     |
|    n_updates            | 1110         |
|    policy_gradient_loss | -0.000272    |
|    std                  | 1            |
|    value_loss           | 1.02e+11     |
------------------------------------------
-------------------------------------------
| rollout/                |               |
|    ep_len_mean          | 47.5          |
|    ep_rew_mean          | -1.17e+06     |
| time/                   |               |
|    fps                  | 847           |
|    time_elapsed         | 1085          |
|    total_timesteps      | 920000        |
| train/                  |               |
|    approx_kl            | 4.0758227e-05 |
|    clip_fraction        | 0             |
|    clip_range           | 0.2           |
|    entropy_loss         | -21.3         |
|    explained_variance   | 1.19e-07      |
|    learning_rate        | 0.0003        |
|    loss                 | 4.75e+10      |
|    n_updates            | 1120          |
|    policy_gradient_loss | -0.000252     |
|    std                  | 1             |
|    value_loss           | 1.03e+11      |
-------------------------------------------
------------------------------------------
| rollout/                |              |
|    ep_len_mean          | 46.4         |
|    ep_rew_mean          | -1.15e+06    |
| time/                   |              |
|    fps                  | 848          |
|    time_elapsed         | 1095         |
|    total_timesteps      | 930000       |
| train/                  |              |
|    approx_kl            | 3.981174e-05 |
|    clip_fraction        | 0            |
|    clip_range           | 0.2          |
|    entropy_loss         | -21.3        |
|    explained_variance   | 0            |
|    learning_rate        | 0.0003       |
|    loss                 | 5.25e+10     |
|    n_updates            | 1130         |
|    policy_gradient_loss | -0.000239    |
|    std                  | 1            |
|    value_loss           | 1.1e+11      |
------------------------------------------
-------------------------------------------
| rollout/                |               |
|    ep_len_mean          | 45.9          |
|    ep_rew_mean          | -1.14e+06     |
| time/                   |               |
|    fps                  | 849           |
|    time_elapsed         | 1106          |
|    total_timesteps      | 940000        |
| train/                  |               |
|    approx_kl            | 5.7252088e-05 |
|    clip_fraction        | 0             |
|    clip_range           | 0.2           |
|    entropy_loss         | -21.3         |
|    explained_variance   | -1.19e-07     |
|    learning_rate        | 0.0003        |
|    loss                 | 5.19e+10      |
|    n_updates            | 1140          |
|    policy_gradient_loss | -0.00032      |
|    std                  | 1             |
|    value_loss           | 1.03e+11      |
-------------------------------------------
-------------------------------------------
| rollout/                |               |
|    ep_len_mean          | 51.9          |
|    ep_rew_mean          | -1.27e+06     |
| time/                   |               |
|    fps                  | 850           |
|    time_elapsed         | 1116          |
|    total_timesteps      | 950000        |
| train/                  |               |
|    approx_kl            | 4.3436157e-05 |
|    clip_fraction        | 0             |
|    clip_range           | 0.2           |
|    entropy_loss         | -21.3         |
|    explained_variance   | 0             |
|    learning_rate        | 0.0003        |
|    loss                 | 5.1e+10       |
|    n_updates            | 1150          |
|    policy_gradient_loss | -0.000258     |
|    std                  | 1             |
|    value_loss           | 1.01e+11      |
-------------------------------------------
-----------------------------------------
| rollout/                |             |
|    ep_len_mean          | 48.2        |
|    ep_rew_mean          | -1.19e+06   |
| time/                   |             |
|    fps                  | 848         |
|    time_elapsed         | 1131        |
|    total_timesteps      | 960000      |
| train/                  |             |
|    approx_kl            | 7.21708e-05 |
|    clip_fraction        | 0           |
|    clip_range           | 0.2         |
|    entropy_loss         | -21.3       |
|    explained_variance   | -1.19e-07   |
|    learning_rate        | 0.0003      |
|    loss                 | 5.46e+10    |
|    n_updates            | 1170        |
|    policy_gradient_loss | -0.000391   |
|    std                  | 1           |
|    value_loss           | 1.09e+11    |
-----------------------------------------
------------------------------------------
| rollout/                |              |
|    ep_len_mean          | 53.9         |
|    ep_rew_mean          | -1.32e+06    |
| time/                   |              |
|    fps                  | 849          |
|    time_elapsed         | 1142         |
|    total_timesteps      | 970000       |
| train/                  |              |
|    approx_kl            | 5.335186e-05 |
|    clip_fraction        | 0            |
|    clip_range           | 0.2          |
|    entropy_loss         | -21.3        |
|    explained_variance   | 1.19e-07     |
|    learning_rate        | 0.0003       |
|    loss                 | 5.89e+10     |
|    n_updates            | 1180         |
|    policy_gradient_loss | -0.000291    |
|    std                  | 1            |
|    value_loss           | 1.07e+11     |
------------------------------------------
-------------------------------------------
| rollout/                |               |
|    ep_len_mean          | 50.1          |
|    ep_rew_mean          | -1.22e+06     |
| time/                   |               |
|    fps                  | 850           |
|    time_elapsed         | 1152          |
|    total_timesteps      | 980000        |
| train/                  |               |
|    approx_kl            | 2.8831266e-05 |
|    clip_fraction        | 0             |
|    clip_range           | 0.2           |
|    entropy_loss         | -21.3         |
|    explained_variance   | 0             |
|    learning_rate        | 0.0003        |
|    loss                 | 5.64e+10      |
|    n_updates            | 1190          |
|    policy_gradient_loss | -0.000185     |
|    std                  | 1             |
|    value_loss           | 1.11e+11      |
-------------------------------------------
------------------------------------------
| rollout/                |              |
|    ep_len_mean          | 33.7         |
|    ep_rew_mean          | -8.46e+05    |
| time/                   |              |
|    fps                  | 850          |
|    time_elapsed         | 1163         |
|    total_timesteps      | 990000       |
| train/                  |              |
|    approx_kl            | 3.672512e-05 |
|    clip_fraction        | 0            |
|    clip_range           | 0.2          |
|    entropy_loss         | -21.3        |
|    explained_variance   | 0            |
|    learning_rate        | 0.0003       |
|    loss                 | 5.01e+10     |
|    n_updates            | 1200         |
|    policy_gradient_loss | -0.000221    |
|    std                  | 1            |
|    value_loss           | 1.05e+11     |
------------------------------------------
-------------------------------------------
| rollout/                |               |
|    ep_len_mean          | 43.9          |
|    ep_rew_mean          | -1.09e+06     |
| time/                   |               |
|    fps                  | 848           |
|    time_elapsed         | 1178          |
|    total_timesteps      | 1000000       |
| train/                  |               |
|    approx_kl            | 3.5069075e-05 |
|    clip_fraction        | 0             |
|    clip_range           | 0.2           |
|    entropy_loss         | -21.3         |
|    explained_variance   | 0             |
|    learning_rate        | 0.0003        |
|    loss                 | 5.46e+10      |
|    n_updates            | 1220          |
|    policy_gradient_loss | -0.000198     |
|    std                  | 1             |
|    value_loss           | 1.03e+11      |
-------------------------------------------
Training ended on Tue Jan 27 16:40:54 2026
Training lasted 0:19:47.650647
