Logging to training_default_logs/5_robots/logs/TQC_set7
Using cpu device
Training started on Tue Jan 27 16:21:15 2026
Experiment configuration: {'algorithm': 'TQC', 'set': 7, 'verbose': 1, 'steps': 1000000, 'num_robots': 5, 'num_envs': 4, 'seed': 33, 'log_steps': 10000, 'resume': False, 'device': 'cpu'}
----------------------------------
| rollout/           |           |
|    ep_len_mean     | 14.9      |
|    ep_rew_mean     | -6.98e+05 |
| time/              |           |
|    episodes        | 501       |
|    fps             | 144       |
|    time_elapsed    | 69        |
|    total_timesteps | 10000     |
| train/             |           |
|    actor_loss      | 4.01e+05  |
|    critic_loss     | 1.15e+04  |
|    ent_coef        | 1.98      |
|    ent_coef_loss   | -35.3     |
|    learning_rate   | 0.0003    |
|    n_updates       | 2474      |
----------------------------------
----------------------------------
| rollout/           |           |
|    ep_len_mean     | 5         |
|    ep_rew_mean     | -1.93e+05 |
| time/              |           |
|    episodes        | 2501      |
|    fps             | 146       |
|    time_elapsed    | 136       |
|    total_timesteps | 20000     |
| train/             |           |
|    actor_loss      | 5.06e+05  |
|    critic_loss     | 3.3e+04   |
|    ent_coef        | 4.68      |
|    ent_coef_loss   | -93.5     |
|    learning_rate   | 0.0003    |
|    n_updates       | 4974      |
----------------------------------
----------------------------------
| rollout/           |           |
|    ep_len_mean     | 5.26      |
|    ep_rew_mean     | -2.03e+05 |
| time/              |           |
|    episodes        | 3755      |
|    fps             | 150       |
|    time_elapsed    | 199       |
|    total_timesteps | 30000     |
| train/             |           |
|    actor_loss      | 3.06e+05  |
|    critic_loss     | 9.71e+03  |
|    ent_coef        | 9.65      |
|    ent_coef_loss   | -101      |
|    learning_rate   | 0.0003    |
|    n_updates       | 7474      |
----------------------------------
----------------------------------
| rollout/           |           |
|    ep_len_mean     | 5         |
|    ep_rew_mean     | -1.95e+05 |
| time/              |           |
|    episodes        | 5603      |
|    fps             | 152       |
|    time_elapsed    | 262       |
|    total_timesteps | 40000     |
| train/             |           |
|    actor_loss      | 3.92e+05  |
|    critic_loss     | 1.01e+04  |
|    ent_coef        | 18.7      |
|    ent_coef_loss   | -110      |
|    learning_rate   | 0.0003    |
|    n_updates       | 9974      |
----------------------------------
----------------------------------
| rollout/           |           |
|    ep_len_mean     | 5         |
|    ep_rew_mean     | -1.94e+05 |
| time/              |           |
|    episodes        | 7603      |
|    fps             | 151       |
|    time_elapsed    | 329       |
|    total_timesteps | 50000     |
| train/             |           |
|    actor_loss      | 3.91e+05  |
|    critic_loss     | 9.62e+03  |
|    ent_coef        | 36.7      |
|    ent_coef_loss   | -98.1     |
|    learning_rate   | 0.0003    |
|    n_updates       | 12474     |
----------------------------------
----------------------------------
| rollout/           |           |
|    ep_len_mean     | 5         |
|    ep_rew_mean     | -1.94e+05 |
| time/              |           |
|    episodes        | 9603      |
|    fps             | 150       |
|    time_elapsed    | 398       |
|    total_timesteps | 60000     |
| train/             |           |
|    actor_loss      | 4.66e+05  |
|    critic_loss     | 7.92e+03  |
|    ent_coef        | 69.4      |
|    ent_coef_loss   | -73.6     |
|    learning_rate   | 0.0003    |
|    n_updates       | 14974     |
----------------------------------
----------------------------------
| rollout/           |           |
|    ep_len_mean     | 5.02      |
|    ep_rew_mean     | -1.93e+05 |
| time/              |           |
|    episodes        | 11297     |
|    fps             | 150       |
|    time_elapsed    | 464       |
|    total_timesteps | 70000     |
| train/             |           |
|    actor_loss      | 3.63e+05  |
|    critic_loss     | 7.89e+03  |
|    ent_coef        | 119       |
|    ent_coef_loss   | -36.5     |
|    learning_rate   | 0.0003    |
|    n_updates       | 17474     |
----------------------------------
----------------------------------
| rollout/           |           |
|    ep_len_mean     | 15.1      |
|    ep_rew_mean     | -6.97e+05 |
| time/              |           |
|    episodes        | 12407     |
|    fps             | 150       |
|    time_elapsed    | 532       |
|    total_timesteps | 80000     |
| train/             |           |
|    actor_loss      | 5.2e+05   |
|    critic_loss     | 6.21e+03  |
|    ent_coef        | 179       |
|    ent_coef_loss   | -13.3     |
|    learning_rate   | 0.0003    |
|    n_updates       | 19974     |
----------------------------------
----------------------------------
| rollout/           |           |
|    ep_len_mean     | 5.1       |
|    ep_rew_mean     | -1.95e+05 |
| time/              |           |
|    episodes        | 13964     |
|    fps             | 150       |
|    time_elapsed    | 597       |
|    total_timesteps | 90000     |
| train/             |           |
|    actor_loss      | 5.9e+05   |
|    critic_loss     | 6.14e+03  |
|    ent_coef        | 208       |
|    ent_coef_loss   | 3.31      |
|    learning_rate   | 0.0003    |
|    n_updates       | 22474     |
----------------------------------
----------------------------------
| rollout/           |           |
|    ep_len_mean     | 5.12      |
|    ep_rew_mean     | -1.96e+05 |
| time/              |           |
|    episodes        | 15727     |
|    fps             | 151       |
|    time_elapsed    | 661       |
|    total_timesteps | 100000    |
| train/             |           |
|    actor_loss      | 6.26e+05  |
|    critic_loss     | 1.29e+04  |
|    ent_coef        | 212       |
|    ent_coef_loss   | -0.422    |
|    learning_rate   | 0.0003    |
|    n_updates       | 24974     |
----------------------------------
----------------------------------
| rollout/           |           |
|    ep_len_mean     | 5.12      |
|    ep_rew_mean     | -1.96e+05 |
| time/              |           |
|    episodes        | 17480     |
|    fps             | 151       |
|    time_elapsed    | 727       |
|    total_timesteps | 110000    |
| train/             |           |
|    actor_loss      | 6.21e+05  |
|    critic_loss     | 4.56e+03  |
|    ent_coef        | 207       |
|    ent_coef_loss   | -2.57     |
|    learning_rate   | 0.0003    |
|    n_updates       | 27474     |
----------------------------------
----------------------------------
| rollout/           |           |
|    ep_len_mean     | 5.02      |
|    ep_rew_mean     | -1.93e+05 |
| time/              |           |
|    episodes        | 19173     |
|    fps             | 151       |
|    time_elapsed    | 791       |
|    total_timesteps | 120000    |
| train/             |           |
|    actor_loss      | 7.88e+05  |
|    critic_loss     | 5.28e+03  |
|    ent_coef        | 193       |
|    ent_coef_loss   | 0.0368    |
|    learning_rate   | 0.0003    |
|    n_updates       | 29974     |
----------------------------------
----------------------------------
| rollout/           |           |
|    ep_len_mean     | 5.04      |
|    ep_rew_mean     | -1.95e+05 |
| time/              |           |
|    episodes        | 21031     |
|    fps             | 151       |
|    time_elapsed    | 857       |
|    total_timesteps | 130000    |
| train/             |           |
|    actor_loss      | 6.55e+05  |
|    critic_loss     | 1.5e+04   |
|    ent_coef        | 182       |
|    ent_coef_loss   | 0.467     |
|    learning_rate   | 0.0003    |
|    n_updates       | 32474     |
----------------------------------
----------------------------------
| rollout/           |           |
|    ep_len_mean     | 5.04      |
|    ep_rew_mean     | -1.94e+05 |
| time/              |           |
|    episodes        | 23008     |
|    fps             | 151       |
|    time_elapsed    | 925       |
|    total_timesteps | 140000    |
| train/             |           |
|    actor_loss      | 6.8e+05   |
|    critic_loss     | 1.15e+04  |
|    ent_coef        | 172       |
|    ent_coef_loss   | -0.526    |
|    learning_rate   | 0.0003    |
|    n_updates       | 34974     |
----------------------------------
---------------------------------
| rollout/           |          |
|    ep_len_mean     | 5        |
|    ep_rew_mean     | -1.9e+05 |
| time/              |          |
|    episodes        | 24901    |
|    fps             | 151      |
|    time_elapsed    | 991      |
|    total_timesteps | 150000   |
| train/             |          |
|    actor_loss      | 6.88e+05 |
|    critic_loss     | 4.33e+03 |
|    ent_coef        | 155      |
|    ent_coef_loss   | -0.689   |
|    learning_rate   | 0.0003   |
|    n_updates       | 37474    |
---------------------------------
----------------------------------
| rollout/           |           |
|    ep_len_mean     | 44.3      |
|    ep_rew_mean     | -2.16e+06 |
| time/              |           |
|    episodes        | 25891     |
|    fps             | 151       |
|    time_elapsed    | 1055      |
|    total_timesteps | 160000    |
| train/             |           |
|    actor_loss      | 6.92e+05  |
|    critic_loss     | 4.48e+03  |
|    ent_coef        | 128       |
|    ent_coef_loss   | -1.14     |
|    learning_rate   | 0.0003    |
|    n_updates       | 39974     |
----------------------------------
----------------------------------
| rollout/           |           |
|    ep_len_mean     | 137       |
|    ep_rew_mean     | -6.79e+06 |
| time/              |           |
|    episodes        | 25957     |
|    fps             | 151       |
|    time_elapsed    | 1119      |
|    total_timesteps | 170000    |
| train/             |           |
|    actor_loss      | 8.87e+05  |
|    critic_loss     | 9.37e+03  |
|    ent_coef        | 122       |
|    ent_coef_loss   | 0.736     |
|    learning_rate   | 0.0003    |
|    n_updates       | 42474     |
----------------------------------
----------------------------------
| rollout/           |           |
|    ep_len_mean     | 17.3      |
|    ep_rew_mean     | -7.43e+05 |
| time/              |           |
|    episodes        | 26557     |
|    fps             | 152       |
|    time_elapsed    | 1182      |
|    total_timesteps | 180000    |
| train/             |           |
|    actor_loss      | 1.01e+06  |
|    critic_loss     | 3.18e+04  |
|    ent_coef        | 138       |
|    ent_coef_loss   | -0.00147  |
|    learning_rate   | 0.0003    |
|    n_updates       | 44974     |
----------------------------------
---------------------------------
| rollout/           |          |
|    ep_len_mean     | 6.9      |
|    ep_rew_mean     | -2.3e+05 |
| time/              |          |
|    episodes        | 27249    |
|    fps             | 152      |
|    time_elapsed    | 1245     |
|    total_timesteps | 190000   |
| train/             |          |
|    actor_loss      | 1.24e+06 |
|    critic_loss     | 2.37e+04 |
|    ent_coef        | 135      |
|    ent_coef_loss   | -0.424   |
|    learning_rate   | 0.0003   |
|    n_updates       | 47474    |
---------------------------------
----------------------------------
| rollout/           |           |
|    ep_len_mean     | 35.6      |
|    ep_rew_mean     | -1.69e+06 |
| time/              |           |
|    episodes        | 27699     |
|    fps             | 152       |
|    time_elapsed    | 1310      |
|    total_timesteps | 200000    |
| train/             |           |
|    actor_loss      | 1.18e+06  |
|    critic_loss     | 2.19e+04  |
|    ent_coef        | 134       |
|    ent_coef_loss   | -1.49     |
|    learning_rate   | 0.0003    |
|    n_updates       | 49974     |
----------------------------------
----------------------------------
| rollout/           |           |
|    ep_len_mean     | 135       |
|    ep_rew_mean     | -6.69e+06 |
| time/              |           |
|    episodes        | 27717     |
|    fps             | 152       |
|    time_elapsed    | 1373      |
|    total_timesteps | 210000    |
| train/             |           |
|    actor_loss      | 1.4e+06   |
|    critic_loss     | 3.07e+04  |
|    ent_coef        | 162       |
|    ent_coef_loss   | -2.2      |
|    learning_rate   | 0.0003    |
|    n_updates       | 52474     |
----------------------------------
----------------------------------
| rollout/           |           |
|    ep_len_mean     | 5.02      |
|    ep_rew_mean     | -1.92e+05 |
| time/              |           |
|    episodes        | 28694     |
|    fps             | 152       |
|    time_elapsed    | 1439      |
|    total_timesteps | 220000    |
| train/             |           |
|    actor_loss      | 1.54e+06  |
|    critic_loss     | 2.55e+04  |
|    ent_coef        | 218       |
|    ent_coef_loss   | 4.35      |
|    learning_rate   | 0.0003    |
|    n_updates       | 54974     |
----------------------------------
----------------------------------
| rollout/           |           |
|    ep_len_mean     | 5.17      |
|    ep_rew_mean     | -1.97e+05 |
| time/              |           |
|    episodes        | 30272     |
|    fps             | 152       |
|    time_elapsed    | 1505      |
|    total_timesteps | 230000    |
| train/             |           |
|    actor_loss      | 1.47e+06  |
|    critic_loss     | 4.27e+04  |
|    ent_coef        | 240       |
|    ent_coef_loss   | 3.92      |
|    learning_rate   | 0.0003    |
|    n_updates       | 57474     |
----------------------------------
----------------------------------
| rollout/           |           |
|    ep_len_mean     | 12.5      |
|    ep_rew_mean     | -5.55e+05 |
| time/              |           |
|    episodes        | 31807     |
|    fps             | 152       |
|    time_elapsed    | 1571      |
|    total_timesteps | 240000    |
| train/             |           |
|    actor_loss      | 1.44e+06  |
|    critic_loss     | 4.04e+04  |
|    ent_coef        | 259       |
|    ent_coef_loss   | 3.16      |
|    learning_rate   | 0.0003    |
|    n_updates       | 59974     |
----------------------------------
----------------------------------
| rollout/           |           |
|    ep_len_mean     | 48.8      |
|    ep_rew_mean     | -2.32e+06 |
| time/              |           |
|    episodes        | 32091     |
|    fps             | 152       |
|    time_elapsed    | 1636      |
|    total_timesteps | 250000    |
| train/             |           |
|    actor_loss      | 1.6e+06   |
|    critic_loss     | 4.86e+04  |
|    ent_coef        | 269       |
|    ent_coef_loss   | -0.582    |
|    learning_rate   | 0.0003    |
|    n_updates       | 62474     |
----------------------------------
----------------------------------
| rollout/           |           |
|    ep_len_mean     | 139       |
|    ep_rew_mean     | -6.84e+06 |
| time/              |           |
|    episodes        | 32126     |
|    fps             | 152       |
|    time_elapsed    | 1701      |
|    total_timesteps | 260000    |
| train/             |           |
|    actor_loss      | 1.72e+06  |
|    critic_loss     | 3.25e+04  |
|    ent_coef        | 262       |
|    ent_coef_loss   | -1.86     |
|    learning_rate   | 0.0003    |
|    n_updates       | 64974     |
----------------------------------
----------------------------------
| rollout/           |           |
|    ep_len_mean     | 13.2      |
|    ep_rew_mean     | -5.43e+05 |
| time/              |           |
|    episodes        | 32828     |
|    fps             | 152       |
|    time_elapsed    | 1768      |
|    total_timesteps | 270000    |
| train/             |           |
|    actor_loss      | 1.81e+06  |
|    critic_loss     | 5.11e+04  |
|    ent_coef        | 269       |
|    ent_coef_loss   | -0.718    |
|    learning_rate   | 0.0003    |
|    n_updates       | 67474     |
----------------------------------
----------------------------------
| rollout/           |           |
|    ep_len_mean     | 14        |
|    ep_rew_mean     | -5.17e+05 |
| time/              |           |
|    episodes        | 33566     |
|    fps             | 152       |
|    time_elapsed    | 1834      |
|    total_timesteps | 280000    |
| train/             |           |
|    actor_loss      | 1.81e+06  |
|    critic_loss     | 4.07e+04  |
|    ent_coef        | 317       |
|    ent_coef_loss   | 3.75      |
|    learning_rate   | 0.0003    |
|    n_updates       | 69974     |
----------------------------------
----------------------------------
| rollout/           |           |
|    ep_len_mean     | 43.6      |
|    ep_rew_mean     | -1.98e+06 |
| time/              |           |
|    episodes        | 33921     |
|    fps             | 152       |
|    time_elapsed    | 1902      |
|    total_timesteps | 290000    |
| train/             |           |
|    actor_loss      | 2e+06     |
|    critic_loss     | 5.8e+04   |
|    ent_coef        | 437       |
|    ent_coef_loss   | -5.59     |
|    learning_rate   | 0.0003    |
|    n_updates       | 72474     |
----------------------------------
----------------------------------
| rollout/           |           |
|    ep_len_mean     | 9.04      |
|    ep_rew_mean     | -3.61e+05 |
| time/              |           |
|    episodes        | 34076     |
|    fps             | 152       |
|    time_elapsed    | 1972      |
|    total_timesteps | 300000    |
| train/             |           |
|    actor_loss      | 1.86e+06  |
|    critic_loss     | 5.79e+04  |
|    ent_coef        | 406       |
|    ent_coef_loss   | 1.88      |
|    learning_rate   | 0.0003    |
|    n_updates       | 74974     |
----------------------------------
----------------------------------
| rollout/           |           |
|    ep_len_mean     | 5.31      |
|    ep_rew_mean     | -1.93e+05 |
| time/              |           |
|    episodes        | 34827     |
|    fps             | 152       |
|    time_elapsed    | 2039      |
|    total_timesteps | 310000    |
| train/             |           |
|    actor_loss      | 2.17e+06  |
|    critic_loss     | 8.17e+04  |
|    ent_coef        | 300       |
|    ent_coef_loss   | 2.63      |
|    learning_rate   | 0.0003    |
|    n_updates       | 77474     |
----------------------------------
----------------------------------
| rollout/           |           |
|    ep_len_mean     | 12.1      |
|    ep_rew_mean     | -4.55e+05 |
| time/              |           |
|    episodes        | 35457     |
|    fps             | 151       |
|    time_elapsed    | 2107      |
|    total_timesteps | 320000    |
| train/             |           |
|    actor_loss      | 1.94e+06  |
|    critic_loss     | 9.24e+04  |
|    ent_coef        | 343       |
|    ent_coef_loss   | -3.96     |
|    learning_rate   | 0.0003    |
|    n_updates       | 79974     |
----------------------------------
----------------------------------
| rollout/           |           |
|    ep_len_mean     | 67.7      |
|    ep_rew_mean     | -3.09e+06 |
| time/              |           |
|    episodes        | 35567     |
|    fps             | 151       |
|    time_elapsed    | 2177      |
|    total_timesteps | 330000    |
| train/             |           |
|    actor_loss      | 1.98e+06  |
|    critic_loss     | 7.56e+04  |
|    ent_coef        | 375       |
|    ent_coef_loss   | -6.23     |
|    learning_rate   | 0.0003    |
|    n_updates       | 82474     |
----------------------------------
----------------------------------
| rollout/           |           |
|    ep_len_mean     | 27.7      |
|    ep_rew_mean     | -1.12e+06 |
| time/              |           |
|    episodes        | 36063     |
|    fps             | 151       |
|    time_elapsed    | 2247      |
|    total_timesteps | 340000    |
| train/             |           |
|    actor_loss      | 2.21e+06  |
|    critic_loss     | 8.01e+04  |
|    ent_coef        | 446       |
|    ent_coef_loss   | -0.292    |
|    learning_rate   | 0.0003    |
|    n_updates       | 84974     |
----------------------------------
----------------------------------
| rollout/           |           |
|    ep_len_mean     | 20.2      |
|    ep_rew_mean     | -6.45e+05 |
| time/              |           |
|    episodes        | 36809     |
|    fps             | 150       |
|    time_elapsed    | 2320      |
|    total_timesteps | 350000    |
| train/             |           |
|    actor_loss      | 2.39e+06  |
|    critic_loss     | 9.84e+04  |
|    ent_coef        | 478       |
|    ent_coef_loss   | -3.86     |
|    learning_rate   | 0.0003    |
|    n_updates       | 87474     |
----------------------------------
----------------------------------
| rollout/           |           |
|    ep_len_mean     | 19.4      |
|    ep_rew_mean     | -7.61e+05 |
| time/              |           |
|    episodes        | 37166     |
|    fps             | 150       |
|    time_elapsed    | 2393      |
|    total_timesteps | 360000    |
| train/             |           |
|    actor_loss      | 1.78e+06  |
|    critic_loss     | 7.3e+04   |
|    ent_coef        | 393       |
|    ent_coef_loss   | 6.47      |
|    learning_rate   | 0.0003    |
|    n_updates       | 89974     |
----------------------------------
----------------------------------
| rollout/           |           |
|    ep_len_mean     | 87.1      |
|    ep_rew_mean     | -4.14e+06 |
| time/              |           |
|    episodes        | 37273     |
|    fps             | 150       |
|    time_elapsed    | 2464      |
|    total_timesteps | 370000    |
| train/             |           |
|    actor_loss      | 2.07e+06  |
|    critic_loss     | 9.15e+04  |
|    ent_coef        | 343       |
|    ent_coef_loss   | 0.318     |
|    learning_rate   | 0.0003    |
|    n_updates       | 92474     |
----------------------------------
----------------------------------
| rollout/           |           |
|    ep_len_mean     | 40.7      |
|    ep_rew_mean     | -1.79e+06 |
| time/              |           |
|    episodes        | 37712     |
|    fps             | 149       |
|    time_elapsed    | 2537      |
|    total_timesteps | 380000    |
| train/             |           |
|    actor_loss      | 2.14e+06  |
|    critic_loss     | 7.37e+04  |
|    ent_coef        | 316       |
|    ent_coef_loss   | 1.21      |
|    learning_rate   | 0.0003    |
|    n_updates       | 94974     |
----------------------------------
----------------------------------
| rollout/           |           |
|    ep_len_mean     | 9.24      |
|    ep_rew_mean     | -3.12e+05 |
| time/              |           |
|    episodes        | 38295     |
|    fps             | 149       |
|    time_elapsed    | 2612      |
|    total_timesteps | 390000    |
| train/             |           |
|    actor_loss      | 2.13e+06  |
|    critic_loss     | 6.53e+04  |
|    ent_coef        | 312       |
|    ent_coef_loss   | -2.89     |
|    learning_rate   | 0.0003    |
|    n_updates       | 97474     |
----------------------------------
----------------------------------
| rollout/           |           |
|    ep_len_mean     | 6.35      |
|    ep_rew_mean     | -2.22e+05 |
| time/              |           |
|    episodes        | 39486     |
|    fps             | 148       |
|    time_elapsed    | 2686      |
|    total_timesteps | 400000    |
| train/             |           |
|    actor_loss      | 2.06e+06  |
|    critic_loss     | 7.71e+04  |
|    ent_coef        | 418       |
|    ent_coef_loss   | -7.37     |
|    learning_rate   | 0.0003    |
|    n_updates       | 99974     |
----------------------------------
----------------------------------
| rollout/           |           |
|    ep_len_mean     | 6.35      |
|    ep_rew_mean     | -2.26e+05 |
| time/              |           |
|    episodes        | 40513     |
|    fps             | 148       |
|    time_elapsed    | 2761      |
|    total_timesteps | 410000    |
| train/             |           |
|    actor_loss      | 2.22e+06  |
|    critic_loss     | 7.77e+04  |
|    ent_coef        | 469       |
|    ent_coef_loss   | -1.97     |
|    learning_rate   | 0.0003    |
|    n_updates       | 102474    |
----------------------------------
----------------------------------
| rollout/           |           |
|    ep_len_mean     | 5.69      |
|    ep_rew_mean     | -2.05e+05 |
| time/              |           |
|    episodes        | 41779     |
|    fps             | 148       |
|    time_elapsed    | 2837      |
|    total_timesteps | 420000    |
| train/             |           |
|    actor_loss      | 2.05e+06  |
|    critic_loss     | 6.83e+04  |
|    ent_coef        | 446       |
|    ent_coef_loss   | -3.72     |
|    learning_rate   | 0.0003    |
|    n_updates       | 104974    |
----------------------------------
----------------------------------
| rollout/           |           |
|    ep_len_mean     | 5.89      |
|    ep_rew_mean     | -2.21e+05 |
| time/              |           |
|    episodes        | 43501     |
|    fps             | 147       |
|    time_elapsed    | 2912      |
|    total_timesteps | 430000    |
| train/             |           |
|    actor_loss      | 2.33e+06  |
|    critic_loss     | 7.43e+04  |
|    ent_coef        | 496       |
|    ent_coef_loss   | 5.19      |
|    learning_rate   | 0.0003    |
|    n_updates       | 107474    |
----------------------------------
----------------------------------
| rollout/           |           |
|    ep_len_mean     | 5.83      |
|    ep_rew_mean     | -2.18e+05 |
| time/              |           |
|    episodes        | 45145     |
|    fps             | 147       |
|    time_elapsed    | 2987      |
|    total_timesteps | 440000    |
| train/             |           |
|    actor_loss      | 2.18e+06  |
|    critic_loss     | 1.07e+05  |
|    ent_coef        | 507       |
|    ent_coef_loss   | -6.32     |
|    learning_rate   | 0.0003    |
|    n_updates       | 109974    |
----------------------------------
----------------------------------
| rollout/           |           |
|    ep_len_mean     | 5.52      |
|    ep_rew_mean     | -2.12e+05 |
| time/              |           |
|    episodes        | 46844     |
|    fps             | 146       |
|    time_elapsed    | 3062      |
|    total_timesteps | 450000    |
| train/             |           |
|    actor_loss      | 1.82e+06  |
|    critic_loss     | 7.21e+04  |
|    ent_coef        | 504       |
|    ent_coef_loss   | 0.239     |
|    learning_rate   | 0.0003    |
|    n_updates       | 112474    |
----------------------------------
---------------------------------
| rollout/           |          |
|    ep_len_mean     | 5.77     |
|    ep_rew_mean     | -2.2e+05 |
| time/              |          |
|    episodes        | 48384    |
|    fps             | 146      |
|    time_elapsed    | 3137     |
|    total_timesteps | 460000   |
| train/             |          |
|    actor_loss      | 1.81e+06 |
|    critic_loss     | 7.91e+04 |
|    ent_coef        | 470      |
|    ent_coef_loss   | 0.762    |
|    learning_rate   | 0.0003   |
|    n_updates       | 114974   |
---------------------------------
----------------------------------
| rollout/           |           |
|    ep_len_mean     | 5.64      |
|    ep_rew_mean     | -2.17e+05 |
| time/              |           |
|    episodes        | 50091     |
|    fps             | 146       |
|    time_elapsed    | 3213      |
|    total_timesteps | 470000    |
| train/             |           |
|    actor_loss      | 1.6e+06   |
|    critic_loss     | 7.86e+04  |
|    ent_coef        | 412       |
|    ent_coef_loss   | -0.382    |
|    learning_rate   | 0.0003    |
|    n_updates       | 117474    |
----------------------------------
----------------------------------
| rollout/           |           |
|    ep_len_mean     | 6.13      |
|    ep_rew_mean     | -2.29e+05 |
| time/              |           |
|    episodes        | 51453     |
|    fps             | 145       |
|    time_elapsed    | 3288      |
|    total_timesteps | 480000    |
| train/             |           |
|    actor_loss      | 1.43e+06  |
|    critic_loss     | 8.03e+04  |
|    ent_coef        | 342       |
|    ent_coef_loss   | -1.12     |
|    learning_rate   | 0.0003    |
|    n_updates       | 119974    |
----------------------------------
----------------------------------
| rollout/           |           |
|    ep_len_mean     | 87.8      |
|    ep_rew_mean     | -4.18e+06 |
| time/              |           |
|    episodes        | 51573     |
|    fps             | 145       |
|    time_elapsed    | 3360      |
|    total_timesteps | 490000    |
| train/             |           |
|    actor_loss      | 1.36e+06  |
|    critic_loss     | 6.34e+04  |
|    ent_coef        | 229       |
|    ent_coef_loss   | 1.24      |
|    learning_rate   | 0.0003    |
|    n_updates       | 122474    |
----------------------------------
----------------------------------
| rollout/           |           |
|    ep_len_mean     | 107       |
|    ep_rew_mean     | -4.66e+06 |
| time/              |           |
|    episodes        | 51658     |
|    fps             | 145       |
|    time_elapsed    | 3432      |
|    total_timesteps | 500000    |
| train/             |           |
|    actor_loss      | 1.42e+06  |
|    critic_loss     | 5.89e+04  |
|    ent_coef        | 239       |
|    ent_coef_loss   | 2.16      |
|    learning_rate   | 0.0003    |
|    n_updates       | 124974    |
----------------------------------
----------------------------------
| rollout/           |           |
|    ep_len_mean     | 6.59      |
|    ep_rew_mean     | -2.49e+05 |
| time/              |           |
|    episodes        | 52618     |
|    fps             | 145       |
|    time_elapsed    | 3508      |
|    total_timesteps | 510000    |
| train/             |           |
|    actor_loss      | 1.61e+06  |
|    critic_loss     | 6.13e+04  |
|    ent_coef        | 258       |
|    ent_coef_loss   | -1.56     |
|    learning_rate   | 0.0003    |
|    n_updates       | 127474    |
----------------------------------
----------------------------------
| rollout/           |           |
|    ep_len_mean     | 5.32      |
|    ep_rew_mean     | -2.04e+05 |
| time/              |           |
|    episodes        | 54253     |
|    fps             | 145       |
|    time_elapsed    | 3579      |
|    total_timesteps | 520000    |
| train/             |           |
|    actor_loss      | 1.5e+06   |
|    critic_loss     | 7.01e+04  |
|    ent_coef        | 284       |
|    ent_coef_loss   | -2.79     |
|    learning_rate   | 0.0003    |
|    n_updates       | 129974    |
----------------------------------
----------------------------------
| rollout/           |           |
|    ep_len_mean     | 5.25      |
|    ep_rew_mean     | -2.02e+05 |
| time/              |           |
|    episodes        | 56122     |
|    fps             | 145       |
|    time_elapsed    | 3654      |
|    total_timesteps | 530000    |
| train/             |           |
|    actor_loss      | 1.47e+06  |
|    critic_loss     | 7.25e+04  |
|    ent_coef        | 307       |
|    ent_coef_loss   | 2.55      |
|    learning_rate   | 0.0003    |
|    n_updates       | 132474    |
----------------------------------
----------------------------------
| rollout/           |           |
|    ep_len_mean     | 5.25      |
|    ep_rew_mean     | -2.03e+05 |
| time/              |           |
|    episodes        | 57872     |
|    fps             | 144       |
|    time_elapsed    | 3727      |
|    total_timesteps | 540000    |
| train/             |           |
|    actor_loss      | 1.48e+06  |
|    critic_loss     | 6.74e+04  |
|    ent_coef        | 320       |
|    ent_coef_loss   | -0.13     |
|    learning_rate   | 0.0003    |
|    n_updates       | 134974    |
----------------------------------
----------------------------------
| rollout/           |           |
|    ep_len_mean     | 5.32      |
|    ep_rew_mean     | -2.05e+05 |
| time/              |           |
|    episodes        | 59675     |
|    fps             | 144       |
|    time_elapsed    | 3799      |
|    total_timesteps | 550000    |
| train/             |           |
|    actor_loss      | 1.52e+06  |
|    critic_loss     | 5.6e+04   |
|    ent_coef        | 326       |
|    ent_coef_loss   | 1.95      |
|    learning_rate   | 0.0003    |
|    n_updates       | 137474    |
----------------------------------
----------------------------------
| rollout/           |           |
|    ep_len_mean     | 5.31      |
|    ep_rew_mean     | -2.05e+05 |
| time/              |           |
|    episodes        | 61568     |
|    fps             | 144       |
|    time_elapsed    | 3872      |
|    total_timesteps | 560000    |
| train/             |           |
|    actor_loss      | 1.54e+06  |
|    critic_loss     | 5.76e+04  |
|    ent_coef        | 310       |
|    ent_coef_loss   | -0.856    |
|    learning_rate   | 0.0003    |
|    n_updates       | 139974    |
----------------------------------
----------------------------------
| rollout/           |           |
|    ep_len_mean     | 15.2      |
|    ep_rew_mean     | -6.99e+05 |
| time/              |           |
|    episodes        | 63281     |
|    fps             | 144       |
|    time_elapsed    | 3948      |
|    total_timesteps | 570000    |
| train/             |           |
|    actor_loss      | 1.37e+06  |
|    critic_loss     | 6.99e+04  |
|    ent_coef        | 304       |
|    ent_coef_loss   | 4.37      |
|    learning_rate   | 0.0003    |
|    n_updates       | 142474    |
----------------------------------
----------------------------------
| rollout/           |           |
|    ep_len_mean     | 5.28      |
|    ep_rew_mean     | -2.03e+05 |
| time/              |           |
|    episodes        | 64971     |
|    fps             | 144       |
|    time_elapsed    | 4024      |
|    total_timesteps | 580000    |
| train/             |           |
|    actor_loss      | 1.31e+06  |
|    critic_loss     | 6.43e+04  |
|    ent_coef        | 268       |
|    ent_coef_loss   | 2.15      |
|    learning_rate   | 0.0003    |
|    n_updates       | 144974    |
----------------------------------
----------------------------------
| rollout/           |           |
|    ep_len_mean     | 5.19      |
|    ep_rew_mean     | -1.95e+05 |
| time/              |           |
|    episodes        | 66831     |
|    fps             | 143       |
|    time_elapsed    | 4100      |
|    total_timesteps | 590000    |
| train/             |           |
|    actor_loss      | 1.28e+06  |
|    critic_loss     | 6.29e+04  |
|    ent_coef        | 250       |
|    ent_coef_loss   | 9.98      |
|    learning_rate   | 0.0003    |
|    n_updates       | 147474    |
----------------------------------
----------------------------------
| rollout/           |           |
|    ep_len_mean     | 5.27      |
|    ep_rew_mean     | -1.92e+05 |
| time/              |           |
|    episodes        | 68552     |
|    fps             | 143       |
|    time_elapsed    | 4176      |
|    total_timesteps | 600000    |
| train/             |           |
|    actor_loss      | 1.16e+06  |
|    critic_loss     | 6.24e+04  |
|    ent_coef        | 224       |
|    ent_coef_loss   | 0.848     |
|    learning_rate   | 0.0003    |
|    n_updates       | 149974    |
----------------------------------
----------------------------------
| rollout/           |           |
|    ep_len_mean     | 6.02      |
|    ep_rew_mean     | -2.08e+05 |
| time/              |           |
|    episodes        | 70075     |
|    fps             | 143       |
|    time_elapsed    | 4251      |
|    total_timesteps | 610000    |
| train/             |           |
|    actor_loss      | 1.26e+06  |
|    critic_loss     | 5.37e+04  |
|    ent_coef        | 222       |
|    ent_coef_loss   | -0.543    |
|    learning_rate   | 0.0003    |
|    n_updates       | 152474    |
----------------------------------
----------------------------------
| rollout/           |           |
|    ep_len_mean     | 6.54      |
|    ep_rew_mean     | -2.17e+05 |
| time/              |           |
|    episodes        | 71583     |
|    fps             | 143       |
|    time_elapsed    | 4321      |
|    total_timesteps | 620000    |
| train/             |           |
|    actor_loss      | 1.26e+06  |
|    critic_loss     | 5.11e+04  |
|    ent_coef        | 214       |
|    ent_coef_loss   | 3.04      |
|    learning_rate   | 0.0003    |
|    n_updates       | 154974    |
----------------------------------
----------------------------------
| rollout/           |           |
|    ep_len_mean     | 5.69      |
|    ep_rew_mean     | -2.06e+05 |
| time/              |           |
|    episodes        | 73188     |
|    fps             | 143       |
|    time_elapsed    | 4392      |
|    total_timesteps | 630000    |
| train/             |           |
|    actor_loss      | 1.39e+06  |
|    critic_loss     | 6.07e+04  |
|    ent_coef        | 214       |
|    ent_coef_loss   | -1.61     |
|    learning_rate   | 0.0003    |
|    n_updates       | 157474    |
----------------------------------
---------------------------------
| rollout/           |          |
|    ep_len_mean     | 4.03     |
|    ep_rew_mean     | -1.6e+05 |
| time/              |          |
|    episodes        | 75435    |
|    fps             | 143      |
|    time_elapsed    | 4463     |
|    total_timesteps | 640000   |
| train/             |          |
|    actor_loss      | 1.26e+06 |
|    critic_loss     | 6.25e+04 |
|    ent_coef        | 214      |
|    ent_coef_loss   | -3.23    |
|    learning_rate   | 0.0003   |
|    n_updates       | 159974   |
---------------------------------
----------------------------------
| rollout/           |           |
|    ep_len_mean     | 5.42      |
|    ep_rew_mean     | -2.02e+05 |
| time/              |           |
|    episodes        | 77494     |
|    fps             | 143       |
|    time_elapsed    | 4534      |
|    total_timesteps | 650000    |
| train/             |           |
|    actor_loss      | 1.17e+06  |
|    critic_loss     | 5.83e+04  |
|    ent_coef        | 204       |
|    ent_coef_loss   | -4.06     |
|    learning_rate   | 0.0003    |
|    n_updates       | 162474    |
----------------------------------
----------------------------------
| rollout/           |           |
|    ep_len_mean     | 5.22      |
|    ep_rew_mean     | -1.85e+05 |
| time/              |           |
|    episodes        | 78704     |
|    fps             | 143       |
|    time_elapsed    | 4607      |
|    total_timesteps | 660000    |
| train/             |           |
|    actor_loss      | 1.17e+06  |
|    critic_loss     | 5.33e+04  |
|    ent_coef        | 201       |
|    ent_coef_loss   | -4        |
|    learning_rate   | 0.0003    |
|    n_updates       | 164974    |
----------------------------------
---------------------------------
| rollout/           |          |
|    ep_len_mean     | 5.42     |
|    ep_rew_mean     | -1.9e+05 |
| time/              |          |
|    episodes        | 80150    |
|    fps             | 143      |
|    time_elapsed    | 4681     |
|    total_timesteps | 670000   |
| train/             |          |
|    actor_loss      | 1.18e+06 |
|    critic_loss     | 5.45e+04 |
|    ent_coef        | 202      |
|    ent_coef_loss   | -3.75    |
|    learning_rate   | 0.0003   |
|    n_updates       | 167474   |
---------------------------------
----------------------------------
| rollout/           |           |
|    ep_len_mean     | 6.21      |
|    ep_rew_mean     | -2.14e+05 |
| time/              |           |
|    episodes        | 81603     |
|    fps             | 143       |
|    time_elapsed    | 4753      |
|    total_timesteps | 680000    |
| train/             |           |
|    actor_loss      | 1e+06     |
|    critic_loss     | 4.67e+04  |
|    ent_coef        | 206       |
|    ent_coef_loss   | 8.16      |
|    learning_rate   | 0.0003    |
|    n_updates       | 169974    |
----------------------------------
----------------------------------
| rollout/           |           |
|    ep_len_mean     | 6.64      |
|    ep_rew_mean     | -2.24e+05 |
| time/              |           |
|    episodes        | 83139     |
|    fps             | 143       |
|    time_elapsed    | 4824      |
|    total_timesteps | 690000    |
| train/             |           |
|    actor_loss      | 1.23e+06  |
|    critic_loss     | 5.72e+04  |
|    ent_coef        | 210       |
|    ent_coef_loss   | -4.76     |
|    learning_rate   | 0.0003    |
|    n_updates       | 172474    |
----------------------------------
----------------------------------
| rollout/           |           |
|    ep_len_mean     | 6.43      |
|    ep_rew_mean     | -2.19e+05 |
| time/              |           |
|    episodes        | 84260     |
|    fps             | 142       |
|    time_elapsed    | 4897      |
|    total_timesteps | 700000    |
| train/             |           |
|    actor_loss      | 1.21e+06  |
|    critic_loss     | 5.97e+04  |
|    ent_coef        | 211       |
|    ent_coef_loss   | -3.24     |
|    learning_rate   | 0.0003    |
|    n_updates       | 174974    |
----------------------------------
----------------------------------
| rollout/           |           |
|    ep_len_mean     | 7.91      |
|    ep_rew_mean     | -2.69e+05 |
| time/              |           |
|    episodes        | 85166     |
|    fps             | 142       |
|    time_elapsed    | 4967      |
|    total_timesteps | 710000    |
| train/             |           |
|    actor_loss      | 1.04e+06  |
|    critic_loss     | 5.94e+04  |
|    ent_coef        | 206       |
|    ent_coef_loss   | 3.59      |
|    learning_rate   | 0.0003    |
|    n_updates       | 177474    |
----------------------------------
----------------------------------
| rollout/           |           |
|    ep_len_mean     | 26.7      |
|    ep_rew_mean     | -1.23e+06 |
| time/              |           |
|    episodes        | 85555     |
|    fps             | 142       |
|    time_elapsed    | 5037      |
|    total_timesteps | 720000    |
| train/             |           |
|    actor_loss      | 1.28e+06  |
|    critic_loss     | 6.14e+04  |
|    ent_coef        | 199       |
|    ent_coef_loss   | -1.24     |
|    learning_rate   | 0.0003    |
|    n_updates       | 179974    |
----------------------------------
----------------------------------
| rollout/           |           |
|    ep_len_mean     | 9.21      |
|    ep_rew_mean     | -3.48e+05 |
| time/              |           |
|    episodes        | 86545     |
|    fps             | 142       |
|    time_elapsed    | 5111      |
|    total_timesteps | 730000    |
| train/             |           |
|    actor_loss      | 1.19e+06  |
|    critic_loss     | 5.7e+04   |
|    ent_coef        | 197       |
|    ent_coef_loss   | 5.82      |
|    learning_rate   | 0.0003    |
|    n_updates       | 182474    |
----------------------------------
----------------------------------
| rollout/           |           |
|    ep_len_mean     | 13.9      |
|    ep_rew_mean     | -5.38e+05 |
| time/              |           |
|    episodes        | 87428     |
|    fps             | 142       |
|    time_elapsed    | 5182      |
|    total_timesteps | 740000    |
| train/             |           |
|    actor_loss      | 1.25e+06  |
|    critic_loss     | 5.79e+04  |
|    ent_coef        | 196       |
|    ent_coef_loss   | 0.0506    |
|    learning_rate   | 0.0003    |
|    n_updates       | 184974    |
----------------------------------
----------------------------------
| rollout/           |           |
|    ep_len_mean     | 8.41      |
|    ep_rew_mean     | -2.78e+05 |
| time/              |           |
|    episodes        | 88326     |
|    fps             | 142       |
|    time_elapsed    | 5259      |
|    total_timesteps | 750000    |
| train/             |           |
|    actor_loss      | 1.04e+06  |
|    critic_loss     | 8.08e+04  |
|    ent_coef        | 199       |
|    ent_coef_loss   | -3.48     |
|    learning_rate   | 0.0003    |
|    n_updates       | 187474    |
----------------------------------
----------------------------------
| rollout/           |           |
|    ep_len_mean     | 9.87      |
|    ep_rew_mean     | -3.28e+05 |
| time/              |           |
|    episodes        | 89247     |
|    fps             | 142       |
|    time_elapsed    | 5336      |
|    total_timesteps | 760000    |
| train/             |           |
|    actor_loss      | 1.36e+06  |
|    critic_loss     | 6.3e+04   |
|    ent_coef        | 205       |
|    ent_coef_loss   | 2.17      |
|    learning_rate   | 0.0003    |
|    n_updates       | 189974    |
----------------------------------
----------------------------------
| rollout/           |           |
|    ep_len_mean     | 4.2       |
|    ep_rew_mean     | -1.65e+05 |
| time/              |           |
|    episodes        | 90993     |
|    fps             | 142       |
|    time_elapsed    | 5413      |
|    total_timesteps | 770000    |
| train/             |           |
|    actor_loss      | 1.26e+06  |
|    critic_loss     | 6.98e+04  |
|    ent_coef        | 228       |
|    ent_coef_loss   | 2.52      |
|    learning_rate   | 0.0003    |
|    n_updates       | 192474    |
----------------------------------
----------------------------------
| rollout/           |           |
|    ep_len_mean     | 4.58      |
|    ep_rew_mean     | -1.74e+05 |
| time/              |           |
|    episodes        | 93259     |
|    fps             | 142       |
|    time_elapsed    | 5491      |
|    total_timesteps | 780000    |
| train/             |           |
|    actor_loss      | 1.33e+06  |
|    critic_loss     | 8.74e+04  |
|    ent_coef        | 229       |
|    ent_coef_loss   | -1.33     |
|    learning_rate   | 0.0003    |
|    n_updates       | 194974    |
----------------------------------
----------------------------------
| rollout/           |           |
|    ep_len_mean     | 4.11      |
|    ep_rew_mean     | -1.62e+05 |
| time/              |           |
|    episodes        | 95288     |
|    fps             | 141       |
|    time_elapsed    | 5569      |
|    total_timesteps | 790000    |
| train/             |           |
|    actor_loss      | 1.3e+06   |
|    critic_loss     | 7.38e+04  |
|    ent_coef        | 237       |
|    ent_coef_loss   | 1.03      |
|    learning_rate   | 0.0003    |
|    n_updates       | 197474    |
----------------------------------
----------------------------------
| rollout/           |           |
|    ep_len_mean     | 4         |
|    ep_rew_mean     | -1.59e+05 |
| time/              |           |
|    episodes        | 97741     |
|    fps             | 141       |
|    time_elapsed    | 5646      |
|    total_timesteps | 800000    |
| train/             |           |
|    actor_loss      | 1.34e+06  |
|    critic_loss     | 8.89e+04  |
|    ent_coef        | 243       |
|    ent_coef_loss   | -5.43     |
|    learning_rate   | 0.0003    |
|    n_updates       | 199974    |
----------------------------------
----------------------------------
| rollout/           |           |
|    ep_len_mean     | 4         |
|    ep_rew_mean     | -1.59e+05 |
| time/              |           |
|    episodes        | 100223    |
|    fps             | 141       |
|    time_elapsed    | 5723      |
|    total_timesteps | 810000    |
| train/             |           |
|    actor_loss      | 1.23e+06  |
|    critic_loss     | 8.11e+04  |
|    ent_coef        | 250       |
|    ent_coef_loss   | 0.421     |
|    learning_rate   | 0.0003    |
|    n_updates       | 202474    |
----------------------------------
----------------------------------
| rollout/           |           |
|    ep_len_mean     | 4.42      |
|    ep_rew_mean     | -1.72e+05 |
| time/              |           |
|    episodes        | 102704    |
|    fps             | 141       |
|    time_elapsed    | 5801      |
|    total_timesteps | 820000    |
| train/             |           |
|    actor_loss      | 1.24e+06  |
|    critic_loss     | 8.51e+04  |
|    ent_coef        | 247       |
|    ent_coef_loss   | -3.79     |
|    learning_rate   | 0.0003    |
|    n_updates       | 204974    |
----------------------------------
----------------------------------
| rollout/           |           |
|    ep_len_mean     | 4         |
|    ep_rew_mean     | -1.59e+05 |
| time/              |           |
|    episodes        | 105183    |
|    fps             | 141       |
|    time_elapsed    | 5879      |
|    total_timesteps | 830000    |
| train/             |           |
|    actor_loss      | 1.39e+06  |
|    critic_loss     | 8.08e+04  |
|    ent_coef        | 244       |
|    ent_coef_loss   | 0.268     |
|    learning_rate   | 0.0003    |
|    n_updates       | 207474    |
----------------------------------
----------------------------------
| rollout/           |           |
|    ep_len_mean     | 4         |
|    ep_rew_mean     | -1.59e+05 |
| time/              |           |
|    episodes        | 107680    |
|    fps             | 141       |
|    time_elapsed    | 5955      |
|    total_timesteps | 840000    |
| train/             |           |
|    actor_loss      | 1.39e+06  |
|    critic_loss     | 7.64e+04  |
|    ent_coef        | 244       |
|    ent_coef_loss   | -6.08     |
|    learning_rate   | 0.0003    |
|    n_updates       | 209974    |
----------------------------------
----------------------------------
| rollout/           |           |
|    ep_len_mean     | 4         |
|    ep_rew_mean     | -1.59e+05 |
| time/              |           |
|    episodes        | 110117    |
|    fps             | 140       |
|    time_elapsed    | 6033      |
|    total_timesteps | 850000    |
| train/             |           |
|    actor_loss      | 1.22e+06  |
|    critic_loss     | 7.35e+04  |
|    ent_coef        | 233       |
|    ent_coef_loss   | -0.425    |
|    learning_rate   | 0.0003    |
|    n_updates       | 212474    |
----------------------------------
----------------------------------
| rollout/           |           |
|    ep_len_mean     | 4.66      |
|    ep_rew_mean     | -1.73e+05 |
| time/              |           |
|    episodes        | 112474    |
|    fps             | 140       |
|    time_elapsed    | 6109      |
|    total_timesteps | 860000    |
| train/             |           |
|    actor_loss      | 1.24e+06  |
|    critic_loss     | 7.21e+04  |
|    ent_coef        | 228       |
|    ent_coef_loss   | -2.85     |
|    learning_rate   | 0.0003    |
|    n_updates       | 214974    |
----------------------------------
----------------------------------
| rollout/           |           |
|    ep_len_mean     | 4.39      |
|    ep_rew_mean     | -1.68e+05 |
| time/              |           |
|    episodes        | 114540    |
|    fps             | 140       |
|    time_elapsed    | 6181      |
|    total_timesteps | 870000    |
| train/             |           |
|    actor_loss      | 1.25e+06  |
|    critic_loss     | 7.02e+04  |
|    ent_coef        | 220       |
|    ent_coef_loss   | -3.22     |
|    learning_rate   | 0.0003    |
|    n_updates       | 217474    |
----------------------------------
----------------------------------
| rollout/           |           |
|    ep_len_mean     | 4.34      |
|    ep_rew_mean     | -1.67e+05 |
| time/              |           |
|    episodes        | 116568    |
|    fps             | 140       |
|    time_elapsed    | 6254      |
|    total_timesteps | 880000    |
| train/             |           |
|    actor_loss      | 1.14e+06  |
|    critic_loss     | 7.53e+04  |
|    ent_coef        | 216       |
|    ent_coef_loss   | -2.1      |
|    learning_rate   | 0.0003    |
|    n_updates       | 219974    |
----------------------------------
----------------------------------
| rollout/           |           |
|    ep_len_mean     | 7.77      |
|    ep_rew_mean     | -3.25e+05 |
| time/              |           |
|    episodes        | 118476    |
|    fps             | 140       |
|    time_elapsed    | 6328      |
|    total_timesteps | 890000    |
| train/             |           |
|    actor_loss      | 1.16e+06  |
|    critic_loss     | 6.71e+04  |
|    ent_coef        | 214       |
|    ent_coef_loss   | -2.24     |
|    learning_rate   | 0.0003    |
|    n_updates       | 222474    |
----------------------------------
----------------------------------
| rollout/           |           |
|    ep_len_mean     | 4.03      |
|    ep_rew_mean     | -1.58e+05 |
| time/              |           |
|    episodes        | 120577    |
|    fps             | 140       |
|    time_elapsed    | 6403      |
|    total_timesteps | 900000    |
| train/             |           |
|    actor_loss      | 1.04e+06  |
|    critic_loss     | 6.88e+04  |
|    ent_coef        | 208       |
|    ent_coef_loss   | 2.43      |
|    learning_rate   | 0.0003    |
|    n_updates       | 224974    |
----------------------------------
----------------------------------
| rollout/           |           |
|    ep_len_mean     | 4.93      |
|    ep_rew_mean     | -1.73e+05 |
| time/              |           |
|    episodes        | 122641    |
|    fps             | 140       |
|    time_elapsed    | 6480      |
|    total_timesteps | 910000    |
| train/             |           |
|    actor_loss      | 1.03e+06  |
|    critic_loss     | 5.96e+04  |
|    ent_coef        | 200       |
|    ent_coef_loss   | 0.777     |
|    learning_rate   | 0.0003    |
|    n_updates       | 227474    |
----------------------------------
----------------------------------
| rollout/           |           |
|    ep_len_mean     | 4         |
|    ep_rew_mean     | -1.58e+05 |
| time/              |           |
|    episodes        | 125008    |
|    fps             | 140       |
|    time_elapsed    | 6554      |
|    total_timesteps | 920000    |
| train/             |           |
|    actor_loss      | 1.1e+06   |
|    critic_loss     | 6.98e+04  |
|    ent_coef        | 208       |
|    ent_coef_loss   | 1.24      |
|    learning_rate   | 0.0003    |
|    n_updates       | 229974    |
----------------------------------
----------------------------------
| rollout/           |           |
|    ep_len_mean     | 3.99      |
|    ep_rew_mean     | -1.58e+05 |
| time/              |           |
|    episodes        | 127508    |
|    fps             | 140       |
|    time_elapsed    | 6627      |
|    total_timesteps | 930000    |
| train/             |           |
|    actor_loss      | 1e+06     |
|    critic_loss     | 6.34e+04  |
|    ent_coef        | 203       |
|    ent_coef_loss   | -0.532    |
|    learning_rate   | 0.0003    |
|    n_updates       | 232474    |
----------------------------------
----------------------------------
| rollout/           |           |
|    ep_len_mean     | 3.97      |
|    ep_rew_mean     | -1.58e+05 |
| time/              |           |
|    episodes        | 130009    |
|    fps             | 140       |
|    time_elapsed    | 6700      |
|    total_timesteps | 940000    |
| train/             |           |
|    actor_loss      | 1.09e+06  |
|    critic_loss     | 6.14e+04  |
|    ent_coef        | 195       |
|    ent_coef_loss   | -3.77     |
|    learning_rate   | 0.0003    |
|    n_updates       | 234974    |
----------------------------------
----------------------------------
| rollout/           |           |
|    ep_len_mean     | 4.13      |
|    ep_rew_mean     | -1.62e+05 |
| time/              |           |
|    episodes        | 132227    |
|    fps             | 140       |
|    time_elapsed    | 6772      |
|    total_timesteps | 950000    |
| train/             |           |
|    actor_loss      | 8.61e+05  |
|    critic_loss     | 5.83e+04  |
|    ent_coef        | 189       |
|    ent_coef_loss   | 5.18      |
|    learning_rate   | 0.0003    |
|    n_updates       | 237474    |
----------------------------------
----------------------------------
| rollout/           |           |
|    ep_len_mean     | 4.03      |
|    ep_rew_mean     | -1.59e+05 |
| time/              |           |
|    episodes        | 133931    |
|    fps             | 140       |
|    time_elapsed    | 6845      |
|    total_timesteps | 960000    |
| train/             |           |
|    actor_loss      | 8.87e+05  |
|    critic_loss     | 4.91e+04  |
|    ent_coef        | 188       |
|    ent_coef_loss   | 2.04      |
|    learning_rate   | 0.0003    |
|    n_updates       | 239974    |
----------------------------------
----------------------------------
| rollout/           |           |
|    ep_len_mean     | 4.87      |
|    ep_rew_mean     | -1.87e+05 |
| time/              |           |
|    episodes        | 136185    |
|    fps             | 140       |
|    time_elapsed    | 6919      |
|    total_timesteps | 970000    |
| train/             |           |
|    actor_loss      | 9.27e+05  |
|    critic_loss     | 5.09e+04  |
|    ent_coef        | 190       |
|    ent_coef_loss   | -0.903    |
|    learning_rate   | 0.0003    |
|    n_updates       | 242474    |
----------------------------------
----------------------------------
| rollout/           |           |
|    ep_len_mean     | 3.99      |
|    ep_rew_mean     | -1.58e+05 |
| time/              |           |
|    episodes        | 138352    |
|    fps             | 140       |
|    time_elapsed    | 6992      |
|    total_timesteps | 980000    |
| train/             |           |
|    actor_loss      | 8.15e+05  |
|    critic_loss     | 5.02e+04  |
|    ent_coef        | 187       |
|    ent_coef_loss   | 2.43      |
|    learning_rate   | 0.0003    |
|    n_updates       | 244974    |
----------------------------------
----------------------------------
| rollout/           |           |
|    ep_len_mean     | 5.1       |
|    ep_rew_mean     | -1.79e+05 |
| time/              |           |
|    episodes        | 140469    |
|    fps             | 140       |
|    time_elapsed    | 7065      |
|    total_timesteps | 990000    |
| train/             |           |
|    actor_loss      | 9.06e+05  |
|    critic_loss     | 4.39e+04  |
|    ent_coef        | 190       |
|    ent_coef_loss   | -0.623    |
|    learning_rate   | 0.0003    |
|    n_updates       | 247474    |
----------------------------------
----------------------------------
| rollout/           |           |
|    ep_len_mean     | 5.2       |
|    ep_rew_mean     | -1.81e+05 |
| time/              |           |
|    episodes        | 142442    |
|    fps             | 140       |
|    time_elapsed    | 7138      |
|    total_timesteps | 1000000   |
| train/             |           |
|    actor_loss      | 8.8e+05   |
|    critic_loss     | 5.15e+04  |
|    ent_coef        | 188       |
|    ent_coef_loss   | 0.959     |
|    learning_rate   | 0.0003    |
|    n_updates       | 249974    |
----------------------------------
Training ended on Tue Jan 27 18:20:13 2026
Training lasted 1:58:58.571599
