Logging to training_default_logs/5_robots/logs/TQC_set6
Using cpu device
Training started on Tue Jan 27 16:21:15 2026
Experiment configuration: {'algorithm': 'TQC', 'set': 6, 'verbose': 1, 'steps': 1000000, 'num_robots': 5, 'num_envs': 4, 'seed': 33, 'log_steps': 10000, 'resume': False, 'device': 'cpu'}
----------------------------------
| rollout/           |           |
|    ep_len_mean     | 103       |
|    ep_rew_mean     | -4.36e+06 |
| time/              |           |
|    episodes        | 74        |
|    fps             | 139       |
|    time_elapsed    | 71        |
|    total_timesteps | 10000     |
| train/             |           |
|    actor_loss      | 4.09e+05  |
|    critic_loss     | 7.27e+03  |
|    ent_coef        | 1.86      |
|    ent_coef_loss   | -20.6     |
|    learning_rate   | 0.0003    |
|    n_updates       | 2474      |
----------------------------------
----------------------------------
| rollout/           |           |
|    ep_len_mean     | 196       |
|    ep_rew_mean     | -9.15e+06 |
| time/              |           |
|    episodes        | 101       |
|    fps             | 138       |
|    time_elapsed    | 144       |
|    total_timesteps | 20000     |
| train/             |           |
|    actor_loss      | 9.3e+05   |
|    critic_loss     | 6.59e+03  |
|    ent_coef        | 4.18      |
|    ent_coef_loss   | -51.8     |
|    learning_rate   | 0.0003    |
|    n_updates       | 4974      |
----------------------------------
---------------------------------
| rollout/           |          |
|    ep_len_mean     | 72.9     |
|    ep_rew_mean     | -3.5e+06 |
| time/              |          |
|    episodes        | 274      |
|    fps             | 138      |
|    time_elapsed    | 216      |
|    total_timesteps | 30000    |
| train/             |          |
|    actor_loss      | 1.1e+06  |
|    critic_loss     | 7.93e+03 |
|    ent_coef        | 8.36     |
|    ent_coef_loss   | -69.3    |
|    learning_rate   | 0.0003   |
|    n_updates       | 7474     |
---------------------------------
----------------------------------
| rollout/           |           |
|    ep_len_mean     | 161       |
|    ep_rew_mean     | -7.92e+06 |
| time/              |           |
|    episodes        | 284       |
|    fps             | 139       |
|    time_elapsed    | 287       |
|    total_timesteps | 40000     |
| train/             |           |
|    actor_loss      | 1.39e+06  |
|    critic_loss     | 9.86e+03  |
|    ent_coef        | 14.7      |
|    ent_coef_loss   | -30.2     |
|    learning_rate   | 0.0003    |
|    n_updates       | 9974      |
----------------------------------
----------------------------------
| rollout/           |           |
|    ep_len_mean     | 115       |
|    ep_rew_mean     | -5.28e+06 |
| time/              |           |
|    episodes        | 384       |
|    fps             | 139       |
|    time_elapsed    | 358       |
|    total_timesteps | 50000     |
| train/             |           |
|    actor_loss      | 1.63e+06  |
|    critic_loss     | 1.22e+04  |
|    ent_coef        | 25        |
|    ent_coef_loss   | -32.2     |
|    learning_rate   | 0.0003    |
|    n_updates       | 12474     |
----------------------------------
----------------------------------
| rollout/           |           |
|    ep_len_mean     | 141       |
|    ep_rew_mean     | -6.46e+06 |
| time/              |           |
|    episodes        | 458       |
|    fps             | 139       |
|    time_elapsed    | 430       |
|    total_timesteps | 60000     |
| train/             |           |
|    actor_loss      | 1.84e+06  |
|    critic_loss     | 1.41e+04  |
|    ent_coef        | 39.4      |
|    ent_coef_loss   | -10.3     |
|    learning_rate   | 0.0003    |
|    n_updates       | 14974     |
----------------------------------
----------------------------------
| rollout/           |           |
|    ep_len_mean     | 134       |
|    ep_rew_mean     | -5.73e+06 |
| time/              |           |
|    episodes        | 517       |
|    fps             | 139       |
|    time_elapsed    | 502       |
|    total_timesteps | 70000     |
| train/             |           |
|    actor_loss      | 1.98e+06  |
|    critic_loss     | 1.09e+04  |
|    ent_coef        | 63.3      |
|    ent_coef_loss   | -4.78     |
|    learning_rate   | 0.0003    |
|    n_updates       | 17474     |
----------------------------------
----------------------------------
| rollout/           |           |
|    ep_len_mean     | 5.64      |
|    ep_rew_mean     | -1.49e+05 |
| time/              |           |
|    episodes        | 2243      |
|    fps             | 139       |
|    time_elapsed    | 573       |
|    total_timesteps | 80000     |
| train/             |           |
|    actor_loss      | 1.71e+06  |
|    critic_loss     | 2.23e+04  |
|    ent_coef        | 193       |
|    ent_coef_loss   | -84.4     |
|    learning_rate   | 0.0003    |
|    n_updates       | 19974     |
----------------------------------
----------------------------------
| rollout/           |           |
|    ep_len_mean     | 5.15      |
|    ep_rew_mean     | -1.29e+05 |
| time/              |           |
|    episodes        | 2826      |
|    fps             | 139       |
|    time_elapsed    | 647       |
|    total_timesteps | 90000     |
| train/             |           |
|    actor_loss      | 1.46e+06  |
|    critic_loss     | 3.22e+04  |
|    ent_coef        | 334       |
|    ent_coef_loss   | -23.8     |
|    learning_rate   | 0.0003    |
|    n_updates       | 22474     |
----------------------------------
----------------------------------
| rollout/           |           |
|    ep_len_mean     | 55.2      |
|    ep_rew_mean     | -2.54e+06 |
| time/              |           |
|    episodes        | 3414      |
|    fps             | 138       |
|    time_elapsed    | 719       |
|    total_timesteps | 100000    |
| train/             |           |
|    actor_loss      | 1.48e+06  |
|    critic_loss     | 2.64e+04  |
|    ent_coef        | 281       |
|    ent_coef_loss   | 23.4      |
|    learning_rate   | 0.0003    |
|    n_updates       | 24974     |
----------------------------------
----------------------------------
| rollout/           |           |
|    ep_len_mean     | 40.6      |
|    ep_rew_mean     | -1.25e+06 |
| time/              |           |
|    episodes        | 3704      |
|    fps             | 139       |
|    time_elapsed    | 790       |
|    total_timesteps | 110000    |
| train/             |           |
|    actor_loss      | 1.73e+06  |
|    critic_loss     | 4.6e+04   |
|    ent_coef        | 114       |
|    ent_coef_loss   | 33.6      |
|    learning_rate   | 0.0003    |
|    n_updates       | 27474     |
----------------------------------
----------------------------------
| rollout/           |           |
|    ep_len_mean     | 33.5      |
|    ep_rew_mean     | -1.42e+06 |
| time/              |           |
|    episodes        | 3971      |
|    fps             | 139       |
|    time_elapsed    | 862       |
|    total_timesteps | 120000    |
| train/             |           |
|    actor_loss      | 1.92e+06  |
|    critic_loss     | 5.12e+04  |
|    ent_coef        | 102       |
|    ent_coef_loss   | -6.1      |
|    learning_rate   | 0.0003    |
|    n_updates       | 29974     |
----------------------------------
----------------------------------
| rollout/           |           |
|    ep_len_mean     | 96        |
|    ep_rew_mean     | -4.58e+06 |
| time/              |           |
|    episodes        | 4048      |
|    fps             | 139       |
|    time_elapsed    | 934       |
|    total_timesteps | 130000    |
| train/             |           |
|    actor_loss      | 2.07e+06  |
|    critic_loss     | 5.81e+04  |
|    ent_coef        | 168       |
|    ent_coef_loss   | 0.88      |
|    learning_rate   | 0.0003    |
|    n_updates       | 32474     |
----------------------------------
----------------------------------
| rollout/           |           |
|    ep_len_mean     | 184       |
|    ep_rew_mean     | -8.57e+06 |
| time/              |           |
|    episodes        | 4095      |
|    fps             | 139       |
|    time_elapsed    | 1006      |
|    total_timesteps | 140000    |
| train/             |           |
|    actor_loss      | 2.22e+06  |
|    critic_loss     | 5.45e+04  |
|    ent_coef        | 160       |
|    ent_coef_loss   | -2.35     |
|    learning_rate   | 0.0003    |
|    n_updates       | 34974     |
----------------------------------
----------------------------------
| rollout/           |           |
|    ep_len_mean     | 267       |
|    ep_rew_mean     | -1.26e+07 |
| time/              |           |
|    episodes        | 4127      |
|    fps             | 139       |
|    time_elapsed    | 1078      |
|    total_timesteps | 150000    |
| train/             |           |
|    actor_loss      | 2.41e+06  |
|    critic_loss     | 5.09e+04  |
|    ent_coef        | 239       |
|    ent_coef_loss   | -0.882    |
|    learning_rate   | 0.0003    |
|    n_updates       | 37474     |
----------------------------------
----------------------------------
| rollout/           |           |
|    ep_len_mean     | 255       |
|    ep_rew_mean     | -1.21e+07 |
| time/              |           |
|    episodes        | 4155      |
|    fps             | 139       |
|    time_elapsed    | 1150      |
|    total_timesteps | 160000    |
| train/             |           |
|    actor_loss      | 2.61e+06  |
|    critic_loss     | 4.78e+04  |
|    ent_coef        | 199       |
|    ent_coef_loss   | -1.81     |
|    learning_rate   | 0.0003    |
|    n_updates       | 39974     |
----------------------------------
----------------------------------
| rollout/           |           |
|    ep_len_mean     | 248       |
|    ep_rew_mean     | -1.19e+07 |
| time/              |           |
|    episodes        | 4212      |
|    fps             | 139       |
|    time_elapsed    | 1221      |
|    total_timesteps | 170000    |
| train/             |           |
|    actor_loss      | 2.89e+06  |
|    critic_loss     | 6.73e+04  |
|    ent_coef        | 153       |
|    ent_coef_loss   | -0.0887   |
|    learning_rate   | 0.0003    |
|    n_updates       | 42474     |
----------------------------------
----------------------------------
| rollout/           |           |
|    ep_len_mean     | 192       |
|    ep_rew_mean     | -8.81e+06 |
| time/              |           |
|    episodes        | 4260      |
|    fps             | 139       |
|    time_elapsed    | 1293      |
|    total_timesteps | 180000    |
| train/             |           |
|    actor_loss      | 2.94e+06  |
|    critic_loss     | 7.43e+04  |
|    ent_coef        | 159       |
|    ent_coef_loss   | 0.245     |
|    learning_rate   | 0.0003    |
|    n_updates       | 44974     |
----------------------------------
----------------------------------
| rollout/           |           |
|    ep_len_mean     | 55        |
|    ep_rew_mean     | -2.24e+06 |
| time/              |           |
|    episodes        | 4449      |
|    fps             | 139       |
|    time_elapsed    | 1365      |
|    total_timesteps | 190000    |
| train/             |           |
|    actor_loss      | 3.39e+06  |
|    critic_loss     | 6.01e+04  |
|    ent_coef        | 143       |
|    ent_coef_loss   | 2.17      |
|    learning_rate   | 0.0003    |
|    n_updates       | 47474     |
----------------------------------
----------------------------------
| rollout/           |           |
|    ep_len_mean     | 116       |
|    ep_rew_mean     | -5.13e+06 |
| time/              |           |
|    episodes        | 4504      |
|    fps             | 138       |
|    time_elapsed    | 1438      |
|    total_timesteps | 200000    |
| train/             |           |
|    actor_loss      | 3.49e+06  |
|    critic_loss     | 6.13e+04  |
|    ent_coef        | 106       |
|    ent_coef_loss   | -0.997    |
|    learning_rate   | 0.0003    |
|    n_updates       | 49974     |
----------------------------------
----------------------------------
| rollout/           |           |
|    ep_len_mean     | 56.5      |
|    ep_rew_mean     | -2.21e+06 |
| time/              |           |
|    episodes        | 4703      |
|    fps             | 138       |
|    time_elapsed    | 1512      |
|    total_timesteps | 210000    |
| train/             |           |
|    actor_loss      | 3.6e+06   |
|    critic_loss     | 5.82e+04  |
|    ent_coef        | 151       |
|    ent_coef_loss   | -1.5      |
|    learning_rate   | 0.0003    |
|    n_updates       | 52474     |
----------------------------------
----------------------------------
| rollout/           |           |
|    ep_len_mean     | 87.9      |
|    ep_rew_mean     | -3.72e+06 |
| time/              |           |
|    episodes        | 4804      |
|    fps             | 138       |
|    time_elapsed    | 1583      |
|    total_timesteps | 220000    |
| train/             |           |
|    actor_loss      | 3.49e+06  |
|    critic_loss     | 4.77e+04  |
|    ent_coef        | 148       |
|    ent_coef_loss   | -0.485    |
|    learning_rate   | 0.0003    |
|    n_updates       | 54974     |
----------------------------------
---------------------------------
| rollout/           |          |
|    ep_len_mean     | 28.8     |
|    ep_rew_mean     | -1e+06   |
| time/              |          |
|    episodes        | 5067     |
|    fps             | 138      |
|    time_elapsed    | 1654     |
|    total_timesteps | 230000   |
| train/             |          |
|    actor_loss      | 3.42e+06 |
|    critic_loss     | 7.95e+04 |
|    ent_coef        | 240      |
|    ent_coef_loss   | -2.42    |
|    learning_rate   | 0.0003   |
|    n_updates       | 57474    |
---------------------------------
----------------------------------
| rollout/           |           |
|    ep_len_mean     | 26.2      |
|    ep_rew_mean     | -1.05e+06 |
| time/              |           |
|    episodes        | 5479      |
|    fps             | 138       |
|    time_elapsed    | 1726      |
|    total_timesteps | 240000    |
| train/             |           |
|    actor_loss      | 3.25e+06  |
|    critic_loss     | 6.58e+04  |
|    ent_coef        | 382       |
|    ent_coef_loss   | -0.518    |
|    learning_rate   | 0.0003    |
|    n_updates       | 59974     |
----------------------------------
----------------------------------
| rollout/           |           |
|    ep_len_mean     | 6.59      |
|    ep_rew_mean     | -1.51e+05 |
| time/              |           |
|    episodes        | 6388      |
|    fps             | 138       |
|    time_elapsed    | 1800      |
|    total_timesteps | 250000    |
| train/             |           |
|    actor_loss      | 2.95e+06  |
|    critic_loss     | 8.67e+04  |
|    ent_coef        | 411       |
|    ent_coef_loss   | -6.5      |
|    learning_rate   | 0.0003    |
|    n_updates       | 62474     |
----------------------------------
----------------------------------
| rollout/           |           |
|    ep_len_mean     | 5.1       |
|    ep_rew_mean     | -1.08e+05 |
| time/              |           |
|    episodes        | 7609      |
|    fps             | 138       |
|    time_elapsed    | 1877      |
|    total_timesteps | 260000    |
| train/             |           |
|    actor_loss      | 2.56e+06  |
|    critic_loss     | 8.92e+04  |
|    ent_coef        | 573       |
|    ent_coef_loss   | -3.02     |
|    learning_rate   | 0.0003    |
|    n_updates       | 64974     |
----------------------------------
----------------------------------
| rollout/           |           |
|    ep_len_mean     | 8.24      |
|    ep_rew_mean     | -2.56e+05 |
| time/              |           |
|    episodes        | 9359      |
|    fps             | 138       |
|    time_elapsed    | 1953      |
|    total_timesteps | 270000    |
| train/             |           |
|    actor_loss      | 2.04e+06  |
|    critic_loss     | 7.08e+04  |
|    ent_coef        | 828       |
|    ent_coef_loss   | -2.66     |
|    learning_rate   | 0.0003    |
|    n_updates       | 67474     |
----------------------------------
---------------------------------
| rollout/           |          |
|    ep_len_mean     | 8.45     |
|    ep_rew_mean     | -2.1e+05 |
| time/              |          |
|    episodes        | 10484    |
|    fps             | 138      |
|    time_elapsed    | 2027     |
|    total_timesteps | 280000   |
| train/             |          |
|    actor_loss      | 1.61e+06 |
|    critic_loss     | 4.66e+04 |
|    ent_coef        | 536      |
|    ent_coef_loss   | -0.328   |
|    learning_rate   | 0.0003   |
|    n_updates       | 69974    |
---------------------------------
---------------------------------
| rollout/           |          |
|    ep_len_mean     | 8.21     |
|    ep_rew_mean     | -1.8e+05 |
| time/              |          |
|    episodes        | 11207    |
|    fps             | 137      |
|    time_elapsed    | 2102     |
|    total_timesteps | 290000   |
| train/             |          |
|    actor_loss      | 1.52e+06 |
|    critic_loss     | 4.65e+04 |
|    ent_coef        | 313      |
|    ent_coef_loss   | 5.11     |
|    learning_rate   | 0.0003   |
|    n_updates       | 72474    |
---------------------------------
----------------------------------
| rollout/           |           |
|    ep_len_mean     | 5.72      |
|    ep_rew_mean     | -1.25e+05 |
| time/              |           |
|    episodes        | 11993     |
|    fps             | 137       |
|    time_elapsed    | 2177      |
|    total_timesteps | 300000    |
| train/             |           |
|    actor_loss      | 1.75e+06  |
|    critic_loss     | 6.67e+04  |
|    ent_coef        | 272       |
|    ent_coef_loss   | -2.56     |
|    learning_rate   | 0.0003    |
|    n_updates       | 74974     |
----------------------------------
----------------------------------
| rollout/           |           |
|    ep_len_mean     | 5.3       |
|    ep_rew_mean     | -1.09e+05 |
| time/              |           |
|    episodes        | 13850     |
|    fps             | 137       |
|    time_elapsed    | 2252      |
|    total_timesteps | 310000    |
| train/             |           |
|    actor_loss      | 1.62e+06  |
|    critic_loss     | 7.08e+04  |
|    ent_coef        | 389       |
|    ent_coef_loss   | -2.55     |
|    learning_rate   | 0.0003    |
|    n_updates       | 77474     |
----------------------------------
---------------------------------
| rollout/           |          |
|    ep_len_mean     | 5.02     |
|    ep_rew_mean     | -1e+05   |
| time/              |          |
|    episodes        | 15747    |
|    fps             | 137      |
|    time_elapsed    | 2327     |
|    total_timesteps | 320000   |
| train/             |          |
|    actor_loss      | 1.53e+06 |
|    critic_loss     | 7.48e+04 |
|    ent_coef        | 402      |
|    ent_coef_loss   | 1.25     |
|    learning_rate   | 0.0003   |
|    n_updates       | 79974    |
---------------------------------
----------------------------------
| rollout/           |           |
|    ep_len_mean     | 5.02      |
|    ep_rew_mean     | -1.04e+05 |
| time/              |           |
|    episodes        | 17730     |
|    fps             | 137       |
|    time_elapsed    | 2402      |
|    total_timesteps | 330000    |
| train/             |           |
|    actor_loss      | 1.57e+06  |
|    critic_loss     | 5.76e+04  |
|    ent_coef        | 372       |
|    ent_coef_loss   | -0.321    |
|    learning_rate   | 0.0003    |
|    n_updates       | 82474     |
----------------------------------
----------------------------------
| rollout/           |           |
|    ep_len_mean     | 5         |
|    ep_rew_mean     | -1.03e+05 |
| time/              |           |
|    episodes        | 19720     |
|    fps             | 137       |
|    time_elapsed    | 2477      |
|    total_timesteps | 340000    |
| train/             |           |
|    actor_loss      | 1.35e+06  |
|    critic_loss     | 4.84e+04  |
|    ent_coef        | 351       |
|    ent_coef_loss   | 1.39      |
|    learning_rate   | 0.0003    |
|    n_updates       | 84974     |
----------------------------------
----------------------------------
| rollout/           |           |
|    ep_len_mean     | 5         |
|    ep_rew_mean     | -1.01e+05 |
| time/              |           |
|    episodes        | 21715     |
|    fps             | 136       |
|    time_elapsed    | 2555      |
|    total_timesteps | 350000    |
| train/             |           |
|    actor_loss      | 1.24e+06  |
|    critic_loss     | 4.59e+04  |
|    ent_coef        | 334       |
|    ent_coef_loss   | -1.37     |
|    learning_rate   | 0.0003    |
|    n_updates       | 87474     |
----------------------------------
---------------------------------
| rollout/           |          |
|    ep_len_mean     | 5.08     |
|    ep_rew_mean     | -1e+05   |
| time/              |          |
|    episodes        | 23707    |
|    fps             | 136      |
|    time_elapsed    | 2631     |
|    total_timesteps | 360000   |
| train/             |          |
|    actor_loss      | 1.16e+06 |
|    critic_loss     | 3.93e+04 |
|    ent_coef        | 330      |
|    ent_coef_loss   | 3.75     |
|    learning_rate   | 0.0003   |
|    n_updates       | 89974    |
---------------------------------
----------------------------------
| rollout/           |           |
|    ep_len_mean     | 5.09      |
|    ep_rew_mean     | -1.01e+05 |
| time/              |           |
|    episodes        | 25686     |
|    fps             | 136       |
|    time_elapsed    | 2710      |
|    total_timesteps | 370000    |
| train/             |           |
|    actor_loss      | 1.17e+06  |
|    critic_loss     | 3.65e+04  |
|    ent_coef        | 325       |
|    ent_coef_loss   | 2.7       |
|    learning_rate   | 0.0003    |
|    n_updates       | 92474     |
----------------------------------
----------------------------------
| rollout/           |           |
|    ep_len_mean     | 5.08      |
|    ep_rew_mean     | -9.99e+04 |
| time/              |           |
|    episodes        | 27643     |
|    fps             | 136       |
|    time_elapsed    | 2787      |
|    total_timesteps | 380000    |
| train/             |           |
|    actor_loss      | 9.99e+05  |
|    critic_loss     | 2.77e+04  |
|    ent_coef        | 316       |
|    ent_coef_loss   | -0.689    |
|    learning_rate   | 0.0003    |
|    n_updates       | 94974     |
----------------------------------
----------------------------------
| rollout/           |           |
|    ep_len_mean     | 5.34      |
|    ep_rew_mean     | -1.07e+05 |
| time/              |           |
|    episodes        | 29524     |
|    fps             | 136       |
|    time_elapsed    | 2864      |
|    total_timesteps | 390000    |
| train/             |           |
|    actor_loss      | 9.88e+05  |
|    critic_loss     | 3.35e+04  |
|    ent_coef        | 308       |
|    ent_coef_loss   | 5.92      |
|    learning_rate   | 0.0003    |
|    n_updates       | 97474     |
----------------------------------
----------------------------------
| rollout/           |           |
|    ep_len_mean     | 5.01      |
|    ep_rew_mean     | -9.94e+04 |
| time/              |           |
|    episodes        | 31166     |
|    fps             | 135       |
|    time_elapsed    | 2942      |
|    total_timesteps | 400000    |
| train/             |           |
|    actor_loss      | 8.69e+05  |
|    critic_loss     | 3.04e+04  |
|    ent_coef        | 295       |
|    ent_coef_loss   | -2.09     |
|    learning_rate   | 0.0003    |
|    n_updates       | 99974     |
----------------------------------
----------------------------------
| rollout/           |           |
|    ep_len_mean     | 5.07      |
|    ep_rew_mean     | -1.03e+05 |
| time/              |           |
|    episodes        | 32999     |
|    fps             | 135       |
|    time_elapsed    | 3019      |
|    total_timesteps | 410000    |
| train/             |           |
|    actor_loss      | 8.51e+05  |
|    critic_loss     | 2.94e+04  |
|    ent_coef        | 282       |
|    ent_coef_loss   | 8.3       |
|    learning_rate   | 0.0003    |
|    n_updates       | 102474    |
----------------------------------
----------------------------------
| rollout/           |           |
|    ep_len_mean     | 5.1       |
|    ep_rew_mean     | -1.03e+05 |
| time/              |           |
|    episodes        | 34965     |
|    fps             | 135       |
|    time_elapsed    | 3099      |
|    total_timesteps | 420000    |
| train/             |           |
|    actor_loss      | 7.74e+05  |
|    critic_loss     | 2.8e+04   |
|    ent_coef        | 274       |
|    ent_coef_loss   | -1.74     |
|    learning_rate   | 0.0003    |
|    n_updates       | 104974    |
----------------------------------
----------------------------------
| rollout/           |           |
|    ep_len_mean     | 5.13      |
|    ep_rew_mean     | -1.06e+05 |
| time/              |           |
|    episodes        | 36922     |
|    fps             | 135       |
|    time_elapsed    | 3179      |
|    total_timesteps | 430000    |
| train/             |           |
|    actor_loss      | 7.85e+05  |
|    critic_loss     | 2.99e+04  |
|    ent_coef        | 269       |
|    ent_coef_loss   | -1.26     |
|    learning_rate   | 0.0003    |
|    n_updates       | 107474    |
----------------------------------
----------------------------------
| rollout/           |           |
|    ep_len_mean     | 5.29      |
|    ep_rew_mean     | -1.09e+05 |
| time/              |           |
|    episodes        | 38850     |
|    fps             | 135       |
|    time_elapsed    | 3257      |
|    total_timesteps | 440000    |
| train/             |           |
|    actor_loss      | 7.48e+05  |
|    critic_loss     | 2.76e+04  |
|    ent_coef        | 260       |
|    ent_coef_loss   | -0.935    |
|    learning_rate   | 0.0003    |
|    n_updates       | 109974    |
----------------------------------
----------------------------------
| rollout/           |           |
|    ep_len_mean     | 5.36      |
|    ep_rew_mean     | -1.09e+05 |
| time/              |           |
|    episodes        | 40755     |
|    fps             | 134       |
|    time_elapsed    | 3336      |
|    total_timesteps | 450000    |
| train/             |           |
|    actor_loss      | 7e+05     |
|    critic_loss     | 2.72e+04  |
|    ent_coef        | 254       |
|    ent_coef_loss   | -1.7      |
|    learning_rate   | 0.0003    |
|    n_updates       | 112474    |
----------------------------------
----------------------------------
| rollout/           |           |
|    ep_len_mean     | 5.54      |
|    ep_rew_mean     | -1.13e+05 |
| time/              |           |
|    episodes        | 42553     |
|    fps             | 134       |
|    time_elapsed    | 3414      |
|    total_timesteps | 460000    |
| train/             |           |
|    actor_loss      | 6.67e+05  |
|    critic_loss     | 2.76e+04  |
|    ent_coef        | 237       |
|    ent_coef_loss   | -0.987    |
|    learning_rate   | 0.0003    |
|    n_updates       | 114974    |
----------------------------------
----------------------------------
| rollout/           |           |
|    ep_len_mean     | 6.46      |
|    ep_rew_mean     | -1.32e+05 |
| time/              |           |
|    episodes        | 43958     |
|    fps             | 134       |
|    time_elapsed    | 3492      |
|    total_timesteps | 470000    |
| train/             |           |
|    actor_loss      | 6.39e+05  |
|    critic_loss     | 3.05e+04  |
|    ent_coef        | 221       |
|    ent_coef_loss   | 1.62      |
|    learning_rate   | 0.0003    |
|    n_updates       | 117474    |
----------------------------------
----------------------------------
| rollout/           |           |
|    ep_len_mean     | 9.89      |
|    ep_rew_mean     | -1.99e+05 |
| time/              |           |
|    episodes        | 45141     |
|    fps             | 134       |
|    time_elapsed    | 3570      |
|    total_timesteps | 480000    |
| train/             |           |
|    actor_loss      | 6.25e+05  |
|    critic_loss     | 2.51e+04  |
|    ent_coef        | 208       |
|    ent_coef_loss   | -0.231    |
|    learning_rate   | 0.0003    |
|    n_updates       | 119974    |
----------------------------------
----------------------------------
| rollout/           |           |
|    ep_len_mean     | 10.1      |
|    ep_rew_mean     | -2.16e+05 |
| time/              |           |
|    episodes        | 46050     |
|    fps             | 134       |
|    time_elapsed    | 3648      |
|    total_timesteps | 490000    |
| train/             |           |
|    actor_loss      | 6.9e+05   |
|    critic_loss     | 2.79e+04  |
|    ent_coef        | 206       |
|    ent_coef_loss   | 1.37      |
|    learning_rate   | 0.0003    |
|    n_updates       | 122474    |
----------------------------------
----------------------------------
| rollout/           |           |
|    ep_len_mean     | 5.62      |
|    ep_rew_mean     | -1.17e+05 |
| time/              |           |
|    episodes        | 47212     |
|    fps             | 134       |
|    time_elapsed    | 3727      |
|    total_timesteps | 500000    |
| train/             |           |
|    actor_loss      | 6.41e+05  |
|    critic_loss     | 2.94e+04  |
|    ent_coef        | 204       |
|    ent_coef_loss   | -1.01     |
|    learning_rate   | 0.0003    |
|    n_updates       | 124974    |
----------------------------------
----------------------------------
| rollout/           |           |
|    ep_len_mean     | 5.02      |
|    ep_rew_mean     | -1.02e+05 |
| time/              |           |
|    episodes        | 49096     |
|    fps             | 133       |
|    time_elapsed    | 3807      |
|    total_timesteps | 510000    |
| train/             |           |
|    actor_loss      | 5.46e+05  |
|    critic_loss     | 2.93e+04  |
|    ent_coef        | 215       |
|    ent_coef_loss   | 2.48      |
|    learning_rate   | 0.0003    |
|    n_updates       | 127474    |
----------------------------------
----------------------------------
| rollout/           |           |
|    ep_len_mean     | 5.66      |
|    ep_rew_mean     | -1.17e+05 |
| time/              |           |
|    episodes        | 50781     |
|    fps             | 133       |
|    time_elapsed    | 3886      |
|    total_timesteps | 520000    |
| train/             |           |
|    actor_loss      | 6.04e+05  |
|    critic_loss     | 3.22e+04  |
|    ent_coef        | 215       |
|    ent_coef_loss   | 1.15      |
|    learning_rate   | 0.0003    |
|    n_updates       | 129974    |
----------------------------------
----------------------------------
| rollout/           |           |
|    ep_len_mean     | 7.09      |
|    ep_rew_mean     | -1.57e+05 |
| time/              |           |
|    episodes        | 52152     |
|    fps             | 133       |
|    time_elapsed    | 3967      |
|    total_timesteps | 530000    |
| train/             |           |
|    actor_loss      | 6.48e+05  |
|    critic_loss     | 3.29e+04  |
|    ent_coef        | 209       |
|    ent_coef_loss   | -4.12     |
|    learning_rate   | 0.0003    |
|    n_updates       | 132474    |
----------------------------------
----------------------------------
| rollout/           |           |
|    ep_len_mean     | 7.09      |
|    ep_rew_mean     | -1.68e+05 |
| time/              |           |
|    episodes        | 53397     |
|    fps             | 133       |
|    time_elapsed    | 4046      |
|    total_timesteps | 540000    |
| train/             |           |
|    actor_loss      | 6.44e+05  |
|    critic_loss     | 3.11e+04  |
|    ent_coef        | 210       |
|    ent_coef_loss   | -1.35     |
|    learning_rate   | 0.0003    |
|    n_updates       | 134974    |
----------------------------------
----------------------------------
| rollout/           |           |
|    ep_len_mean     | 5.45      |
|    ep_rew_mean     | -1.24e+05 |
| time/              |           |
|    episodes        | 55092     |
|    fps             | 133       |
|    time_elapsed    | 4127      |
|    total_timesteps | 550000    |
| train/             |           |
|    actor_loss      | 6.61e+05  |
|    critic_loss     | 4.04e+04  |
|    ent_coef        | 215       |
|    ent_coef_loss   | 4.15      |
|    learning_rate   | 0.0003    |
|    n_updates       | 137474    |
----------------------------------
----------------------------------
| rollout/           |           |
|    ep_len_mean     | 5.42      |
|    ep_rew_mean     | -1.23e+05 |
| time/              |           |
|    episodes        | 56954     |
|    fps             | 133       |
|    time_elapsed    | 4207      |
|    total_timesteps | 560000    |
| train/             |           |
|    actor_loss      | 5.61e+05  |
|    critic_loss     | 4.25e+04  |
|    ent_coef        | 214       |
|    ent_coef_loss   | 2.89      |
|    learning_rate   | 0.0003    |
|    n_updates       | 139974    |
----------------------------------
---------------------------------
| rollout/           |          |
|    ep_len_mean     | 5.02     |
|    ep_rew_mean     | -1.1e+05 |
| time/              |          |
|    episodes        | 58875    |
|    fps             | 132      |
|    time_elapsed    | 4287     |
|    total_timesteps | 570000   |
| train/             |          |
|    actor_loss      | 5.53e+05 |
|    critic_loss     | 3.8e+04  |
|    ent_coef        | 212      |
|    ent_coef_loss   | -2.28    |
|    learning_rate   | 0.0003   |
|    n_updates       | 142474   |
---------------------------------
----------------------------------
| rollout/           |           |
|    ep_len_mean     | 5.02      |
|    ep_rew_mean     | -1.07e+05 |
| time/              |           |
|    episodes        | 60524     |
|    fps             | 132       |
|    time_elapsed    | 4369      |
|    total_timesteps | 580000    |
| train/             |           |
|    actor_loss      | 6.07e+05  |
|    critic_loss     | 3.88e+04  |
|    ent_coef        | 207       |
|    ent_coef_loss   | -0.274    |
|    learning_rate   | 0.0003    |
|    n_updates       | 144974    |
----------------------------------
----------------------------------
| rollout/           |           |
|    ep_len_mean     | 15        |
|    ep_rew_mean     | -4.76e+05 |
| time/              |           |
|    episodes        | 61509     |
|    fps             | 132       |
|    time_elapsed    | 4449      |
|    total_timesteps | 590000    |
| train/             |           |
|    actor_loss      | 6.24e+05  |
|    critic_loss     | 3.8e+04   |
|    ent_coef        | 201       |
|    ent_coef_loss   | 1.49      |
|    learning_rate   | 0.0003    |
|    n_updates       | 147474    |
----------------------------------
----------------------------------
| rollout/           |           |
|    ep_len_mean     | 15.1      |
|    ep_rew_mean     | -5.52e+05 |
| time/              |           |
|    episodes        | 62566     |
|    fps             | 132       |
|    time_elapsed    | 4530      |
|    total_timesteps | 600000    |
| train/             |           |
|    actor_loss      | 7.35e+05  |
|    critic_loss     | 3.74e+04  |
|    ent_coef        | 195       |
|    ent_coef_loss   | -4.86     |
|    learning_rate   | 0.0003    |
|    n_updates       | 149974    |
----------------------------------
----------------------------------
| rollout/           |           |
|    ep_len_mean     | 5         |
|    ep_rew_mean     | -9.91e+04 |
| time/              |           |
|    episodes        | 64350     |
|    fps             | 132       |
|    time_elapsed    | 4611      |
|    total_timesteps | 610000    |
| train/             |           |
|    actor_loss      | 7.25e+05  |
|    critic_loss     | 4.59e+04  |
|    ent_coef        | 205       |
|    ent_coef_loss   | -6.63     |
|    learning_rate   | 0.0003    |
|    n_updates       | 152474    |
----------------------------------
----------------------------------
| rollout/           |           |
|    ep_len_mean     | 5         |
|    ep_rew_mean     | -9.82e+04 |
| time/              |           |
|    episodes        | 66273     |
|    fps             | 132       |
|    time_elapsed    | 4691      |
|    total_timesteps | 620000    |
| train/             |           |
|    actor_loss      | 6.62e+05  |
|    critic_loss     | 4.77e+04  |
|    ent_coef        | 207       |
|    ent_coef_loss   | -2        |
|    learning_rate   | 0.0003    |
|    n_updates       | 154974    |
----------------------------------
----------------------------------
| rollout/           |           |
|    ep_len_mean     | 5         |
|    ep_rew_mean     | -9.83e+04 |
| time/              |           |
|    episodes        | 68269     |
|    fps             | 132       |
|    time_elapsed    | 4772      |
|    total_timesteps | 630000    |
| train/             |           |
|    actor_loss      | 7.21e+05  |
|    critic_loss     | 4.43e+04  |
|    ent_coef        | 211       |
|    ent_coef_loss   | 1.84      |
|    learning_rate   | 0.0003    |
|    n_updates       | 157474    |
----------------------------------
----------------------------------
| rollout/           |           |
|    ep_len_mean     | 5.04      |
|    ep_rew_mean     | -9.89e+04 |
| time/              |           |
|    episodes        | 70264     |
|    fps             | 131       |
|    time_elapsed    | 4852      |
|    total_timesteps | 640000    |
| train/             |           |
|    actor_loss      | 7.78e+05  |
|    critic_loss     | 4.69e+04  |
|    ent_coef        | 209       |
|    ent_coef_loss   | 0.956     |
|    learning_rate   | 0.0003    |
|    n_updates       | 159974    |
----------------------------------
----------------------------------
| rollout/           |           |
|    ep_len_mean     | 5.03      |
|    ep_rew_mean     | -9.87e+04 |
| time/              |           |
|    episodes        | 72256     |
|    fps             | 131       |
|    time_elapsed    | 4934      |
|    total_timesteps | 650000    |
| train/             |           |
|    actor_loss      | 7.47e+05  |
|    critic_loss     | 4.88e+04  |
|    ent_coef        | 209       |
|    ent_coef_loss   | 2.5       |
|    learning_rate   | 0.0003    |
|    n_updates       | 162474    |
----------------------------------
----------------------------------
| rollout/           |           |
|    ep_len_mean     | 5.02      |
|    ep_rew_mean     | -9.89e+04 |
| time/              |           |
|    episodes        | 74249     |
|    fps             | 131       |
|    time_elapsed    | 5014      |
|    total_timesteps | 660000    |
| train/             |           |
|    actor_loss      | 7.06e+05  |
|    critic_loss     | 4.53e+04  |
|    ent_coef        | 210       |
|    ent_coef_loss   | -0.264    |
|    learning_rate   | 0.0003    |
|    n_updates       | 164974    |
----------------------------------
----------------------------------
| rollout/           |           |
|    ep_len_mean     | 5.03      |
|    ep_rew_mean     | -9.86e+04 |
| time/              |           |
|    episodes        | 76240     |
|    fps             | 131       |
|    time_elapsed    | 5096      |
|    total_timesteps | 670000    |
| train/             |           |
|    actor_loss      | 7.08e+05  |
|    critic_loss     | 5.52e+04  |
|    ent_coef        | 207       |
|    ent_coef_loss   | 1.7       |
|    learning_rate   | 0.0003    |
|    n_updates       | 167474    |
----------------------------------
----------------------------------
| rollout/           |           |
|    ep_len_mean     | 5.01      |
|    ep_rew_mean     | -9.82e+04 |
| time/              |           |
|    episodes        | 78236     |
|    fps             | 131       |
|    time_elapsed    | 5176      |
|    total_timesteps | 680000    |
| train/             |           |
|    actor_loss      | 6.81e+05  |
|    critic_loss     | 5.17e+04  |
|    ent_coef        | 200       |
|    ent_coef_loss   | -1.27     |
|    learning_rate   | 0.0003    |
|    n_updates       | 169974    |
----------------------------------
----------------------------------
| rollout/           |           |
|    ep_len_mean     | 5.02      |
|    ep_rew_mean     | -9.88e+04 |
| time/              |           |
|    episodes        | 80233     |
|    fps             | 131       |
|    time_elapsed    | 5256      |
|    total_timesteps | 690000    |
| train/             |           |
|    actor_loss      | 6.54e+05  |
|    critic_loss     | 5.08e+04  |
|    ent_coef        | 188       |
|    ent_coef_loss   | -6.48     |
|    learning_rate   | 0.0003    |
|    n_updates       | 172474    |
----------------------------------
---------------------------------
| rollout/           |          |
|    ep_len_mean     | 5        |
|    ep_rew_mean     | -1e+05   |
| time/              |          |
|    episodes        | 82226    |
|    fps             | 131      |
|    time_elapsed    | 5337     |
|    total_timesteps | 700000   |
| train/             |          |
|    actor_loss      | 6.7e+05  |
|    critic_loss     | 4.8e+04  |
|    ent_coef        | 178      |
|    ent_coef_loss   | -4.23    |
|    learning_rate   | 0.0003   |
|    n_updates       | 174974   |
---------------------------------
----------------------------------
| rollout/           |           |
|    ep_len_mean     | 5.16      |
|    ep_rew_mean     | -1.03e+05 |
| time/              |           |
|    episodes        | 84160     |
|    fps             | 131       |
|    time_elapsed    | 5418      |
|    total_timesteps | 710000    |
| train/             |           |
|    actor_loss      | 5.49e+05  |
|    critic_loss     | 4.22e+04  |
|    ent_coef        | 166       |
|    ent_coef_loss   | -0.234    |
|    learning_rate   | 0.0003    |
|    n_updates       | 177474    |
----------------------------------
----------------------------------
| rollout/           |           |
|    ep_len_mean     | 5.07      |
|    ep_rew_mean     | -9.94e+04 |
| time/              |           |
|    episodes        | 86141     |
|    fps             | 130       |
|    time_elapsed    | 5499      |
|    total_timesteps | 720000    |
| train/             |           |
|    actor_loss      | 5.03e+05  |
|    critic_loss     | 3.75e+04  |
|    ent_coef        | 158       |
|    ent_coef_loss   | 0.0889    |
|    learning_rate   | 0.0003    |
|    n_updates       | 179974    |
----------------------------------
---------------------------------
| rollout/           |          |
|    ep_len_mean     | 5.13     |
|    ep_rew_mean     | -1e+05   |
| time/              |          |
|    episodes        | 88106    |
|    fps             | 130      |
|    time_elapsed    | 5580     |
|    total_timesteps | 730000   |
| train/             |          |
|    actor_loss      | 5.49e+05 |
|    critic_loss     | 3.48e+04 |
|    ent_coef        | 152      |
|    ent_coef_loss   | 0.857    |
|    learning_rate   | 0.0003   |
|    n_updates       | 182474   |
---------------------------------
---------------------------------
| rollout/           |          |
|    ep_len_mean     | 5.13     |
|    ep_rew_mean     | -1e+05   |
| time/              |          |
|    episodes        | 90048    |
|    fps             | 130      |
|    time_elapsed    | 5658     |
|    total_timesteps | 740000   |
| train/             |          |
|    actor_loss      | 4.57e+05 |
|    critic_loss     | 3.43e+04 |
|    ent_coef        | 145      |
|    ent_coef_loss   | -1.9     |
|    learning_rate   | 0.0003   |
|    n_updates       | 184974   |
---------------------------------
----------------------------------
| rollout/           |           |
|    ep_len_mean     | 5.2       |
|    ep_rew_mean     | -1.02e+05 |
| time/              |           |
|    episodes        | 91961     |
|    fps             | 130       |
|    time_elapsed    | 5739      |
|    total_timesteps | 750000    |
| train/             |           |
|    actor_loss      | 4.55e+05  |
|    critic_loss     | 3.14e+04  |
|    ent_coef        | 141       |
|    ent_coef_loss   | 2.46      |
|    learning_rate   | 0.0003    |
|    n_updates       | 187474    |
----------------------------------
----------------------------------
| rollout/           |           |
|    ep_len_mean     | 26.2      |
|    ep_rew_mean     | -3.73e+05 |
| time/              |           |
|    episodes        | 92592     |
|    fps             | 130       |
|    time_elapsed    | 5819      |
|    total_timesteps | 760000    |
| train/             |           |
|    actor_loss      | 4.49e+05  |
|    critic_loss     | 3.46e+04  |
|    ent_coef        | 157       |
|    ent_coef_loss   | 3.44      |
|    learning_rate   | 0.0003    |
|    n_updates       | 189974    |
----------------------------------
----------------------------------
| rollout/           |           |
|    ep_len_mean     | 5.08      |
|    ep_rew_mean     | -9.96e+04 |
| time/              |           |
|    episodes        | 94265     |
|    fps             | 130       |
|    time_elapsed    | 5899      |
|    total_timesteps | 770000    |
| train/             |           |
|    actor_loss      | 4.54e+05  |
|    critic_loss     | 2.94e+04  |
|    ent_coef        | 161       |
|    ent_coef_loss   | 4.51      |
|    learning_rate   | 0.0003    |
|    n_updates       | 192474    |
----------------------------------
----------------------------------
| rollout/           |           |
|    ep_len_mean     | 10.7      |
|    ep_rew_mean     | -3.39e+05 |
| time/              |           |
|    episodes        | 95973     |
|    fps             | 130       |
|    time_elapsed    | 5979      |
|    total_timesteps | 780000    |
| train/             |           |
|    actor_loss      | 5.36e+05  |
|    critic_loss     | 2.83e+04  |
|    ent_coef        | 141       |
|    ent_coef_loss   | -7.97     |
|    learning_rate   | 0.0003    |
|    n_updates       | 194974    |
----------------------------------
----------------------------------
| rollout/           |           |
|    ep_len_mean     | 6.07      |
|    ep_rew_mean     | -1.29e+05 |
| time/              |           |
|    episodes        | 97317     |
|    fps             | 130       |
|    time_elapsed    | 6059      |
|    total_timesteps | 790000    |
| train/             |           |
|    actor_loss      | 4.22e+05  |
|    critic_loss     | 2.17e+04  |
|    ent_coef        | 137       |
|    ent_coef_loss   | 2.69      |
|    learning_rate   | 0.0003    |
|    n_updates       | 197474    |
----------------------------------
----------------------------------
| rollout/           |           |
|    ep_len_mean     | 8.62      |
|    ep_rew_mean     | -2.25e+05 |
| time/              |           |
|    episodes        | 98537     |
|    fps             | 130       |
|    time_elapsed    | 6140      |
|    total_timesteps | 800000    |
| train/             |           |
|    actor_loss      | 4.91e+05  |
|    critic_loss     | 1.96e+04  |
|    ent_coef        | 141       |
|    ent_coef_loss   | -2.33     |
|    learning_rate   | 0.0003    |
|    n_updates       | 199974    |
----------------------------------
----------------------------------
| rollout/           |           |
|    ep_len_mean     | 5.36      |
|    ep_rew_mean     | -1.06e+05 |
| time/              |           |
|    episodes        | 100046    |
|    fps             | 130       |
|    time_elapsed    | 6221      |
|    total_timesteps | 810000    |
| train/             |           |
|    actor_loss      | 4.85e+05  |
|    critic_loss     | 2.25e+04  |
|    ent_coef        | 145       |
|    ent_coef_loss   | 0.827     |
|    learning_rate   | 0.0003    |
|    n_updates       | 202474    |
----------------------------------
----------------------------------
| rollout/           |           |
|    ep_len_mean     | 5.63      |
|    ep_rew_mean     | -1.11e+05 |
| time/              |           |
|    episodes        | 101848    |
|    fps             | 130       |
|    time_elapsed    | 6301      |
|    total_timesteps | 820000    |
| train/             |           |
|    actor_loss      | 5.18e+05  |
|    critic_loss     | 2.13e+04  |
|    ent_coef        | 146       |
|    ent_coef_loss   | 1.97      |
|    learning_rate   | 0.0003    |
|    n_updates       | 204974    |
----------------------------------
----------------------------------
| rollout/           |           |
|    ep_len_mean     | 8.24      |
|    ep_rew_mean     | -1.63e+05 |
| time/              |           |
|    episodes        | 102905    |
|    fps             | 130       |
|    time_elapsed    | 6382      |
|    total_timesteps | 830000    |
| train/             |           |
|    actor_loss      | 5.01e+05  |
|    critic_loss     | 1.86e+04  |
|    ent_coef        | 148       |
|    ent_coef_loss   | 3.13      |
|    learning_rate   | 0.0003    |
|    n_updates       | 207474    |
----------------------------------
----------------------------------
| rollout/           |           |
|    ep_len_mean     | 6.08      |
|    ep_rew_mean     | -1.13e+05 |
| time/              |           |
|    episodes        | 104148    |
|    fps             | 129       |
|    time_elapsed    | 6462      |
|    total_timesteps | 840000    |
| train/             |           |
|    actor_loss      | 5.17e+05  |
|    critic_loss     | 2.22e+04  |
|    ent_coef        | 143       |
|    ent_coef_loss   | -3.04     |
|    learning_rate   | 0.0003    |
|    n_updates       | 209974    |
----------------------------------
----------------------------------
| rollout/           |           |
|    ep_len_mean     | 6.57      |
|    ep_rew_mean     | -1.17e+05 |
| time/              |           |
|    episodes        | 105705    |
|    fps             | 129       |
|    time_elapsed    | 6542      |
|    total_timesteps | 850000    |
| train/             |           |
|    actor_loss      | 5.13e+05  |
|    critic_loss     | 2.49e+04  |
|    ent_coef        | 137       |
|    ent_coef_loss   | 4.82      |
|    learning_rate   | 0.0003    |
|    n_updates       | 212474    |
----------------------------------
----------------------------------
| rollout/           |           |
|    ep_len_mean     | 6.15      |
|    ep_rew_mean     | -1.06e+05 |
| time/              |           |
|    episodes        | 107268    |
|    fps             | 129       |
|    time_elapsed    | 6624      |
|    total_timesteps | 860000    |
| train/             |           |
|    actor_loss      | 5.37e+05  |
|    critic_loss     | 2.58e+04  |
|    ent_coef        | 130       |
|    ent_coef_loss   | -3.13     |
|    learning_rate   | 0.0003    |
|    n_updates       | 214974    |
----------------------------------
----------------------------------
| rollout/           |           |
|    ep_len_mean     | 6.36      |
|    ep_rew_mean     | -1.11e+05 |
| time/              |           |
|    episodes        | 108707    |
|    fps             | 129       |
|    time_elapsed    | 6703      |
|    total_timesteps | 870000    |
| train/             |           |
|    actor_loss      | 4.82e+05  |
|    critic_loss     | 1.84e+04  |
|    ent_coef        | 126       |
|    ent_coef_loss   | 1.15      |
|    learning_rate   | 0.0003    |
|    n_updates       | 217474    |
----------------------------------
---------------------------------
| rollout/           |          |
|    ep_len_mean     | 6.21     |
|    ep_rew_mean     | -1.1e+05 |
| time/              |          |
|    episodes        | 110257   |
|    fps             | 129      |
|    time_elapsed    | 6784     |
|    total_timesteps | 880000   |
| train/             |          |
|    actor_loss      | 4.67e+05 |
|    critic_loss     | 2.11e+04 |
|    ent_coef        | 123      |
|    ent_coef_loss   | -1.39    |
|    learning_rate   | 0.0003   |
|    n_updates       | 219974   |
---------------------------------
----------------------------------
| rollout/           |           |
|    ep_len_mean     | 6.42      |
|    ep_rew_mean     | -1.16e+05 |
| time/              |           |
|    episodes        | 111767    |
|    fps             | 129       |
|    time_elapsed    | 6865      |
|    total_timesteps | 890000    |
| train/             |           |
|    actor_loss      | 4.57e+05  |
|    critic_loss     | 1.95e+04  |
|    ent_coef        | 117       |
|    ent_coef_loss   | -3.51     |
|    learning_rate   | 0.0003    |
|    n_updates       | 222474    |
----------------------------------
----------------------------------
| rollout/           |           |
|    ep_len_mean     | 5.69      |
|    ep_rew_mean     | -1.06e+05 |
| time/              |           |
|    episodes        | 113388    |
|    fps             | 129       |
|    time_elapsed    | 6945      |
|    total_timesteps | 900000    |
| train/             |           |
|    actor_loss      | 4.33e+05  |
|    critic_loss     | 2.04e+04  |
|    ent_coef        | 113       |
|    ent_coef_loss   | 1.1       |
|    learning_rate   | 0.0003    |
|    n_updates       | 224974    |
----------------------------------
----------------------------------
| rollout/           |           |
|    ep_len_mean     | 5.73      |
|    ep_rew_mean     | -1.07e+05 |
| time/              |           |
|    episodes        | 115103    |
|    fps             | 129       |
|    time_elapsed    | 7025      |
|    total_timesteps | 910000    |
| train/             |           |
|    actor_loss      | 4.38e+05  |
|    critic_loss     | 1.92e+04  |
|    ent_coef        | 113       |
|    ent_coef_loss   | -3.7      |
|    learning_rate   | 0.0003    |
|    n_updates       | 227474    |
----------------------------------
----------------------------------
| rollout/           |           |
|    ep_len_mean     | 5.47      |
|    ep_rew_mean     | -1.03e+05 |
| time/              |           |
|    episodes        | 116932    |
|    fps             | 129       |
|    time_elapsed    | 7105      |
|    total_timesteps | 920000    |
| train/             |           |
|    actor_loss      | 4.17e+05  |
|    critic_loss     | 1.61e+04  |
|    ent_coef        | 111       |
|    ent_coef_loss   | 3.46      |
|    learning_rate   | 0.0003    |
|    n_updates       | 229974    |
----------------------------------
----------------------------------
| rollout/           |           |
|    ep_len_mean     | 5.43      |
|    ep_rew_mean     | -1.04e+05 |
| time/              |           |
|    episodes        | 118750    |
|    fps             | 129       |
|    time_elapsed    | 7185      |
|    total_timesteps | 930000    |
| train/             |           |
|    actor_loss      | 4.02e+05  |
|    critic_loss     | 1.49e+04  |
|    ent_coef        | 109       |
|    ent_coef_loss   | 6.04      |
|    learning_rate   | 0.0003    |
|    n_updates       | 232474    |
----------------------------------
----------------------------------
| rollout/           |           |
|    ep_len_mean     | 7.19      |
|    ep_rew_mean     | -1.25e+05 |
| time/              |           |
|    episodes        | 120400    |
|    fps             | 129       |
|    time_elapsed    | 7266      |
|    total_timesteps | 940000    |
| train/             |           |
|    actor_loss      | 4.17e+05  |
|    critic_loss     | 2.01e+04  |
|    ent_coef        | 106       |
|    ent_coef_loss   | -1.03     |
|    learning_rate   | 0.0003    |
|    n_updates       | 234974    |
----------------------------------
----------------------------------
| rollout/           |           |
|    ep_len_mean     | 7.08      |
|    ep_rew_mean     | -1.25e+05 |
| time/              |           |
|    episodes        | 121710    |
|    fps             | 129       |
|    time_elapsed    | 7346      |
|    total_timesteps | 950000    |
| train/             |           |
|    actor_loss      | 3.85e+05  |
|    critic_loss     | 1.5e+04   |
|    ent_coef        | 105       |
|    ent_coef_loss   | 0.37      |
|    learning_rate   | 0.0003    |
|    n_updates       | 237474    |
----------------------------------
----------------------------------
| rollout/           |           |
|    ep_len_mean     | 7.15      |
|    ep_rew_mean     | -1.27e+05 |
| time/              |           |
|    episodes        | 122913    |
|    fps             | 129       |
|    time_elapsed    | 7426      |
|    total_timesteps | 960000    |
| train/             |           |
|    actor_loss      | 4.01e+05  |
|    critic_loss     | 1.21e+04  |
|    ent_coef        | 104       |
|    ent_coef_loss   | -0.316    |
|    learning_rate   | 0.0003    |
|    n_updates       | 239974    |
----------------------------------
----------------------------------
| rollout/           |           |
|    ep_len_mean     | 7.76      |
|    ep_rew_mean     | -1.35e+05 |
| time/              |           |
|    episodes        | 124069    |
|    fps             | 129       |
|    time_elapsed    | 7507      |
|    total_timesteps | 970000    |
| train/             |           |
|    actor_loss      | 3.84e+05  |
|    critic_loss     | 1.73e+04  |
|    ent_coef        | 102       |
|    ent_coef_loss   | 1.66      |
|    learning_rate   | 0.0003    |
|    n_updates       | 242474    |
----------------------------------
---------------------------------
| rollout/           |          |
|    ep_len_mean     | 6.04     |
|    ep_rew_mean     | -1.1e+05 |
| time/              |          |
|    episodes        | 125518   |
|    fps             | 129      |
|    time_elapsed    | 7587     |
|    total_timesteps | 980000   |
| train/             |          |
|    actor_loss      | 3.72e+05 |
|    critic_loss     | 1.88e+04 |
|    ent_coef        | 103      |
|    ent_coef_loss   | 3.29     |
|    learning_rate   | 0.0003   |
|    n_updates       | 244974   |
---------------------------------
----------------------------------
| rollout/           |           |
|    ep_len_mean     | 5.53      |
|    ep_rew_mean     | -1.04e+05 |
| time/              |           |
|    episodes        | 127186    |
|    fps             | 129       |
|    time_elapsed    | 7670      |
|    total_timesteps | 990000    |
| train/             |           |
|    actor_loss      | 3.95e+05  |
|    critic_loss     | 1.59e+04  |
|    ent_coef        | 103       |
|    ent_coef_loss   | 1.48      |
|    learning_rate   | 0.0003    |
|    n_updates       | 247474    |
----------------------------------
----------------------------------
| rollout/           |           |
|    ep_len_mean     | 5.42      |
|    ep_rew_mean     | -1.03e+05 |
| time/              |           |
|    episodes        | 128992    |
|    fps             | 128       |
|    time_elapsed    | 7752      |
|    total_timesteps | 1000000   |
| train/             |           |
|    actor_loss      | 3.42e+05  |
|    critic_loss     | 1.28e+04  |
|    ent_coef        | 103       |
|    ent_coef_loss   | 4.65      |
|    learning_rate   | 0.0003    |
|    n_updates       | 249974    |
----------------------------------
Training ended on Tue Jan 27 18:30:27 2026
Training lasted 2:09:12.697868
