Logging to training_default_logs/5_robots/logs/TRPO_set5
Using cpu device
Training started on Tue Jan 27 16:21:15 2026
Experiment configuration: {'algorithm': 'TRPO', 'set': 5, 'verbose': 1, 'steps': 1000000, 'num_robots': 5, 'num_envs': 4, 'seed': 33, 'log_steps': 10000, 'resume': False, 'device': 'cpu'}
----------------------------------------
| rollout/                  |          |
|    ep_len_mean            | 38.1     |
|    ep_rew_mean            | -6.2e+05 |
| time/                     |          |
|    fps                    | 1168     |
|    time_elapsed           | 8        |
|    total_timesteps        | 10000    |
| train/                    |          |
|    explained_variance     | 3.58e-07 |
|    is_line_search_success | 1        |
|    kl_divergence_loss     | 0.00538  |
|    learning_rate          | 0.001    |
|    n_updates              | 1        |
|    policy_objective       | 0.0782   |
|    std                    | 0.999    |
|    value_loss             | 4.11e+10 |
----------------------------------------
-----------------------------------------
| rollout/                  |           |
|    ep_len_mean            | 27.6      |
|    ep_rew_mean            | -4.53e+05 |
| time/                     |           |
|    fps                    | 1204      |
|    time_elapsed           | 16        |
|    total_timesteps        | 20000     |
| train/                    |           |
|    explained_variance     | 0         |
|    is_line_search_success | 1         |
|    kl_divergence_loss     | 0.0051    |
|    learning_rate          | 0.001     |
|    n_updates              | 2         |
|    policy_objective       | 0.0717    |
|    std                    | 1         |
|    value_loss             | 3.69e+10  |
-----------------------------------------
-----------------------------------------
| rollout/                  |           |
|    ep_len_mean            | 28.5      |
|    ep_rew_mean            | -4.56e+05 |
| time/                     |           |
|    fps                    | 1223      |
|    time_elapsed           | 24        |
|    total_timesteps        | 30000     |
| train/                    |           |
|    explained_variance     | 1.19e-07  |
|    is_line_search_success | 1         |
|    kl_divergence_loss     | 0.00498   |
|    learning_rate          | 0.001     |
|    n_updates              | 3         |
|    policy_objective       | 0.0716    |
|    std                    | 1         |
|    value_loss             | 3.43e+10  |
-----------------------------------------
-----------------------------------------
| rollout/                  |           |
|    ep_len_mean            | 22.8      |
|    ep_rew_mean            | -3.71e+05 |
| time/                     |           |
|    fps                    | 1226      |
|    time_elapsed           | 32        |
|    total_timesteps        | 40000     |
| train/                    |           |
|    explained_variance     | 0         |
|    is_line_search_success | 1         |
|    kl_divergence_loss     | 0.00408   |
|    learning_rate          | 0.001     |
|    n_updates              | 4         |
|    policy_objective       | 0.0612    |
|    std                    | 0.996     |
|    value_loss             | 3.3e+10   |
-----------------------------------------
-----------------------------------------
| rollout/                  |           |
|    ep_len_mean            | 25.8      |
|    ep_rew_mean            | -4.03e+05 |
| time/                     |           |
|    fps                    | 1184      |
|    time_elapsed           | 42        |
|    total_timesteps        | 50000     |
| train/                    |           |
|    explained_variance     | -1.19e-07 |
|    is_line_search_success | 1         |
|    kl_divergence_loss     | 0.00437   |
|    learning_rate          | 0.001     |
|    n_updates              | 6         |
|    policy_objective       | 0.0641    |
|    std                    | 0.996     |
|    value_loss             | 2.64e+10  |
-----------------------------------------
-----------------------------------------
| rollout/                  |           |
|    ep_len_mean            | 18.9      |
|    ep_rew_mean            | -3.09e+05 |
| time/                     |           |
|    fps                    | 1190      |
|    time_elapsed           | 50        |
|    total_timesteps        | 60000     |
| train/                    |           |
|    explained_variance     | -1.19e-07 |
|    is_line_search_success | 1         |
|    kl_divergence_loss     | 0.00408   |
|    learning_rate          | 0.001     |
|    n_updates              | 7         |
|    policy_objective       | 0.068     |
|    std                    | 1         |
|    value_loss             | 2.57e+10  |
-----------------------------------------
-----------------------------------------
| rollout/                  |           |
|    ep_len_mean            | 15.6      |
|    ep_rew_mean            | -2.68e+05 |
| time/                     |           |
|    fps                    | 1197      |
|    time_elapsed           | 58        |
|    total_timesteps        | 70000     |
| train/                    |           |
|    explained_variance     | 0         |
|    is_line_search_success | 1         |
|    kl_divergence_loss     | 0.00453   |
|    learning_rate          | 0.001     |
|    n_updates              | 8         |
|    policy_objective       | 0.0668    |
|    std                    | 0.995     |
|    value_loss             | 2.55e+10  |
-----------------------------------------
-----------------------------------------
| rollout/                  |           |
|    ep_len_mean            | 18.4      |
|    ep_rew_mean            | -3.02e+05 |
| time/                     |           |
|    fps                    | 1201      |
|    time_elapsed           | 66        |
|    total_timesteps        | 80000     |
| train/                    |           |
|    explained_variance     | 0         |
|    is_line_search_success | 1         |
|    kl_divergence_loss     | 0.00486   |
|    learning_rate          | 0.001     |
|    n_updates              | 9         |
|    policy_objective       | 0.0589    |
|    std                    | 0.989     |
|    value_loss             | 2.43e+10  |
-----------------------------------------
----------------------------------------
| rollout/                  |          |
|    ep_len_mean            | 16.3     |
|    ep_rew_mean            | -2.7e+05 |
| time/                     |          |
|    fps                    | 1204     |
|    time_elapsed           | 74       |
|    total_timesteps        | 90000    |
| train/                    |          |
|    explained_variance     | 0        |
|    is_line_search_success | 1        |
|    kl_divergence_loss     | 0.00586  |
|    learning_rate          | 0.001    |
|    n_updates              | 10       |
|    policy_objective       | 0.0728   |
|    std                    | 0.981    |
|    value_loss             | 2.22e+10 |
----------------------------------------
-----------------------------------------
| rollout/                  |           |
|    ep_len_mean            | 11.9      |
|    ep_rew_mean            | -2.16e+05 |
| time/                     |           |
|    fps                    | 1187      |
|    time_elapsed           | 84        |
|    total_timesteps        | 100000    |
| train/                    |           |
|    explained_variance     | 1.79e-07  |
|    is_line_search_success | 1         |
|    kl_divergence_loss     | 0.00499   |
|    learning_rate          | 0.001     |
|    n_updates              | 12        |
|    policy_objective       | 0.0795    |
|    std                    | 0.977     |
|    value_loss             | 1.92e+10  |
-----------------------------------------
-----------------------------------------
| rollout/                  |           |
|    ep_len_mean            | 9.61      |
|    ep_rew_mean            | -1.89e+05 |
| time/                     |           |
|    fps                    | 1189      |
|    time_elapsed           | 92        |
|    total_timesteps        | 110000    |
| train/                    |           |
|    explained_variance     | 5.96e-08  |
|    is_line_search_success | 1         |
|    kl_divergence_loss     | 0.00543   |
|    learning_rate          | 0.001     |
|    n_updates              | 13        |
|    policy_objective       | 0.0765    |
|    std                    | 0.968     |
|    value_loss             | 1.9e+10   |
-----------------------------------------
-----------------------------------------
| rollout/                  |           |
|    ep_len_mean            | 10.3      |
|    ep_rew_mean            | -1.96e+05 |
| time/                     |           |
|    fps                    | 1192      |
|    time_elapsed           | 100       |
|    total_timesteps        | 120000    |
| train/                    |           |
|    explained_variance     | 3.58e-07  |
|    is_line_search_success | 1         |
|    kl_divergence_loss     | 0.00464   |
|    learning_rate          | 0.001     |
|    n_updates              | 14        |
|    policy_objective       | 0.0719    |
|    std                    | 0.963     |
|    value_loss             | 1.7e+10   |
-----------------------------------------
-----------------------------------------
| rollout/                  |           |
|    ep_len_mean            | 11.5      |
|    ep_rew_mean            | -2.08e+05 |
| time/                     |           |
|    fps                    | 1194      |
|    time_elapsed           | 108       |
|    total_timesteps        | 130000    |
| train/                    |           |
|    explained_variance     | 0         |
|    is_line_search_success | 1         |
|    kl_divergence_loss     | 0.00538   |
|    learning_rate          | 0.001     |
|    n_updates              | 15        |
|    policy_objective       | 0.0732    |
|    std                    | 0.951     |
|    value_loss             | 1.71e+10  |
-----------------------------------------
-----------------------------------------
| rollout/                  |           |
|    ep_len_mean            | 9.98      |
|    ep_rew_mean            | -1.91e+05 |
| time/                     |           |
|    fps                    | 1183      |
|    time_elapsed           | 118       |
|    total_timesteps        | 140000    |
| train/                    |           |
|    explained_variance     | 2.38e-07  |
|    is_line_search_success | 1         |
|    kl_divergence_loss     | 0.0055    |
|    learning_rate          | 0.001     |
|    n_updates              | 17        |
|    policy_objective       | 0.0681    |
|    std                    | 0.937     |
|    value_loss             | 1.5e+10   |
-----------------------------------------
-----------------------------------------
| rollout/                  |           |
|    ep_len_mean            | 9.15      |
|    ep_rew_mean            | -1.81e+05 |
| time/                     |           |
|    fps                    | 1185      |
|    time_elapsed           | 126       |
|    total_timesteps        | 150000    |
| train/                    |           |
|    explained_variance     | 0         |
|    is_line_search_success | 1         |
|    kl_divergence_loss     | 0.0055    |
|    learning_rate          | 0.001     |
|    n_updates              | 18        |
|    policy_objective       | 0.0715    |
|    std                    | 0.931     |
|    value_loss             | 1.5e+10   |
-----------------------------------------
-----------------------------------------
| rollout/                  |           |
|    ep_len_mean            | 9.56      |
|    ep_rew_mean            | -1.85e+05 |
| time/                     |           |
|    fps                    | 1187      |
|    time_elapsed           | 134       |
|    total_timesteps        | 160000    |
| train/                    |           |
|    explained_variance     | 0         |
|    is_line_search_success | 1         |
|    kl_divergence_loss     | 0.00527   |
|    learning_rate          | 0.001     |
|    n_updates              | 19        |
|    policy_objective       | 0.0695    |
|    std                    | 0.92      |
|    value_loss             | 1.5e+10   |
-----------------------------------------
-----------------------------------------
| rollout/                  |           |
|    ep_len_mean            | 7.33      |
|    ep_rew_mean            | -1.6e+05  |
| time/                     |           |
|    fps                    | 1187      |
|    time_elapsed           | 143       |
|    total_timesteps        | 170000    |
| train/                    |           |
|    explained_variance     | -1.19e-07 |
|    is_line_search_success | 1         |
|    kl_divergence_loss     | 0.00524   |
|    learning_rate          | 0.001     |
|    n_updates              | 20        |
|    policy_objective       | 0.0744    |
|    std                    | 0.917     |
|    value_loss             | 1.43e+10  |
-----------------------------------------
-----------------------------------------
| rollout/                  |           |
|    ep_len_mean            | 8.21      |
|    ep_rew_mean            | -1.71e+05 |
| time/                     |           |
|    fps                    | 1187      |
|    time_elapsed           | 151       |
|    total_timesteps        | 180000    |
| train/                    |           |
|    explained_variance     | -2.38e-07 |
|    is_line_search_success | 1         |
|    kl_divergence_loss     | 0.0061    |
|    learning_rate          | 0.001     |
|    n_updates              | 21        |
|    policy_objective       | 0.0689    |
|    std                    | 0.914     |
|    value_loss             | 1.34e+10  |
-----------------------------------------
-----------------------------------------
| rollout/                  |           |
|    ep_len_mean            | 7.31      |
|    ep_rew_mean            | -1.61e+05 |
| time/                     |           |
|    fps                    | 1179      |
|    time_elapsed           | 161       |
|    total_timesteps        | 190000    |
| train/                    |           |
|    explained_variance     | 0         |
|    is_line_search_success | 1         |
|    kl_divergence_loss     | 0.00597   |
|    learning_rate          | 0.001     |
|    n_updates              | 23        |
|    policy_objective       | 0.0971    |
|    std                    | 0.909     |
|    value_loss             | 1.37e+10  |
-----------------------------------------
-----------------------------------------
| rollout/                  |           |
|    ep_len_mean            | 6.6       |
|    ep_rew_mean            | -1.52e+05 |
| time/                     |           |
|    fps                    | 1180      |
|    time_elapsed           | 169       |
|    total_timesteps        | 200000    |
| train/                    |           |
|    explained_variance     | -2.38e-07 |
|    is_line_search_success | 1         |
|    kl_divergence_loss     | 0.00636   |
|    learning_rate          | 0.001     |
|    n_updates              | 24        |
|    policy_objective       | 0.0609    |
|    std                    | 0.904     |
|    value_loss             | 1.27e+10  |
-----------------------------------------
-----------------------------------------
| rollout/                  |           |
|    ep_len_mean            | 6.96      |
|    ep_rew_mean            | -1.57e+05 |
| time/                     |           |
|    fps                    | 1180      |
|    time_elapsed           | 177       |
|    total_timesteps        | 210000    |
| train/                    |           |
|    explained_variance     | 0         |
|    is_line_search_success | 1         |
|    kl_divergence_loss     | 0.00546   |
|    learning_rate          | 0.001     |
|    n_updates              | 25        |
|    policy_objective       | 0.0648    |
|    std                    | 0.904     |
|    value_loss             | 1.24e+10  |
-----------------------------------------
-----------------------------------------
| rollout/                  |           |
|    ep_len_mean            | 6.34      |
|    ep_rew_mean            | -1.5e+05  |
| time/                     |           |
|    fps                    | 1181      |
|    time_elapsed           | 186       |
|    total_timesteps        | 220000    |
| train/                    |           |
|    explained_variance     | -1.19e-07 |
|    is_line_search_success | 1         |
|    kl_divergence_loss     | 0.00551   |
|    learning_rate          | 0.001     |
|    n_updates              | 26        |
|    policy_objective       | 0.0503    |
|    std                    | 0.893     |
|    value_loss             | 1.23e+10  |
-----------------------------------------
-----------------------------------------
| rollout/                  |           |
|    ep_len_mean            | 5.71      |
|    ep_rew_mean            | -1.43e+05 |
| time/                     |           |
|    fps                    | 1173      |
|    time_elapsed           | 196       |
|    total_timesteps        | 230000    |
| train/                    |           |
|    explained_variance     | -1.19e-07 |
|    is_line_search_success | 1         |
|    kl_divergence_loss     | 0.00646   |
|    learning_rate          | 0.001     |
|    n_updates              | 28        |
|    policy_objective       | 0.0581    |
|    std                    | 0.888     |
|    value_loss             | 1.18e+10  |
-----------------------------------------
-----------------------------------------
| rollout/                  |           |
|    ep_len_mean            | 5.96      |
|    ep_rew_mean            | -1.46e+05 |
| time/                     |           |
|    fps                    | 1173      |
|    time_elapsed           | 204       |
|    total_timesteps        | 240000    |
| train/                    |           |
|    explained_variance     | -1.19e-07 |
|    is_line_search_success | 1         |
|    kl_divergence_loss     | 0.0077    |
|    learning_rate          | 0.001     |
|    n_updates              | 29        |
|    policy_objective       | 0.0454    |
|    std                    | 0.882     |
|    value_loss             | 1.21e+10  |
-----------------------------------------
-----------------------------------------
| rollout/                  |           |
|    ep_len_mean            | 5.68      |
|    ep_rew_mean            | -1.43e+05 |
| time/                     |           |
|    fps                    | 1173      |
|    time_elapsed           | 213       |
|    total_timesteps        | 250000    |
| train/                    |           |
|    explained_variance     | 0         |
|    is_line_search_success | 1         |
|    kl_divergence_loss     | 0.00603   |
|    learning_rate          | 0.001     |
|    n_updates              | 30        |
|    policy_objective       | 0.0659    |
|    std                    | 0.879     |
|    value_loss             | 1.2e+10   |
-----------------------------------------
-----------------------------------------
| rollout/                  |           |
|    ep_len_mean            | 5.99      |
|    ep_rew_mean            | -1.45e+05 |
| time/                     |           |
|    fps                    | 1173      |
|    time_elapsed           | 221       |
|    total_timesteps        | 260000    |
| train/                    |           |
|    explained_variance     | 0         |
|    is_line_search_success | 1         |
|    kl_divergence_loss     | 0.00646   |
|    learning_rate          | 0.001     |
|    n_updates              | 31        |
|    policy_objective       | 0.0514    |
|    std                    | 0.876     |
|    value_loss             | 1.16e+10  |
-----------------------------------------
-----------------------------------------
| rollout/                  |           |
|    ep_len_mean            | 5.63      |
|    ep_rew_mean            | -1.42e+05 |
| time/                     |           |
|    fps                    | 1173      |
|    time_elapsed           | 230       |
|    total_timesteps        | 270000    |
| train/                    |           |
|    explained_variance     | 1.79e-07  |
|    is_line_search_success | 1         |
|    kl_divergence_loss     | 0.00621   |
|    learning_rate          | 0.001     |
|    n_updates              | 32        |
|    policy_objective       | 0.0511    |
|    std                    | 0.872     |
|    value_loss             | 1.17e+10  |
-----------------------------------------
-----------------------------------------
| rollout/                  |           |
|    ep_len_mean            | 5.63      |
|    ep_rew_mean            | -1.42e+05 |
| time/                     |           |
|    fps                    | 1165      |
|    time_elapsed           | 240       |
|    total_timesteps        | 280000    |
| train/                    |           |
|    explained_variance     | 1.79e-07  |
|    is_line_search_success | 1         |
|    kl_divergence_loss     | 0.00708   |
|    learning_rate          | 0.001     |
|    n_updates              | 34        |
|    policy_objective       | 0.0628    |
|    std                    | 0.86      |
|    value_loss             | 1.16e+10  |
-----------------------------------------
----------------------------------------
| rollout/                  |          |
|    ep_len_mean            | 5.37     |
|    ep_rew_mean            | -1.4e+05 |
| time/                     |          |
|    fps                    | 1164     |
|    time_elapsed           | 248      |
|    total_timesteps        | 290000   |
| train/                    |          |
|    explained_variance     | 0        |
|    is_line_search_success | 1        |
|    kl_divergence_loss     | 0.00689  |
|    learning_rate          | 0.001    |
|    n_updates              | 35       |
|    policy_objective       | 0.0808   |
|    std                    | 0.854    |
|    value_loss             | 1.13e+10 |
----------------------------------------
-----------------------------------------
| rollout/                  |           |
|    ep_len_mean            | 5.12      |
|    ep_rew_mean            | -1.36e+05 |
| time/                     |           |
|    fps                    | 1164      |
|    time_elapsed           | 257       |
|    total_timesteps        | 300000    |
| train/                    |           |
|    explained_variance     | 5.96e-08  |
|    is_line_search_success | 1         |
|    kl_divergence_loss     | 0.00634   |
|    learning_rate          | 0.001     |
|    n_updates              | 36        |
|    policy_objective       | 0.0627    |
|    std                    | 0.85      |
|    value_loss             | 1.11e+10  |
-----------------------------------------
-----------------------------------------
| rollout/                  |           |
|    ep_len_mean            | 5.22      |
|    ep_rew_mean            | -1.38e+05 |
| time/                     |           |
|    fps                    | 1163      |
|    time_elapsed           | 266       |
|    total_timesteps        | 310000    |
| train/                    |           |
|    explained_variance     | -1.19e-07 |
|    is_line_search_success | 1         |
|    kl_divergence_loss     | 0.00527   |
|    learning_rate          | 0.001     |
|    n_updates              | 37        |
|    policy_objective       | 0.0531    |
|    std                    | 0.845     |
|    value_loss             | 1.11e+10  |
-----------------------------------------
-----------------------------------------
| rollout/                  |           |
|    ep_len_mean            | 5         |
|    ep_rew_mean            | -1.35e+05 |
| time/                     |           |
|    fps                    | 1157      |
|    time_elapsed           | 276       |
|    total_timesteps        | 320000    |
| train/                    |           |
|    explained_variance     | 0         |
|    is_line_search_success | 1         |
|    kl_divergence_loss     | 0.00683   |
|    learning_rate          | 0.001     |
|    n_updates              | 39        |
|    policy_objective       | 0.0431    |
|    std                    | 0.837     |
|    value_loss             | 1.1e+10   |
-----------------------------------------
-----------------------------------------
| rollout/                  |           |
|    ep_len_mean            | 4.81      |
|    ep_rew_mean            | -1.33e+05 |
| time/                     |           |
|    fps                    | 1156      |
|    time_elapsed           | 285       |
|    total_timesteps        | 330000    |
| train/                    |           |
|    explained_variance     | 0         |
|    is_line_search_success | 1         |
|    kl_divergence_loss     | 0.00717   |
|    learning_rate          | 0.001     |
|    n_updates              | 40        |
|    policy_objective       | 0.0507    |
|    std                    | 0.835     |
|    value_loss             | 1.1e+10   |
-----------------------------------------
-----------------------------------------
| rollout/                  |           |
|    ep_len_mean            | 4.62      |
|    ep_rew_mean            | -1.32e+05 |
| time/                     |           |
|    fps                    | 1156      |
|    time_elapsed           | 294       |
|    total_timesteps        | 340000    |
| train/                    |           |
|    explained_variance     | -1.19e-07 |
|    is_line_search_success | 1         |
|    kl_divergence_loss     | 0.00831   |
|    learning_rate          | 0.001     |
|    n_updates              | 41        |
|    policy_objective       | 0.0508    |
|    std                    | 0.828     |
|    value_loss             | 1.08e+10  |
-----------------------------------------
-----------------------------------------
| rollout/                  |           |
|    ep_len_mean            | 4.72      |
|    ep_rew_mean            | -1.33e+05 |
| time/                     |           |
|    fps                    | 1156      |
|    time_elapsed           | 302       |
|    total_timesteps        | 350000    |
| train/                    |           |
|    explained_variance     | 2.38e-07  |
|    is_line_search_success | 1         |
|    kl_divergence_loss     | 0.00726   |
|    learning_rate          | 0.001     |
|    n_updates              | 42        |
|    policy_objective       | 0.0443    |
|    std                    | 0.825     |
|    value_loss             | 1.12e+10  |
-----------------------------------------
-----------------------------------------
| rollout/                  |           |
|    ep_len_mean            | 4.67      |
|    ep_rew_mean            | -1.32e+05 |
| time/                     |           |
|    fps                    | 1156      |
|    time_elapsed           | 311       |
|    total_timesteps        | 360000    |
| train/                    |           |
|    explained_variance     | 1.19e-07  |
|    is_line_search_success | 1         |
|    kl_divergence_loss     | 0.00983   |
|    learning_rate          | 0.001     |
|    n_updates              | 43        |
|    policy_objective       | 0.054     |
|    std                    | 0.821     |
|    value_loss             | 1.08e+10  |
-----------------------------------------
-----------------------------------------
| rollout/                  |           |
|    ep_len_mean            | 4.31      |
|    ep_rew_mean            | -1.29e+05 |
| time/                     |           |
|    fps                    | 1150      |
|    time_elapsed           | 321       |
|    total_timesteps        | 370000    |
| train/                    |           |
|    explained_variance     | 1.79e-07  |
|    is_line_search_success | 1         |
|    kl_divergence_loss     | 0.00644   |
|    learning_rate          | 0.001     |
|    n_updates              | 45        |
|    policy_objective       | 0.0514    |
|    std                    | 0.811     |
|    value_loss             | 1.08e+10  |
-----------------------------------------
-----------------------------------------
| rollout/                  |           |
|    ep_len_mean            | 4.57      |
|    ep_rew_mean            | -1.31e+05 |
| time/                     |           |
|    fps                    | 1150      |
|    time_elapsed           | 330       |
|    total_timesteps        | 380000    |
| train/                    |           |
|    explained_variance     | -2.38e-07 |
|    is_line_search_success | 1         |
|    kl_divergence_loss     | 0.00317   |
|    learning_rate          | 0.001     |
|    n_updates              | 46        |
|    policy_objective       | 0.00771   |
|    std                    | 0.81      |
|    value_loss             | 1.08e+10  |
-----------------------------------------
----------------------------------------
| rollout/                  |          |
|    ep_len_mean            | 4.43     |
|    ep_rew_mean            | -1.3e+05 |
| time/                     |          |
|    fps                    | 1150     |
|    time_elapsed           | 339      |
|    total_timesteps        | 390000   |
| train/                    |          |
|    explained_variance     | 5.96e-08 |
|    is_line_search_success | 1        |
|    kl_divergence_loss     | 0.00839  |
|    learning_rate          | 0.001    |
|    n_updates              | 47       |
|    policy_objective       | 0.0546   |
|    std                    | 0.807    |
|    value_loss             | 1.1e+10  |
----------------------------------------
-----------------------------------------
| rollout/                  |           |
|    ep_len_mean            | 4.27      |
|    ep_rew_mean            | -1.28e+05 |
| time/                     |           |
|    fps                    | 1149      |
|    time_elapsed           | 347       |
|    total_timesteps        | 400000    |
| train/                    |           |
|    explained_variance     | 0         |
|    is_line_search_success | 1         |
|    kl_divergence_loss     | 0.00892   |
|    learning_rate          | 0.001     |
|    n_updates              | 48        |
|    policy_objective       | 0.0261    |
|    std                    | 0.803     |
|    value_loss             | 1.08e+10  |
-----------------------------------------
-----------------------------------------
| rollout/                  |           |
|    ep_len_mean            | 4.25      |
|    ep_rew_mean            | -1.28e+05 |
| time/                     |           |
|    fps                    | 1144      |
|    time_elapsed           | 358       |
|    total_timesteps        | 410000    |
| train/                    |           |
|    explained_variance     | 5.96e-08  |
|    is_line_search_success | 1         |
|    kl_divergence_loss     | 0.00958   |
|    learning_rate          | 0.001     |
|    n_updates              | 50        |
|    policy_objective       | 0.0562    |
|    std                    | 0.797     |
|    value_loss             | 1.06e+10  |
-----------------------------------------
-----------------------------------------
| rollout/                  |           |
|    ep_len_mean            | 4.11      |
|    ep_rew_mean            | -1.27e+05 |
| time/                     |           |
|    fps                    | 1143      |
|    time_elapsed           | 367       |
|    total_timesteps        | 420000    |
| train/                    |           |
|    explained_variance     | 0         |
|    is_line_search_success | 1         |
|    kl_divergence_loss     | 0.00773   |
|    learning_rate          | 0.001     |
|    n_updates              | 51        |
|    policy_objective       | 0.0357    |
|    std                    | 0.794     |
|    value_loss             | 1.05e+10  |
-----------------------------------------
-----------------------------------------
| rollout/                  |           |
|    ep_len_mean            | 4.11      |
|    ep_rew_mean            | -1.27e+05 |
| time/                     |           |
|    fps                    | 1143      |
|    time_elapsed           | 376       |
|    total_timesteps        | 430000    |
| train/                    |           |
|    explained_variance     | 0         |
|    is_line_search_success | 1         |
|    kl_divergence_loss     | 0.0092    |
|    learning_rate          | 0.001     |
|    n_updates              | 52        |
|    policy_objective       | 0.0448    |
|    std                    | 0.791     |
|    value_loss             | 1.06e+10  |
-----------------------------------------
-----------------------------------------
| rollout/                  |           |
|    ep_len_mean            | 4.12      |
|    ep_rew_mean            | -1.27e+05 |
| time/                     |           |
|    fps                    | 1143      |
|    time_elapsed           | 384       |
|    total_timesteps        | 440000    |
| train/                    |           |
|    explained_variance     | 0         |
|    is_line_search_success | 1         |
|    kl_divergence_loss     | 0.00758   |
|    learning_rate          | 0.001     |
|    n_updates              | 53        |
|    policy_objective       | 0.037     |
|    std                    | 0.79      |
|    value_loss             | 1.05e+10  |
-----------------------------------------
-----------------------------------------
| rollout/                  |           |
|    ep_len_mean            | 4.22      |
|    ep_rew_mean            | -1.28e+05 |
| time/                     |           |
|    fps                    | 1143      |
|    time_elapsed           | 393       |
|    total_timesteps        | 450000    |
| train/                    |           |
|    explained_variance     | 0         |
|    is_line_search_success | 1         |
|    kl_divergence_loss     | 0.00509   |
|    learning_rate          | 0.001     |
|    n_updates              | 54        |
|    policy_objective       | 0.0183    |
|    std                    | 0.788     |
|    value_loss             | 1.05e+10  |
-----------------------------------------
-----------------------------------------
| rollout/                  |           |
|    ep_len_mean            | 4.15      |
|    ep_rew_mean            | -1.27e+05 |
| time/                     |           |
|    fps                    | 1138      |
|    time_elapsed           | 404       |
|    total_timesteps        | 460000    |
| train/                    |           |
|    explained_variance     | 0         |
|    is_line_search_success | 1         |
|    kl_divergence_loss     | 0.00775   |
|    learning_rate          | 0.001     |
|    n_updates              | 56        |
|    policy_objective       | 0.0391    |
|    std                    | 0.782     |
|    value_loss             | 1.05e+10  |
-----------------------------------------
-----------------------------------------
| rollout/                  |           |
|    ep_len_mean            | 4.12      |
|    ep_rew_mean            | -1.27e+05 |
| time/                     |           |
|    fps                    | 1138      |
|    time_elapsed           | 412       |
|    total_timesteps        | 470000    |
| train/                    |           |
|    explained_variance     | 1.79e-07  |
|    is_line_search_success | 1         |
|    kl_divergence_loss     | 0.0073    |
|    learning_rate          | 0.001     |
|    n_updates              | 57        |
|    policy_objective       | 0.0305    |
|    std                    | 0.781     |
|    value_loss             | 1.05e+10  |
-----------------------------------------
-----------------------------------------
| rollout/                  |           |
|    ep_len_mean            | 4.07      |
|    ep_rew_mean            | -1.27e+05 |
| time/                     |           |
|    fps                    | 1138      |
|    time_elapsed           | 421       |
|    total_timesteps        | 480000    |
| train/                    |           |
|    explained_variance     | 0         |
|    is_line_search_success | 1         |
|    kl_divergence_loss     | 0.00924   |
|    learning_rate          | 0.001     |
|    n_updates              | 58        |
|    policy_objective       | 0.0479    |
|    std                    | 0.779     |
|    value_loss             | 1.04e+10  |
-----------------------------------------
-----------------------------------------
| rollout/                  |           |
|    ep_len_mean            | 4.03      |
|    ep_rew_mean            | -1.26e+05 |
| time/                     |           |
|    fps                    | 1138      |
|    time_elapsed           | 430       |
|    total_timesteps        | 490000    |
| train/                    |           |
|    explained_variance     | 5.96e-08  |
|    is_line_search_success | 1         |
|    kl_divergence_loss     | 0.0068    |
|    learning_rate          | 0.001     |
|    n_updates              | 59        |
|    policy_objective       | 0.0694    |
|    std                    | 0.778     |
|    value_loss             | 1.04e+10  |
-----------------------------------------
-----------------------------------------
| rollout/                  |           |
|    ep_len_mean            | 4.1       |
|    ep_rew_mean            | -1.27e+05 |
| time/                     |           |
|    fps                    | 1134      |
|    time_elapsed           | 440       |
|    total_timesteps        | 500000    |
| train/                    |           |
|    explained_variance     | 0         |
|    is_line_search_success | 1         |
|    kl_divergence_loss     | 0.00995   |
|    learning_rate          | 0.001     |
|    n_updates              | 61        |
|    policy_objective       | 0.0351    |
|    std                    | 0.775     |
|    value_loss             | 1.04e+10  |
-----------------------------------------
-----------------------------------------
| rollout/                  |           |
|    ep_len_mean            | 4.02      |
|    ep_rew_mean            | -1.26e+05 |
| time/                     |           |
|    fps                    | 1134      |
|    time_elapsed           | 449       |
|    total_timesteps        | 510000    |
| train/                    |           |
|    explained_variance     | 0         |
|    is_line_search_success | 1         |
|    kl_divergence_loss     | 0.00864   |
|    learning_rate          | 0.001     |
|    n_updates              | 62        |
|    policy_objective       | 0.0326    |
|    std                    | 0.773     |
|    value_loss             | 1.04e+10  |
-----------------------------------------
-----------------------------------------
| rollout/                  |           |
|    ep_len_mean            | 4         |
|    ep_rew_mean            | -1.26e+05 |
| time/                     |           |
|    fps                    | 1134      |
|    time_elapsed           | 458       |
|    total_timesteps        | 520000    |
| train/                    |           |
|    explained_variance     | -1.19e-07 |
|    is_line_search_success | 1         |
|    kl_divergence_loss     | 0.00739   |
|    learning_rate          | 0.001     |
|    n_updates              | 63        |
|    policy_objective       | 0.0269    |
|    std                    | 0.772     |
|    value_loss             | 1.03e+10  |
-----------------------------------------
-----------------------------------------
| rollout/                  |           |
|    ep_len_mean            | 4.03      |
|    ep_rew_mean            | -1.26e+05 |
| time/                     |           |
|    fps                    | 1135      |
|    time_elapsed           | 466       |
|    total_timesteps        | 530000    |
| train/                    |           |
|    explained_variance     | 0         |
|    is_line_search_success | 1         |
|    kl_divergence_loss     | 0.00859   |
|    learning_rate          | 0.001     |
|    n_updates              | 64        |
|    policy_objective       | 0.0208    |
|    std                    | 0.768     |
|    value_loss             | 1.03e+10  |
-----------------------------------------
-----------------------------------------
| rollout/                  |           |
|    ep_len_mean            | 4.04      |
|    ep_rew_mean            | -1.26e+05 |
| time/                     |           |
|    fps                    | 1135      |
|    time_elapsed           | 475       |
|    total_timesteps        | 540000    |
| train/                    |           |
|    explained_variance     | 0         |
|    is_line_search_success | 1         |
|    kl_divergence_loss     | 0.00581   |
|    learning_rate          | 0.001     |
|    n_updates              | 65        |
|    policy_objective       | 0.0186    |
|    std                    | 0.766     |
|    value_loss             | 1.03e+10  |
-----------------------------------------
-----------------------------------------
| rollout/                  |           |
|    ep_len_mean            | 4.01      |
|    ep_rew_mean            | -1.26e+05 |
| time/                     |           |
|    fps                    | 1132      |
|    time_elapsed           | 485       |
|    total_timesteps        | 550000    |
| train/                    |           |
|    explained_variance     | 5.96e-08  |
|    is_line_search_success | 1         |
|    kl_divergence_loss     | 0.0086    |
|    learning_rate          | 0.001     |
|    n_updates              | 67        |
|    policy_objective       | 0.0383    |
|    std                    | 0.759     |
|    value_loss             | 1.03e+10  |
-----------------------------------------
-----------------------------------------
| rollout/                  |           |
|    ep_len_mean            | 4.04      |
|    ep_rew_mean            | -1.26e+05 |
| time/                     |           |
|    fps                    | 1132      |
|    time_elapsed           | 494       |
|    total_timesteps        | 560000    |
| train/                    |           |
|    explained_variance     | -1.19e-07 |
|    is_line_search_success | 1         |
|    kl_divergence_loss     | 0.00316   |
|    learning_rate          | 0.001     |
|    n_updates              | 68        |
|    policy_objective       | 0.0184    |
|    std                    | 0.759     |
|    value_loss             | 1.03e+10  |
-----------------------------------------
-----------------------------------------
| rollout/                  |           |
|    ep_len_mean            | 4.02      |
|    ep_rew_mean            | -1.26e+05 |
| time/                     |           |
|    fps                    | 1132      |
|    time_elapsed           | 503       |
|    total_timesteps        | 570000    |
| train/                    |           |
|    explained_variance     | 0         |
|    is_line_search_success | 1         |
|    kl_divergence_loss     | 0.0081    |
|    learning_rate          | 0.001     |
|    n_updates              | 69        |
|    policy_objective       | 0.0258    |
|    std                    | 0.757     |
|    value_loss             | 1.03e+10  |
-----------------------------------------
-----------------------------------------
| rollout/                  |           |
|    ep_len_mean            | 4.06      |
|    ep_rew_mean            | -1.26e+05 |
| time/                     |           |
|    fps                    | 1132      |
|    time_elapsed           | 512       |
|    total_timesteps        | 580000    |
| train/                    |           |
|    explained_variance     | 0         |
|    is_line_search_success | 1         |
|    kl_divergence_loss     | 0.00651   |
|    learning_rate          | 0.001     |
|    n_updates              | 70        |
|    policy_objective       | 0.0223    |
|    std                    | 0.757     |
|    value_loss             | 1.02e+10  |
-----------------------------------------
-----------------------------------------
| rollout/                  |           |
|    ep_len_mean            | 4.12      |
|    ep_rew_mean            | -1.27e+05 |
| time/                     |           |
|    fps                    | 1129      |
|    time_elapsed           | 522       |
|    total_timesteps        | 590000    |
| train/                    |           |
|    explained_variance     | 1.19e-07  |
|    is_line_search_success | 1         |
|    kl_divergence_loss     | 0.00916   |
|    learning_rate          | 0.001     |
|    n_updates              | 72        |
|    policy_objective       | 0.0345    |
|    std                    | 0.752     |
|    value_loss             | 1.02e+10  |
-----------------------------------------
-----------------------------------------
| rollout/                  |           |
|    ep_len_mean            | 4.03      |
|    ep_rew_mean            | -1.26e+05 |
| time/                     |           |
|    fps                    | 1129      |
|    time_elapsed           | 531       |
|    total_timesteps        | 600000    |
| train/                    |           |
|    explained_variance     | 0         |
|    is_line_search_success | 1         |
|    kl_divergence_loss     | 0.00589   |
|    learning_rate          | 0.001     |
|    n_updates              | 73        |
|    policy_objective       | 0.018     |
|    std                    | 0.753     |
|    value_loss             | 1.02e+10  |
-----------------------------------------
-----------------------------------------
| rollout/                  |           |
|    ep_len_mean            | 4.06      |
|    ep_rew_mean            | -1.26e+05 |
| time/                     |           |
|    fps                    | 1129      |
|    time_elapsed           | 539       |
|    total_timesteps        | 610000    |
| train/                    |           |
|    explained_variance     | 1.19e-07  |
|    is_line_search_success | 1         |
|    kl_divergence_loss     | 0.0079    |
|    learning_rate          | 0.001     |
|    n_updates              | 74        |
|    policy_objective       | 0.0397    |
|    std                    | 0.752     |
|    value_loss             | 1.02e+10  |
-----------------------------------------
-----------------------------------------
| rollout/                  |           |
|    ep_len_mean            | 4.02      |
|    ep_rew_mean            | -1.26e+05 |
| time/                     |           |
|    fps                    | 1130      |
|    time_elapsed           | 548       |
|    total_timesteps        | 620000    |
| train/                    |           |
|    explained_variance     | 0         |
|    is_line_search_success | 1         |
|    kl_divergence_loss     | 0.00619   |
|    learning_rate          | 0.001     |
|    n_updates              | 75        |
|    policy_objective       | 0.0236    |
|    std                    | 0.752     |
|    value_loss             | 1.02e+10  |
-----------------------------------------
-----------------------------------------
| rollout/                  |           |
|    ep_len_mean            | 4.02      |
|    ep_rew_mean            | -1.26e+05 |
| time/                     |           |
|    fps                    | 1130      |
|    time_elapsed           | 557       |
|    total_timesteps        | 630000    |
| train/                    |           |
|    explained_variance     | 0         |
|    is_line_search_success | 1         |
|    kl_divergence_loss     | 0.00684   |
|    learning_rate          | 0.001     |
|    n_updates              | 76        |
|    policy_objective       | 0.08      |
|    std                    | 0.751     |
|    value_loss             | 1.1e+10   |
-----------------------------------------
-----------------------------------------
| rollout/                  |           |
|    ep_len_mean            | 4.06      |
|    ep_rew_mean            | -1.26e+05 |
| time/                     |           |
|    fps                    | 1128      |
|    time_elapsed           | 567       |
|    total_timesteps        | 640000    |
| train/                    |           |
|    explained_variance     | 0         |
|    is_line_search_success | 1         |
|    kl_divergence_loss     | 0.00995   |
|    learning_rate          | 0.001     |
|    n_updates              | 78        |
|    policy_objective       | 0.0186    |
|    std                    | 0.749     |
|    value_loss             | 1.02e+10  |
-----------------------------------------
-----------------------------------------
| rollout/                  |           |
|    ep_len_mean            | 4.03      |
|    ep_rew_mean            | -1.26e+05 |
| time/                     |           |
|    fps                    | 1128      |
|    time_elapsed           | 575       |
|    total_timesteps        | 650000    |
| train/                    |           |
|    explained_variance     | 0         |
|    is_line_search_success | 1         |
|    kl_divergence_loss     | 0.00722   |
|    learning_rate          | 0.001     |
|    n_updates              | 79        |
|    policy_objective       | 0.0344    |
|    std                    | 0.747     |
|    value_loss             | 1.02e+10  |
-----------------------------------------
-----------------------------------------
| rollout/                  |           |
|    ep_len_mean            | 4.01      |
|    ep_rew_mean            | -1.25e+05 |
| time/                     |           |
|    fps                    | 1129      |
|    time_elapsed           | 584       |
|    total_timesteps        | 660000    |
| train/                    |           |
|    explained_variance     | -1.19e-07 |
|    is_line_search_success | 1         |
|    kl_divergence_loss     | 0.00714   |
|    learning_rate          | 0.001     |
|    n_updates              | 80        |
|    policy_objective       | 0.0247    |
|    std                    | 0.743     |
|    value_loss             | 1.01e+10  |
-----------------------------------------
-----------------------------------------
| rollout/                  |           |
|    ep_len_mean            | 4.01      |
|    ep_rew_mean            | -1.26e+05 |
| time/                     |           |
|    fps                    | 1129      |
|    time_elapsed           | 593       |
|    total_timesteps        | 670000    |
| train/                    |           |
|    explained_variance     | 0         |
|    is_line_search_success | 1         |
|    kl_divergence_loss     | 0.00861   |
|    learning_rate          | 0.001     |
|    n_updates              | 81        |
|    policy_objective       | 0.0387    |
|    std                    | 0.744     |
|    value_loss             | 1.03e+10  |
-----------------------------------------
-----------------------------------------
| rollout/                  |           |
|    ep_len_mean            | 4.03      |
|    ep_rew_mean            | -1.26e+05 |
| time/                     |           |
|    fps                    | 1126      |
|    time_elapsed           | 603       |
|    total_timesteps        | 680000    |
| train/                    |           |
|    explained_variance     | 0         |
|    is_line_search_success | 1         |
|    kl_divergence_loss     | 0.00996   |
|    learning_rate          | 0.001     |
|    n_updates              | 83        |
|    policy_objective       | 0.0394    |
|    std                    | 0.743     |
|    value_loss             | 1.01e+10  |
-----------------------------------------
-----------------------------------------
| rollout/                  |           |
|    ep_len_mean            | 4.06      |
|    ep_rew_mean            | -1.26e+05 |
| time/                     |           |
|    fps                    | 1127      |
|    time_elapsed           | 612       |
|    total_timesteps        | 690000    |
| train/                    |           |
|    explained_variance     | 0         |
|    is_line_search_success | 1         |
|    kl_divergence_loss     | 0.00612   |
|    learning_rate          | 0.001     |
|    n_updates              | 84        |
|    policy_objective       | 0.0249    |
|    std                    | 0.744     |
|    value_loss             | 1.02e+10  |
-----------------------------------------
-----------------------------------------
| rollout/                  |           |
|    ep_len_mean            | 4.06      |
|    ep_rew_mean            | -1.26e+05 |
| time/                     |           |
|    fps                    | 1127      |
|    time_elapsed           | 620       |
|    total_timesteps        | 700000    |
| train/                    |           |
|    explained_variance     | 0         |
|    is_line_search_success | 1         |
|    kl_divergence_loss     | 0.00716   |
|    learning_rate          | 0.001     |
|    n_updates              | 85        |
|    policy_objective       | 0.0411    |
|    std                    | 0.743     |
|    value_loss             | 1.01e+10  |
-----------------------------------------
-----------------------------------------
| rollout/                  |           |
|    ep_len_mean            | 4.03      |
|    ep_rew_mean            | -1.26e+05 |
| time/                     |           |
|    fps                    | 1128      |
|    time_elapsed           | 629       |
|    total_timesteps        | 710000    |
| train/                    |           |
|    explained_variance     | -1.19e-07 |
|    is_line_search_success | 1         |
|    kl_divergence_loss     | 0.00697   |
|    learning_rate          | 0.001     |
|    n_updates              | 86        |
|    policy_objective       | 0.03      |
|    std                    | 0.742     |
|    value_loss             | 1.01e+10  |
-----------------------------------------
-----------------------------------------
| rollout/                  |           |
|    ep_len_mean            | 4.03      |
|    ep_rew_mean            | -1.26e+05 |
| time/                     |           |
|    fps                    | 1128      |
|    time_elapsed           | 638       |
|    total_timesteps        | 720000    |
| train/                    |           |
|    explained_variance     | 0         |
|    is_line_search_success | 1         |
|    kl_divergence_loss     | 0.00748   |
|    learning_rate          | 0.001     |
|    n_updates              | 87        |
|    policy_objective       | 0.0403    |
|    std                    | 0.743     |
|    value_loss             | 1.01e+10  |
-----------------------------------------
-----------------------------------------
| rollout/                  |           |
|    ep_len_mean            | 4.06      |
|    ep_rew_mean            | -1.26e+05 |
| time/                     |           |
|    fps                    | 1125      |
|    time_elapsed           | 648       |
|    total_timesteps        | 730000    |
| train/                    |           |
|    explained_variance     | -1.19e-07 |
|    is_line_search_success | 1         |
|    kl_divergence_loss     | 0.00816   |
|    learning_rate          | 0.001     |
|    n_updates              | 89        |
|    policy_objective       | 0.0275    |
|    std                    | 0.74      |
|    value_loss             | 1.01e+10  |
-----------------------------------------
-----------------------------------------
| rollout/                  |           |
|    ep_len_mean            | 4.02      |
|    ep_rew_mean            | -1.25e+05 |
| time/                     |           |
|    fps                    | 1126      |
|    time_elapsed           | 656       |
|    total_timesteps        | 740000    |
| train/                    |           |
|    explained_variance     | -1.19e-07 |
|    is_line_search_success | 1         |
|    kl_divergence_loss     | 0.005     |
|    learning_rate          | 0.001     |
|    n_updates              | 90        |
|    policy_objective       | 0.0342    |
|    std                    | 0.739     |
|    value_loss             | 1.01e+10  |
-----------------------------------------
-----------------------------------------
| rollout/                  |           |
|    ep_len_mean            | 4.06      |
|    ep_rew_mean            | -1.26e+05 |
| time/                     |           |
|    fps                    | 1127      |
|    time_elapsed           | 665       |
|    total_timesteps        | 750000    |
| train/                    |           |
|    explained_variance     | 0         |
|    is_line_search_success | 1         |
|    kl_divergence_loss     | 0.00822   |
|    learning_rate          | 0.001     |
|    n_updates              | 91        |
|    policy_objective       | 0.0217    |
|    std                    | 0.738     |
|    value_loss             | 1e+10     |
-----------------------------------------
-----------------------------------------
| rollout/                  |           |
|    ep_len_mean            | 4.43      |
|    ep_rew_mean            | -1.31e+05 |
| time/                     |           |
|    fps                    | 1127      |
|    time_elapsed           | 673       |
|    total_timesteps        | 760000    |
| train/                    |           |
|    explained_variance     | 1.19e-07  |
|    is_line_search_success | 1         |
|    kl_divergence_loss     | 0.00692   |
|    learning_rate          | 0.001     |
|    n_updates              | 92        |
|    policy_objective       | 0.0448    |
|    std                    | 0.738     |
|    value_loss             | 1.01e+10  |
-----------------------------------------
-----------------------------------------
| rollout/                  |           |
|    ep_len_mean            | 4.06      |
|    ep_rew_mean            | -1.26e+05 |
| time/                     |           |
|    fps                    | 1127      |
|    time_elapsed           | 682       |
|    total_timesteps        | 770000    |
| train/                    |           |
|    explained_variance     | 0         |
|    is_line_search_success | 1         |
|    kl_divergence_loss     | 0.00823   |
|    learning_rate          | 0.001     |
|    n_updates              | 93        |
|    policy_objective       | 0.0426    |
|    std                    | 0.738     |
|    value_loss             | 1.02e+10  |
-----------------------------------------
-----------------------------------------
| rollout/                  |           |
|    ep_len_mean            | 4.05      |
|    ep_rew_mean            | -1.26e+05 |
| time/                     |           |
|    fps                    | 1125      |
|    time_elapsed           | 693       |
|    total_timesteps        | 780000    |
| train/                    |           |
|    explained_variance     | 0         |
|    is_line_search_success | 1         |
|    kl_divergence_loss     | 0.00654   |
|    learning_rate          | 0.001     |
|    n_updates              | 95        |
|    policy_objective       | 0.0409    |
|    std                    | 0.737     |
|    value_loss             | 1.02e+10  |
-----------------------------------------
-----------------------------------------
| rollout/                  |           |
|    ep_len_mean            | 4.03      |
|    ep_rew_mean            | -1.26e+05 |
| time/                     |           |
|    fps                    | 1125      |
|    time_elapsed           | 702       |
|    total_timesteps        | 790000    |
| train/                    |           |
|    explained_variance     | 0         |
|    is_line_search_success | 1         |
|    kl_divergence_loss     | 0.00862   |
|    learning_rate          | 0.001     |
|    n_updates              | 96        |
|    policy_objective       | 0.0234    |
|    std                    | 0.736     |
|    value_loss             | 9.99e+09  |
-----------------------------------------
-----------------------------------------
| rollout/                  |           |
|    ep_len_mean            | 4.01      |
|    ep_rew_mean            | -1.25e+05 |
| time/                     |           |
|    fps                    | 1125      |
|    time_elapsed           | 711       |
|    total_timesteps        | 800000    |
| train/                    |           |
|    explained_variance     | 0         |
|    is_line_search_success | 1         |
|    kl_divergence_loss     | 0.00567   |
|    learning_rate          | 0.001     |
|    n_updates              | 97        |
|    policy_objective       | 0.0231    |
|    std                    | 0.735     |
|    value_loss             | 9.97e+09  |
-----------------------------------------
-----------------------------------------
| rollout/                  |           |
|    ep_len_mean            | 4.02      |
|    ep_rew_mean            | -1.25e+05 |
| time/                     |           |
|    fps                    | 1125      |
|    time_elapsed           | 719       |
|    total_timesteps        | 810000    |
| train/                    |           |
|    explained_variance     | -2.38e-07 |
|    is_line_search_success | 1         |
|    kl_divergence_loss     | 0.00966   |
|    learning_rate          | 0.001     |
|    n_updates              | 98        |
|    policy_objective       | 0.0492    |
|    std                    | 0.733     |
|    value_loss             | 1.01e+10  |
-----------------------------------------
-----------------------------------------
| rollout/                  |           |
|    ep_len_mean            | 4.04      |
|    ep_rew_mean            | -1.25e+05 |
| time/                     |           |
|    fps                    | 1123      |
|    time_elapsed           | 730       |
|    total_timesteps        | 820000    |
| train/                    |           |
|    explained_variance     | 0         |
|    is_line_search_success | 1         |
|    kl_divergence_loss     | 0.00509   |
|    learning_rate          | 0.001     |
|    n_updates              | 100       |
|    policy_objective       | 0.0887    |
|    std                    | 0.732     |
|    value_loss             | 1.18e+10  |
-----------------------------------------
-----------------------------------------
| rollout/                  |           |
|    ep_len_mean            | 4.06      |
|    ep_rew_mean            | -1.26e+05 |
| time/                     |           |
|    fps                    | 1123      |
|    time_elapsed           | 738       |
|    total_timesteps        | 830000    |
| train/                    |           |
|    explained_variance     | 1.19e-07  |
|    is_line_search_success | 1         |
|    kl_divergence_loss     | 0.00268   |
|    learning_rate          | 0.001     |
|    n_updates              | 101       |
|    policy_objective       | 0.0329    |
|    std                    | 0.731     |
|    value_loss             | 9.99e+09  |
-----------------------------------------
-----------------------------------------
| rollout/                  |           |
|    ep_len_mean            | 4.05      |
|    ep_rew_mean            | -1.26e+05 |
| time/                     |           |
|    fps                    | 1123      |
|    time_elapsed           | 747       |
|    total_timesteps        | 840000    |
| train/                    |           |
|    explained_variance     | 1.19e-07  |
|    is_line_search_success | 1         |
|    kl_divergence_loss     | 0.00475   |
|    learning_rate          | 0.001     |
|    n_updates              | 102       |
|    policy_objective       | 0.0309    |
|    std                    | 0.731     |
|    value_loss             | 1.04e+10  |
-----------------------------------------
-----------------------------------------
| rollout/                  |           |
|    ep_len_mean            | 4.71      |
|    ep_rew_mean            | -1.33e+05 |
| time/                     |           |
|    fps                    | 1123      |
|    time_elapsed           | 756       |
|    total_timesteps        | 850000    |
| train/                    |           |
|    explained_variance     | -1.19e-07 |
|    is_line_search_success | 1         |
|    kl_divergence_loss     | 0.00708   |
|    learning_rate          | 0.001     |
|    n_updates              | 103       |
|    policy_objective       | 0.0673    |
|    std                    | 0.73      |
|    value_loss             | 1.08e+10  |
-----------------------------------------
-----------------------------------------
| rollout/                  |           |
|    ep_len_mean            | 4.03      |
|    ep_rew_mean            | -1.25e+05 |
| time/                     |           |
|    fps                    | 1123      |
|    time_elapsed           | 765       |
|    total_timesteps        | 860000    |
| train/                    |           |
|    explained_variance     | 1.79e-07  |
|    is_line_search_success | 1         |
|    kl_divergence_loss     | 0.00671   |
|    learning_rate          | 0.001     |
|    n_updates              | 104       |
|    policy_objective       | 0.0609    |
|    std                    | 0.731     |
|    value_loss             | 1.08e+10  |
-----------------------------------------
-----------------------------------------
| rollout/                  |           |
|    ep_len_mean            | 4.17      |
|    ep_rew_mean            | -1.27e+05 |
| time/                     |           |
|    fps                    | 1121      |
|    time_elapsed           | 775       |
|    total_timesteps        | 870000    |
| train/                    |           |
|    explained_variance     | 0         |
|    is_line_search_success | 1         |
|    kl_divergence_loss     | 0.00477   |
|    learning_rate          | 0.001     |
|    n_updates              | 106       |
|    policy_objective       | 0.0689    |
|    std                    | 0.732     |
|    value_loss             | 1.06e+10  |
-----------------------------------------
-----------------------------------------
| rollout/                  |           |
|    ep_len_mean            | 4         |
|    ep_rew_mean            | -1.25e+05 |
| time/                     |           |
|    fps                    | 1121      |
|    time_elapsed           | 784       |
|    total_timesteps        | 880000    |
| train/                    |           |
|    explained_variance     | -1.19e-07 |
|    is_line_search_success | 1         |
|    kl_divergence_loss     | 0.00828   |
|    learning_rate          | 0.001     |
|    n_updates              | 107       |
|    policy_objective       | 0.0392    |
|    std                    | 0.73      |
|    value_loss             | 9.92e+09  |
-----------------------------------------
-----------------------------------------
| rollout/                  |           |
|    ep_len_mean            | 4.03      |
|    ep_rew_mean            | -1.25e+05 |
| time/                     |           |
|    fps                    | 1121      |
|    time_elapsed           | 793       |
|    total_timesteps        | 890000    |
| train/                    |           |
|    explained_variance     | 0         |
|    is_line_search_success | 1         |
|    kl_divergence_loss     | 0.00703   |
|    learning_rate          | 0.001     |
|    n_updates              | 108       |
|    policy_objective       | 0.0296    |
|    std                    | 0.73      |
|    value_loss             | 9.88e+09  |
-----------------------------------------
-----------------------------------------
| rollout/                  |           |
|    ep_len_mean            | 4.06      |
|    ep_rew_mean            | -1.26e+05 |
| time/                     |           |
|    fps                    | 1121      |
|    time_elapsed           | 802       |
|    total_timesteps        | 900000    |
| train/                    |           |
|    explained_variance     | 5.96e-08  |
|    is_line_search_success | 1         |
|    kl_divergence_loss     | 0.00939   |
|    learning_rate          | 0.001     |
|    n_updates              | 109       |
|    policy_objective       | 0.0215    |
|    std                    | 0.728     |
|    value_loss             | 9.87e+09  |
-----------------------------------------
-----------------------------------------
| rollout/                  |           |
|    ep_len_mean            | 4.02      |
|    ep_rew_mean            | -1.25e+05 |
| time/                     |           |
|    fps                    | 1120      |
|    time_elapsed           | 812       |
|    total_timesteps        | 910000    |
| train/                    |           |
|    explained_variance     | 1.19e-07  |
|    is_line_search_success | 1         |
|    kl_divergence_loss     | 0.00868   |
|    learning_rate          | 0.001     |
|    n_updates              | 111       |
|    policy_objective       | 0.0377    |
|    std                    | 0.729     |
|    value_loss             | 9.84e+09  |
-----------------------------------------
-----------------------------------------
| rollout/                  |           |
|    ep_len_mean            | 4.03      |
|    ep_rew_mean            | -1.25e+05 |
| time/                     |           |
|    fps                    | 1120      |
|    time_elapsed           | 820       |
|    total_timesteps        | 920000    |
| train/                    |           |
|    explained_variance     | -1.19e-07 |
|    is_line_search_success | 1         |
|    kl_divergence_loss     | 0.0067    |
|    learning_rate          | 0.001     |
|    n_updates              | 112       |
|    policy_objective       | 0.0319    |
|    std                    | 0.729     |
|    value_loss             | 9.9e+09   |
-----------------------------------------
-----------------------------------------
| rollout/                  |           |
|    ep_len_mean            | 4.03      |
|    ep_rew_mean            | -1.25e+05 |
| time/                     |           |
|    fps                    | 1120      |
|    time_elapsed           | 829       |
|    total_timesteps        | 930000    |
| train/                    |           |
|    explained_variance     | 0         |
|    is_line_search_success | 1         |
|    kl_divergence_loss     | 0.00645   |
|    learning_rate          | 0.001     |
|    n_updates              | 113       |
|    policy_objective       | 0.0249    |
|    std                    | 0.729     |
|    value_loss             | 9.86e+09  |
-----------------------------------------
-----------------------------------------
| rollout/                  |           |
|    ep_len_mean            | 4.22      |
|    ep_rew_mean            | -1.27e+05 |
| time/                     |           |
|    fps                    | 1121      |
|    time_elapsed           | 838       |
|    total_timesteps        | 940000    |
| train/                    |           |
|    explained_variance     | 0         |
|    is_line_search_success | 1         |
|    kl_divergence_loss     | 0.00469   |
|    learning_rate          | 0.001     |
|    n_updates              | 114       |
|    policy_objective       | 0.0189    |
|    std                    | 0.728     |
|    value_loss             | 1.01e+10  |
-----------------------------------------
-----------------------------------------
| rollout/                  |           |
|    ep_len_mean            | 4.18      |
|    ep_rew_mean            | -1.27e+05 |
| time/                     |           |
|    fps                    | 1121      |
|    time_elapsed           | 846       |
|    total_timesteps        | 950000    |
| train/                    |           |
|    explained_variance     | 0         |
|    is_line_search_success | 1         |
|    kl_divergence_loss     | 0.00598   |
|    learning_rate          | 0.001     |
|    n_updates              | 115       |
|    policy_objective       | 0.0447    |
|    std                    | 0.728     |
|    value_loss             | 1.02e+10  |
-----------------------------------------
-----------------------------------------
| rollout/                  |           |
|    ep_len_mean            | 4.11      |
|    ep_rew_mean            | -1.26e+05 |
| time/                     |           |
|    fps                    | 1120      |
|    time_elapsed           | 857       |
|    total_timesteps        | 960000    |
| train/                    |           |
|    explained_variance     | -1.19e-07 |
|    is_line_search_success | 1         |
|    kl_divergence_loss     | 0.00607   |
|    learning_rate          | 0.001     |
|    n_updates              | 117       |
|    policy_objective       | 0.0167    |
|    std                    | 0.727     |
|    value_loss             | 9.82e+09  |
-----------------------------------------
-----------------------------------------
| rollout/                  |           |
|    ep_len_mean            | 4.07      |
|    ep_rew_mean            | -1.26e+05 |
| time/                     |           |
|    fps                    | 1120      |
|    time_elapsed           | 865       |
|    total_timesteps        | 970000    |
| train/                    |           |
|    explained_variance     | 5.96e-08  |
|    is_line_search_success | 1         |
|    kl_divergence_loss     | 0.00784   |
|    learning_rate          | 0.001     |
|    n_updates              | 118       |
|    policy_objective       | 0.0531    |
|    std                    | 0.727     |
|    value_loss             | 1.03e+10  |
-----------------------------------------
-----------------------------------------
| rollout/                  |           |
|    ep_len_mean            | 4.11      |
|    ep_rew_mean            | -1.26e+05 |
| time/                     |           |
|    fps                    | 1121      |
|    time_elapsed           | 874       |
|    total_timesteps        | 980000    |
| train/                    |           |
|    explained_variance     | 0         |
|    is_line_search_success | 1         |
|    kl_divergence_loss     | 0.00521   |
|    learning_rate          | 0.001     |
|    n_updates              | 119       |
|    policy_objective       | 0.0665    |
|    std                    | 0.727     |
|    value_loss             | 1.04e+10  |
-----------------------------------------
-----------------------------------------
| rollout/                  |           |
|    ep_len_mean            | 4         |
|    ep_rew_mean            | -1.25e+05 |
| time/                     |           |
|    fps                    | 1121      |
|    time_elapsed           | 882       |
|    total_timesteps        | 990000    |
| train/                    |           |
|    explained_variance     | 0         |
|    is_line_search_success | 1         |
|    kl_divergence_loss     | 0.00626   |
|    learning_rate          | 0.001     |
|    n_updates              | 120       |
|    policy_objective       | 0.0255    |
|    std                    | 0.727     |
|    value_loss             | 9.79e+09  |
-----------------------------------------
-----------------------------------------
| rollout/                  |           |
|    ep_len_mean            | 4.04      |
|    ep_rew_mean            | -1.25e+05 |
| time/                     |           |
|    fps                    | 1120      |
|    time_elapsed           | 892       |
|    total_timesteps        | 1000000   |
| train/                    |           |
|    explained_variance     | 5.96e-08  |
|    is_line_search_success | 1         |
|    kl_divergence_loss     | 0.00628   |
|    learning_rate          | 0.001     |
|    n_updates              | 122       |
|    policy_objective       | 0.0292    |
|    std                    | 0.726     |
|    value_loss             | 9.78e+09  |
-----------------------------------------
Training ended on Tue Jan 27 16:36:14 2026
Training lasted 0:14:59.662163
