Logging to training_default_logs/5_robots/logs/TQC_set9
Using cpu device
Training started on Tue Jan 27 16:21:15 2026
Experiment configuration: {'algorithm': 'TQC', 'set': 9, 'verbose': 1, 'steps': 1000000, 'num_robots': 5, 'num_envs': 4, 'seed': 33, 'log_steps': 10000, 'resume': False, 'device': 'cpu'}
----------------------------------
| rollout/           |           |
|    ep_len_mean     | 6.21      |
|    ep_rew_mean     | -1.42e+05 |
| time/              |           |
|    episodes        | 375       |
|    fps             | 141       |
|    time_elapsed    | 70        |
|    total_timesteps | 10000     |
| train/             |           |
|    actor_loss      | 2.81e+05  |
|    critic_loss     | 8.97e+03  |
|    ent_coef        | 1.89      |
|    ent_coef_loss   | -38.2     |
|    learning_rate   | 0.0003    |
|    n_updates       | 2474      |
----------------------------------
----------------------------------
| rollout/           |           |
|    ep_len_mean     | 118       |
|    ep_rew_mean     | -5.64e+06 |
| time/              |           |
|    episodes        | 398       |
|    fps             | 142       |
|    time_elapsed    | 140       |
|    total_timesteps | 20000     |
| train/             |           |
|    actor_loss      | 6.96e+05  |
|    critic_loss     | 8.32e+03  |
|    ent_coef        | 4.03      |
|    ent_coef_loss   | -70.3     |
|    learning_rate   | 0.0003    |
|    n_updates       | 4974      |
----------------------------------
----------------------------------
| rollout/           |           |
|    ep_len_mean     | 197       |
|    ep_rew_mean     | -9.62e+06 |
| time/              |           |
|    episodes        | 406       |
|    fps             | 141       |
|    time_elapsed    | 211       |
|    total_timesteps | 30000     |
| train/             |           |
|    actor_loss      | 1.18e+06  |
|    critic_loss     | 8.86e+03  |
|    ent_coef        | 7.75      |
|    ent_coef_loss   | -67.5     |
|    learning_rate   | 0.0003    |
|    n_updates       | 7474      |
----------------------------------
----------------------------------
| rollout/           |           |
|    ep_len_mean     | 314       |
|    ep_rew_mean     | -1.54e+07 |
| time/              |           |
|    episodes        | 425       |
|    fps             | 141       |
|    time_elapsed    | 281       |
|    total_timesteps | 40000     |
| train/             |           |
|    actor_loss      | 1.55e+06  |
|    critic_loss     | 9.79e+03  |
|    ent_coef        | 13.2      |
|    ent_coef_loss   | -26.1     |
|    learning_rate   | 0.0003    |
|    n_updates       | 9974      |
----------------------------------
----------------------------------
| rollout/           |           |
|    ep_len_mean     | 403       |
|    ep_rew_mean     | -1.94e+07 |
| time/              |           |
|    episodes        | 467       |
|    fps             | 140       |
|    time_elapsed    | 356       |
|    total_timesteps | 50000     |
| train/             |           |
|    actor_loss      | 1.82e+06  |
|    critic_loss     | 1.19e+04  |
|    ent_coef        | 18.8      |
|    ent_coef_loss   | -18       |
|    learning_rate   | 0.0003    |
|    n_updates       | 12474     |
----------------------------------
----------------------------------
| rollout/           |           |
|    ep_len_mean     | 48.4      |
|    ep_rew_mean     | -1.96e+06 |
| time/              |           |
|    episodes        | 596       |
|    fps             | 138       |
|    time_elapsed    | 432       |
|    total_timesteps | 60000     |
| train/             |           |
|    actor_loss      | 2.14e+06  |
|    critic_loss     | 1.66e+04  |
|    ent_coef        | 29.7      |
|    ent_coef_loss   | -9.03     |
|    learning_rate   | 0.0003    |
|    n_updates       | 14974     |
----------------------------------
----------------------------------
| rollout/           |           |
|    ep_len_mean     | 52.8      |
|    ep_rew_mean     | -2.21e+06 |
| time/              |           |
|    episodes        | 770       |
|    fps             | 138       |
|    time_elapsed    | 504       |
|    total_timesteps | 70000     |
| train/             |           |
|    actor_loss      | 2.41e+06  |
|    critic_loss     | 2.63e+04  |
|    ent_coef        | 49.3      |
|    ent_coef_loss   | -5.69     |
|    learning_rate   | 0.0003    |
|    n_updates       | 17474     |
----------------------------------
----------------------------------
| rollout/           |           |
|    ep_len_mean     | 152       |
|    ep_rew_mean     | -6.75e+06 |
| time/              |           |
|    episodes        | 810       |
|    fps             | 139       |
|    time_elapsed    | 573       |
|    total_timesteps | 80000     |
| train/             |           |
|    actor_loss      | 2.52e+06  |
|    critic_loss     | 3.47e+04  |
|    ent_coef        | 58.8      |
|    ent_coef_loss   | -1.56     |
|    learning_rate   | 0.0003    |
|    n_updates       | 19974     |
----------------------------------
----------------------------------
| rollout/           |           |
|    ep_len_mean     | 257       |
|    ep_rew_mean     | -1.19e+07 |
| time/              |           |
|    episodes        | 843       |
|    fps             | 140       |
|    time_elapsed    | 641       |
|    total_timesteps | 90000     |
| train/             |           |
|    actor_loss      | 2.76e+06  |
|    critic_loss     | 2.32e+04  |
|    ent_coef        | 54.4      |
|    ent_coef_loss   | -0.76     |
|    learning_rate   | 0.0003    |
|    n_updates       | 22474     |
----------------------------------
----------------------------------
| rollout/           |           |
|    ep_len_mean     | 206       |
|    ep_rew_mean     | -9.72e+06 |
| time/              |           |
|    episodes        | 910       |
|    fps             | 140       |
|    time_elapsed    | 711       |
|    total_timesteps | 100000    |
| train/             |           |
|    actor_loss      | 2.94e+06  |
|    critic_loss     | 2.38e+04  |
|    ent_coef        | 55.2      |
|    ent_coef_loss   | -0.801    |
|    learning_rate   | 0.0003    |
|    n_updates       | 24974     |
----------------------------------
----------------------------------
| rollout/           |           |
|    ep_len_mean     | 172       |
|    ep_rew_mean     | -7.77e+06 |
| time/              |           |
|    episodes        | 972       |
|    fps             | 140       |
|    time_elapsed    | 783       |
|    total_timesteps | 110000    |
| train/             |           |
|    actor_loss      | 3.11e+06  |
|    critic_loss     | 1.56e+04  |
|    ent_coef        | 56.8      |
|    ent_coef_loss   | -4.86     |
|    learning_rate   | 0.0003    |
|    n_updates       | 27474     |
----------------------------------
----------------------------------
| rollout/           |           |
|    ep_len_mean     | 150       |
|    ep_rew_mean     | -6.07e+06 |
| time/              |           |
|    episodes        | 1034      |
|    fps             | 140       |
|    time_elapsed    | 856       |
|    total_timesteps | 120000    |
| train/             |           |
|    actor_loss      | 3.18e+06  |
|    critic_loss     | 2.03e+04  |
|    ent_coef        | 73.3      |
|    ent_coef_loss   | -0.764    |
|    learning_rate   | 0.0003    |
|    n_updates       | 29974     |
----------------------------------
----------------------------------
| rollout/           |           |
|    ep_len_mean     | 54.5      |
|    ep_rew_mean     | -1.92e+06 |
| time/              |           |
|    episodes        | 1160      |
|    fps             | 139       |
|    time_elapsed    | 928       |
|    total_timesteps | 130000    |
| train/             |           |
|    actor_loss      | 3.08e+06  |
|    critic_loss     | 2.14e+04  |
|    ent_coef        | 116       |
|    ent_coef_loss   | -1.33     |
|    learning_rate   | 0.0003    |
|    n_updates       | 32474     |
----------------------------------
----------------------------------
| rollout/           |           |
|    ep_len_mean     | 39.1      |
|    ep_rew_mean     | -1.21e+06 |
| time/              |           |
|    episodes        | 1407      |
|    fps             | 139       |
|    time_elapsed    | 1001      |
|    total_timesteps | 140000    |
| train/             |           |
|    actor_loss      | 3.06e+06  |
|    critic_loss     | 3e+04     |
|    ent_coef        | 231       |
|    ent_coef_loss   | -6.02     |
|    learning_rate   | 0.0003    |
|    n_updates       | 34974     |
----------------------------------
----------------------------------
| rollout/           |           |
|    ep_len_mean     | 123       |
|    ep_rew_mean     | -5.18e+06 |
| time/              |           |
|    episodes        | 1449      |
|    fps             | 140       |
|    time_elapsed    | 1070      |
|    total_timesteps | 150000    |
| train/             |           |
|    actor_loss      | 3.03e+06  |
|    critic_loss     | 2.08e+04  |
|    ent_coef        | 222       |
|    ent_coef_loss   | 1.89      |
|    learning_rate   | 0.0003    |
|    n_updates       | 37474     |
----------------------------------
----------------------------------
| rollout/           |           |
|    ep_len_mean     | 203       |
|    ep_rew_mean     | -9.19e+06 |
| time/              |           |
|    episodes        | 1469      |
|    fps             | 140       |
|    time_elapsed    | 1141      |
|    total_timesteps | 160000    |
| train/             |           |
|    actor_loss      | 3.04e+06  |
|    critic_loss     | 3.83e+04  |
|    ent_coef        | 185       |
|    ent_coef_loss   | 2.27      |
|    learning_rate   | 0.0003    |
|    n_updates       | 39974     |
----------------------------------
----------------------------------
| rollout/           |           |
|    ep_len_mean     | 308       |
|    ep_rew_mean     | -1.45e+07 |
| time/              |           |
|    episodes        | 1487      |
|    fps             | 140       |
|    time_elapsed    | 1213      |
|    total_timesteps | 170000    |
| train/             |           |
|    actor_loss      | 3.05e+06  |
|    critic_loss     | 3.27e+04  |
|    ent_coef        | 137       |
|    ent_coef_loss   | 0.821     |
|    learning_rate   | 0.0003    |
|    n_updates       | 42474     |
----------------------------------
----------------------------------
| rollout/           |           |
|    ep_len_mean     | 252       |
|    ep_rew_mean     | -1.17e+07 |
| time/              |           |
|    episodes        | 1560      |
|    fps             | 140       |
|    time_elapsed    | 1284      |
|    total_timesteps | 180000    |
| train/             |           |
|    actor_loss      | 3.11e+06  |
|    critic_loss     | 2.76e+04  |
|    ent_coef        | 84.7      |
|    ent_coef_loss   | 3.01      |
|    learning_rate   | 0.0003    |
|    n_updates       | 44974     |
----------------------------------
----------------------------------
| rollout/           |           |
|    ep_len_mean     | 160       |
|    ep_rew_mean     | -6.06e+06 |
| time/              |           |
|    episodes        | 1611      |
|    fps             | 140       |
|    time_elapsed    | 1354      |
|    total_timesteps | 190000    |
| train/             |           |
|    actor_loss      | 3.26e+06  |
|    critic_loss     | 2.81e+04  |
|    ent_coef        | 68.7      |
|    ent_coef_loss   | -1.48     |
|    learning_rate   | 0.0003    |
|    n_updates       | 47474     |
----------------------------------
---------------------------------
| rollout/           |          |
|    ep_len_mean     | 107      |
|    ep_rew_mean     | -3.1e+06 |
| time/              |          |
|    episodes        | 1697     |
|    fps             | 140      |
|    time_elapsed    | 1426     |
|    total_timesteps | 200000   |
| train/             |          |
|    actor_loss      | 3.24e+06 |
|    critic_loss     | 2.04e+04 |
|    ent_coef        | 93.8     |
|    ent_coef_loss   | -6.08    |
|    learning_rate   | 0.0003   |
|    n_updates       | 49974    |
---------------------------------
----------------------------------
| rollout/           |           |
|    ep_len_mean     | 72.8      |
|    ep_rew_mean     | -2.51e+06 |
| time/              |           |
|    episodes        | 1820      |
|    fps             | 140       |
|    time_elapsed    | 1499      |
|    total_timesteps | 210000    |
| train/             |           |
|    actor_loss      | 3.24e+06  |
|    critic_loss     | 2.43e+04  |
|    ent_coef        | 90.1      |
|    ent_coef_loss   | 2.38      |
|    learning_rate   | 0.0003    |
|    n_updates       | 52474     |
----------------------------------
----------------------------------
| rollout/           |           |
|    ep_len_mean     | 80        |
|    ep_rew_mean     | -2.77e+06 |
| time/              |           |
|    episodes        | 1917      |
|    fps             | 139       |
|    time_elapsed    | 1573      |
|    total_timesteps | 220000    |
| train/             |           |
|    actor_loss      | 3.15e+06  |
|    critic_loss     | 3.45e+04  |
|    ent_coef        | 116       |
|    ent_coef_loss   | 1.43      |
|    learning_rate   | 0.0003    |
|    n_updates       | 54974     |
----------------------------------
---------------------------------
| rollout/           |          |
|    ep_len_mean     | 35.4     |
|    ep_rew_mean     | -9.3e+05 |
| time/              |          |
|    episodes        | 2128     |
|    fps             | 139      |
|    time_elapsed    | 1643     |
|    total_timesteps | 230000   |
| train/             |          |
|    actor_loss      | 3.09e+06 |
|    critic_loss     | 3.65e+04 |
|    ent_coef        | 158      |
|    ent_coef_loss   | 0.912    |
|    learning_rate   | 0.0003   |
|    n_updates       | 57474    |
---------------------------------
----------------------------------
| rollout/           |           |
|    ep_len_mean     | 51.4      |
|    ep_rew_mean     | -1.44e+06 |
| time/              |           |
|    episodes        | 2340      |
|    fps             | 139       |
|    time_elapsed    | 1717      |
|    total_timesteps | 240000    |
| train/             |           |
|    actor_loss      | 3.05e+06  |
|    critic_loss     | 2.87e+04  |
|    ent_coef        | 197       |
|    ent_coef_loss   | -0.958    |
|    learning_rate   | 0.0003    |
|    n_updates       | 59974     |
----------------------------------
----------------------------------
| rollout/           |           |
|    ep_len_mean     | 99.1      |
|    ep_rew_mean     | -3.35e+06 |
| time/              |           |
|    episodes        | 2434      |
|    fps             | 139       |
|    time_elapsed    | 1791      |
|    total_timesteps | 250000    |
| train/             |           |
|    actor_loss      | 2.97e+06  |
|    critic_loss     | 3.99e+04  |
|    ent_coef        | 202       |
|    ent_coef_loss   | 1.92      |
|    learning_rate   | 0.0003    |
|    n_updates       | 62474     |
----------------------------------
----------------------------------
| rollout/           |           |
|    ep_len_mean     | 120       |
|    ep_rew_mean     | -4.61e+06 |
| time/              |           |
|    episodes        | 2518      |
|    fps             | 139       |
|    time_elapsed    | 1864      |
|    total_timesteps | 260000    |
| train/             |           |
|    actor_loss      | 2.93e+06  |
|    critic_loss     | 3.87e+04  |
|    ent_coef        | 163       |
|    ent_coef_loss   | -0.183    |
|    learning_rate   | 0.0003    |
|    n_updates       | 64974     |
----------------------------------
----------------------------------
| rollout/           |           |
|    ep_len_mean     | 46.6      |
|    ep_rew_mean     | -1.04e+06 |
| time/              |           |
|    episodes        | 2648      |
|    fps             | 139       |
|    time_elapsed    | 1936      |
|    total_timesteps | 270000    |
| train/             |           |
|    actor_loss      | 2.9e+06   |
|    critic_loss     | 4.34e+04  |
|    ent_coef        | 133       |
|    ent_coef_loss   | -0.704    |
|    learning_rate   | 0.0003    |
|    n_updates       | 67474     |
----------------------------------
----------------------------------
| rollout/           |           |
|    ep_len_mean     | 46.1      |
|    ep_rew_mean     | -8.38e+05 |
| time/              |           |
|    episodes        | 2801      |
|    fps             | 139       |
|    time_elapsed    | 2010      |
|    total_timesteps | 280000    |
| train/             |           |
|    actor_loss      | 2.87e+06  |
|    critic_loss     | 2.61e+04  |
|    ent_coef        | 124       |
|    ent_coef_loss   | -0.841    |
|    learning_rate   | 0.0003    |
|    n_updates       | 69974     |
----------------------------------
----------------------------------
| rollout/           |           |
|    ep_len_mean     | 125       |
|    ep_rew_mean     | -3.68e+06 |
| time/              |           |
|    episodes        | 2848      |
|    fps             | 139       |
|    time_elapsed    | 2086      |
|    total_timesteps | 290000    |
| train/             |           |
|    actor_loss      | 2.82e+06  |
|    critic_loss     | 1.77e+04  |
|    ent_coef        | 134       |
|    ent_coef_loss   | 3.85      |
|    learning_rate   | 0.0003    |
|    n_updates       | 72474     |
----------------------------------
----------------------------------
| rollout/           |           |
|    ep_len_mean     | 36.7      |
|    ep_rew_mean     | -1.04e+06 |
| time/              |           |
|    episodes        | 2998      |
|    fps             | 138       |
|    time_elapsed    | 2163      |
|    total_timesteps | 300000    |
| train/             |           |
|    actor_loss      | 2.76e+06  |
|    critic_loss     | 2.6e+04   |
|    ent_coef        | 133       |
|    ent_coef_loss   | -2.91     |
|    learning_rate   | 0.0003    |
|    n_updates       | 74974     |
----------------------------------
----------------------------------
| rollout/           |           |
|    ep_len_mean     | 32        |
|    ep_rew_mean     | -9.21e+05 |
| time/              |           |
|    episodes        | 3149      |
|    fps             | 138       |
|    time_elapsed    | 2240      |
|    total_timesteps | 310000    |
| train/             |           |
|    actor_loss      | 2.72e+06  |
|    critic_loss     | 2.12e+04  |
|    ent_coef        | 131       |
|    ent_coef_loss   | 1.54      |
|    learning_rate   | 0.0003    |
|    n_updates       | 77474     |
----------------------------------
----------------------------------
| rollout/           |           |
|    ep_len_mean     | 33.6      |
|    ep_rew_mean     | -9.84e+05 |
| time/              |           |
|    episodes        | 3582      |
|    fps             | 138       |
|    time_elapsed    | 2315      |
|    total_timesteps | 320000    |
| train/             |           |
|    actor_loss      | 2.68e+06  |
|    critic_loss     | 2.8e+04   |
|    ent_coef        | 126       |
|    ent_coef_loss   | 0.204     |
|    learning_rate   | 0.0003    |
|    n_updates       | 79974     |
----------------------------------
----------------------------------
| rollout/           |           |
|    ep_len_mean     | 22.3      |
|    ep_rew_mean     | -2.13e+05 |
| time/              |           |
|    episodes        | 3936      |
|    fps             | 138       |
|    time_elapsed    | 2388      |
|    total_timesteps | 330000    |
| train/             |           |
|    actor_loss      | 2.63e+06  |
|    critic_loss     | 1.97e+04  |
|    ent_coef        | 125       |
|    ent_coef_loss   | 0.113     |
|    learning_rate   | 0.0003    |
|    n_updates       | 82474     |
----------------------------------
----------------------------------
| rollout/           |           |
|    ep_len_mean     | 21.4      |
|    ep_rew_mean     | -1.55e+05 |
| time/              |           |
|    episodes        | 4549      |
|    fps             | 137       |
|    time_elapsed    | 2465      |
|    total_timesteps | 340000    |
| train/             |           |
|    actor_loss      | 2.58e+06  |
|    critic_loss     | 1.93e+04  |
|    ent_coef        | 134       |
|    ent_coef_loss   | 3.68      |
|    learning_rate   | 0.0003    |
|    n_updates       | 84974     |
----------------------------------
----------------------------------
| rollout/           |           |
|    ep_len_mean     | 44.3      |
|    ep_rew_mean     | -3.63e+05 |
| time/              |           |
|    episodes        | 4819      |
|    fps             | 137       |
|    time_elapsed    | 2545      |
|    total_timesteps | 350000    |
| train/             |           |
|    actor_loss      | 2.47e+06  |
|    critic_loss     | 1.48e+04  |
|    ent_coef        | 146       |
|    ent_coef_loss   | 2.26      |
|    learning_rate   | 0.0003    |
|    n_updates       | 87474     |
----------------------------------
----------------------------------
| rollout/           |           |
|    ep_len_mean     | 58.5      |
|    ep_rew_mean     | -5.13e+05 |
| time/              |           |
|    episodes        | 5007      |
|    fps             | 137       |
|    time_elapsed    | 2623      |
|    total_timesteps | 360000    |
| train/             |           |
|    actor_loss      | 2.38e+06  |
|    critic_loss     | 2.06e+04  |
|    ent_coef        | 148       |
|    ent_coef_loss   | 1.74      |
|    learning_rate   | 0.0003    |
|    n_updates       | 89974     |
----------------------------------
----------------------------------
| rollout/           |           |
|    ep_len_mean     | 41.9      |
|    ep_rew_mean     | -3.56e+05 |
| time/              |           |
|    episodes        | 5205      |
|    fps             | 137       |
|    time_elapsed    | 2700      |
|    total_timesteps | 370000    |
| train/             |           |
|    actor_loss      | 2.31e+06  |
|    critic_loss     | 4.16e+04  |
|    ent_coef        | 151       |
|    ent_coef_loss   | 3.23      |
|    learning_rate   | 0.0003    |
|    n_updates       | 92474     |
----------------------------------
----------------------------------
| rollout/           |           |
|    ep_len_mean     | 44.4      |
|    ep_rew_mean     | -3.04e+05 |
| time/              |           |
|    episodes        | 5424      |
|    fps             | 136       |
|    time_elapsed    | 2780      |
|    total_timesteps | 380000    |
| train/             |           |
|    actor_loss      | 2.2e+06   |
|    critic_loss     | 2.41e+04  |
|    ent_coef        | 152       |
|    ent_coef_loss   | -3.93     |
|    learning_rate   | 0.0003    |
|    n_updates       | 94974     |
----------------------------------
----------------------------------
| rollout/           |           |
|    ep_len_mean     | 23.3      |
|    ep_rew_mean     | -1.69e+05 |
| time/              |           |
|    episodes        | 5798      |
|    fps             | 136       |
|    time_elapsed    | 2858      |
|    total_timesteps | 390000    |
| train/             |           |
|    actor_loss      | 2.11e+06  |
|    critic_loss     | 2.66e+04  |
|    ent_coef        | 154       |
|    ent_coef_loss   | 0.904     |
|    learning_rate   | 0.0003    |
|    n_updates       | 97474     |
----------------------------------
----------------------------------
| rollout/           |           |
|    ep_len_mean     | 54.5      |
|    ep_rew_mean     | -3.06e+05 |
| time/              |           |
|    episodes        | 5995      |
|    fps             | 136       |
|    time_elapsed    | 2934      |
|    total_timesteps | 400000    |
| train/             |           |
|    actor_loss      | 2.01e+06  |
|    critic_loss     | 2.24e+04  |
|    ent_coef        | 154       |
|    ent_coef_loss   | -1.22     |
|    learning_rate   | 0.0003    |
|    n_updates       | 99974     |
----------------------------------
----------------------------------
| rollout/           |           |
|    ep_len_mean     | 73.7      |
|    ep_rew_mean     | -4.06e+05 |
| time/              |           |
|    episodes        | 6143      |
|    fps             | 136       |
|    time_elapsed    | 3010      |
|    total_timesteps | 410000    |
| train/             |           |
|    actor_loss      | 1.89e+06  |
|    critic_loss     | 2.09e+04  |
|    ent_coef        | 157       |
|    ent_coef_loss   | -2.97     |
|    learning_rate   | 0.0003    |
|    n_updates       | 102474    |
----------------------------------
----------------------------------
| rollout/           |           |
|    ep_len_mean     | 44.4      |
|    ep_rew_mean     | -2.46e+05 |
| time/              |           |
|    episodes        | 6336      |
|    fps             | 135       |
|    time_elapsed    | 3088      |
|    total_timesteps | 420000    |
| train/             |           |
|    actor_loss      | 1.78e+06  |
|    critic_loss     | 2.63e+04  |
|    ent_coef        | 155       |
|    ent_coef_loss   | 0.685     |
|    learning_rate   | 0.0003    |
|    n_updates       | 104974    |
----------------------------------
----------------------------------
| rollout/           |           |
|    ep_len_mean     | 33.5      |
|    ep_rew_mean     | -2.27e+05 |
| time/              |           |
|    episodes        | 6571      |
|    fps             | 135       |
|    time_elapsed    | 3164      |
|    total_timesteps | 430000    |
| train/             |           |
|    actor_loss      | 1.67e+06  |
|    critic_loss     | 2.72e+04  |
|    ent_coef        | 153       |
|    ent_coef_loss   | -0.904    |
|    learning_rate   | 0.0003    |
|    n_updates       | 107474    |
----------------------------------
----------------------------------
| rollout/           |           |
|    ep_len_mean     | 17.5      |
|    ep_rew_mean     | -1.36e+05 |
| time/              |           |
|    episodes        | 7113      |
|    fps             | 135       |
|    time_elapsed    | 3241      |
|    total_timesteps | 440000    |
| train/             |           |
|    actor_loss      | 1.6e+06   |
|    critic_loss     | 3.01e+04  |
|    ent_coef        | 151       |
|    ent_coef_loss   | -0.994    |
|    learning_rate   | 0.0003    |
|    n_updates       | 109974    |
----------------------------------
----------------------------------
| rollout/           |           |
|    ep_len_mean     | 17.5      |
|    ep_rew_mean     | -1.62e+05 |
| time/              |           |
|    episodes        | 7635      |
|    fps             | 135       |
|    time_elapsed    | 3318      |
|    total_timesteps | 450000    |
| train/             |           |
|    actor_loss      | 1.51e+06  |
|    critic_loss     | 1.55e+04  |
|    ent_coef        | 159       |
|    ent_coef_loss   | -5.14     |
|    learning_rate   | 0.0003    |
|    n_updates       | 112474    |
----------------------------------
----------------------------------
| rollout/           |           |
|    ep_len_mean     | 30        |
|    ep_rew_mean     | -2.99e+05 |
| time/              |           |
|    episodes        | 8000      |
|    fps             | 135       |
|    time_elapsed    | 3396      |
|    total_timesteps | 460000    |
| train/             |           |
|    actor_loss      | 1.43e+06  |
|    critic_loss     | 1.02e+04  |
|    ent_coef        | 160       |
|    ent_coef_loss   | -0.455    |
|    learning_rate   | 0.0003    |
|    n_updates       | 114974    |
----------------------------------
----------------------------------
| rollout/           |           |
|    ep_len_mean     | 16.4      |
|    ep_rew_mean     | -1.52e+05 |
| time/              |           |
|    episodes        | 8496      |
|    fps             | 135       |
|    time_elapsed    | 3474      |
|    total_timesteps | 470000    |
| train/             |           |
|    actor_loss      | 1.31e+06  |
|    critic_loss     | 1.85e+04  |
|    ent_coef        | 159       |
|    ent_coef_loss   | 5.54      |
|    learning_rate   | 0.0003    |
|    n_updates       | 117474    |
----------------------------------
----------------------------------
| rollout/           |           |
|    ep_len_mean     | 12.7      |
|    ep_rew_mean     | -1.13e+05 |
| time/              |           |
|    episodes        | 9115      |
|    fps             | 135       |
|    time_elapsed    | 3549      |
|    total_timesteps | 480000    |
| train/             |           |
|    actor_loss      | 1.24e+06  |
|    critic_loss     | 1.53e+04  |
|    ent_coef        | 163       |
|    ent_coef_loss   | -2.58     |
|    learning_rate   | 0.0003    |
|    n_updates       | 119974    |
----------------------------------
----------------------------------
| rollout/           |           |
|    ep_len_mean     | 12.7      |
|    ep_rew_mean     | -1.12e+05 |
| time/              |           |
|    episodes        | 9767      |
|    fps             | 135       |
|    time_elapsed    | 3629      |
|    total_timesteps | 490000    |
| train/             |           |
|    actor_loss      | 1.2e+06   |
|    critic_loss     | 1.53e+04  |
|    ent_coef        | 165       |
|    ent_coef_loss   | -7.19     |
|    learning_rate   | 0.0003    |
|    n_updates       | 122474    |
----------------------------------
----------------------------------
| rollout/           |           |
|    ep_len_mean     | 32.3      |
|    ep_rew_mean     | -1.98e+05 |
| time/              |           |
|    episodes        | 10147     |
|    fps             | 134       |
|    time_elapsed    | 3705      |
|    total_timesteps | 500000    |
| train/             |           |
|    actor_loss      | 1.12e+06  |
|    critic_loss     | 1.63e+04  |
|    ent_coef        | 168       |
|    ent_coef_loss   | -4.71     |
|    learning_rate   | 0.0003    |
|    n_updates       | 124974    |
----------------------------------
----------------------------------
| rollout/           |           |
|    ep_len_mean     | 8.9       |
|    ep_rew_mean     | -1.21e+05 |
| time/              |           |
|    episodes        | 10688     |
|    fps             | 134       |
|    time_elapsed    | 3783      |
|    total_timesteps | 510000    |
| train/             |           |
|    actor_loss      | 9.81e+05  |
|    critic_loss     | 2.14e+04  |
|    ent_coef        | 166       |
|    ent_coef_loss   | 0.416     |
|    learning_rate   | 0.0003    |
|    n_updates       | 127474    |
----------------------------------
----------------------------------
| rollout/           |           |
|    ep_len_mean     | 28.7      |
|    ep_rew_mean     | -1.69e+05 |
| time/              |           |
|    episodes        | 11117     |
|    fps             | 134       |
|    time_elapsed    | 3858      |
|    total_timesteps | 520000    |
| train/             |           |
|    actor_loss      | 9.29e+05  |
|    critic_loss     | 1.43e+04  |
|    ent_coef        | 163       |
|    ent_coef_loss   | 2.22      |
|    learning_rate   | 0.0003    |
|    n_updates       | 129974    |
----------------------------------
----------------------------------
| rollout/           |           |
|    ep_len_mean     | 27.9      |
|    ep_rew_mean     | -1.39e+05 |
| time/              |           |
|    episodes        | 11490     |
|    fps             | 134       |
|    time_elapsed    | 3936      |
|    total_timesteps | 530000    |
| train/             |           |
|    actor_loss      | 9.04e+05  |
|    critic_loss     | 1.72e+04  |
|    ent_coef        | 160       |
|    ent_coef_loss   | 0.198     |
|    learning_rate   | 0.0003    |
|    n_updates       | 132474    |
----------------------------------
----------------------------------
| rollout/           |           |
|    ep_len_mean     | 39.9      |
|    ep_rew_mean     | -1.25e+05 |
| time/              |           |
|    episodes        | 11778     |
|    fps             | 134       |
|    time_elapsed    | 4015      |
|    total_timesteps | 540000    |
| train/             |           |
|    actor_loss      | 8.61e+05  |
|    critic_loss     | 1.44e+04  |
|    ent_coef        | 163       |
|    ent_coef_loss   | 0.0896    |
|    learning_rate   | 0.0003    |
|    n_updates       | 134974    |
----------------------------------
----------------------------------
| rollout/           |           |
|    ep_len_mean     | 29.9      |
|    ep_rew_mean     | -1.18e+05 |
| time/              |           |
|    episodes        | 12024     |
|    fps             | 134       |
|    time_elapsed    | 4092      |
|    total_timesteps | 550000    |
| train/             |           |
|    actor_loss      | 8.05e+05  |
|    critic_loss     | 1.45e+04  |
|    ent_coef        | 164       |
|    ent_coef_loss   | 0.719     |
|    learning_rate   | 0.0003    |
|    n_updates       | 137474    |
----------------------------------
----------------------------------
| rollout/           |           |
|    ep_len_mean     | 17.1      |
|    ep_rew_mean     | -1.13e+05 |
| time/              |           |
|    episodes        | 12557     |
|    fps             | 134       |
|    time_elapsed    | 4167      |
|    total_timesteps | 560000    |
| train/             |           |
|    actor_loss      | 7.1e+05   |
|    critic_loss     | 1.26e+04  |
|    ent_coef        | 167       |
|    ent_coef_loss   | 1.36      |
|    learning_rate   | 0.0003    |
|    n_updates       | 139974    |
----------------------------------
---------------------------------
| rollout/           |          |
|    ep_len_mean     | 16.7     |
|    ep_rew_mean     | -1.1e+05 |
| time/              |          |
|    episodes        | 13050    |
|    fps             | 134      |
|    time_elapsed    | 4246     |
|    total_timesteps | 570000   |
| train/             |          |
|    actor_loss      | 6.39e+05 |
|    critic_loss     | 1.43e+04 |
|    ent_coef        | 167      |
|    ent_coef_loss   | 2.57     |
|    learning_rate   | 0.0003   |
|    n_updates       | 142474   |
---------------------------------
----------------------------------
| rollout/           |           |
|    ep_len_mean     | 12.7      |
|    ep_rew_mean     | -9.92e+04 |
| time/              |           |
|    episodes        | 13632     |
|    fps             | 134       |
|    time_elapsed    | 4325      |
|    total_timesteps | 580000    |
| train/             |           |
|    actor_loss      | 5.94e+05  |
|    critic_loss     | 1.25e+04  |
|    ent_coef        | 166       |
|    ent_coef_loss   | -1.77     |
|    learning_rate   | 0.0003    |
|    n_updates       | 144974    |
----------------------------------
----------------------------------
| rollout/           |           |
|    ep_len_mean     | 10.2      |
|    ep_rew_mean     | -9.49e+04 |
| time/              |           |
|    episodes        | 14514     |
|    fps             | 134       |
|    time_elapsed    | 4402      |
|    total_timesteps | 590000    |
| train/             |           |
|    actor_loss      | 5.68e+05  |
|    critic_loss     | 1.21e+04  |
|    ent_coef        | 168       |
|    ent_coef_loss   | 5.24      |
|    learning_rate   | 0.0003    |
|    n_updates       | 147474    |
----------------------------------
----------------------------------
| rollout/           |           |
|    ep_len_mean     | 27.9      |
|    ep_rew_mean     | -1.07e+05 |
| time/              |           |
|    episodes        | 15284     |
|    fps             | 133       |
|    time_elapsed    | 4481      |
|    total_timesteps | 600000    |
| train/             |           |
|    actor_loss      | 5.07e+05  |
|    critic_loss     | 1.59e+04  |
|    ent_coef        | 169       |
|    ent_coef_loss   | 0.329     |
|    learning_rate   | 0.0003    |
|    n_updates       | 149974    |
----------------------------------
----------------------------------
| rollout/           |           |
|    ep_len_mean     | 67.8      |
|    ep_rew_mean     | -1.32e+05 |
| time/              |           |
|    episodes        | 15428     |
|    fps             | 133       |
|    time_elapsed    | 4561      |
|    total_timesteps | 610000    |
| train/             |           |
|    actor_loss      | 4.59e+05  |
|    critic_loss     | 1.18e+04  |
|    ent_coef        | 169       |
|    ent_coef_loss   | -1.3      |
|    learning_rate   | 0.0003    |
|    n_updates       | 152474    |
----------------------------------
----------------------------------
| rollout/           |           |
|    ep_len_mean     | 132       |
|    ep_rew_mean     | -1.66e+05 |
| time/              |           |
|    episodes        | 15485     |
|    fps             | 133       |
|    time_elapsed    | 4637      |
|    total_timesteps | 620000    |
| train/             |           |
|    actor_loss      | 4.08e+05  |
|    critic_loss     | 1.31e+04  |
|    ent_coef        | 165       |
|    ent_coef_loss   | -2.53     |
|    learning_rate   | 0.0003    |
|    n_updates       | 154974    |
----------------------------------
----------------------------------
| rollout/           |           |
|    ep_len_mean     | 122       |
|    ep_rew_mean     | -2.09e+05 |
| time/              |           |
|    episodes        | 15572     |
|    fps             | 133       |
|    time_elapsed    | 4715      |
|    total_timesteps | 630000    |
| train/             |           |
|    actor_loss      | 3.91e+05  |
|    critic_loss     | 1.14e+04  |
|    ent_coef        | 157       |
|    ent_coef_loss   | -2.38     |
|    learning_rate   | 0.0003    |
|    n_updates       | 157474    |
----------------------------------
----------------------------------
| rollout/           |           |
|    ep_len_mean     | 115       |
|    ep_rew_mean     | -4.24e+05 |
| time/              |           |
|    episodes        | 15665     |
|    fps             | 133       |
|    time_elapsed    | 4794      |
|    total_timesteps | 640000    |
| train/             |           |
|    actor_loss      | 3.72e+05  |
|    critic_loss     | 1.12e+04  |
|    ent_coef        | 147       |
|    ent_coef_loss   | 1.19      |
|    learning_rate   | 0.0003    |
|    n_updates       | 159974    |
----------------------------------
----------------------------------
| rollout/           |           |
|    ep_len_mean     | 28.6      |
|    ep_rew_mean     | -1.27e+05 |
| time/              |           |
|    episodes        | 15929     |
|    fps             | 133       |
|    time_elapsed    | 4871      |
|    total_timesteps | 650000    |
| train/             |           |
|    actor_loss      | 3.42e+05  |
|    critic_loss     | 1.13e+04  |
|    ent_coef        | 137       |
|    ent_coef_loss   | 2.34      |
|    learning_rate   | 0.0003    |
|    n_updates       | 162474    |
----------------------------------
---------------------------------
| rollout/           |          |
|    ep_len_mean     | 26.3     |
|    ep_rew_mean     | -1.1e+05 |
| time/              |          |
|    episodes        | 16344    |
|    fps             | 133      |
|    time_elapsed    | 4950     |
|    total_timesteps | 660000   |
| train/             |          |
|    actor_loss      | 3.1e+05  |
|    critic_loss     | 8.36e+03 |
|    ent_coef        | 130      |
|    ent_coef_loss   | -0.358   |
|    learning_rate   | 0.0003   |
|    n_updates       | 164974   |
---------------------------------
---------------------------------
| rollout/           |          |
|    ep_len_mean     | 13.7     |
|    ep_rew_mean     | -9.9e+04 |
| time/              |          |
|    episodes        | 16799    |
|    fps             | 133      |
|    time_elapsed    | 5029     |
|    total_timesteps | 670000   |
| train/             |          |
|    actor_loss      | 2.89e+05 |
|    critic_loss     | 8.57e+03 |
|    ent_coef        | 126      |
|    ent_coef_loss   | -5.79    |
|    learning_rate   | 0.0003   |
|    n_updates       | 167474   |
---------------------------------
----------------------------------
| rollout/           |           |
|    ep_len_mean     | 33.3      |
|    ep_rew_mean     | -1.09e+05 |
| time/              |           |
|    episodes        | 17315     |
|    fps             | 133       |
|    time_elapsed    | 5106      |
|    total_timesteps | 680000    |
| train/             |           |
|    actor_loss      | 2.76e+05  |
|    critic_loss     | 6.03e+03  |
|    ent_coef        | 121       |
|    ent_coef_loss   | 3.51      |
|    learning_rate   | 0.0003    |
|    n_updates       | 169974    |
----------------------------------
---------------------------------
| rollout/           |          |
|    ep_len_mean     | 62.6     |
|    ep_rew_mean     | -1.1e+05 |
| time/              |          |
|    episodes        | 17453    |
|    fps             | 133      |
|    time_elapsed    | 5182     |
|    total_timesteps | 690000   |
| train/             |          |
|    actor_loss      | 2.4e+05  |
|    critic_loss     | 5.85e+03 |
|    ent_coef        | 118      |
|    ent_coef_loss   | 0.438    |
|    learning_rate   | 0.0003   |
|    n_updates       | 172474   |
---------------------------------
----------------------------------
| rollout/           |           |
|    ep_len_mean     | 29.9      |
|    ep_rew_mean     | -9.89e+04 |
| time/              |           |
|    episodes        | 17729     |
|    fps             | 133       |
|    time_elapsed    | 5260      |
|    total_timesteps | 700000    |
| train/             |           |
|    actor_loss      | 2.16e+05  |
|    critic_loss     | 5.41e+03  |
|    ent_coef        | 112       |
|    ent_coef_loss   | -1.39     |
|    learning_rate   | 0.0003    |
|    n_updates       | 174974    |
----------------------------------
----------------------------------
| rollout/           |           |
|    ep_len_mean     | 75.2      |
|    ep_rew_mean     | -1.12e+05 |
| time/              |           |
|    episodes        | 17876     |
|    fps             | 133       |
|    time_elapsed    | 5337      |
|    total_timesteps | 710000    |
| train/             |           |
|    actor_loss      | 1.99e+05  |
|    critic_loss     | 5.16e+03  |
|    ent_coef        | 109       |
|    ent_coef_loss   | 3.89      |
|    learning_rate   | 0.0003    |
|    n_updates       | 177474    |
----------------------------------
----------------------------------
| rollout/           |           |
|    ep_len_mean     | 164       |
|    ep_rew_mean     | -1.72e+05 |
| time/              |           |
|    episodes        | 17912     |
|    fps             | 133       |
|    time_elapsed    | 5413      |
|    total_timesteps | 720000    |
| train/             |           |
|    actor_loss      | 1.98e+05  |
|    critic_loss     | 5.87e+03  |
|    ent_coef        | 104       |
|    ent_coef_loss   | -0.763    |
|    learning_rate   | 0.0003    |
|    n_updates       | 179974    |
----------------------------------
----------------------------------
| rollout/           |           |
|    ep_len_mean     | 249       |
|    ep_rew_mean     | -6.64e+05 |
| time/              |           |
|    episodes        | 17928     |
|    fps             | 132       |
|    time_elapsed    | 5491      |
|    total_timesteps | 730000    |
| train/             |           |
|    actor_loss      | 1.75e+05  |
|    critic_loss     | 5.63e+03  |
|    ent_coef        | 98.2      |
|    ent_coef_loss   | 1.72      |
|    learning_rate   | 0.0003    |
|    n_updates       | 182474    |
----------------------------------
----------------------------------
| rollout/           |           |
|    ep_len_mean     | 20.4      |
|    ep_rew_mean     | -1.27e+05 |
| time/              |           |
|    episodes        | 18388     |
|    fps             | 132       |
|    time_elapsed    | 5570      |
|    total_timesteps | 740000    |
| train/             |           |
|    actor_loss      | 1.69e+05  |
|    critic_loss     | 5.36e+03  |
|    ent_coef        | 92        |
|    ent_coef_loss   | -0.768    |
|    learning_rate   | 0.0003    |
|    n_updates       | 184974    |
----------------------------------
---------------------------------
| rollout/           |          |
|    ep_len_mean     | 47.9     |
|    ep_rew_mean     | -9.5e+04 |
| time/              |          |
|    episodes        | 18617    |
|    fps             | 132      |
|    time_elapsed    | 5646     |
|    total_timesteps | 750000   |
| train/             |          |
|    actor_loss      | 1.58e+05 |
|    critic_loss     | 6.56e+03 |
|    ent_coef        | 87.8     |
|    ent_coef_loss   | -2.05    |
|    learning_rate   | 0.0003   |
|    n_updates       | 187474   |
---------------------------------
---------------------------------
| rollout/           |          |
|    ep_len_mean     | 19.1     |
|    ep_rew_mean     | -9.3e+04 |
| time/              |          |
|    episodes        | 19013    |
|    fps             | 132      |
|    time_elapsed    | 5724     |
|    total_timesteps | 760000   |
| train/             |          |
|    actor_loss      | 1.51e+05 |
|    critic_loss     | 5.88e+03 |
|    ent_coef        | 89.7     |
|    ent_coef_loss   | 3.96     |
|    learning_rate   | 0.0003   |
|    n_updates       | 189974   |
---------------------------------
----------------------------------
| rollout/           |           |
|    ep_len_mean     | 25.6      |
|    ep_rew_mean     | -9.57e+04 |
| time/              |           |
|    episodes        | 19531     |
|    fps             | 132       |
|    time_elapsed    | 5803      |
|    total_timesteps | 770000    |
| train/             |           |
|    actor_loss      | 1.56e+05  |
|    critic_loss     | 6.01e+03  |
|    ent_coef        | 85        |
|    ent_coef_loss   | -0.209    |
|    learning_rate   | 0.0003    |
|    n_updates       | 192474    |
----------------------------------
----------------------------------
| rollout/           |           |
|    ep_len_mean     | 62.5      |
|    ep_rew_mean     | -8.99e+04 |
| time/              |           |
|    episodes        | 19709     |
|    fps             | 132       |
|    time_elapsed    | 5879      |
|    total_timesteps | 780000    |
| train/             |           |
|    actor_loss      | 1.77e+05  |
|    critic_loss     | 5.44e+03  |
|    ent_coef        | 78.4      |
|    ent_coef_loss   | -5.16     |
|    learning_rate   | 0.0003    |
|    n_updates       | 194974    |
----------------------------------
----------------------------------
| rollout/           |           |
|    ep_len_mean     | 102       |
|    ep_rew_mean     | -9.01e+04 |
| time/              |           |
|    episodes        | 19791     |
|    fps             | 132       |
|    time_elapsed    | 5957      |
|    total_timesteps | 790000    |
| train/             |           |
|    actor_loss      | 1.55e+05  |
|    critic_loss     | 5.28e+03  |
|    ent_coef        | 76.3      |
|    ent_coef_loss   | 2.66      |
|    learning_rate   | 0.0003    |
|    n_updates       | 197474    |
----------------------------------
----------------------------------
| rollout/           |           |
|    ep_len_mean     | 190       |
|    ep_rew_mean     | -9.61e+04 |
| time/              |           |
|    episodes        | 19816     |
|    fps             | 132       |
|    time_elapsed    | 6036      |
|    total_timesteps | 800000    |
| train/             |           |
|    actor_loss      | 1.66e+05  |
|    critic_loss     | 5.77e+03  |
|    ent_coef        | 74.3      |
|    ent_coef_loss   | -0.94     |
|    learning_rate   | 0.0003    |
|    n_updates       | 199974    |
----------------------------------
----------------------------------
| rollout/           |           |
|    ep_len_mean     | 274       |
|    ep_rew_mean     | -1.03e+05 |
| time/              |           |
|    episodes        | 19841     |
|    fps             | 132       |
|    time_elapsed    | 6114      |
|    total_timesteps | 810000    |
| train/             |           |
|    actor_loss      | 1.69e+05  |
|    critic_loss     | 5.41e+03  |
|    ent_coef        | 74.6      |
|    ent_coef_loss   | -3.61     |
|    learning_rate   | 0.0003    |
|    n_updates       | 202474    |
----------------------------------
----------------------------------
| rollout/           |           |
|    ep_len_mean     | 67.9      |
|    ep_rew_mean     | -8.37e+04 |
| time/              |           |
|    episodes        | 19962     |
|    fps             | 132       |
|    time_elapsed    | 6192      |
|    total_timesteps | 820000    |
| train/             |           |
|    actor_loss      | 1.65e+05  |
|    critic_loss     | 5.35e+03  |
|    ent_coef        | 76.1      |
|    ent_coef_loss   | 1.02      |
|    learning_rate   | 0.0003    |
|    n_updates       | 204974    |
----------------------------------
----------------------------------
| rollout/           |           |
|    ep_len_mean     | 31        |
|    ep_rew_mean     | -7.67e+04 |
| time/              |           |
|    episodes        | 20223     |
|    fps             | 132       |
|    time_elapsed    | 6271      |
|    total_timesteps | 830000    |
| train/             |           |
|    actor_loss      | 1.45e+05  |
|    critic_loss     | 6.04e+03  |
|    ent_coef        | 76        |
|    ent_coef_loss   | 2.28      |
|    learning_rate   | 0.0003    |
|    n_updates       | 207474    |
----------------------------------
----------------------------------
| rollout/           |           |
|    ep_len_mean     | 24.4      |
|    ep_rew_mean     | -8.13e+04 |
| time/              |           |
|    episodes        | 20510     |
|    fps             | 132       |
|    time_elapsed    | 6349      |
|    total_timesteps | 840000    |
| train/             |           |
|    actor_loss      | 1.6e+05   |
|    critic_loss     | 6.66e+03  |
|    ent_coef        | 76.6      |
|    ent_coef_loss   | -1.3      |
|    learning_rate   | 0.0003    |
|    n_updates       | 209974    |
----------------------------------
----------------------------------
| rollout/           |           |
|    ep_len_mean     | 14.6      |
|    ep_rew_mean     | -9.17e+04 |
| time/              |           |
|    episodes        | 21022     |
|    fps             | 132       |
|    time_elapsed    | 6426      |
|    total_timesteps | 850000    |
| train/             |           |
|    actor_loss      | 1.47e+05  |
|    critic_loss     | 5.76e+03  |
|    ent_coef        | 73.8      |
|    ent_coef_loss   | 4.7       |
|    learning_rate   | 0.0003    |
|    n_updates       | 212474    |
----------------------------------
----------------------------------
| rollout/           |           |
|    ep_len_mean     | 10.8      |
|    ep_rew_mean     | -8.87e+04 |
| time/              |           |
|    episodes        | 21838     |
|    fps             | 132       |
|    time_elapsed    | 6504      |
|    total_timesteps | 860000    |
| train/             |           |
|    actor_loss      | 1.36e+05  |
|    critic_loss     | 6.82e+03  |
|    ent_coef        | 69.1      |
|    ent_coef_loss   | 3.39      |
|    learning_rate   | 0.0003    |
|    n_updates       | 214974    |
----------------------------------
---------------------------------
| rollout/           |          |
|    ep_len_mean     | 15.6     |
|    ep_rew_mean     | -8.8e+04 |
| time/              |          |
|    episodes        | 22775    |
|    fps             | 132      |
|    time_elapsed    | 6583     |
|    total_timesteps | 870000   |
| train/             |          |
|    actor_loss      | 1.44e+05 |
|    critic_loss     | 5.86e+03 |
|    ent_coef        | 65.3     |
|    ent_coef_loss   | 1.77     |
|    learning_rate   | 0.0003   |
|    n_updates       | 217474   |
---------------------------------
----------------------------------
| rollout/           |           |
|    ep_len_mean     | 16.4      |
|    ep_rew_mean     | -8.84e+04 |
| time/              |           |
|    episodes        | 23328     |
|    fps             | 132       |
|    time_elapsed    | 6661      |
|    total_timesteps | 880000    |
| train/             |           |
|    actor_loss      | 1.48e+05  |
|    critic_loss     | 6.07e+03  |
|    ent_coef        | 62.2      |
|    ent_coef_loss   | 0.65      |
|    learning_rate   | 0.0003    |
|    n_updates       | 219974    |
----------------------------------
----------------------------------
| rollout/           |           |
|    ep_len_mean     | 46.2      |
|    ep_rew_mean     | -8.92e+04 |
| time/              |           |
|    episodes        | 23637     |
|    fps             | 132       |
|    time_elapsed    | 6738      |
|    total_timesteps | 890000    |
| train/             |           |
|    actor_loss      | 1.51e+05  |
|    critic_loss     | 7.07e+03  |
|    ent_coef        | 62.5      |
|    ent_coef_loss   | 2.23      |
|    learning_rate   | 0.0003    |
|    n_updates       | 222474    |
----------------------------------
---------------------------------
| rollout/           |          |
|    ep_len_mean     | 48.3     |
|    ep_rew_mean     | -8.9e+04 |
| time/              |          |
|    episodes        | 23905    |
|    fps             | 131      |
|    time_elapsed    | 6818     |
|    total_timesteps | 900000   |
| train/             |          |
|    actor_loss      | 1.39e+05 |
|    critic_loss     | 6.02e+03 |
|    ent_coef        | 60.2     |
|    ent_coef_loss   | -2.01    |
|    learning_rate   | 0.0003   |
|    n_updates       | 224974   |
---------------------------------
----------------------------------
| rollout/           |           |
|    ep_len_mean     | 36        |
|    ep_rew_mean     | -9.04e+04 |
| time/              |           |
|    episodes        | 24112     |
|    fps             | 131       |
|    time_elapsed    | 6897      |
|    total_timesteps | 910000    |
| train/             |           |
|    actor_loss      | 1.43e+05  |
|    critic_loss     | 5.89e+03  |
|    ent_coef        | 57.7      |
|    ent_coef_loss   | -2.03     |
|    learning_rate   | 0.0003    |
|    n_updates       | 227474    |
----------------------------------
----------------------------------
| rollout/           |           |
|    ep_len_mean     | 74.1      |
|    ep_rew_mean     | -9.02e+04 |
| time/              |           |
|    episodes        | 24240     |
|    fps             | 131       |
|    time_elapsed    | 6975      |
|    total_timesteps | 920000    |
| train/             |           |
|    actor_loss      | 1.39e+05  |
|    critic_loss     | 5.36e+03  |
|    ent_coef        | 54.9      |
|    ent_coef_loss   | 1.92      |
|    learning_rate   | 0.0003    |
|    n_updates       | 229974    |
----------------------------------
----------------------------------
| rollout/           |           |
|    ep_len_mean     | 32.4      |
|    ep_rew_mean     | -8.35e+04 |
| time/              |           |
|    episodes        | 24497     |
|    fps             | 131       |
|    time_elapsed    | 7056      |
|    total_timesteps | 930000    |
| train/             |           |
|    actor_loss      | 1.54e+05  |
|    critic_loss     | 5.65e+03  |
|    ent_coef        | 52.4      |
|    ent_coef_loss   | 3.64      |
|    learning_rate   | 0.0003    |
|    n_updates       | 232474    |
----------------------------------
----------------------------------
| rollout/           |           |
|    ep_len_mean     | 20.4      |
|    ep_rew_mean     | -8.01e+04 |
| time/              |           |
|    episodes        | 25042     |
|    fps             | 131       |
|    time_elapsed    | 7134      |
|    total_timesteps | 940000    |
| train/             |           |
|    actor_loss      | 1.47e+05  |
|    critic_loss     | 6.32e+03  |
|    ent_coef        | 52.3      |
|    ent_coef_loss   | -1.55e-05 |
|    learning_rate   | 0.0003    |
|    n_updates       | 234974    |
----------------------------------
----------------------------------
| rollout/           |           |
|    ep_len_mean     | 34.6      |
|    ep_rew_mean     | -7.75e+04 |
| time/              |           |
|    episodes        | 25399     |
|    fps             | 131       |
|    time_elapsed    | 7213      |
|    total_timesteps | 950000    |
| train/             |           |
|    actor_loss      | 1.35e+05  |
|    critic_loss     | 5.14e+03  |
|    ent_coef        | 53.2      |
|    ent_coef_loss   | 4.36      |
|    learning_rate   | 0.0003    |
|    n_updates       | 237474    |
----------------------------------
---------------------------------
| rollout/           |          |
|    ep_len_mean     | 27.6     |
|    ep_rew_mean     | -8.3e+04 |
| time/              |          |
|    episodes        | 25718    |
|    fps             | 131      |
|    time_elapsed    | 7293     |
|    total_timesteps | 960000   |
| train/             |          |
|    actor_loss      | 1.44e+05 |
|    critic_loss     | 4.94e+03 |
|    ent_coef        | 51.8     |
|    ent_coef_loss   | 0.878    |
|    learning_rate   | 0.0003   |
|    n_updates       | 239974   |
---------------------------------
----------------------------------
| rollout/           |           |
|    ep_len_mean     | 25.1      |
|    ep_rew_mean     | -8.56e+04 |
| time/              |           |
|    episodes        | 26132     |
|    fps             | 131       |
|    time_elapsed    | 7372      |
|    total_timesteps | 970000    |
| train/             |           |
|    actor_loss      | 1.46e+05  |
|    critic_loss     | 5.35e+03  |
|    ent_coef        | 50.9      |
|    ent_coef_loss   | -3.19     |
|    learning_rate   | 0.0003    |
|    n_updates       | 242474    |
----------------------------------
----------------------------------
| rollout/           |           |
|    ep_len_mean     | 17.6      |
|    ep_rew_mean     | -9.02e+04 |
| time/              |           |
|    episodes        | 26622     |
|    fps             | 131       |
|    time_elapsed    | 7451      |
|    total_timesteps | 980000    |
| train/             |           |
|    actor_loss      | 1.21e+05  |
|    critic_loss     | 5.42e+03  |
|    ent_coef        | 49.9      |
|    ent_coef_loss   | 2.65      |
|    learning_rate   | 0.0003    |
|    n_updates       | 244974    |
----------------------------------
----------------------------------
| rollout/           |           |
|    ep_len_mean     | 73.5      |
|    ep_rew_mean     | -9.21e+04 |
| time/              |           |
|    episodes        | 26784     |
|    fps             | 131       |
|    time_elapsed    | 7532      |
|    total_timesteps | 990000    |
| train/             |           |
|    actor_loss      | 1.35e+05  |
|    critic_loss     | 5.14e+03  |
|    ent_coef        | 48.5      |
|    ent_coef_loss   | 3.46      |
|    learning_rate   | 0.0003    |
|    n_updates       | 247474    |
----------------------------------
----------------------------------
| rollout/           |           |
|    ep_len_mean     | 165       |
|    ep_rew_mean     | -9.91e+04 |
| time/              |           |
|    episodes        | 26798     |
|    fps             | 131       |
|    time_elapsed    | 7611      |
|    total_timesteps | 1000000   |
| train/             |           |
|    actor_loss      | 1.3e+05   |
|    critic_loss     | 5.18e+03  |
|    ent_coef        | 45.9      |
|    ent_coef_loss   | 3.38      |
|    learning_rate   | 0.0003    |
|    n_updates       | 249974    |
----------------------------------
Training ended on Tue Jan 27 18:28:06 2026
Training lasted 2:06:51.071027
