Logging to training_random_logs/4_robots/logs/ARS_set9
Using cpu device
Training started on Wed Jan 28 10:41:05 2026
Experiment configuration: {'algorithm': 'ARS', 'set': 9, 'verbose': 1, 'steps': 1000000, 'num_robots': 4, 'num_envs': 4, 'seed': 33, 'log_steps': 10000, 'resume': False, 'device': 'cpu'}
----------------------------------
| rollout/           |           |
|    ep_len_mean     | 672       |
|    ep_rew_mean     | -2.67e+07 |
| time/              |           |
|    fps             | 2000      |
|    time_elapsed    | 4         |
|    total_timesteps | 10000     |
----------------------------------
----------------------------------
| rollout/           |           |
|    ep_len_mean     | 672       |
|    ep_rew_mean     | -2.66e+07 |
| time/              |           |
|    fps             | 1982      |
|    time_elapsed    | 10        |
|    total_timesteps | 20000     |
----------------------------------
----------------------------------
| rollout/           |           |
|    ep_len_mean     | 642       |
|    ep_rew_mean     | -2.54e+07 |
| time/              |           |
|    fps             | 2002      |
|    time_elapsed    | 14        |
|    total_timesteps | 30000     |
----------------------------------
----------------------------------
| rollout/           |           |
|    ep_len_mean     | 648       |
|    ep_rew_mean     | -2.57e+07 |
| time/              |           |
|    fps             | 2021      |
|    time_elapsed    | 19        |
|    total_timesteps | 40000     |
----------------------------------
----------------------------------
| rollout/           |           |
|    ep_len_mean     | 1e+03     |
|    ep_rew_mean     | -3.99e+07 |
|    return_std      | 1.9e+07   |
| time/              |           |
|    fps             | 2034      |
|    time_elapsed    | 24        |
|    total_timesteps | 50000     |
| train/             |           |
|    delta_std       | 0.05      |
|    iterations      | 0         |
|    learning_rate   | 0.0018    |
|    step_size       | 1.19e-11  |
----------------------------------
----------------------------------
| rollout/           |           |
|    ep_len_mean     | 1e+03     |
|    ep_rew_mean     | -3.99e+07 |
| time/              |           |
|    fps             | 2040      |
|    time_elapsed    | 29        |
|    total_timesteps | 60000     |
----------------------------------
----------------------------------
| rollout/           |           |
|    ep_len_mean     | 675       |
|    ep_rew_mean     | -2.68e+07 |
| time/              |           |
|    fps             | 2046      |
|    time_elapsed    | 34        |
|    total_timesteps | 70000     |
----------------------------------
----------------------------------
| rollout/           |           |
|    ep_len_mean     | 627       |
|    ep_rew_mean     | -2.48e+07 |
| time/              |           |
|    fps             | 2051      |
|    time_elapsed    | 38        |
|    total_timesteps | 80000     |
----------------------------------
---------------------------------
| rollout/           |          |
|    return_std      | 1.87e+07 |
| time/              |          |
|    fps             | 2055     |
|    time_elapsed    | 43       |
|    total_timesteps | 90000    |
| train/             |          |
|    delta_std       | 0.05     |
|    iterations      | 1        |
|    learning_rate   | 0.0018   |
|    step_size       | 1.2e-11  |
---------------------------------
----------------------------------
| rollout/           |           |
|    ep_len_mean     | 512       |
|    ep_rew_mean     | -2.02e+07 |
| time/              |           |
|    fps             | 2058      |
|    time_elapsed    | 48        |
|    total_timesteps | 100000    |
----------------------------------
----------------------------------
| rollout/           |           |
|    ep_len_mean     | 636       |
|    ep_rew_mean     | -2.52e+07 |
| time/              |           |
|    fps             | 2060      |
|    time_elapsed    | 53        |
|    total_timesteps | 110000    |
----------------------------------
----------------------------------
| rollout/           |           |
|    ep_len_mean     | 594       |
|    ep_rew_mean     | -2.34e+07 |
| time/              |           |
|    fps             | 2061      |
|    time_elapsed    | 58        |
|    total_timesteps | 120000    |
----------------------------------
---------------------------------
| rollout/           |          |
|    return_std      | 1.96e+07 |
| time/              |          |
|    fps             | 2062     |
|    time_elapsed    | 63       |
|    total_timesteps | 130000   |
| train/             |          |
|    delta_std       | 0.05     |
|    iterations      | 2        |
|    learning_rate   | 0.0018   |
|    step_size       | 1.15e-11 |
---------------------------------
----------------------------------
| rollout/           |           |
|    ep_len_mean     | 1e+03     |
|    ep_rew_mean     | -3.97e+07 |
| time/              |           |
|    fps             | 2063      |
|    time_elapsed    | 67        |
|    total_timesteps | 140000    |
----------------------------------
----------------------------------
| rollout/           |           |
|    ep_len_mean     | 1e+03     |
|    ep_rew_mean     | -3.99e+07 |
| time/              |           |
|    fps             | 2064      |
|    time_elapsed    | 72        |
|    total_timesteps | 150000    |
----------------------------------
----------------------------------
| rollout/           |           |
|    ep_len_mean     | 1e+03     |
|    ep_rew_mean     | -3.97e+07 |
| time/              |           |
|    fps             | 2065      |
|    time_elapsed    | 77        |
|    total_timesteps | 160000    |
----------------------------------
----------------------------------
| rollout/           |           |
|    ep_len_mean     | 914       |
|    ep_rew_mean     | -3.62e+07 |
| time/              |           |
|    fps             | 2066      |
|    time_elapsed    | 82        |
|    total_timesteps | 170000    |
----------------------------------
----------------------------------
| rollout/           |           |
|    ep_len_mean     | 927       |
|    ep_rew_mean     | -3.67e+07 |
| time/              |           |
|    fps             | 2066      |
|    time_elapsed    | 87        |
|    total_timesteps | 180000    |
----------------------------------
----------------------------------
| rollout/           |           |
|    ep_len_mean     | 12        |
|    ep_rew_mean     | -1.63e+05 |
|    return_std      | 9.75e+06  |
| time/              |           |
|    fps             | 2067      |
|    time_elapsed    | 91        |
|    total_timesteps | 190000    |
| train/             |           |
|    delta_std       | 0.05      |
|    iterations      | 3         |
|    learning_rate   | 0.0018    |
|    step_size       | 2.31e-11  |
----------------------------------
----------------------------------
| rollout/           |           |
|    ep_len_mean     | 504       |
|    ep_rew_mean     | -1.99e+07 |
| time/              |           |
|    fps             | 2069      |
|    time_elapsed    | 96        |
|    total_timesteps | 200000    |
----------------------------------
----------------------------------
| rollout/           |           |
|    ep_len_mean     | 717       |
|    ep_rew_mean     | -2.84e+07 |
| time/              |           |
|    fps             | 2070      |
|    time_elapsed    | 101       |
|    total_timesteps | 210000    |
----------------------------------
----------------------------------
| rollout/           |           |
|    ep_len_mean     | 640       |
|    ep_rew_mean     | -2.52e+07 |
| time/              |           |
|    fps             | 2071      |
|    time_elapsed    | 106       |
|    total_timesteps | 220000    |
----------------------------------
----------------------------------
| rollout/           |           |
|    ep_len_mean     | 718       |
|    ep_rew_mean     | -2.84e+07 |
| time/              |           |
|    fps             | 2072      |
|    time_elapsed    | 110       |
|    total_timesteps | 230000    |
----------------------------------
----------------------------------
| rollout/           |           |
|    ep_len_mean     | 1e+03     |
|    ep_rew_mean     | -3.95e+07 |
|    return_std      | 1.89e+07  |
| time/              |           |
|    fps             | 2072      |
|    time_elapsed    | 115       |
|    total_timesteps | 240000    |
| train/             |           |
|    delta_std       | 0.05      |
|    iterations      | 4         |
|    learning_rate   | 0.0018    |
|    step_size       | 1.19e-11  |
----------------------------------
----------------------------------
| rollout/           |           |
|    ep_len_mean     | 758       |
|    ep_rew_mean     | -2.99e+07 |
| time/              |           |
|    fps             | 2072      |
|    time_elapsed    | 120       |
|    total_timesteps | 250000    |
----------------------------------
----------------------------------
| rollout/           |           |
|    ep_len_mean     | 861       |
|    ep_rew_mean     | -3.41e+07 |
| time/              |           |
|    fps             | 2073      |
|    time_elapsed    | 125       |
|    total_timesteps | 260000    |
----------------------------------
---------------------------------
| rollout/           |          |
|    ep_len_mean     | 732      |
|    ep_rew_mean     | -2.9e+07 |
| time/              |          |
|    fps             | 2073     |
|    time_elapsed    | 130      |
|    total_timesteps | 270000   |
---------------------------------
---------------------------------
| rollout/           |          |
|    return_std      | 1.89e+07 |
| time/              |          |
|    fps             | 2074     |
|    time_elapsed    | 134      |
|    total_timesteps | 280000   |
| train/             |          |
|    delta_std       | 0.05     |
|    iterations      | 5        |
|    learning_rate   | 0.0018   |
|    step_size       | 1.19e-11 |
---------------------------------
----------------------------------
| rollout/           |           |
|    ep_len_mean     | 676       |
|    ep_rew_mean     | -2.68e+07 |
| time/              |           |
|    fps             | 2074      |
|    time_elapsed    | 139       |
|    total_timesteps | 290000    |
----------------------------------
----------------------------------
| rollout/           |           |
|    ep_len_mean     | 722       |
|    ep_rew_mean     | -2.86e+07 |
| time/              |           |
|    fps             | 2074      |
|    time_elapsed    | 144       |
|    total_timesteps | 300000    |
----------------------------------
----------------------------------
| rollout/           |           |
|    ep_len_mean     | 784       |
|    ep_rew_mean     | -3.11e+07 |
| time/              |           |
|    fps             | 2074      |
|    time_elapsed    | 149       |
|    total_timesteps | 310000    |
----------------------------------
----------------------------------
| rollout/           |           |
|    ep_len_mean     | 838       |
|    ep_rew_mean     | -3.31e+07 |
| time/              |           |
|    fps             | 2074      |
|    time_elapsed    | 154       |
|    total_timesteps | 320000    |
----------------------------------
----------------------------------
| rollout/           |           |
|    ep_len_mean     | 805       |
|    ep_rew_mean     | -3.19e+07 |
| time/              |           |
|    fps             | 2075      |
|    time_elapsed    | 158       |
|    total_timesteps | 330000    |
----------------------------------
----------------------------------
| rollout/           |           |
|    ep_len_mean     | 1e+03     |
|    ep_rew_mean     | -3.98e+07 |
|    return_std      | 1.58e+07  |
| time/              |           |
|    fps             | 2075      |
|    time_elapsed    | 163       |
|    total_timesteps | 340000    |
| train/             |           |
|    delta_std       | 0.05      |
|    iterations      | 6         |
|    learning_rate   | 0.0018    |
|    step_size       | 1.42e-11  |
----------------------------------
----------------------------------
| rollout/           |           |
|    ep_len_mean     | 1e+03     |
|    ep_rew_mean     | -3.98e+07 |
| time/              |           |
|    fps             | 2075      |
|    time_elapsed    | 168       |
|    total_timesteps | 350000    |
----------------------------------
----------------------------------
| rollout/           |           |
|    ep_len_mean     | 711       |
|    ep_rew_mean     | -2.81e+07 |
| time/              |           |
|    fps             | 2076      |
|    time_elapsed    | 173       |
|    total_timesteps | 360000    |
----------------------------------
----------------------------------
| rollout/           |           |
|    ep_len_mean     | 759       |
|    ep_rew_mean     | -3.01e+07 |
| time/              |           |
|    fps             | 2075      |
|    time_elapsed    | 178       |
|    total_timesteps | 370000    |
----------------------------------
---------------------------------
| rollout/           |          |
|    return_std      | 1.76e+07 |
| time/              |          |
|    fps             | 2075     |
|    time_elapsed    | 183      |
|    total_timesteps | 380000   |
| train/             |          |
|    delta_std       | 0.05     |
|    iterations      | 7        |
|    learning_rate   | 0.0018   |
|    step_size       | 1.28e-11 |
---------------------------------
---------------------------------
| rollout/           |          |
|    ep_len_mean     | 1e+03    |
|    ep_rew_mean     | -4e+07   |
| time/              |          |
|    fps             | 2075     |
|    time_elapsed    | 187      |
|    total_timesteps | 390000   |
---------------------------------
----------------------------------
| rollout/           |           |
|    ep_len_mean     | 1e+03     |
|    ep_rew_mean     | -3.99e+07 |
| time/              |           |
|    fps             | 2076      |
|    time_elapsed    | 192       |
|    total_timesteps | 400000    |
----------------------------------
----------------------------------
| rollout/           |           |
|    ep_len_mean     | 876       |
|    ep_rew_mean     | -3.49e+07 |
| time/              |           |
|    fps             | 2076      |
|    time_elapsed    | 197       |
|    total_timesteps | 410000    |
----------------------------------
----------------------------------
| rollout/           |           |
|    ep_len_mean     | 772       |
|    ep_rew_mean     | -3.06e+07 |
| time/              |           |
|    fps             | 2076      |
|    time_elapsed    | 202       |
|    total_timesteps | 420000    |
----------------------------------
----------------------------------
| rollout/           |           |
|    ep_len_mean     | 802       |
|    ep_rew_mean     | -3.19e+07 |
| time/              |           |
|    fps             | 2076      |
|    time_elapsed    | 207       |
|    total_timesteps | 430000    |
----------------------------------
----------------------------------
| rollout/           |           |
|    ep_len_mean     | 671       |
|    ep_rew_mean     | -2.66e+07 |
|    return_std      | 1.6e+07   |
| time/              |           |
|    fps             | 2076      |
|    time_elapsed    | 211       |
|    total_timesteps | 440000    |
| train/             |           |
|    delta_std       | 0.05      |
|    iterations      | 8         |
|    learning_rate   | 0.0018    |
|    step_size       | 1.41e-11  |
----------------------------------
---------------------------------
| rollout/           |          |
|    ep_len_mean     | 802      |
|    ep_rew_mean     | -3.2e+07 |
| time/              |          |
|    fps             | 2076     |
|    time_elapsed    | 216      |
|    total_timesteps | 450000   |
---------------------------------
----------------------------------
| rollout/           |           |
|    ep_len_mean     | 876       |
|    ep_rew_mean     | -3.48e+07 |
| time/              |           |
|    fps             | 2077      |
|    time_elapsed    | 221       |
|    total_timesteps | 460000    |
----------------------------------
----------------------------------
| rollout/           |           |
|    ep_len_mean     | 901       |
|    ep_rew_mean     | -3.58e+07 |
| time/              |           |
|    fps             | 2077      |
|    time_elapsed    | 226       |
|    total_timesteps | 470000    |
----------------------------------
----------------------------------
| rollout/           |           |
|    ep_len_mean     | 860       |
|    ep_rew_mean     | -3.41e+07 |
| time/              |           |
|    fps             | 2077      |
|    time_elapsed    | 230       |
|    total_timesteps | 480000    |
----------------------------------
----------------------------------
| rollout/           |           |
|    ep_len_mean     | 1e+03     |
|    ep_rew_mean     | -3.97e+07 |
|    return_std      | 1.6e+07   |
| time/              |           |
|    fps             | 2077      |
|    time_elapsed    | 235       |
|    total_timesteps | 490000    |
| train/             |           |
|    delta_std       | 0.05      |
|    iterations      | 9         |
|    learning_rate   | 0.0018    |
|    step_size       | 1.41e-11  |
----------------------------------
----------------------------------
| rollout/           |           |
|    ep_len_mean     | 1e+03     |
|    ep_rew_mean     | -3.96e+07 |
| time/              |           |
|    fps             | 2077      |
|    time_elapsed    | 240       |
|    total_timesteps | 500000    |
----------------------------------
---------------------------------
| rollout/           |          |
|    ep_len_mean     | 859      |
|    ep_rew_mean     | -3.4e+07 |
| time/              |          |
|    fps             | 2078     |
|    time_elapsed    | 245      |
|    total_timesteps | 510000   |
---------------------------------
----------------------------------
| rollout/           |           |
|    ep_len_mean     | 901       |
|    ep_rew_mean     | -3.58e+07 |
| time/              |           |
|    fps             | 2078      |
|    time_elapsed    | 250       |
|    total_timesteps | 520000    |
----------------------------------
----------------------------------
| rollout/           |           |
|    ep_len_mean     | 848       |
|    ep_rew_mean     | -3.37e+07 |
| time/              |           |
|    fps             | 2078      |
|    time_elapsed    | 254       |
|    total_timesteps | 530000    |
----------------------------------
---------------------------------
| rollout/           |          |
|    return_std      | 1.36e+07 |
| time/              |          |
|    fps             | 2078     |
|    time_elapsed    | 259      |
|    total_timesteps | 540000   |
| train/             |          |
|    delta_std       | 0.05     |
|    iterations      | 10       |
|    learning_rate   | 0.0018   |
|    step_size       | 1.66e-11 |
---------------------------------
----------------------------------
| rollout/           |           |
|    ep_len_mean     | 1e+03     |
|    ep_rew_mean     | -3.98e+07 |
| time/              |           |
|    fps             | 2078      |
|    time_elapsed    | 264       |
|    total_timesteps | 550000    |
----------------------------------
----------------------------------
| rollout/           |           |
|    ep_len_mean     | 1e+03     |
|    ep_rew_mean     | -3.99e+07 |
| time/              |           |
|    fps             | 2078      |
|    time_elapsed    | 269       |
|    total_timesteps | 560000    |
----------------------------------
----------------------------------
| rollout/           |           |
|    ep_len_mean     | 1e+03     |
|    ep_rew_mean     | -3.99e+07 |
| time/              |           |
|    fps             | 2078      |
|    time_elapsed    | 274       |
|    total_timesteps | 570000    |
----------------------------------
----------------------------------
| rollout/           |           |
|    ep_len_mean     | 910       |
|    ep_rew_mean     | -3.63e+07 |
| time/              |           |
|    fps             | 2078      |
|    time_elapsed    | 279       |
|    total_timesteps | 580000    |
----------------------------------
----------------------------------
| rollout/           |           |
|    ep_len_mean     | 6         |
|    ep_rew_mean     | -1.04e+05 |
|    return_std      | 1.78e+07  |
| time/              |           |
|    fps             | 2078      |
|    time_elapsed    | 283       |
|    total_timesteps | 590000    |
| train/             |           |
|    delta_std       | 0.05      |
|    iterations      | 11        |
|    learning_rate   | 0.0018    |
|    step_size       | 1.27e-11  |
----------------------------------
---------------------------------
| rollout/           |          |
|    ep_len_mean     | 602      |
|    ep_rew_mean     | -2.4e+07 |
| time/              |          |
|    fps             | 2078     |
|    time_elapsed    | 288      |
|    total_timesteps | 600000   |
---------------------------------
----------------------------------
| rollout/           |           |
|    ep_len_mean     | 716       |
|    ep_rew_mean     | -2.86e+07 |
| time/              |           |
|    fps             | 2078      |
|    time_elapsed    | 293       |
|    total_timesteps | 610000    |
----------------------------------
----------------------------------
| rollout/           |           |
|    ep_len_mean     | 801       |
|    ep_rew_mean     | -3.19e+07 |
| time/              |           |
|    fps             | 2078      |
|    time_elapsed    | 298       |
|    total_timesteps | 620000    |
----------------------------------
----------------------------------
| rollout/           |           |
|    ep_len_mean     | 834       |
|    ep_rew_mean     | -3.32e+07 |
| time/              |           |
|    fps             | 2078      |
|    time_elapsed    | 303       |
|    total_timesteps | 630000    |
----------------------------------
----------------------------------
| rollout/           |           |
|    ep_len_mean     | 511       |
|    ep_rew_mean     | -2.02e+07 |
|    return_std      | 1.77e+07  |
| time/              |           |
|    fps             | 2078      |
|    time_elapsed    | 307       |
|    total_timesteps | 640000    |
| train/             |           |
|    delta_std       | 0.05      |
|    iterations      | 12        |
|    learning_rate   | 0.0018    |
|    step_size       | 1.27e-11  |
----------------------------------
----------------------------------
| rollout/           |           |
|    ep_len_mean     | 756       |
|    ep_rew_mean     | -3.01e+07 |
| time/              |           |
|    fps             | 2078      |
|    time_elapsed    | 312       |
|    total_timesteps | 650000    |
----------------------------------
----------------------------------
| rollout/           |           |
|    ep_len_mean     | 860       |
|    ep_rew_mean     | -3.42e+07 |
| time/              |           |
|    fps             | 2078      |
|    time_elapsed    | 317       |
|    total_timesteps | 660000    |
----------------------------------
----------------------------------
| rollout/           |           |
|    ep_len_mean     | 891       |
|    ep_rew_mean     | -3.55e+07 |
| time/              |           |
|    fps             | 2078      |
|    time_elapsed    | 322       |
|    total_timesteps | 670000    |
----------------------------------
----------------------------------
| rollout/           |           |
|    ep_len_mean     | 918       |
|    ep_rew_mean     | -3.66e+07 |
| time/              |           |
|    fps             | 2078      |
|    time_elapsed    | 327       |
|    total_timesteps | 680000    |
----------------------------------
---------------------------------
| rollout/           |          |
|    ep_len_mean     | 930      |
|    ep_rew_mean     | -3.7e+07 |
| time/              |          |
|    fps             | 2078     |
|    time_elapsed    | 331      |
|    total_timesteps | 690000   |
---------------------------------
---------------------------------
| rollout/           |          |
|    ep_len_mean     | 504      |
|    ep_rew_mean     | -2e+07   |
|    return_std      | 9.87e+06 |
| time/              |          |
|    fps             | 2078     |
|    time_elapsed    | 336      |
|    total_timesteps | 700000   |
| train/             |          |
|    delta_std       | 0.05     |
|    iterations      | 13       |
|    learning_rate   | 0.0018   |
|    step_size       | 2.28e-11 |
---------------------------------
----------------------------------
| rollout/           |           |
|    ep_len_mean     | 752       |
|    ep_rew_mean     | -2.98e+07 |
| time/              |           |
|    fps             | 2078      |
|    time_elapsed    | 341       |
|    total_timesteps | 710000    |
----------------------------------
----------------------------------
| rollout/           |           |
|    ep_len_mean     | 752       |
|    ep_rew_mean     | -2.98e+07 |
| time/              |           |
|    fps             | 2078      |
|    time_elapsed    | 346       |
|    total_timesteps | 720000    |
----------------------------------
----------------------------------
| rollout/           |           |
|    ep_len_mean     | 731       |
|    ep_rew_mean     | -2.89e+07 |
| time/              |           |
|    fps             | 2079      |
|    time_elapsed    | 351       |
|    total_timesteps | 730000    |
----------------------------------
---------------------------------
| rollout/           |          |
|    return_std      | 1.94e+07 |
| time/              |          |
|    fps             | 2078     |
|    time_elapsed    | 355      |
|    total_timesteps | 740000   |
| train/             |          |
|    delta_std       | 0.05     |
|    iterations      | 14       |
|    learning_rate   | 0.0018   |
|    step_size       | 1.16e-11 |
---------------------------------
----------------------------------
| rollout/           |           |
|    ep_len_mean     | 1e+03     |
|    ep_rew_mean     | -3.98e+07 |
| time/              |           |
|    fps             | 2079      |
|    time_elapsed    | 360       |
|    total_timesteps | 750000    |
----------------------------------
----------------------------------
| rollout/           |           |
|    ep_len_mean     | 718       |
|    ep_rew_mean     | -2.84e+07 |
| time/              |           |
|    fps             | 2079      |
|    time_elapsed    | 365       |
|    total_timesteps | 760000    |
----------------------------------
----------------------------------
| rollout/           |           |
|    ep_len_mean     | 672       |
|    ep_rew_mean     | -2.65e+07 |
| time/              |           |
|    fps             | 2079      |
|    time_elapsed    | 370       |
|    total_timesteps | 770000    |
----------------------------------
----------------------------------
| rollout/           |           |
|    ep_len_mean     | 719       |
|    ep_rew_mean     | -2.85e+07 |
| time/              |           |
|    fps             | 2079      |
|    time_elapsed    | 375       |
|    total_timesteps | 780000    |
----------------------------------
----------------------------------
| rollout/           |           |
|    ep_len_mean     | 1e+03     |
|    ep_rew_mean     | -3.96e+07 |
|    return_std      | 1.77e+07  |
| time/              |           |
|    fps             | 2080      |
|    time_elapsed    | 379       |
|    total_timesteps | 790000    |
| train/             |           |
|    delta_std       | 0.05      |
|    iterations      | 15        |
|    learning_rate   | 0.0018    |
|    step_size       | 1.27e-11  |
----------------------------------
----------------------------------
| rollout/           |           |
|    ep_len_mean     | 1e+03     |
|    ep_rew_mean     | -3.97e+07 |
| time/              |           |
|    fps             | 2080      |
|    time_elapsed    | 384       |
|    total_timesteps | 800000    |
----------------------------------
----------------------------------
| rollout/           |           |
|    ep_len_mean     | 672       |
|    ep_rew_mean     | -2.65e+07 |
| time/              |           |
|    fps             | 2080      |
|    time_elapsed    | 389       |
|    total_timesteps | 810000    |
----------------------------------
----------------------------------
| rollout/           |           |
|    ep_len_mean     | 672       |
|    ep_rew_mean     | -2.66e+07 |
| time/              |           |
|    fps             | 2080      |
|    time_elapsed    | 394       |
|    total_timesteps | 820000    |
----------------------------------
---------------------------------
| rollout/           |          |
|    return_std      | 1.88e+07 |
| time/              |          |
|    fps             | 2080     |
|    time_elapsed    | 398      |
|    total_timesteps | 830000   |
| train/             |          |
|    delta_std       | 0.05     |
|    iterations      | 16       |
|    learning_rate   | 0.0018   |
|    step_size       | 1.19e-11 |
---------------------------------
---------------------------------
| rollout/           |          |
|    ep_len_mean     | 405      |
|    ep_rew_mean     | -1.6e+07 |
| time/              |          |
|    fps             | 2080     |
|    time_elapsed    | 403      |
|    total_timesteps | 840000   |
---------------------------------
----------------------------------
| rollout/           |           |
|    ep_len_mean     | 628       |
|    ep_rew_mean     | -2.49e+07 |
| time/              |           |
|    fps             | 2080      |
|    time_elapsed    | 408       |
|    total_timesteps | 850000    |
----------------------------------
----------------------------------
| rollout/           |           |
|    ep_len_mean     | 702       |
|    ep_rew_mean     | -2.79e+07 |
| time/              |           |
|    fps             | 2080      |
|    time_elapsed    | 413       |
|    total_timesteps | 860000    |
----------------------------------
----------------------------------
| rollout/           |           |
|    ep_len_mean     | 771       |
|    ep_rew_mean     | -3.07e+07 |
| time/              |           |
|    fps             | 2080      |
|    time_elapsed    | 418       |
|    total_timesteps | 870000    |
----------------------------------
----------------------------------
| rollout/           |           |
|    ep_len_mean     | 802       |
|    ep_rew_mean     | -3.19e+07 |
| time/              |           |
|    fps             | 2080      |
|    time_elapsed    | 423       |
|    total_timesteps | 880000    |
----------------------------------
----------------------------------
| rollout/           |           |
|    ep_len_mean     | 1e+03     |
|    ep_rew_mean     | -3.98e+07 |
|    return_std      | 1.6e+07   |
| time/              |           |
|    fps             | 2080      |
|    time_elapsed    | 427       |
|    total_timesteps | 890000    |
| train/             |           |
|    delta_std       | 0.05      |
|    iterations      | 17        |
|    learning_rate   | 0.0018    |
|    step_size       | 1.4e-11   |
----------------------------------
----------------------------------
| rollout/           |           |
|    ep_len_mean     | 1e+03     |
|    ep_rew_mean     | -3.95e+07 |
| time/              |           |
|    fps             | 2080      |
|    time_elapsed    | 432       |
|    total_timesteps | 900000    |
----------------------------------
----------------------------------
| rollout/           |           |
|    ep_len_mean     | 1e+03     |
|    ep_rew_mean     | -3.96e+07 |
| time/              |           |
|    fps             | 2080      |
|    time_elapsed    | 437       |
|    total_timesteps | 910000    |
----------------------------------
----------------------------------
| rollout/           |           |
|    ep_len_mean     | 904       |
|    ep_rew_mean     | -3.58e+07 |
| time/              |           |
|    fps             | 2080      |
|    time_elapsed    | 442       |
|    total_timesteps | 920000    |
----------------------------------
---------------------------------
| rollout/           |          |
|    ep_len_mean     | 861      |
|    ep_rew_mean     | -3.4e+07 |
| time/              |          |
|    fps             | 2080     |
|    time_elapsed    | 447      |
|    total_timesteps | 930000   |
---------------------------------
----------------------------------
| rollout/           |           |
|    ep_len_mean     | 11        |
|    ep_rew_mean     | -1.45e+05 |
|    return_std      | 1.34e+07  |
| time/              |           |
|    fps             | 2080      |
|    time_elapsed    | 451       |
|    total_timesteps | 940000    |
| train/             |           |
|    delta_std       | 0.05      |
|    iterations      | 18        |
|    learning_rate   | 0.0018    |
|    step_size       | 1.68e-11  |
----------------------------------
----------------------------------
| rollout/           |           |
|    ep_len_mean     | 417       |
|    ep_rew_mean     | -1.63e+07 |
| time/              |           |
|    fps             | 2080      |
|    time_elapsed    | 456       |
|    total_timesteps | 950000    |
----------------------------------
----------------------------------
| rollout/           |           |
|    ep_len_mean     | 636       |
|    ep_rew_mean     | -2.51e+07 |
| time/              |           |
|    fps             | 2081      |
|    time_elapsed    | 461       |
|    total_timesteps | 960000    |
----------------------------------
----------------------------------
| rollout/           |           |
|    ep_len_mean     | 646       |
|    ep_rew_mean     | -2.55e+07 |
| time/              |           |
|    fps             | 2081      |
|    time_elapsed    | 466       |
|    total_timesteps | 970000    |
----------------------------------
---------------------------------
| rollout/           |          |
|    return_std      | 1.97e+07 |
| time/              |          |
|    fps             | 2081     |
|    time_elapsed    | 470      |
|    total_timesteps | 980000   |
| train/             |          |
|    delta_std       | 0.05     |
|    iterations      | 19       |
|    learning_rate   | 0.0018   |
|    step_size       | 1.14e-11 |
---------------------------------
----------------------------------
| rollout/           |           |
|    ep_len_mean     | 1e+03     |
|    ep_rew_mean     | -3.96e+07 |
| time/              |           |
|    fps             | 2081      |
|    time_elapsed    | 475       |
|    total_timesteps | 990000    |
----------------------------------
----------------------------------
| rollout/           |           |
|    ep_len_mean     | 1e+03     |
|    ep_rew_mean     | -3.98e+07 |
| time/              |           |
|    fps             | 2081      |
|    time_elapsed    | 480       |
|    total_timesteps | 1000000   |
----------------------------------
----------------------------------
| rollout/           |           |
|    ep_len_mean     | 1e+03     |
|    ep_rew_mean     | -3.98e+07 |
| time/              |           |
|    fps             | 2081      |
|    time_elapsed    | 485       |
|    total_timesteps | 1010000   |
----------------------------------
----------------------------------
| rollout/           |           |
|    ep_len_mean     | 910       |
|    ep_rew_mean     | -3.62e+07 |
| time/              |           |
|    fps             | 2081      |
|    time_elapsed    | 489       |
|    total_timesteps | 1020000   |
----------------------------------
----------------------------------
| rollout/           |           |
|    ep_len_mean     | 924       |
|    ep_rew_mean     | -3.68e+07 |
| time/              |           |
|    fps             | 2082      |
|    time_elapsed    | 494       |
|    total_timesteps | 1030000   |
----------------------------------
Training ended on Wed Jan 28 10:49:24 2026
Training lasted 0:08:18.526647
