Logging to training_random_logs/4_robots/logs/A2C_set6
Using cpu device
Training started on Wed Jan 28 10:42:42 2026
Experiment configuration: {'algorithm': 'A2C', 'set': 6, 'verbose': 1, 'steps': 1000000, 'num_robots': 4, 'num_envs': 4, 'seed': 33, 'log_steps': 10000, 'resume': False, 'device': 'cpu'}
-------------------------------------
| rollout/              |           |
|    ep_len_mean        | 41.5      |
|    ep_rew_mean        | -2.53e+05 |
| time/                 |           |
|    fps                | 1729      |
|    time_elapsed       | 5         |
|    total_timesteps    | 10000     |
| train/                |           |
|    entropy_loss       | -17       |
|    explained_variance | -1.67e-05 |
|    learning_rate      | 0.0001    |
|    n_updates          | 124       |
|    policy_loss        | -5.17e+05 |
|    std                | 1         |
|    value_loss         | 1.46e+09  |
-------------------------------------
-------------------------------------
| rollout/              |           |
|    ep_len_mean        | 41.2      |
|    ep_rew_mean        | -2.45e+05 |
| time/                 |           |
|    fps                | 1756      |
|    time_elapsed       | 11        |
|    total_timesteps    | 20000     |
| train/                |           |
|    entropy_loss       | -17       |
|    explained_variance | 2.98e-06  |
|    learning_rate      | 0.0001    |
|    n_updates          | 249       |
|    policy_loss        | -3.56e+05 |
|    std                | 1         |
|    value_loss         | 1e+09     |
-------------------------------------
-------------------------------------
| rollout/              |           |
|    ep_len_mean        | 47.2      |
|    ep_rew_mean        | -2.79e+05 |
| time/                 |           |
|    fps                | 1764      |
|    time_elapsed       | 17        |
|    total_timesteps    | 30000     |
| train/                |           |
|    entropy_loss       | -17       |
|    explained_variance | -1.07e-05 |
|    learning_rate      | 0.0001    |
|    n_updates          | 374       |
|    policy_loss        | -6.23e+05 |
|    std                | 1         |
|    value_loss         | 2.05e+09  |
-------------------------------------
-------------------------------------
| rollout/              |           |
|    ep_len_mean        | 42.3      |
|    ep_rew_mean        | -2.43e+05 |
| time/                 |           |
|    fps                | 1761      |
|    time_elapsed       | 22        |
|    total_timesteps    | 40000     |
| train/                |           |
|    entropy_loss       | -17       |
|    explained_variance | 3.58e-06  |
|    learning_rate      | 0.0001    |
|    n_updates          | 499       |
|    policy_loss        | -4.68e+05 |
|    std                | 1         |
|    value_loss         | 1.42e+09  |
-------------------------------------
-------------------------------------
| rollout/              |           |
|    ep_len_mean        | 41.9      |
|    ep_rew_mean        | -2.41e+05 |
| time/                 |           |
|    fps                | 1760      |
|    time_elapsed       | 28        |
|    total_timesteps    | 50000     |
| train/                |           |
|    entropy_loss       | -17       |
|    explained_variance | -2.38e-07 |
|    learning_rate      | 0.0001    |
|    n_updates          | 624       |
|    policy_loss        | -5.66e+05 |
|    std                | 1         |
|    value_loss         | 1.84e+09  |
-------------------------------------
-------------------------------------
| rollout/              |           |
|    ep_len_mean        | 41.3      |
|    ep_rew_mean        | -2.37e+05 |
| time/                 |           |
|    fps                | 1759      |
|    time_elapsed       | 34        |
|    total_timesteps    | 60000     |
| train/                |           |
|    entropy_loss       | -17       |
|    explained_variance | -2.15e-06 |
|    learning_rate      | 0.0001    |
|    n_updates          | 749       |
|    policy_loss        | -3.88e+05 |
|    std                | 1         |
|    value_loss         | 9.82e+08  |
-------------------------------------
-------------------------------------
| rollout/              |           |
|    ep_len_mean        | 39.7      |
|    ep_rew_mean        | -2.17e+05 |
| time/                 |           |
|    fps                | 1758      |
|    time_elapsed       | 39        |
|    total_timesteps    | 70000     |
| train/                |           |
|    entropy_loss       | -17       |
|    explained_variance | -1.19e-07 |
|    learning_rate      | 0.0001    |
|    n_updates          | 874       |
|    policy_loss        | -6.49e+05 |
|    std                | 1         |
|    value_loss         | 2.58e+09  |
-------------------------------------
-------------------------------------
| rollout/              |           |
|    ep_len_mean        | 37.4      |
|    ep_rew_mean        | -2.09e+05 |
| time/                 |           |
|    fps                | 1755      |
|    time_elapsed       | 45        |
|    total_timesteps    | 80000     |
| train/                |           |
|    entropy_loss       | -17       |
|    explained_variance | 1.19e-07  |
|    learning_rate      | 0.0001    |
|    n_updates          | 999       |
|    policy_loss        | -5.59e+05 |
|    std                | 1         |
|    value_loss         | 1.66e+09  |
-------------------------------------
-------------------------------------
| rollout/              |           |
|    ep_len_mean        | 37.9      |
|    ep_rew_mean        | -2.06e+05 |
| time/                 |           |
|    fps                | 1749      |
|    time_elapsed       | 51        |
|    total_timesteps    | 90000     |
| train/                |           |
|    entropy_loss       | -17       |
|    explained_variance | 0         |
|    learning_rate      | 0.0001    |
|    n_updates          | 1124      |
|    policy_loss        | -5.9e+05  |
|    std                | 1         |
|    value_loss         | 1.89e+09  |
-------------------------------------
-------------------------------------
| rollout/              |           |
|    ep_len_mean        | 41.8      |
|    ep_rew_mean        | -2.24e+05 |
| time/                 |           |
|    fps                | 1746      |
|    time_elapsed       | 57        |
|    total_timesteps    | 100000    |
| train/                |           |
|    entropy_loss       | -17       |
|    explained_variance | 1.19e-07  |
|    learning_rate      | 0.0001    |
|    n_updates          | 1249      |
|    policy_loss        | -5.47e+05 |
|    std                | 1         |
|    value_loss         | 1.45e+09  |
-------------------------------------
-------------------------------------
| rollout/              |           |
|    ep_len_mean        | 41.4      |
|    ep_rew_mean        | -2.19e+05 |
| time/                 |           |
|    fps                | 1738      |
|    time_elapsed       | 63        |
|    total_timesteps    | 110000    |
| train/                |           |
|    entropy_loss       | -17       |
|    explained_variance | -1.19e-07 |
|    learning_rate      | 0.0001    |
|    n_updates          | 1374      |
|    policy_loss        | -5.66e+05 |
|    std                | 1         |
|    value_loss         | 1.73e+09  |
-------------------------------------
-------------------------------------
| rollout/              |           |
|    ep_len_mean        | 35.2      |
|    ep_rew_mean        | -1.94e+05 |
| time/                 |           |
|    fps                | 1731      |
|    time_elapsed       | 69        |
|    total_timesteps    | 120000    |
| train/                |           |
|    entropy_loss       | -17       |
|    explained_variance | 0         |
|    learning_rate      | 0.0001    |
|    n_updates          | 1499      |
|    policy_loss        | -7.18e+05 |
|    std                | 1         |
|    value_loss         | 2.62e+09  |
-------------------------------------
-------------------------------------
| rollout/              |           |
|    ep_len_mean        | 41.6      |
|    ep_rew_mean        | -2.22e+05 |
| time/                 |           |
|    fps                | 1718      |
|    time_elapsed       | 75        |
|    total_timesteps    | 130000    |
| train/                |           |
|    entropy_loss       | -17       |
|    explained_variance | 0         |
|    learning_rate      | 0.0001    |
|    n_updates          | 1624      |
|    policy_loss        | -4.56e+05 |
|    std                | 1         |
|    value_loss         | 1.47e+09  |
-------------------------------------
-------------------------------------
| rollout/              |           |
|    ep_len_mean        | 43.5      |
|    ep_rew_mean        | -2.22e+05 |
| time/                 |           |
|    fps                | 1717      |
|    time_elapsed       | 81        |
|    total_timesteps    | 140000    |
| train/                |           |
|    entropy_loss       | -17       |
|    explained_variance | 0         |
|    learning_rate      | 0.0001    |
|    n_updates          | 1749      |
|    policy_loss        | -5.59e+05 |
|    std                | 1         |
|    value_loss         | 1.9e+09   |
-------------------------------------
-------------------------------------
| rollout/              |           |
|    ep_len_mean        | 35.1      |
|    ep_rew_mean        | -1.93e+05 |
| time/                 |           |
|    fps                | 1719      |
|    time_elapsed       | 87        |
|    total_timesteps    | 150000    |
| train/                |           |
|    entropy_loss       | -17       |
|    explained_variance | -1.19e-07 |
|    learning_rate      | 0.0001    |
|    n_updates          | 1874      |
|    policy_loss        | -3.42e+05 |
|    std                | 1         |
|    value_loss         | 5.31e+08  |
-------------------------------------
-------------------------------------
| rollout/              |           |
|    ep_len_mean        | 38.8      |
|    ep_rew_mean        | -2.03e+05 |
| time/                 |           |
|    fps                | 1720      |
|    time_elapsed       | 92        |
|    total_timesteps    | 160000    |
| train/                |           |
|    entropy_loss       | -17       |
|    explained_variance | 0         |
|    learning_rate      | 0.0001    |
|    n_updates          | 1999      |
|    policy_loss        | -3.47e+05 |
|    std                | 1         |
|    value_loss         | 5.33e+08  |
-------------------------------------
-------------------------------------
| rollout/              |           |
|    ep_len_mean        | 39.9      |
|    ep_rew_mean        | -2.17e+05 |
| time/                 |           |
|    fps                | 1721      |
|    time_elapsed       | 98        |
|    total_timesteps    | 170000    |
| train/                |           |
|    entropy_loss       | -17       |
|    explained_variance | 0         |
|    learning_rate      | 0.0001    |
|    n_updates          | 2124      |
|    policy_loss        | -4.71e+05 |
|    std                | 1         |
|    value_loss         | 1.59e+09  |
-------------------------------------
-------------------------------------
| rollout/              |           |
|    ep_len_mean        | 36.4      |
|    ep_rew_mean        | -1.91e+05 |
| time/                 |           |
|    fps                | 1722      |
|    time_elapsed       | 104       |
|    total_timesteps    | 180000    |
| train/                |           |
|    entropy_loss       | -17       |
|    explained_variance | 0         |
|    learning_rate      | 0.0001    |
|    n_updates          | 2249      |
|    policy_loss        | -3.38e+05 |
|    std                | 1         |
|    value_loss         | 8.12e+08  |
-------------------------------------
-------------------------------------
| rollout/              |           |
|    ep_len_mean        | 34.6      |
|    ep_rew_mean        | -1.82e+05 |
| time/                 |           |
|    fps                | 1723      |
|    time_elapsed       | 110       |
|    total_timesteps    | 190000    |
| train/                |           |
|    entropy_loss       | -17       |
|    explained_variance | 0         |
|    learning_rate      | 0.0001    |
|    n_updates          | 2374      |
|    policy_loss        | -6.96e+05 |
|    std                | 0.999     |
|    value_loss         | 2.57e+09  |
-------------------------------------
-------------------------------------
| rollout/              |           |
|    ep_len_mean        | 35.4      |
|    ep_rew_mean        | -1.82e+05 |
| time/                 |           |
|    fps                | 1723      |
|    time_elapsed       | 116       |
|    total_timesteps    | 200000    |
| train/                |           |
|    entropy_loss       | -17       |
|    explained_variance | 0         |
|    learning_rate      | 0.0001    |
|    n_updates          | 2499      |
|    policy_loss        | -5.95e+05 |
|    std                | 0.999     |
|    value_loss         | 1.91e+09  |
-------------------------------------
-------------------------------------
| rollout/              |           |
|    ep_len_mean        | 43.7      |
|    ep_rew_mean        | -2.07e+05 |
| time/                 |           |
|    fps                | 1721      |
|    time_elapsed       | 121       |
|    total_timesteps    | 210000    |
| train/                |           |
|    entropy_loss       | -17       |
|    explained_variance | -2.38e-07 |
|    learning_rate      | 0.0001    |
|    n_updates          | 2624      |
|    policy_loss        | -6.07e+05 |
|    std                | 0.999     |
|    value_loss         | 2.18e+09  |
-------------------------------------
-------------------------------------
| rollout/              |           |
|    ep_len_mean        | 39.6      |
|    ep_rew_mean        | -1.95e+05 |
| time/                 |           |
|    fps                | 1717      |
|    time_elapsed       | 128       |
|    total_timesteps    | 220000    |
| train/                |           |
|    entropy_loss       | -17       |
|    explained_variance | 5.96e-08  |
|    learning_rate      | 0.0001    |
|    n_updates          | 2749      |
|    policy_loss        | -7.49e+05 |
|    std                | 0.999     |
|    value_loss         | 2.98e+09  |
-------------------------------------
-------------------------------------
| rollout/              |           |
|    ep_len_mean        | 39.1      |
|    ep_rew_mean        | -1.9e+05  |
| time/                 |           |
|    fps                | 1714      |
|    time_elapsed       | 134       |
|    total_timesteps    | 230000    |
| train/                |           |
|    entropy_loss       | -17       |
|    explained_variance | 0         |
|    learning_rate      | 0.0001    |
|    n_updates          | 2874      |
|    policy_loss        | -3.56e+05 |
|    std                | 0.999     |
|    value_loss         | 8.67e+08  |
-------------------------------------
-------------------------------------
| rollout/              |           |
|    ep_len_mean        | 34.7      |
|    ep_rew_mean        | -1.81e+05 |
| time/                 |           |
|    fps                | 1708      |
|    time_elapsed       | 140       |
|    total_timesteps    | 240000    |
| train/                |           |
|    entropy_loss       | -17       |
|    explained_variance | 0         |
|    learning_rate      | 0.0001    |
|    n_updates          | 2999      |
|    policy_loss        | -3.35e+05 |
|    std                | 0.999     |
|    value_loss         | 1.13e+09  |
-------------------------------------
-------------------------------------
| rollout/              |           |
|    ep_len_mean        | 38.2      |
|    ep_rew_mean        | -1.96e+05 |
| time/                 |           |
|    fps                | 1709      |
|    time_elapsed       | 146       |
|    total_timesteps    | 250000    |
| train/                |           |
|    entropy_loss       | -17       |
|    explained_variance | 0         |
|    learning_rate      | 0.0001    |
|    n_updates          | 3124      |
|    policy_loss        | -5.02e+05 |
|    std                | 0.999     |
|    value_loss         | 2.02e+09  |
-------------------------------------
-------------------------------------
| rollout/              |           |
|    ep_len_mean        | 39.8      |
|    ep_rew_mean        | -1.86e+05 |
| time/                 |           |
|    fps                | 1710      |
|    time_elapsed       | 152       |
|    total_timesteps    | 260000    |
| train/                |           |
|    entropy_loss       | -17       |
|    explained_variance | 0         |
|    learning_rate      | 0.0001    |
|    n_updates          | 3249      |
|    policy_loss        | -6.44e+05 |
|    std                | 0.999     |
|    value_loss         | 2.33e+09  |
-------------------------------------
-------------------------------------
| rollout/              |           |
|    ep_len_mean        | 38.9      |
|    ep_rew_mean        | -1.88e+05 |
| time/                 |           |
|    fps                | 1711      |
|    time_elapsed       | 157       |
|    total_timesteps    | 270000    |
| train/                |           |
|    entropy_loss       | -17       |
|    explained_variance | 0         |
|    learning_rate      | 0.0001    |
|    n_updates          | 3374      |
|    policy_loss        | -5.97e+05 |
|    std                | 0.999     |
|    value_loss         | 1.85e+09  |
-------------------------------------
-------------------------------------
| rollout/              |           |
|    ep_len_mean        | 37.9      |
|    ep_rew_mean        | -1.83e+05 |
| time/                 |           |
|    fps                | 1711      |
|    time_elapsed       | 163       |
|    total_timesteps    | 280000    |
| train/                |           |
|    entropy_loss       | -17       |
|    explained_variance | -2.38e-07 |
|    learning_rate      | 0.0001    |
|    n_updates          | 3499      |
|    policy_loss        | -4.85e+05 |
|    std                | 0.999     |
|    value_loss         | 1.7e+09   |
-------------------------------------
-------------------------------------
| rollout/              |           |
|    ep_len_mean        | 39        |
|    ep_rew_mean        | -1.81e+05 |
| time/                 |           |
|    fps                | 1712      |
|    time_elapsed       | 169       |
|    total_timesteps    | 290000    |
| train/                |           |
|    entropy_loss       | -17       |
|    explained_variance | 0         |
|    learning_rate      | 0.0001    |
|    n_updates          | 3624      |
|    policy_loss        | -2.94e+05 |
|    std                | 0.999     |
|    value_loss         | 8.82e+08  |
-------------------------------------
-------------------------------------
| rollout/              |           |
|    ep_len_mean        | 40.8      |
|    ep_rew_mean        | -1.88e+05 |
| time/                 |           |
|    fps                | 1713      |
|    time_elapsed       | 175       |
|    total_timesteps    | 300000    |
| train/                |           |
|    entropy_loss       | -17       |
|    explained_variance | 0         |
|    learning_rate      | 0.0001    |
|    n_updates          | 3749      |
|    policy_loss        | -4.54e+05 |
|    std                | 0.999     |
|    value_loss         | 1.76e+09  |
-------------------------------------
-------------------------------------
| rollout/              |           |
|    ep_len_mean        | 34.1      |
|    ep_rew_mean        | -1.68e+05 |
| time/                 |           |
|    fps                | 1714      |
|    time_elapsed       | 180       |
|    total_timesteps    | 310000    |
| train/                |           |
|    entropy_loss       | -17       |
|    explained_variance | 1.79e-07  |
|    learning_rate      | 0.0001    |
|    n_updates          | 3874      |
|    policy_loss        | -3.45e+05 |
|    std                | 0.998     |
|    value_loss         | 8.67e+08  |
-------------------------------------
-------------------------------------
| rollout/              |           |
|    ep_len_mean        | 38.7      |
|    ep_rew_mean        | -1.74e+05 |
| time/                 |           |
|    fps                | 1714      |
|    time_elapsed       | 186       |
|    total_timesteps    | 320000    |
| train/                |           |
|    entropy_loss       | -17       |
|    explained_variance | 0         |
|    learning_rate      | 0.0001    |
|    n_updates          | 3999      |
|    policy_loss        | -3.73e+05 |
|    std                | 0.998     |
|    value_loss         | 9.59e+08  |
-------------------------------------
-------------------------------------
| rollout/              |           |
|    ep_len_mean        | 36        |
|    ep_rew_mean        | -1.77e+05 |
| time/                 |           |
|    fps                | 1715      |
|    time_elapsed       | 192       |
|    total_timesteps    | 330000    |
| train/                |           |
|    entropy_loss       | -17       |
|    explained_variance | 0         |
|    learning_rate      | 0.0001    |
|    n_updates          | 4124      |
|    policy_loss        | -4.58e+05 |
|    std                | 0.998     |
|    value_loss         | 1.65e+09  |
-------------------------------------
-------------------------------------
| rollout/              |           |
|    ep_len_mean        | 33.6      |
|    ep_rew_mean        | -1.69e+05 |
| time/                 |           |
|    fps                | 1715      |
|    time_elapsed       | 198       |
|    total_timesteps    | 340000    |
| train/                |           |
|    entropy_loss       | -17       |
|    explained_variance | -1.19e-07 |
|    learning_rate      | 0.0001    |
|    n_updates          | 4249      |
|    policy_loss        | -4.63e+05 |
|    std                | 0.998     |
|    value_loss         | 1.62e+09  |
-------------------------------------
-------------------------------------
| rollout/              |           |
|    ep_len_mean        | 36.6      |
|    ep_rew_mean        | -1.76e+05 |
| time/                 |           |
|    fps                | 1716      |
|    time_elapsed       | 203       |
|    total_timesteps    | 350000    |
| train/                |           |
|    entropy_loss       | -17       |
|    explained_variance | 0         |
|    learning_rate      | 0.0001    |
|    n_updates          | 4374      |
|    policy_loss        | -5.56e+05 |
|    std                | 0.997     |
|    value_loss         | 2.1e+09   |
-------------------------------------
-------------------------------------
| rollout/              |           |
|    ep_len_mean        | 35.9      |
|    ep_rew_mean        | -1.7e+05  |
| time/                 |           |
|    fps                | 1716      |
|    time_elapsed       | 209       |
|    total_timesteps    | 360000    |
| train/                |           |
|    entropy_loss       | -17       |
|    explained_variance | 0         |
|    learning_rate      | 0.0001    |
|    n_updates          | 4499      |
|    policy_loss        | -5.67e+05 |
|    std                | 0.998     |
|    value_loss         | 2.15e+09  |
-------------------------------------
-------------------------------------
| rollout/              |           |
|    ep_len_mean        | 39.6      |
|    ep_rew_mean        | -1.82e+05 |
| time/                 |           |
|    fps                | 1716      |
|    time_elapsed       | 215       |
|    total_timesteps    | 370000    |
| train/                |           |
|    entropy_loss       | -17       |
|    explained_variance | -1.19e-07 |
|    learning_rate      | 0.0001    |
|    n_updates          | 4624      |
|    policy_loss        | -3.08e+05 |
|    std                | 0.997     |
|    value_loss         | 1.09e+09  |
-------------------------------------
-------------------------------------
| rollout/              |           |
|    ep_len_mean        | 35        |
|    ep_rew_mean        | -1.63e+05 |
| time/                 |           |
|    fps                | 1715      |
|    time_elapsed       | 221       |
|    total_timesteps    | 380000    |
| train/                |           |
|    entropy_loss       | -17       |
|    explained_variance | 0         |
|    learning_rate      | 0.0001    |
|    n_updates          | 4749      |
|    policy_loss        | -5.3e+05  |
|    std                | 0.997     |
|    value_loss         | 1.85e+09  |
-------------------------------------
-------------------------------------
| rollout/              |           |
|    ep_len_mean        | 42.4      |
|    ep_rew_mean        | -1.83e+05 |
| time/                 |           |
|    fps                | 1716      |
|    time_elapsed       | 227       |
|    total_timesteps    | 390000    |
| train/                |           |
|    entropy_loss       | -17       |
|    explained_variance | 0         |
|    learning_rate      | 0.0001    |
|    n_updates          | 4874      |
|    policy_loss        | -3.73e+05 |
|    std                | 0.996     |
|    value_loss         | 1.18e+09  |
-------------------------------------
-------------------------------------
| rollout/              |           |
|    ep_len_mean        | 39.4      |
|    ep_rew_mean        | -1.75e+05 |
| time/                 |           |
|    fps                | 1716      |
|    time_elapsed       | 233       |
|    total_timesteps    | 400000    |
| train/                |           |
|    entropy_loss       | -17       |
|    explained_variance | 0         |
|    learning_rate      | 0.0001    |
|    n_updates          | 4999      |
|    policy_loss        | -3.08e+05 |
|    std                | 0.996     |
|    value_loss         | 7.2e+08   |
-------------------------------------
-------------------------------------
| rollout/              |           |
|    ep_len_mean        | 37.6      |
|    ep_rew_mean        | -1.74e+05 |
| time/                 |           |
|    fps                | 1716      |
|    time_elapsed       | 238       |
|    total_timesteps    | 410000    |
| train/                |           |
|    entropy_loss       | -17       |
|    explained_variance | 0         |
|    learning_rate      | 0.0001    |
|    n_updates          | 5124      |
|    policy_loss        | -5.64e+05 |
|    std                | 0.996     |
|    value_loss         | 2.18e+09  |
-------------------------------------
-------------------------------------
| rollout/              |           |
|    ep_len_mean        | 37.5      |
|    ep_rew_mean        | -1.71e+05 |
| time/                 |           |
|    fps                | 1716      |
|    time_elapsed       | 244       |
|    total_timesteps    | 420000    |
| train/                |           |
|    entropy_loss       | -17       |
|    explained_variance | 5.96e-08  |
|    learning_rate      | 0.0001    |
|    n_updates          | 5249      |
|    policy_loss        | -4.51e+05 |
|    std                | 0.996     |
|    value_loss         | 1.5e+09   |
-------------------------------------
-------------------------------------
| rollout/              |           |
|    ep_len_mean        | 37.1      |
|    ep_rew_mean        | -1.62e+05 |
| time/                 |           |
|    fps                | 1716      |
|    time_elapsed       | 250       |
|    total_timesteps    | 430000    |
| train/                |           |
|    entropy_loss       | -17       |
|    explained_variance | 0         |
|    learning_rate      | 0.0001    |
|    n_updates          | 5374      |
|    policy_loss        | -2.32e+05 |
|    std                | 0.996     |
|    value_loss         | 3.44e+08  |
-------------------------------------
-------------------------------------
| rollout/              |           |
|    ep_len_mean        | 31.6      |
|    ep_rew_mean        | -1.55e+05 |
| time/                 |           |
|    fps                | 1715      |
|    time_elapsed       | 256       |
|    total_timesteps    | 440000    |
| train/                |           |
|    entropy_loss       | -17       |
|    explained_variance | 1.79e-07  |
|    learning_rate      | 0.0001    |
|    n_updates          | 5499      |
|    policy_loss        | -3.88e+05 |
|    std                | 0.995     |
|    value_loss         | 1.16e+09  |
-------------------------------------
-------------------------------------
| rollout/              |           |
|    ep_len_mean        | 37.3      |
|    ep_rew_mean        | -1.76e+05 |
| time/                 |           |
|    fps                | 1715      |
|    time_elapsed       | 262       |
|    total_timesteps    | 450000    |
| train/                |           |
|    entropy_loss       | -17       |
|    explained_variance | 0         |
|    learning_rate      | 0.0001    |
|    n_updates          | 5624      |
|    policy_loss        | -3.74e+05 |
|    std                | 0.995     |
|    value_loss         | 1.12e+09  |
-------------------------------------
-------------------------------------
| rollout/              |           |
|    ep_len_mean        | 33.8      |
|    ep_rew_mean        | -1.54e+05 |
| time/                 |           |
|    fps                | 1715      |
|    time_elapsed       | 268       |
|    total_timesteps    | 460000    |
| train/                |           |
|    entropy_loss       | -17       |
|    explained_variance | 0         |
|    learning_rate      | 0.0001    |
|    n_updates          | 5749      |
|    policy_loss        | -2.62e+05 |
|    std                | 0.995     |
|    value_loss         | 9.21e+08  |
-------------------------------------
-------------------------------------
| rollout/              |           |
|    ep_len_mean        | 35.7      |
|    ep_rew_mean        | -1.59e+05 |
| time/                 |           |
|    fps                | 1715      |
|    time_elapsed       | 273       |
|    total_timesteps    | 470000    |
| train/                |           |
|    entropy_loss       | -17       |
|    explained_variance | -1.19e-07 |
|    learning_rate      | 0.0001    |
|    n_updates          | 5874      |
|    policy_loss        | -3.34e+05 |
|    std                | 0.994     |
|    value_loss         | 1.18e+09  |
-------------------------------------
-------------------------------------
| rollout/              |           |
|    ep_len_mean        | 35.7      |
|    ep_rew_mean        | -1.64e+05 |
| time/                 |           |
|    fps                | 1715      |
|    time_elapsed       | 279       |
|    total_timesteps    | 480000    |
| train/                |           |
|    entropy_loss       | -17       |
|    explained_variance | 0         |
|    learning_rate      | 0.0001    |
|    n_updates          | 5999      |
|    policy_loss        | -4.95e+05 |
|    std                | 0.995     |
|    value_loss         | 2.06e+09  |
-------------------------------------
-------------------------------------
| rollout/              |           |
|    ep_len_mean        | 35.5      |
|    ep_rew_mean        | -1.58e+05 |
| time/                 |           |
|    fps                | 1715      |
|    time_elapsed       | 285       |
|    total_timesteps    | 490000    |
| train/                |           |
|    entropy_loss       | -17       |
|    explained_variance | 1.19e-07  |
|    learning_rate      | 0.0001    |
|    n_updates          | 6124      |
|    policy_loss        | -4.15e+05 |
|    std                | 0.994     |
|    value_loss         | 1.17e+09  |
-------------------------------------
-------------------------------------
| rollout/              |           |
|    ep_len_mean        | 37.1      |
|    ep_rew_mean        | -1.63e+05 |
| time/                 |           |
|    fps                | 1715      |
|    time_elapsed       | 291       |
|    total_timesteps    | 500000    |
| train/                |           |
|    entropy_loss       | -17       |
|    explained_variance | 0         |
|    learning_rate      | 0.0001    |
|    n_updates          | 6249      |
|    policy_loss        | -5.02e+05 |
|    std                | 0.995     |
|    value_loss         | 1.71e+09  |
-------------------------------------
-------------------------------------
| rollout/              |           |
|    ep_len_mean        | 35.6      |
|    ep_rew_mean        | -1.53e+05 |
| time/                 |           |
|    fps                | 1715      |
|    time_elapsed       | 297       |
|    total_timesteps    | 510000    |
| train/                |           |
|    entropy_loss       | -17       |
|    explained_variance | 0         |
|    learning_rate      | 0.0001    |
|    n_updates          | 6374      |
|    policy_loss        | -1.72e+05 |
|    std                | 0.995     |
|    value_loss         | 2.17e+08  |
-------------------------------------
-------------------------------------
| rollout/              |           |
|    ep_len_mean        | 35        |
|    ep_rew_mean        | -1.54e+05 |
| time/                 |           |
|    fps                | 1715      |
|    time_elapsed       | 303       |
|    total_timesteps    | 520000    |
| train/                |           |
|    entropy_loss       | -17       |
|    explained_variance | 0         |
|    learning_rate      | 0.0001    |
|    n_updates          | 6499      |
|    policy_loss        | -2.07e+05 |
|    std                | 0.994     |
|    value_loss         | 3.53e+08  |
-------------------------------------
-------------------------------------
| rollout/              |           |
|    ep_len_mean        | 30.4      |
|    ep_rew_mean        | -1.41e+05 |
| time/                 |           |
|    fps                | 1715      |
|    time_elapsed       | 309       |
|    total_timesteps    | 530000    |
| train/                |           |
|    entropy_loss       | -17       |
|    explained_variance | 0         |
|    learning_rate      | 0.0001    |
|    n_updates          | 6624      |
|    policy_loss        | -5.08e+05 |
|    std                | 0.994     |
|    value_loss         | 1.94e+09  |
-------------------------------------
-------------------------------------
| rollout/              |           |
|    ep_len_mean        | 35.5      |
|    ep_rew_mean        | -1.58e+05 |
| time/                 |           |
|    fps                | 1715      |
|    time_elapsed       | 314       |
|    total_timesteps    | 540000    |
| train/                |           |
|    entropy_loss       | -16.9     |
|    explained_variance | -1.19e-07 |
|    learning_rate      | 0.0001    |
|    n_updates          | 6749      |
|    policy_loss        | -5.73e+05 |
|    std                | 0.994     |
|    value_loss         | 1.94e+09  |
-------------------------------------
-------------------------------------
| rollout/              |           |
|    ep_len_mean        | 36.8      |
|    ep_rew_mean        | -1.54e+05 |
| time/                 |           |
|    fps                | 1714      |
|    time_elapsed       | 320       |
|    total_timesteps    | 550000    |
| train/                |           |
|    entropy_loss       | -16.9     |
|    explained_variance | 0         |
|    learning_rate      | 0.0001    |
|    n_updates          | 6874      |
|    policy_loss        | -4.73e+05 |
|    std                | 0.993     |
|    value_loss         | 1.73e+09  |
-------------------------------------
-------------------------------------
| rollout/              |           |
|    ep_len_mean        | 37.4      |
|    ep_rew_mean        | -1.61e+05 |
| time/                 |           |
|    fps                | 1713      |
|    time_elapsed       | 326       |
|    total_timesteps    | 560000    |
| train/                |           |
|    entropy_loss       | -16.9     |
|    explained_variance | -2.38e-07 |
|    learning_rate      | 0.0001    |
|    n_updates          | 6999      |
|    policy_loss        | -3e+05    |
|    std                | 0.994     |
|    value_loss         | 6.85e+08  |
-------------------------------------
-------------------------------------
| rollout/              |           |
|    ep_len_mean        | 34.3      |
|    ep_rew_mean        | -1.57e+05 |
| time/                 |           |
|    fps                | 1712      |
|    time_elapsed       | 332       |
|    total_timesteps    | 570000    |
| train/                |           |
|    entropy_loss       | -16.9     |
|    explained_variance | -1.19e-07 |
|    learning_rate      | 0.0001    |
|    n_updates          | 7124      |
|    policy_loss        | -5.1e+05  |
|    std                | 0.993     |
|    value_loss         | 1.49e+09  |
-------------------------------------
-------------------------------------
| rollout/              |           |
|    ep_len_mean        | 32.2      |
|    ep_rew_mean        | -1.46e+05 |
| time/                 |           |
|    fps                | 1713      |
|    time_elapsed       | 338       |
|    total_timesteps    | 580000    |
| train/                |           |
|    entropy_loss       | -16.9     |
|    explained_variance | 0         |
|    learning_rate      | 0.0001    |
|    n_updates          | 7249      |
|    policy_loss        | -4.55e+05 |
|    std                | 0.993     |
|    value_loss         | 1.34e+09  |
-------------------------------------
-------------------------------------
| rollout/              |           |
|    ep_len_mean        | 36.7      |
|    ep_rew_mean        | -1.58e+05 |
| time/                 |           |
|    fps                | 1713      |
|    time_elapsed       | 344       |
|    total_timesteps    | 590000    |
| train/                |           |
|    entropy_loss       | -16.9     |
|    explained_variance | 1.79e-07  |
|    learning_rate      | 0.0001    |
|    n_updates          | 7374      |
|    policy_loss        | -4.89e+05 |
|    std                | 0.993     |
|    value_loss         | 1.65e+09  |
-------------------------------------
-------------------------------------
| rollout/              |           |
|    ep_len_mean        | 35.9      |
|    ep_rew_mean        | -1.45e+05 |
| time/                 |           |
|    fps                | 1714      |
|    time_elapsed       | 350       |
|    total_timesteps    | 600000    |
| train/                |           |
|    entropy_loss       | -16.9     |
|    explained_variance | -1.19e-07 |
|    learning_rate      | 0.0001    |
|    n_updates          | 7499      |
|    policy_loss        | -3.03e+05 |
|    std                | 0.993     |
|    value_loss         | 1.08e+09  |
-------------------------------------
-------------------------------------
| rollout/              |           |
|    ep_len_mean        | 30.7      |
|    ep_rew_mean        | -1.44e+05 |
| time/                 |           |
|    fps                | 1714      |
|    time_elapsed       | 355       |
|    total_timesteps    | 610000    |
| train/                |           |
|    entropy_loss       | -16.9     |
|    explained_variance | 0         |
|    learning_rate      | 0.0001    |
|    n_updates          | 7624      |
|    policy_loss        | -4.47e+05 |
|    std                | 0.992     |
|    value_loss         | 1.46e+09  |
-------------------------------------
-------------------------------------
| rollout/              |           |
|    ep_len_mean        | 34.9      |
|    ep_rew_mean        | -1.44e+05 |
| time/                 |           |
|    fps                | 1714      |
|    time_elapsed       | 361       |
|    total_timesteps    | 620000    |
| train/                |           |
|    entropy_loss       | -16.9     |
|    explained_variance | 0         |
|    learning_rate      | 0.0001    |
|    n_updates          | 7749      |
|    policy_loss        | -2.47e+05 |
|    std                | 0.992     |
|    value_loss         | 7.22e+08  |
-------------------------------------
-------------------------------------
| rollout/              |           |
|    ep_len_mean        | 30.6      |
|    ep_rew_mean        | -1.38e+05 |
| time/                 |           |
|    fps                | 1714      |
|    time_elapsed       | 367       |
|    total_timesteps    | 630000    |
| train/                |           |
|    entropy_loss       | -16.9     |
|    explained_variance | 0         |
|    learning_rate      | 0.0001    |
|    n_updates          | 7874      |
|    policy_loss        | -3.65e+05 |
|    std                | 0.992     |
|    value_loss         | 1.45e+09  |
-------------------------------------
-------------------------------------
| rollout/              |           |
|    ep_len_mean        | 36.7      |
|    ep_rew_mean        | -1.55e+05 |
| time/                 |           |
|    fps                | 1713      |
|    time_elapsed       | 373       |
|    total_timesteps    | 640000    |
| train/                |           |
|    entropy_loss       | -16.9     |
|    explained_variance | 5.96e-08  |
|    learning_rate      | 0.0001    |
|    n_updates          | 7999      |
|    policy_loss        | -2.3e+05  |
|    std                | 0.992     |
|    value_loss         | 6.24e+08  |
-------------------------------------
-------------------------------------
| rollout/              |           |
|    ep_len_mean        | 36.4      |
|    ep_rew_mean        | -1.5e+05  |
| time/                 |           |
|    fps                | 1711      |
|    time_elapsed       | 379       |
|    total_timesteps    | 650000    |
| train/                |           |
|    entropy_loss       | -16.9     |
|    explained_variance | 1.79e-07  |
|    learning_rate      | 0.0001    |
|    n_updates          | 8124      |
|    policy_loss        | -4.36e+05 |
|    std                | 0.993     |
|    value_loss         | 1.6e+09   |
-------------------------------------
-------------------------------------
| rollout/              |           |
|    ep_len_mean        | 38.3      |
|    ep_rew_mean        | -1.6e+05  |
| time/                 |           |
|    fps                | 1709      |
|    time_elapsed       | 386       |
|    total_timesteps    | 660000    |
| train/                |           |
|    entropy_loss       | -16.9     |
|    explained_variance | 0         |
|    learning_rate      | 0.0001    |
|    n_updates          | 8249      |
|    policy_loss        | -6.56e+05 |
|    std                | 0.993     |
|    value_loss         | 2.42e+09  |
-------------------------------------
------------------------------------
| rollout/              |          |
|    ep_len_mean        | 39.7     |
|    ep_rew_mean        | -1.6e+05 |
| time/                 |          |
|    fps                | 1709     |
|    time_elapsed       | 391      |
|    total_timesteps    | 670000   |
| train/                |          |
|    entropy_loss       | -16.9    |
|    explained_variance | 0        |
|    learning_rate      | 0.0001   |
|    n_updates          | 8374     |
|    policy_loss        | -3.4e+05 |
|    std                | 0.992    |
|    value_loss         | 1.07e+09 |
------------------------------------
-------------------------------------
| rollout/              |           |
|    ep_len_mean        | 35.4      |
|    ep_rew_mean        | -1.44e+05 |
| time/                 |           |
|    fps                | 1710      |
|    time_elapsed       | 397       |
|    total_timesteps    | 680000    |
| train/                |           |
|    entropy_loss       | -16.9     |
|    explained_variance | 0         |
|    learning_rate      | 0.0001    |
|    n_updates          | 8499      |
|    policy_loss        | -1.91e+05 |
|    std                | 0.992     |
|    value_loss         | 5.64e+08  |
-------------------------------------
-------------------------------------
| rollout/              |           |
|    ep_len_mean        | 33.4      |
|    ep_rew_mean        | -1.46e+05 |
| time/                 |           |
|    fps                | 1710      |
|    time_elapsed       | 403       |
|    total_timesteps    | 690000    |
| train/                |           |
|    entropy_loss       | -16.9     |
|    explained_variance | 0         |
|    learning_rate      | 0.0001    |
|    n_updates          | 8624      |
|    policy_loss        | -5.15e+05 |
|    std                | 0.992     |
|    value_loss         | 1.97e+09  |
-------------------------------------
-------------------------------------
| rollout/              |           |
|    ep_len_mean        | 34.9      |
|    ep_rew_mean        | -1.46e+05 |
| time/                 |           |
|    fps                | 1710      |
|    time_elapsed       | 409       |
|    total_timesteps    | 700000    |
| train/                |           |
|    entropy_loss       | -16.9     |
|    explained_variance | -1.19e-07 |
|    learning_rate      | 0.0001    |
|    n_updates          | 8749      |
|    policy_loss        | -2.51e+05 |
|    std                | 0.992     |
|    value_loss         | 6.32e+08  |
-------------------------------------
-------------------------------------
| rollout/              |           |
|    ep_len_mean        | 39.5      |
|    ep_rew_mean        | -1.49e+05 |
| time/                 |           |
|    fps                | 1711      |
|    time_elapsed       | 414       |
|    total_timesteps    | 710000    |
| train/                |           |
|    entropy_loss       | -16.9     |
|    explained_variance | 0         |
|    learning_rate      | 0.0001    |
|    n_updates          | 8874      |
|    policy_loss        | -1.84e+05 |
|    std                | 0.992     |
|    value_loss         | 6.56e+08  |
-------------------------------------
-------------------------------------
| rollout/              |           |
|    ep_len_mean        | 33.7      |
|    ep_rew_mean        | -1.43e+05 |
| time/                 |           |
|    fps                | 1711      |
|    time_elapsed       | 420       |
|    total_timesteps    | 720000    |
| train/                |           |
|    entropy_loss       | -16.9     |
|    explained_variance | 0         |
|    learning_rate      | 0.0001    |
|    n_updates          | 8999      |
|    policy_loss        | -1.22e+05 |
|    std                | 0.992     |
|    value_loss         | 3.02e+08  |
-------------------------------------
-------------------------------------
| rollout/              |           |
|    ep_len_mean        | 37        |
|    ep_rew_mean        | -1.5e+05  |
| time/                 |           |
|    fps                | 1711      |
|    time_elapsed       | 426       |
|    total_timesteps    | 730000    |
| train/                |           |
|    entropy_loss       | -16.9     |
|    explained_variance | 0         |
|    learning_rate      | 0.0001    |
|    n_updates          | 9124      |
|    policy_loss        | -4.18e+05 |
|    std                | 0.992     |
|    value_loss         | 1.38e+09  |
-------------------------------------
-------------------------------------
| rollout/              |           |
|    ep_len_mean        | 34.6      |
|    ep_rew_mean        | -1.4e+05  |
| time/                 |           |
|    fps                | 1712      |
|    time_elapsed       | 432       |
|    total_timesteps    | 740000    |
| train/                |           |
|    entropy_loss       | -16.9     |
|    explained_variance | 0         |
|    learning_rate      | 0.0001    |
|    n_updates          | 9249      |
|    policy_loss        | -3.02e+05 |
|    std                | 0.992     |
|    value_loss         | 8.51e+08  |
-------------------------------------
-------------------------------------
| rollout/              |           |
|    ep_len_mean        | 35.8      |
|    ep_rew_mean        | -1.47e+05 |
| time/                 |           |
|    fps                | 1711      |
|    time_elapsed       | 438       |
|    total_timesteps    | 750000    |
| train/                |           |
|    entropy_loss       | -16.9     |
|    explained_variance | -1.19e-07 |
|    learning_rate      | 0.0001    |
|    n_updates          | 9374      |
|    policy_loss        | -1.53e+05 |
|    std                | 0.992     |
|    value_loss         | 4.08e+08  |
-------------------------------------
-------------------------------------
| rollout/              |           |
|    ep_len_mean        | 38.8      |
|    ep_rew_mean        | -1.56e+05 |
| time/                 |           |
|    fps                | 1711      |
|    time_elapsed       | 443       |
|    total_timesteps    | 760000    |
| train/                |           |
|    entropy_loss       | -16.9     |
|    explained_variance | 5.96e-08  |
|    learning_rate      | 0.0001    |
|    n_updates          | 9499      |
|    policy_loss        | -3.62e+05 |
|    std                | 0.993     |
|    value_loss         | 1.01e+09  |
-------------------------------------
-------------------------------------
| rollout/              |           |
|    ep_len_mean        | 36.4      |
|    ep_rew_mean        | -1.46e+05 |
| time/                 |           |
|    fps                | 1712      |
|    time_elapsed       | 449       |
|    total_timesteps    | 770000    |
| train/                |           |
|    entropy_loss       | -16.9     |
|    explained_variance | 1.19e-07  |
|    learning_rate      | 0.0001    |
|    n_updates          | 9624      |
|    policy_loss        | -1.9e+05  |
|    std                | 0.993     |
|    value_loss         | 6.53e+08  |
-------------------------------------
-------------------------------------
| rollout/              |           |
|    ep_len_mean        | 35.5      |
|    ep_rew_mean        | -1.46e+05 |
| time/                 |           |
|    fps                | 1712      |
|    time_elapsed       | 455       |
|    total_timesteps    | 780000    |
| train/                |           |
|    entropy_loss       | -16.9     |
|    explained_variance | 0         |
|    learning_rate      | 0.0001    |
|    n_updates          | 9749      |
|    policy_loss        | -3.5e+05  |
|    std                | 0.993     |
|    value_loss         | 1.26e+09  |
-------------------------------------
-------------------------------------
| rollout/              |           |
|    ep_len_mean        | 38.4      |
|    ep_rew_mean        | -1.53e+05 |
| time/                 |           |
|    fps                | 1712      |
|    time_elapsed       | 461       |
|    total_timesteps    | 790000    |
| train/                |           |
|    entropy_loss       | -16.9     |
|    explained_variance | -1.19e-07 |
|    learning_rate      | 0.0001    |
|    n_updates          | 9874      |
|    policy_loss        | -5.37e+05 |
|    std                | 0.992     |
|    value_loss         | 1.94e+09  |
-------------------------------------
-------------------------------------
| rollout/              |           |
|    ep_len_mean        | 37.5      |
|    ep_rew_mean        | -1.46e+05 |
| time/                 |           |
|    fps                | 1712      |
|    time_elapsed       | 467       |
|    total_timesteps    | 800000    |
| train/                |           |
|    entropy_loss       | -16.9     |
|    explained_variance | 0         |
|    learning_rate      | 0.0001    |
|    n_updates          | 9999      |
|    policy_loss        | -1.44e+05 |
|    std                | 0.992     |
|    value_loss         | 1.44e+08  |
-------------------------------------
-------------------------------------
| rollout/              |           |
|    ep_len_mean        | 37.2      |
|    ep_rew_mean        | -1.4e+05  |
| time/                 |           |
|    fps                | 1710      |
|    time_elapsed       | 473       |
|    total_timesteps    | 810000    |
| train/                |           |
|    entropy_loss       | -16.9     |
|    explained_variance | 1.19e-07  |
|    learning_rate      | 0.0001    |
|    n_updates          | 10124     |
|    policy_loss        | -6.03e+05 |
|    std                | 0.992     |
|    value_loss         | 2.17e+09  |
-------------------------------------
-------------------------------------
| rollout/              |           |
|    ep_len_mean        | 35.8      |
|    ep_rew_mean        | -1.47e+05 |
| time/                 |           |
|    fps                | 1709      |
|    time_elapsed       | 479       |
|    total_timesteps    | 820000    |
| train/                |           |
|    entropy_loss       | -16.9     |
|    explained_variance | 0         |
|    learning_rate      | 0.0001    |
|    n_updates          | 10249     |
|    policy_loss        | -2.68e+05 |
|    std                | 0.992     |
|    value_loss         | 6.95e+08  |
-------------------------------------
-------------------------------------
| rollout/              |           |
|    ep_len_mean        | 34.4      |
|    ep_rew_mean        | -1.42e+05 |
| time/                 |           |
|    fps                | 1709      |
|    time_elapsed       | 485       |
|    total_timesteps    | 830000    |
| train/                |           |
|    entropy_loss       | -16.9     |
|    explained_variance | 0         |
|    learning_rate      | 0.0001    |
|    n_updates          | 10374     |
|    policy_loss        | -2.84e+05 |
|    std                | 0.992     |
|    value_loss         | 6.51e+08  |
-------------------------------------
-------------------------------------
| rollout/              |           |
|    ep_len_mean        | 35        |
|    ep_rew_mean        | -1.36e+05 |
| time/                 |           |
|    fps                | 1710      |
|    time_elapsed       | 491       |
|    total_timesteps    | 840000    |
| train/                |           |
|    entropy_loss       | -16.9     |
|    explained_variance | 0         |
|    learning_rate      | 0.0001    |
|    n_updates          | 10499     |
|    policy_loss        | -2.19e+05 |
|    std                | 0.992     |
|    value_loss         | 4.77e+08  |
-------------------------------------
-------------------------------------
| rollout/              |           |
|    ep_len_mean        | 35        |
|    ep_rew_mean        | -1.37e+05 |
| time/                 |           |
|    fps                | 1710      |
|    time_elapsed       | 497       |
|    total_timesteps    | 850000    |
| train/                |           |
|    entropy_loss       | -16.9     |
|    explained_variance | 5.96e-08  |
|    learning_rate      | 0.0001    |
|    n_updates          | 10624     |
|    policy_loss        | -4.24e+05 |
|    std                | 0.992     |
|    value_loss         | 1.74e+09  |
-------------------------------------
-------------------------------------
| rollout/              |           |
|    ep_len_mean        | 38.1      |
|    ep_rew_mean        | -1.43e+05 |
| time/                 |           |
|    fps                | 1710      |
|    time_elapsed       | 502       |
|    total_timesteps    | 860000    |
| train/                |           |
|    entropy_loss       | -16.9     |
|    explained_variance | 0         |
|    learning_rate      | 0.0001    |
|    n_updates          | 10749     |
|    policy_loss        | -3.69e+05 |
|    std                | 0.992     |
|    value_loss         | 1.39e+09  |
-------------------------------------
-------------------------------------
| rollout/              |           |
|    ep_len_mean        | 35.4      |
|    ep_rew_mean        | -1.4e+05  |
| time/                 |           |
|    fps                | 1710      |
|    time_elapsed       | 508       |
|    total_timesteps    | 870000    |
| train/                |           |
|    entropy_loss       | -16.9     |
|    explained_variance | 0         |
|    learning_rate      | 0.0001    |
|    n_updates          | 10874     |
|    policy_loss        | -2.91e+05 |
|    std                | 0.992     |
|    value_loss         | 8.63e+08  |
-------------------------------------
-------------------------------------
| rollout/              |           |
|    ep_len_mean        | 36.4      |
|    ep_rew_mean        | -1.43e+05 |
| time/                 |           |
|    fps                | 1710      |
|    time_elapsed       | 514       |
|    total_timesteps    | 880000    |
| train/                |           |
|    entropy_loss       | -16.9     |
|    explained_variance | 0         |
|    learning_rate      | 0.0001    |
|    n_updates          | 10999     |
|    policy_loss        | -2.36e+05 |
|    std                | 0.992     |
|    value_loss         | 7.55e+08  |
-------------------------------------
-------------------------------------
| rollout/              |           |
|    ep_len_mean        | 34.4      |
|    ep_rew_mean        | -1.33e+05 |
| time/                 |           |
|    fps                | 1710      |
|    time_elapsed       | 520       |
|    total_timesteps    | 890000    |
| train/                |           |
|    entropy_loss       | -16.9     |
|    explained_variance | 0         |
|    learning_rate      | 0.0001    |
|    n_updates          | 11124     |
|    policy_loss        | -4.46e+05 |
|    std                | 0.992     |
|    value_loss         | 1.57e+09  |
-------------------------------------
-------------------------------------
| rollout/              |           |
|    ep_len_mean        | 32.2      |
|    ep_rew_mean        | -1.32e+05 |
| time/                 |           |
|    fps                | 1710      |
|    time_elapsed       | 526       |
|    total_timesteps    | 900000    |
| train/                |           |
|    entropy_loss       | -16.9     |
|    explained_variance | -1.19e-07 |
|    learning_rate      | 0.0001    |
|    n_updates          | 11249     |
|    policy_loss        | -4.61e+05 |
|    std                | 0.992     |
|    value_loss         | 1.7e+09   |
-------------------------------------
-------------------------------------
| rollout/              |           |
|    ep_len_mean        | 31.3      |
|    ep_rew_mean        | -1.32e+05 |
| time/                 |           |
|    fps                | 1710      |
|    time_elapsed       | 532       |
|    total_timesteps    | 910000    |
| train/                |           |
|    entropy_loss       | -16.9     |
|    explained_variance | 0         |
|    learning_rate      | 0.0001    |
|    n_updates          | 11374     |
|    policy_loss        | -3.24e+05 |
|    std                | 0.993     |
|    value_loss         | 9.86e+08  |
-------------------------------------
-------------------------------------
| rollout/              |           |
|    ep_len_mean        | 39.6      |
|    ep_rew_mean        | -1.44e+05 |
| time/                 |           |
|    fps                | 1710      |
|    time_elapsed       | 537       |
|    total_timesteps    | 920000    |
| train/                |           |
|    entropy_loss       | -16.9     |
|    explained_variance | -1.19e-07 |
|    learning_rate      | 0.0001    |
|    n_updates          | 11499     |
|    policy_loss        | -3.45e+05 |
|    std                | 0.993     |
|    value_loss         | 1.12e+09  |
-------------------------------------
-------------------------------------
| rollout/              |           |
|    ep_len_mean        | 37.2      |
|    ep_rew_mean        | -1.41e+05 |
| time/                 |           |
|    fps                | 1710      |
|    time_elapsed       | 543       |
|    total_timesteps    | 930000    |
| train/                |           |
|    entropy_loss       | -16.9     |
|    explained_variance | -1.19e-07 |
|    learning_rate      | 0.0001    |
|    n_updates          | 11624     |
|    policy_loss        | -3.11e+05 |
|    std                | 0.992     |
|    value_loss         | 9.62e+08  |
-------------------------------------
-------------------------------------
| rollout/              |           |
|    ep_len_mean        | 40.6      |
|    ep_rew_mean        | -1.48e+05 |
| time/                 |           |
|    fps                | 1710      |
|    time_elapsed       | 549       |
|    total_timesteps    | 940000    |
| train/                |           |
|    entropy_loss       | -16.9     |
|    explained_variance | 1.19e-07  |
|    learning_rate      | 0.0001    |
|    n_updates          | 11749     |
|    policy_loss        | -2.8e+05  |
|    std                | 0.992     |
|    value_loss         | 7.3e+08   |
-------------------------------------
-------------------------------------
| rollout/              |           |
|    ep_len_mean        | 36.5      |
|    ep_rew_mean        | -1.44e+05 |
| time/                 |           |
|    fps                | 1710      |
|    time_elapsed       | 555       |
|    total_timesteps    | 950000    |
| train/                |           |
|    entropy_loss       | -16.9     |
|    explained_variance | 0         |
|    learning_rate      | 0.0001    |
|    n_updates          | 11874     |
|    policy_loss        | -3.82e+05 |
|    std                | 0.992     |
|    value_loss         | 1.35e+09  |
-------------------------------------
-------------------------------------
| rollout/              |           |
|    ep_len_mean        | 36.3      |
|    ep_rew_mean        | -1.34e+05 |
| time/                 |           |
|    fps                | 1709      |
|    time_elapsed       | 561       |
|    total_timesteps    | 960000    |
| train/                |           |
|    entropy_loss       | -16.9     |
|    explained_variance | 0         |
|    learning_rate      | 0.0001    |
|    n_updates          | 11999     |
|    policy_loss        | -2.74e+05 |
|    std                | 0.992     |
|    value_loss         | 1.02e+09  |
-------------------------------------
-------------------------------------
| rollout/              |           |
|    ep_len_mean        | 34.9      |
|    ep_rew_mean        | -1.35e+05 |
| time/                 |           |
|    fps                | 1709      |
|    time_elapsed       | 567       |
|    total_timesteps    | 970000    |
| train/                |           |
|    entropy_loss       | -16.9     |
|    explained_variance | 0         |
|    learning_rate      | 0.0001    |
|    n_updates          | 12124     |
|    policy_loss        | -2.8e+04  |
|    std                | 0.992     |
|    value_loss         | 1.43e+08  |
-------------------------------------
-------------------------------------
| rollout/              |           |
|    ep_len_mean        | 36.1      |
|    ep_rew_mean        | -1.36e+05 |
| time/                 |           |
|    fps                | 1709      |
|    time_elapsed       | 573       |
|    total_timesteps    | 980000    |
| train/                |           |
|    entropy_loss       | -16.9     |
|    explained_variance | 0         |
|    learning_rate      | 0.0001    |
|    n_updates          | 12249     |
|    policy_loss        | -3.59e+05 |
|    std                | 0.992     |
|    value_loss         | 1.14e+09  |
-------------------------------------
-------------------------------------
| rollout/              |           |
|    ep_len_mean        | 37        |
|    ep_rew_mean        | -1.34e+05 |
| time/                 |           |
|    fps                | 1709      |
|    time_elapsed       | 579       |
|    total_timesteps    | 990000    |
| train/                |           |
|    entropy_loss       | -16.9     |
|    explained_variance | 0         |
|    learning_rate      | 0.0001    |
|    n_updates          | 12374     |
|    policy_loss        | -5.22e+05 |
|    std                | 0.992     |
|    value_loss         | 1.85e+09  |
-------------------------------------
-------------------------------------
| rollout/              |           |
|    ep_len_mean        | 36.2      |
|    ep_rew_mean        | -1.34e+05 |
| time/                 |           |
|    fps                | 1708      |
|    time_elapsed       | 585       |
|    total_timesteps    | 1000000   |
| train/                |           |
|    entropy_loss       | -16.9     |
|    explained_variance | 0         |
|    learning_rate      | 0.0001    |
|    n_updates          | 12499     |
|    policy_loss        | -1.57e+05 |
|    std                | 0.992     |
|    value_loss         | 2.19e+08  |
-------------------------------------
Training ended on Wed Jan 28 10:52:27 2026
Training lasted 0:09:45.170994
