Logging to training_random_logs/4_robots/logs/CrossQ_set4
Using cuda device
Training started on Tue Jan 27 23:33:37 2026
Experiment configuration: {'algorithm': 'CrossQ', 'set': 4, 'verbose': 1, 'steps': 1000000, 'num_robots': 4, 'num_envs': 4, 'seed': 33, 'log_steps': 10000, 'resume': False, 'device': 'cuda'}
----------------------------------
| rollout/           |           |
|    ep_len_mean     | 18.2      |
|    ep_rew_mean     | -2.45e+05 |
| time/              |           |
|    episodes        | 572       |
|    fps             | 545       |
|    time_elapsed    | 18        |
|    total_timesteps | 10000     |
| train/             |           |
|    actor_loss      | 3.35e+04  |
|    critic_loss     | 1.39e+08  |
|    ent_coef        | 51.6      |
|    ent_coef_loss   | -93.3     |
|    learning_rate   | 0.0055    |
|    n_updates       | 2474      |
----------------------------------
----------------------------------
| rollout/           |           |
|    ep_len_mean     | 38        |
|    ep_rew_mean     | -9.86e+04 |
| time/              |           |
|    episodes        | 957       |
|    fps             | 542       |
|    time_elapsed    | 36        |
|    total_timesteps | 20000     |
| train/             |           |
|    actor_loss      | 4.5e+04   |
|    critic_loss     | 1.04e+08  |
|    ent_coef        | 96.4      |
|    ent_coef_loss   | 5.59      |
|    learning_rate   | 0.0055    |
|    n_updates       | 4974      |
----------------------------------
---------------------------------
| rollout/           |          |
|    ep_len_mean     | 26.6     |
|    ep_rew_mean     | 6.6e+04  |
| time/              |          |
|    episodes        | 1305     |
|    fps             | 540      |
|    time_elapsed    | 55       |
|    total_timesteps | 30000    |
| train/             |          |
|    actor_loss      | 1.16e+04 |
|    critic_loss     | 1.02e+08 |
|    ent_coef        | 81.3     |
|    ent_coef_loss   | 3.77     |
|    learning_rate   | 0.0055   |
|    n_updates       | 7474     |
---------------------------------
----------------------------------
| rollout/           |           |
|    ep_len_mean     | 19.6      |
|    ep_rew_mean     | 1.27e+05  |
| time/              |           |
|    episodes        | 1776      |
|    fps             | 539       |
|    time_elapsed    | 74        |
|    total_timesteps | 40000     |
| train/             |           |
|    actor_loss      | -2.55e+04 |
|    critic_loss     | 4.56e+07  |
|    ent_coef        | 68.1      |
|    ent_coef_loss   | 4.59      |
|    learning_rate   | 0.0055    |
|    n_updates       | 9974      |
----------------------------------
----------------------------------
| rollout/           |           |
|    ep_len_mean     | 16.6      |
|    ep_rew_mean     | 1.18e+05  |
| time/              |           |
|    episodes        | 2339      |
|    fps             | 539       |
|    time_elapsed    | 92        |
|    total_timesteps | 50000     |
| train/             |           |
|    actor_loss      | -6.01e+04 |
|    critic_loss     | 1.68e+08  |
|    ent_coef        | 56.5      |
|    ent_coef_loss   | -1.69     |
|    learning_rate   | 0.0055    |
|    n_updates       | 12474     |
----------------------------------
----------------------------------
| rollout/           |           |
|    ep_len_mean     | 14.7      |
|    ep_rew_mean     | 1.16e+05  |
| time/              |           |
|    episodes        | 2970      |
|    fps             | 538       |
|    time_elapsed    | 111       |
|    total_timesteps | 60000     |
| train/             |           |
|    actor_loss      | -6.56e+04 |
|    critic_loss     | 3.75e+07  |
|    ent_coef        | 54.1      |
|    ent_coef_loss   | -2.49     |
|    learning_rate   | 0.0055    |
|    n_updates       | 14974     |
----------------------------------
----------------------------------
| rollout/           |           |
|    ep_len_mean     | 13.7      |
|    ep_rew_mean     | 4.6e+04   |
| time/              |           |
|    episodes        | 3612      |
|    fps             | 538       |
|    time_elapsed    | 130       |
|    total_timesteps | 70000     |
| train/             |           |
|    actor_loss      | -5.68e+04 |
|    critic_loss     | 5.83e+07  |
|    ent_coef        | 74.6      |
|    ent_coef_loss   | -30.7     |
|    learning_rate   | 0.0055    |
|    n_updates       | 17474     |
----------------------------------
----------------------------------
| rollout/           |           |
|    ep_len_mean     | 12.6      |
|    ep_rew_mean     | 1.32e+05  |
| time/              |           |
|    episodes        | 4290      |
|    fps             | 538       |
|    time_elapsed    | 148       |
|    total_timesteps | 80000     |
| train/             |           |
|    actor_loss      | -6.79e+04 |
|    critic_loss     | 2.52e+07  |
|    ent_coef        | 54.5      |
|    ent_coef_loss   | 5.89      |
|    learning_rate   | 0.0055    |
|    n_updates       | 19974     |
----------------------------------
----------------------------------
| rollout/           |           |
|    ep_len_mean     | 15.3      |
|    ep_rew_mean     | 1.17e+05  |
| time/              |           |
|    episodes        | 4927      |
|    fps             | 537       |
|    time_elapsed    | 167       |
|    total_timesteps | 90000     |
| train/             |           |
|    actor_loss      | -6.17e+04 |
|    critic_loss     | 2.21e+07  |
|    ent_coef        | 75.6      |
|    ent_coef_loss   | 8.95      |
|    learning_rate   | 0.0055    |
|    n_updates       | 22474     |
----------------------------------
----------------------------------
| rollout/           |           |
|    ep_len_mean     | 12.5      |
|    ep_rew_mean     | 1.33e+05  |
| time/              |           |
|    episodes        | 5657      |
|    fps             | 537       |
|    time_elapsed    | 186       |
|    total_timesteps | 100000    |
| train/             |           |
|    actor_loss      | -7.27e+04 |
|    critic_loss     | 1.91e+07  |
|    ent_coef        | 58.6      |
|    ent_coef_loss   | 7.85      |
|    learning_rate   | 0.0055    |
|    n_updates       | 24974     |
----------------------------------
----------------------------------
| rollout/           |           |
|    ep_len_mean     | 12.1      |
|    ep_rew_mean     | 1.29e+05  |
| time/              |           |
|    episodes        | 6443      |
|    fps             | 537       |
|    time_elapsed    | 204       |
|    total_timesteps | 110000    |
| train/             |           |
|    actor_loss      | -7.26e+04 |
|    critic_loss     | 8.09e+07  |
|    ent_coef        | 43.5      |
|    ent_coef_loss   | 4.39      |
|    learning_rate   | 0.0055    |
|    n_updates       | 27474     |
----------------------------------
----------------------------------
| rollout/           |           |
|    ep_len_mean     | 12.3      |
|    ep_rew_mean     | 1.31e+05  |
| time/              |           |
|    episodes        | 7223      |
|    fps             | 537       |
|    time_elapsed    | 223       |
|    total_timesteps | 120000    |
| train/             |           |
|    actor_loss      | -7.32e+04 |
|    critic_loss     | 1.49e+07  |
|    ent_coef        | 46.9      |
|    ent_coef_loss   | 0.249     |
|    learning_rate   | 0.0055    |
|    n_updates       | 29974     |
----------------------------------
----------------------------------
| rollout/           |           |
|    ep_len_mean     | 11.3      |
|    ep_rew_mean     | 1.33e+05  |
| time/              |           |
|    episodes        | 7984      |
|    fps             | 537       |
|    time_elapsed    | 242       |
|    total_timesteps | 130000    |
| train/             |           |
|    actor_loss      | -7.91e+04 |
|    critic_loss     | 9.95e+06  |
|    ent_coef        | 39        |
|    ent_coef_loss   | -0.613    |
|    learning_rate   | 0.0055    |
|    n_updates       | 32474     |
----------------------------------
----------------------------------
| rollout/           |           |
|    ep_len_mean     | 11.3      |
|    ep_rew_mean     | 1.34e+05  |
| time/              |           |
|    episodes        | 8817      |
|    fps             | 536       |
|    time_elapsed    | 260       |
|    total_timesteps | 140000    |
| train/             |           |
|    actor_loss      | -7.89e+04 |
|    critic_loss     | 1.96e+07  |
|    ent_coef        | 43.1      |
|    ent_coef_loss   | -2        |
|    learning_rate   | 0.0055    |
|    n_updates       | 34974     |
----------------------------------
----------------------------------
| rollout/           |           |
|    ep_len_mean     | 16.5      |
|    ep_rew_mean     | 2.26e+04  |
| time/              |           |
|    episodes        | 9536      |
|    fps             | 536       |
|    time_elapsed    | 279       |
|    total_timesteps | 150000    |
| train/             |           |
|    actor_loss      | -6.04e+04 |
|    critic_loss     | 2.24e+07  |
|    ent_coef        | 58.8      |
|    ent_coef_loss   | -3.03     |
|    learning_rate   | 0.0055    |
|    n_updates       | 37474     |
----------------------------------
----------------------------------
| rollout/           |           |
|    ep_len_mean     | 14.8      |
|    ep_rew_mean     | 1.29e+05  |
| time/              |           |
|    episodes        | 10332     |
|    fps             | 536       |
|    time_elapsed    | 298       |
|    total_timesteps | 160000    |
| train/             |           |
|    actor_loss      | -7.87e+04 |
|    critic_loss     | 1.42e+07  |
|    ent_coef        | 51        |
|    ent_coef_loss   | 3.06      |
|    learning_rate   | 0.0055    |
|    n_updates       | 39974     |
----------------------------------
----------------------------------
| rollout/           |           |
|    ep_len_mean     | 13.7      |
|    ep_rew_mean     | 1.22e+05  |
| time/              |           |
|    episodes        | 10977     |
|    fps             | 536       |
|    time_elapsed    | 316       |
|    total_timesteps | 170000    |
| train/             |           |
|    actor_loss      | -7.01e+04 |
|    critic_loss     | 2.31e+07  |
|    ent_coef        | 85.9      |
|    ent_coef_loss   | 7.34      |
|    learning_rate   | 0.0055    |
|    n_updates       | 42474     |
----------------------------------
----------------------------------
| rollout/           |           |
|    ep_len_mean     | 12.9      |
|    ep_rew_mean     | 1.31e+05  |
| time/              |           |
|    episodes        | 11683     |
|    fps             | 536       |
|    time_elapsed    | 335       |
|    total_timesteps | 180000    |
| train/             |           |
|    actor_loss      | -6.82e+04 |
|    critic_loss     | 1.77e+07  |
|    ent_coef        | 96.3      |
|    ent_coef_loss   | 12.1      |
|    learning_rate   | 0.0055    |
|    n_updates       | 44974     |
----------------------------------
----------------------------------
| rollout/           |           |
|    ep_len_mean     | 16        |
|    ep_rew_mean     | 8.08e+04  |
| time/              |           |
|    episodes        | 12375     |
|    fps             | 536       |
|    time_elapsed    | 354       |
|    total_timesteps | 190000    |
| train/             |           |
|    actor_loss      | -5.79e+04 |
|    critic_loss     | 4.82e+07  |
|    ent_coef        | 171       |
|    ent_coef_loss   | 24.6      |
|    learning_rate   | 0.0055    |
|    n_updates       | 47474     |
----------------------------------
---------------------------------
| rollout/           |          |
|    ep_len_mean     | 11.1     |
|    ep_rew_mean     | 1.34e+05 |
| time/              |          |
|    episodes        | 13191    |
|    fps             | 536      |
|    time_elapsed    | 372      |
|    total_timesteps | 200000   |
| train/             |          |
|    actor_loss      | -7.9e+04 |
|    critic_loss     | 2.32e+07 |
|    ent_coef        | 66.4     |
|    ent_coef_loss   | 6.9      |
|    learning_rate   | 0.0055   |
|    n_updates       | 49974    |
---------------------------------
----------------------------------
| rollout/           |           |
|    ep_len_mean     | 10.8      |
|    ep_rew_mean     | 1.33e+05  |
| time/              |           |
|    episodes        | 13904     |
|    fps             | 536       |
|    time_elapsed    | 391       |
|    total_timesteps | 210000    |
| train/             |           |
|    actor_loss      | -7.69e+04 |
|    critic_loss     | 1.88e+07  |
|    ent_coef        | 62.7      |
|    ent_coef_loss   | 12        |
|    learning_rate   | 0.0055    |
|    n_updates       | 52474     |
----------------------------------
----------------------------------
| rollout/           |           |
|    ep_len_mean     | 10.9      |
|    ep_rew_mean     | 1.31e+05  |
| time/              |           |
|    episodes        | 14603     |
|    fps             | 536       |
|    time_elapsed    | 410       |
|    total_timesteps | 220000    |
| train/             |           |
|    actor_loss      | -4.75e+04 |
|    critic_loss     | 4.32e+07  |
|    ent_coef        | 154       |
|    ent_coef_loss   | 36.6      |
|    learning_rate   | 0.0055    |
|    n_updates       | 54974     |
----------------------------------
----------------------------------
| rollout/           |           |
|    ep_len_mean     | 21.3      |
|    ep_rew_mean     | -1.37e+05 |
| time/              |           |
|    episodes        | 15182     |
|    fps             | 536       |
|    time_elapsed    | 428       |
|    total_timesteps | 230000    |
| train/             |           |
|    actor_loss      | -1.84e+04 |
|    critic_loss     | 9.9e+07   |
|    ent_coef        | 545       |
|    ent_coef_loss   | 26.6      |
|    learning_rate   | 0.0055    |
|    n_updates       | 57474     |
----------------------------------
---------------------------------
| rollout/           |          |
|    ep_len_mean     | 10.1     |
|    ep_rew_mean     | 1.34e+05 |
| time/              |          |
|    episodes        | 16031    |
|    fps             | 536      |
|    time_elapsed    | 447      |
|    total_timesteps | 240000   |
| train/             |          |
|    actor_loss      | -7.7e+04 |
|    critic_loss     | 9.71e+07 |
|    ent_coef        | 58.1     |
|    ent_coef_loss   | 7.39     |
|    learning_rate   | 0.0055   |
|    n_updates       | 59974    |
---------------------------------
----------------------------------
| rollout/           |           |
|    ep_len_mean     | 13.3      |
|    ep_rew_mean     | 1.33e+05  |
| time/              |           |
|    episodes        | 16662     |
|    fps             | 536       |
|    time_elapsed    | 465       |
|    total_timesteps | 250000    |
| train/             |           |
|    actor_loss      | -6.36e+04 |
|    critic_loss     | 2.77e+07  |
|    ent_coef        | 102       |
|    ent_coef_loss   | 23        |
|    learning_rate   | 0.0055    |
|    n_updates       | 62474     |
----------------------------------
----------------------------------
| rollout/           |           |
|    ep_len_mean     | 11.7      |
|    ep_rew_mean     | 1.34e+05  |
| time/              |           |
|    episodes        | 17337     |
|    fps             | 536       |
|    time_elapsed    | 484       |
|    total_timesteps | 260000    |
| train/             |           |
|    actor_loss      | -7.21e+04 |
|    critic_loss     | 3.38e+07  |
|    ent_coef        | 142       |
|    ent_coef_loss   | 22.1      |
|    learning_rate   | 0.0055    |
|    n_updates       | 64974     |
----------------------------------
----------------------------------
| rollout/           |           |
|    ep_len_mean     | 10.6      |
|    ep_rew_mean     | 1.33e+05  |
| time/              |           |
|    episodes        | 18221     |
|    fps             | 536       |
|    time_elapsed    | 503       |
|    total_timesteps | 270000    |
| train/             |           |
|    actor_loss      | -6.73e+04 |
|    critic_loss     | 3.56e+07  |
|    ent_coef        | 73.8      |
|    ent_coef_loss   | 14.9      |
|    learning_rate   | 0.0055    |
|    n_updates       | 67474     |
----------------------------------
----------------------------------
| rollout/           |           |
|    ep_len_mean     | 30.2      |
|    ep_rew_mean     | -2.18e+05 |
| time/              |           |
|    episodes        | 18810     |
|    fps             | 536       |
|    time_elapsed    | 521       |
|    total_timesteps | 280000    |
| train/             |           |
|    actor_loss      | -1.21e+05 |
|    critic_loss     | 9.7e+07   |
|    ent_coef        | 467       |
|    ent_coef_loss   | -51.1     |
|    learning_rate   | 0.0055    |
|    n_updates       | 69974     |
----------------------------------
----------------------------------
| rollout/           |           |
|    ep_len_mean     | 10.8      |
|    ep_rew_mean     | 1.33e+05  |
| time/              |           |
|    episodes        | 19512     |
|    fps             | 536       |
|    time_elapsed    | 540       |
|    total_timesteps | 290000    |
| train/             |           |
|    actor_loss      | -7.01e+04 |
|    critic_loss     | 1.3e+07   |
|    ent_coef        | 55.7      |
|    ent_coef_loss   | 8.28      |
|    learning_rate   | 0.0055    |
|    n_updates       | 72474     |
----------------------------------
----------------------------------
| rollout/           |           |
|    ep_len_mean     | 10.6      |
|    ep_rew_mean     | 1.34e+05  |
| time/              |           |
|    episodes        | 20346     |
|    fps             | 536       |
|    time_elapsed    | 559       |
|    total_timesteps | 300000    |
| train/             |           |
|    actor_loss      | -7.64e+04 |
|    critic_loss     | 8.29e+06  |
|    ent_coef        | 52.2      |
|    ent_coef_loss   | 6.11      |
|    learning_rate   | 0.0055    |
|    n_updates       | 74974     |
----------------------------------
----------------------------------
| rollout/           |           |
|    ep_len_mean     | 17.6      |
|    ep_rew_mean     | 1.26e+05  |
| time/              |           |
|    episodes        | 21007     |
|    fps             | 536       |
|    time_elapsed    | 577       |
|    total_timesteps | 310000    |
| train/             |           |
|    actor_loss      | -3.85e+04 |
|    critic_loss     | 5.84e+07  |
|    ent_coef        | 247       |
|    ent_coef_loss   | 43.2      |
|    learning_rate   | 0.0055    |
|    n_updates       | 77474     |
----------------------------------
----------------------------------
| rollout/           |           |
|    ep_len_mean     | 15.3      |
|    ep_rew_mean     | 1.08e+05  |
| time/              |           |
|    episodes        | 21453     |
|    fps             | 536       |
|    time_elapsed    | 596       |
|    total_timesteps | 320000    |
| train/             |           |
|    actor_loss      | -2.53e+04 |
|    critic_loss     | 7.44e+07  |
|    ent_coef        | 147       |
|    ent_coef_loss   | -17.9     |
|    learning_rate   | 0.0055    |
|    n_updates       | 79974     |
----------------------------------
---------------------------------
| rollout/           |          |
|    ep_len_mean     | 10.7     |
|    ep_rew_mean     | 1.28e+05 |
| time/              |          |
|    episodes        | 22172    |
|    fps             | 536      |
|    time_elapsed    | 615      |
|    total_timesteps | 330000   |
| train/             |          |
|    actor_loss      | -7.9e+04 |
|    critic_loss     | 3.5e+07  |
|    ent_coef        | 62.9     |
|    ent_coef_loss   | 10.3     |
|    learning_rate   | 0.0055   |
|    n_updates       | 82474    |
---------------------------------
----------------------------------
| rollout/           |           |
|    ep_len_mean     | 16.8      |
|    ep_rew_mean     | 1.15e+05  |
| time/              |           |
|    episodes        | 22844     |
|    fps             | 536       |
|    time_elapsed    | 633       |
|    total_timesteps | 340000    |
| train/             |           |
|    actor_loss      | -5.26e+04 |
|    critic_loss     | 3.44e+07  |
|    ent_coef        | 164       |
|    ent_coef_loss   | 25.4      |
|    learning_rate   | 0.0055    |
|    n_updates       | 84974     |
----------------------------------
----------------------------------
| rollout/           |           |
|    ep_len_mean     | 10.3      |
|    ep_rew_mean     | 1.34e+05  |
| time/              |           |
|    episodes        | 23759     |
|    fps             | 536       |
|    time_elapsed    | 652       |
|    total_timesteps | 350000    |
| train/             |           |
|    actor_loss      | -7.95e+04 |
|    critic_loss     | 8.7e+07   |
|    ent_coef        | 34.9      |
|    ent_coef_loss   | 1.26      |
|    learning_rate   | 0.0055    |
|    n_updates       | 87474     |
----------------------------------
----------------------------------
| rollout/           |           |
|    ep_len_mean     | 11.2      |
|    ep_rew_mean     | 1.33e+05  |
| time/              |           |
|    episodes        | 24331     |
|    fps             | 536       |
|    time_elapsed    | 671       |
|    total_timesteps | 360000    |
| train/             |           |
|    actor_loss      | -5.88e+04 |
|    critic_loss     | 3.99e+07  |
|    ent_coef        | 209       |
|    ent_coef_loss   | 45.8      |
|    learning_rate   | 0.0055    |
|    n_updates       | 89974     |
----------------------------------
----------------------------------
| rollout/           |           |
|    ep_len_mean     | 12.3      |
|    ep_rew_mean     | 1.33e+05  |
| time/              |           |
|    episodes        | 24936     |
|    fps             | 536       |
|    time_elapsed    | 689       |
|    total_timesteps | 370000    |
| train/             |           |
|    actor_loss      | -3.32e+04 |
|    critic_loss     | 2.69e+07  |
|    ent_coef        | 127       |
|    ent_coef_loss   | 32.6      |
|    learning_rate   | 0.0055    |
|    n_updates       | 92474     |
----------------------------------
----------------------------------
| rollout/           |           |
|    ep_len_mean     | 11.1      |
|    ep_rew_mean     | 1.33e+05  |
| time/              |           |
|    episodes        | 25811     |
|    fps             | 536       |
|    time_elapsed    | 708       |
|    total_timesteps | 380000    |
| train/             |           |
|    actor_loss      | -5.03e+04 |
|    critic_loss     | 2.44e+07  |
|    ent_coef        | 163       |
|    ent_coef_loss   | 2.7       |
|    learning_rate   | 0.0055    |
|    n_updates       | 94974     |
----------------------------------
----------------------------------
| rollout/           |           |
|    ep_len_mean     | 31.4      |
|    ep_rew_mean     | -1.83e+05 |
| time/              |           |
|    episodes        | 26331     |
|    fps             | 536       |
|    time_elapsed    | 727       |
|    total_timesteps | 390000    |
| train/             |           |
|    actor_loss      | -959      |
|    critic_loss     | 1.24e+08  |
|    ent_coef        | 634       |
|    ent_coef_loss   | 68.6      |
|    learning_rate   | 0.0055    |
|    n_updates       | 97474     |
----------------------------------
----------------------------------
| rollout/           |           |
|    ep_len_mean     | 12        |
|    ep_rew_mean     | 1.3e+05   |
| time/              |           |
|    episodes        | 26937     |
|    fps             | 536       |
|    time_elapsed    | 745       |
|    total_timesteps | 400000    |
| train/             |           |
|    actor_loss      | -4.32e+04 |
|    critic_loss     | 4.24e+08  |
|    ent_coef        | 268       |
|    ent_coef_loss   | 48.7      |
|    learning_rate   | 0.0055    |
|    n_updates       | 99974     |
----------------------------------
---------------------------------
| rollout/           |          |
|    ep_len_mean     | 10.5     |
|    ep_rew_mean     | 1.34e+05 |
| time/              |          |
|    episodes        | 27770    |
|    fps             | 535      |
|    time_elapsed    | 766      |
|    total_timesteps | 410000   |
| train/             |          |
|    actor_loss      | -6.1e+04 |
|    critic_loss     | 3.48e+07 |
|    ent_coef        | 52.3     |
|    ent_coef_loss   | 3.76     |
|    learning_rate   | 0.0055   |
|    n_updates       | 102474   |
---------------------------------
---------------------------------
| rollout/           |          |
|    ep_len_mean     | 10.5     |
|    ep_rew_mean     | 1.33e+05 |
| time/              |          |
|    episodes        | 28530    |
|    fps             | 533      |
|    time_elapsed    | 786      |
|    total_timesteps | 420000   |
| train/             |          |
|    actor_loss      | -6.3e+04 |
|    critic_loss     | 6.6e+07  |
|    ent_coef        | 90.3     |
|    ent_coef_loss   | 10.7     |
|    learning_rate   | 0.0055   |
|    n_updates       | 104974   |
---------------------------------
----------------------------------
| rollout/           |           |
|    ep_len_mean     | 9.9       |
|    ep_rew_mean     | 1.33e+05  |
| time/              |           |
|    episodes        | 29480     |
|    fps             | 532       |
|    time_elapsed    | 807       |
|    total_timesteps | 430000    |
| train/             |           |
|    actor_loss      | -7.95e+04 |
|    critic_loss     | 1.77e+07  |
|    ent_coef        | 62.2      |
|    ent_coef_loss   | 7.5       |
|    learning_rate   | 0.0055    |
|    n_updates       | 107474    |
----------------------------------
---------------------------------
| rollout/           |          |
|    ep_len_mean     | 20.9     |
|    ep_rew_mean     | -3.4e+05 |
| time/              |          |
|    episodes        | 30230    |
|    fps             | 531      |
|    time_elapsed    | 827      |
|    total_timesteps | 440000   |
| train/             |          |
|    actor_loss      | 3e+04    |
|    critic_loss     | 2.32e+09 |
|    ent_coef        | 3.7e+03  |
|    ent_coef_loss   | -96.3    |
|    learning_rate   | 0.0055   |
|    n_updates       | 109974   |
---------------------------------
----------------------------------
| rollout/           |           |
|    ep_len_mean     | 19.1      |
|    ep_rew_mean     | -9.15e+04 |
| time/              |           |
|    episodes        | 30770     |
|    fps             | 530       |
|    time_elapsed    | 847       |
|    total_timesteps | 450000    |
| train/             |           |
|    actor_loss      | 7.58e+04  |
|    critic_loss     | 3.1e+08   |
|    ent_coef        | 1.42e+03  |
|    ent_coef_loss   | 26.3      |
|    learning_rate   | 0.0055    |
|    n_updates       | 112474    |
----------------------------------
----------------------------------
| rollout/           |           |
|    ep_len_mean     | 16.3      |
|    ep_rew_mean     | 6.04e+04  |
| time/              |           |
|    episodes        | 31428     |
|    fps             | 529       |
|    time_elapsed    | 868       |
|    total_timesteps | 460000    |
| train/             |           |
|    actor_loss      | -1.01e+04 |
|    critic_loss     | 2.45e+08  |
|    ent_coef        | 195       |
|    ent_coef_loss   | 25        |
|    learning_rate   | 0.0055    |
|    n_updates       | 114974    |
----------------------------------
----------------------------------
| rollout/           |           |
|    ep_len_mean     | 18.1      |
|    ep_rew_mean     | -1.84e+04 |
| time/              |           |
|    episodes        | 32177     |
|    fps             | 529       |
|    time_elapsed    | 888       |
|    total_timesteps | 470000    |
| train/             |           |
|    actor_loss      | -9.75e+03 |
|    critic_loss     | 2.62e+08  |
|    ent_coef        | 394       |
|    ent_coef_loss   | -3.18     |
|    learning_rate   | 0.0055    |
|    n_updates       | 117474    |
----------------------------------
----------------------------------
| rollout/           |           |
|    ep_len_mean     | 22.9      |
|    ep_rew_mean     | -1.22e+05 |
| time/              |           |
|    episodes        | 32567     |
|    fps             | 528       |
|    time_elapsed    | 908       |
|    total_timesteps | 480000    |
| train/             |           |
|    actor_loss      | 3.47e+04  |
|    critic_loss     | 9.97e+08  |
|    ent_coef        | 674       |
|    ent_coef_loss   | 49.1      |
|    learning_rate   | 0.0055    |
|    n_updates       | 119974    |
----------------------------------
----------------------------------
| rollout/           |           |
|    ep_len_mean     | 19.1      |
|    ep_rew_mean     | 8.42e+04  |
| time/              |           |
|    episodes        | 33121     |
|    fps             | 527       |
|    time_elapsed    | 928       |
|    total_timesteps | 490000    |
| train/             |           |
|    actor_loss      | -3.06e+04 |
|    critic_loss     | 8.6e+07   |
|    ent_coef        | 119       |
|    ent_coef_loss   | 21.7      |
|    learning_rate   | 0.0055    |
|    n_updates       | 122474    |
----------------------------------
----------------------------------
| rollout/           |           |
|    ep_len_mean     | 10.7      |
|    ep_rew_mean     | 1.33e+05  |
| time/              |           |
|    episodes        | 33966     |
|    fps             | 526       |
|    time_elapsed    | 948       |
|    total_timesteps | 500000    |
| train/             |           |
|    actor_loss      | -5.96e+04 |
|    critic_loss     | 3.69e+07  |
|    ent_coef        | 42.5      |
|    ent_coef_loss   | 2.37      |
|    learning_rate   | 0.0055    |
|    n_updates       | 124974    |
----------------------------------
---------------------------------
| rollout/           |          |
|    ep_len_mean     | 19.8     |
|    ep_rew_mean     | 1.25e+05 |
| time/              |          |
|    episodes        | 34819    |
|    fps             | 526      |
|    time_elapsed    | 969      |
|    total_timesteps | 510000   |
| train/             |          |
|    actor_loss      | -6.8e+04 |
|    critic_loss     | 1.37e+08 |
|    ent_coef        | 63.6     |
|    ent_coef_loss   | -35.7    |
|    learning_rate   | 0.0055   |
|    n_updates       | 127474   |
---------------------------------
----------------------------------
| rollout/           |           |
|    ep_len_mean     | 33.4      |
|    ep_rew_mean     | -2.91e+05 |
| time/              |           |
|    episodes        | 35225     |
|    fps             | 525       |
|    time_elapsed    | 989       |
|    total_timesteps | 520000    |
| train/             |           |
|    actor_loss      | -1.11e+04 |
|    critic_loss     | 1.15e+08  |
|    ent_coef        | 585       |
|    ent_coef_loss   | 73.4      |
|    learning_rate   | 0.0055    |
|    n_updates       | 129974    |
----------------------------------
----------------------------------
| rollout/           |           |
|    ep_len_mean     | 9.97      |
|    ep_rew_mean     | 1.33e+05  |
| time/              |           |
|    episodes        | 36091     |
|    fps             | 525       |
|    time_elapsed    | 1009      |
|    total_timesteps | 530000    |
| train/             |           |
|    actor_loss      | -5.86e+04 |
|    critic_loss     | 2.97e+07  |
|    ent_coef        | 50.6      |
|    ent_coef_loss   | 5.83      |
|    learning_rate   | 0.0055    |
|    n_updates       | 132474    |
----------------------------------
----------------------------------
| rollout/           |           |
|    ep_len_mean     | 10.6      |
|    ep_rew_mean     | 1.27e+05  |
| time/              |           |
|    episodes        | 37068     |
|    fps             | 524       |
|    time_elapsed    | 1029      |
|    total_timesteps | 540000    |
| train/             |           |
|    actor_loss      | -6.47e+04 |
|    critic_loss     | 1.78e+07  |
|    ent_coef        | 55.5      |
|    ent_coef_loss   | 0.424     |
|    learning_rate   | 0.0055    |
|    n_updates       | 134974    |
----------------------------------
----------------------------------
| rollout/           |           |
|    ep_len_mean     | 20.2      |
|    ep_rew_mean     | -2.75e+05 |
| time/              |           |
|    episodes        | 37928     |
|    fps             | 524       |
|    time_elapsed    | 1049      |
|    total_timesteps | 550000    |
| train/             |           |
|    actor_loss      | -2.18e+04 |
|    critic_loss     | 2.18e+08  |
|    ent_coef        | 553       |
|    ent_coef_loss   | -60.4     |
|    learning_rate   | 0.0055    |
|    n_updates       | 137474    |
----------------------------------
---------------------------------
| rollout/           |          |
|    ep_len_mean     | 11.3     |
|    ep_rew_mean     | 1.33e+05 |
| time/              |          |
|    episodes        | 38631    |
|    fps             | 523      |
|    time_elapsed    | 1068     |
|    total_timesteps | 560000   |
| train/             |          |
|    actor_loss      | -3.7e+04 |
|    critic_loss     | 6.22e+07 |
|    ent_coef        | 200      |
|    ent_coef_loss   | 37       |
|    learning_rate   | 0.0055   |
|    n_updates       | 139974   |
---------------------------------
----------------------------------
| rollout/           |           |
|    ep_len_mean     | 9.54      |
|    ep_rew_mean     | 1.34e+05  |
| time/              |           |
|    episodes        | 39599     |
|    fps             | 523       |
|    time_elapsed    | 1088      |
|    total_timesteps | 570000    |
| train/             |           |
|    actor_loss      | -6.46e+04 |
|    critic_loss     | 2.47e+07  |
|    ent_coef        | 43.9      |
|    ent_coef_loss   | -3.49     |
|    learning_rate   | 0.0055    |
|    n_updates       | 142474    |
----------------------------------
----------------------------------
| rollout/           |           |
|    ep_len_mean     | 10.1      |
|    ep_rew_mean     | 1.33e+05  |
| time/              |           |
|    episodes        | 40409     |
|    fps             | 523       |
|    time_elapsed    | 1108      |
|    total_timesteps | 580000    |
| train/             |           |
|    actor_loss      | -5.82e+04 |
|    critic_loss     | 4.84e+07  |
|    ent_coef        | 108       |
|    ent_coef_loss   | 27.2      |
|    learning_rate   | 0.0055    |
|    n_updates       | 144974    |
----------------------------------
----------------------------------
| rollout/           |           |
|    ep_len_mean     | 11.4      |
|    ep_rew_mean     | 1.34e+05  |
| time/              |           |
|    episodes        | 41281     |
|    fps             | 522       |
|    time_elapsed    | 1128      |
|    total_timesteps | 590000    |
| train/             |           |
|    actor_loss      | -8.21e+04 |
|    critic_loss     | 1.18e+08  |
|    ent_coef        | 99.3      |
|    ent_coef_loss   | 6.49      |
|    learning_rate   | 0.0055    |
|    n_updates       | 147474    |
----------------------------------
----------------------------------
| rollout/           |           |
|    ep_len_mean     | 24.7      |
|    ep_rew_mean     | -2.51e+05 |
| time/              |           |
|    episodes        | 41987     |
|    fps             | 522       |
|    time_elapsed    | 1149      |
|    total_timesteps | 600000    |
| train/             |           |
|    actor_loss      | -4.21e+04 |
|    critic_loss     | 6.7e+07   |
|    ent_coef        | 421       |
|    ent_coef_loss   | -18.1     |
|    learning_rate   | 0.0055    |
|    n_updates       | 149974    |
----------------------------------
----------------------------------
| rollout/           |           |
|    ep_len_mean     | 9.4       |
|    ep_rew_mean     | 1.33e+05  |
| time/              |           |
|    episodes        | 42824     |
|    fps             | 521       |
|    time_elapsed    | 1169      |
|    total_timesteps | 610000    |
| train/             |           |
|    actor_loss      | -7.09e+04 |
|    critic_loss     | 1.53e+07  |
|    ent_coef        | 67.3      |
|    ent_coef_loss   | 3.96      |
|    learning_rate   | 0.0055    |
|    n_updates       | 152474    |
----------------------------------
----------------------------------
| rollout/           |           |
|    ep_len_mean     | 9.73      |
|    ep_rew_mean     | 1.33e+05  |
| time/              |           |
|    episodes        | 43833     |
|    fps             | 521       |
|    time_elapsed    | 1189      |
|    total_timesteps | 620000    |
| train/             |           |
|    actor_loss      | -7.44e+04 |
|    critic_loss     | 2.09e+07  |
|    ent_coef        | 51.1      |
|    ent_coef_loss   | -18.9     |
|    learning_rate   | 0.0055    |
|    n_updates       | 154974    |
----------------------------------
----------------------------------
| rollout/           |           |
|    ep_len_mean     | 9.51      |
|    ep_rew_mean     | 1.29e+05  |
| time/              |           |
|    episodes        | 44749     |
|    fps             | 520       |
|    time_elapsed    | 1210      |
|    total_timesteps | 630000    |
| train/             |           |
|    actor_loss      | -7.53e+04 |
|    critic_loss     | 5.62e+07  |
|    ent_coef        | 61        |
|    ent_coef_loss   | -61.3     |
|    learning_rate   | 0.0055    |
|    n_updates       | 157474    |
----------------------------------
---------------------------------
| rollout/           |          |
|    ep_len_mean     | 21.2     |
|    ep_rew_mean     | 1.41e+04 |
| time/              |          |
|    episodes        | 45137    |
|    fps             | 519      |
|    time_elapsed    | 1230     |
|    total_timesteps | 640000   |
| train/             |          |
|    actor_loss      | 4.57e+04 |
|    critic_loss     | 4.79e+08 |
|    ent_coef        | 1.21e+03 |
|    ent_coef_loss   | 48.5     |
|    learning_rate   | 0.0055   |
|    n_updates       | 159974   |
---------------------------------
----------------------------------
| rollout/           |           |
|    ep_len_mean     | 10.7      |
|    ep_rew_mean     | 1.34e+05  |
| time/              |           |
|    episodes        | 45919     |
|    fps             | 519       |
|    time_elapsed    | 1251      |
|    total_timesteps | 650000    |
| train/             |           |
|    actor_loss      | -6.42e+04 |
|    critic_loss     | 9.28e+07  |
|    ent_coef        | 108       |
|    ent_coef_loss   | 15.7      |
|    learning_rate   | 0.0055    |
|    n_updates       | 162474    |
----------------------------------
----------------------------------
| rollout/           |           |
|    ep_len_mean     | 10        |
|    ep_rew_mean     | 1.34e+05  |
| time/              |           |
|    episodes        | 46926     |
|    fps             | 519       |
|    time_elapsed    | 1271      |
|    total_timesteps | 660000    |
| train/             |           |
|    actor_loss      | -7.37e+04 |
|    critic_loss     | 3.26e+07  |
|    ent_coef        | 64.4      |
|    ent_coef_loss   | 3.56      |
|    learning_rate   | 0.0055    |
|    n_updates       | 164974    |
----------------------------------
----------------------------------
| rollout/           |           |
|    ep_len_mean     | 14.4      |
|    ep_rew_mean     | -2.09e+04 |
| time/              |           |
|    episodes        | 47867     |
|    fps             | 518       |
|    time_elapsed    | 1291      |
|    total_timesteps | 670000    |
| train/             |           |
|    actor_loss      | -3.59e+04 |
|    critic_loss     | 3.3e+08   |
|    ent_coef        | 146       |
|    ent_coef_loss   | -115      |
|    learning_rate   | 0.0055    |
|    n_updates       | 167474    |
----------------------------------
----------------------------------
| rollout/           |           |
|    ep_len_mean     | 17        |
|    ep_rew_mean     | 2.49e+04  |
| time/              |           |
|    episodes        | 48273     |
|    fps             | 518       |
|    time_elapsed    | 1311      |
|    total_timesteps | 680000    |
| train/             |           |
|    actor_loss      | -2.72e+04 |
|    critic_loss     | 1.05e+08  |
|    ent_coef        | 330       |
|    ent_coef_loss   | 23.6      |
|    learning_rate   | 0.0055    |
|    n_updates       | 169974    |
----------------------------------
----------------------------------
| rollout/           |           |
|    ep_len_mean     | 17.3      |
|    ep_rew_mean     | 7.46e+03  |
| time/              |           |
|    episodes        | 49082     |
|    fps             | 518       |
|    time_elapsed    | 1331      |
|    total_timesteps | 690000    |
| train/             |           |
|    actor_loss      | -6.33e+04 |
|    critic_loss     | 2.19e+07  |
|    ent_coef        | 94.3      |
|    ent_coef_loss   | -11.4     |
|    learning_rate   | 0.0055    |
|    n_updates       | 172474    |
----------------------------------
----------------------------------
| rollout/           |           |
|    ep_len_mean     | 9.95      |
|    ep_rew_mean     | 1.34e+05  |
| time/              |           |
|    episodes        | 49944     |
|    fps             | 517       |
|    time_elapsed    | 1351      |
|    total_timesteps | 700000    |
| train/             |           |
|    actor_loss      | -6.83e+04 |
|    critic_loss     | 2.94e+07  |
|    ent_coef        | 65        |
|    ent_coef_loss   | 7.06      |
|    learning_rate   | 0.0055    |
|    n_updates       | 174974    |
----------------------------------
----------------------------------
| rollout/           |           |
|    ep_len_mean     | 17.6      |
|    ep_rew_mean     | -1.84e+05 |
| time/              |           |
|    episodes        | 50457     |
|    fps             | 517       |
|    time_elapsed    | 1371      |
|    total_timesteps | 710000    |
| train/             |           |
|    actor_loss      | 1.65e+05  |
|    critic_loss     | 2.08e+09  |
|    ent_coef        | 3.11e+03  |
|    ent_coef_loss   | -65.8     |
|    learning_rate   | 0.0055    |
|    n_updates       | 177474    |
----------------------------------
----------------------------------
| rollout/           |           |
|    ep_len_mean     | 16.9      |
|    ep_rew_mean     | 1.93e+04  |
| time/              |           |
|    episodes        | 51088     |
|    fps             | 517       |
|    time_elapsed    | 1391      |
|    total_timesteps | 720000    |
| train/             |           |
|    actor_loss      | -1.22e+03 |
|    critic_loss     | 1.29e+08  |
|    ent_coef        | 273       |
|    ent_coef_loss   | 28.1      |
|    learning_rate   | 0.0055    |
|    n_updates       | 179974    |
----------------------------------
----------------------------------
| rollout/           |           |
|    ep_len_mean     | 10        |
|    ep_rew_mean     | 1.24e+05  |
| time/              |           |
|    episodes        | 52012     |
|    fps             | 517       |
|    time_elapsed    | 1411      |
|    total_timesteps | 730000    |
| train/             |           |
|    actor_loss      | -5.54e+04 |
|    critic_loss     | 4.41e+07  |
|    ent_coef        | 47.5      |
|    ent_coef_loss   | 6.51      |
|    learning_rate   | 0.0055    |
|    n_updates       | 182474    |
----------------------------------
----------------------------------
| rollout/           |           |
|    ep_len_mean     | 11.2      |
|    ep_rew_mean     | 1.34e+05  |
| time/              |           |
|    episodes        | 52938     |
|    fps             | 516       |
|    time_elapsed    | 1431      |
|    total_timesteps | 740000    |
| train/             |           |
|    actor_loss      | -6.98e+04 |
|    critic_loss     | 3e+07     |
|    ent_coef        | 56.9      |
|    ent_coef_loss   | 5.36      |
|    learning_rate   | 0.0055    |
|    n_updates       | 184974    |
----------------------------------
----------------------------------
| rollout/           |           |
|    ep_len_mean     | 11.5      |
|    ep_rew_mean     | 9.98e+04  |
| time/              |           |
|    episodes        | 53538     |
|    fps             | 516       |
|    time_elapsed    | 1451      |
|    total_timesteps | 750000    |
| train/             |           |
|    actor_loss      | -1.82e+04 |
|    critic_loss     | 7.08e+07  |
|    ent_coef        | 530       |
|    ent_coef_loss   | 54.5      |
|    learning_rate   | 0.0055    |
|    n_updates       | 187474    |
----------------------------------
---------------------------------
| rollout/           |          |
|    ep_len_mean     | 11.6     |
|    ep_rew_mean     | 1.33e+05 |
| time/              |          |
|    episodes        | 54427    |
|    fps             | 516      |
|    time_elapsed    | 1471     |
|    total_timesteps | 760000   |
| train/             |          |
|    actor_loss      | -7.1e+04 |
|    critic_loss     | 2.88e+07 |
|    ent_coef        | 74.1     |
|    ent_coef_loss   | 4.2      |
|    learning_rate   | 0.0055   |
|    n_updates       | 189974   |
---------------------------------
---------------------------------
| rollout/           |          |
|    ep_len_mean     | 12.2     |
|    ep_rew_mean     | 5.89e+04 |
| time/              |          |
|    episodes        | 55281    |
|    fps             | 516      |
|    time_elapsed    | 1491     |
|    total_timesteps | 770000   |
| train/             |          |
|    actor_loss      | -5.1e+04 |
|    critic_loss     | 3.76e+07 |
|    ent_coef        | 223      |
|    ent_coef_loss   | -10.9    |
|    learning_rate   | 0.0055   |
|    n_updates       | 192474   |
---------------------------------
---------------------------------
| rollout/           |          |
|    ep_len_mean     | 12.2     |
|    ep_rew_mean     | 1.31e+05 |
| time/              |          |
|    episodes        | 56088    |
|    fps             | 515      |
|    time_elapsed    | 1512     |
|    total_timesteps | 780000   |
| train/             |          |
|    actor_loss      | -6e+04   |
|    critic_loss     | 2.52e+07 |
|    ent_coef        | 450      |
|    ent_coef_loss   | 62.4     |
|    learning_rate   | 0.0055   |
|    n_updates       | 194974   |
---------------------------------
----------------------------------
| rollout/           |           |
|    ep_len_mean     | 28.8      |
|    ep_rew_mean     | -3.08e+05 |
| time/              |           |
|    episodes        | 56716     |
|    fps             | 515       |
|    time_elapsed    | 1532      |
|    total_timesteps | 790000    |
| train/             |           |
|    actor_loss      | 6.81e+04  |
|    critic_loss     | 7.72e+08  |
|    ent_coef        | 1.11e+03  |
|    ent_coef_loss   | -74.7     |
|    learning_rate   | 0.0055    |
|    n_updates       | 197474    |
----------------------------------
---------------------------------
| rollout/           |          |
|    ep_len_mean     | 13.1     |
|    ep_rew_mean     | 9.38e+04 |
| time/              |          |
|    episodes        | 57402    |
|    fps             | 515      |
|    time_elapsed    | 1553     |
|    total_timesteps | 800000   |
| train/             |          |
|    actor_loss      | -5.4e+04 |
|    critic_loss     | 7.45e+07 |
|    ent_coef        | 145      |
|    ent_coef_loss   | -10.5    |
|    learning_rate   | 0.0055   |
|    n_updates       | 199974   |
---------------------------------
----------------------------------
| rollout/           |           |
|    ep_len_mean     | 10.5      |
|    ep_rew_mean     | 1.34e+05  |
| time/              |           |
|    episodes        | 58229     |
|    fps             | 514       |
|    time_elapsed    | 1573      |
|    total_timesteps | 810000    |
| train/             |           |
|    actor_loss      | -7.79e+04 |
|    critic_loss     | 3.15e+07  |
|    ent_coef        | 52.5      |
|    ent_coef_loss   | 1.34      |
|    learning_rate   | 0.0055    |
|    n_updates       | 202474    |
----------------------------------
----------------------------------
| rollout/           |           |
|    ep_len_mean     | 9.95      |
|    ep_rew_mean     | 1.34e+05  |
| time/              |           |
|    episodes        | 59191     |
|    fps             | 514       |
|    time_elapsed    | 1592      |
|    total_timesteps | 820000    |
| train/             |           |
|    actor_loss      | -8.45e+04 |
|    critic_loss     | 5.85e+07  |
|    ent_coef        | 45.7      |
|    ent_coef_loss   | 2.58      |
|    learning_rate   | 0.0055    |
|    n_updates       | 204974    |
----------------------------------
----------------------------------
| rollout/           |           |
|    ep_len_mean     | 15.1      |
|    ep_rew_mean     | -2.59e+05 |
| time/              |           |
|    episodes        | 60022     |
|    fps             | 514       |
|    time_elapsed    | 1613      |
|    total_timesteps | 830000    |
| train/             |           |
|    actor_loss      | 4.31e+05  |
|    critic_loss     | 8.71e+09  |
|    ent_coef        | 5.35e+03  |
|    ent_coef_loss   | -125      |
|    learning_rate   | 0.0055    |
|    n_updates       | 207474    |
----------------------------------
----------------------------------
| rollout/           |           |
|    ep_len_mean     | 14.2      |
|    ep_rew_mean     | -9.43e+04 |
| time/              |           |
|    episodes        | 60512     |
|    fps             | 514       |
|    time_elapsed    | 1633      |
|    total_timesteps | 840000    |
| train/             |           |
|    actor_loss      | 6.28e+05  |
|    critic_loss     | 1.35e+10  |
|    ent_coef        | 1.2e+04   |
|    ent_coef_loss   | 115       |
|    learning_rate   | 0.0055    |
|    n_updates       | 209974    |
----------------------------------
---------------------------------
| rollout/           |          |
|    ep_len_mean     | 11.3     |
|    ep_rew_mean     | -4.3e+04 |
| time/              |          |
|    episodes        | 61182    |
|    fps             | 514      |
|    time_elapsed    | 1653     |
|    total_timesteps | 850000   |
| train/             |          |
|    actor_loss      | 4.13e+05 |
|    critic_loss     | 2.18e+09 |
|    ent_coef        | 1.41e+03 |
|    ent_coef_loss   | 74.5     |
|    learning_rate   | 0.0055   |
|    n_updates       | 212474   |
---------------------------------
---------------------------------
| rollout/           |          |
|    ep_len_mean     | 11       |
|    ep_rew_mean     | 9.41e+04 |
| time/              |          |
|    episodes        | 62034    |
|    fps             | 514      |
|    time_elapsed    | 1673     |
|    total_timesteps | 860000   |
| train/             |          |
|    actor_loss      | 1.9e+05  |
|    critic_loss     | 9.13e+08 |
|    ent_coef        | 186      |
|    ent_coef_loss   | 25       |
|    learning_rate   | 0.0055   |
|    n_updates       | 214974   |
---------------------------------
---------------------------------
| rollout/           |          |
|    ep_len_mean     | 29.3     |
|    ep_rew_mean     | -1.7e+05 |
| time/              |          |
|    episodes        | 62747    |
|    fps             | 513      |
|    time_elapsed    | 1692     |
|    total_timesteps | 870000   |
| train/             |          |
|    actor_loss      | 5.12e+04 |
|    critic_loss     | 2.99e+08 |
|    ent_coef        | 203      |
|    ent_coef_loss   | 0.859    |
|    learning_rate   | 0.0055   |
|    n_updates       | 217474   |
---------------------------------
----------------------------------
| rollout/           |           |
|    ep_len_mean     | 10.8      |
|    ep_rew_mean     | 1.23e+05  |
| time/              |           |
|    episodes        | 63598     |
|    fps             | 513       |
|    time_elapsed    | 1712      |
|    total_timesteps | 880000    |
| train/             |           |
|    actor_loss      | -1.66e+04 |
|    critic_loss     | 1.5e+08   |
|    ent_coef        | 351       |
|    ent_coef_loss   | 27.9      |
|    learning_rate   | 0.0055    |
|    n_updates       | 219974    |
----------------------------------
----------------------------------
| rollout/           |           |
|    ep_len_mean     | 19.6      |
|    ep_rew_mean     | 1.3e+05   |
| time/              |           |
|    episodes        | 64297     |
|    fps             | 513       |
|    time_elapsed    | 1733      |
|    total_timesteps | 890000    |
| train/             |           |
|    actor_loss      | -4.67e+04 |
|    critic_loss     | 4.86e+07  |
|    ent_coef        | 136       |
|    ent_coef_loss   | 9.89      |
|    learning_rate   | 0.0055    |
|    n_updates       | 222474    |
----------------------------------
----------------------------------
| rollout/           |           |
|    ep_len_mean     | 28.3      |
|    ep_rew_mean     | -5.37e+05 |
| time/              |           |
|    episodes        | 64858     |
|    fps             | 513       |
|    time_elapsed    | 1753      |
|    total_timesteps | 900000    |
| train/             |           |
|    actor_loss      | 1.64e+05  |
|    critic_loss     | 9.3e+08   |
|    ent_coef        | 2.68e+03  |
|    ent_coef_loss   | 6.3       |
|    learning_rate   | 0.0055    |
|    n_updates       | 224974    |
----------------------------------
---------------------------------
| rollout/           |          |
|    ep_len_mean     | 17.2     |
|    ep_rew_mean     | 9.57e+04 |
| time/              |          |
|    episodes        | 65444    |
|    fps             | 513      |
|    time_elapsed    | 1773     |
|    total_timesteps | 910000   |
| train/             |          |
|    actor_loss      | 8.7e+04  |
|    critic_loss     | 5.53e+08 |
|    ent_coef        | 653      |
|    ent_coef_loss   | -243     |
|    learning_rate   | 0.0055   |
|    n_updates       | 227474   |
---------------------------------
----------------------------------
| rollout/           |           |
|    ep_len_mean     | 11.8      |
|    ep_rew_mean     | 1.32e+05  |
| time/              |           |
|    episodes        | 65941     |
|    fps             | 513       |
|    time_elapsed    | 1793      |
|    total_timesteps | 920000    |
| train/             |           |
|    actor_loss      | -2.26e+04 |
|    critic_loss     | 1.29e+08  |
|    ent_coef        | 160       |
|    ent_coef_loss   | 35.5      |
|    learning_rate   | 0.0055    |
|    n_updates       | 229974    |
----------------------------------
----------------------------------
| rollout/           |           |
|    ep_len_mean     | 11.5      |
|    ep_rew_mean     | 1.33e+05  |
| time/              |           |
|    episodes        | 66832     |
|    fps             | 512       |
|    time_elapsed    | 1813      |
|    total_timesteps | 930000    |
| train/             |           |
|    actor_loss      | -5.66e+04 |
|    critic_loss     | 7.22e+07  |
|    ent_coef        | 54.2      |
|    ent_coef_loss   | 0.448     |
|    learning_rate   | 0.0055    |
|    n_updates       | 232474    |
----------------------------------
----------------------------------
| rollout/           |           |
|    ep_len_mean     | 32.2      |
|    ep_rew_mean     | -1.88e+05 |
| time/              |           |
|    episodes        | 67549     |
|    fps             | 512       |
|    time_elapsed    | 1832      |
|    total_timesteps | 940000    |
| train/             |           |
|    actor_loss      | 3.03e+04  |
|    critic_loss     | 4.94e+08  |
|    ent_coef        | 597       |
|    ent_coef_loss   | -86.3     |
|    learning_rate   | 0.0055    |
|    n_updates       | 234974    |
----------------------------------
---------------------------------
| rollout/           |          |
|    ep_len_mean     | 12.1     |
|    ep_rew_mean     | 1.3e+05  |
| time/              |          |
|    episodes        | 68029    |
|    fps             | 512      |
|    time_elapsed    | 1852     |
|    total_timesteps | 950000   |
| train/             |          |
|    actor_loss      | 2.06e+04 |
|    critic_loss     | 3.5e+08  |
|    ent_coef        | 371      |
|    ent_coef_loss   | 50.3     |
|    learning_rate   | 0.0055   |
|    n_updates       | 237474   |
---------------------------------
----------------------------------
| rollout/           |           |
|    ep_len_mean     | 11.7      |
|    ep_rew_mean     | 1.31e+05  |
| time/              |           |
|    episodes        | 68970     |
|    fps             | 512       |
|    time_elapsed    | 1872      |
|    total_timesteps | 960000    |
| train/             |           |
|    actor_loss      | -3.58e+04 |
|    critic_loss     | 1.38e+08  |
|    ent_coef        | 72.4      |
|    ent_coef_loss   | -0.799    |
|    learning_rate   | 0.0055    |
|    n_updates       | 239974    |
----------------------------------
----------------------------------
| rollout/           |           |
|    ep_len_mean     | 16.4      |
|    ep_rew_mean     | 6.09e+04  |
| time/              |           |
|    episodes        | 69778     |
|    fps             | 512       |
|    time_elapsed    | 1892      |
|    total_timesteps | 970000    |
| train/             |           |
|    actor_loss      | -2.92e+04 |
|    critic_loss     | 8.44e+07  |
|    ent_coef        | 271       |
|    ent_coef_loss   | 24.4      |
|    learning_rate   | 0.0055    |
|    n_updates       | 242474    |
----------------------------------
----------------------------------
| rollout/           |           |
|    ep_len_mean     | 11.3      |
|    ep_rew_mean     | 1.33e+05  |
| time/              |           |
|    episodes        | 70616     |
|    fps             | 512       |
|    time_elapsed    | 1912      |
|    total_timesteps | 980000    |
| train/             |           |
|    actor_loss      | -8.72e+04 |
|    critic_loss     | 3.67e+07  |
|    ent_coef        | 43.3      |
|    ent_coef_loss   | 3.85      |
|    learning_rate   | 0.0055    |
|    n_updates       | 244974    |
----------------------------------
----------------------------------
| rollout/           |           |
|    ep_len_mean     | 29.1      |
|    ep_rew_mean     | -1.98e+05 |
| time/              |           |
|    episodes        | 71062     |
|    fps             | 512       |
|    time_elapsed    | 1932      |
|    total_timesteps | 990000    |
| train/             |           |
|    actor_loss      | 8.2e+05   |
|    critic_loss     | 9.34e+10  |
|    ent_coef        | 1.21e+04  |
|    ent_coef_loss   | 96.7      |
|    learning_rate   | 0.0055    |
|    n_updates       | 247474    |
----------------------------------
----------------------------------
| rollout/           |           |
|    ep_len_mean     | 23.1      |
|    ep_rew_mean     | -4.11e+04 |
| time/              |           |
|    episodes        | 71423     |
|    fps             | 512       |
|    time_elapsed    | 1952      |
|    total_timesteps | 1000000   |
| train/             |           |
|    actor_loss      | 1.64e+05  |
|    critic_loss     | 4.86e+09  |
|    ent_coef        | 2.43e+03  |
|    ent_coef_loss   | 116       |
|    learning_rate   | 0.0055    |
|    n_updates       | 249974    |
----------------------------------
Training ended on Wed Jan 28 00:06:09 2026
Training lasted 0:32:32.427069
