Logging to training_random_logs/4_robots/logs/CrossQ_set6
Using cuda device
Training started on Tue Jan 27 23:33:47 2026
Experiment configuration: {'algorithm': 'CrossQ', 'set': 6, 'verbose': 1, 'steps': 1000000, 'num_robots': 4, 'num_envs': 4, 'seed': 33, 'log_steps': 10000, 'resume': False, 'device': 'cuda'}
----------------------------------
| rollout/           |           |
|    ep_len_mean     | 24        |
|    ep_rew_mean     | -1.31e+05 |
| time/              |           |
|    episodes        | 288       |
|    fps             | 186       |
|    time_elapsed    | 53        |
|    total_timesteps | 10000     |
| train/             |           |
|    actor_loss      | 1.79e+04  |
|    critic_loss     | 5.84e+07  |
|    ent_coef        | 27.9      |
|    ent_coef_loss   | -51.1     |
|    learning_rate   | 0.0055    |
|    n_updates       | 2474      |
----------------------------------
----------------------------------
| rollout/           |           |
|    ep_len_mean     | 38.1      |
|    ep_rew_mean     | -1.37e+05 |
| time/              |           |
|    episodes        | 644       |
|    fps             | 186       |
|    time_elapsed    | 107       |
|    total_timesteps | 20000     |
| train/             |           |
|    actor_loss      | 2.09e+04  |
|    critic_loss     | 1.16e+08  |
|    ent_coef        | 66.8      |
|    ent_coef_loss   | -7        |
|    learning_rate   | 0.0055    |
|    n_updates       | 4974      |
----------------------------------
----------------------------------
| rollout/           |           |
|    ep_len_mean     | 46.3      |
|    ep_rew_mean     | -1.17e+05 |
| time/              |           |
|    episodes        | 891       |
|    fps             | 186       |
|    time_elapsed    | 160       |
|    total_timesteps | 30000     |
| train/             |           |
|    actor_loss      | 2.07e+04  |
|    critic_loss     | 1.34e+08  |
|    ent_coef        | 73.5      |
|    ent_coef_loss   | 1.16      |
|    learning_rate   | 0.0055    |
|    n_updates       | 7474      |
----------------------------------
----------------------------------
| rollout/           |           |
|    ep_len_mean     | 66.3      |
|    ep_rew_mean     | -1.36e+05 |
| time/              |           |
|    episodes        | 1065      |
|    fps             | 186       |
|    time_elapsed    | 214       |
|    total_timesteps | 40000     |
| train/             |           |
|    actor_loss      | 1.32e+04  |
|    critic_loss     | 1.12e+08  |
|    ent_coef        | 56        |
|    ent_coef_loss   | 3.24      |
|    learning_rate   | 0.0055    |
|    n_updates       | 9974      |
----------------------------------
---------------------------------
| rollout/           |          |
|    ep_len_mean     | 92.6     |
|    ep_rew_mean     | -1.3e+05 |
| time/              |          |
|    episodes        | 1167     |
|    fps             | 186      |
|    time_elapsed    | 267      |
|    total_timesteps | 50000    |
| train/             |          |
|    actor_loss      | 8.12e+03 |
|    critic_loss     | 8.03e+07 |
|    ent_coef        | 43.2     |
|    ent_coef_loss   | 0.555    |
|    learning_rate   | 0.0055   |
|    n_updates       | 12474    |
---------------------------------
----------------------------------
| rollout/           |           |
|    ep_len_mean     | 54.6      |
|    ep_rew_mean     | -3.46e+05 |
| time/              |           |
|    episodes        | 1322      |
|    fps             | 186       |
|    time_elapsed    | 321       |
|    total_timesteps | 60000     |
| train/             |           |
|    actor_loss      | 1.05e+04  |
|    critic_loss     | 7.08e+07  |
|    ent_coef        | 56        |
|    ent_coef_loss   | -3.28     |
|    learning_rate   | 0.0055    |
|    n_updates       | 14974     |
----------------------------------
----------------------------------
| rollout/           |           |
|    ep_len_mean     | 103       |
|    ep_rew_mean     | -1.69e+05 |
| time/              |           |
|    episodes        | 1413      |
|    fps             | 186       |
|    time_elapsed    | 374       |
|    total_timesteps | 70000     |
| train/             |           |
|    actor_loss      | 5.9e+03   |
|    critic_loss     | 9.81e+07  |
|    ent_coef        | 47.6      |
|    ent_coef_loss   | 2.25      |
|    learning_rate   | 0.0055    |
|    n_updates       | 17474     |
----------------------------------
---------------------------------
| rollout/           |          |
|    ep_len_mean     | 49       |
|    ep_rew_mean     | -2.2e+05 |
| time/              |          |
|    episodes        | 1550     |
|    fps             | 186      |
|    time_elapsed    | 428      |
|    total_timesteps | 80000    |
| train/             |          |
|    actor_loss      | 1.86e+04 |
|    critic_loss     | 1.22e+08 |
|    ent_coef        | 80.4     |
|    ent_coef_loss   | 14       |
|    learning_rate   | 0.0055   |
|    n_updates       | 19974    |
---------------------------------
----------------------------------
| rollout/           |           |
|    ep_len_mean     | 147       |
|    ep_rew_mean     | -3.29e+05 |
| time/              |           |
|    episodes        | 1597      |
|    fps             | 186       |
|    time_elapsed    | 481       |
|    total_timesteps | 90000     |
| train/             |           |
|    actor_loss      | 9e+03     |
|    critic_loss     | 2.76e+07  |
|    ent_coef        | 59        |
|    ent_coef_loss   | 2.78      |
|    learning_rate   | 0.0055    |
|    n_updates       | 22474     |
----------------------------------
----------------------------------
| rollout/           |           |
|    ep_len_mean     | 160       |
|    ep_rew_mean     | -2.67e+05 |
| time/              |           |
|    episodes        | 1666      |
|    fps             | 186       |
|    time_elapsed    | 535       |
|    total_timesteps | 100000    |
| train/             |           |
|    actor_loss      | 1.03e+04  |
|    critic_loss     | 3.14e+07  |
|    ent_coef        | 48.8      |
|    ent_coef_loss   | 9.49      |
|    learning_rate   | 0.0055    |
|    n_updates       | 24974     |
----------------------------------
----------------------------------
| rollout/           |           |
|    ep_len_mean     | 190       |
|    ep_rew_mean     | -3.36e+05 |
| time/              |           |
|    episodes        | 1706      |
|    fps             | 186       |
|    time_elapsed    | 588       |
|    total_timesteps | 110000    |
| train/             |           |
|    actor_loss      | -3.82e+03 |
|    critic_loss     | 8.92e+07  |
|    ent_coef        | 35.2      |
|    ent_coef_loss   | 0.25      |
|    learning_rate   | 0.0055    |
|    n_updates       | 27474     |
----------------------------------
----------------------------------
| rollout/           |           |
|    ep_len_mean     | 122       |
|    ep_rew_mean     | -3.18e+05 |
| time/              |           |
|    episodes        | 1799      |
|    fps             | 186       |
|    time_elapsed    | 642       |
|    total_timesteps | 120000    |
| train/             |           |
|    actor_loss      | 7.23e+03  |
|    critic_loss     | 5.28e+07  |
|    ent_coef        | 42.7      |
|    ent_coef_loss   | 0.0361    |
|    learning_rate   | 0.0055    |
|    n_updates       | 29974     |
----------------------------------
----------------------------------
| rollout/           |           |
|    ep_len_mean     | 55.1      |
|    ep_rew_mean     | -2.92e+05 |
| time/              |           |
|    episodes        | 1923      |
|    fps             | 186       |
|    time_elapsed    | 695       |
|    total_timesteps | 130000    |
| train/             |           |
|    actor_loss      | 3.3e+04   |
|    critic_loss     | 2.46e+07  |
|    ent_coef        | 84.3      |
|    ent_coef_loss   | 25.4      |
|    learning_rate   | 0.0055    |
|    n_updates       | 32474     |
----------------------------------
----------------------------------
| rollout/           |           |
|    ep_len_mean     | 103       |
|    ep_rew_mean     | -3.96e+05 |
| time/              |           |
|    episodes        | 1996      |
|    fps             | 186       |
|    time_elapsed    | 748       |
|    total_timesteps | 140000    |
| train/             |           |
|    actor_loss      | 2.67e+04  |
|    critic_loss     | 1.02e+08  |
|    ent_coef        | 32.1      |
|    ent_coef_loss   | -12.5     |
|    learning_rate   | 0.0055    |
|    n_updates       | 34974     |
----------------------------------
----------------------------------
| rollout/           |           |
|    ep_len_mean     | 190       |
|    ep_rew_mean     | -4.04e+05 |
| time/              |           |
|    episodes        | 2017      |
|    fps             | 186       |
|    time_elapsed    | 802       |
|    total_timesteps | 150000    |
| train/             |           |
|    actor_loss      | 7.79e+03  |
|    critic_loss     | 2e+07     |
|    ent_coef        | 23.8      |
|    ent_coef_loss   | 0.448     |
|    learning_rate   | 0.0055    |
|    n_updates       | 37474     |
----------------------------------
----------------------------------
| rollout/           |           |
|    ep_len_mean     | 269       |
|    ep_rew_mean     | -4.01e+05 |
| time/              |           |
|    episodes        | 2038      |
|    fps             | 186       |
|    time_elapsed    | 856       |
|    total_timesteps | 160000    |
| train/             |           |
|    actor_loss      | 1.07e+04  |
|    critic_loss     | 1.6e+07   |
|    ent_coef        | 61.4      |
|    ent_coef_loss   | 3.99      |
|    learning_rate   | 0.0055    |
|    n_updates       | 39974     |
----------------------------------
---------------------------------
| rollout/           |          |
|    ep_len_mean     | 83.6     |
|    ep_rew_mean     | -7.9e+05 |
| time/              |          |
|    episodes        | 2143     |
|    fps             | 186      |
|    time_elapsed    | 909      |
|    total_timesteps | 170000   |
| train/             |          |
|    actor_loss      | 1.58e+04 |
|    critic_loss     | 8e+06    |
|    ent_coef        | 33.9     |
|    ent_coef_loss   | 24.4     |
|    learning_rate   | 0.0055   |
|    n_updates       | 42474    |
---------------------------------
----------------------------------
| rollout/           |           |
|    ep_len_mean     | 153       |
|    ep_rew_mean     | -4.47e+05 |
| time/              |           |
|    episodes        | 2192      |
|    fps             | 186       |
|    time_elapsed    | 963       |
|    total_timesteps | 180000    |
| train/             |           |
|    actor_loss      | 3.78e+04  |
|    critic_loss     | 2.45e+07  |
|    ent_coef        | 135       |
|    ent_coef_loss   | -96.6     |
|    learning_rate   | 0.0055    |
|    n_updates       | 44974     |
----------------------------------
----------------------------------
| rollout/           |           |
|    ep_len_mean     | 76.6      |
|    ep_rew_mean     | -4.45e+05 |
| time/              |           |
|    episodes        | 2325      |
|    fps             | 186       |
|    time_elapsed    | 1017      |
|    total_timesteps | 190000    |
| train/             |           |
|    actor_loss      | 3.03e+04  |
|    critic_loss     | 2.02e+07  |
|    ent_coef        | 84.6      |
|    ent_coef_loss   | 37.6      |
|    learning_rate   | 0.0055    |
|    n_updates       | 47474     |
----------------------------------
----------------------------------
| rollout/           |           |
|    ep_len_mean     | 74        |
|    ep_rew_mean     | -1.94e+05 |
| time/              |           |
|    episodes        | 2439      |
|    fps             | 186       |
|    time_elapsed    | 1070      |
|    total_timesteps | 200000    |
| train/             |           |
|    actor_loss      | 1.34e+04  |
|    critic_loss     | 6.63e+07  |
|    ent_coef        | 90.3      |
|    ent_coef_loss   | 34.5      |
|    learning_rate   | 0.0055    |
|    n_updates       | 49974     |
----------------------------------
----------------------------------
| rollout/           |           |
|    ep_len_mean     | 135       |
|    ep_rew_mean     | -1.34e+05 |
| time/              |           |
|    episodes        | 2479      |
|    fps             | 186       |
|    time_elapsed    | 1124      |
|    total_timesteps | 210000    |
| train/             |           |
|    actor_loss      | 1.88e+04  |
|    critic_loss     | 7.63e+07  |
|    ent_coef        | 50        |
|    ent_coef_loss   | 0.3       |
|    learning_rate   | 0.0055    |
|    n_updates       | 52474     |
----------------------------------
----------------------------------
| rollout/           |           |
|    ep_len_mean     | 91.1      |
|    ep_rew_mean     | -7.66e+05 |
| time/              |           |
|    episodes        | 2576      |
|    fps             | 186       |
|    time_elapsed    | 1177      |
|    total_timesteps | 220000    |
| train/             |           |
|    actor_loss      | 2.81e+04  |
|    critic_loss     | 2.95e+07  |
|    ent_coef        | 119       |
|    ent_coef_loss   | 50.2      |
|    learning_rate   | 0.0055    |
|    n_updates       | 54974     |
----------------------------------
----------------------------------
| rollout/           |           |
|    ep_len_mean     | 162       |
|    ep_rew_mean     | -3.23e+05 |
| time/              |           |
|    episodes        | 2599      |
|    fps             | 186       |
|    time_elapsed    | 1231      |
|    total_timesteps | 230000    |
| train/             |           |
|    actor_loss      | 1.9e+04   |
|    critic_loss     | 2.84e+07  |
|    ent_coef        | 54.1      |
|    ent_coef_loss   | 3.42      |
|    learning_rate   | 0.0055    |
|    n_updates       | 57474     |
----------------------------------
---------------------------------
| rollout/           |          |
|    ep_len_mean     | 231      |
|    ep_rew_mean     | -3.3e+05 |
| time/              |          |
|    episodes        | 2649     |
|    fps             | 186      |
|    time_elapsed    | 1284     |
|    total_timesteps | 240000   |
| train/             |          |
|    actor_loss      | 1.9e+04  |
|    critic_loss     | 9.9e+07  |
|    ent_coef        | 30.9     |
|    ent_coef_loss   | 6.68     |
|    learning_rate   | 0.0055   |
|    n_updates       | 59974    |
---------------------------------
----------------------------------
| rollout/           |           |
|    ep_len_mean     | 65.8      |
|    ep_rew_mean     | -9.84e+05 |
| time/              |           |
|    episodes        | 2789      |
|    fps             | 186       |
|    time_elapsed    | 1338      |
|    total_timesteps | 250000    |
| train/             |           |
|    actor_loss      | 1.78e+05  |
|    critic_loss     | 5.36e+08  |
|    ent_coef        | 988       |
|    ent_coef_loss   | -70.6     |
|    learning_rate   | 0.0055    |
|    n_updates       | 62474     |
----------------------------------
----------------------------------
| rollout/           |           |
|    ep_len_mean     | 65        |
|    ep_rew_mean     | -3.17e+05 |
| time/              |           |
|    episodes        | 2951      |
|    fps             | 186       |
|    time_elapsed    | 1391      |
|    total_timesteps | 260000    |
| train/             |           |
|    actor_loss      | 3.22e+04  |
|    critic_loss     | 2.14e+07  |
|    ent_coef        | 33.6      |
|    ent_coef_loss   | 23.4      |
|    learning_rate   | 0.0055    |
|    n_updates       | 64974     |
----------------------------------
----------------------------------
| rollout/           |           |
|    ep_len_mean     | 165       |
|    ep_rew_mean     | -3.43e+05 |
| time/              |           |
|    episodes        | 2966      |
|    fps             | 186       |
|    time_elapsed    | 1444      |
|    total_timesteps | 270000    |
| train/             |           |
|    actor_loss      | 2.03e+04  |
|    critic_loss     | 8.06e+07  |
|    ent_coef        | 21.6      |
|    ent_coef_loss   | 0.567     |
|    learning_rate   | 0.0055    |
|    n_updates       | 67474     |
----------------------------------
----------------------------------
| rollout/           |           |
|    ep_len_mean     | 242       |
|    ep_rew_mean     | -7.54e+05 |
| time/              |           |
|    episodes        | 3030      |
|    fps             | 187       |
|    time_elapsed    | 1497      |
|    total_timesteps | 280000    |
| train/             |           |
|    actor_loss      | 1.12e+05  |
|    critic_loss     | 3.11e+08  |
|    ent_coef        | 582       |
|    ent_coef_loss   | -56.6     |
|    learning_rate   | 0.0055    |
|    n_updates       | 69974     |
----------------------------------
----------------------------------
| rollout/           |           |
|    ep_len_mean     | 122       |
|    ep_rew_mean     | -7.81e+05 |
| time/              |           |
|    episodes        | 3113      |
|    fps             | 187       |
|    time_elapsed    | 1550      |
|    total_timesteps | 290000    |
| train/             |           |
|    actor_loss      | 6.67e+04  |
|    critic_loss     | 4.62e+07  |
|    ent_coef        | 120       |
|    ent_coef_loss   | -2.91     |
|    learning_rate   | 0.0055    |
|    n_updates       | 72474     |
----------------------------------
----------------------------------
| rollout/           |           |
|    ep_len_mean     | 33.8      |
|    ep_rew_mean     | -1.15e+05 |
| time/              |           |
|    episodes        | 3331      |
|    fps             | 187       |
|    time_elapsed    | 1603      |
|    total_timesteps | 300000    |
| train/             |           |
|    actor_loss      | 8.21e+04  |
|    critic_loss     | 9.5e+07   |
|    ent_coef        | 306       |
|    ent_coef_loss   | -94.8     |
|    learning_rate   | 0.0055    |
|    n_updates       | 74974     |
----------------------------------
----------------------------------
| rollout/           |           |
|    ep_len_mean     | 65.4      |
|    ep_rew_mean     | -2.74e+05 |
| time/              |           |
|    episodes        | 3459      |
|    fps             | 187       |
|    time_elapsed    | 1656      |
|    total_timesteps | 310000    |
| train/             |           |
|    actor_loss      | 3.5e+04   |
|    critic_loss     | 6.25e+07  |
|    ent_coef        | 37.5      |
|    ent_coef_loss   | 21.3      |
|    learning_rate   | 0.0055    |
|    n_updates       | 77474     |
----------------------------------
----------------------------------
| rollout/           |           |
|    ep_len_mean     | 166       |
|    ep_rew_mean     | -6.76e+05 |
| time/              |           |
|    episodes        | 3490      |
|    fps             | 187       |
|    time_elapsed    | 1709      |
|    total_timesteps | 320000    |
| train/             |           |
|    actor_loss      | 6.55e+04  |
|    critic_loss     | 6.1e+07   |
|    ent_coef        | 192       |
|    ent_coef_loss   | 16.7      |
|    learning_rate   | 0.0055    |
|    n_updates       | 79974     |
----------------------------------
----------------------------------
| rollout/           |           |
|    ep_len_mean     | 241       |
|    ep_rew_mean     | -6.97e+05 |
| time/              |           |
|    episodes        | 3507      |
|    fps             | 187       |
|    time_elapsed    | 1762      |
|    total_timesteps | 330000    |
| train/             |           |
|    actor_loss      | 1.38e+04  |
|    critic_loss     | 4.19e+07  |
|    ent_coef        | 44.9      |
|    ent_coef_loss   | 20.4      |
|    learning_rate   | 0.0055    |
|    n_updates       | 82474     |
----------------------------------
----------------------------------
| rollout/           |           |
|    ep_len_mean     | 331       |
|    ep_rew_mean     | -7.59e+05 |
| time/              |           |
|    episodes        | 3535      |
|    fps             | 187       |
|    time_elapsed    | 1815      |
|    total_timesteps | 340000    |
| train/             |           |
|    actor_loss      | 7.22e+04  |
|    critic_loss     | 5.22e+07  |
|    ent_coef        | 447       |
|    ent_coef_loss   | -166      |
|    learning_rate   | 0.0055    |
|    n_updates       | 84974     |
----------------------------------
----------------------------------
| rollout/           |           |
|    ep_len_mean     | 77.5      |
|    ep_rew_mean     | -1.64e+06 |
| time/              |           |
|    episodes        | 3654      |
|    fps             | 187       |
|    time_elapsed    | 1868      |
|    total_timesteps | 350000    |
| train/             |           |
|    actor_loss      | 2.03e+05  |
|    critic_loss     | 1.32e+09  |
|    ent_coef        | 1.79e+03  |
|    ent_coef_loss   | 111       |
|    learning_rate   | 0.0055    |
|    n_updates       | 87474     |
----------------------------------
----------------------------------
| rollout/           |           |
|    ep_len_mean     | 76.3      |
|    ep_rew_mean     | -4.38e+05 |
| time/              |           |
|    episodes        | 3796      |
|    fps             | 187       |
|    time_elapsed    | 1921      |
|    total_timesteps | 360000    |
| train/             |           |
|    actor_loss      | 1.43e+05  |
|    critic_loss     | 3.93e+08  |
|    ent_coef        | 66.2      |
|    ent_coef_loss   | 3.8       |
|    learning_rate   | 0.0055    |
|    n_updates       | 89974     |
----------------------------------
----------------------------------
| rollout/           |           |
|    ep_len_mean     | 114       |
|    ep_rew_mean     | -1.65e+05 |
| time/              |           |
|    episodes        | 3876      |
|    fps             | 187       |
|    time_elapsed    | 1974      |
|    total_timesteps | 370000    |
| train/             |           |
|    actor_loss      | 7.02e+04  |
|    critic_loss     | 4.33e+07  |
|    ent_coef        | 57.1      |
|    ent_coef_loss   | -16.9     |
|    learning_rate   | 0.0055    |
|    n_updates       | 92474     |
----------------------------------
----------------------------------
| rollout/           |           |
|    ep_len_mean     | 183       |
|    ep_rew_mean     | -1.58e+05 |
| time/              |           |
|    episodes        | 3926      |
|    fps             | 187       |
|    time_elapsed    | 2027      |
|    total_timesteps | 380000    |
| train/             |           |
|    actor_loss      | 9.93e+03  |
|    critic_loss     | 9.78e+07  |
|    ent_coef        | 36.2      |
|    ent_coef_loss   | 10.7      |
|    learning_rate   | 0.0055    |
|    n_updates       | 94974     |
----------------------------------
---------------------------------
| rollout/           |          |
|    ep_len_mean     | 266      |
|    ep_rew_mean     | -1.9e+05 |
| time/              |          |
|    episodes        | 3938     |
|    fps             | 187      |
|    time_elapsed    | 2080     |
|    total_timesteps | 390000   |
| train/             |          |
|    actor_loss      | 5.88e+03 |
|    critic_loss     | 9.33e+07 |
|    ent_coef        | 31.5     |
|    ent_coef_loss   | 1.5      |
|    learning_rate   | 0.0055   |
|    n_updates       | 97474    |
---------------------------------
----------------------------------
| rollout/           |           |
|    ep_len_mean     | 65.1      |
|    ep_rew_mean     | -8.97e+05 |
| time/              |           |
|    episodes        | 4055      |
|    fps             | 187       |
|    time_elapsed    | 2133      |
|    total_timesteps | 400000    |
| train/             |           |
|    actor_loss      | 2.57e+05  |
|    critic_loss     | 9.17e+08  |
|    ent_coef        | 2.2e+03   |
|    ent_coef_loss   | -14.4     |
|    learning_rate   | 0.0055    |
|    n_updates       | 99974     |
----------------------------------
----------------------------------
| rollout/           |           |
|    ep_len_mean     | 43.2      |
|    ep_rew_mean     | -3.48e+05 |
| time/              |           |
|    episodes        | 4250      |
|    fps             | 186       |
|    time_elapsed    | 2192      |
|    total_timesteps | 410000    |
| train/             |           |
|    actor_loss      | 3.57e+05  |
|    critic_loss     | 1.56e+09  |
|    ent_coef        | 2.91e+03  |
|    ent_coef_loss   | 92.1      |
|    learning_rate   | 0.0055    |
|    n_updates       | 102474    |
----------------------------------
----------------------------------
| rollout/           |           |
|    ep_len_mean     | 21.3      |
|    ep_rew_mean     | -9.29e+04 |
| time/              |           |
|    episodes        | 4804      |
|    fps             | 186       |
|    time_elapsed    | 2252      |
|    total_timesteps | 420000    |
| train/             |           |
|    actor_loss      | 1.23e+05  |
|    critic_loss     | 7.39e+07  |
|    ent_coef        | 52.4      |
|    ent_coef_loss   | 36.5      |
|    learning_rate   | 0.0055    |
|    n_updates       | 104974    |
----------------------------------
----------------------------------
| rollout/           |           |
|    ep_len_mean     | 60.4      |
|    ep_rew_mean     | -9.16e+04 |
| time/              |           |
|    episodes        | 4985      |
|    fps             | 186       |
|    time_elapsed    | 2311      |
|    total_timesteps | 430000    |
| train/             |           |
|    actor_loss      | 6.85e+04  |
|    critic_loss     | 9.06e+07  |
|    ent_coef        | 23.7      |
|    ent_coef_loss   | -36.8     |
|    learning_rate   | 0.0055    |
|    n_updates       | 107474    |
----------------------------------
----------------------------------
| rollout/           |           |
|    ep_len_mean     | 120       |
|    ep_rew_mean     | -1.78e+05 |
| time/              |           |
|    episodes        | 5081      |
|    fps             | 185       |
|    time_elapsed    | 2371      |
|    total_timesteps | 440000    |
| train/             |           |
|    actor_loss      | 4.56e+04  |
|    critic_loss     | 3.6e+07   |
|    ent_coef        | 183       |
|    ent_coef_loss   | 11.8      |
|    learning_rate   | 0.0055    |
|    n_updates       | 109974    |
----------------------------------
----------------------------------
| rollout/           |           |
|    ep_len_mean     | 168       |
|    ep_rew_mean     | -2.11e+05 |
| time/              |           |
|    episodes        | 5104      |
|    fps             | 185       |
|    time_elapsed    | 2430      |
|    total_timesteps | 450000    |
| train/             |           |
|    actor_loss      | 3.27e+04  |
|    critic_loss     | 6e+07     |
|    ent_coef        | 277       |
|    ent_coef_loss   | 6.31      |
|    learning_rate   | 0.0055    |
|    n_updates       | 112474    |
----------------------------------
----------------------------------
| rollout/           |           |
|    ep_len_mean     | 265       |
|    ep_rew_mean     | -2.22e+05 |
| time/              |           |
|    episodes        | 5115      |
|    fps             | 184       |
|    time_elapsed    | 2490      |
|    total_timesteps | 460000    |
| train/             |           |
|    actor_loss      | 3.85e+03  |
|    critic_loss     | 7.26e+06  |
|    ent_coef        | 10.2      |
|    ent_coef_loss   | 8.33      |
|    learning_rate   | 0.0055    |
|    n_updates       | 114974    |
----------------------------------
----------------------------------
| rollout/           |           |
|    ep_len_mean     | 346       |
|    ep_rew_mean     | -2.49e+05 |
| time/              |           |
|    episodes        | 5124      |
|    fps             | 184       |
|    time_elapsed    | 2549      |
|    total_timesteps | 470000    |
| train/             |           |
|    actor_loss      | 6.81e+03  |
|    critic_loss     | 4.79e+06  |
|    ent_coef        | 19.2      |
|    ent_coef_loss   | 17.2      |
|    learning_rate   | 0.0055    |
|    n_updates       | 117474    |
----------------------------------
----------------------------------
| rollout/           |           |
|    ep_len_mean     | 316       |
|    ep_rew_mean     | -5.49e+05 |
| time/              |           |
|    episodes        | 5198      |
|    fps             | 183       |
|    time_elapsed    | 2609      |
|    total_timesteps | 480000    |
| train/             |           |
|    actor_loss      | 1.72e+04  |
|    critic_loss     | 6.72e+06  |
|    ent_coef        | 23.6      |
|    ent_coef_loss   | 19.6      |
|    learning_rate   | 0.0055    |
|    n_updates       | 119974    |
----------------------------------
----------------------------------
| rollout/           |           |
|    ep_len_mean     | 231       |
|    ep_rew_mean     | -6.52e+05 |
| time/              |           |
|    episodes        | 5222      |
|    fps             | 183       |
|    time_elapsed    | 2669      |
|    total_timesteps | 490000    |
| train/             |           |
|    actor_loss      | 1.5e+04   |
|    critic_loss     | 2.98e+07  |
|    ent_coef        | 14        |
|    ent_coef_loss   | -16.9     |
|    learning_rate   | 0.0055    |
|    n_updates       | 122474    |
----------------------------------
----------------------------------
| rollout/           |           |
|    ep_len_mean     | 263       |
|    ep_rew_mean     | -6.48e+05 |
| time/              |           |
|    episodes        | 5236      |
|    fps             | 183       |
|    time_elapsed    | 2729      |
|    total_timesteps | 500000    |
| train/             |           |
|    actor_loss      | 4.42e+03  |
|    critic_loss     | 3.67e+07  |
|    ent_coef        | 16.3      |
|    ent_coef_loss   | 4.76      |
|    learning_rate   | 0.0055    |
|    n_updates       | 124974    |
----------------------------------
----------------------------------
| rollout/           |           |
|    ep_len_mean     | 356       |
|    ep_rew_mean     | -6.19e+05 |
| time/              |           |
|    episodes        | 5275      |
|    fps             | 182       |
|    time_elapsed    | 2788      |
|    total_timesteps | 510000    |
| train/             |           |
|    actor_loss      | 3.76e+04  |
|    critic_loss     | 7.63e+07  |
|    ent_coef        | 55.4      |
|    ent_coef_loss   | -159      |
|    learning_rate   | 0.0055    |
|    n_updates       | 127474    |
----------------------------------
----------------------------------
| rollout/           |           |
|    ep_len_mean     | 302       |
|    ep_rew_mean     | -4.05e+05 |
| time/              |           |
|    episodes        | 5313      |
|    fps             | 182       |
|    time_elapsed    | 2848      |
|    total_timesteps | 520000    |
| train/             |           |
|    actor_loss      | 7.3e+03   |
|    critic_loss     | 5.46e+07  |
|    ent_coef        | 35.3      |
|    ent_coef_loss   | 18.4      |
|    learning_rate   | 0.0055    |
|    n_updates       | 129974    |
----------------------------------
----------------------------------
| rollout/           |           |
|    ep_len_mean     | 286       |
|    ep_rew_mean     | -3.14e+05 |
| time/              |           |
|    episodes        | 5343      |
|    fps             | 182       |
|    time_elapsed    | 2907      |
|    total_timesteps | 530000    |
| train/             |           |
|    actor_loss      | -9.91e+03 |
|    critic_loss     | 3.84e+07  |
|    ent_coef        | 16.4      |
|    ent_coef_loss   | -2.51     |
|    learning_rate   | 0.0055    |
|    n_updates       | 132474    |
----------------------------------
----------------------------------
| rollout/           |           |
|    ep_len_mean     | 222       |
|    ep_rew_mean     | 4.89e+04  |
| time/              |           |
|    episodes        | 5404      |
|    fps             | 182       |
|    time_elapsed    | 2966      |
|    total_timesteps | 540000    |
| train/             |           |
|    actor_loss      | -5.39e+03 |
|    critic_loss     | 1.75e+07  |
|    ent_coef        | 77.5      |
|    ent_coef_loss   | 17        |
|    learning_rate   | 0.0055    |
|    n_updates       | 134974    |
----------------------------------
----------------------------------
| rollout/           |           |
|    ep_len_mean     | 139       |
|    ep_rew_mean     | -1.12e+06 |
| time/              |           |
|    episodes        | 5498      |
|    fps             | 181       |
|    time_elapsed    | 3025      |
|    total_timesteps | 550000    |
| train/             |           |
|    actor_loss      | 3.64e+05  |
|    critic_loss     | 6.23e+09  |
|    ent_coef        | 3.7e+03   |
|    ent_coef_loss   | -125      |
|    learning_rate   | 0.0055    |
|    n_updates       | 137474    |
----------------------------------
----------------------------------
| rollout/           |           |
|    ep_len_mean     | 93        |
|    ep_rew_mean     | -1.47e+06 |
| time/              |           |
|    episodes        | 5608      |
|    fps             | 181       |
|    time_elapsed    | 3084      |
|    total_timesteps | 560000    |
| train/             |           |
|    actor_loss      | 2.11e+05  |
|    critic_loss     | 5.12e+08  |
|    ent_coef        | 803       |
|    ent_coef_loss   | 7.4       |
|    learning_rate   | 0.0055    |
|    n_updates       | 139974    |
----------------------------------
----------------------------------
| rollout/           |           |
|    ep_len_mean     | 63.7      |
|    ep_rew_mean     | -6.01e+05 |
| time/              |           |
|    episodes        | 5739      |
|    fps             | 181       |
|    time_elapsed    | 3142      |
|    total_timesteps | 570000    |
| train/             |           |
|    actor_loss      | 2.1e+05   |
|    critic_loss     | 4.14e+08  |
|    ent_coef        | 1.24e+03  |
|    ent_coef_loss   | 110       |
|    learning_rate   | 0.0055    |
|    n_updates       | 142474    |
----------------------------------
----------------------------------
| rollout/           |           |
|    ep_len_mean     | 48.6      |
|    ep_rew_mean     | -1.14e+05 |
| time/              |           |
|    episodes        | 5948      |
|    fps             | 181       |
|    time_elapsed    | 3201      |
|    total_timesteps | 580000    |
| train/             |           |
|    actor_loss      | 1.14e+05  |
|    critic_loss     | 1.32e+08  |
|    ent_coef        | 76.7      |
|    ent_coef_loss   | 34.3      |
|    learning_rate   | 0.0055    |
|    n_updates       | 144974    |
----------------------------------
----------------------------------
| rollout/           |           |
|    ep_len_mean     | 103       |
|    ep_rew_mean     | -9.44e+04 |
| time/              |           |
|    episodes        | 6034      |
|    fps             | 181       |
|    time_elapsed    | 3259      |
|    total_timesteps | 590000    |
| train/             |           |
|    actor_loss      | 4.67e+04  |
|    critic_loss     | 4.8e+07   |
|    ent_coef        | 27.4      |
|    ent_coef_loss   | 0.491     |
|    learning_rate   | 0.0055    |
|    n_updates       | 147474    |
----------------------------------
----------------------------------
| rollout/           |           |
|    ep_len_mean     | 175       |
|    ep_rew_mean     | -3.04e+05 |
| time/              |           |
|    episodes        | 6086      |
|    fps             | 180       |
|    time_elapsed    | 3317      |
|    total_timesteps | 600000    |
| train/             |           |
|    actor_loss      | 9.83e+04  |
|    critic_loss     | 1.13e+08  |
|    ent_coef        | 231       |
|    ent_coef_loss   | -163      |
|    learning_rate   | 0.0055    |
|    n_updates       | 149974    |
----------------------------------
----------------------------------
| rollout/           |           |
|    ep_len_mean     | 73.5      |
|    ep_rew_mean     | -1.71e+06 |
| time/              |           |
|    episodes        | 6218      |
|    fps             | 180       |
|    time_elapsed    | 3375      |
|    total_timesteps | 610000    |
| train/             |           |
|    actor_loss      | 1.06e+06  |
|    critic_loss     | 7.23e+10  |
|    ent_coef        | 2.58e+04  |
|    ent_coef_loss   | 189       |
|    learning_rate   | 0.0055    |
|    n_updates       | 152474    |
----------------------------------
----------------------------------
| rollout/           |           |
|    ep_len_mean     | 77.7      |
|    ep_rew_mean     | -1.05e+06 |
| time/              |           |
|    episodes        | 6360      |
|    fps             | 180       |
|    time_elapsed    | 3433      |
|    total_timesteps | 620000    |
| train/             |           |
|    actor_loss      | 8.45e+05  |
|    critic_loss     | 7.41e+09  |
|    ent_coef        | 1.24e+03  |
|    ent_coef_loss   | 105       |
|    learning_rate   | 0.0055    |
|    n_updates       | 154974    |
----------------------------------
----------------------------------
| rollout/           |           |
|    ep_len_mean     | 12.5      |
|    ep_rew_mean     | -1.98e+05 |
| time/              |           |
|    episodes        | 6675      |
|    fps             | 180       |
|    time_elapsed    | 3491      |
|    total_timesteps | 630000    |
| train/             |           |
|    actor_loss      | 7.97e+05  |
|    critic_loss     | 1.45e+10  |
|    ent_coef        | 143       |
|    ent_coef_loss   | -10.8     |
|    learning_rate   | 0.0055    |
|    n_updates       | 157474    |
----------------------------------
----------------------------------
| rollout/           |           |
|    ep_len_mean     | 27.2      |
|    ep_rew_mean     | -4.42e+05 |
| time/              |           |
|    episodes        | 7245      |
|    fps             | 180       |
|    time_elapsed    | 3549      |
|    total_timesteps | 640000    |
| train/             |           |
|    actor_loss      | 7.04e+05  |
|    critic_loss     | 9.17e+09  |
|    ent_coef        | 690       |
|    ent_coef_loss   | 0.974     |
|    learning_rate   | 0.0055    |
|    n_updates       | 159974    |
----------------------------------
----------------------------------
| rollout/           |           |
|    ep_len_mean     | 6.13      |
|    ep_rew_mean     | -9.66e+04 |
| time/              |           |
|    episodes        | 8255      |
|    fps             | 180       |
|    time_elapsed    | 3607      |
|    total_timesteps | 650000    |
| train/             |           |
|    actor_loss      | 4.3e+05   |
|    critic_loss     | 1.81e+09  |
|    ent_coef        | 99.5      |
|    ent_coef_loss   | 11.1      |
|    learning_rate   | 0.0055    |
|    n_updates       | 162474    |
----------------------------------
----------------------------------
| rollout/           |           |
|    ep_len_mean     | 6.26      |
|    ep_rew_mean     | -9.77e+04 |
| time/              |           |
|    episodes        | 9562      |
|    fps             | 180       |
|    time_elapsed    | 3666      |
|    total_timesteps | 660000    |
| train/             |           |
|    actor_loss      | 2.96e+05  |
|    critic_loss     | 1.39e+09  |
|    ent_coef        | 301       |
|    ent_coef_loss   | 21.2      |
|    learning_rate   | 0.0055    |
|    n_updates       | 164974    |
----------------------------------
----------------------------------
| rollout/           |           |
|    ep_len_mean     | 70.8      |
|    ep_rew_mean     | -1.85e+06 |
| time/              |           |
|    episodes        | 9954      |
|    fps             | 179       |
|    time_elapsed    | 3724      |
|    total_timesteps | 670000    |
| train/             |           |
|    actor_loss      | 9.01e+05  |
|    critic_loss     | 3.62e+11  |
|    ent_coef        | 3.75e+04  |
|    ent_coef_loss   | 39.3      |
|    learning_rate   | 0.0055    |
|    n_updates       | 167474    |
----------------------------------
----------------------------------
| rollout/           |           |
|    ep_len_mean     | 6.58      |
|    ep_rew_mean     | -1.04e+05 |
| time/              |           |
|    episodes        | 10633     |
|    fps             | 179       |
|    time_elapsed    | 3782      |
|    total_timesteps | 680000    |
| train/             |           |
|    actor_loss      | 6.75e+05  |
|    critic_loss     | 8.86e+09  |
|    ent_coef        | 1.5e+03   |
|    ent_coef_loss   | 92.8      |
|    learning_rate   | 0.0055    |
|    n_updates       | 169974    |
----------------------------------
----------------------------------
| rollout/           |           |
|    ep_len_mean     | 24.4      |
|    ep_rew_mean     | -5.92e+05 |
| time/              |           |
|    episodes        | 11705     |
|    fps             | 179       |
|    time_elapsed    | 3840      |
|    total_timesteps | 690000    |
| train/             |           |
|    actor_loss      | 4.52e+05  |
|    critic_loss     | 1.27e+09  |
|    ent_coef        | 246       |
|    ent_coef_loss   | -59.8     |
|    learning_rate   | 0.0055    |
|    n_updates       | 172474    |
----------------------------------
----------------------------------
| rollout/           |           |
|    ep_len_mean     | 5.99      |
|    ep_rew_mean     | -9.64e+04 |
| time/              |           |
|    episodes        | 13181     |
|    fps             | 179       |
|    time_elapsed    | 3899      |
|    total_timesteps | 700000    |
| train/             |           |
|    actor_loss      | 3.27e+05  |
|    critic_loss     | 1.08e+09  |
|    ent_coef        | 97.4      |
|    ent_coef_loss   | 26.6      |
|    learning_rate   | 0.0055    |
|    n_updates       | 174974    |
----------------------------------
----------------------------------
| rollout/           |           |
|    ep_len_mean     | 5.84      |
|    ep_rew_mean     | -9.71e+04 |
| time/              |           |
|    episodes        | 14895     |
|    fps             | 179       |
|    time_elapsed    | 3957      |
|    total_timesteps | 710000    |
| train/             |           |
|    actor_loss      | 2.38e+05  |
|    critic_loss     | 5.35e+08  |
|    ent_coef        | 135       |
|    ent_coef_loss   | 6.66      |
|    learning_rate   | 0.0055    |
|    n_updates       | 177474    |
----------------------------------
---------------------------------
| rollout/           |          |
|    ep_len_mean     | 5.94     |
|    ep_rew_mean     | -1e+05   |
| time/              |          |
|    episodes        | 16348    |
|    fps             | 179      |
|    time_elapsed    | 4015     |
|    total_timesteps | 720000   |
| train/             |          |
|    actor_loss      | 1.97e+05 |
|    critic_loss     | 1.19e+08 |
|    ent_coef        | 98       |
|    ent_coef_loss   | 6.6      |
|    learning_rate   | 0.0055   |
|    n_updates       | 179974   |
---------------------------------
----------------------------------
| rollout/           |           |
|    ep_len_mean     | 39.6      |
|    ep_rew_mean     | -1.02e+06 |
| time/              |           |
|    episodes        | 17314     |
|    fps             | 179       |
|    time_elapsed    | 4073      |
|    total_timesteps | 730000    |
| train/             |           |
|    actor_loss      | 9.18e+05  |
|    critic_loss     | 1.39e+11  |
|    ent_coef        | 1.85e+04  |
|    ent_coef_loss   | -97.6     |
|    learning_rate   | 0.0055    |
|    n_updates       | 182474    |
----------------------------------
----------------------------------
| rollout/           |           |
|    ep_len_mean     | 5.3       |
|    ep_rew_mean     | -9.83e+04 |
| time/              |           |
|    episodes        | 18460     |
|    fps             | 179       |
|    time_elapsed    | 4131      |
|    total_timesteps | 740000    |
| train/             |           |
|    actor_loss      | 6.57e+05  |
|    critic_loss     | 1.05e+10  |
|    ent_coef        | 1.97e+03  |
|    ent_coef_loss   | 59.6      |
|    learning_rate   | 0.0055    |
|    n_updates       | 184974    |
----------------------------------
----------------------------------
| rollout/           |           |
|    ep_len_mean     | 23.8      |
|    ep_rew_mean     | -4.48e+05 |
| time/              |           |
|    episodes        | 20004     |
|    fps             | 179       |
|    time_elapsed    | 4189      |
|    total_timesteps | 750000    |
| train/             |           |
|    actor_loss      | 2.87e+05  |
|    critic_loss     | 2.74e+09  |
|    ent_coef        | 760       |
|    ent_coef_loss   | 5.17      |
|    learning_rate   | 0.0055    |
|    n_updates       | 187474    |
----------------------------------
----------------------------------
| rollout/           |           |
|    ep_len_mean     | 5.18      |
|    ep_rew_mean     | -9.75e+04 |
| time/              |           |
|    episodes        | 21748     |
|    fps             | 178       |
|    time_elapsed    | 4248      |
|    total_timesteps | 760000    |
| train/             |           |
|    actor_loss      | 2.35e+05  |
|    critic_loss     | 2.03e+09  |
|    ent_coef        | 461       |
|    ent_coef_loss   | -6.2      |
|    learning_rate   | 0.0055    |
|    n_updates       | 189974    |
----------------------------------
----------------------------------
| rollout/           |           |
|    ep_len_mean     | 5.29      |
|    ep_rew_mean     | -9.72e+04 |
| time/              |           |
|    episodes        | 23505     |
|    fps             | 178       |
|    time_elapsed    | 4306      |
|    total_timesteps | 770000    |
| train/             |           |
|    actor_loss      | 1.54e+05  |
|    critic_loss     | 7.32e+08  |
|    ent_coef        | 154       |
|    ent_coef_loss   | -5.15     |
|    learning_rate   | 0.0055    |
|    n_updates       | 192474    |
----------------------------------
----------------------------------
| rollout/           |           |
|    ep_len_mean     | 5         |
|    ep_rew_mean     | -9.75e+04 |
| time/              |           |
|    episodes        | 25332     |
|    fps             | 178       |
|    time_elapsed    | 4364      |
|    total_timesteps | 780000    |
| train/             |           |
|    actor_loss      | 1.43e+05  |
|    critic_loss     | 2.11e+08  |
|    ent_coef        | 37.1      |
|    ent_coef_loss   | 6.17      |
|    learning_rate   | 0.0055    |
|    n_updates       | 194974    |
----------------------------------
----------------------------------
| rollout/           |           |
|    ep_len_mean     | 22.8      |
|    ep_rew_mean     | -6.36e+05 |
| time/              |           |
|    episodes        | 26726     |
|    fps             | 178       |
|    time_elapsed    | 4423      |
|    total_timesteps | 790000    |
| train/             |           |
|    actor_loss      | 1.04e+06  |
|    critic_loss     | 3.99e+10  |
|    ent_coef        | 8.11e+03  |
|    ent_coef_loss   | -459      |
|    learning_rate   | 0.0055    |
|    n_updates       | 197474    |
----------------------------------
----------------------------------
| rollout/           |           |
|    ep_len_mean     | 19.6      |
|    ep_rew_mean     | -2.65e+05 |
| time/              |           |
|    episodes        | 27009     |
|    fps             | 178       |
|    time_elapsed    | 4481      |
|    total_timesteps | 800000    |
| train/             |           |
|    actor_loss      | 5.38e+05  |
|    critic_loss     | 8.1e+09   |
|    ent_coef        | 3.42e+03  |
|    ent_coef_loss   | 78.8      |
|    learning_rate   | 0.0055    |
|    n_updates       | 199974    |
----------------------------------
----------------------------------
| rollout/           |           |
|    ep_len_mean     | 5.53      |
|    ep_rew_mean     | -1.01e+05 |
| time/              |           |
|    episodes        | 28047     |
|    fps             | 178       |
|    time_elapsed    | 4539      |
|    total_timesteps | 810000    |
| train/             |           |
|    actor_loss      | 4.35e+05  |
|    critic_loss     | 6.35e+09  |
|    ent_coef        | 480       |
|    ent_coef_loss   | 33.8      |
|    learning_rate   | 0.0055    |
|    n_updates       | 202474    |
----------------------------------
----------------------------------
| rollout/           |           |
|    ep_len_mean     | 5.59      |
|    ep_rew_mean     | -9.73e+04 |
| time/              |           |
|    episodes        | 29847     |
|    fps             | 178       |
|    time_elapsed    | 4597      |
|    total_timesteps | 820000    |
| train/             |           |
|    actor_loss      | 2.88e+05  |
|    critic_loss     | 9.59e+08  |
|    ent_coef        | 52.6      |
|    ent_coef_loss   | 16.8      |
|    learning_rate   | 0.0055    |
|    n_updates       | 204974    |
----------------------------------
----------------------------------
| rollout/           |           |
|    ep_len_mean     | 10.7      |
|    ep_rew_mean     | -2.71e+05 |
| time/              |           |
|    episodes        | 31159     |
|    fps             | 178       |
|    time_elapsed    | 4656      |
|    total_timesteps | 830000    |
| train/             |           |
|    actor_loss      | 3.71e+05  |
|    critic_loss     | 3.35e+09  |
|    ent_coef        | 973       |
|    ent_coef_loss   | -47.6     |
|    learning_rate   | 0.0055    |
|    n_updates       | 207474    |
----------------------------------
----------------------------------
| rollout/           |           |
|    ep_len_mean     | 7.2       |
|    ep_rew_mean     | -1.26e+05 |
| time/              |           |
|    episodes        | 31752     |
|    fps             | 178       |
|    time_elapsed    | 4714      |
|    total_timesteps | 840000    |
| train/             |           |
|    actor_loss      | 4.16e+05  |
|    critic_loss     | 1.97e+09  |
|    ent_coef        | 1.73e+03  |
|    ent_coef_loss   | 62.9      |
|    learning_rate   | 0.0055    |
|    n_updates       | 209974    |
----------------------------------
----------------------------------
| rollout/           |           |
|    ep_len_mean     | 5.01      |
|    ep_rew_mean     | -9.71e+04 |
| time/              |           |
|    episodes        | 32869     |
|    fps             | 178       |
|    time_elapsed    | 4772      |
|    total_timesteps | 850000    |
| train/             |           |
|    actor_loss      | 4.32e+05  |
|    critic_loss     | 8.23e+08  |
|    ent_coef        | 767       |
|    ent_coef_loss   | 28.1      |
|    learning_rate   | 0.0055    |
|    n_updates       | 212474    |
----------------------------------
----------------------------------
| rollout/           |           |
|    ep_len_mean     | 5         |
|    ep_rew_mean     | -9.72e+04 |
| time/              |           |
|    episodes        | 34722     |
|    fps             | 178       |
|    time_elapsed    | 4830      |
|    total_timesteps | 860000    |
| train/             |           |
|    actor_loss      | 3.27e+05  |
|    critic_loss     | 6.46e+08  |
|    ent_coef        | 84.6      |
|    ent_coef_loss   | 4.9       |
|    learning_rate   | 0.0055    |
|    n_updates       | 214974    |
----------------------------------
----------------------------------
| rollout/           |           |
|    ep_len_mean     | 5.96      |
|    ep_rew_mean     | -1.26e+05 |
| time/              |           |
|    episodes        | 35547     |
|    fps             | 177       |
|    time_elapsed    | 4889      |
|    total_timesteps | 870000    |
| train/             |           |
|    actor_loss      | 4.88e+05  |
|    critic_loss     | 1.16e+10  |
|    ent_coef        | 1.2e+03   |
|    ent_coef_loss   | -76.2     |
|    learning_rate   | 0.0055    |
|    n_updates       | 217474    |
----------------------------------
---------------------------------
| rollout/           |          |
|    ep_len_mean     | 5.2      |
|    ep_rew_mean     | -1e+05   |
| time/              |          |
|    episodes        | 37346    |
|    fps             | 177      |
|    time_elapsed    | 4947     |
|    total_timesteps | 880000   |
| train/             |          |
|    actor_loss      | 3.45e+05 |
|    critic_loss     | 1.16e+10 |
|    ent_coef        | 1.45e+03 |
|    ent_coef_loss   | -73.6    |
|    learning_rate   | 0.0055   |
|    n_updates       | 219974   |
---------------------------------
---------------------------------
| rollout/           |          |
|    ep_len_mean     | 5        |
|    ep_rew_mean     | -9.8e+04 |
| time/              |          |
|    episodes        | 39180    |
|    fps             | 177      |
|    time_elapsed    | 5005     |
|    total_timesteps | 890000   |
| train/             |          |
|    actor_loss      | 2.76e+05 |
|    critic_loss     | 2.18e+09 |
|    ent_coef        | 381      |
|    ent_coef_loss   | 24.3     |
|    learning_rate   | 0.0055   |
|    n_updates       | 222474   |
---------------------------------
----------------------------------
| rollout/           |           |
|    ep_len_mean     | 7.41      |
|    ep_rew_mean     | -1.84e+05 |
| time/              |           |
|    episodes        | 40934     |
|    fps             | 177       |
|    time_elapsed    | 5064      |
|    total_timesteps | 900000    |
| train/             |           |
|    actor_loss      | 3.72e+05  |
|    critic_loss     | 6.73e+09  |
|    ent_coef        | 1.12e+03  |
|    ent_coef_loss   | -392      |
|    learning_rate   | 0.0055    |
|    n_updates       | 224974    |
----------------------------------
----------------------------------
| rollout/           |           |
|    ep_len_mean     | 14.2      |
|    ep_rew_mean     | -3.57e+05 |
| time/              |           |
|    episodes        | 41608     |
|    fps             | 177       |
|    time_elapsed    | 5122      |
|    total_timesteps | 910000    |
| train/             |           |
|    actor_loss      | 9.57e+05  |
|    critic_loss     | 3.4e+10   |
|    ent_coef        | 8.66e+03  |
|    ent_coef_loss   | -87.1     |
|    learning_rate   | 0.0055    |
|    n_updates       | 227474    |
----------------------------------
---------------------------------
| rollout/           |          |
|    ep_len_mean     | 5.14     |
|    ep_rew_mean     | -1.1e+05 |
| time/              |          |
|    episodes        | 42466    |
|    fps             | 177      |
|    time_elapsed    | 5180     |
|    total_timesteps | 920000   |
| train/             |          |
|    actor_loss      | 6.42e+05 |
|    critic_loss     | 1.08e+10 |
|    ent_coef        | 3.32e+03 |
|    ent_coef_loss   | 110      |
|    learning_rate   | 0.0055   |
|    n_updates       | 229974   |
---------------------------------
----------------------------------
| rollout/           |           |
|    ep_len_mean     | 5.03      |
|    ep_rew_mean     | -9.76e+04 |
| time/              |           |
|    episodes        | 44409     |
|    fps             | 177       |
|    time_elapsed    | 5238      |
|    total_timesteps | 930000    |
| train/             |           |
|    actor_loss      | 4.85e+05  |
|    critic_loss     | 1.15e+10  |
|    ent_coef        | 115       |
|    ent_coef_loss   | 41.9      |
|    learning_rate   | 0.0055    |
|    n_updates       | 232474    |
----------------------------------
---------------------------------
| rollout/           |          |
|    ep_len_mean     | 21.7     |
|    ep_rew_mean     | -6.4e+05 |
| time/              |          |
|    episodes        | 45745    |
|    fps             | 177      |
|    time_elapsed    | 5296     |
|    total_timesteps | 940000   |
| train/             |          |
|    actor_loss      | 4.42e+05 |
|    critic_loss     | 3.12e+09 |
|    ent_coef        | 799      |
|    ent_coef_loss   | -9.78    |
|    learning_rate   | 0.0055   |
|    n_updates       | 234974   |
---------------------------------
----------------------------------
| rollout/           |           |
|    ep_len_mean     | 5.02      |
|    ep_rew_mean     | -1.04e+05 |
| time/              |           |
|    episodes        | 47344     |
|    fps             | 177       |
|    time_elapsed    | 5354      |
|    total_timesteps | 950000    |
| train/             |           |
|    actor_loss      | 3.63e+05  |
|    critic_loss     | 2.2e+09   |
|    ent_coef        | 1.08e+03  |
|    ent_coef_loss   | 31.2      |
|    learning_rate   | 0.0055    |
|    n_updates       | 237474    |
----------------------------------
----------------------------------
| rollout/           |           |
|    ep_len_mean     | 5.74      |
|    ep_rew_mean     | -1.08e+05 |
| time/              |           |
|    episodes        | 49210     |
|    fps             | 177       |
|    time_elapsed    | 5412      |
|    total_timesteps | 960000    |
| train/             |           |
|    actor_loss      | 3.15e+05  |
|    critic_loss     | 2.09e+09  |
|    ent_coef        | 141       |
|    ent_coef_loss   | -23.4     |
|    learning_rate   | 0.0055    |
|    n_updates       | 239974    |
----------------------------------
----------------------------------
| rollout/           |           |
|    ep_len_mean     | 5.01      |
|    ep_rew_mean     | -1.05e+05 |
| time/              |           |
|    episodes        | 50921     |
|    fps             | 177       |
|    time_elapsed    | 5470      |
|    total_timesteps | 970000    |
| train/             |           |
|    actor_loss      | 2.4e+05   |
|    critic_loss     | 3.91e+08  |
|    ent_coef        | 331       |
|    ent_coef_loss   | 24.4      |
|    learning_rate   | 0.0055    |
|    n_updates       | 242474    |
----------------------------------
----------------------------------
| rollout/           |           |
|    ep_len_mean     | 7.08      |
|    ep_rew_mean     | -1.23e+05 |
| time/              |           |
|    episodes        | 51806     |
|    fps             | 177       |
|    time_elapsed    | 5528      |
|    total_timesteps | 980000    |
| train/             |           |
|    actor_loss      | 3e+05     |
|    critic_loss     | 4.09e+09  |
|    ent_coef        | 7.89e+03  |
|    ent_coef_loss   | 130       |
|    learning_rate   | 0.0055    |
|    n_updates       | 244974    |
----------------------------------
----------------------------------
| rollout/           |           |
|    ep_len_mean     | 11.5      |
|    ep_rew_mean     | -1.79e+05 |
| time/              |           |
|    episodes        | 52673     |
|    fps             | 177       |
|    time_elapsed    | 5586      |
|    total_timesteps | 990000    |
| train/             |           |
|    actor_loss      | 5.12e+05  |
|    critic_loss     | 1.85e+09  |
|    ent_coef        | 2.01e+03  |
|    ent_coef_loss   | 36.7      |
|    learning_rate   | 0.0055    |
|    n_updates       | 247474    |
----------------------------------
----------------------------------
| rollout/           |           |
|    ep_len_mean     | 5.99      |
|    ep_rew_mean     | -9.94e+04 |
| time/              |           |
|    episodes        | 54312     |
|    fps             | 177       |
|    time_elapsed    | 5644      |
|    total_timesteps | 1000000   |
| train/             |           |
|    actor_loss      | 2.71e+05  |
|    critic_loss     | 6.01e+08  |
|    ent_coef        | 434       |
|    ent_coef_loss   | 23.1      |
|    learning_rate   | 0.0055    |
|    n_updates       | 249974    |
----------------------------------
Training ended on Wed Jan 28 01:07:52 2026
Training lasted 1:34:04.944586
