Logging to training_random_logs/4_robots/logs/PPO_set1
Using cpu device
Training started on Wed Jan 28 10:41:18 2026
Experiment configuration: {'algorithm': 'PPO', 'set': 1, 'verbose': 1, 'steps': 1000000, 'num_robots': 4, 'num_envs': 4, 'seed': 33, 'log_steps': 10000, 'resume': False, 'device': 'cpu'}
-----------------------------------------
| rollout/                |             |
|    ep_len_mean          | 63          |
|    ep_rew_mean          | -9.2e+05    |
| time/                   |             |
|    fps                  | 1000        |
|    time_elapsed         | 9           |
|    total_timesteps      | 10000       |
| train/                  |             |
|    approx_kl            | 0.004868471 |
|    clip_fraction        | 0.0155      |
|    clip_range           | 0.2         |
|    entropy_loss         | -17.1       |
|    explained_variance   | -1.55e-06   |
|    learning_rate        | 0.0017      |
|    loss                 | 1.43e+10    |
|    n_updates            | 10          |
|    policy_gradient_loss | -0.00505    |
|    std                  | 1           |
|    value_loss           | 2.82e+10    |
-----------------------------------------
------------------------------------------
| rollout/                |              |
|    ep_len_mean          | 66.2         |
|    ep_rew_mean          | -9.6e+05     |
| time/                   |              |
|    fps                  | 1003         |
|    time_elapsed         | 19           |
|    total_timesteps      | 20000        |
| train/                  |              |
|    approx_kl            | 0.0039383466 |
|    clip_fraction        | 0.00709      |
|    clip_range           | 0.2          |
|    entropy_loss         | -17.1        |
|    explained_variance   | 1.19e-07     |
|    learning_rate        | 0.0017       |
|    loss                 | 1.37e+10     |
|    n_updates            | 20           |
|    policy_gradient_loss | -0.00351     |
|    std                  | 1.01         |
|    value_loss           | 2.73e+10     |
------------------------------------------
------------------------------------------
| rollout/                |              |
|    ep_len_mean          | 53           |
|    ep_rew_mean          | -7.76e+05    |
| time/                   |              |
|    fps                  | 1005         |
|    time_elapsed         | 29           |
|    total_timesteps      | 30000        |
| train/                  |              |
|    approx_kl            | 0.0036937115 |
|    clip_fraction        | 0.00734      |
|    clip_range           | 0.2          |
|    entropy_loss         | -17.1        |
|    explained_variance   | 0            |
|    learning_rate        | 0.0017       |
|    loss                 | 1.43e+10     |
|    n_updates            | 30           |
|    policy_gradient_loss | -0.0029      |
|    std                  | 1.01         |
|    value_loss           | 2.73e+10     |
------------------------------------------
----------------------------------------
| rollout/                |            |
|    ep_len_mean          | 51.6       |
|    ep_rew_mean          | -7.57e+05  |
| time/                   |            |
|    fps                  | 1005       |
|    time_elapsed         | 39         |
|    total_timesteps      | 40000      |
| train/                  |            |
|    approx_kl            | 0.00316566 |
|    clip_fraction        | 0.0035     |
|    clip_range           | 0.2        |
|    entropy_loss         | -17.2      |
|    explained_variance   | 0          |
|    learning_rate        | 0.0017     |
|    loss                 | 1.27e+10   |
|    n_updates            | 40         |
|    policy_gradient_loss | -0.00264   |
|    std                  | 1.01       |
|    value_loss           | 2.72e+10   |
----------------------------------------
------------------------------------------
| rollout/                |              |
|    ep_len_mean          | 49.5         |
|    ep_rew_mean          | -7.16e+05    |
| time/                   |              |
|    fps                  | 918          |
|    time_elapsed         | 54           |
|    total_timesteps      | 50000        |
| train/                  |              |
|    approx_kl            | 0.0036224767 |
|    clip_fraction        | 0.00479      |
|    clip_range           | 0.2          |
|    entropy_loss         | -17.3        |
|    explained_variance   | -1.19e-07    |
|    learning_rate        | 0.0017       |
|    loss                 | 1.34e+10     |
|    n_updates            | 60           |
|    policy_gradient_loss | -0.00304     |
|    std                  | 1.02         |
|    value_loss           | 2.6e+10      |
------------------------------------------
------------------------------------------
| rollout/                |              |
|    ep_len_mean          | 58.6         |
|    ep_rew_mean          | -8.45e+05    |
| time/                   |              |
|    fps                  | 931          |
|    time_elapsed         | 64           |
|    total_timesteps      | 60000        |
| train/                  |              |
|    approx_kl            | 0.0040652454 |
|    clip_fraction        | 0.00726      |
|    clip_range           | 0.2          |
|    entropy_loss         | -17.3        |
|    explained_variance   | -1.19e-07    |
|    learning_rate        | 0.0017       |
|    loss                 | 1.29e+10     |
|    n_updates            | 70           |
|    policy_gradient_loss | -0.00356     |
|    std                  | 1.02         |
|    value_loss           | 2.7e+10      |
------------------------------------------
------------------------------------------
| rollout/                |              |
|    ep_len_mean          | 58           |
|    ep_rew_mean          | -8.35e+05    |
| time/                   |              |
|    fps                  | 941          |
|    time_elapsed         | 74           |
|    total_timesteps      | 70000        |
| train/                  |              |
|    approx_kl            | 0.0034294294 |
|    clip_fraction        | 0.00452      |
|    clip_range           | 0.2          |
|    entropy_loss         | -17.3        |
|    explained_variance   | 1.19e-07     |
|    learning_rate        | 0.0017       |
|    loss                 | 1.25e+10     |
|    n_updates            | 80           |
|    policy_gradient_loss | -0.0028      |
|    std                  | 1.03         |
|    value_loss           | 2.57e+10     |
------------------------------------------
------------------------------------------
| rollout/                |              |
|    ep_len_mean          | 55.1         |
|    ep_rew_mean          | -8e+05       |
| time/                   |              |
|    fps                  | 948          |
|    time_elapsed         | 84           |
|    total_timesteps      | 80000        |
| train/                  |              |
|    approx_kl            | 0.0036954838 |
|    clip_fraction        | 0.00551      |
|    clip_range           | 0.2          |
|    entropy_loss         | -17.4        |
|    explained_variance   | 0            |
|    learning_rate        | 0.0017       |
|    loss                 | 1.29e+10     |
|    n_updates            | 90           |
|    policy_gradient_loss | -0.00301     |
|    std                  | 1.03         |
|    value_loss           | 2.61e+10     |
------------------------------------------
------------------------------------------
| rollout/                |              |
|    ep_len_mean          | 56.7         |
|    ep_rew_mean          | -8.16e+05    |
| time/                   |              |
|    fps                  | 954          |
|    time_elapsed         | 94           |
|    total_timesteps      | 90000        |
| train/                  |              |
|    approx_kl            | 0.0040672133 |
|    clip_fraction        | 0.00815      |
|    clip_range           | 0.2          |
|    entropy_loss         | -17.4        |
|    explained_variance   | -1.19e-07    |
|    learning_rate        | 0.0017       |
|    loss                 | 1.32e+10     |
|    n_updates            | 100          |
|    policy_gradient_loss | -0.00347     |
|    std                  | 1.03         |
|    value_loss           | 2.64e+10     |
------------------------------------------
-----------------------------------------
| rollout/                |             |
|    ep_len_mean          | 54.7        |
|    ep_rew_mean          | -7.82e+05   |
| time/                   |             |
|    fps                  | 916         |
|    time_elapsed         | 109         |
|    total_timesteps      | 100000      |
| train/                  |             |
|    approx_kl            | 0.004020571 |
|    clip_fraction        | 0.0071      |
|    clip_range           | 0.2         |
|    entropy_loss         | -17.5       |
|    explained_variance   | 1.19e-07    |
|    learning_rate        | 0.0017      |
|    loss                 | 1.34e+10    |
|    n_updates            | 120         |
|    policy_gradient_loss | -0.00312    |
|    std                  | 1.04        |
|    value_loss           | 2.51e+10    |
-----------------------------------------
------------------------------------------
| rollout/                |              |
|    ep_len_mean          | 61.4         |
|    ep_rew_mean          | -8.59e+05    |
| time/                   |              |
|    fps                  | 923          |
|    time_elapsed         | 119          |
|    total_timesteps      | 110000       |
| train/                  |              |
|    approx_kl            | 0.0021980803 |
|    clip_fraction        | 0.00094      |
|    clip_range           | 0.2          |
|    entropy_loss         | -17.5        |
|    explained_variance   | 0            |
|    learning_rate        | 0.0017       |
|    loss                 | 1.27e+10     |
|    n_updates            | 130          |
|    policy_gradient_loss | -0.00191     |
|    std                  | 1.05         |
|    value_loss           | 2.51e+10     |
------------------------------------------
-----------------------------------------
| rollout/                |             |
|    ep_len_mean          | 55.2        |
|    ep_rew_mean          | -7.93e+05   |
| time/                   |             |
|    fps                  | 929         |
|    time_elapsed         | 129         |
|    total_timesteps      | 120000      |
| train/                  |             |
|    approx_kl            | 0.003334525 |
|    clip_fraction        | 0.00475     |
|    clip_range           | 0.2         |
|    entropy_loss         | -17.6       |
|    explained_variance   | -1.19e-07   |
|    learning_rate        | 0.0017      |
|    loss                 | 1.27e+10    |
|    n_updates            | 140         |
|    policy_gradient_loss | -0.0027     |
|    std                  | 1.05        |
|    value_loss           | 2.39e+10    |
-----------------------------------------
------------------------------------------
| rollout/                |              |
|    ep_len_mean          | 51           |
|    ep_rew_mean          | -7.26e+05    |
| time/                   |              |
|    fps                  | 934          |
|    time_elapsed         | 139          |
|    total_timesteps      | 130000       |
| train/                  |              |
|    approx_kl            | 0.0016699536 |
|    clip_fraction        | 0.000586     |
|    clip_range           | 0.2          |
|    entropy_loss         | -17.6        |
|    explained_variance   | 0            |
|    learning_rate        | 0.0017       |
|    loss                 | 1.22e+10     |
|    n_updates            | 150          |
|    policy_gradient_loss | -0.00178     |
|    std                  | 1.05         |
|    value_loss           | 2.57e+10     |
------------------------------------------
------------------------------------------
| rollout/                |              |
|    ep_len_mean          | 58.5         |
|    ep_rew_mean          | -8.27e+05    |
| time/                   |              |
|    fps                  | 909          |
|    time_elapsed         | 153          |
|    total_timesteps      | 140000       |
| train/                  |              |
|    approx_kl            | 0.0036070258 |
|    clip_fraction        | 0.00494      |
|    clip_range           | 0.2          |
|    entropy_loss         | -17.7        |
|    explained_variance   | -2.38e-07    |
|    learning_rate        | 0.0017       |
|    loss                 | 1.34e+10     |
|    n_updates            | 170          |
|    policy_gradient_loss | -0.00296     |
|    std                  | 1.06         |
|    value_loss           | 2.46e+10     |
------------------------------------------
------------------------------------------
| rollout/                |              |
|    ep_len_mean          | 44.5         |
|    ep_rew_mean          | -6.44e+05    |
| time/                   |              |
|    fps                  | 914          |
|    time_elapsed         | 164          |
|    total_timesteps      | 150000       |
| train/                  |              |
|    approx_kl            | 0.0046625026 |
|    clip_fraction        | 0.012        |
|    clip_range           | 0.2          |
|    entropy_loss         | -17.8        |
|    explained_variance   | 1.19e-07     |
|    learning_rate        | 0.0017       |
|    loss                 | 1.22e+10     |
|    n_updates            | 180          |
|    policy_gradient_loss | -0.00375     |
|    std                  | 1.06         |
|    value_loss           | 2.33e+10     |
------------------------------------------
----------------------------------------
| rollout/                |            |
|    ep_len_mean          | 53         |
|    ep_rew_mean          | -7.5e+05   |
| time/                   |            |
|    fps                  | 919        |
|    time_elapsed         | 174        |
|    total_timesteps      | 160000     |
| train/                  |            |
|    approx_kl            | 0.00181195 |
|    clip_fraction        | 0.000903   |
|    clip_range           | 0.2        |
|    entropy_loss         | -17.8      |
|    explained_variance   | 0          |
|    learning_rate        | 0.0017     |
|    loss                 | 1.24e+10   |
|    n_updates            | 190        |
|    policy_gradient_loss | -0.00184   |
|    std                  | 1.07       |
|    value_loss           | 2.37e+10   |
----------------------------------------
------------------------------------------
| rollout/                |              |
|    ep_len_mean          | 45.4         |
|    ep_rew_mean          | -6.57e+05    |
| time/                   |              |
|    fps                  | 923          |
|    time_elapsed         | 184          |
|    total_timesteps      | 170000       |
| train/                  |              |
|    approx_kl            | 0.0018817438 |
|    clip_fraction        | 0.000745     |
|    clip_range           | 0.2          |
|    entropy_loss         | -17.8        |
|    explained_variance   | -1.19e-07    |
|    learning_rate        | 0.0017       |
|    loss                 | 1.29e+10     |
|    n_updates            | 200          |
|    policy_gradient_loss | -0.0017      |
|    std                  | 1.07         |
|    value_loss           | 2.42e+10     |
------------------------------------------
-----------------------------------------
| rollout/                |             |
|    ep_len_mean          | 50.8        |
|    ep_rew_mean          | -7.19e+05   |
| time/                   |             |
|    fps                  | 926         |
|    time_elapsed         | 194         |
|    total_timesteps      | 180000      |
| train/                  |             |
|    approx_kl            | 0.002472221 |
|    clip_fraction        | 0.00104     |
|    clip_range           | 0.2         |
|    entropy_loss         | -17.9       |
|    explained_variance   | 0           |
|    learning_rate        | 0.0017      |
|    loss                 | 1.26e+10    |
|    n_updates            | 210         |
|    policy_gradient_loss | -0.00182    |
|    std                  | 1.07        |
|    value_loss           | 2.4e+10     |
-----------------------------------------
------------------------------------------
| rollout/                |              |
|    ep_len_mean          | 60.7         |
|    ep_rew_mean          | -8.5e+05     |
| time/                   |              |
|    fps                  | 909          |
|    time_elapsed         | 208          |
|    total_timesteps      | 190000       |
| train/                  |              |
|    approx_kl            | 0.0013411707 |
|    clip_fraction        | 0.000305     |
|    clip_range           | 0.2          |
|    entropy_loss         | -17.9        |
|    explained_variance   | 1.19e-07     |
|    learning_rate        | 0.0017       |
|    loss                 | 1.24e+10     |
|    n_updates            | 230          |
|    policy_gradient_loss | -0.00128     |
|    std                  | 1.08         |
|    value_loss           | 2.47e+10     |
------------------------------------------
------------------------------------------
| rollout/                |              |
|    ep_len_mean          | 43.8         |
|    ep_rew_mean          | -6.32e+05    |
| time/                   |              |
|    fps                  | 913          |
|    time_elapsed         | 219          |
|    total_timesteps      | 200000       |
| train/                  |              |
|    approx_kl            | 0.0038671743 |
|    clip_fraction        | 0.00594      |
|    clip_range           | 0.2          |
|    entropy_loss         | -18          |
|    explained_variance   | 0            |
|    learning_rate        | 0.0017       |
|    loss                 | 1.32e+10     |
|    n_updates            | 240          |
|    policy_gradient_loss | -0.00329     |
|    std                  | 1.09         |
|    value_loss           | 2.39e+10     |
------------------------------------------
-----------------------------------------
| rollout/                |             |
|    ep_len_mean          | 51.3        |
|    ep_rew_mean          | -7.15e+05   |
| time/                   |             |
|    fps                  | 916         |
|    time_elapsed         | 229         |
|    total_timesteps      | 210000      |
| train/                  |             |
|    approx_kl            | 0.002388898 |
|    clip_fraction        | 0.00131     |
|    clip_range           | 0.2         |
|    entropy_loss         | -18         |
|    explained_variance   | -2.38e-07   |
|    learning_rate        | 0.0017      |
|    loss                 | 1.21e+10    |
|    n_updates            | 250         |
|    policy_gradient_loss | -0.00207    |
|    std                  | 1.09        |
|    value_loss           | 2.3e+10     |
-----------------------------------------
------------------------------------------
| rollout/                |              |
|    ep_len_mean          | 47.1         |
|    ep_rew_mean          | -6.7e+05     |
| time/                   |              |
|    fps                  | 919          |
|    time_elapsed         | 239          |
|    total_timesteps      | 220000       |
| train/                  |              |
|    approx_kl            | 0.0028224385 |
|    clip_fraction        | 0.00219      |
|    clip_range           | 0.2          |
|    entropy_loss         | -18.1        |
|    explained_variance   | 1.19e-07     |
|    learning_rate        | 0.0017       |
|    loss                 | 1.21e+10     |
|    n_updates            | 260          |
|    policy_gradient_loss | -0.00253     |
|    std                  | 1.09         |
|    value_loss           | 2.25e+10     |
------------------------------------------
------------------------------------------
| rollout/                |              |
|    ep_len_mean          | 50.8         |
|    ep_rew_mean          | -7.12e+05    |
| time/                   |              |
|    fps                  | 904          |
|    time_elapsed         | 254          |
|    total_timesteps      | 230000       |
| train/                  |              |
|    approx_kl            | 0.0018022537 |
|    clip_fraction        | 0.000586     |
|    clip_range           | 0.2          |
|    entropy_loss         | -18.2        |
|    explained_variance   | -1.19e-07    |
|    learning_rate        | 0.0017       |
|    loss                 | 1.15e+10     |
|    n_updates            | 280          |
|    policy_gradient_loss | -0.00189     |
|    std                  | 1.1          |
|    value_loss           | 2.34e+10     |
------------------------------------------
-----------------------------------------
| rollout/                |             |
|    ep_len_mean          | 43.5        |
|    ep_rew_mean          | -6.22e+05   |
| time/                   |             |
|    fps                  | 907         |
|    time_elapsed         | 264         |
|    total_timesteps      | 240000      |
| train/                  |             |
|    approx_kl            | 0.001640995 |
|    clip_fraction        | 0.000537    |
|    clip_range           | 0.2         |
|    entropy_loss         | -18.2       |
|    explained_variance   | 0           |
|    learning_rate        | 0.0017      |
|    loss                 | 1.19e+10    |
|    n_updates            | 290         |
|    policy_gradient_loss | -0.00227    |
|    std                  | 1.1         |
|    value_loss           | 2.27e+10    |
-----------------------------------------
------------------------------------------
| rollout/                |              |
|    ep_len_mean          | 48.4         |
|    ep_rew_mean          | -6.8e+05     |
| time/                   |              |
|    fps                  | 910          |
|    time_elapsed         | 274          |
|    total_timesteps      | 250000       |
| train/                  |              |
|    approx_kl            | 0.0030776937 |
|    clip_fraction        | 0.00321      |
|    clip_range           | 0.2          |
|    entropy_loss         | -18.2        |
|    explained_variance   | 0            |
|    learning_rate        | 0.0017       |
|    loss                 | 1.22e+10     |
|    n_updates            | 300          |
|    policy_gradient_loss | -0.00293     |
|    std                  | 1.11         |
|    value_loss           | 2.28e+10     |
------------------------------------------
------------------------------------------
| rollout/                |              |
|    ep_len_mean          | 39.7         |
|    ep_rew_mean          | -5.79e+05    |
| time/                   |              |
|    fps                  | 913          |
|    time_elapsed         | 284          |
|    total_timesteps      | 260000       |
| train/                  |              |
|    approx_kl            | 0.0031922741 |
|    clip_fraction        | 0.00336      |
|    clip_range           | 0.2          |
|    entropy_loss         | -18.3        |
|    explained_variance   | 1.79e-07     |
|    learning_rate        | 0.0017       |
|    loss                 | 1.1e+10      |
|    n_updates            | 310          |
|    policy_gradient_loss | -0.00285     |
|    std                  | 1.11         |
|    value_loss           | 2.26e+10     |
------------------------------------------
------------------------------------------
| rollout/                |              |
|    ep_len_mean          | 43.5         |
|    ep_rew_mean          | -6.14e+05    |
| time/                   |              |
|    fps                  | 915          |
|    time_elapsed         | 294          |
|    total_timesteps      | 270000       |
| train/                  |              |
|    approx_kl            | 0.0033743996 |
|    clip_fraction        | 0.00391      |
|    clip_range           | 0.2          |
|    entropy_loss         | -18.3        |
|    explained_variance   | 0            |
|    learning_rate        | 0.0017       |
|    loss                 | 1.07e+10     |
|    n_updates            | 320          |
|    policy_gradient_loss | -0.00299     |
|    std                  | 1.12         |
|    value_loss           | 2.26e+10     |
------------------------------------------
------------------------------------------
| rollout/                |              |
|    ep_len_mean          | 49.6         |
|    ep_rew_mean          | -6.9e+05     |
| time/                   |              |
|    fps                  | 903          |
|    time_elapsed         | 309          |
|    total_timesteps      | 280000       |
| train/                  |              |
|    approx_kl            | 0.0018858733 |
|    clip_fraction        | 0.000732     |
|    clip_range           | 0.2          |
|    entropy_loss         | -18.4        |
|    explained_variance   | 1.79e-07     |
|    learning_rate        | 0.0017       |
|    loss                 | 1.15e+10     |
|    n_updates            | 340          |
|    policy_gradient_loss | -0.00191     |
|    std                  | 1.13         |
|    value_loss           | 2.14e+10     |
------------------------------------------
------------------------------------------
| rollout/                |              |
|    ep_len_mean          | 43.5         |
|    ep_rew_mean          | -6.06e+05    |
| time/                   |              |
|    fps                  | 906          |
|    time_elapsed         | 320          |
|    total_timesteps      | 290000       |
| train/                  |              |
|    approx_kl            | 0.0021464059 |
|    clip_fraction        | 0.000916     |
|    clip_range           | 0.2          |
|    entropy_loss         | -18.5        |
|    explained_variance   | 0            |
|    learning_rate        | 0.0017       |
|    loss                 | 1.07e+10     |
|    n_updates            | 350          |
|    policy_gradient_loss | -0.00206     |
|    std                  | 1.13         |
|    value_loss           | 2.22e+10     |
------------------------------------------
------------------------------------------
| rollout/                |              |
|    ep_len_mean          | 48.8         |
|    ep_rew_mean          | -6.68e+05    |
| time/                   |              |
|    fps                  | 908          |
|    time_elapsed         | 330          |
|    total_timesteps      | 300000       |
| train/                  |              |
|    approx_kl            | 0.0023820442 |
|    clip_fraction        | 0.00145      |
|    clip_range           | 0.2          |
|    entropy_loss         | -18.5        |
|    explained_variance   | -2.38e-07    |
|    learning_rate        | 0.0017       |
|    loss                 | 1.04e+10     |
|    n_updates            | 360          |
|    policy_gradient_loss | -0.00232     |
|    std                  | 1.13         |
|    value_loss           | 2.14e+10     |
------------------------------------------
------------------------------------------
| rollout/                |              |
|    ep_len_mean          | 45           |
|    ep_rew_mean          | -6.22e+05    |
| time/                   |              |
|    fps                  | 910          |
|    time_elapsed         | 340          |
|    total_timesteps      | 310000       |
| train/                  |              |
|    approx_kl            | 0.0030567143 |
|    clip_fraction        | 0.00314      |
|    clip_range           | 0.2          |
|    entropy_loss         | -18.6        |
|    explained_variance   | 0            |
|    learning_rate        | 0.0017       |
|    loss                 | 1.09e+10     |
|    n_updates            | 370          |
|    policy_gradient_loss | -0.00251     |
|    std                  | 1.14         |
|    value_loss           | 2.16e+10     |
------------------------------------------
------------------------------------------
| rollout/                |              |
|    ep_len_mean          | 39.8         |
|    ep_rew_mean          | -5.55e+05    |
| time/                   |              |
|    fps                  | 900          |
|    time_elapsed         | 355          |
|    total_timesteps      | 320000       |
| train/                  |              |
|    approx_kl            | 0.0018774169 |
|    clip_fraction        | 0.00061      |
|    clip_range           | 0.2          |
|    entropy_loss         | -18.6        |
|    explained_variance   | 1.19e-07     |
|    learning_rate        | 0.0017       |
|    loss                 | 1.06e+10     |
|    n_updates            | 390          |
|    policy_gradient_loss | -0.00205     |
|    std                  | 1.15         |
|    value_loss           | 2.11e+10     |
------------------------------------------
------------------------------------------
| rollout/                |              |
|    ep_len_mean          | 43.8         |
|    ep_rew_mean          | -6.11e+05    |
| time/                   |              |
|    fps                  | 902          |
|    time_elapsed         | 365          |
|    total_timesteps      | 330000       |
| train/                  |              |
|    approx_kl            | 0.0021159695 |
|    clip_fraction        | 0.000586     |
|    clip_range           | 0.2          |
|    entropy_loss         | -18.7        |
|    explained_variance   | 0            |
|    learning_rate        | 0.0017       |
|    loss                 | 1.06e+10     |
|    n_updates            | 400          |
|    policy_gradient_loss | -0.00178     |
|    std                  | 1.15         |
|    value_loss           | 2.14e+10     |
------------------------------------------
------------------------------------------
| rollout/                |              |
|    ep_len_mean          | 44.4         |
|    ep_rew_mean          | -6.22e+05    |
| time/                   |              |
|    fps                  | 905          |
|    time_elapsed         | 375          |
|    total_timesteps      | 340000       |
| train/                  |              |
|    approx_kl            | 0.0015554811 |
|    clip_fraction        | 0.000269     |
|    clip_range           | 0.2          |
|    entropy_loss         | -18.7        |
|    explained_variance   | -2.38e-07    |
|    learning_rate        | 0.0017       |
|    loss                 | 9.51e+09     |
|    n_updates            | 410          |
|    policy_gradient_loss | -0.00162     |
|    std                  | 1.15         |
|    value_loss           | 2.05e+10     |
------------------------------------------
------------------------------------------
| rollout/                |              |
|    ep_len_mean          | 43.1         |
|    ep_rew_mean          | -5.89e+05    |
| time/                   |              |
|    fps                  | 907          |
|    time_elapsed         | 385          |
|    total_timesteps      | 350000       |
| train/                  |              |
|    approx_kl            | 0.0015698249 |
|    clip_fraction        | 0.000244     |
|    clip_range           | 0.2          |
|    entropy_loss         | -18.8        |
|    explained_variance   | 1.19e-07     |
|    learning_rate        | 0.0017       |
|    loss                 | 1.09e+10     |
|    n_updates            | 420          |
|    policy_gradient_loss | -0.00175     |
|    std                  | 1.16         |
|    value_loss           | 2.15e+10     |
------------------------------------------
-----------------------------------------
| rollout/                |             |
|    ep_len_mean          | 50.9        |
|    ep_rew_mean          | -6.95e+05   |
| time/                   |             |
|    fps                  | 909         |
|    time_elapsed         | 395         |
|    total_timesteps      | 360000      |
| train/                  |             |
|    approx_kl            | 0.002361515 |
|    clip_fraction        | 0.00128     |
|    clip_range           | 0.2         |
|    entropy_loss         | -18.8       |
|    explained_variance   | 0           |
|    learning_rate        | 0.0017      |
|    loss                 | 1.07e+10    |
|    n_updates            | 430         |
|    policy_gradient_loss | -0.00223    |
|    std                  | 1.16        |
|    value_loss           | 1.99e+10    |
-----------------------------------------
---------------------------------------
| rollout/                |           |
|    ep_len_mean          | 42.5      |
|    ep_rew_mean          | -5.92e+05 |
| time/                   |           |
|    fps                  | 900       |
|    time_elapsed         | 411       |
|    total_timesteps      | 370000    |
| train/                  |           |
|    approx_kl            | 0.0024551 |
|    clip_fraction        | 0.00239   |
|    clip_range           | 0.2       |
|    entropy_loss         | -18.9     |
|    explained_variance   | 0         |
|    learning_rate        | 0.0017    |
|    loss                 | 1.15e+10  |
|    n_updates            | 450       |
|    policy_gradient_loss | -0.00249  |
|    std                  | 1.17      |
|    value_loss           | 2.11e+10  |
---------------------------------------
------------------------------------------
| rollout/                |              |
|    ep_len_mean          | 42.2         |
|    ep_rew_mean          | -5.85e+05    |
| time/                   |              |
|    fps                  | 902          |
|    time_elapsed         | 421          |
|    total_timesteps      | 380000       |
| train/                  |              |
|    approx_kl            | 0.0024528038 |
|    clip_fraction        | 0.00162      |
|    clip_range           | 0.2          |
|    entropy_loss         | -18.9        |
|    explained_variance   | 0            |
|    learning_rate        | 0.0017       |
|    loss                 | 1.04e+10     |
|    n_updates            | 460          |
|    policy_gradient_loss | -0.00256     |
|    std                  | 1.18         |
|    value_loss           | 2.09e+10     |
------------------------------------------
------------------------------------------
| rollout/                |              |
|    ep_len_mean          | 40.7         |
|    ep_rew_mean          | -5.64e+05    |
| time/                   |              |
|    fps                  | 904          |
|    time_elapsed         | 431          |
|    total_timesteps      | 390000       |
| train/                  |              |
|    approx_kl            | 0.0014426068 |
|    clip_fraction        | 0.000366     |
|    clip_range           | 0.2          |
|    entropy_loss         | -19          |
|    explained_variance   | 1.79e-07     |
|    learning_rate        | 0.0017       |
|    loss                 | 1e+10        |
|    n_updates            | 470          |
|    policy_gradient_loss | -0.00154     |
|    std                  | 1.18         |
|    value_loss           | 2.06e+10     |
------------------------------------------
------------------------------------------
| rollout/                |              |
|    ep_len_mean          | 39.3         |
|    ep_rew_mean          | -5.55e+05    |
| time/                   |              |
|    fps                  | 905          |
|    time_elapsed         | 441          |
|    total_timesteps      | 400000       |
| train/                  |              |
|    approx_kl            | 0.0020414847 |
|    clip_fraction        | 0.000708     |
|    clip_range           | 0.2          |
|    entropy_loss         | -19          |
|    explained_variance   | -1.19e-07    |
|    learning_rate        | 0.0017       |
|    loss                 | 1.03e+10     |
|    n_updates            | 480          |
|    policy_gradient_loss | -0.0021      |
|    std                  | 1.18         |
|    value_loss           | 2.05e+10     |
------------------------------------------
------------------------------------------
| rollout/                |              |
|    ep_len_mean          | 41.7         |
|    ep_rew_mean          | -5.78e+05    |
| time/                   |              |
|    fps                  | 897          |
|    time_elapsed         | 456          |
|    total_timesteps      | 410000       |
| train/                  |              |
|    approx_kl            | 0.0016730659 |
|    clip_fraction        | 0.00061      |
|    clip_range           | 0.2          |
|    entropy_loss         | -19.1        |
|    explained_variance   | 1.79e-07     |
|    learning_rate        | 0.0017       |
|    loss                 | 1.01e+10     |
|    n_updates            | 500          |
|    policy_gradient_loss | -0.00197     |
|    std                  | 1.19         |
|    value_loss           | 1.99e+10     |
------------------------------------------
------------------------------------------
| rollout/                |              |
|    ep_len_mean          | 44           |
|    ep_rew_mean          | -6.09e+05    |
| time/                   |              |
|    fps                  | 899          |
|    time_elapsed         | 466          |
|    total_timesteps      | 420000       |
| train/                  |              |
|    approx_kl            | 0.0015277729 |
|    clip_fraction        | 0.000745     |
|    clip_range           | 0.2          |
|    entropy_loss         | -19.2        |
|    explained_variance   | 0            |
|    learning_rate        | 0.0017       |
|    loss                 | 9.92e+09     |
|    n_updates            | 510          |
|    policy_gradient_loss | -0.00196     |
|    std                  | 1.2          |
|    value_loss           | 2.03e+10     |
------------------------------------------
------------------------------------------
| rollout/                |              |
|    ep_len_mean          | 37.2         |
|    ep_rew_mean          | -5.18e+05    |
| time/                   |              |
|    fps                  | 901          |
|    time_elapsed         | 477          |
|    total_timesteps      | 430000       |
| train/                  |              |
|    approx_kl            | 0.0023225155 |
|    clip_fraction        | 0.00173      |
|    clip_range           | 0.2          |
|    entropy_loss         | -19.2        |
|    explained_variance   | -1.19e-07    |
|    learning_rate        | 0.0017       |
|    loss                 | 1.01e+10     |
|    n_updates            | 520          |
|    policy_gradient_loss | -0.00238     |
|    std                  | 1.2          |
|    value_loss           | 1.95e+10     |
------------------------------------------
------------------------------------------
| rollout/                |              |
|    ep_len_mean          | 44.8         |
|    ep_rew_mean          | -6.19e+05    |
| time/                   |              |
|    fps                  | 902          |
|    time_elapsed         | 487          |
|    total_timesteps      | 440000       |
| train/                  |              |
|    approx_kl            | 0.0022437945 |
|    clip_fraction        | 0.00123      |
|    clip_range           | 0.2          |
|    entropy_loss         | -19.3        |
|    explained_variance   | 1.79e-07     |
|    learning_rate        | 0.0017       |
|    loss                 | 1.02e+10     |
|    n_updates            | 530          |
|    policy_gradient_loss | -0.0026      |
|    std                  | 1.21         |
|    value_loss           | 1.94e+10     |
------------------------------------------
------------------------------------------
| rollout/                |              |
|    ep_len_mean          | 41.6         |
|    ep_rew_mean          | -5.71e+05    |
| time/                   |              |
|    fps                  | 904          |
|    time_elapsed         | 497          |
|    total_timesteps      | 450000       |
| train/                  |              |
|    approx_kl            | 0.0023565185 |
|    clip_fraction        | 0.00189      |
|    clip_range           | 0.2          |
|    entropy_loss         | -19.3        |
|    explained_variance   | -1.19e-07    |
|    learning_rate        | 0.0017       |
|    loss                 | 1.01e+10     |
|    n_updates            | 540          |
|    policy_gradient_loss | -0.00256     |
|    std                  | 1.21         |
|    value_loss           | 1.99e+10     |
------------------------------------------
------------------------------------------
| rollout/                |              |
|    ep_len_mean          | 42.9         |
|    ep_rew_mean          | -5.87e+05    |
| time/                   |              |
|    fps                  | 897          |
|    time_elapsed         | 512          |
|    total_timesteps      | 460000       |
| train/                  |              |
|    approx_kl            | 0.0018949813 |
|    clip_fraction        | 0.000781     |
|    clip_range           | 0.2          |
|    entropy_loss         | -19.4        |
|    explained_variance   | 0            |
|    learning_rate        | 0.0017       |
|    loss                 | 9.54e+09     |
|    n_updates            | 560          |
|    policy_gradient_loss | -0.00233     |
|    std                  | 1.22         |
|    value_loss           | 1.94e+10     |
------------------------------------------
-----------------------------------------
| rollout/                |             |
|    ep_len_mean          | 39.1        |
|    ep_rew_mean          | -5.42e+05   |
| time/                   |             |
|    fps                  | 899         |
|    time_elapsed         | 522         |
|    total_timesteps      | 470000      |
| train/                  |             |
|    approx_kl            | 0.002982039 |
|    clip_fraction        | 0.00403     |
|    clip_range           | 0.2         |
|    entropy_loss         | -19.5       |
|    explained_variance   | -1.19e-07   |
|    learning_rate        | 0.0017      |
|    loss                 | 1.01e+10    |
|    n_updates            | 570         |
|    policy_gradient_loss | -0.00335    |
|    std                  | 1.23        |
|    value_loss           | 1.99e+10    |
-----------------------------------------
------------------------------------------
| rollout/                |              |
|    ep_len_mean          | 45.9         |
|    ep_rew_mean          | -6.2e+05     |
| time/                   |              |
|    fps                  | 900          |
|    time_elapsed         | 533          |
|    total_timesteps      | 480000       |
| train/                  |              |
|    approx_kl            | 0.0018244515 |
|    clip_fraction        | 0.000977     |
|    clip_range           | 0.2          |
|    entropy_loss         | -19.5        |
|    explained_variance   | 2.38e-07     |
|    learning_rate        | 0.0017       |
|    loss                 | 9.74e+09     |
|    n_updates            | 580          |
|    policy_gradient_loss | -0.00209     |
|    std                  | 1.23         |
|    value_loss           | 1.89e+10     |
------------------------------------------
-----------------------------------------
| rollout/                |             |
|    ep_len_mean          | 40.6        |
|    ep_rew_mean          | -5.55e+05   |
| time/                   |             |
|    fps                  | 901         |
|    time_elapsed         | 543         |
|    total_timesteps      | 490000      |
| train/                  |             |
|    approx_kl            | 0.003268268 |
|    clip_fraction        | 0.00487     |
|    clip_range           | 0.2         |
|    entropy_loss         | -19.6       |
|    explained_variance   | 0           |
|    learning_rate        | 0.0017      |
|    loss                 | 8.93e+09    |
|    n_updates            | 590         |
|    policy_gradient_loss | -0.00346    |
|    std                  | 1.24        |
|    value_loss           | 1.91e+10    |
-----------------------------------------
------------------------------------------
| rollout/                |              |
|    ep_len_mean          | 39.4         |
|    ep_rew_mean          | -5.45e+05    |
| time/                   |              |
|    fps                  | 895          |
|    time_elapsed         | 558          |
|    total_timesteps      | 500000       |
| train/                  |              |
|    approx_kl            | 0.0023682867 |
|    clip_fraction        | 0.00286      |
|    clip_range           | 0.2          |
|    entropy_loss         | -19.6        |
|    explained_variance   | 0            |
|    learning_rate        | 0.0017       |
|    loss                 | 9.6e+09      |
|    n_updates            | 610          |
|    policy_gradient_loss | -0.00236     |
|    std                  | 1.25         |
|    value_loss           | 1.93e+10     |
------------------------------------------
------------------------------------------
| rollout/                |              |
|    ep_len_mean          | 35.9         |
|    ep_rew_mean          | -4.89e+05    |
| time/                   |              |
|    fps                  | 896          |
|    time_elapsed         | 568          |
|    total_timesteps      | 510000       |
| train/                  |              |
|    approx_kl            | 0.0013889266 |
|    clip_fraction        | 0.000391     |
|    clip_range           | 0.2          |
|    entropy_loss         | -19.7        |
|    explained_variance   | -1.19e-07    |
|    learning_rate        | 0.0017       |
|    loss                 | 9.36e+09     |
|    n_updates            | 620          |
|    policy_gradient_loss | -0.00182     |
|    std                  | 1.25         |
|    value_loss           | 1.87e+10     |
------------------------------------------
------------------------------------------
| rollout/                |              |
|    ep_len_mean          | 32           |
|    ep_rew_mean          | -4.52e+05    |
| time/                   |              |
|    fps                  | 898          |
|    time_elapsed         | 578          |
|    total_timesteps      | 520000       |
| train/                  |              |
|    approx_kl            | 0.0013916634 |
|    clip_fraction        | 0.000525     |
|    clip_range           | 0.2          |
|    entropy_loss         | -19.7        |
|    explained_variance   | 0            |
|    learning_rate        | 0.0017       |
|    loss                 | 8.55e+09     |
|    n_updates            | 630          |
|    policy_gradient_loss | -0.00206     |
|    std                  | 1.26         |
|    value_loss           | 1.83e+10     |
------------------------------------------
------------------------------------------
| rollout/                |              |
|    ep_len_mean          | 38.5         |
|    ep_rew_mean          | -5.26e+05    |
| time/                   |              |
|    fps                  | 900          |
|    time_elapsed         | 588          |
|    total_timesteps      | 530000       |
| train/                  |              |
|    approx_kl            | 0.0019048075 |
|    clip_fraction        | 0.00118      |
|    clip_range           | 0.2          |
|    entropy_loss         | -19.8        |
|    explained_variance   | 0            |
|    learning_rate        | 0.0017       |
|    loss                 | 9.47e+09     |
|    n_updates            | 640          |
|    policy_gradient_loss | -0.00208     |
|    std                  | 1.26         |
|    value_loss           | 1.84e+10     |
------------------------------------------
------------------------------------------
| rollout/                |              |
|    ep_len_mean          | 36.4         |
|    ep_rew_mean          | -5.04e+05    |
| time/                   |              |
|    fps                  | 902          |
|    time_elapsed         | 598          |
|    total_timesteps      | 540000       |
| train/                  |              |
|    approx_kl            | 0.0016850391 |
|    clip_fraction        | 0.000647     |
|    clip_range           | 0.2          |
|    entropy_loss         | -19.8        |
|    explained_variance   | 0            |
|    learning_rate        | 0.0017       |
|    loss                 | 9.77e+09     |
|    n_updates            | 650          |
|    policy_gradient_loss | -0.00206     |
|    std                  | 1.27         |
|    value_loss           | 1.82e+10     |
------------------------------------------
-----------------------------------------
| rollout/                |             |
|    ep_len_mean          | 42          |
|    ep_rew_mean          | -5.68e+05   |
| time/                   |             |
|    fps                  | 896         |
|    time_elapsed         | 613         |
|    total_timesteps      | 550000      |
| train/                  |             |
|    approx_kl            | 0.002421739 |
|    clip_fraction        | 0.00186     |
|    clip_range           | 0.2         |
|    entropy_loss         | -19.9       |
|    explained_variance   | 0           |
|    learning_rate        | 0.0017      |
|    loss                 | 9.15e+09    |
|    n_updates            | 670         |
|    policy_gradient_loss | -0.00221    |
|    std                  | 1.28        |
|    value_loss           | 1.84e+10    |
-----------------------------------------
-----------------------------------------
| rollout/                |             |
|    ep_len_mean          | 29.4        |
|    ep_rew_mean          | -4.15e+05   |
| time/                   |             |
|    fps                  | 898         |
|    time_elapsed         | 623         |
|    total_timesteps      | 560000      |
| train/                  |             |
|    approx_kl            | 0.002201115 |
|    clip_fraction        | 0.00221     |
|    clip_range           | 0.2         |
|    entropy_loss         | -20         |
|    explained_variance   | 0           |
|    learning_rate        | 0.0017      |
|    loss                 | 9.25e+09    |
|    n_updates            | 680         |
|    policy_gradient_loss | -0.00222    |
|    std                  | 1.28        |
|    value_loss           | 1.79e+10    |
-----------------------------------------
------------------------------------------
| rollout/                |              |
|    ep_len_mean          | 38.1         |
|    ep_rew_mean          | -5.28e+05    |
| time/                   |              |
|    fps                  | 899          |
|    time_elapsed         | 633          |
|    total_timesteps      | 570000       |
| train/                  |              |
|    approx_kl            | 0.0022992631 |
|    clip_fraction        | 0.00242      |
|    clip_range           | 0.2          |
|    entropy_loss         | -20          |
|    explained_variance   | 0            |
|    learning_rate        | 0.0017       |
|    loss                 | 8.8e+09      |
|    n_updates            | 690          |
|    policy_gradient_loss | -0.00232     |
|    std                  | 1.29         |
|    value_loss           | 1.77e+10     |
------------------------------------------
------------------------------------------
| rollout/                |              |
|    ep_len_mean          | 30.7         |
|    ep_rew_mean          | -4.4e+05     |
| time/                   |              |
|    fps                  | 901          |
|    time_elapsed         | 643          |
|    total_timesteps      | 580000       |
| train/                  |              |
|    approx_kl            | 0.0027210189 |
|    clip_fraction        | 0.00417      |
|    clip_range           | 0.2          |
|    entropy_loss         | -20.1        |
|    explained_variance   | -2.38e-07    |
|    learning_rate        | 0.0017       |
|    loss                 | 9.37e+09     |
|    n_updates            | 700          |
|    policy_gradient_loss | -0.00292     |
|    std                  | 1.29         |
|    value_loss           | 1.87e+10     |
------------------------------------------
------------------------------------------
| rollout/                |              |
|    ep_len_mean          | 36.1         |
|    ep_rew_mean          | -4.92e+05    |
| time/                   |              |
|    fps                  | 896          |
|    time_elapsed         | 658          |
|    total_timesteps      | 590000       |
| train/                  |              |
|    approx_kl            | 0.0035330602 |
|    clip_fraction        | 0.00807      |
|    clip_range           | 0.2          |
|    entropy_loss         | -20.2        |
|    explained_variance   | 0            |
|    learning_rate        | 0.0017       |
|    loss                 | 8.67e+09     |
|    n_updates            | 720          |
|    policy_gradient_loss | -0.00337     |
|    std                  | 1.3          |
|    value_loss           | 1.71e+10     |
------------------------------------------
-----------------------------------------
| rollout/                |             |
|    ep_len_mean          | 30.5        |
|    ep_rew_mean          | -4.33e+05   |
| time/                   |             |
|    fps                  | 897         |
|    time_elapsed         | 668         |
|    total_timesteps      | 600000      |
| train/                  |             |
|    approx_kl            | 0.002018444 |
|    clip_fraction        | 0.00188     |
|    clip_range           | 0.2         |
|    entropy_loss         | -20.2       |
|    explained_variance   | 0           |
|    learning_rate        | 0.0017      |
|    loss                 | 7.68e+09    |
|    n_updates            | 730         |
|    policy_gradient_loss | -0.00194    |
|    std                  | 1.31        |
|    value_loss           | 1.72e+10    |
-----------------------------------------
------------------------------------------
| rollout/                |              |
|    ep_len_mean          | 34.6         |
|    ep_rew_mean          | -4.76e+05    |
| time/                   |              |
|    fps                  | 899          |
|    time_elapsed         | 678          |
|    total_timesteps      | 610000       |
| train/                  |              |
|    approx_kl            | 0.0035948528 |
|    clip_fraction        | 0.0129       |
|    clip_range           | 0.2          |
|    entropy_loss         | -20.3        |
|    explained_variance   | 1.79e-07     |
|    learning_rate        | 0.0017       |
|    loss                 | 9.27e+09     |
|    n_updates            | 740          |
|    policy_gradient_loss | -0.00352     |
|    std                  | 1.31         |
|    value_loss           | 1.77e+10     |
------------------------------------------
------------------------------------------
| rollout/                |              |
|    ep_len_mean          | 30.6         |
|    ep_rew_mean          | -4.33e+05    |
| time/                   |              |
|    fps                  | 900          |
|    time_elapsed         | 688          |
|    total_timesteps      | 620000       |
| train/                  |              |
|    approx_kl            | 0.0014549256 |
|    clip_fraction        | 0.000806     |
|    clip_range           | 0.2          |
|    entropy_loss         | -20.3        |
|    explained_variance   | 0            |
|    learning_rate        | 0.0017       |
|    loss                 | 9.21e+09     |
|    n_updates            | 750          |
|    policy_gradient_loss | -0.00225     |
|    std                  | 1.32         |
|    value_loss           | 1.73e+10     |
------------------------------------------
------------------------------------------
| rollout/                |              |
|    ep_len_mean          | 35.5         |
|    ep_rew_mean          | -4.83e+05    |
| time/                   |              |
|    fps                  | 902          |
|    time_elapsed         | 698          |
|    total_timesteps      | 630000       |
| train/                  |              |
|    approx_kl            | 0.0018960359 |
|    clip_fraction        | 0.00145      |
|    clip_range           | 0.2          |
|    entropy_loss         | -20.4        |
|    explained_variance   | 0            |
|    learning_rate        | 0.0017       |
|    loss                 | 8.36e+09     |
|    n_updates            | 760          |
|    policy_gradient_loss | -0.00232     |
|    std                  | 1.32         |
|    value_loss           | 1.71e+10     |
------------------------------------------
------------------------------------------
| rollout/                |              |
|    ep_len_mean          | 31.1         |
|    ep_rew_mean          | -4.38e+05    |
| time/                   |              |
|    fps                  | 897          |
|    time_elapsed         | 713          |
|    total_timesteps      | 640000       |
| train/                  |              |
|    approx_kl            | 0.0026681516 |
|    clip_fraction        | 0.00464      |
|    clip_range           | 0.2          |
|    entropy_loss         | -20.5        |
|    explained_variance   | -2.38e-07    |
|    learning_rate        | 0.0017       |
|    loss                 | 9.31e+09     |
|    n_updates            | 780          |
|    policy_gradient_loss | -0.00255     |
|    std                  | 1.33         |
|    value_loss           | 1.73e+10     |
------------------------------------------
------------------------------------------
| rollout/                |              |
|    ep_len_mean          | 35.5         |
|    ep_rew_mean          | -4.91e+05    |
| time/                   |              |
|    fps                  | 898          |
|    time_elapsed         | 723          |
|    total_timesteps      | 650000       |
| train/                  |              |
|    approx_kl            | 0.0025796779 |
|    clip_fraction        | 0.00206      |
|    clip_range           | 0.2          |
|    entropy_loss         | -20.5        |
|    explained_variance   | 0            |
|    learning_rate        | 0.0017       |
|    loss                 | 8.52e+09     |
|    n_updates            | 790          |
|    policy_gradient_loss | -0.00219     |
|    std                  | 1.34         |
|    value_loss           | 1.72e+10     |
------------------------------------------
------------------------------------------
| rollout/                |              |
|    ep_len_mean          | 32.2         |
|    ep_rew_mean          | -4.5e+05     |
| time/                   |              |
|    fps                  | 900          |
|    time_elapsed         | 733          |
|    total_timesteps      | 660000       |
| train/                  |              |
|    approx_kl            | 0.0016673664 |
|    clip_fraction        | 0.000793     |
|    clip_range           | 0.2          |
|    entropy_loss         | -20.5        |
|    explained_variance   | 0            |
|    learning_rate        | 0.0017       |
|    loss                 | 7.91e+09     |
|    n_updates            | 800          |
|    policy_gradient_loss | -0.00176     |
|    std                  | 1.34         |
|    value_loss           | 1.7e+10      |
------------------------------------------
------------------------------------------
| rollout/                |              |
|    ep_len_mean          | 34.9         |
|    ep_rew_mean          | -4.74e+05    |
| time/                   |              |
|    fps                  | 901          |
|    time_elapsed         | 743          |
|    total_timesteps      | 670000       |
| train/                  |              |
|    approx_kl            | 0.0025996594 |
|    clip_fraction        | 0.00457      |
|    clip_range           | 0.2          |
|    entropy_loss         | -20.6        |
|    explained_variance   | 0            |
|    learning_rate        | 0.0017       |
|    loss                 | 8.85e+09     |
|    n_updates            | 810          |
|    policy_gradient_loss | -0.00297     |
|    std                  | 1.35         |
|    value_loss           | 1.76e+10     |
------------------------------------------
-----------------------------------------
| rollout/                |             |
|    ep_len_mean          | 33.4        |
|    ep_rew_mean          | -4.6e+05    |
| time/                   |             |
|    fps                  | 896         |
|    time_elapsed         | 758         |
|    total_timesteps      | 680000      |
| train/                  |             |
|    approx_kl            | 0.003402383 |
|    clip_fraction        | 0.00912     |
|    clip_range           | 0.2         |
|    entropy_loss         | -20.7       |
|    explained_variance   | 0           |
|    learning_rate        | 0.0017      |
|    loss                 | 8.65e+09    |
|    n_updates            | 830         |
|    policy_gradient_loss | -0.00365    |
|    std                  | 1.36        |
|    value_loss           | 1.72e+10    |
-----------------------------------------
-----------------------------------------
| rollout/                |             |
|    ep_len_mean          | 36.4        |
|    ep_rew_mean          | -4.95e+05   |
| time/                   |             |
|    fps                  | 898         |
|    time_elapsed         | 768         |
|    total_timesteps      | 690000      |
| train/                  |             |
|    approx_kl            | 0.002369332 |
|    clip_fraction        | 0.00229     |
|    clip_range           | 0.2         |
|    entropy_loss         | -20.7       |
|    explained_variance   | -1.19e-07   |
|    learning_rate        | 0.0017      |
|    loss                 | 8.52e+09    |
|    n_updates            | 840         |
|    policy_gradient_loss | -0.00226    |
|    std                  | 1.36        |
|    value_loss           | 1.7e+10     |
-----------------------------------------
------------------------------------------
| rollout/                |              |
|    ep_len_mean          | 33.1         |
|    ep_rew_mean          | -4.57e+05    |
| time/                   |              |
|    fps                  | 899          |
|    time_elapsed         | 778          |
|    total_timesteps      | 700000       |
| train/                  |              |
|    approx_kl            | 0.0013396324 |
|    clip_fraction        | 0.000452     |
|    clip_range           | 0.2          |
|    entropy_loss         | -20.8        |
|    explained_variance   | 0            |
|    learning_rate        | 0.0017       |
|    loss                 | 8.37e+09     |
|    n_updates            | 850          |
|    policy_gradient_loss | -0.00176     |
|    std                  | 1.37         |
|    value_loss           | 1.73e+10     |
------------------------------------------
-----------------------------------------
| rollout/                |             |
|    ep_len_mean          | 31.5        |
|    ep_rew_mean          | -4.4e+05    |
| time/                   |             |
|    fps                  | 900         |
|    time_elapsed         | 788         |
|    total_timesteps      | 710000      |
| train/                  |             |
|    approx_kl            | 0.001267668 |
|    clip_fraction        | 0.000635    |
|    clip_range           | 0.2         |
|    entropy_loss         | -20.8       |
|    explained_variance   | -1.19e-07   |
|    learning_rate        | 0.0017      |
|    loss                 | 7.66e+09    |
|    n_updates            | 860         |
|    policy_gradient_loss | -0.00192    |
|    std                  | 1.38        |
|    value_loss           | 1.67e+10    |
-----------------------------------------
------------------------------------------
| rollout/                |              |
|    ep_len_mean          | 34.5         |
|    ep_rew_mean          | -4.68e+05    |
| time/                   |              |
|    fps                  | 901          |
|    time_elapsed         | 798          |
|    total_timesteps      | 720000       |
| train/                  |              |
|    approx_kl            | 0.0022008102 |
|    clip_fraction        | 0.00186      |
|    clip_range           | 0.2          |
|    entropy_loss         | -20.9        |
|    explained_variance   | -1.19e-07    |
|    learning_rate        | 0.0017       |
|    loss                 | 9.49e+09     |
|    n_updates            | 870          |
|    policy_gradient_loss | -0.00213     |
|    std                  | 1.38         |
|    value_loss           | 1.69e+10     |
------------------------------------------
-----------------------------------------
| rollout/                |             |
|    ep_len_mean          | 34.6        |
|    ep_rew_mean          | -4.66e+05   |
| time/                   |             |
|    fps                  | 897         |
|    time_elapsed         | 813         |
|    total_timesteps      | 730000      |
| train/                  |             |
|    approx_kl            | 0.002505199 |
|    clip_fraction        | 0.0038      |
|    clip_range           | 0.2         |
|    entropy_loss         | -21         |
|    explained_variance   | 0           |
|    learning_rate        | 0.0017      |
|    loss                 | 8.37e+09    |
|    n_updates            | 890         |
|    policy_gradient_loss | -0.00241    |
|    std                  | 1.39        |
|    value_loss           | 1.63e+10    |
-----------------------------------------
------------------------------------------
| rollout/                |              |
|    ep_len_mean          | 32.4         |
|    ep_rew_mean          | -4.49e+05    |
| time/                   |              |
|    fps                  | 898          |
|    time_elapsed         | 823          |
|    total_timesteps      | 740000       |
| train/                  |              |
|    approx_kl            | 0.0022908761 |
|    clip_fraction        | 0.00399      |
|    clip_range           | 0.2          |
|    entropy_loss         | -21          |
|    explained_variance   | 1.19e-07     |
|    learning_rate        | 0.0017       |
|    loss                 | 8.91e+09     |
|    n_updates            | 900          |
|    policy_gradient_loss | -0.00246     |
|    std                  | 1.4          |
|    value_loss           | 1.62e+10     |
------------------------------------------
------------------------------------------
| rollout/                |              |
|    ep_len_mean          | 31.6         |
|    ep_rew_mean          | -4.36e+05    |
| time/                   |              |
|    fps                  | 899          |
|    time_elapsed         | 833          |
|    total_timesteps      | 750000       |
| train/                  |              |
|    approx_kl            | 0.0016401764 |
|    clip_fraction        | 0.00118      |
|    clip_range           | 0.2          |
|    entropy_loss         | -21.1        |
|    explained_variance   | -1.19e-07    |
|    learning_rate        | 0.0017       |
|    loss                 | 8.02e+09     |
|    n_updates            | 910          |
|    policy_gradient_loss | -0.00192     |
|    std                  | 1.4          |
|    value_loss           | 1.69e+10     |
------------------------------------------
------------------------------------------
| rollout/                |              |
|    ep_len_mean          | 34.8         |
|    ep_rew_mean          | -4.7e+05     |
| time/                   |              |
|    fps                  | 900          |
|    time_elapsed         | 843          |
|    total_timesteps      | 760000       |
| train/                  |              |
|    approx_kl            | 0.0011992643 |
|    clip_fraction        | 0.000208     |
|    clip_range           | 0.2          |
|    entropy_loss         | -21.1        |
|    explained_variance   | 0            |
|    learning_rate        | 0.0017       |
|    loss                 | 9.44e+09     |
|    n_updates            | 920          |
|    policy_gradient_loss | -0.0018      |
|    std                  | 1.41         |
|    value_loss           | 1.64e+10     |
------------------------------------------
------------------------------------------
| rollout/                |              |
|    ep_len_mean          | 29           |
|    ep_rew_mean          | -4.12e+05    |
| time/                   |              |
|    fps                  | 901          |
|    time_elapsed         | 853          |
|    total_timesteps      | 770000       |
| train/                  |              |
|    approx_kl            | 0.0024918332 |
|    clip_fraction        | 0.00352      |
|    clip_range           | 0.2          |
|    entropy_loss         | -21.2        |
|    explained_variance   | 0            |
|    learning_rate        | 0.0017       |
|    loss                 | 8.16e+09     |
|    n_updates            | 930          |
|    policy_gradient_loss | -0.00268     |
|    std                  | 1.42         |
|    value_loss           | 1.58e+10     |
------------------------------------------
------------------------------------------
| rollout/                |              |
|    ep_len_mean          | 34           |
|    ep_rew_mean          | -4.68e+05    |
| time/                   |              |
|    fps                  | 897          |
|    time_elapsed         | 868          |
|    total_timesteps      | 780000       |
| train/                  |              |
|    approx_kl            | 0.0024057864 |
|    clip_fraction        | 0.00254      |
|    clip_range           | 0.2          |
|    entropy_loss         | -21.3        |
|    explained_variance   | 0            |
|    learning_rate        | 0.0017       |
|    loss                 | 8.47e+09     |
|    n_updates            | 950          |
|    policy_gradient_loss | -0.00264     |
|    std                  | 1.43         |
|    value_loss           | 1.65e+10     |
------------------------------------------
------------------------------------------
| rollout/                |              |
|    ep_len_mean          | 32.9         |
|    ep_rew_mean          | -4.53e+05    |
| time/                   |              |
|    fps                  | 898          |
|    time_elapsed         | 878          |
|    total_timesteps      | 790000       |
| train/                  |              |
|    approx_kl            | 0.0020737236 |
|    clip_fraction        | 0.00142      |
|    clip_range           | 0.2          |
|    entropy_loss         | -21.3        |
|    explained_variance   | 0            |
|    learning_rate        | 0.0017       |
|    loss                 | 8.46e+09     |
|    n_updates            | 960          |
|    policy_gradient_loss | -0.00225     |
|    std                  | 1.43         |
|    value_loss           | 1.64e+10     |
------------------------------------------
-----------------------------------------
| rollout/                |             |
|    ep_len_mean          | 30.2        |
|    ep_rew_mean          | -4.19e+05   |
| time/                   |             |
|    fps                  | 899         |
|    time_elapsed         | 889         |
|    total_timesteps      | 800000      |
| train/                  |             |
|    approx_kl            | 0.002373977 |
|    clip_fraction        | 0.0031      |
|    clip_range           | 0.2         |
|    entropy_loss         | -21.4       |
|    explained_variance   | 0           |
|    learning_rate        | 0.0017      |
|    loss                 | 8.04e+09    |
|    n_updates            | 970         |
|    policy_gradient_loss | -0.00247    |
|    std                  | 1.44        |
|    value_loss           | 1.6e+10     |
-----------------------------------------
------------------------------------------
| rollout/                |              |
|    ep_len_mean          | 33.6         |
|    ep_rew_mean          | -4.59e+05    |
| time/                   |              |
|    fps                  | 900          |
|    time_elapsed         | 899          |
|    total_timesteps      | 810000       |
| train/                  |              |
|    approx_kl            | 0.0027110083 |
|    clip_fraction        | 0.00414      |
|    clip_range           | 0.2          |
|    entropy_loss         | -21.4        |
|    explained_variance   | 1.79e-07     |
|    learning_rate        | 0.0017       |
|    loss                 | 7.81e+09     |
|    n_updates            | 980          |
|    policy_gradient_loss | -0.0029      |
|    std                  | 1.45         |
|    value_loss           | 1.6e+10      |
------------------------------------------
-----------------------------------------
| rollout/                |             |
|    ep_len_mean          | 28.7        |
|    ep_rew_mean          | -4.03e+05   |
| time/                   |             |
|    fps                  | 896         |
|    time_elapsed         | 914         |
|    total_timesteps      | 820000      |
| train/                  |             |
|    approx_kl            | 0.002680325 |
|    clip_fraction        | 0.00621     |
|    clip_range           | 0.2         |
|    entropy_loss         | -21.5       |
|    explained_variance   | 0           |
|    learning_rate        | 0.0017      |
|    loss                 | 8.44e+09    |
|    n_updates            | 1000        |
|    policy_gradient_loss | -0.00278    |
|    std                  | 1.46        |
|    value_loss           | 1.58e+10    |
-----------------------------------------
------------------------------------------
| rollout/                |              |
|    ep_len_mean          | 32.3         |
|    ep_rew_mean          | -4.46e+05    |
| time/                   |              |
|    fps                  | 897          |
|    time_elapsed         | 924          |
|    total_timesteps      | 830000       |
| train/                  |              |
|    approx_kl            | 0.0015748602 |
|    clip_fraction        | 0.00133      |
|    clip_range           | 0.2          |
|    entropy_loss         | -21.6        |
|    explained_variance   | 0            |
|    learning_rate        | 0.0017       |
|    loss                 | 8.07e+09     |
|    n_updates            | 1010         |
|    policy_gradient_loss | -0.00178     |
|    std                  | 1.47         |
|    value_loss           | 1.54e+10     |
------------------------------------------
------------------------------------------
| rollout/                |              |
|    ep_len_mean          | 36.5         |
|    ep_rew_mean          | -4.99e+05    |
| time/                   |              |
|    fps                  | 898          |
|    time_elapsed         | 934          |
|    total_timesteps      | 840000       |
| train/                  |              |
|    approx_kl            | 0.0023694718 |
|    clip_fraction        | 0.00223      |
|    clip_range           | 0.2          |
|    entropy_loss         | -21.6        |
|    explained_variance   | -2.38e-07    |
|    learning_rate        | 0.0017       |
|    loss                 | 8.07e+09     |
|    n_updates            | 1020         |
|    policy_gradient_loss | -0.00237     |
|    std                  | 1.47         |
|    value_loss           | 1.58e+10     |
------------------------------------------
------------------------------------------
| rollout/                |              |
|    ep_len_mean          | 28.1         |
|    ep_rew_mean          | -3.94e+05    |
| time/                   |              |
|    fps                  | 899          |
|    time_elapsed         | 944          |
|    total_timesteps      | 850000       |
| train/                  |              |
|    approx_kl            | 0.0021041166 |
|    clip_fraction        | 0.0014       |
|    clip_range           | 0.2          |
|    entropy_loss         | -21.7        |
|    explained_variance   | 0            |
|    learning_rate        | 0.0017       |
|    loss                 | 8.78e+09     |
|    n_updates            | 1030         |
|    policy_gradient_loss | -0.00207     |
|    std                  | 1.48         |
|    value_loss           | 1.68e+10     |
------------------------------------------
------------------------------------------
| rollout/                |              |
|    ep_len_mean          | 30.9         |
|    ep_rew_mean          | -4.27e+05    |
| time/                   |              |
|    fps                  | 900          |
|    time_elapsed         | 954          |
|    total_timesteps      | 860000       |
| train/                  |              |
|    approx_kl            | 0.0040155407 |
|    clip_fraction        | 0.00873      |
|    clip_range           | 0.2          |
|    entropy_loss         | -21.7        |
|    explained_variance   | 1.19e-07     |
|    learning_rate        | 0.0017       |
|    loss                 | 8.05e+09     |
|    n_updates            | 1040         |
|    policy_gradient_loss | -0.00365     |
|    std                  | 1.48         |
|    value_loss           | 1.56e+10     |
------------------------------------------
----------------------------------------
| rollout/                |            |
|    ep_len_mean          | 34.7       |
|    ep_rew_mean          | -4.72e+05  |
| time/                   |            |
|    fps                  | 897        |
|    time_elapsed         | 969        |
|    total_timesteps      | 870000     |
| train/                  |            |
|    approx_kl            | 0.00203935 |
|    clip_fraction        | 0.00228    |
|    clip_range           | 0.2        |
|    entropy_loss         | -21.8      |
|    explained_variance   | 1.79e-07   |
|    learning_rate        | 0.0017     |
|    loss                 | 8.26e+09   |
|    n_updates            | 1060       |
|    policy_gradient_loss | -0.00234   |
|    std                  | 1.5        |
|    value_loss           | 1.57e+10   |
----------------------------------------
----------------------------------------
| rollout/                |            |
|    ep_len_mean          | 26.6       |
|    ep_rew_mean          | -3.8e+05   |
| time/                   |            |
|    fps                  | 897        |
|    time_elapsed         | 980        |
|    total_timesteps      | 880000     |
| train/                  |            |
|    approx_kl            | 0.00261406 |
|    clip_fraction        | 0.00662    |
|    clip_range           | 0.2        |
|    entropy_loss         | -21.9      |
|    explained_variance   | 0          |
|    learning_rate        | 0.0017     |
|    loss                 | 7.71e+09   |
|    n_updates            | 1070       |
|    policy_gradient_loss | -0.00246   |
|    std                  | 1.5        |
|    value_loss           | 1.59e+10   |
----------------------------------------
------------------------------------------
| rollout/                |              |
|    ep_len_mean          | 29.7         |
|    ep_rew_mean          | -4.16e+05    |
| time/                   |              |
|    fps                  | 898          |
|    time_elapsed         | 990          |
|    total_timesteps      | 890000       |
| train/                  |              |
|    approx_kl            | 0.0024844613 |
|    clip_fraction        | 0.0028       |
|    clip_range           | 0.2          |
|    entropy_loss         | -21.9        |
|    explained_variance   | 0            |
|    learning_rate        | 0.0017       |
|    loss                 | 7.18e+09     |
|    n_updates            | 1080         |
|    policy_gradient_loss | -0.00226     |
|    std                  | 1.51         |
|    value_loss           | 1.52e+10     |
------------------------------------------
------------------------------------------
| rollout/                |              |
|    ep_len_mean          | 24.9         |
|    ep_rew_mean          | -3.59e+05    |
| time/                   |              |
|    fps                  | 899          |
|    time_elapsed         | 1000         |
|    total_timesteps      | 900000       |
| train/                  |              |
|    approx_kl            | 0.0023573642 |
|    clip_fraction        | 0.00282      |
|    clip_range           | 0.2          |
|    entropy_loss         | -22          |
|    explained_variance   | 0            |
|    learning_rate        | 0.0017       |
|    loss                 | 8.09e+09     |
|    n_updates            | 1090         |
|    policy_gradient_loss | -0.00267     |
|    std                  | 1.52         |
|    value_loss           | 1.55e+10     |
------------------------------------------
------------------------------------------
| rollout/                |              |
|    ep_len_mean          | 33.8         |
|    ep_rew_mean          | -4.58e+05    |
| time/                   |              |
|    fps                  | 896          |
|    time_elapsed         | 1015         |
|    total_timesteps      | 910000       |
| train/                  |              |
|    approx_kl            | 0.0030192058 |
|    clip_fraction        | 0.00739      |
|    clip_range           | 0.2          |
|    entropy_loss         | -22.1        |
|    explained_variance   | 0            |
|    learning_rate        | 0.0017       |
|    loss                 | 8.74e+09     |
|    n_updates            | 1110         |
|    policy_gradient_loss | -0.00279     |
|    std                  | 1.53         |
|    value_loss           | 1.56e+10     |
------------------------------------------
-----------------------------------------
| rollout/                |             |
|    ep_len_mean          | 29.6        |
|    ep_rew_mean          | -4.13e+05   |
| time/                   |             |
|    fps                  | 897         |
|    time_elapsed         | 1025        |
|    total_timesteps      | 920000      |
| train/                  |             |
|    approx_kl            | 0.002354341 |
|    clip_fraction        | 0.00313     |
|    clip_range           | 0.2         |
|    entropy_loss         | -22.1       |
|    explained_variance   | 5.96e-08    |
|    learning_rate        | 0.0017      |
|    loss                 | 8.06e+09    |
|    n_updates            | 1120        |
|    policy_gradient_loss | -0.00207    |
|    std                  | 1.54        |
|    value_loss           | 1.59e+10    |
-----------------------------------------
------------------------------------------
| rollout/                |              |
|    ep_len_mean          | 29.5         |
|    ep_rew_mean          | -4.11e+05    |
| time/                   |              |
|    fps                  | 897          |
|    time_elapsed         | 1035         |
|    total_timesteps      | 930000       |
| train/                  |              |
|    approx_kl            | 0.0020638765 |
|    clip_fraction        | 0.00249      |
|    clip_range           | 0.2          |
|    entropy_loss         | -22.2        |
|    explained_variance   | 0            |
|    learning_rate        | 0.0017       |
|    loss                 | 8.13e+09     |
|    n_updates            | 1130         |
|    policy_gradient_loss | -0.00196     |
|    std                  | 1.54         |
|    value_loss           | 1.55e+10     |
------------------------------------------
------------------------------------------
| rollout/                |              |
|    ep_len_mean          | 29.7         |
|    ep_rew_mean          | -4.15e+05    |
| time/                   |              |
|    fps                  | 898          |
|    time_elapsed         | 1045         |
|    total_timesteps      | 940000       |
| train/                  |              |
|    approx_kl            | 0.0024488922 |
|    clip_fraction        | 0.00431      |
|    clip_range           | 0.2          |
|    entropy_loss         | -22.2        |
|    explained_variance   | 1.79e-07     |
|    learning_rate        | 0.0017       |
|    loss                 | 7.11e+09     |
|    n_updates            | 1140         |
|    policy_gradient_loss | -0.00209     |
|    std                  | 1.55         |
|    value_loss           | 1.51e+10     |
------------------------------------------
-----------------------------------------
| rollout/                |             |
|    ep_len_mean          | 31.2        |
|    ep_rew_mean          | -4.33e+05   |
| time/                   |             |
|    fps                  | 899         |
|    time_elapsed         | 1056        |
|    total_timesteps      | 950000      |
| train/                  |             |
|    approx_kl            | 0.002414272 |
|    clip_fraction        | 0.00491     |
|    clip_range           | 0.2         |
|    entropy_loss         | -22.3       |
|    explained_variance   | 0           |
|    learning_rate        | 0.0017      |
|    loss                 | 7.49e+09    |
|    n_updates            | 1150        |
|    policy_gradient_loss | -0.00237    |
|    std                  | 1.56        |
|    value_loss           | 1.53e+10    |
-----------------------------------------
-----------------------------------------
| rollout/                |             |
|    ep_len_mean          | 35.3        |
|    ep_rew_mean          | -4.76e+05   |
| time/                   |             |
|    fps                  | 896         |
|    time_elapsed         | 1070        |
|    total_timesteps      | 960000      |
| train/                  |             |
|    approx_kl            | 0.003628738 |
|    clip_fraction        | 0.0112      |
|    clip_range           | 0.2         |
|    entropy_loss         | -22.4       |
|    explained_variance   | 0           |
|    learning_rate        | 0.0017      |
|    loss                 | 7.57e+09    |
|    n_updates            | 1170        |
|    policy_gradient_loss | -0.00335    |
|    std                  | 1.57        |
|    value_loss           | 1.52e+10    |
-----------------------------------------
------------------------------------------
| rollout/                |              |
|    ep_len_mean          | 30.9         |
|    ep_rew_mean          | -4.3e+05     |
| time/                   |              |
|    fps                  | 897          |
|    time_elapsed         | 1081         |
|    total_timesteps      | 970000       |
| train/                  |              |
|    approx_kl            | 0.0025938456 |
|    clip_fraction        | 0.00432      |
|    clip_range           | 0.2          |
|    entropy_loss         | -22.4        |
|    explained_variance   | -2.38e-07    |
|    learning_rate        | 0.0017       |
|    loss                 | 7.16e+09     |
|    n_updates            | 1180         |
|    policy_gradient_loss | -0.00288     |
|    std                  | 1.57         |
|    value_loss           | 1.53e+10     |
------------------------------------------
-----------------------------------------
| rollout/                |             |
|    ep_len_mean          | 29.2        |
|    ep_rew_mean          | -4.07e+05   |
| time/                   |             |
|    fps                  | 897         |
|    time_elapsed         | 1091        |
|    total_timesteps      | 980000      |
| train/                  |             |
|    approx_kl            | 0.003557228 |
|    clip_fraction        | 0.00931     |
|    clip_range           | 0.2         |
|    entropy_loss         | -22.5       |
|    explained_variance   | 1.79e-07    |
|    learning_rate        | 0.0017      |
|    loss                 | 8.18e+09    |
|    n_updates            | 1190        |
|    policy_gradient_loss | -0.0042     |
|    std                  | 1.58        |
|    value_loss           | 1.55e+10    |
-----------------------------------------
------------------------------------------
| rollout/                |              |
|    ep_len_mean          | 33.8         |
|    ep_rew_mean          | -4.55e+05    |
| time/                   |              |
|    fps                  | 898          |
|    time_elapsed         | 1101         |
|    total_timesteps      | 990000       |
| train/                  |              |
|    approx_kl            | 0.0028802655 |
|    clip_fraction        | 0.00784      |
|    clip_range           | 0.2          |
|    entropy_loss         | -22.5        |
|    explained_variance   | 1.79e-07     |
|    learning_rate        | 0.0017       |
|    loss                 | 7.74e+09     |
|    n_updates            | 1200         |
|    policy_gradient_loss | -0.00288     |
|    std                  | 1.59         |
|    value_loss           | 1.51e+10     |
------------------------------------------
------------------------------------------
| rollout/                |              |
|    ep_len_mean          | 28.3         |
|    ep_rew_mean          | -3.9e+05     |
| time/                   |              |
|    fps                  | 895          |
|    time_elapsed         | 1116         |
|    total_timesteps      | 1000000      |
| train/                  |              |
|    approx_kl            | 0.0023208295 |
|    clip_fraction        | 0.00298      |
|    clip_range           | 0.2          |
|    entropy_loss         | -22.6        |
|    explained_variance   | 1.79e-07     |
|    learning_rate        | 0.0017       |
|    loss                 | 7.36e+09     |
|    n_updates            | 1220         |
|    policy_gradient_loss | -0.00226     |
|    std                  | 1.6          |
|    value_loss           | 1.48e+10     |
------------------------------------------
Training ended on Wed Jan 28 11:00:03 2026
Training lasted 0:18:45.183560
