Logging to training_random_logs/4_robots/logs/TRPO_set9
Using cpu device
Training started on Wed Jan 28 10:41:17 2026
Experiment configuration: {'algorithm': 'TRPO', 'set': 9, 'verbose': 1, 'steps': 1000000, 'num_robots': 4, 'num_envs': 4, 'seed': 33, 'log_steps': 10000, 'resume': False, 'device': 'cpu'}
-----------------------------------------
| rollout/                  |           |
|    ep_len_mean            | 84.5      |
|    ep_rew_mean            | -3.57e+05 |
| time/                     |           |
|    fps                    | 1439      |
|    time_elapsed           | 6         |
|    total_timesteps        | 10000     |
| train/                    |           |
|    explained_variance     | 3.87e-06  |
|    is_line_search_success | 1         |
|    kl_divergence_loss     | 0.00504   |
|    learning_rate          | 0.0013    |
|    n_updates              | 1         |
|    policy_objective       | 0.0659    |
|    std                    | 1         |
|    value_loss             | 4.92e+09  |
-----------------------------------------
-----------------------------------------
| rollout/                  |           |
|    ep_len_mean            | 79.6      |
|    ep_rew_mean            | -3.04e+05 |
| time/                     |           |
|    fps                    | 1453      |
|    time_elapsed           | 13        |
|    total_timesteps        | 20000     |
| train/                    |           |
|    explained_variance     | -1.19e-07 |
|    is_line_search_success | 1         |
|    kl_divergence_loss     | 0.00367   |
|    learning_rate          | 0.0013    |
|    n_updates              | 2         |
|    policy_objective       | 0.0531    |
|    std                    | 1         |
|    value_loss             | 4.67e+09  |
-----------------------------------------
-----------------------------------------
| rollout/                  |           |
|    ep_len_mean            | 89.5      |
|    ep_rew_mean            | -3.12e+05 |
| time/                     |           |
|    fps                    | 1485      |
|    time_elapsed           | 20        |
|    total_timesteps        | 30000     |
| train/                    |           |
|    explained_variance     | -1.19e-07 |
|    is_line_search_success | 1         |
|    kl_divergence_loss     | 0.0044    |
|    learning_rate          | 0.0013    |
|    n_updates              | 3         |
|    policy_objective       | 0.0487    |
|    std                    | 1         |
|    value_loss             | 3.93e+09  |
-----------------------------------------
-----------------------------------------
| rollout/                  |           |
|    ep_len_mean            | 65.4      |
|    ep_rew_mean            | -2.31e+05 |
| time/                     |           |
|    fps                    | 1502      |
|    time_elapsed           | 26        |
|    total_timesteps        | 40000     |
| train/                    |           |
|    explained_variance     | 0         |
|    is_line_search_success | 1         |
|    kl_divergence_loss     | 0.00465   |
|    learning_rate          | 0.0013    |
|    n_updates              | 4         |
|    policy_objective       | 0.0608    |
|    std                    | 1         |
|    value_loss             | 3.43e+09  |
-----------------------------------------
-----------------------------------------
| rollout/                  |           |
|    ep_len_mean            | 57.6      |
|    ep_rew_mean            | -1.97e+05 |
| time/                     |           |
|    fps                    | 1451      |
|    time_elapsed           | 34        |
|    total_timesteps        | 50000     |
| train/                    |           |
|    explained_variance     | 0         |
|    is_line_search_success | 1         |
|    kl_divergence_loss     | 0.00443   |
|    learning_rate          | 0.0013    |
|    n_updates              | 6         |
|    policy_objective       | 0.0506    |
|    std                    | 0.987     |
|    value_loss             | 3.16e+09  |
-----------------------------------------
-----------------------------------------
| rollout/                  |           |
|    ep_len_mean            | 67.1      |
|    ep_rew_mean            | -2.03e+05 |
| time/                     |           |
|    fps                    | 1462      |
|    time_elapsed           | 41        |
|    total_timesteps        | 60000     |
| train/                    |           |
|    explained_variance     | 0         |
|    is_line_search_success | 1         |
|    kl_divergence_loss     | 0.00456   |
|    learning_rate          | 0.0013    |
|    n_updates              | 7         |
|    policy_objective       | 0.0589    |
|    std                    | 0.982     |
|    value_loss             | 2.64e+09  |
-----------------------------------------
-----------------------------------------
| rollout/                  |           |
|    ep_len_mean            | 65.4      |
|    ep_rew_mean            | -1.94e+05 |
| time/                     |           |
|    fps                    | 1462      |
|    time_elapsed           | 47        |
|    total_timesteps        | 70000     |
| train/                    |           |
|    explained_variance     | 0         |
|    is_line_search_success | 1         |
|    kl_divergence_loss     | 0.00491   |
|    learning_rate          | 0.0013    |
|    n_updates              | 8         |
|    policy_objective       | 0.0631    |
|    std                    | 0.972     |
|    value_loss             | 2.96e+09  |
-----------------------------------------
-----------------------------------------
| rollout/                  |           |
|    ep_len_mean            | 59.6      |
|    ep_rew_mean            | -1.67e+05 |
| time/                     |           |
|    fps                    | 1455      |
|    time_elapsed           | 54        |
|    total_timesteps        | 80000     |
| train/                    |           |
|    explained_variance     | -1.19e-07 |
|    is_line_search_success | 1         |
|    kl_divergence_loss     | 0.00479   |
|    learning_rate          | 0.0013    |
|    n_updates              | 9         |
|    policy_objective       | 0.0551    |
|    std                    | 0.967     |
|    value_loss             | 2.48e+09  |
-----------------------------------------
-----------------------------------------
| rollout/                  |           |
|    ep_len_mean            | 63.2      |
|    ep_rew_mean            | -1.78e+05 |
| time/                     |           |
|    fps                    | 1450      |
|    time_elapsed           | 62        |
|    total_timesteps        | 90000     |
| train/                    |           |
|    explained_variance     | 0         |
|    is_line_search_success | 1         |
|    kl_divergence_loss     | 0.00465   |
|    learning_rate          | 0.0013    |
|    n_updates              | 10        |
|    policy_objective       | 0.0657    |
|    std                    | 0.967     |
|    value_loss             | 2.39e+09  |
-----------------------------------------
-----------------------------------------
| rollout/                  |           |
|    ep_len_mean            | 54.4      |
|    ep_rew_mean            | -1.56e+05 |
| time/                     |           |
|    fps                    | 1422      |
|    time_elapsed           | 70        |
|    total_timesteps        | 100000    |
| train/                    |           |
|    explained_variance     | -2.38e-07 |
|    is_line_search_success | 1         |
|    kl_divergence_loss     | 0.0051    |
|    learning_rate          | 0.0013    |
|    n_updates              | 12        |
|    policy_objective       | 0.0628    |
|    std                    | 0.953     |
|    value_loss             | 2.39e+09  |
-----------------------------------------
-----------------------------------------
| rollout/                  |           |
|    ep_len_mean            | 65        |
|    ep_rew_mean            | -1.65e+05 |
| time/                     |           |
|    fps                    | 1427      |
|    time_elapsed           | 77        |
|    total_timesteps        | 110000    |
| train/                    |           |
|    explained_variance     | 0         |
|    is_line_search_success | 1         |
|    kl_divergence_loss     | 0.00466   |
|    learning_rate          | 0.0013    |
|    n_updates              | 13        |
|    policy_objective       | 0.0612    |
|    std                    | 0.95      |
|    value_loss             | 2.38e+09  |
-----------------------------------------
-----------------------------------------
| rollout/                  |           |
|    ep_len_mean            | 65.7      |
|    ep_rew_mean            | -1.77e+05 |
| time/                     |           |
|    fps                    | 1425      |
|    time_elapsed           | 84        |
|    total_timesteps        | 120000    |
| train/                    |           |
|    explained_variance     | 0         |
|    is_line_search_success | 1         |
|    kl_divergence_loss     | 0.00548   |
|    learning_rate          | 0.0013    |
|    n_updates              | 14        |
|    policy_objective       | 0.0651    |
|    std                    | 0.953     |
|    value_loss             | 2.36e+09  |
-----------------------------------------
-----------------------------------------
| rollout/                  |           |
|    ep_len_mean            | 70.3      |
|    ep_rew_mean            | -1.67e+05 |
| time/                     |           |
|    fps                    | 1425      |
|    time_elapsed           | 91        |
|    total_timesteps        | 130000    |
| train/                    |           |
|    explained_variance     | 1.19e-07  |
|    is_line_search_success | 1         |
|    kl_divergence_loss     | 0.00483   |
|    learning_rate          | 0.0013    |
|    n_updates              | 15        |
|    policy_objective       | 0.0599    |
|    std                    | 0.951     |
|    value_loss             | 2.27e+09  |
-----------------------------------------
-----------------------------------------
| rollout/                  |           |
|    ep_len_mean            | 79.9      |
|    ep_rew_mean            | -1.96e+05 |
| time/                     |           |
|    fps                    | 1407      |
|    time_elapsed           | 99        |
|    total_timesteps        | 140000    |
| train/                    |           |
|    explained_variance     | 2.38e-07  |
|    is_line_search_success | 1         |
|    kl_divergence_loss     | 0.00589   |
|    learning_rate          | 0.0013    |
|    n_updates              | 17        |
|    policy_objective       | 0.064     |
|    std                    | 0.94      |
|    value_loss             | 2.13e+09  |
-----------------------------------------
-----------------------------------------
| rollout/                  |           |
|    ep_len_mean            | 67.6      |
|    ep_rew_mean            | -1.62e+05 |
| time/                     |           |
|    fps                    | 1407      |
|    time_elapsed           | 106       |
|    total_timesteps        | 150000    |
| train/                    |           |
|    explained_variance     | 0         |
|    is_line_search_success | 1         |
|    kl_divergence_loss     | 0.00556   |
|    learning_rate          | 0.0013    |
|    n_updates              | 18        |
|    policy_objective       | 0.0661    |
|    std                    | 0.929     |
|    value_loss             | 2.22e+09  |
-----------------------------------------
-----------------------------------------
| rollout/                  |           |
|    ep_len_mean            | 61.2      |
|    ep_rew_mean            | -1.44e+05 |
| time/                     |           |
|    fps                    | 1406      |
|    time_elapsed           | 113       |
|    total_timesteps        | 160000    |
| train/                    |           |
|    explained_variance     | 0         |
|    is_line_search_success | 1         |
|    kl_divergence_loss     | 0.00514   |
|    learning_rate          | 0.0013    |
|    n_updates              | 19        |
|    policy_objective       | 0.0671    |
|    std                    | 0.927     |
|    value_loss             | 2e+09     |
-----------------------------------------
-----------------------------------------
| rollout/                  |           |
|    ep_len_mean            | 69.5      |
|    ep_rew_mean            | -1.58e+05 |
| time/                     |           |
|    fps                    | 1406      |
|    time_elapsed           | 120       |
|    total_timesteps        | 170000    |
| train/                    |           |
|    explained_variance     | -1.19e-07 |
|    is_line_search_success | 1         |
|    kl_divergence_loss     | 0.00588   |
|    learning_rate          | 0.0013    |
|    n_updates              | 20        |
|    policy_objective       | 0.0648    |
|    std                    | 0.921     |
|    value_loss             | 2.01e+09  |
-----------------------------------------
-----------------------------------------
| rollout/                  |           |
|    ep_len_mean            | 75.4      |
|    ep_rew_mean            | -1.59e+05 |
| time/                     |           |
|    fps                    | 1405      |
|    time_elapsed           | 128       |
|    total_timesteps        | 180000    |
| train/                    |           |
|    explained_variance     | 0         |
|    is_line_search_success | 1         |
|    kl_divergence_loss     | 0.00561   |
|    learning_rate          | 0.0013    |
|    n_updates              | 21        |
|    policy_objective       | 0.0659    |
|    std                    | 0.921     |
|    value_loss             | 1.87e+09  |
-----------------------------------------
-----------------------------------------
| rollout/                  |           |
|    ep_len_mean            | 60.6      |
|    ep_rew_mean            | -1.41e+05 |
| time/                     |           |
|    fps                    | 1396      |
|    time_elapsed           | 136       |
|    total_timesteps        | 190000    |
| train/                    |           |
|    explained_variance     | 1.19e-07  |
|    is_line_search_success | 1         |
|    kl_divergence_loss     | 0.00613   |
|    learning_rate          | 0.0013    |
|    n_updates              | 23        |
|    policy_objective       | 0.0684    |
|    std                    | 0.916     |
|    value_loss             | 1.88e+09  |
-----------------------------------------
-----------------------------------------
| rollout/                  |           |
|    ep_len_mean            | 67        |
|    ep_rew_mean            | -1.43e+05 |
| time/                     |           |
|    fps                    | 1401      |
|    time_elapsed           | 142       |
|    total_timesteps        | 200000    |
| train/                    |           |
|    explained_variance     | 0         |
|    is_line_search_success | 1         |
|    kl_divergence_loss     | 0.0057    |
|    learning_rate          | 0.0013    |
|    n_updates              | 24        |
|    policy_objective       | 0.0623    |
|    std                    | 0.907     |
|    value_loss             | 1.8e+09   |
-----------------------------------------
-----------------------------------------
| rollout/                  |           |
|    ep_len_mean            | 63.2      |
|    ep_rew_mean            | -1.38e+05 |
| time/                     |           |
|    fps                    | 1404      |
|    time_elapsed           | 149       |
|    total_timesteps        | 210000    |
| train/                    |           |
|    explained_variance     | 0         |
|    is_line_search_success | 1         |
|    kl_divergence_loss     | 0.00589   |
|    learning_rate          | 0.0013    |
|    n_updates              | 25        |
|    policy_objective       | 0.0679    |
|    std                    | 0.908     |
|    value_loss             | 1.86e+09  |
-----------------------------------------
-----------------------------------------
| rollout/                  |           |
|    ep_len_mean            | 64.4      |
|    ep_rew_mean            | -1.41e+05 |
| time/                     |           |
|    fps                    | 1404      |
|    time_elapsed           | 156       |
|    total_timesteps        | 220000    |
| train/                    |           |
|    explained_variance     | 0         |
|    is_line_search_success | 1         |
|    kl_divergence_loss     | 0.00598   |
|    learning_rate          | 0.0013    |
|    n_updates              | 26        |
|    policy_objective       | 0.061     |
|    std                    | 0.908     |
|    value_loss             | 1.76e+09  |
-----------------------------------------
-----------------------------------------
| rollout/                  |           |
|    ep_len_mean            | 67        |
|    ep_rew_mean            | -1.43e+05 |
| time/                     |           |
|    fps                    | 1392      |
|    time_elapsed           | 165       |
|    total_timesteps        | 230000    |
| train/                    |           |
|    explained_variance     | 1.19e-07  |
|    is_line_search_success | 1         |
|    kl_divergence_loss     | 0.00692   |
|    learning_rate          | 0.0013    |
|    n_updates              | 28        |
|    policy_objective       | 0.0628    |
|    std                    | 0.915     |
|    value_loss             | 1.8e+09   |
-----------------------------------------
-----------------------------------------
| rollout/                  |           |
|    ep_len_mean            | 65.8      |
|    ep_rew_mean            | -1.42e+05 |
| time/                     |           |
|    fps                    | 1394      |
|    time_elapsed           | 172       |
|    total_timesteps        | 240000    |
| train/                    |           |
|    explained_variance     | 1.19e-07  |
|    is_line_search_success | 1         |
|    kl_divergence_loss     | 0.00631   |
|    learning_rate          | 0.0013    |
|    n_updates              | 29        |
|    policy_objective       | 0.0665    |
|    std                    | 0.919     |
|    value_loss             | 1.71e+09  |
-----------------------------------------
-----------------------------------------
| rollout/                  |           |
|    ep_len_mean            | 75.5      |
|    ep_rew_mean            | -1.43e+05 |
| time/                     |           |
|    fps                    | 1394      |
|    time_elapsed           | 179       |
|    total_timesteps        | 250000    |
| train/                    |           |
|    explained_variance     | 0         |
|    is_line_search_success | 1         |
|    kl_divergence_loss     | 0.00619   |
|    learning_rate          | 0.0013    |
|    n_updates              | 30        |
|    policy_objective       | 0.0676    |
|    std                    | 0.919     |
|    value_loss             | 1.83e+09  |
-----------------------------------------
-----------------------------------------
| rollout/                  |           |
|    ep_len_mean            | 75.1      |
|    ep_rew_mean            | -1.45e+05 |
| time/                     |           |
|    fps                    | 1394      |
|    time_elapsed           | 186       |
|    total_timesteps        | 260000    |
| train/                    |           |
|    explained_variance     | 0         |
|    is_line_search_success | 1         |
|    kl_divergence_loss     | 0.00621   |
|    learning_rate          | 0.0013    |
|    n_updates              | 31        |
|    policy_objective       | 0.0706    |
|    std                    | 0.921     |
|    value_loss             | 1.63e+09  |
-----------------------------------------
----------------------------------------
| rollout/                  |          |
|    ep_len_mean            | 64.6     |
|    ep_rew_mean            | -1.3e+05 |
| time/                     |          |
|    fps                    | 1393     |
|    time_elapsed           | 193      |
|    total_timesteps        | 270000   |
| train/                    |          |
|    explained_variance     | 1.19e-07 |
|    is_line_search_success | 1        |
|    kl_divergence_loss     | 0.00611  |
|    learning_rate          | 0.0013   |
|    n_updates              | 32       |
|    policy_objective       | 0.0687   |
|    std                    | 0.922    |
|    value_loss             | 1.7e+09  |
----------------------------------------
-----------------------------------------
| rollout/                  |           |
|    ep_len_mean            | 80.4      |
|    ep_rew_mean            | -1.47e+05 |
| time/                     |           |
|    fps                    | 1388      |
|    time_elapsed           | 201       |
|    total_timesteps        | 280000    |
| train/                    |           |
|    explained_variance     | 0         |
|    is_line_search_success | 1         |
|    kl_divergence_loss     | 0.00591   |
|    learning_rate          | 0.0013    |
|    n_updates              | 34        |
|    policy_objective       | 0.0635    |
|    std                    | 0.922     |
|    value_loss             | 1.49e+09  |
-----------------------------------------
-----------------------------------------
| rollout/                  |           |
|    ep_len_mean            | 79.7      |
|    ep_rew_mean            | -1.38e+05 |
| time/                     |           |
|    fps                    | 1391      |
|    time_elapsed           | 208       |
|    total_timesteps        | 290000    |
| train/                    |           |
|    explained_variance     | 0         |
|    is_line_search_success | 1         |
|    kl_divergence_loss     | 0.00689   |
|    learning_rate          | 0.0013    |
|    n_updates              | 35        |
|    policy_objective       | 0.0703    |
|    std                    | 0.915     |
|    value_loss             | 1.46e+09  |
-----------------------------------------
-----------------------------------------
| rollout/                  |           |
|    ep_len_mean            | 83.9      |
|    ep_rew_mean            | -1.45e+05 |
| time/                     |           |
|    fps                    | 1394      |
|    time_elapsed           | 215       |
|    total_timesteps        | 300000    |
| train/                    |           |
|    explained_variance     | 0         |
|    is_line_search_success | 1         |
|    kl_divergence_loss     | 0.00648   |
|    learning_rate          | 0.0013    |
|    n_updates              | 36        |
|    policy_objective       | 0.0671    |
|    std                    | 0.915     |
|    value_loss             | 1.48e+09  |
-----------------------------------------
-----------------------------------------
| rollout/                  |           |
|    ep_len_mean            | 82.9      |
|    ep_rew_mean            | -1.47e+05 |
| time/                     |           |
|    fps                    | 1394      |
|    time_elapsed           | 222       |
|    total_timesteps        | 310000    |
| train/                    |           |
|    explained_variance     | 0         |
|    is_line_search_success | 1         |
|    kl_divergence_loss     | 0.00631   |
|    learning_rate          | 0.0013    |
|    n_updates              | 37        |
|    policy_objective       | 0.073     |
|    std                    | 0.917     |
|    value_loss             | 1.46e+09  |
-----------------------------------------
-----------------------------------------
| rollout/                  |           |
|    ep_len_mean            | 98.3      |
|    ep_rew_mean            | -1.69e+05 |
| time/                     |           |
|    fps                    | 1385      |
|    time_elapsed           | 230       |
|    total_timesteps        | 320000    |
| train/                    |           |
|    explained_variance     | -1.19e-07 |
|    is_line_search_success | 1         |
|    kl_divergence_loss     | 0.00674   |
|    learning_rate          | 0.0013    |
|    n_updates              | 39        |
|    policy_objective       | 0.0664    |
|    std                    | 0.913     |
|    value_loss             | 1.33e+09  |
-----------------------------------------
-----------------------------------------
| rollout/                  |           |
|    ep_len_mean            | 90.9      |
|    ep_rew_mean            | -1.53e+05 |
| time/                     |           |
|    fps                    | 1387      |
|    time_elapsed           | 237       |
|    total_timesteps        | 330000    |
| train/                    |           |
|    explained_variance     | 0         |
|    is_line_search_success | 1         |
|    kl_divergence_loss     | 0.00639   |
|    learning_rate          | 0.0013    |
|    n_updates              | 40        |
|    policy_objective       | 0.0647    |
|    std                    | 0.907     |
|    value_loss             | 1.38e+09  |
-----------------------------------------
-----------------------------------------
| rollout/                  |           |
|    ep_len_mean            | 96.5      |
|    ep_rew_mean            | -1.57e+05 |
| time/                     |           |
|    fps                    | 1386      |
|    time_elapsed           | 245       |
|    total_timesteps        | 340000    |
| train/                    |           |
|    explained_variance     | 0         |
|    is_line_search_success | 1         |
|    kl_divergence_loss     | 0.00744   |
|    learning_rate          | 0.0013    |
|    n_updates              | 41        |
|    policy_objective       | 0.0738    |
|    std                    | 0.899     |
|    value_loss             | 1.32e+09  |
-----------------------------------------
-----------------------------------------
| rollout/                  |           |
|    ep_len_mean            | 87.2      |
|    ep_rew_mean            | -1.47e+05 |
| time/                     |           |
|    fps                    | 1386      |
|    time_elapsed           | 252       |
|    total_timesteps        | 350000    |
| train/                    |           |
|    explained_variance     | -1.19e-07 |
|    is_line_search_success | 1         |
|    kl_divergence_loss     | 0.00693   |
|    learning_rate          | 0.0013    |
|    n_updates              | 42        |
|    policy_objective       | 0.0731    |
|    std                    | 0.895     |
|    value_loss             | 1.38e+09  |
-----------------------------------------
-----------------------------------------
| rollout/                  |           |
|    ep_len_mean            | 92.1      |
|    ep_rew_mean            | -1.46e+05 |
| time/                     |           |
|    fps                    | 1387      |
|    time_elapsed           | 259       |
|    total_timesteps        | 360000    |
| train/                    |           |
|    explained_variance     | 0         |
|    is_line_search_success | 1         |
|    kl_divergence_loss     | 0.0058    |
|    learning_rate          | 0.0013    |
|    n_updates              | 43        |
|    policy_objective       | 0.0643    |
|    std                    | 0.897     |
|    value_loss             | 1.32e+09  |
-----------------------------------------
-----------------------------------------
| rollout/                  |           |
|    ep_len_mean            | 98.9      |
|    ep_rew_mean            | -1.39e+05 |
| time/                     |           |
|    fps                    | 1383      |
|    time_elapsed           | 267       |
|    total_timesteps        | 370000    |
| train/                    |           |
|    explained_variance     | -2.38e-07 |
|    is_line_search_success | 1         |
|    kl_divergence_loss     | 0.00722   |
|    learning_rate          | 0.0013    |
|    n_updates              | 45        |
|    policy_objective       | 0.0685    |
|    std                    | 0.896     |
|    value_loss             | 1.2e+09   |
-----------------------------------------
-----------------------------------------
| rollout/                  |           |
|    ep_len_mean            | 108       |
|    ep_rew_mean            | -1.53e+05 |
| time/                     |           |
|    fps                    | 1384      |
|    time_elapsed           | 274       |
|    total_timesteps        | 380000    |
| train/                    |           |
|    explained_variance     | 0         |
|    is_line_search_success | 1         |
|    kl_divergence_loss     | 0.00706   |
|    learning_rate          | 0.0013    |
|    n_updates              | 46        |
|    policy_objective       | 0.0672    |
|    std                    | 0.894     |
|    value_loss             | 1.07e+09  |
-----------------------------------------
-----------------------------------------
| rollout/                  |           |
|    ep_len_mean            | 108       |
|    ep_rew_mean            | -1.65e+05 |
| time/                     |           |
|    fps                    | 1384      |
|    time_elapsed           | 281       |
|    total_timesteps        | 390000    |
| train/                    |           |
|    explained_variance     | 0         |
|    is_line_search_success | 1         |
|    kl_divergence_loss     | 0.00715   |
|    learning_rate          | 0.0013    |
|    n_updates              | 47        |
|    policy_objective       | 0.0622    |
|    std                    | 0.891     |
|    value_loss             | 1.2e+09   |
-----------------------------------------
-----------------------------------------
| rollout/                  |           |
|    ep_len_mean            | 92.6      |
|    ep_rew_mean            | -1.36e+05 |
| time/                     |           |
|    fps                    | 1384      |
|    time_elapsed           | 288       |
|    total_timesteps        | 400000    |
| train/                    |           |
|    explained_variance     | 0         |
|    is_line_search_success | 1         |
|    kl_divergence_loss     | 0.00768   |
|    learning_rate          | 0.0013    |
|    n_updates              | 48        |
|    policy_objective       | 0.0791    |
|    std                    | 0.895     |
|    value_loss             | 1.27e+09  |
-----------------------------------------
-----------------------------------------
| rollout/                  |           |
|    ep_len_mean            | 91.4      |
|    ep_rew_mean            | -1.35e+05 |
| time/                     |           |
|    fps                    | 1380      |
|    time_elapsed           | 296       |
|    total_timesteps        | 410000    |
| train/                    |           |
|    explained_variance     | 0         |
|    is_line_search_success | 1         |
|    kl_divergence_loss     | 0.00762   |
|    learning_rate          | 0.0013    |
|    n_updates              | 50        |
|    policy_objective       | 0.0677    |
|    std                    | 0.889     |
|    value_loss             | 1.25e+09  |
-----------------------------------------
-----------------------------------------
| rollout/                  |           |
|    ep_len_mean            | 109       |
|    ep_rew_mean            | -1.41e+05 |
| time/                     |           |
|    fps                    | 1382      |
|    time_elapsed           | 303       |
|    total_timesteps        | 420000    |
| train/                    |           |
|    explained_variance     | 0         |
|    is_line_search_success | 1         |
|    kl_divergence_loss     | 0.00778   |
|    learning_rate          | 0.0013    |
|    n_updates              | 51        |
|    policy_objective       | 0.0668    |
|    std                    | 0.885     |
|    value_loss             | 1.08e+09  |
-----------------------------------------
-----------------------------------------
| rollout/                  |           |
|    ep_len_mean            | 113       |
|    ep_rew_mean            | -1.54e+05 |
| time/                     |           |
|    fps                    | 1382      |
|    time_elapsed           | 311       |
|    total_timesteps        | 430000    |
| train/                    |           |
|    explained_variance     | 1.19e-07  |
|    is_line_search_success | 1         |
|    kl_divergence_loss     | 0.00785   |
|    learning_rate          | 0.0013    |
|    n_updates              | 52        |
|    policy_objective       | 0.0651    |
|    std                    | 0.884     |
|    value_loss             | 1.18e+09  |
-----------------------------------------
-----------------------------------------
| rollout/                  |           |
|    ep_len_mean            | 131       |
|    ep_rew_mean            | -1.77e+05 |
| time/                     |           |
|    fps                    | 1382      |
|    time_elapsed           | 318       |
|    total_timesteps        | 440000    |
| train/                    |           |
|    explained_variance     | 0         |
|    is_line_search_success | 1         |
|    kl_divergence_loss     | 0.00795   |
|    learning_rate          | 0.0013    |
|    n_updates              | 53        |
|    policy_objective       | 0.0684    |
|    std                    | 0.878     |
|    value_loss             | 9.9e+08   |
-----------------------------------------
----------------------------------------
| rollout/                  |          |
|    ep_len_mean            | 131      |
|    ep_rew_mean            | -1.6e+05 |
| time/                     |          |
|    fps                    | 1383     |
|    time_elapsed           | 325      |
|    total_timesteps        | 450000   |
| train/                    |          |
|    explained_variance     | 0        |
|    is_line_search_success | 1        |
|    kl_divergence_loss     | 0.00829  |
|    learning_rate          | 0.0013   |
|    n_updates              | 54       |
|    policy_objective       | 0.0663   |
|    std                    | 0.878    |
|    value_loss             | 1.05e+09 |
----------------------------------------
-----------------------------------------
| rollout/                  |           |
|    ep_len_mean            | 120       |
|    ep_rew_mean            | -1.47e+05 |
| time/                     |           |
|    fps                    | 1378      |
|    time_elapsed           | 333       |
|    total_timesteps        | 460000    |
| train/                    |           |
|    explained_variance     | 1.19e-07  |
|    is_line_search_success | 1         |
|    kl_divergence_loss     | 0.00794   |
|    learning_rate          | 0.0013    |
|    n_updates              | 56        |
|    policy_objective       | 0.0663    |
|    std                    | 0.875     |
|    value_loss             | 9.16e+08  |
-----------------------------------------
----------------------------------------
| rollout/                  |          |
|    ep_len_mean            | 139      |
|    ep_rew_mean            | -1.7e+05 |
| time/                     |          |
|    fps                    | 1378     |
|    time_elapsed           | 340      |
|    total_timesteps        | 470000   |
| train/                    |          |
|    explained_variance     | 0        |
|    is_line_search_success | 1        |
|    kl_divergence_loss     | 0.00817  |
|    learning_rate          | 0.0013   |
|    n_updates              | 57       |
|    policy_objective       | 0.0616   |
|    std                    | 0.873    |
|    value_loss             | 9.19e+08 |
----------------------------------------
-----------------------------------------
| rollout/                  |           |
|    ep_len_mean            | 149       |
|    ep_rew_mean            | -1.72e+05 |
| time/                     |           |
|    fps                    | 1379      |
|    time_elapsed           | 347       |
|    total_timesteps        | 480000    |
| train/                    |           |
|    explained_variance     | 0         |
|    is_line_search_success | 1         |
|    kl_divergence_loss     | 0.00824   |
|    learning_rate          | 0.0013    |
|    n_updates              | 58        |
|    policy_objective       | 0.068     |
|    std                    | 0.87      |
|    value_loss             | 8.23e+08  |
-----------------------------------------
-----------------------------------------
| rollout/                  |           |
|    ep_len_mean            | 153       |
|    ep_rew_mean            | -1.62e+05 |
| time/                     |           |
|    fps                    | 1379      |
|    time_elapsed           | 355       |
|    total_timesteps        | 490000    |
| train/                    |           |
|    explained_variance     | 0         |
|    is_line_search_success | 1         |
|    kl_divergence_loss     | 0.00804   |
|    learning_rate          | 0.0013    |
|    n_updates              | 59        |
|    policy_objective       | 0.0672    |
|    std                    | 0.868     |
|    value_loss             | 8.48e+08  |
-----------------------------------------
-----------------------------------------
| rollout/                  |           |
|    ep_len_mean            | 151       |
|    ep_rew_mean            | -1.54e+05 |
| time/                     |           |
|    fps                    | 1374      |
|    time_elapsed           | 363       |
|    total_timesteps        | 500000    |
| train/                    |           |
|    explained_variance     | 0         |
|    is_line_search_success | 1         |
|    kl_divergence_loss     | 0.00812   |
|    learning_rate          | 0.0013    |
|    n_updates              | 61        |
|    policy_objective       | 0.0699    |
|    std                    | 0.863     |
|    value_loss             | 8.75e+08  |
-----------------------------------------
-----------------------------------------
| rollout/                  |           |
|    ep_len_mean            | 146       |
|    ep_rew_mean            | -1.53e+05 |
| time/                     |           |
|    fps                    | 1376      |
|    time_elapsed           | 370       |
|    total_timesteps        | 510000    |
| train/                    |           |
|    explained_variance     | 0         |
|    is_line_search_success | 1         |
|    kl_divergence_loss     | 0.0079    |
|    learning_rate          | 0.0013    |
|    n_updates              | 62        |
|    policy_objective       | 0.0649    |
|    std                    | 0.86      |
|    value_loss             | 7.6e+08   |
-----------------------------------------
-----------------------------------------
| rollout/                  |           |
|    ep_len_mean            | 145       |
|    ep_rew_mean            | -1.37e+05 |
| time/                     |           |
|    fps                    | 1378      |
|    time_elapsed           | 377       |
|    total_timesteps        | 520000    |
| train/                    |           |
|    explained_variance     | 0         |
|    is_line_search_success | 1         |
|    kl_divergence_loss     | 0.00768   |
|    learning_rate          | 0.0013    |
|    n_updates              | 63        |
|    policy_objective       | 0.0659    |
|    std                    | 0.859     |
|    value_loss             | 7.83e+08  |
-----------------------------------------
-----------------------------------------
| rollout/                  |           |
|    ep_len_mean            | 140       |
|    ep_rew_mean            | -1.16e+05 |
| time/                     |           |
|    fps                    | 1380      |
|    time_elapsed           | 383       |
|    total_timesteps        | 530000    |
| train/                    |           |
|    explained_variance     | 0         |
|    is_line_search_success | 1         |
|    kl_divergence_loss     | 0.00779   |
|    learning_rate          | 0.0013    |
|    n_updates              | 64        |
|    policy_objective       | 0.0712    |
|    std                    | 0.86      |
|    value_loss             | 7.79e+08  |
-----------------------------------------
-----------------------------------------
| rollout/                  |           |
|    ep_len_mean            | 136       |
|    ep_rew_mean            | -1.23e+05 |
| time/                     |           |
|    fps                    | 1381      |
|    time_elapsed           | 390       |
|    total_timesteps        | 540000    |
| train/                    |           |
|    explained_variance     | 0         |
|    is_line_search_success | 1         |
|    kl_divergence_loss     | 0.00786   |
|    learning_rate          | 0.0013    |
|    n_updates              | 65        |
|    policy_objective       | 0.0632    |
|    std                    | 0.86      |
|    value_loss             | 7.63e+08  |
-----------------------------------------
-----------------------------------------
| rollout/                  |           |
|    ep_len_mean            | 140       |
|    ep_rew_mean            | -1.17e+05 |
| time/                     |           |
|    fps                    | 1376      |
|    time_elapsed           | 399       |
|    total_timesteps        | 550000    |
| train/                    |           |
|    explained_variance     | 0         |
|    is_line_search_success | 1         |
|    kl_divergence_loss     | 0.00838   |
|    learning_rate          | 0.0013    |
|    n_updates              | 67        |
|    policy_objective       | 0.0692    |
|    std                    | 0.858     |
|    value_loss             | 7.18e+08  |
-----------------------------------------
-----------------------------------------
| rollout/                  |           |
|    ep_len_mean            | 135       |
|    ep_rew_mean            | -1.05e+05 |
| time/                     |           |
|    fps                    | 1377      |
|    time_elapsed           | 406       |
|    total_timesteps        | 560000    |
| train/                    |           |
|    explained_variance     | 0         |
|    is_line_search_success | 1         |
|    kl_divergence_loss     | 0.00816   |
|    learning_rate          | 0.0013    |
|    n_updates              | 68        |
|    policy_objective       | 0.063     |
|    std                    | 0.856     |
|    value_loss             | 7.12e+08  |
-----------------------------------------
-----------------------------------------
| rollout/                  |           |
|    ep_len_mean            | 160       |
|    ep_rew_mean            | -9.29e+04 |
| time/                     |           |
|    fps                    | 1379      |
|    time_elapsed           | 413       |
|    total_timesteps        | 570000    |
| train/                    |           |
|    explained_variance     | 0         |
|    is_line_search_success | 1         |
|    kl_divergence_loss     | 0.00785   |
|    learning_rate          | 0.0013    |
|    n_updates              | 69        |
|    policy_objective       | 0.0772    |
|    std                    | 0.857     |
|    value_loss             | 6.55e+08  |
-----------------------------------------
-----------------------------------------
| rollout/                  |           |
|    ep_len_mean            | 163       |
|    ep_rew_mean            | -8.06e+04 |
| time/                     |           |
|    fps                    | 1379      |
|    time_elapsed           | 420       |
|    total_timesteps        | 580000    |
| train/                    |           |
|    explained_variance     | 0         |
|    is_line_search_success | 1         |
|    kl_divergence_loss     | 0.00824   |
|    learning_rate          | 0.0013    |
|    n_updates              | 70        |
|    policy_objective       | 0.0711    |
|    std                    | 0.855     |
|    value_loss             | 6.2e+08   |
-----------------------------------------
-----------------------------------------
| rollout/                  |           |
|    ep_len_mean            | 159       |
|    ep_rew_mean            | -8.76e+04 |
| time/                     |           |
|    fps                    | 1374      |
|    time_elapsed           | 429       |
|    total_timesteps        | 590000    |
| train/                    |           |
|    explained_variance     | 0         |
|    is_line_search_success | 1         |
|    kl_divergence_loss     | 0.00845   |
|    learning_rate          | 0.0013    |
|    n_updates              | 72        |
|    policy_objective       | 0.0638    |
|    std                    | 0.849     |
|    value_loss             | 5.63e+08  |
-----------------------------------------
-----------------------------------------
| rollout/                  |           |
|    ep_len_mean            | 174       |
|    ep_rew_mean            | -1.13e+05 |
| time/                     |           |
|    fps                    | 1375      |
|    time_elapsed           | 436       |
|    total_timesteps        | 600000    |
| train/                    |           |
|    explained_variance     | 0         |
|    is_line_search_success | 1         |
|    kl_divergence_loss     | 0.00821   |
|    learning_rate          | 0.0013    |
|    n_updates              | 73        |
|    policy_objective       | 0.0735    |
|    std                    | 0.848     |
|    value_loss             | 7.03e+08  |
-----------------------------------------
-----------------------------------------
| rollout/                  |           |
|    ep_len_mean            | 192       |
|    ep_rew_mean            | -1.21e+05 |
| time/                     |           |
|    fps                    | 1377      |
|    time_elapsed           | 442       |
|    total_timesteps        | 610000    |
| train/                    |           |
|    explained_variance     | 0         |
|    is_line_search_success | 1         |
|    kl_divergence_loss     | 0.00734   |
|    learning_rate          | 0.0013    |
|    n_updates              | 74        |
|    policy_objective       | 0.0532    |
|    std                    | 0.849     |
|    value_loss             | 5.53e+08  |
-----------------------------------------
-----------------------------------------
| rollout/                  |           |
|    ep_len_mean            | 231       |
|    ep_rew_mean            | -1.41e+05 |
| time/                     |           |
|    fps                    | 1379      |
|    time_elapsed           | 449       |
|    total_timesteps        | 620000    |
| train/                    |           |
|    explained_variance     | 0         |
|    is_line_search_success | 1         |
|    kl_divergence_loss     | 0.00864   |
|    learning_rate          | 0.0013    |
|    n_updates              | 75        |
|    policy_objective       | 0.0614    |
|    std                    | 0.848     |
|    value_loss             | 4.31e+08  |
-----------------------------------------
-----------------------------------------
| rollout/                  |           |
|    ep_len_mean            | 266       |
|    ep_rew_mean            | -1.48e+05 |
| time/                     |           |
|    fps                    | 1379      |
|    time_elapsed           | 456       |
|    total_timesteps        | 630000    |
| train/                    |           |
|    explained_variance     | 0         |
|    is_line_search_success | 1         |
|    kl_divergence_loss     | 0.00878   |
|    learning_rate          | 0.0013    |
|    n_updates              | 76        |
|    policy_objective       | 0.0673    |
|    std                    | 0.845     |
|    value_loss             | 3.89e+08  |
-----------------------------------------
-----------------------------------------
| rollout/                  |           |
|    ep_len_mean            | 259       |
|    ep_rew_mean            | -1.36e+05 |
| time/                     |           |
|    fps                    | 1375      |
|    time_elapsed           | 465       |
|    total_timesteps        | 640000    |
| train/                    |           |
|    explained_variance     | 0         |
|    is_line_search_success | 1         |
|    kl_divergence_loss     | 0.00851   |
|    learning_rate          | 0.0013    |
|    n_updates              | 78        |
|    policy_objective       | 0.0697    |
|    std                    | 0.842     |
|    value_loss             | 4.27e+08  |
-----------------------------------------
-----------------------------------------
| rollout/                  |           |
|    ep_len_mean            | 216       |
|    ep_rew_mean            | -1.05e+05 |
| time/                     |           |
|    fps                    | 1375      |
|    time_elapsed           | 472       |
|    total_timesteps        | 650000    |
| train/                    |           |
|    explained_variance     | 0         |
|    is_line_search_success | 1         |
|    kl_divergence_loss     | 0.0088    |
|    learning_rate          | 0.0013    |
|    n_updates              | 79        |
|    policy_objective       | 0.0681    |
|    std                    | 0.84      |
|    value_loss             | 5.58e+08  |
-----------------------------------------
-----------------------------------------
| rollout/                  |           |
|    ep_len_mean            | 222       |
|    ep_rew_mean            | -1.04e+05 |
| time/                     |           |
|    fps                    | 1376      |
|    time_elapsed           | 479       |
|    total_timesteps        | 660000    |
| train/                    |           |
|    explained_variance     | 0         |
|    is_line_search_success | 1         |
|    kl_divergence_loss     | 0.00869   |
|    learning_rate          | 0.0013    |
|    n_updates              | 80        |
|    policy_objective       | 0.0601    |
|    std                    | 0.839     |
|    value_loss             | 4.35e+08  |
-----------------------------------------
-----------------------------------------
| rollout/                  |           |
|    ep_len_mean            | 241       |
|    ep_rew_mean            | -8.02e+04 |
| time/                     |           |
|    fps                    | 1376      |
|    time_elapsed           | 486       |
|    total_timesteps        | 670000    |
| train/                    |           |
|    explained_variance     | 0         |
|    is_line_search_success | 1         |
|    kl_divergence_loss     | 0.00835   |
|    learning_rate          | 0.0013    |
|    n_updates              | 81        |
|    policy_objective       | 0.0667    |
|    std                    | 0.838     |
|    value_loss             | 3.86e+08  |
-----------------------------------------
----------------------------------------
| rollout/                  |          |
|    ep_len_mean            | 273      |
|    ep_rew_mean            | -8.5e+04 |
| time/                     |          |
|    fps                    | 1373     |
|    time_elapsed           | 495      |
|    total_timesteps        | 680000   |
| train/                    |          |
|    explained_variance     | 0        |
|    is_line_search_success | 1        |
|    kl_divergence_loss     | 0.0085   |
|    learning_rate          | 0.0013   |
|    n_updates              | 83       |
|    policy_objective       | 0.058    |
|    std                    | 0.833    |
|    value_loss             | 3.27e+08 |
----------------------------------------
-----------------------------------------
| rollout/                  |           |
|    ep_len_mean            | 295       |
|    ep_rew_mean            | -9.32e+04 |
| time/                     |           |
|    fps                    | 1373      |
|    time_elapsed           | 502       |
|    total_timesteps        | 690000    |
| train/                    |           |
|    explained_variance     | 5.96e-08  |
|    is_line_search_success | 1         |
|    kl_divergence_loss     | 0.00822   |
|    learning_rate          | 0.0013    |
|    n_updates              | 84        |
|    policy_objective       | 0.0732    |
|    std                    | 0.834     |
|    value_loss             | 2.69e+08  |
-----------------------------------------
-----------------------------------------
| rollout/                  |           |
|    ep_len_mean            | 305       |
|    ep_rew_mean            | -9.53e+04 |
| time/                     |           |
|    fps                    | 1373      |
|    time_elapsed           | 509       |
|    total_timesteps        | 700000    |
| train/                    |           |
|    explained_variance     | 0         |
|    is_line_search_success | 1         |
|    kl_divergence_loss     | 0.00824   |
|    learning_rate          | 0.0013    |
|    n_updates              | 85        |
|    policy_objective       | 0.0597    |
|    std                    | 0.834     |
|    value_loss             | 3.37e+08  |
-----------------------------------------
-----------------------------------------
| rollout/                  |           |
|    ep_len_mean            | 316       |
|    ep_rew_mean            | -9.69e+04 |
| time/                     |           |
|    fps                    | 1374      |
|    time_elapsed           | 516       |
|    total_timesteps        | 710000    |
| train/                    |           |
|    explained_variance     | 0         |
|    is_line_search_success | 1         |
|    kl_divergence_loss     | 0.00841   |
|    learning_rate          | 0.0013    |
|    n_updates              | 86        |
|    policy_objective       | 0.068     |
|    std                    | 0.833     |
|    value_loss             | 3.32e+08  |
-----------------------------------------
-----------------------------------------
| rollout/                  |           |
|    ep_len_mean            | 322       |
|    ep_rew_mean            | -8.31e+04 |
| time/                     |           |
|    fps                    | 1374      |
|    time_elapsed           | 523       |
|    total_timesteps        | 720000    |
| train/                    |           |
|    explained_variance     | 0         |
|    is_line_search_success | 1         |
|    kl_divergence_loss     | 0.00863   |
|    learning_rate          | 0.0013    |
|    n_updates              | 87        |
|    policy_objective       | 0.0762    |
|    std                    | 0.831     |
|    value_loss             | 2.98e+08  |
-----------------------------------------
-----------------------------------------
| rollout/                  |           |
|    ep_len_mean            | 327       |
|    ep_rew_mean            | -6.33e+04 |
| time/                     |           |
|    fps                    | 1372      |
|    time_elapsed           | 531       |
|    total_timesteps        | 730000    |
| train/                    |           |
|    explained_variance     | 0         |
|    is_line_search_success | 1         |
|    kl_divergence_loss     | 0.00835   |
|    learning_rate          | 0.0013    |
|    n_updates              | 89        |
|    policy_objective       | 0.0639    |
|    std                    | 0.83      |
|    value_loss             | 3.36e+08  |
-----------------------------------------
-----------------------------------------
| rollout/                  |           |
|    ep_len_mean            | 320       |
|    ep_rew_mean            | -4.97e+04 |
| time/                     |           |
|    fps                    | 1373      |
|    time_elapsed           | 538       |
|    total_timesteps        | 740000    |
| train/                    |           |
|    explained_variance     | -1.19e-07 |
|    is_line_search_success | 1         |
|    kl_divergence_loss     | 0.00879   |
|    learning_rate          | 0.0013    |
|    n_updates              | 90        |
|    policy_objective       | 0.0662    |
|    std                    | 0.83      |
|    value_loss             | 2.86e+08  |
-----------------------------------------
-----------------------------------------
| rollout/                  |           |
|    ep_len_mean            | 333       |
|    ep_rew_mean            | -4.29e+04 |
| time/                     |           |
|    fps                    | 1373      |
|    time_elapsed           | 546       |
|    total_timesteps        | 750000    |
| train/                    |           |
|    explained_variance     | 0         |
|    is_line_search_success | 1         |
|    kl_divergence_loss     | 0.00856   |
|    learning_rate          | 0.0013    |
|    n_updates              | 91        |
|    policy_objective       | 0.0676    |
|    std                    | 0.828     |
|    value_loss             | 2.93e+08  |
-----------------------------------------
-----------------------------------------
| rollout/                  |           |
|    ep_len_mean            | 276       |
|    ep_rew_mean            | -8.66e+03 |
| time/                     |           |
|    fps                    | 1373      |
|    time_elapsed           | 553       |
|    total_timesteps        | 760000    |
| train/                    |           |
|    explained_variance     | 0         |
|    is_line_search_success | 1         |
|    kl_divergence_loss     | 0.00848   |
|    learning_rate          | 0.0013    |
|    n_updates              | 92        |
|    policy_objective       | 0.0667    |
|    std                    | 0.829     |
|    value_loss             | 3.18e+08  |
-----------------------------------------
----------------------------------------
| rollout/                  |          |
|    ep_len_mean            | 221      |
|    ep_rew_mean            | 3.45e+04 |
| time/                     |          |
|    fps                    | 1374     |
|    time_elapsed           | 560      |
|    total_timesteps        | 770000   |
| train/                    |          |
|    explained_variance     | 0        |
|    is_line_search_success | 1        |
|    kl_divergence_loss     | 0.00846  |
|    learning_rate          | 0.0013   |
|    n_updates              | 93       |
|    policy_objective       | 0.0735   |
|    std                    | 0.832    |
|    value_loss             | 5.3e+08  |
----------------------------------------
----------------------------------------
| rollout/                  |          |
|    ep_len_mean            | 202      |
|    ep_rew_mean            | 2.67e+04 |
| time/                     |          |
|    fps                    | 1372     |
|    time_elapsed           | 568      |
|    total_timesteps        | 780000   |
| train/                    |          |
|    explained_variance     | 0        |
|    is_line_search_success | 1        |
|    kl_divergence_loss     | 0.00819  |
|    learning_rate          | 0.0013   |
|    n_updates              | 95       |
|    policy_objective       | 0.073    |
|    std                    | 0.828    |
|    value_loss             | 4.98e+08 |
----------------------------------------
----------------------------------------
| rollout/                  |          |
|    ep_len_mean            | 192      |
|    ep_rew_mean            | 1.84e+04 |
| time/                     |          |
|    fps                    | 1373     |
|    time_elapsed           | 575      |
|    total_timesteps        | 790000   |
| train/                    |          |
|    explained_variance     | 5.96e-08 |
|    is_line_search_success | 1        |
|    kl_divergence_loss     | 0.00856  |
|    learning_rate          | 0.0013   |
|    n_updates              | 96       |
|    policy_objective       | 0.0666   |
|    std                    | 0.828    |
|    value_loss             | 4.9e+08  |
----------------------------------------
----------------------------------------
| rollout/                  |          |
|    ep_len_mean            | 175      |
|    ep_rew_mean            | 2.79e+04 |
| time/                     |          |
|    fps                    | 1374     |
|    time_elapsed           | 582      |
|    total_timesteps        | 800000   |
| train/                    |          |
|    explained_variance     | 0        |
|    is_line_search_success | 1        |
|    kl_divergence_loss     | 0.00905  |
|    learning_rate          | 0.0013   |
|    n_updates              | 97       |
|    policy_objective       | 0.0562   |
|    std                    | 0.826    |
|    value_loss             | 6.13e+08 |
----------------------------------------
----------------------------------------
| rollout/                  |          |
|    ep_len_mean            | 176      |
|    ep_rew_mean            | 3.03e+04 |
| time/                     |          |
|    fps                    | 1374     |
|    time_elapsed           | 589      |
|    total_timesteps        | 810000   |
| train/                    |          |
|    explained_variance     | 0        |
|    is_line_search_success | 1        |
|    kl_divergence_loss     | 0.00927  |
|    learning_rate          | 0.0013   |
|    n_updates              | 98       |
|    policy_objective       | 0.0671   |
|    std                    | 0.825    |
|    value_loss             | 6.38e+08 |
----------------------------------------
----------------------------------------
| rollout/                  |          |
|    ep_len_mean            | 184      |
|    ep_rew_mean            | 4.21e+04 |
| time/                     |          |
|    fps                    | 1372     |
|    time_elapsed           | 597      |
|    total_timesteps        | 820000   |
| train/                    |          |
|    explained_variance     | 0        |
|    is_line_search_success | 1        |
|    kl_divergence_loss     | 0.00856  |
|    learning_rate          | 0.0013   |
|    n_updates              | 100      |
|    policy_objective       | 0.0643   |
|    std                    | 0.827    |
|    value_loss             | 5.36e+08 |
----------------------------------------
----------------------------------------
| rollout/                  |          |
|    ep_len_mean            | 193      |
|    ep_rew_mean            | 4.89e+04 |
| time/                     |          |
|    fps                    | 1373     |
|    time_elapsed           | 604      |
|    total_timesteps        | 830000   |
| train/                    |          |
|    explained_variance     | 0        |
|    is_line_search_success | 1        |
|    kl_divergence_loss     | 0.00878  |
|    learning_rate          | 0.0013   |
|    n_updates              | 101      |
|    policy_objective       | 0.0667   |
|    std                    | 0.827    |
|    value_loss             | 4.93e+08 |
----------------------------------------
----------------------------------------
| rollout/                  |          |
|    ep_len_mean            | 165      |
|    ep_rew_mean            | 6.23e+04 |
| time/                     |          |
|    fps                    | 1373     |
|    time_elapsed           | 611      |
|    total_timesteps        | 840000   |
| train/                    |          |
|    explained_variance     | 0        |
|    is_line_search_success | 1        |
|    kl_divergence_loss     | 0.00869  |
|    learning_rate          | 0.0013   |
|    n_updates              | 102      |
|    policy_objective       | 0.0544   |
|    std                    | 0.826    |
|    value_loss             | 6.37e+08 |
----------------------------------------
----------------------------------------
| rollout/                  |          |
|    ep_len_mean            | 142      |
|    ep_rew_mean            | 6.14e+04 |
| time/                     |          |
|    fps                    | 1373     |
|    time_elapsed           | 618      |
|    total_timesteps        | 850000   |
| train/                    |          |
|    explained_variance     | 0        |
|    is_line_search_success | 1        |
|    kl_divergence_loss     | 0.00867  |
|    learning_rate          | 0.0013   |
|    n_updates              | 103      |
|    policy_objective       | 0.0589   |
|    std                    | 0.821    |
|    value_loss             | 6.64e+08 |
----------------------------------------
----------------------------------------
| rollout/                  |          |
|    ep_len_mean            | 146      |
|    ep_rew_mean            | 4.2e+04  |
| time/                     |          |
|    fps                    | 1374     |
|    time_elapsed           | 625      |
|    total_timesteps        | 860000   |
| train/                    |          |
|    explained_variance     | 1.19e-07 |
|    is_line_search_success | 1        |
|    kl_divergence_loss     | 0.00906  |
|    learning_rate          | 0.0013   |
|    n_updates              | 104      |
|    policy_objective       | 0.0683   |
|    std                    | 0.823    |
|    value_loss             | 7.21e+08 |
----------------------------------------
----------------------------------------
| rollout/                  |          |
|    ep_len_mean            | 181      |
|    ep_rew_mean            | 2.82e+04 |
| time/                     |          |
|    fps                    | 1372     |
|    time_elapsed           | 634      |
|    total_timesteps        | 870000   |
| train/                    |          |
|    explained_variance     | 0        |
|    is_line_search_success | 1        |
|    kl_divergence_loss     | 0.00828  |
|    learning_rate          | 0.0013   |
|    n_updates              | 106      |
|    policy_objective       | 0.0618   |
|    std                    | 0.822    |
|    value_loss             | 4.97e+08 |
----------------------------------------
----------------------------------------
| rollout/                  |          |
|    ep_len_mean            | 171      |
|    ep_rew_mean            | 5.41e+04 |
| time/                     |          |
|    fps                    | 1372     |
|    time_elapsed           | 641      |
|    total_timesteps        | 880000   |
| train/                    |          |
|    explained_variance     | 0        |
|    is_line_search_success | 1        |
|    kl_divergence_loss     | 0.00854  |
|    learning_rate          | 0.0013   |
|    n_updates              | 107      |
|    policy_objective       | 0.0654   |
|    std                    | 0.821    |
|    value_loss             | 5.95e+08 |
----------------------------------------
----------------------------------------
| rollout/                  |          |
|    ep_len_mean            | 175      |
|    ep_rew_mean            | 5.64e+04 |
| time/                     |          |
|    fps                    | 1373     |
|    time_elapsed           | 647      |
|    total_timesteps        | 890000   |
| train/                    |          |
|    explained_variance     | 0        |
|    is_line_search_success | 1        |
|    kl_divergence_loss     | 0.00883  |
|    learning_rate          | 0.0013   |
|    n_updates              | 108      |
|    policy_objective       | 0.0545   |
|    std                    | 0.82     |
|    value_loss             | 5.87e+08 |
----------------------------------------
----------------------------------------
| rollout/                  |          |
|    ep_len_mean            | 191      |
|    ep_rew_mean            | 5.82e+04 |
| time/                     |          |
|    fps                    | 1374     |
|    time_elapsed           | 654      |
|    total_timesteps        | 900000   |
| train/                    |          |
|    explained_variance     | 0        |
|    is_line_search_success | 1        |
|    kl_divergence_loss     | 0.00849  |
|    learning_rate          | 0.0013   |
|    n_updates              | 109      |
|    policy_objective       | 0.0627   |
|    std                    | 0.818    |
|    value_loss             | 4.73e+08 |
----------------------------------------
----------------------------------------
| rollout/                  |          |
|    ep_len_mean            | 187      |
|    ep_rew_mean            | 5e+04    |
| time/                     |          |
|    fps                    | 1372     |
|    time_elapsed           | 662      |
|    total_timesteps        | 910000   |
| train/                    |          |
|    explained_variance     | 0        |
|    is_line_search_success | 1        |
|    kl_divergence_loss     | 0.00635  |
|    learning_rate          | 0.0013   |
|    n_updates              | 111      |
|    policy_objective       | 0.0538   |
|    std                    | 0.82     |
|    value_loss             | 6.06e+08 |
----------------------------------------
-----------------------------------------
| rollout/                  |           |
|    ep_len_mean            | 182       |
|    ep_rew_mean            | 5.11e+04  |
| time/                     |           |
|    fps                    | 1373      |
|    time_elapsed           | 669       |
|    total_timesteps        | 920000    |
| train/                    |           |
|    explained_variance     | -1.19e-07 |
|    is_line_search_success | 1         |
|    kl_divergence_loss     | 0.00872   |
|    learning_rate          | 0.0013    |
|    n_updates              | 112       |
|    policy_objective       | 0.0649    |
|    std                    | 0.82      |
|    value_loss             | 4.83e+08  |
-----------------------------------------
-----------------------------------------
| rollout/                  |           |
|    ep_len_mean            | 159       |
|    ep_rew_mean            | 5.22e+04  |
| time/                     |           |
|    fps                    | 1374      |
|    time_elapsed           | 676       |
|    total_timesteps        | 930000    |
| train/                    |           |
|    explained_variance     | -1.19e-07 |
|    is_line_search_success | 1         |
|    kl_divergence_loss     | 0.00872   |
|    learning_rate          | 0.0013    |
|    n_updates              | 113       |
|    policy_objective       | 0.059     |
|    std                    | 0.824     |
|    value_loss             | 6.76e+08  |
-----------------------------------------
----------------------------------------
| rollout/                  |          |
|    ep_len_mean            | 149      |
|    ep_rew_mean            | 4.26e+04 |
| time/                     |          |
|    fps                    | 1374     |
|    time_elapsed           | 683      |
|    total_timesteps        | 940000   |
| train/                    |          |
|    explained_variance     | 1.19e-07 |
|    is_line_search_success | 1        |
|    kl_divergence_loss     | 0.00881  |
|    learning_rate          | 0.0013   |
|    n_updates              | 114      |
|    policy_objective       | 0.0638   |
|    std                    | 0.824    |
|    value_loss             | 6.99e+08 |
----------------------------------------
----------------------------------------
| rollout/                  |          |
|    ep_len_mean            | 174      |
|    ep_rew_mean            | 4.61e+04 |
| time/                     |          |
|    fps                    | 1374     |
|    time_elapsed           | 691      |
|    total_timesteps        | 950000   |
| train/                    |          |
|    explained_variance     | 0        |
|    is_line_search_success | 1        |
|    kl_divergence_loss     | 0.00901  |
|    learning_rate          | 0.0013   |
|    n_updates              | 115      |
|    policy_objective       | 0.0648   |
|    std                    | 0.824    |
|    value_loss             | 6.96e+08 |
----------------------------------------
----------------------------------------
| rollout/                  |          |
|    ep_len_mean            | 138      |
|    ep_rew_mean            | 5.96e+04 |
| time/                     |          |
|    fps                    | 1370     |
|    time_elapsed           | 700      |
|    total_timesteps        | 960000   |
| train/                    |          |
|    explained_variance     | 0        |
|    is_line_search_success | 1        |
|    kl_divergence_loss     | 0.00889  |
|    learning_rate          | 0.0013   |
|    n_updates              | 117      |
|    policy_objective       | 0.0654   |
|    std                    | 0.823    |
|    value_loss             | 7.51e+08 |
----------------------------------------
----------------------------------------
| rollout/                  |          |
|    ep_len_mean            | 150      |
|    ep_rew_mean            | 3.21e+04 |
| time/                     |          |
|    fps                    | 1370     |
|    time_elapsed           | 707      |
|    total_timesteps        | 970000   |
| train/                    |          |
|    explained_variance     | 0        |
|    is_line_search_success | 1        |
|    kl_divergence_loss     | 0.00897  |
|    learning_rate          | 0.0013   |
|    n_updates              | 118      |
|    policy_objective       | 0.0688   |
|    std                    | 0.825    |
|    value_loss             | 6.83e+08 |
----------------------------------------
-----------------------------------------
| rollout/                  |           |
|    ep_len_mean            | 179       |
|    ep_rew_mean            | 3.87e+04  |
| time/                     |           |
|    fps                    | 1370      |
|    time_elapsed           | 714       |
|    total_timesteps        | 980000    |
| train/                    |           |
|    explained_variance     | -1.19e-07 |
|    is_line_search_success | 1         |
|    kl_divergence_loss     | 0.00887   |
|    learning_rate          | 0.0013    |
|    n_updates              | 119       |
|    policy_objective       | 0.0677    |
|    std                    | 0.825     |
|    value_loss             | 5.65e+08  |
-----------------------------------------
----------------------------------------
| rollout/                  |          |
|    ep_len_mean            | 175      |
|    ep_rew_mean            | 5.81e+04 |
| time/                     |          |
|    fps                    | 1370     |
|    time_elapsed           | 722      |
|    total_timesteps        | 990000   |
| train/                    |          |
|    explained_variance     | 0        |
|    is_line_search_success | 1        |
|    kl_divergence_loss     | 0.00891  |
|    learning_rate          | 0.0013   |
|    n_updates              | 120      |
|    policy_objective       | 0.0599   |
|    std                    | 0.826    |
|    value_loss             | 5.89e+08 |
----------------------------------------
----------------------------------------
| rollout/                  |          |
|    ep_len_mean            | 177      |
|    ep_rew_mean            | 5.89e+04 |
| time/                     |          |
|    fps                    | 1367     |
|    time_elapsed           | 731      |
|    total_timesteps        | 1000000  |
| train/                    |          |
|    explained_variance     | 1.19e-07 |
|    is_line_search_success | 1        |
|    kl_divergence_loss     | 0.00858  |
|    learning_rate          | 0.0013   |
|    n_updates              | 122      |
|    policy_objective       | 0.0604   |
|    std                    | 0.828    |
|    value_loss             | 5.97e+08 |
----------------------------------------
Training ended on Wed Jan 28 10:53:34 2026
Training lasted 0:12:17.101398
