Logging to training_random_logs/4_robots/logs/ARS_set7
Using cpu device
Training started on Wed Jan 28 10:41:05 2026
Experiment configuration: {'algorithm': 'ARS', 'set': 7, 'verbose': 1, 'steps': 1000000, 'num_robots': 4, 'num_envs': 4, 'seed': 33, 'log_steps': 10000, 'resume': False, 'device': 'cpu'}
----------------------------------
| rollout/           |           |
|    ep_len_mean     | 1e+03     |
|    ep_rew_mean     | -4.02e+07 |
| time/              |           |
|    fps             | 2008      |
|    time_elapsed    | 4         |
|    total_timesteps | 10000     |
----------------------------------
----------------------------------
| rollout/           |           |
|    ep_len_mean     | 670       |
|    ep_rew_mean     | -2.69e+07 |
| time/              |           |
|    fps             | 2006      |
|    time_elapsed    | 9         |
|    total_timesteps | 20000     |
----------------------------------
----------------------------------
| rollout/           |           |
|    ep_len_mean     | 640       |
|    ep_rew_mean     | -2.56e+07 |
| time/              |           |
|    fps             | 2008      |
|    time_elapsed    | 14        |
|    total_timesteps | 30000     |
----------------------------------
----------------------------------
| rollout/           |           |
|    ep_len_mean     | 603       |
|    ep_rew_mean     | -2.41e+07 |
| time/              |           |
|    fps             | 2010      |
|    time_elapsed    | 19        |
|    total_timesteps | 40000     |
----------------------------------
----------------------------------
| rollout/           |           |
|    ep_len_mean     | 1e+03     |
|    ep_rew_mean     | -4.02e+07 |
|    return_std      | 1.99e+07  |
| time/              |           |
|    fps             | 2011      |
|    time_elapsed    | 24        |
|    total_timesteps | 50000     |
| train/             |           |
|    delta_std       | 0.05      |
|    iterations      | 0         |
|    learning_rate   | 0.0018    |
|    step_size       | 1.13e-11  |
----------------------------------
----------------------------------
| rollout/           |           |
|    ep_len_mean     | 1e+03     |
|    ep_rew_mean     | -4.02e+07 |
| time/              |           |
|    fps             | 2011      |
|    time_elapsed    | 29        |
|    total_timesteps | 60000     |
----------------------------------
----------------------------------
| rollout/           |           |
|    ep_len_mean     | 876       |
|    ep_rew_mean     | -3.51e+07 |
| time/              |           |
|    fps             | 2012      |
|    time_elapsed    | 34        |
|    total_timesteps | 70000     |
----------------------------------
----------------------------------
| rollout/           |           |
|    ep_len_mean     | 820       |
|    ep_rew_mean     | -3.29e+07 |
| time/              |           |
|    fps             | 2013      |
|    time_elapsed    | 39        |
|    total_timesteps | 80000     |
----------------------------------
----------------------------------
| rollout/           |           |
|    ep_len_mean     | 858       |
|    ep_rew_mean     | -3.44e+07 |
| time/              |           |
|    fps             | 2013      |
|    time_elapsed    | 44        |
|    total_timesteps | 90000     |
----------------------------------
----------------------------------
| rollout/           |           |
|    ep_len_mean     | 338       |
|    ep_rew_mean     | -1.35e+07 |
|    return_std      | 1.61e+07  |
| time/              |           |
|    fps             | 2013      |
|    time_elapsed    | 49        |
|    total_timesteps | 100000    |
| train/             |           |
|    delta_std       | 0.05      |
|    iterations      | 1         |
|    learning_rate   | 0.0018    |
|    step_size       | 1.4e-11   |
----------------------------------
----------------------------------
| rollout/           |           |
|    ep_len_mean     | 503       |
|    ep_rew_mean     | -2.01e+07 |
| time/              |           |
|    fps             | 2012      |
|    time_elapsed    | 54        |
|    total_timesteps | 110000    |
----------------------------------
----------------------------------
| rollout/           |           |
|    ep_len_mean     | 602       |
|    ep_rew_mean     | -2.41e+07 |
| time/              |           |
|    fps             | 2012      |
|    time_elapsed    | 59        |
|    total_timesteps | 120000    |
----------------------------------
----------------------------------
| rollout/           |           |
|    ep_len_mean     | 13        |
|    ep_rew_mean     | -3.37e+05 |
|    return_std      | 2.04e+07  |
| time/              |           |
|    fps             | 2012      |
|    time_elapsed    | 64        |
|    total_timesteps | 130000    |
| train/             |           |
|    delta_std       | 0.05      |
|    iterations      | 2         |
|    learning_rate   | 0.0018    |
|    step_size       | 1.1e-11   |
----------------------------------
----------------------------------
| rollout/           |           |
|    ep_len_mean     | 407       |
|    ep_rew_mean     | -1.62e+07 |
| time/              |           |
|    fps             | 2012      |
|    time_elapsed    | 69        |
|    total_timesteps | 140000    |
----------------------------------
----------------------------------
| rollout/           |           |
|    ep_len_mean     | 506       |
|    ep_rew_mean     | -2.02e+07 |
| time/              |           |
|    fps             | 2012      |
|    time_elapsed    | 74        |
|    total_timesteps | 150000    |
----------------------------------
----------------------------------
| rollout/           |           |
|    ep_len_mean     | 505       |
|    ep_rew_mean     | -2.02e+07 |
| time/              |           |
|    fps             | 2012      |
|    time_elapsed    | 79        |
|    total_timesteps | 160000    |
----------------------------------
----------------------------------
| rollout/           |           |
|    ep_len_mean     | 670       |
|    ep_rew_mean     | -2.69e+07 |
|    return_std      | 2.06e+07  |
| time/              |           |
|    fps             | 2012      |
|    time_elapsed    | 84        |
|    total_timesteps | 170000    |
| train/             |           |
|    delta_std       | 0.05      |
|    iterations      | 3         |
|    learning_rate   | 0.0018    |
|    step_size       | 1.09e-11  |
----------------------------------
----------------------------------
| rollout/           |           |
|    ep_len_mean     | 577       |
|    ep_rew_mean     | -2.31e+07 |
| time/              |           |
|    fps             | 2012      |
|    time_elapsed    | 89        |
|    total_timesteps | 180000    |
----------------------------------
----------------------------------
| rollout/           |           |
|    ep_len_mean     | 641       |
|    ep_rew_mean     | -2.57e+07 |
| time/              |           |
|    fps             | 2012      |
|    time_elapsed    | 94        |
|    total_timesteps | 190000    |
----------------------------------
----------------------------------
| rollout/           |           |
|    ep_len_mean     | 605       |
|    ep_rew_mean     | -2.42e+07 |
| time/              |           |
|    fps             | 2012      |
|    time_elapsed    | 99        |
|    total_timesteps | 200000    |
----------------------------------
---------------------------------
| rollout/           |          |
|    ep_len_mean     | 1e+03    |
|    ep_rew_mean     | -4e+07   |
|    return_std      | 1.99e+07 |
| time/              |          |
|    fps             | 2013     |
|    time_elapsed    | 104      |
|    total_timesteps | 210000   |
| train/             |          |
|    delta_std       | 0.05     |
|    iterations      | 4        |
|    learning_rate   | 0.0018   |
|    step_size       | 1.13e-11 |
---------------------------------
----------------------------------
| rollout/           |           |
|    ep_len_mean     | 1e+03     |
|    ep_rew_mean     | -4.01e+07 |
| time/              |           |
|    fps             | 2013      |
|    time_elapsed    | 109       |
|    total_timesteps | 220000    |
----------------------------------
----------------------------------
| rollout/           |           |
|    ep_len_mean     | 702       |
|    ep_rew_mean     | -2.82e+07 |
| time/              |           |
|    fps             | 2013      |
|    time_elapsed    | 114       |
|    total_timesteps | 230000    |
----------------------------------
----------------------------------
| rollout/           |           |
|    ep_len_mean     | 751       |
|    ep_rew_mean     | -3.02e+07 |
| time/              |           |
|    fps             | 2013      |
|    time_elapsed    | 119       |
|    total_timesteps | 240000    |
----------------------------------
----------------------------------
| rollout/           |           |
|    ep_len_mean     | 339       |
|    ep_rew_mean     | -1.35e+07 |
|    return_std      | 1.92e+07  |
| time/              |           |
|    fps             | 2013      |
|    time_elapsed    | 124       |
|    total_timesteps | 250000    |
| train/             |           |
|    delta_std       | 0.05      |
|    iterations      | 5         |
|    learning_rate   | 0.0018    |
|    step_size       | 1.17e-11  |
----------------------------------
----------------------------------
| rollout/           |           |
|    ep_len_mean     | 504       |
|    ep_rew_mean     | -2.01e+07 |
| time/              |           |
|    fps             | 2013      |
|    time_elapsed    | 129       |
|    total_timesteps | 260000    |
----------------------------------
----------------------------------
| rollout/           |           |
|    ep_len_mean     | 669       |
|    ep_rew_mean     | -2.68e+07 |
| time/              |           |
|    fps             | 2013      |
|    time_elapsed    | 134       |
|    total_timesteps | 270000    |
----------------------------------
----------------------------------
| rollout/           |           |
|    ep_len_mean     | 729       |
|    ep_rew_mean     | -2.92e+07 |
| time/              |           |
|    fps             | 2013      |
|    time_elapsed    | 139       |
|    total_timesteps | 280000    |
----------------------------------
---------------------------------
| rollout/           |          |
|    return_std      | 1.91e+07 |
| time/              |          |
|    fps             | 2013     |
|    time_elapsed    | 144      |
|    total_timesteps | 290000   |
| train/             |          |
|    delta_std       | 0.05     |
|    iterations      | 6        |
|    learning_rate   | 0.0018   |
|    step_size       | 1.18e-11 |
---------------------------------
----------------------------------
| rollout/           |           |
|    ep_len_mean     | 671       |
|    ep_rew_mean     | -2.69e+07 |
| time/              |           |
|    fps             | 2013      |
|    time_elapsed    | 148       |
|    total_timesteps | 300000    |
----------------------------------
----------------------------------
| rollout/           |           |
|    ep_len_mean     | 629       |
|    ep_rew_mean     | -2.52e+07 |
| time/              |           |
|    fps             | 2013      |
|    time_elapsed    | 153       |
|    total_timesteps | 310000    |
----------------------------------
----------------------------------
| rollout/           |           |
|    ep_len_mean     | 588       |
|    ep_rew_mean     | -2.35e+07 |
| time/              |           |
|    fps             | 2013      |
|    time_elapsed    | 158       |
|    total_timesteps | 320000    |
----------------------------------
---------------------------------
| rollout/           |          |
|    return_std      | 1.99e+07 |
| time/              |          |
|    fps             | 2013     |
|    time_elapsed    | 163      |
|    total_timesteps | 330000   |
| train/             |          |
|    delta_std       | 0.05     |
|    iterations      | 7        |
|    learning_rate   | 0.0018   |
|    step_size       | 1.13e-11 |
---------------------------------
----------------------------------
| rollout/           |           |
|    ep_len_mean     | 669       |
|    ep_rew_mean     | -2.68e+07 |
| time/              |           |
|    fps             | 2013      |
|    time_elapsed    | 168       |
|    total_timesteps | 340000    |
----------------------------------
----------------------------------
| rollout/           |           |
|    ep_len_mean     | 628       |
|    ep_rew_mean     | -2.52e+07 |
| time/              |           |
|    fps             | 2013      |
|    time_elapsed    | 173       |
|    total_timesteps | 350000    |
----------------------------------
----------------------------------
| rollout/           |           |
|    ep_len_mean     | 702       |
|    ep_rew_mean     | -2.82e+07 |
| time/              |           |
|    fps             | 2013      |
|    time_elapsed    | 178       |
|    total_timesteps | 360000    |
----------------------------------
---------------------------------
| rollout/           |          |
|    ep_len_mean     | 771      |
|    ep_rew_mean     | -3.1e+07 |
| time/              |          |
|    fps             | 2014     |
|    time_elapsed    | 183      |
|    total_timesteps | 370000   |
---------------------------------
----------------------------------
| rollout/           |           |
|    ep_len_mean     | 802       |
|    ep_rew_mean     | -3.22e+07 |
| time/              |           |
|    fps             | 2014      |
|    time_elapsed    | 188       |
|    total_timesteps | 380000    |
----------------------------------
----------------------------------
| rollout/           |           |
|    ep_len_mean     | 673       |
|    ep_rew_mean     | -2.69e+07 |
|    return_std      | 1.61e+07  |
| time/              |           |
|    fps             | 2014      |
|    time_elapsed    | 193       |
|    total_timesteps | 390000    |
| train/             |           |
|    delta_std       | 0.05      |
|    iterations      | 8         |
|    learning_rate   | 0.0018    |
|    step_size       | 1.4e-11   |
----------------------------------
----------------------------------
| rollout/           |           |
|    ep_len_mean     | 804       |
|    ep_rew_mean     | -3.22e+07 |
| time/              |           |
|    fps             | 2014      |
|    time_elapsed    | 198       |
|    total_timesteps | 400000    |
----------------------------------
----------------------------------
| rollout/           |           |
|    ep_len_mean     | 877       |
|    ep_rew_mean     | -3.51e+07 |
| time/              |           |
|    fps             | 2014      |
|    time_elapsed    | 203       |
|    total_timesteps | 410000    |
----------------------------------
----------------------------------
| rollout/           |           |
|    ep_len_mean     | 696       |
|    ep_rew_mean     | -2.78e+07 |
| time/              |           |
|    fps             | 2014      |
|    time_elapsed    | 208       |
|    total_timesteps | 420000    |
----------------------------------
---------------------------------
| rollout/           |          |
|    return_std      | 1.78e+07 |
| time/              |          |
|    fps             | 2014     |
|    time_elapsed    | 213      |
|    total_timesteps | 430000   |
| train/             |          |
|    delta_std       | 0.05     |
|    iterations      | 9        |
|    learning_rate   | 0.0018   |
|    step_size       | 1.27e-11 |
---------------------------------
----------------------------------
| rollout/           |           |
|    ep_len_mean     | 1e+03     |
|    ep_rew_mean     | -4.01e+07 |
| time/              |           |
|    fps             | 2014      |
|    time_elapsed    | 218       |
|    total_timesteps | 440000    |
----------------------------------
----------------------------------
| rollout/           |           |
|    ep_len_mean     | 1e+03     |
|    ep_rew_mean     | -4.01e+07 |
| time/              |           |
|    fps             | 2014      |
|    time_elapsed    | 223       |
|    total_timesteps | 450000    |
----------------------------------
----------------------------------
| rollout/           |           |
|    ep_len_mean     | 1e+03     |
|    ep_rew_mean     | -4.01e+07 |
| time/              |           |
|    fps             | 2014      |
|    time_elapsed    | 228       |
|    total_timesteps | 460000    |
----------------------------------
----------------------------------
| rollout/           |           |
|    ep_len_mean     | 819       |
|    ep_rew_mean     | -3.28e+07 |
| time/              |           |
|    fps             | 2014      |
|    time_elapsed    | 233       |
|    total_timesteps | 470000    |
----------------------------------
----------------------------------
| rollout/           |           |
|    ep_len_mean     | 7         |
|    ep_rew_mean     | -1.63e+05 |
|    return_std      | 1.78e+07  |
| time/              |           |
|    fps             | 2014      |
|    time_elapsed    | 238       |
|    total_timesteps | 480000    |
| train/             |           |
|    delta_std       | 0.05      |
|    iterations      | 10        |
|    learning_rate   | 0.0018    |
|    step_size       | 1.26e-11  |
----------------------------------
----------------------------------
| rollout/           |           |
|    ep_len_mean     | 505       |
|    ep_rew_mean     | -2.02e+07 |
| time/              |           |
|    fps             | 2014      |
|    time_elapsed    | 243       |
|    total_timesteps | 490000    |
----------------------------------
----------------------------------
| rollout/           |           |
|    ep_len_mean     | 504       |
|    ep_rew_mean     | -2.01e+07 |
| time/              |           |
|    fps             | 2015      |
|    time_elapsed    | 248       |
|    total_timesteps | 500000    |
----------------------------------
----------------------------------
| rollout/           |           |
|    ep_len_mean     | 543       |
|    ep_rew_mean     | -2.17e+07 |
| time/              |           |
|    fps             | 2015      |
|    time_elapsed    | 253       |
|    total_timesteps | 510000    |
----------------------------------
---------------------------------
| rollout/           |          |
|    return_std      | 1.99e+07 |
| time/              |          |
|    fps             | 2015     |
|    time_elapsed    | 258      |
|    total_timesteps | 520000   |
| train/             |          |
|    delta_std       | 0.05     |
|    iterations      | 11       |
|    learning_rate   | 0.0018   |
|    step_size       | 1.13e-11 |
---------------------------------
----------------------------------
| rollout/           |           |
|    ep_len_mean     | 506       |
|    ep_rew_mean     | -2.01e+07 |
| time/              |           |
|    fps             | 2015      |
|    time_elapsed    | 263       |
|    total_timesteps | 530000    |
----------------------------------
----------------------------------
| rollout/           |           |
|    ep_len_mean     | 629       |
|    ep_rew_mean     | -2.51e+07 |
| time/              |           |
|    fps             | 2015      |
|    time_elapsed    | 267       |
|    total_timesteps | 540000    |
----------------------------------
----------------------------------
| rollout/           |           |
|    ep_len_mean     | 703       |
|    ep_rew_mean     | -2.81e+07 |
| time/              |           |
|    fps             | 2015      |
|    time_elapsed    | 272       |
|    total_timesteps | 550000    |
----------------------------------
----------------------------------
| rollout/           |           |
|    ep_len_mean     | 20        |
|    ep_rew_mean     | -5.05e+05 |
|    return_std      | 1.99e+07  |
| time/              |           |
|    fps             | 2015      |
|    time_elapsed    | 277       |
|    total_timesteps | 560000    |
| train/             |           |
|    delta_std       | 0.05      |
|    iterations      | 12        |
|    learning_rate   | 0.0018    |
|    step_size       | 1.13e-11  |
----------------------------------
---------------------------------
| rollout/           |          |
|    ep_len_mean     | 673      |
|    ep_rew_mean     | -2.7e+07 |
| time/              |          |
|    fps             | 2015     |
|    time_elapsed    | 282      |
|    total_timesteps | 570000   |
---------------------------------
----------------------------------
| rollout/           |           |
|    ep_len_mean     | 560       |
|    ep_rew_mean     | -2.24e+07 |
| time/              |           |
|    fps             | 2015      |
|    time_elapsed    | 287       |
|    total_timesteps | 580000    |
----------------------------------
----------------------------------
| rollout/           |           |
|    ep_len_mean     | 587       |
|    ep_rew_mean     | -2.35e+07 |
| time/              |           |
|    fps             | 2015      |
|    time_elapsed    | 292       |
|    total_timesteps | 590000    |
----------------------------------
---------------------------------
| rollout/           |          |
|    return_std      | 1.99e+07 |
| time/              |          |
|    fps             | 2015     |
|    time_elapsed    | 297      |
|    total_timesteps | 600000   |
| train/             |          |
|    delta_std       | 0.05     |
|    iterations      | 13       |
|    learning_rate   | 0.0018   |
|    step_size       | 1.13e-11 |
---------------------------------
----------------------------------
| rollout/           |           |
|    ep_len_mean     | 1e+03     |
|    ep_rew_mean     | -4.01e+07 |
| time/              |           |
|    fps             | 2015      |
|    time_elapsed    | 302       |
|    total_timesteps | 610000    |
----------------------------------
----------------------------------
| rollout/           |           |
|    ep_len_mean     | 839       |
|    ep_rew_mean     | -3.36e+07 |
| time/              |           |
|    fps             | 2015      |
|    time_elapsed    | 307       |
|    total_timesteps | 620000    |
----------------------------------
----------------------------------
| rollout/           |           |
|    ep_len_mean     | 782       |
|    ep_rew_mean     | -3.13e+07 |
| time/              |           |
|    fps             | 2016      |
|    time_elapsed    | 312       |
|    total_timesteps | 630000    |
----------------------------------
----------------------------------
| rollout/           |           |
|    ep_len_mean     | 837       |
|    ep_rew_mean     | -3.35e+07 |
| time/              |           |
|    fps             | 2016      |
|    time_elapsed    | 317       |
|    total_timesteps | 640000    |
----------------------------------
----------------------------------
| rollout/           |           |
|    ep_len_mean     | 803       |
|    ep_rew_mean     | -3.22e+07 |
| time/              |           |
|    fps             | 2016      |
|    time_elapsed    | 322       |
|    total_timesteps | 650000    |
----------------------------------
----------------------------------
| rollout/           |           |
|    ep_len_mean     | 669       |
|    ep_rew_mean     | -2.69e+07 |
|    return_std      | 1.6e+07   |
| time/              |           |
|    fps             | 2016      |
|    time_elapsed    | 327       |
|    total_timesteps | 660000    |
| train/             |           |
|    delta_std       | 0.05      |
|    iterations      | 14        |
|    learning_rate   | 0.0018    |
|    step_size       | 1.4e-11   |
----------------------------------
----------------------------------
| rollout/           |           |
|    ep_len_mean     | 801       |
|    ep_rew_mean     | -3.21e+07 |
| time/              |           |
|    fps             | 2016      |
|    time_elapsed    | 332       |
|    total_timesteps | 670000    |
----------------------------------
----------------------------------
| rollout/           |           |
|    ep_len_mean     | 780       |
|    ep_rew_mean     | -3.12e+07 |
| time/              |           |
|    fps             | 2016      |
|    time_elapsed    | 337       |
|    total_timesteps | 680000    |
----------------------------------
----------------------------------
| rollout/           |           |
|    ep_len_mean     | 820       |
|    ep_rew_mean     | -3.28e+07 |
| time/              |           |
|    fps             | 2016      |
|    time_elapsed    | 342       |
|    total_timesteps | 690000    |
----------------------------------
----------------------------------
| rollout/           |           |
|    ep_len_mean     | 802       |
|    ep_rew_mean     | -3.21e+07 |
| time/              |           |
|    fps             | 2016      |
|    time_elapsed    | 347       |
|    total_timesteps | 700000    |
----------------------------------
---------------------------------
| rollout/           |          |
|    ep_len_mean     | 1e+03    |
|    ep_rew_mean     | -4e+07   |
|    return_std      | 1.61e+07 |
| time/              |          |
|    fps             | 2016     |
|    time_elapsed    | 352      |
|    total_timesteps | 710000   |
| train/             |          |
|    delta_std       | 0.05     |
|    iterations      | 15       |
|    learning_rate   | 0.0018   |
|    step_size       | 1.4e-11  |
---------------------------------
----------------------------------
| rollout/           |           |
|    ep_len_mean     | 802       |
|    ep_rew_mean     | -3.21e+07 |
| time/              |           |
|    fps             | 2016      |
|    time_elapsed    | 357       |
|    total_timesteps | 720000    |
----------------------------------
----------------------------------
| rollout/           |           |
|    ep_len_mean     | 670       |
|    ep_rew_mean     | -2.68e+07 |
| time/              |           |
|    fps             | 2016      |
|    time_elapsed    | 361       |
|    total_timesteps | 730000    |
----------------------------------
----------------------------------
| rollout/           |           |
|    ep_len_mean     | 695       |
|    ep_rew_mean     | -2.78e+07 |
| time/              |           |
|    fps             | 2016      |
|    time_elapsed    | 366       |
|    total_timesteps | 740000    |
----------------------------------
----------------------------------
| rollout/           |           |
|    ep_len_mean     | 7         |
|    ep_rew_mean     | -1.66e+05 |
|    return_std      | 1.91e+07  |
| time/              |           |
|    fps             | 2016      |
|    time_elapsed    | 371       |
|    total_timesteps | 750000    |
| train/             |           |
|    delta_std       | 0.05      |
|    iterations      | 16        |
|    learning_rate   | 0.0018    |
|    step_size       | 1.18e-11  |
----------------------------------
----------------------------------
| rollout/           |           |
|    ep_len_mean     | 503       |
|    ep_rew_mean     | -2.01e+07 |
| time/              |           |
|    fps             | 2016      |
|    time_elapsed    | 376       |
|    total_timesteps | 760000    |
----------------------------------
----------------------------------
| rollout/           |           |
|    ep_len_mean     | 627       |
|    ep_rew_mean     | -2.51e+07 |
| time/              |           |
|    fps             | 2016      |
|    time_elapsed    | 381       |
|    total_timesteps | 770000    |
----------------------------------
----------------------------------
| rollout/           |           |
|    ep_len_mean     | 538       |
|    ep_rew_mean     | -2.15e+07 |
| time/              |           |
|    fps             | 2017      |
|    time_elapsed    | 386       |
|    total_timesteps | 780000    |
----------------------------------
----------------------------------
| rollout/           |           |
|    ep_len_mean     | 1e+03     |
|    ep_rew_mean     | -4.02e+07 |
|    return_std      | 2.05e+07  |
| time/              |           |
|    fps             | 2017      |
|    time_elapsed    | 391       |
|    total_timesteps | 790000    |
| train/             |           |
|    delta_std       | 0.05      |
|    iterations      | 17        |
|    learning_rate   | 0.0018    |
|    step_size       | 1.1e-11   |
----------------------------------
----------------------------------
| rollout/           |           |
|    ep_len_mean     | 575       |
|    ep_rew_mean     | -2.31e+07 |
| time/              |           |
|    fps             | 2017      |
|    time_elapsed    | 396       |
|    total_timesteps | 800000    |
----------------------------------
----------------------------------
| rollout/           |           |
|    ep_len_mean     | 605       |
|    ep_rew_mean     | -2.42e+07 |
| time/              |           |
|    fps             | 2017      |
|    time_elapsed    | 401       |
|    total_timesteps | 810000    |
----------------------------------
----------------------------------
| rollout/           |           |
|    ep_len_mean     | 696       |
|    ep_rew_mean     | -2.79e+07 |
| time/              |           |
|    fps             | 2017      |
|    time_elapsed    | 406       |
|    total_timesteps | 820000    |
----------------------------------
---------------------------------
| rollout/           |          |
|    return_std      | 1.91e+07 |
| time/              |          |
|    fps             | 2016     |
|    time_elapsed    | 411      |
|    total_timesteps | 830000   |
| train/             |          |
|    delta_std       | 0.05     |
|    iterations      | 18       |
|    learning_rate   | 0.0018   |
|    step_size       | 1.18e-11 |
---------------------------------
----------------------------------
| rollout/           |           |
|    ep_len_mean     | 1e+03     |
|    ep_rew_mean     | -4.02e+07 |
| time/              |           |
|    fps             | 2016      |
|    time_elapsed    | 416       |
|    total_timesteps | 840000    |
----------------------------------
----------------------------------
| rollout/           |           |
|    ep_len_mean     | 628       |
|    ep_rew_mean     | -2.52e+07 |
| time/              |           |
|    fps             | 2016      |
|    time_elapsed    | 421       |
|    total_timesteps | 850000    |
----------------------------------
----------------------------------
| rollout/           |           |
|    ep_len_mean     | 670       |
|    ep_rew_mean     | -2.68e+07 |
| time/              |           |
|    fps             | 2016      |
|    time_elapsed    | 426       |
|    total_timesteps | 860000    |
----------------------------------
---------------------------------
| rollout/           |          |
|    return_std      | 2e+07    |
| time/              |          |
|    fps             | 2016     |
|    time_elapsed    | 431      |
|    total_timesteps | 870000   |
| train/             |          |
|    delta_std       | 0.05     |
|    iterations      | 19       |
|    learning_rate   | 0.0018   |
|    step_size       | 1.13e-11 |
---------------------------------
----------------------------------
| rollout/           |           |
|    ep_len_mean     | 752       |
|    ep_rew_mean     | -3.01e+07 |
| time/              |           |
|    fps             | 2016      |
|    time_elapsed    | 436       |
|    total_timesteps | 880000    |
----------------------------------
----------------------------------
| rollout/           |           |
|    ep_len_mean     | 717       |
|    ep_rew_mean     | -2.87e+07 |
| time/              |           |
|    fps             | 2017      |
|    time_elapsed    | 441       |
|    total_timesteps | 890000    |
----------------------------------
----------------------------------
| rollout/           |           |
|    ep_len_mean     | 703       |
|    ep_rew_mean     | -2.81e+07 |
| time/              |           |
|    fps             | 2017      |
|    time_elapsed    | 446       |
|    total_timesteps | 900000    |
----------------------------------
----------------------------------
| rollout/           |           |
|    ep_len_mean     | 717       |
|    ep_rew_mean     | -2.87e+07 |
| time/              |           |
|    fps             | 2017      |
|    time_elapsed    | 451       |
|    total_timesteps | 910000    |
----------------------------------
---------------------------------
| rollout/           |          |
|    return_std      | 1.78e+07 |
| time/              |          |
|    fps             | 2017     |
|    time_elapsed    | 456      |
|    total_timesteps | 920000   |
| train/             |          |
|    delta_std       | 0.05     |
|    iterations      | 20       |
|    learning_rate   | 0.0018   |
|    step_size       | 1.26e-11 |
---------------------------------
----------------------------------
| rollout/           |           |
|    ep_len_mean     | 1e+03     |
|    ep_rew_mean     | -4.01e+07 |
| time/              |           |
|    fps             | 2017      |
|    time_elapsed    | 461       |
|    total_timesteps | 930000    |
----------------------------------
----------------------------------
| rollout/           |           |
|    ep_len_mean     | 834       |
|    ep_rew_mean     | -3.35e+07 |
| time/              |           |
|    fps             | 2017      |
|    time_elapsed    | 466       |
|    total_timesteps | 940000    |
----------------------------------
----------------------------------
| rollout/           |           |
|    ep_len_mean     | 889       |
|    ep_rew_mean     | -3.57e+07 |
| time/              |           |
|    fps             | 2017      |
|    time_elapsed    | 470       |
|    total_timesteps | 950000    |
----------------------------------
----------------------------------
| rollout/           |           |
|    ep_len_mean     | 771       |
|    ep_rew_mean     | -3.09e+07 |
| time/              |           |
|    fps             | 2017      |
|    time_elapsed    | 475       |
|    total_timesteps | 960000    |
----------------------------------
----------------------------------
| rollout/           |           |
|    ep_len_mean     | 6         |
|    ep_rew_mean     | -1.48e+05 |
|    return_std      | 1.61e+07  |
| time/              |           |
|    fps             | 2017      |
|    time_elapsed    | 480       |
|    total_timesteps | 970000    |
| train/             |           |
|    delta_std       | 0.05      |
|    iterations      | 21        |
|    learning_rate   | 0.0018    |
|    step_size       | 1.4e-11   |
----------------------------------
----------------------------------
| rollout/           |           |
|    ep_len_mean     | 669       |
|    ep_rew_mean     | -2.68e+07 |
| time/              |           |
|    fps             | 2017      |
|    time_elapsed    | 485       |
|    total_timesteps | 980000    |
----------------------------------
----------------------------------
| rollout/           |           |
|    ep_len_mean     | 560       |
|    ep_rew_mean     | -2.24e+07 |
| time/              |           |
|    fps             | 2017      |
|    time_elapsed    | 490       |
|    total_timesteps | 990000    |
----------------------------------
---------------------------------
| rollout/           |          |
|    return_std      | 2.04e+07 |
| time/              |          |
|    fps             | 2017     |
|    time_elapsed    | 495      |
|    total_timesteps | 1000000  |
| train/             |          |
|    delta_std       | 0.05     |
|    iterations      | 22       |
|    learning_rate   | 0.0018   |
|    step_size       | 1.1e-11  |
---------------------------------
----------------------------------
| rollout/           |           |
|    ep_len_mean     | 604       |
|    ep_rew_mean     | -2.42e+07 |
| time/              |           |
|    fps             | 2017      |
|    time_elapsed    | 500       |
|    total_timesteps | 1010000   |
----------------------------------
----------------------------------
| rollout/           |           |
|    ep_len_mean     | 629       |
|    ep_rew_mean     | -2.52e+07 |
| time/              |           |
|    fps             | 2017      |
|    time_elapsed    | 505       |
|    total_timesteps | 1020000   |
----------------------------------
----------------------------------
| rollout/           |           |
|    ep_len_mean     | 670       |
|    ep_rew_mean     | -2.68e+07 |
| time/              |           |
|    fps             | 2018      |
|    time_elapsed    | 510       |
|    total_timesteps | 1030000   |
----------------------------------
Training ended on Wed Jan 28 10:49:38 2026
Training lasted 0:08:33.258475
