Logging to training_random_logs/4_robots/logs/A2C_set1
Using cpu device
Training started on Wed Jan 28 10:42:41 2026
Experiment configuration: {'algorithm': 'A2C', 'set': 1, 'verbose': 1, 'steps': 1000000, 'num_robots': 4, 'num_envs': 4, 'seed': 33, 'log_steps': 10000, 'resume': False, 'device': 'cpu'}
-------------------------------------
| rollout/              |           |
|    ep_len_mean        | 61.3      |
|    ep_rew_mean        | -9.08e+05 |
| time/                 |           |
|    fps                | 1520      |
|    time_elapsed       | 6         |
|    total_timesteps    | 10000     |
| train/                |           |
|    entropy_loss       | -17       |
|    explained_variance | 4.23e-06  |
|    learning_rate      | 0.0001    |
|    n_updates          | 124       |
|    policy_loss        | -1.35e+06 |
|    std                | 1         |
|    value_loss         | 6.71e+09  |
-------------------------------------
-------------------------------------
| rollout/              |           |
|    ep_len_mean        | 51.5      |
|    ep_rew_mean        | -7.72e+05 |
| time/                 |           |
|    fps                | 1547      |
|    time_elapsed       | 12        |
|    total_timesteps    | 20000     |
| train/                |           |
|    entropy_loss       | -17       |
|    explained_variance | -2.38e-06 |
|    learning_rate      | 0.0001    |
|    n_updates          | 249       |
|    policy_loss        | -1.3e+06  |
|    std                | 1         |
|    value_loss         | 6.92e+09  |
-------------------------------------
-------------------------------------
| rollout/              |           |
|    ep_len_mean        | 55.4      |
|    ep_rew_mean        | -8.26e+05 |
| time/                 |           |
|    fps                | 1556      |
|    time_elapsed       | 19        |
|    total_timesteps    | 30000     |
| train/                |           |
|    entropy_loss       | -17       |
|    explained_variance | -4.05e-06 |
|    learning_rate      | 0.0001    |
|    n_updates          | 374       |
|    policy_loss        | -1.25e+06 |
|    std                | 1         |
|    value_loss         | 6.74e+09  |
-------------------------------------
-------------------------------------
| rollout/              |           |
|    ep_len_mean        | 65.8      |
|    ep_rew_mean        | -9.61e+05 |
| time/                 |           |
|    fps                | 1560      |
|    time_elapsed       | 25        |
|    total_timesteps    | 40000     |
| train/                |           |
|    entropy_loss       | -17       |
|    explained_variance | -5.96e-07 |
|    learning_rate      | 0.0001    |
|    n_updates          | 499       |
|    policy_loss        | -1.16e+06 |
|    std                | 1         |
|    value_loss         | 5.58e+09  |
-------------------------------------
-------------------------------------
| rollout/              |           |
|    ep_len_mean        | 52.4      |
|    ep_rew_mean        | -7.67e+05 |
| time/                 |           |
|    fps                | 1558      |
|    time_elapsed       | 32        |
|    total_timesteps    | 50000     |
| train/                |           |
|    entropy_loss       | -17       |
|    explained_variance | 5.36e-07  |
|    learning_rate      | 0.0001    |
|    n_updates          | 624       |
|    policy_loss        | -1.21e+06 |
|    std                | 1         |
|    value_loss         | 5.75e+09  |
-------------------------------------
-------------------------------------
| rollout/              |           |
|    ep_len_mean        | 57.8      |
|    ep_rew_mean        | -8.37e+05 |
| time/                 |           |
|    fps                | 1560      |
|    time_elapsed       | 38        |
|    total_timesteps    | 60000     |
| train/                |           |
|    entropy_loss       | -17       |
|    explained_variance | -1.19e-07 |
|    learning_rate      | 0.0001    |
|    n_updates          | 749       |
|    policy_loss        | -1.17e+06 |
|    std                | 1         |
|    value_loss         | 5.57e+09  |
-------------------------------------
-------------------------------------
| rollout/              |           |
|    ep_len_mean        | 58.1      |
|    ep_rew_mean        | -8.35e+05 |
| time/                 |           |
|    fps                | 1560      |
|    time_elapsed       | 44        |
|    total_timesteps    | 70000     |
| train/                |           |
|    entropy_loss       | -17       |
|    explained_variance | -3.58e-07 |
|    learning_rate      | 0.0001    |
|    n_updates          | 874       |
|    policy_loss        | -1.31e+06 |
|    std                | 1         |
|    value_loss         | 7.06e+09  |
-------------------------------------
-------------------------------------
| rollout/              |           |
|    ep_len_mean        | 57.1      |
|    ep_rew_mean        | -8.22e+05 |
| time/                 |           |
|    fps                | 1557      |
|    time_elapsed       | 51        |
|    total_timesteps    | 80000     |
| train/                |           |
|    entropy_loss       | -17       |
|    explained_variance | 1.79e-07  |
|    learning_rate      | 0.0001    |
|    n_updates          | 999       |
|    policy_loss        | -1.27e+06 |
|    std                | 1         |
|    value_loss         | 6.19e+09  |
-------------------------------------
-------------------------------------
| rollout/              |           |
|    ep_len_mean        | 57.6      |
|    ep_rew_mean        | -8.33e+05 |
| time/                 |           |
|    fps                | 1558      |
|    time_elapsed       | 57        |
|    total_timesteps    | 90000     |
| train/                |           |
|    entropy_loss       | -17       |
|    explained_variance | 0         |
|    learning_rate      | 0.0001    |
|    n_updates          | 1124      |
|    policy_loss        | -1.42e+06 |
|    std                | 1         |
|    value_loss         | 8.4e+09   |
-------------------------------------
-------------------------------------
| rollout/              |           |
|    ep_len_mean        | 51.5      |
|    ep_rew_mean        | -7.5e+05  |
| time/                 |           |
|    fps                | 1557      |
|    time_elapsed       | 64        |
|    total_timesteps    | 100000    |
| train/                |           |
|    entropy_loss       | -17       |
|    explained_variance | 0         |
|    learning_rate      | 0.0001    |
|    n_updates          | 1249      |
|    policy_loss        | -1.33e+06 |
|    std                | 1         |
|    value_loss         | 6.74e+09  |
-------------------------------------
-------------------------------------
| rollout/              |           |
|    ep_len_mean        | 59.8      |
|    ep_rew_mean        | -8.64e+05 |
| time/                 |           |
|    fps                | 1557      |
|    time_elapsed       | 70        |
|    total_timesteps    | 110000    |
| train/                |           |
|    entropy_loss       | -17       |
|    explained_variance | 0         |
|    learning_rate      | 0.0001    |
|    n_updates          | 1374      |
|    policy_loss        | -1.38e+06 |
|    std                | 1         |
|    value_loss         | 7.5e+09   |
-------------------------------------
-------------------------------------
| rollout/              |           |
|    ep_len_mean        | 60.7      |
|    ep_rew_mean        | -8.6e+05  |
| time/                 |           |
|    fps                | 1557      |
|    time_elapsed       | 77        |
|    total_timesteps    | 120000    |
| train/                |           |
|    entropy_loss       | -17       |
|    explained_variance | 5.96e-08  |
|    learning_rate      | 0.0001    |
|    n_updates          | 1499      |
|    policy_loss        | -1.55e+06 |
|    std                | 1         |
|    value_loss         | 9.91e+09  |
-------------------------------------
-------------------------------------
| rollout/              |           |
|    ep_len_mean        | 67.3      |
|    ep_rew_mean        | -9.54e+05 |
| time/                 |           |
|    fps                | 1555      |
|    time_elapsed       | 83        |
|    total_timesteps    | 130000    |
| train/                |           |
|    entropy_loss       | -17       |
|    explained_variance | 2.38e-07  |
|    learning_rate      | 0.0001    |
|    n_updates          | 1624      |
|    policy_loss        | -1.21e+06 |
|    std                | 1         |
|    value_loss         | 6.04e+09  |
-------------------------------------
-------------------------------------
| rollout/              |           |
|    ep_len_mean        | 47.8      |
|    ep_rew_mean        | -6.96e+05 |
| time/                 |           |
|    fps                | 1554      |
|    time_elapsed       | 90        |
|    total_timesteps    | 140000    |
| train/                |           |
|    entropy_loss       | -17       |
|    explained_variance | 0         |
|    learning_rate      | 0.0001    |
|    n_updates          | 1749      |
|    policy_loss        | -1.07e+06 |
|    std                | 1         |
|    value_loss         | 4.62e+09  |
-------------------------------------
-------------------------------------
| rollout/              |           |
|    ep_len_mean        | 50.6      |
|    ep_rew_mean        | -7.35e+05 |
| time/                 |           |
|    fps                | 1555      |
|    time_elapsed       | 96        |
|    total_timesteps    | 150000    |
| train/                |           |
|    entropy_loss       | -17       |
|    explained_variance | 1.79e-07  |
|    learning_rate      | 0.0001    |
|    n_updates          | 1874      |
|    policy_loss        | -1.2e+06  |
|    std                | 1         |
|    value_loss         | 5.6e+09   |
-------------------------------------
-------------------------------------
| rollout/              |           |
|    ep_len_mean        | 55.1      |
|    ep_rew_mean        | -7.92e+05 |
| time/                 |           |
|    fps                | 1554      |
|    time_elapsed       | 102       |
|    total_timesteps    | 160000    |
| train/                |           |
|    entropy_loss       | -17       |
|    explained_variance | 5.96e-08  |
|    learning_rate      | 0.0001    |
|    n_updates          | 1999      |
|    policy_loss        | -1.27e+06 |
|    std                | 1         |
|    value_loss         | 5.67e+09  |
-------------------------------------
-------------------------------------
| rollout/              |           |
|    ep_len_mean        | 51.9      |
|    ep_rew_mean        | -7.47e+05 |
| time/                 |           |
|    fps                | 1553      |
|    time_elapsed       | 109       |
|    total_timesteps    | 170000    |
| train/                |           |
|    entropy_loss       | -17       |
|    explained_variance | 0         |
|    learning_rate      | 0.0001    |
|    n_updates          | 2124      |
|    policy_loss        | -1.22e+06 |
|    std                | 1         |
|    value_loss         | 5.85e+09  |
-------------------------------------
-------------------------------------
| rollout/              |           |
|    ep_len_mean        | 54.5      |
|    ep_rew_mean        | -7.8e+05  |
| time/                 |           |
|    fps                | 1553      |
|    time_elapsed       | 115       |
|    total_timesteps    | 180000    |
| train/                |           |
|    entropy_loss       | -17       |
|    explained_variance | 0         |
|    learning_rate      | 0.0001    |
|    n_updates          | 2249      |
|    policy_loss        | -1.43e+06 |
|    std                | 1         |
|    value_loss         | 8.62e+09  |
-------------------------------------
-------------------------------------
| rollout/              |           |
|    ep_len_mean        | 53.9      |
|    ep_rew_mean        | -7.54e+05 |
| time/                 |           |
|    fps                | 1553      |
|    time_elapsed       | 122       |
|    total_timesteps    | 190000    |
| train/                |           |
|    entropy_loss       | -17       |
|    explained_variance | 0         |
|    learning_rate      | 0.0001    |
|    n_updates          | 2374      |
|    policy_loss        | -1.32e+06 |
|    std                | 1         |
|    value_loss         | 6.66e+09  |
-------------------------------------
-------------------------------------
| rollout/              |           |
|    ep_len_mean        | 52.5      |
|    ep_rew_mean        | -7.4e+05  |
| time/                 |           |
|    fps                | 1553      |
|    time_elapsed       | 128       |
|    total_timesteps    | 200000    |
| train/                |           |
|    entropy_loss       | -17       |
|    explained_variance | 1.19e-07  |
|    learning_rate      | 0.0001    |
|    n_updates          | 2499      |
|    policy_loss        | -1.22e+06 |
|    std                | 1         |
|    value_loss         | 5.63e+09  |
-------------------------------------
-------------------------------------
| rollout/              |           |
|    ep_len_mean        | 53.3      |
|    ep_rew_mean        | -7.5e+05  |
| time/                 |           |
|    fps                | 1553      |
|    time_elapsed       | 135       |
|    total_timesteps    | 210000    |
| train/                |           |
|    entropy_loss       | -17       |
|    explained_variance | 1.19e-07  |
|    learning_rate      | 0.0001    |
|    n_updates          | 2624      |
|    policy_loss        | -1.22e+06 |
|    std                | 1         |
|    value_loss         | 6.22e+09  |
-------------------------------------
-------------------------------------
| rollout/              |           |
|    ep_len_mean        | 60.8      |
|    ep_rew_mean        | -8.46e+05 |
| time/                 |           |
|    fps                | 1554      |
|    time_elapsed       | 141       |
|    total_timesteps    | 220000    |
| train/                |           |
|    entropy_loss       | -17       |
|    explained_variance | 1.19e-07  |
|    learning_rate      | 0.0001    |
|    n_updates          | 2749      |
|    policy_loss        | -1.16e+06 |
|    std                | 1         |
|    value_loss         | 5.81e+09  |
-------------------------------------
-------------------------------------
| rollout/              |           |
|    ep_len_mean        | 54.8      |
|    ep_rew_mean        | -7.66e+05 |
| time/                 |           |
|    fps                | 1555      |
|    time_elapsed       | 147       |
|    total_timesteps    | 230000    |
| train/                |           |
|    entropy_loss       | -17       |
|    explained_variance | 0         |
|    learning_rate      | 0.0001    |
|    n_updates          | 2874      |
|    policy_loss        | -1.22e+06 |
|    std                | 1         |
|    value_loss         | 5.66e+09  |
-------------------------------------
-------------------------------------
| rollout/              |           |
|    ep_len_mean        | 56.4      |
|    ep_rew_mean        | -7.95e+05 |
| time/                 |           |
|    fps                | 1556      |
|    time_elapsed       | 154       |
|    total_timesteps    | 240000    |
| train/                |           |
|    entropy_loss       | -17       |
|    explained_variance | 2.38e-07  |
|    learning_rate      | 0.0001    |
|    n_updates          | 2999      |
|    policy_loss        | -1.03e+06 |
|    std                | 1         |
|    value_loss         | 4.45e+09  |
-------------------------------------
-------------------------------------
| rollout/              |           |
|    ep_len_mean        | 61.7      |
|    ep_rew_mean        | -8.58e+05 |
| time/                 |           |
|    fps                | 1556      |
|    time_elapsed       | 160       |
|    total_timesteps    | 250000    |
| train/                |           |
|    entropy_loss       | -17       |
|    explained_variance | -2.38e-07 |
|    learning_rate      | 0.0001    |
|    n_updates          | 3124      |
|    policy_loss        | -1.13e+06 |
|    std                | 1         |
|    value_loss         | 4.98e+09  |
-------------------------------------
-------------------------------------
| rollout/              |           |
|    ep_len_mean        | 53.5      |
|    ep_rew_mean        | -7.53e+05 |
| time/                 |           |
|    fps                | 1553      |
|    time_elapsed       | 167       |
|    total_timesteps    | 260000    |
| train/                |           |
|    entropy_loss       | -17       |
|    explained_variance | 1.79e-07  |
|    learning_rate      | 0.0001    |
|    n_updates          | 3249      |
|    policy_loss        | -1.19e+06 |
|    std                | 1         |
|    value_loss         | 5.97e+09  |
-------------------------------------
-------------------------------------
| rollout/              |           |
|    ep_len_mean        | 53.8      |
|    ep_rew_mean        | -7.46e+05 |
| time/                 |           |
|    fps                | 1553      |
|    time_elapsed       | 173       |
|    total_timesteps    | 270000    |
| train/                |           |
|    entropy_loss       | -17       |
|    explained_variance | -1.19e-07 |
|    learning_rate      | 0.0001    |
|    n_updates          | 3374      |
|    policy_loss        | -1.25e+06 |
|    std                | 1         |
|    value_loss         | 6.15e+09  |
-------------------------------------
-------------------------------------
| rollout/              |           |
|    ep_len_mean        | 53.7      |
|    ep_rew_mean        | -7.52e+05 |
| time/                 |           |
|    fps                | 1552      |
|    time_elapsed       | 180       |
|    total_timesteps    | 280000    |
| train/                |           |
|    entropy_loss       | -17       |
|    explained_variance | 0         |
|    learning_rate      | 0.0001    |
|    n_updates          | 3499      |
|    policy_loss        | -1.2e+06  |
|    std                | 1         |
|    value_loss         | 5.82e+09  |
-------------------------------------
-------------------------------------
| rollout/              |           |
|    ep_len_mean        | 50.7      |
|    ep_rew_mean        | -7.19e+05 |
| time/                 |           |
|    fps                | 1552      |
|    time_elapsed       | 186       |
|    total_timesteps    | 290000    |
| train/                |           |
|    entropy_loss       | -17       |
|    explained_variance | -1.19e-07 |
|    learning_rate      | 0.0001    |
|    n_updates          | 3624      |
|    policy_loss        | -1.26e+06 |
|    std                | 1         |
|    value_loss         | 6.7e+09   |
-------------------------------------
-------------------------------------
| rollout/              |           |
|    ep_len_mean        | 53.6      |
|    ep_rew_mean        | -7.39e+05 |
| time/                 |           |
|    fps                | 1551      |
|    time_elapsed       | 193       |
|    total_timesteps    | 300000    |
| train/                |           |
|    entropy_loss       | -17       |
|    explained_variance | -1.19e-07 |
|    learning_rate      | 0.0001    |
|    n_updates          | 3749      |
|    policy_loss        | -1.3e+06  |
|    std                | 1         |
|    value_loss         | 6.45e+09  |
-------------------------------------
-------------------------------------
| rollout/              |           |
|    ep_len_mean        | 53.8      |
|    ep_rew_mean        | -7.49e+05 |
| time/                 |           |
|    fps                | 1550      |
|    time_elapsed       | 199       |
|    total_timesteps    | 310000    |
| train/                |           |
|    entropy_loss       | -17       |
|    explained_variance | -1.19e-07 |
|    learning_rate      | 0.0001    |
|    n_updates          | 3874      |
|    policy_loss        | -1.2e+06  |
|    std                | 1         |
|    value_loss         | 5.49e+09  |
-------------------------------------
-------------------------------------
| rollout/              |           |
|    ep_len_mean        | 56.4      |
|    ep_rew_mean        | -7.82e+05 |
| time/                 |           |
|    fps                | 1550      |
|    time_elapsed       | 206       |
|    total_timesteps    | 320000    |
| train/                |           |
|    entropy_loss       | -17       |
|    explained_variance | 0         |
|    learning_rate      | 0.0001    |
|    n_updates          | 3999      |
|    policy_loss        | -1.28e+06 |
|    std                | 1         |
|    value_loss         | 6.48e+09  |
-------------------------------------
-------------------------------------
| rollout/              |           |
|    ep_len_mean        | 61.2      |
|    ep_rew_mean        | -8.53e+05 |
| time/                 |           |
|    fps                | 1549      |
|    time_elapsed       | 212       |
|    total_timesteps    | 330000    |
| train/                |           |
|    entropy_loss       | -17       |
|    explained_variance | 0         |
|    learning_rate      | 0.0001    |
|    n_updates          | 4124      |
|    policy_loss        | -1.11e+06 |
|    std                | 1         |
|    value_loss         | 4.94e+09  |
-------------------------------------
-------------------------------------
| rollout/              |           |
|    ep_len_mean        | 53.5      |
|    ep_rew_mean        | -7.58e+05 |
| time/                 |           |
|    fps                | 1549      |
|    time_elapsed       | 219       |
|    total_timesteps    | 340000    |
| train/                |           |
|    entropy_loss       | -17       |
|    explained_variance | -1.19e-07 |
|    learning_rate      | 0.0001    |
|    n_updates          | 4249      |
|    policy_loss        | -1.36e+06 |
|    std                | 1         |
|    value_loss         | 7.19e+09  |
-------------------------------------
-------------------------------------
| rollout/              |           |
|    ep_len_mean        | 63.2      |
|    ep_rew_mean        | -8.9e+05  |
| time/                 |           |
|    fps                | 1547      |
|    time_elapsed       | 226       |
|    total_timesteps    | 350000    |
| train/                |           |
|    entropy_loss       | -17       |
|    explained_variance | -1.19e-07 |
|    learning_rate      | 0.0001    |
|    n_updates          | 4374      |
|    policy_loss        | -1.29e+06 |
|    std                | 1         |
|    value_loss         | 6.69e+09  |
-------------------------------------
-------------------------------------
| rollout/              |           |
|    ep_len_mean        | 46.2      |
|    ep_rew_mean        | -6.48e+05 |
| time/                 |           |
|    fps                | 1547      |
|    time_elapsed       | 232       |
|    total_timesteps    | 360000    |
| train/                |           |
|    entropy_loss       | -17       |
|    explained_variance | 0         |
|    learning_rate      | 0.0001    |
|    n_updates          | 4499      |
|    policy_loss        | -1.22e+06 |
|    std                | 1         |
|    value_loss         | 5.79e+09  |
-------------------------------------
-------------------------------------
| rollout/              |           |
|    ep_len_mean        | 55.2      |
|    ep_rew_mean        | -7.61e+05 |
| time/                 |           |
|    fps                | 1546      |
|    time_elapsed       | 239       |
|    total_timesteps    | 370000    |
| train/                |           |
|    entropy_loss       | -17       |
|    explained_variance | -1.19e-07 |
|    learning_rate      | 0.0001    |
|    n_updates          | 4624      |
|    policy_loss        | -1.15e+06 |
|    std                | 1         |
|    value_loss         | 5.53e+09  |
-------------------------------------
-------------------------------------
| rollout/              |           |
|    ep_len_mean        | 42.7      |
|    ep_rew_mean        | -5.93e+05 |
| time/                 |           |
|    fps                | 1546      |
|    time_elapsed       | 245       |
|    total_timesteps    | 380000    |
| train/                |           |
|    entropy_loss       | -17       |
|    explained_variance | -1.19e-07 |
|    learning_rate      | 0.0001    |
|    n_updates          | 4749      |
|    policy_loss        | -1.14e+06 |
|    std                | 1         |
|    value_loss         | 5.3e+09   |
-------------------------------------
-------------------------------------
| rollout/              |           |
|    ep_len_mean        | 48.6      |
|    ep_rew_mean        | -6.72e+05 |
| time/                 |           |
|    fps                | 1546      |
|    time_elapsed       | 252       |
|    total_timesteps    | 390000    |
| train/                |           |
|    entropy_loss       | -17       |
|    explained_variance | 0         |
|    learning_rate      | 0.0001    |
|    n_updates          | 4874      |
|    policy_loss        | -1.11e+06 |
|    std                | 1         |
|    value_loss         | 4.87e+09  |
-------------------------------------
-------------------------------------
| rollout/              |           |
|    ep_len_mean        | 53.6      |
|    ep_rew_mean        | -7.36e+05 |
| time/                 |           |
|    fps                | 1546      |
|    time_elapsed       | 258       |
|    total_timesteps    | 400000    |
| train/                |           |
|    entropy_loss       | -17       |
|    explained_variance | 0         |
|    learning_rate      | 0.0001    |
|    n_updates          | 4999      |
|    policy_loss        | -1.38e+06 |
|    std                | 1         |
|    value_loss         | 6.88e+09  |
-------------------------------------
-------------------------------------
| rollout/              |           |
|    ep_len_mean        | 49.3      |
|    ep_rew_mean        | -6.86e+05 |
| time/                 |           |
|    fps                | 1545      |
|    time_elapsed       | 265       |
|    total_timesteps    | 410000    |
| train/                |           |
|    entropy_loss       | -17       |
|    explained_variance | 0         |
|    learning_rate      | 0.0001    |
|    n_updates          | 5124      |
|    policy_loss        | -1.27e+06 |
|    std                | 1         |
|    value_loss         | 6.13e+09  |
-------------------------------------
-------------------------------------
| rollout/              |           |
|    ep_len_mean        | 49.6      |
|    ep_rew_mean        | -6.8e+05  |
| time/                 |           |
|    fps                | 1545      |
|    time_elapsed       | 271       |
|    total_timesteps    | 420000    |
| train/                |           |
|    entropy_loss       | -17       |
|    explained_variance | 0         |
|    learning_rate      | 0.0001    |
|    n_updates          | 5249      |
|    policy_loss        | -1.31e+06 |
|    std                | 1         |
|    value_loss         | 6.54e+09  |
-------------------------------------
-------------------------------------
| rollout/              |           |
|    ep_len_mean        | 49.9      |
|    ep_rew_mean        | -6.89e+05 |
| time/                 |           |
|    fps                | 1544      |
|    time_elapsed       | 278       |
|    total_timesteps    | 430000    |
| train/                |           |
|    entropy_loss       | -17       |
|    explained_variance | 0         |
|    learning_rate      | 0.0001    |
|    n_updates          | 5374      |
|    policy_loss        | -1.24e+06 |
|    std                | 1         |
|    value_loss         | 6.45e+09  |
-------------------------------------
-------------------------------------
| rollout/              |           |
|    ep_len_mean        | 48.5      |
|    ep_rew_mean        | -6.77e+05 |
| time/                 |           |
|    fps                | 1544      |
|    time_elapsed       | 284       |
|    total_timesteps    | 440000    |
| train/                |           |
|    entropy_loss       | -17       |
|    explained_variance | 0         |
|    learning_rate      | 0.0001    |
|    n_updates          | 5499      |
|    policy_loss        | -1.35e+06 |
|    std                | 1         |
|    value_loss         | 6.9e+09   |
-------------------------------------
-------------------------------------
| rollout/              |           |
|    ep_len_mean        | 51.1      |
|    ep_rew_mean        | -7.04e+05 |
| time/                 |           |
|    fps                | 1543      |
|    time_elapsed       | 291       |
|    total_timesteps    | 450000    |
| train/                |           |
|    entropy_loss       | -17       |
|    explained_variance | 0         |
|    learning_rate      | 0.0001    |
|    n_updates          | 5624      |
|    policy_loss        | -1.15e+06 |
|    std                | 1         |
|    value_loss         | 5.27e+09  |
-------------------------------------
-------------------------------------
| rollout/              |           |
|    ep_len_mean        | 51.7      |
|    ep_rew_mean        | -7.04e+05 |
| time/                 |           |
|    fps                | 1543      |
|    time_elapsed       | 298       |
|    total_timesteps    | 460000    |
| train/                |           |
|    entropy_loss       | -17       |
|    explained_variance | 0         |
|    learning_rate      | 0.0001    |
|    n_updates          | 5749      |
|    policy_loss        | -1.13e+06 |
|    std                | 1         |
|    value_loss         | 5e+09     |
-------------------------------------
-------------------------------------
| rollout/              |           |
|    ep_len_mean        | 55.7      |
|    ep_rew_mean        | -7.61e+05 |
| time/                 |           |
|    fps                | 1543      |
|    time_elapsed       | 304       |
|    total_timesteps    | 470000    |
| train/                |           |
|    entropy_loss       | -17       |
|    explained_variance | 0         |
|    learning_rate      | 0.0001    |
|    n_updates          | 5874      |
|    policy_loss        | -1.15e+06 |
|    std                | 1         |
|    value_loss         | 5.53e+09  |
-------------------------------------
-------------------------------------
| rollout/              |           |
|    ep_len_mean        | 48.6      |
|    ep_rew_mean        | -6.64e+05 |
| time/                 |           |
|    fps                | 1543      |
|    time_elapsed       | 310       |
|    total_timesteps    | 480000    |
| train/                |           |
|    entropy_loss       | -17       |
|    explained_variance | 0         |
|    learning_rate      | 0.0001    |
|    n_updates          | 5999      |
|    policy_loss        | -9.46e+05 |
|    std                | 1         |
|    value_loss         | 4.68e+09  |
-------------------------------------
-------------------------------------
| rollout/              |           |
|    ep_len_mean        | 49.2      |
|    ep_rew_mean        | -6.67e+05 |
| time/                 |           |
|    fps                | 1543      |
|    time_elapsed       | 317       |
|    total_timesteps    | 490000    |
| train/                |           |
|    entropy_loss       | -17       |
|    explained_variance | 0         |
|    learning_rate      | 0.0001    |
|    n_updates          | 6124      |
|    policy_loss        | -1.36e+06 |
|    std                | 1         |
|    value_loss         | 6.64e+09  |
-------------------------------------
-------------------------------------
| rollout/              |           |
|    ep_len_mean        | 45.7      |
|    ep_rew_mean        | -6.32e+05 |
| time/                 |           |
|    fps                | 1544      |
|    time_elapsed       | 323       |
|    total_timesteps    | 500000    |
| train/                |           |
|    entropy_loss       | -17.1     |
|    explained_variance | 0         |
|    learning_rate      | 0.0001    |
|    n_updates          | 6249      |
|    policy_loss        | -1.29e+06 |
|    std                | 1         |
|    value_loss         | 6.39e+09  |
-------------------------------------
-------------------------------------
| rollout/              |           |
|    ep_len_mean        | 50.8      |
|    ep_rew_mean        | -6.91e+05 |
| time/                 |           |
|    fps                | 1544      |
|    time_elapsed       | 330       |
|    total_timesteps    | 510000    |
| train/                |           |
|    entropy_loss       | -17.1     |
|    explained_variance | 5.96e-08  |
|    learning_rate      | 0.0001    |
|    n_updates          | 6374      |
|    policy_loss        | -1.25e+06 |
|    std                | 1         |
|    value_loss         | 5.97e+09  |
-------------------------------------
-------------------------------------
| rollout/              |           |
|    ep_len_mean        | 55.1      |
|    ep_rew_mean        | -7.44e+05 |
| time/                 |           |
|    fps                | 1544      |
|    time_elapsed       | 336       |
|    total_timesteps    | 520000    |
| train/                |           |
|    entropy_loss       | -17       |
|    explained_variance | 1.19e-07  |
|    learning_rate      | 0.0001    |
|    n_updates          | 6499      |
|    policy_loss        | -1.11e+06 |
|    std                | 1         |
|    value_loss         | 4.75e+09  |
-------------------------------------
-------------------------------------
| rollout/              |           |
|    ep_len_mean        | 45.1      |
|    ep_rew_mean        | -6.19e+05 |
| time/                 |           |
|    fps                | 1544      |
|    time_elapsed       | 343       |
|    total_timesteps    | 530000    |
| train/                |           |
|    entropy_loss       | -17       |
|    explained_variance | 0         |
|    learning_rate      | 0.0001    |
|    n_updates          | 6624      |
|    policy_loss        | -1.26e+06 |
|    std                | 1         |
|    value_loss         | 6.04e+09  |
-------------------------------------
-------------------------------------
| rollout/              |           |
|    ep_len_mean        | 47.9      |
|    ep_rew_mean        | -6.59e+05 |
| time/                 |           |
|    fps                | 1544      |
|    time_elapsed       | 349       |
|    total_timesteps    | 540000    |
| train/                |           |
|    entropy_loss       | -17       |
|    explained_variance | 1.19e-07  |
|    learning_rate      | 0.0001    |
|    n_updates          | 6749      |
|    policy_loss        | -1.16e+06 |
|    std                | 1         |
|    value_loss         | 5.44e+09  |
-------------------------------------
-------------------------------------
| rollout/              |           |
|    ep_len_mean        | 45.3      |
|    ep_rew_mean        | -6.13e+05 |
| time/                 |           |
|    fps                | 1544      |
|    time_elapsed       | 356       |
|    total_timesteps    | 550000    |
| train/                |           |
|    entropy_loss       | -17       |
|    explained_variance | 1.19e-07  |
|    learning_rate      | 0.0001    |
|    n_updates          | 6874      |
|    policy_loss        | -1.15e+06 |
|    std                | 1         |
|    value_loss         | 5.37e+09  |
-------------------------------------
-------------------------------------
| rollout/              |           |
|    ep_len_mean        | 53.7      |
|    ep_rew_mean        | -7.23e+05 |
| time/                 |           |
|    fps                | 1544      |
|    time_elapsed       | 362       |
|    total_timesteps    | 560000    |
| train/                |           |
|    entropy_loss       | -17       |
|    explained_variance | 1.19e-07  |
|    learning_rate      | 0.0001    |
|    n_updates          | 6999      |
|    policy_loss        | -1.06e+06 |
|    std                | 1         |
|    value_loss         | 4.47e+09  |
-------------------------------------
-------------------------------------
| rollout/              |           |
|    ep_len_mean        | 43.2      |
|    ep_rew_mean        | -6e+05    |
| time/                 |           |
|    fps                | 1544      |
|    time_elapsed       | 368       |
|    total_timesteps    | 570000    |
| train/                |           |
|    entropy_loss       | -17       |
|    explained_variance | -2.38e-07 |
|    learning_rate      | 0.0001    |
|    n_updates          | 7124      |
|    policy_loss        | -1.08e+06 |
|    std                | 1         |
|    value_loss         | 4.84e+09  |
-------------------------------------
-------------------------------------
| rollout/              |           |
|    ep_len_mean        | 42.6      |
|    ep_rew_mean        | -5.9e+05  |
| time/                 |           |
|    fps                | 1544      |
|    time_elapsed       | 375       |
|    total_timesteps    | 580000    |
| train/                |           |
|    entropy_loss       | -17       |
|    explained_variance | -1.19e-07 |
|    learning_rate      | 0.0001    |
|    n_updates          | 7249      |
|    policy_loss        | -1.08e+06 |
|    std                | 1         |
|    value_loss         | 4.8e+09   |
-------------------------------------
-------------------------------------
| rollout/              |           |
|    ep_len_mean        | 50.5      |
|    ep_rew_mean        | -6.84e+05 |
| time/                 |           |
|    fps                | 1544      |
|    time_elapsed       | 381       |
|    total_timesteps    | 590000    |
| train/                |           |
|    entropy_loss       | -17       |
|    explained_variance | -2.38e-07 |
|    learning_rate      | 0.0001    |
|    n_updates          | 7374      |
|    policy_loss        | -1.14e+06 |
|    std                | 1         |
|    value_loss         | 5.17e+09  |
-------------------------------------
-------------------------------------
| rollout/              |           |
|    ep_len_mean        | 46.6      |
|    ep_rew_mean        | -6.28e+05 |
| time/                 |           |
|    fps                | 1543      |
|    time_elapsed       | 388       |
|    total_timesteps    | 600000    |
| train/                |           |
|    entropy_loss       | -17       |
|    explained_variance | -1.19e-07 |
|    learning_rate      | 0.0001    |
|    n_updates          | 7499      |
|    policy_loss        | -1.3e+06  |
|    std                | 1         |
|    value_loss         | 6.62e+09  |
-------------------------------------
-------------------------------------
| rollout/              |           |
|    ep_len_mean        | 52.5      |
|    ep_rew_mean        | -7.03e+05 |
| time/                 |           |
|    fps                | 1543      |
|    time_elapsed       | 395       |
|    total_timesteps    | 610000    |
| train/                |           |
|    entropy_loss       | -17       |
|    explained_variance | -2.38e-07 |
|    learning_rate      | 0.0001    |
|    n_updates          | 7624      |
|    policy_loss        | -1.18e+06 |
|    std                | 1         |
|    value_loss         | 5.55e+09  |
-------------------------------------
-------------------------------------
| rollout/              |           |
|    ep_len_mean        | 43.9      |
|    ep_rew_mean        | -6e+05    |
| time/                 |           |
|    fps                | 1543      |
|    time_elapsed       | 401       |
|    total_timesteps    | 620000    |
| train/                |           |
|    entropy_loss       | -17       |
|    explained_variance | -1.19e-07 |
|    learning_rate      | 0.0001    |
|    n_updates          | 7749      |
|    policy_loss        | -1.11e+06 |
|    std                | 1         |
|    value_loss         | 5.09e+09  |
-------------------------------------
-------------------------------------
| rollout/              |           |
|    ep_len_mean        | 50.3      |
|    ep_rew_mean        | -6.76e+05 |
| time/                 |           |
|    fps                | 1542      |
|    time_elapsed       | 408       |
|    total_timesteps    | 630000    |
| train/                |           |
|    entropy_loss       | -17       |
|    explained_variance | 0         |
|    learning_rate      | 0.0001    |
|    n_updates          | 7874      |
|    policy_loss        | -1.17e+06 |
|    std                | 1         |
|    value_loss         | 5.86e+09  |
-------------------------------------
-------------------------------------
| rollout/              |           |
|    ep_len_mean        | 44        |
|    ep_rew_mean        | -6e+05    |
| time/                 |           |
|    fps                | 1542      |
|    time_elapsed       | 414       |
|    total_timesteps    | 640000    |
| train/                |           |
|    entropy_loss       | -17       |
|    explained_variance | 0         |
|    learning_rate      | 0.0001    |
|    n_updates          | 7999      |
|    policy_loss        | -1.14e+06 |
|    std                | 1         |
|    value_loss         | 5.31e+09  |
-------------------------------------
-------------------------------------
| rollout/              |           |
|    ep_len_mean        | 39.2      |
|    ep_rew_mean        | -5.42e+05 |
| time/                 |           |
|    fps                | 1542      |
|    time_elapsed       | 421       |
|    total_timesteps    | 650000    |
| train/                |           |
|    entropy_loss       | -17       |
|    explained_variance | 1.79e-07  |
|    learning_rate      | 0.0001    |
|    n_updates          | 8124      |
|    policy_loss        | -1.23e+06 |
|    std                | 1         |
|    value_loss         | 6.14e+09  |
-------------------------------------
-------------------------------------
| rollout/              |           |
|    ep_len_mean        | 40.1      |
|    ep_rew_mean        | -5.56e+05 |
| time/                 |           |
|    fps                | 1542      |
|    time_elapsed       | 427       |
|    total_timesteps    | 660000    |
| train/                |           |
|    entropy_loss       | -17.1     |
|    explained_variance | 0         |
|    learning_rate      | 0.0001    |
|    n_updates          | 8249      |
|    policy_loss        | -1.06e+06 |
|    std                | 1         |
|    value_loss         | 4.39e+09  |
-------------------------------------
-------------------------------------
| rollout/              |           |
|    ep_len_mean        | 46.2      |
|    ep_rew_mean        | -6.25e+05 |
| time/                 |           |
|    fps                | 1542      |
|    time_elapsed       | 434       |
|    total_timesteps    | 670000    |
| train/                |           |
|    entropy_loss       | -17       |
|    explained_variance | 1.19e-07  |
|    learning_rate      | 0.0001    |
|    n_updates          | 8374      |
|    policy_loss        | -1.16e+06 |
|    std                | 1         |
|    value_loss         | 5.49e+09  |
-------------------------------------
-------------------------------------
| rollout/              |           |
|    ep_len_mean        | 40        |
|    ep_rew_mean        | -5.54e+05 |
| time/                 |           |
|    fps                | 1542      |
|    time_elapsed       | 440       |
|    total_timesteps    | 680000    |
| train/                |           |
|    entropy_loss       | -17       |
|    explained_variance | 0         |
|    learning_rate      | 0.0001    |
|    n_updates          | 8499      |
|    policy_loss        | -1.1e+06  |
|    std                | 1         |
|    value_loss         | 5.03e+09  |
-------------------------------------
-------------------------------------
| rollout/              |           |
|    ep_len_mean        | 47.2      |
|    ep_rew_mean        | -6.39e+05 |
| time/                 |           |
|    fps                | 1542      |
|    time_elapsed       | 447       |
|    total_timesteps    | 690000    |
| train/                |           |
|    entropy_loss       | -17       |
|    explained_variance | 0         |
|    learning_rate      | 0.0001    |
|    n_updates          | 8624      |
|    policy_loss        | -1.11e+06 |
|    std                | 1         |
|    value_loss         | 5.16e+09  |
-------------------------------------
-------------------------------------
| rollout/              |           |
|    ep_len_mean        | 43.2      |
|    ep_rew_mean        | -5.9e+05  |
| time/                 |           |
|    fps                | 1542      |
|    time_elapsed       | 453       |
|    total_timesteps    | 700000    |
| train/                |           |
|    entropy_loss       | -17       |
|    explained_variance | 0         |
|    learning_rate      | 0.0001    |
|    n_updates          | 8749      |
|    policy_loss        | -1.22e+06 |
|    std                | 1         |
|    value_loss         | 6.26e+09  |
-------------------------------------
-------------------------------------
| rollout/              |           |
|    ep_len_mean        | 45.7      |
|    ep_rew_mean        | -6.21e+05 |
| time/                 |           |
|    fps                | 1542      |
|    time_elapsed       | 460       |
|    total_timesteps    | 710000    |
| train/                |           |
|    entropy_loss       | -17       |
|    explained_variance | 1.19e-07  |
|    learning_rate      | 0.0001    |
|    n_updates          | 8874      |
|    policy_loss        | -1.17e+06 |
|    std                | 1         |
|    value_loss         | 5.16e+09  |
-------------------------------------
-------------------------------------
| rollout/              |           |
|    ep_len_mean        | 41.9      |
|    ep_rew_mean        | -5.75e+05 |
| time/                 |           |
|    fps                | 1542      |
|    time_elapsed       | 466       |
|    total_timesteps    | 720000    |
| train/                |           |
|    entropy_loss       | -17       |
|    explained_variance | -1.19e-07 |
|    learning_rate      | 0.0001    |
|    n_updates          | 8999      |
|    policy_loss        | -1.05e+06 |
|    std                | 1         |
|    value_loss         | 4.57e+09  |
-------------------------------------
-------------------------------------
| rollout/              |           |
|    ep_len_mean        | 48.7      |
|    ep_rew_mean        | -6.58e+05 |
| time/                 |           |
|    fps                | 1542      |
|    time_elapsed       | 473       |
|    total_timesteps    | 730000    |
| train/                |           |
|    entropy_loss       | -17       |
|    explained_variance | 2.38e-07  |
|    learning_rate      | 0.0001    |
|    n_updates          | 9124      |
|    policy_loss        | -1.24e+06 |
|    std                | 1         |
|    value_loss         | 5.89e+09  |
-------------------------------------
-------------------------------------
| rollout/              |           |
|    ep_len_mean        | 37.6      |
|    ep_rew_mean        | -5.15e+05 |
| time/                 |           |
|    fps                | 1542      |
|    time_elapsed       | 479       |
|    total_timesteps    | 740000    |
| train/                |           |
|    entropy_loss       | -17.1     |
|    explained_variance | -1.19e-07 |
|    learning_rate      | 0.0001    |
|    n_updates          | 9249      |
|    policy_loss        | -1.24e+06 |
|    std                | 1         |
|    value_loss         | 6.17e+09  |
-------------------------------------
-------------------------------------
| rollout/              |           |
|    ep_len_mean        | 45.4      |
|    ep_rew_mean        | -6.13e+05 |
| time/                 |           |
|    fps                | 1542      |
|    time_elapsed       | 486       |
|    total_timesteps    | 750000    |
| train/                |           |
|    entropy_loss       | -17.1     |
|    explained_variance | 2.38e-07  |
|    learning_rate      | 0.0001    |
|    n_updates          | 9374      |
|    policy_loss        | -1.27e+06 |
|    std                | 1         |
|    value_loss         | 6.33e+09  |
-------------------------------------
-------------------------------------
| rollout/              |           |
|    ep_len_mean        | 46.8      |
|    ep_rew_mean        | -6.33e+05 |
| time/                 |           |
|    fps                | 1542      |
|    time_elapsed       | 492       |
|    total_timesteps    | 760000    |
| train/                |           |
|    entropy_loss       | -17.1     |
|    explained_variance | 1.19e-07  |
|    learning_rate      | 0.0001    |
|    n_updates          | 9499      |
|    policy_loss        | -1.12e+06 |
|    std                | 1         |
|    value_loss         | 4.86e+09  |
-------------------------------------
-------------------------------------
| rollout/              |           |
|    ep_len_mean        | 49.6      |
|    ep_rew_mean        | -6.55e+05 |
| time/                 |           |
|    fps                | 1543      |
|    time_elapsed       | 499       |
|    total_timesteps    | 770000    |
| train/                |           |
|    entropy_loss       | -17.1     |
|    explained_variance | 1.19e-07  |
|    learning_rate      | 0.0001    |
|    n_updates          | 9624      |
|    policy_loss        | -1.15e+06 |
|    std                | 1         |
|    value_loss         | 5.14e+09  |
-------------------------------------
-------------------------------------
| rollout/              |           |
|    ep_len_mean        | 47.3      |
|    ep_rew_mean        | -6.37e+05 |
| time/                 |           |
|    fps                | 1543      |
|    time_elapsed       | 505       |
|    total_timesteps    | 780000    |
| train/                |           |
|    entropy_loss       | -17.1     |
|    explained_variance | 1.19e-07  |
|    learning_rate      | 0.0001    |
|    n_updates          | 9749      |
|    policy_loss        | -1.1e+06  |
|    std                | 1         |
|    value_loss         | 4.64e+09  |
-------------------------------------
-------------------------------------
| rollout/              |           |
|    ep_len_mean        | 46.2      |
|    ep_rew_mean        | -6.17e+05 |
| time/                 |           |
|    fps                | 1543      |
|    time_elapsed       | 511       |
|    total_timesteps    | 790000    |
| train/                |           |
|    entropy_loss       | -17.1     |
|    explained_variance | 2.98e-07  |
|    learning_rate      | 0.0001    |
|    n_updates          | 9874      |
|    policy_loss        | -1.08e+06 |
|    std                | 1         |
|    value_loss         | 4.96e+09  |
-------------------------------------
-------------------------------------
| rollout/              |           |
|    ep_len_mean        | 37.7      |
|    ep_rew_mean        | -5.15e+05 |
| time/                 |           |
|    fps                | 1543      |
|    time_elapsed       | 518       |
|    total_timesteps    | 800000    |
| train/                |           |
|    entropy_loss       | -17.1     |
|    explained_variance | -1.19e-07 |
|    learning_rate      | 0.0001    |
|    n_updates          | 9999      |
|    policy_loss        | -1.3e+06  |
|    std                | 1         |
|    value_loss         | 6.68e+09  |
-------------------------------------
-------------------------------------
| rollout/              |           |
|    ep_len_mean        | 44.5      |
|    ep_rew_mean        | -5.91e+05 |
| time/                 |           |
|    fps                | 1543      |
|    time_elapsed       | 524       |
|    total_timesteps    | 810000    |
| train/                |           |
|    entropy_loss       | -17.1     |
|    explained_variance | 1.79e-07  |
|    learning_rate      | 0.0001    |
|    n_updates          | 10124     |
|    policy_loss        | -1.17e+06 |
|    std                | 1         |
|    value_loss         | 5.4e+09   |
-------------------------------------
-------------------------------------
| rollout/              |           |
|    ep_len_mean        | 44.7      |
|    ep_rew_mean        | -6.02e+05 |
| time/                 |           |
|    fps                | 1543      |
|    time_elapsed       | 531       |
|    total_timesteps    | 820000    |
| train/                |           |
|    entropy_loss       | -17.1     |
|    explained_variance | -1.19e-07 |
|    learning_rate      | 0.0001    |
|    n_updates          | 10249     |
|    policy_loss        | -1.22e+06 |
|    std                | 1         |
|    value_loss         | 5.66e+09  |
-------------------------------------
-------------------------------------
| rollout/              |           |
|    ep_len_mean        | 44.1      |
|    ep_rew_mean        | -5.97e+05 |
| time/                 |           |
|    fps                | 1543      |
|    time_elapsed       | 537       |
|    total_timesteps    | 830000    |
| train/                |           |
|    entropy_loss       | -17.1     |
|    explained_variance | 5.96e-08  |
|    learning_rate      | 0.0001    |
|    n_updates          | 10374     |
|    policy_loss        | -1.16e+06 |
|    std                | 1         |
|    value_loss         | 5.33e+09  |
-------------------------------------
-------------------------------------
| rollout/              |           |
|    ep_len_mean        | 48.6      |
|    ep_rew_mean        | -6.46e+05 |
| time/                 |           |
|    fps                | 1543      |
|    time_elapsed       | 544       |
|    total_timesteps    | 840000    |
| train/                |           |
|    entropy_loss       | -17.1     |
|    explained_variance | -2.38e-07 |
|    learning_rate      | 0.0001    |
|    n_updates          | 10499     |
|    policy_loss        | -1.07e+06 |
|    std                | 1         |
|    value_loss         | 4.33e+09  |
-------------------------------------
-------------------------------------
| rollout/              |           |
|    ep_len_mean        | 51.6      |
|    ep_rew_mean        | -6.86e+05 |
| time/                 |           |
|    fps                | 1543      |
|    time_elapsed       | 550       |
|    total_timesteps    | 850000    |
| train/                |           |
|    entropy_loss       | -17.1     |
|    explained_variance | -2.38e-07 |
|    learning_rate      | 0.0001    |
|    n_updates          | 10624     |
|    policy_loss        | -1.1e+06  |
|    std                | 1         |
|    value_loss         | 4.87e+09  |
-------------------------------------
-------------------------------------
| rollout/              |           |
|    ep_len_mean        | 37.1      |
|    ep_rew_mean        | -4.98e+05 |
| time/                 |           |
|    fps                | 1543      |
|    time_elapsed       | 557       |
|    total_timesteps    | 860000    |
| train/                |           |
|    entropy_loss       | -17.1     |
|    explained_variance | -2.38e-07 |
|    learning_rate      | 0.0001    |
|    n_updates          | 10749     |
|    policy_loss        | -1.31e+06 |
|    std                | 1         |
|    value_loss         | 6.65e+09  |
-------------------------------------
-------------------------------------
| rollout/              |           |
|    ep_len_mean        | 46.4      |
|    ep_rew_mean        | -6.16e+05 |
| time/                 |           |
|    fps                | 1543      |
|    time_elapsed       | 563       |
|    total_timesteps    | 870000    |
| train/                |           |
|    entropy_loss       | -17.1     |
|    explained_variance | 0         |
|    learning_rate      | 0.0001    |
|    n_updates          | 10874     |
|    policy_loss        | -1.13e+06 |
|    std                | 1         |
|    value_loss         | 5.29e+09  |
-------------------------------------
-------------------------------------
| rollout/              |           |
|    ep_len_mean        | 44.9      |
|    ep_rew_mean        | -5.92e+05 |
| time/                 |           |
|    fps                | 1543      |
|    time_elapsed       | 570       |
|    total_timesteps    | 880000    |
| train/                |           |
|    entropy_loss       | -17.1     |
|    explained_variance | -2.38e-07 |
|    learning_rate      | 0.0001    |
|    n_updates          | 10999     |
|    policy_loss        | -1.31e+06 |
|    std                | 1         |
|    value_loss         | 6.61e+09  |
-------------------------------------
-------------------------------------
| rollout/              |           |
|    ep_len_mean        | 38.8      |
|    ep_rew_mean        | -5.3e+05  |
| time/                 |           |
|    fps                | 1543      |
|    time_elapsed       | 576       |
|    total_timesteps    | 890000    |
| train/                |           |
|    entropy_loss       | -17.1     |
|    explained_variance | -2.38e-07 |
|    learning_rate      | 0.0001    |
|    n_updates          | 11124     |
|    policy_loss        | -1.06e+06 |
|    std                | 1         |
|    value_loss         | 4.31e+09  |
-------------------------------------
-------------------------------------
| rollout/              |           |
|    ep_len_mean        | 38.7      |
|    ep_rew_mean        | -5.28e+05 |
| time/                 |           |
|    fps                | 1543      |
|    time_elapsed       | 583       |
|    total_timesteps    | 900000    |
| train/                |           |
|    entropy_loss       | -17.1     |
|    explained_variance | -1.19e-07 |
|    learning_rate      | 0.0001    |
|    n_updates          | 11249     |
|    policy_loss        | -1.19e+06 |
|    std                | 1         |
|    value_loss         | 5.6e+09   |
-------------------------------------
-------------------------------------
| rollout/              |           |
|    ep_len_mean        | 38.5      |
|    ep_rew_mean        | -5.26e+05 |
| time/                 |           |
|    fps                | 1543      |
|    time_elapsed       | 589       |
|    total_timesteps    | 910000    |
| train/                |           |
|    entropy_loss       | -17.1     |
|    explained_variance | -1.19e-07 |
|    learning_rate      | 0.0001    |
|    n_updates          | 11374     |
|    policy_loss        | -1.18e+06 |
|    std                | 1         |
|    value_loss         | 5.69e+09  |
-------------------------------------
-------------------------------------
| rollout/              |           |
|    ep_len_mean        | 45        |
|    ep_rew_mean        | -5.99e+05 |
| time/                 |           |
|    fps                | 1543      |
|    time_elapsed       | 596       |
|    total_timesteps    | 920000    |
| train/                |           |
|    entropy_loss       | -17.1     |
|    explained_variance | -1.19e-07 |
|    learning_rate      | 0.0001    |
|    n_updates          | 11499     |
|    policy_loss        | -1.22e+06 |
|    std                | 1         |
|    value_loss         | 5.64e+09  |
-------------------------------------
-------------------------------------
| rollout/              |           |
|    ep_len_mean        | 44.3      |
|    ep_rew_mean        | -5.87e+05 |
| time/                 |           |
|    fps                | 1543      |
|    time_elapsed       | 602       |
|    total_timesteps    | 930000    |
| train/                |           |
|    entropy_loss       | -17.1     |
|    explained_variance | 0         |
|    learning_rate      | 0.0001    |
|    n_updates          | 11624     |
|    policy_loss        | -1.12e+06 |
|    std                | 1         |
|    value_loss         | 4.9e+09   |
-------------------------------------
-------------------------------------
| rollout/              |           |
|    ep_len_mean        | 35.7      |
|    ep_rew_mean        | -4.93e+05 |
| time/                 |           |
|    fps                | 1543      |
|    time_elapsed       | 609       |
|    total_timesteps    | 940000    |
| train/                |           |
|    entropy_loss       | -17.1     |
|    explained_variance | 0         |
|    learning_rate      | 0.0001    |
|    n_updates          | 11749     |
|    policy_loss        | -1.2e+06  |
|    std                | 1         |
|    value_loss         | 5.75e+09  |
-------------------------------------
-------------------------------------
| rollout/              |           |
|    ep_len_mean        | 38.9      |
|    ep_rew_mean        | -5.37e+05 |
| time/                 |           |
|    fps                | 1543      |
|    time_elapsed       | 615       |
|    total_timesteps    | 950000    |
| train/                |           |
|    entropy_loss       | -17.1     |
|    explained_variance | 0         |
|    learning_rate      | 0.0001    |
|    n_updates          | 11874     |
|    policy_loss        | -1.1e+06  |
|    std                | 1         |
|    value_loss         | 4.97e+09  |
-------------------------------------
-------------------------------------
| rollout/              |           |
|    ep_len_mean        | 43.3      |
|    ep_rew_mean        | -5.85e+05 |
| time/                 |           |
|    fps                | 1543      |
|    time_elapsed       | 622       |
|    total_timesteps    | 960000    |
| train/                |           |
|    entropy_loss       | -17.1     |
|    explained_variance | 0         |
|    learning_rate      | 0.0001    |
|    n_updates          | 11999     |
|    policy_loss        | -1.13e+06 |
|    std                | 1         |
|    value_loss         | 5.1e+09   |
-------------------------------------
-------------------------------------
| rollout/              |           |
|    ep_len_mean        | 41.9      |
|    ep_rew_mean        | -5.72e+05 |
| time/                 |           |
|    fps                | 1543      |
|    time_elapsed       | 628       |
|    total_timesteps    | 970000    |
| train/                |           |
|    entropy_loss       | -17.1     |
|    explained_variance | 0         |
|    learning_rate      | 0.0001    |
|    n_updates          | 12124     |
|    policy_loss        | -9.77e+05 |
|    std                | 1         |
|    value_loss         | 4.8e+09   |
-------------------------------------
-------------------------------------
| rollout/              |           |
|    ep_len_mean        | 38.7      |
|    ep_rew_mean        | -5.26e+05 |
| time/                 |           |
|    fps                | 1543      |
|    time_elapsed       | 634       |
|    total_timesteps    | 980000    |
| train/                |           |
|    entropy_loss       | -17.1     |
|    explained_variance | 0         |
|    learning_rate      | 0.0001    |
|    n_updates          | 12249     |
|    policy_loss        | -1.05e+06 |
|    std                | 1         |
|    value_loss         | 4.08e+09  |
-------------------------------------
-------------------------------------
| rollout/              |           |
|    ep_len_mean        | 44.8      |
|    ep_rew_mean        | -6.05e+05 |
| time/                 |           |
|    fps                | 1543      |
|    time_elapsed       | 641       |
|    total_timesteps    | 990000    |
| train/                |           |
|    entropy_loss       | -17.1     |
|    explained_variance | 2.38e-07  |
|    learning_rate      | 0.0001    |
|    n_updates          | 12374     |
|    policy_loss        | -1.06e+06 |
|    std                | 1         |
|    value_loss         | 4.37e+09  |
-------------------------------------
-------------------------------------
| rollout/              |           |
|    ep_len_mean        | 42.6      |
|    ep_rew_mean        | -5.77e+05 |
| time/                 |           |
|    fps                | 1543      |
|    time_elapsed       | 647       |
|    total_timesteps    | 1000000   |
| train/                |           |
|    entropy_loss       | -17.1     |
|    explained_variance | 2.38e-07  |
|    learning_rate      | 0.0001    |
|    n_updates          | 12499     |
|    policy_loss        | -1.12e+06 |
|    std                | 1         |
|    value_loss         | 4.8e+09   |
-------------------------------------
Training ended on Wed Jan 28 10:53:28 2026
Training lasted 0:10:47.764144
