Logging to training_random_logs/4_robots/logs/TRPO_set10
Using cpu device
Training started on Wed Jan 28 10:41:56 2026
Experiment configuration: {'algorithm': 'TRPO', 'set': 10, 'verbose': 1, 'steps': 1000000, 'num_robots': 4, 'num_envs': 4, 'seed': 33, 'log_steps': 10000, 'resume': False, 'device': 'cpu'}
-----------------------------------------
| rollout/                  |           |
|    ep_len_mean            | 103       |
|    ep_rew_mean            | -4.66e+05 |
| time/                     |           |
|    fps                    | 1460      |
|    time_elapsed           | 6         |
|    total_timesteps        | 10000     |
| train/                    |           |
|    explained_variance     | 1.01e-06  |
|    is_line_search_success | 1         |
|    kl_divergence_loss     | 0.00463   |
|    learning_rate          | 0.0013    |
|    n_updates              | 1         |
|    policy_objective       | 0.0698    |
|    std                    | 0.994     |
|    value_loss             | 5.88e+09  |
-----------------------------------------
-----------------------------------------
| rollout/                  |           |
|    ep_len_mean            | 107       |
|    ep_rew_mean            | -3.83e+05 |
| time/                     |           |
|    fps                    | 1459      |
|    time_elapsed           | 13        |
|    total_timesteps        | 20000     |
| train/                    |           |
|    explained_variance     | -1.19e-07 |
|    is_line_search_success | 1         |
|    kl_divergence_loss     | 0.00458   |
|    learning_rate          | 0.0013    |
|    n_updates              | 2         |
|    policy_objective       | 0.0643    |
|    std                    | 0.999     |
|    value_loss             | 3.95e+09  |
-----------------------------------------
-----------------------------------------
| rollout/                  |           |
|    ep_len_mean            | 84.2      |
|    ep_rew_mean            | -2.88e+05 |
| time/                     |           |
|    fps                    | 1460      |
|    time_elapsed           | 20        |
|    total_timesteps        | 30000     |
| train/                    |           |
|    explained_variance     | 0         |
|    is_line_search_success | 1         |
|    kl_divergence_loss     | 0.00463   |
|    learning_rate          | 0.0013    |
|    n_updates              | 3         |
|    policy_objective       | 0.0582    |
|    std                    | 0.99      |
|    value_loss             | 3.43e+09  |
-----------------------------------------
-----------------------------------------
| rollout/                  |           |
|    ep_len_mean            | 102       |
|    ep_rew_mean            | -3.14e+05 |
| time/                     |           |
|    fps                    | 1454      |
|    time_elapsed           | 27        |
|    total_timesteps        | 40000     |
| train/                    |           |
|    explained_variance     | 1.19e-07  |
|    is_line_search_success | 1         |
|    kl_divergence_loss     | 0.0045    |
|    learning_rate          | 0.0013    |
|    n_updates              | 4         |
|    policy_objective       | 0.0587    |
|    std                    | 0.99      |
|    value_loss             | 2.98e+09  |
-----------------------------------------
-----------------------------------------
| rollout/                  |           |
|    ep_len_mean            | 72.9      |
|    ep_rew_mean            | -2.23e+05 |
| time/                     |           |
|    fps                    | 1397      |
|    time_elapsed           | 35        |
|    total_timesteps        | 50000     |
| train/                    |           |
|    explained_variance     | 1.19e-07  |
|    is_line_search_success | 1         |
|    kl_divergence_loss     | 0.00424   |
|    learning_rate          | 0.0013    |
|    n_updates              | 6         |
|    policy_objective       | 0.0515    |
|    std                    | 0.97      |
|    value_loss             | 2.74e+09  |
-----------------------------------------
-----------------------------------------
| rollout/                  |           |
|    ep_len_mean            | 79.2      |
|    ep_rew_mean            | -2.23e+05 |
| time/                     |           |
|    fps                    | 1405      |
|    time_elapsed           | 42        |
|    total_timesteps        | 60000     |
| train/                    |           |
|    explained_variance     | 0         |
|    is_line_search_success | 1         |
|    kl_divergence_loss     | 0.00417   |
|    learning_rate          | 0.0013    |
|    n_updates              | 7         |
|    policy_objective       | 0.0554    |
|    std                    | 0.963     |
|    value_loss             | 2.47e+09  |
-----------------------------------------
-----------------------------------------
| rollout/                  |           |
|    ep_len_mean            | 65.8      |
|    ep_rew_mean            | -1.91e+05 |
| time/                     |           |
|    fps                    | 1409      |
|    time_elapsed           | 49        |
|    total_timesteps        | 70000     |
| train/                    |           |
|    explained_variance     | 0         |
|    is_line_search_success | 1         |
|    kl_divergence_loss     | 0.00474   |
|    learning_rate          | 0.0013    |
|    n_updates              | 8         |
|    policy_objective       | 0.0603    |
|    std                    | 0.965     |
|    value_loss             | 2.63e+09  |
-----------------------------------------
-----------------------------------------
| rollout/                  |           |
|    ep_len_mean            | 67.1      |
|    ep_rew_mean            | -1.92e+05 |
| time/                     |           |
|    fps                    | 1411      |
|    time_elapsed           | 56        |
|    total_timesteps        | 80000     |
| train/                    |           |
|    explained_variance     | 0         |
|    is_line_search_success | 1         |
|    kl_divergence_loss     | 0.00427   |
|    learning_rate          | 0.0013    |
|    n_updates              | 9         |
|    policy_objective       | 0.0616    |
|    std                    | 0.969     |
|    value_loss             | 2.39e+09  |
-----------------------------------------
-----------------------------------------
| rollout/                  |           |
|    ep_len_mean            | 65.7      |
|    ep_rew_mean            | -1.84e+05 |
| time/                     |           |
|    fps                    | 1415      |
|    time_elapsed           | 63        |
|    total_timesteps        | 90000     |
| train/                    |           |
|    explained_variance     | -2.38e-07 |
|    is_line_search_success | 1         |
|    kl_divergence_loss     | 0.00412   |
|    learning_rate          | 0.0013    |
|    n_updates              | 10        |
|    policy_objective       | 0.0536    |
|    std                    | 0.959     |
|    value_loss             | 2.35e+09  |
-----------------------------------------
-----------------------------------------
| rollout/                  |           |
|    ep_len_mean            | 76.8      |
|    ep_rew_mean            | -1.96e+05 |
| time/                     |           |
|    fps                    | 1392      |
|    time_elapsed           | 71        |
|    total_timesteps        | 100000    |
| train/                    |           |
|    explained_variance     | 1.19e-07  |
|    is_line_search_success | 1         |
|    kl_divergence_loss     | 0.0049    |
|    learning_rate          | 0.0013    |
|    n_updates              | 12        |
|    policy_objective       | 0.0673    |
|    std                    | 0.951     |
|    value_loss             | 2.17e+09  |
-----------------------------------------
-----------------------------------------
| rollout/                  |           |
|    ep_len_mean            | 59.3      |
|    ep_rew_mean            | -1.56e+05 |
| time/                     |           |
|    fps                    | 1396      |
|    time_elapsed           | 78        |
|    total_timesteps        | 110000    |
| train/                    |           |
|    explained_variance     | 0         |
|    is_line_search_success | 1         |
|    kl_divergence_loss     | 0.00446   |
|    learning_rate          | 0.0013    |
|    n_updates              | 13        |
|    policy_objective       | 0.0635    |
|    std                    | 0.947     |
|    value_loss             | 2.27e+09  |
-----------------------------------------
-----------------------------------------
| rollout/                  |           |
|    ep_len_mean            | 73.2      |
|    ep_rew_mean            | -1.83e+05 |
| time/                     |           |
|    fps                    | 1401      |
|    time_elapsed           | 85        |
|    total_timesteps        | 120000    |
| train/                    |           |
|    explained_variance     | 0         |
|    is_line_search_success | 1         |
|    kl_divergence_loss     | 0.00423   |
|    learning_rate          | 0.0013    |
|    n_updates              | 14        |
|    policy_objective       | 0.0583    |
|    std                    | 0.948     |
|    value_loss             | 2.14e+09  |
-----------------------------------------
-----------------------------------------
| rollout/                  |           |
|    ep_len_mean            | 63.1      |
|    ep_rew_mean            | -1.67e+05 |
| time/                     |           |
|    fps                    | 1404      |
|    time_elapsed           | 92        |
|    total_timesteps        | 130000    |
| train/                    |           |
|    explained_variance     | 0         |
|    is_line_search_success | 1         |
|    kl_divergence_loss     | 0.00473   |
|    learning_rate          | 0.0013    |
|    n_updates              | 15        |
|    policy_objective       | 0.0696    |
|    std                    | 0.954     |
|    value_loss             | 2.15e+09  |
-----------------------------------------
-----------------------------------------
| rollout/                  |           |
|    ep_len_mean            | 62.3      |
|    ep_rew_mean            | -1.63e+05 |
| time/                     |           |
|    fps                    | 1389      |
|    time_elapsed           | 100       |
|    total_timesteps        | 140000    |
| train/                    |           |
|    explained_variance     | 0         |
|    is_line_search_success | 1         |
|    kl_divergence_loss     | 0.00502   |
|    learning_rate          | 0.0013    |
|    n_updates              | 17        |
|    policy_objective       | 0.0691    |
|    std                    | 0.94      |
|    value_loss             | 2.24e+09  |
-----------------------------------------
-----------------------------------------
| rollout/                  |           |
|    ep_len_mean            | 71.7      |
|    ep_rew_mean            | -1.76e+05 |
| time/                     |           |
|    fps                    | 1391      |
|    time_elapsed           | 107       |
|    total_timesteps        | 150000    |
| train/                    |           |
|    explained_variance     | 0         |
|    is_line_search_success | 1         |
|    kl_divergence_loss     | 0.00519   |
|    learning_rate          | 0.0013    |
|    n_updates              | 18        |
|    policy_objective       | 0.0661    |
|    std                    | 0.941     |
|    value_loss             | 2.05e+09  |
-----------------------------------------
-----------------------------------------
| rollout/                  |           |
|    ep_len_mean            | 74.3      |
|    ep_rew_mean            | -1.78e+05 |
| time/                     |           |
|    fps                    | 1391      |
|    time_elapsed           | 114       |
|    total_timesteps        | 160000    |
| train/                    |           |
|    explained_variance     | 0         |
|    is_line_search_success | 1         |
|    kl_divergence_loss     | 0.00501   |
|    learning_rate          | 0.0013    |
|    n_updates              | 19        |
|    policy_objective       | 0.0648    |
|    std                    | 0.944     |
|    value_loss             | 2.1e+09   |
-----------------------------------------
----------------------------------------
| rollout/                  |          |
|    ep_len_mean            | 72.8     |
|    ep_rew_mean            | -1.8e+05 |
| time/                     |          |
|    fps                    | 1392     |
|    time_elapsed           | 122      |
|    total_timesteps        | 170000   |
| train/                    |          |
|    explained_variance     | 0        |
|    is_line_search_success | 1        |
|    kl_divergence_loss     | 0.00487  |
|    learning_rate          | 0.0013   |
|    n_updates              | 20       |
|    policy_objective       | 0.0617   |
|    std                    | 0.943    |
|    value_loss             | 2.06e+09 |
----------------------------------------
----------------------------------------
| rollout/                  |          |
|    ep_len_mean            | 56.5     |
|    ep_rew_mean            | -1.5e+05 |
| time/                     |          |
|    fps                    | 1394     |
|    time_elapsed           | 129      |
|    total_timesteps        | 180000   |
| train/                    |          |
|    explained_variance     | 0        |
|    is_line_search_success | 1        |
|    kl_divergence_loss     | 0.00519  |
|    learning_rate          | 0.0013   |
|    n_updates              | 21       |
|    policy_objective       | 0.0679   |
|    std                    | 0.939    |
|    value_loss             | 2.19e+09 |
----------------------------------------
-----------------------------------------
| rollout/                  |           |
|    ep_len_mean            | 76.8      |
|    ep_rew_mean            | -1.82e+05 |
| time/                     |           |
|    fps                    | 1382      |
|    time_elapsed           | 137       |
|    total_timesteps        | 190000    |
| train/                    |           |
|    explained_variance     | -1.19e-07 |
|    is_line_search_success | 1         |
|    kl_divergence_loss     | 0.00538   |
|    learning_rate          | 0.0013    |
|    n_updates              | 23        |
|    policy_objective       | 0.0682    |
|    std                    | 0.943     |
|    value_loss             | 1.97e+09  |
-----------------------------------------
-----------------------------------------
| rollout/                  |           |
|    ep_len_mean            | 62.9      |
|    ep_rew_mean            | -1.61e+05 |
| time/                     |           |
|    fps                    | 1384      |
|    time_elapsed           | 144       |
|    total_timesteps        | 200000    |
| train/                    |           |
|    explained_variance     | -1.19e-07 |
|    is_line_search_success | 1         |
|    kl_divergence_loss     | 0.0048    |
|    learning_rate          | 0.0013    |
|    n_updates              | 24        |
|    policy_objective       | 0.0681    |
|    std                    | 0.938     |
|    value_loss             | 2.07e+09  |
-----------------------------------------
-----------------------------------------
| rollout/                  |           |
|    ep_len_mean            | 65.6      |
|    ep_rew_mean            | -1.67e+05 |
| time/                     |           |
|    fps                    | 1385      |
|    time_elapsed           | 151       |
|    total_timesteps        | 210000    |
| train/                    |           |
|    explained_variance     | 0         |
|    is_line_search_success | 1         |
|    kl_divergence_loss     | 0.00498   |
|    learning_rate          | 0.0013    |
|    n_updates              | 25        |
|    policy_objective       | 0.0655    |
|    std                    | 0.94      |
|    value_loss             | 2.15e+09  |
-----------------------------------------
-----------------------------------------
| rollout/                  |           |
|    ep_len_mean            | 68.5      |
|    ep_rew_mean            | -1.62e+05 |
| time/                     |           |
|    fps                    | 1386      |
|    time_elapsed           | 158       |
|    total_timesteps        | 220000    |
| train/                    |           |
|    explained_variance     | 0         |
|    is_line_search_success | 1         |
|    kl_divergence_loss     | 0.00526   |
|    learning_rate          | 0.0013    |
|    n_updates              | 26        |
|    policy_objective       | 0.0687    |
|    std                    | 0.936     |
|    value_loss             | 2.21e+09  |
-----------------------------------------
-----------------------------------------
| rollout/                  |           |
|    ep_len_mean            | 85.3      |
|    ep_rew_mean            | -1.99e+05 |
| time/                     |           |
|    fps                    | 1377      |
|    time_elapsed           | 167       |
|    total_timesteps        | 230000    |
| train/                    |           |
|    explained_variance     | 0         |
|    is_line_search_success | 1         |
|    kl_divergence_loss     | 0.0053    |
|    learning_rate          | 0.0013    |
|    n_updates              | 28        |
|    policy_objective       | 0.0691    |
|    std                    | 0.942     |
|    value_loss             | 2.04e+09  |
-----------------------------------------
-----------------------------------------
| rollout/                  |           |
|    ep_len_mean            | 64.5      |
|    ep_rew_mean            | -1.56e+05 |
| time/                     |           |
|    fps                    | 1378      |
|    time_elapsed           | 174       |
|    total_timesteps        | 240000    |
| train/                    |           |
|    explained_variance     | 0         |
|    is_line_search_success | 1         |
|    kl_divergence_loss     | 0.00567   |
|    learning_rate          | 0.0013    |
|    n_updates              | 29        |
|    policy_objective       | 0.07      |
|    std                    | 0.943     |
|    value_loss             | 1.93e+09  |
-----------------------------------------
----------------------------------------
| rollout/                  |          |
|    ep_len_mean            | 77.8     |
|    ep_rew_mean            | -1.8e+05 |
| time/                     |          |
|    fps                    | 1379     |
|    time_elapsed           | 181      |
|    total_timesteps        | 250000   |
| train/                    |          |
|    explained_variance     | 0        |
|    is_line_search_success | 1        |
|    kl_divergence_loss     | 0.0054   |
|    learning_rate          | 0.0013   |
|    n_updates              | 30       |
|    policy_objective       | 0.0734   |
|    std                    | 0.939    |
|    value_loss             | 1.95e+09 |
----------------------------------------
-----------------------------------------
| rollout/                  |           |
|    ep_len_mean            | 79.3      |
|    ep_rew_mean            | -1.72e+05 |
| time/                     |           |
|    fps                    | 1381      |
|    time_elapsed           | 188       |
|    total_timesteps        | 260000    |
| train/                    |           |
|    explained_variance     | 1.19e-07  |
|    is_line_search_success | 1         |
|    kl_divergence_loss     | 0.00579   |
|    learning_rate          | 0.0013    |
|    n_updates              | 31        |
|    policy_objective       | 0.0728    |
|    std                    | 0.931     |
|    value_loss             | 1.88e+09  |
-----------------------------------------
-----------------------------------------
| rollout/                  |           |
|    ep_len_mean            | 55.8      |
|    ep_rew_mean            | -1.41e+05 |
| time/                     |           |
|    fps                    | 1382      |
|    time_elapsed           | 195       |
|    total_timesteps        | 270000    |
| train/                    |           |
|    explained_variance     | 0         |
|    is_line_search_success | 1         |
|    kl_divergence_loss     | 0.0053    |
|    learning_rate          | 0.0013    |
|    n_updates              | 32        |
|    policy_objective       | 0.0681    |
|    std                    | 0.921     |
|    value_loss             | 1.93e+09  |
-----------------------------------------
-----------------------------------------
| rollout/                  |           |
|    ep_len_mean            | 71.2      |
|    ep_rew_mean            | -1.64e+05 |
| time/                     |           |
|    fps                    | 1375      |
|    time_elapsed           | 203       |
|    total_timesteps        | 280000    |
| train/                    |           |
|    explained_variance     | -2.38e-07 |
|    is_line_search_success | 1         |
|    kl_divergence_loss     | 0.00544   |
|    learning_rate          | 0.0013    |
|    n_updates              | 34        |
|    policy_objective       | 0.0671    |
|    std                    | 0.913     |
|    value_loss             | 1.9e+09   |
-----------------------------------------
-----------------------------------------
| rollout/                  |           |
|    ep_len_mean            | 76.3      |
|    ep_rew_mean            | -1.78e+05 |
| time/                     |           |
|    fps                    | 1376      |
|    time_elapsed           | 210       |
|    total_timesteps        | 290000    |
| train/                    |           |
|    explained_variance     | 0         |
|    is_line_search_success | 1         |
|    kl_divergence_loss     | 0.0058    |
|    learning_rate          | 0.0013    |
|    n_updates              | 35        |
|    policy_objective       | 0.0709    |
|    std                    | 0.907     |
|    value_loss             | 2.05e+09  |
-----------------------------------------
-----------------------------------------
| rollout/                  |           |
|    ep_len_mean            | 71        |
|    ep_rew_mean            | -1.57e+05 |
| time/                     |           |
|    fps                    | 1376      |
|    time_elapsed           | 217       |
|    total_timesteps        | 300000    |
| train/                    |           |
|    explained_variance     | 0         |
|    is_line_search_success | 1         |
|    kl_divergence_loss     | 0.00542   |
|    learning_rate          | 0.0013    |
|    n_updates              | 36        |
|    policy_objective       | 0.0661    |
|    std                    | 0.903     |
|    value_loss             | 1.72e+09  |
-----------------------------------------
-----------------------------------------
| rollout/                  |           |
|    ep_len_mean            | 69.1      |
|    ep_rew_mean            | -1.55e+05 |
| time/                     |           |
|    fps                    | 1377      |
|    time_elapsed           | 225       |
|    total_timesteps        | 310000    |
| train/                    |           |
|    explained_variance     | 0         |
|    is_line_search_success | 1         |
|    kl_divergence_loss     | 0.00544   |
|    learning_rate          | 0.0013    |
|    n_updates              | 37        |
|    policy_objective       | 0.0678    |
|    std                    | 0.904     |
|    value_loss             | 1.83e+09  |
-----------------------------------------
-----------------------------------------
| rollout/                  |           |
|    ep_len_mean            | 72.5      |
|    ep_rew_mean            | -1.53e+05 |
| time/                     |           |
|    fps                    | 1370      |
|    time_elapsed           | 233       |
|    total_timesteps        | 320000    |
| train/                    |           |
|    explained_variance     | 0         |
|    is_line_search_success | 1         |
|    kl_divergence_loss     | 0.0058    |
|    learning_rate          | 0.0013    |
|    n_updates              | 39        |
|    policy_objective       | 0.073     |
|    std                    | 0.897     |
|    value_loss             | 1.73e+09  |
-----------------------------------------
-----------------------------------------
| rollout/                  |           |
|    ep_len_mean            | 77.8      |
|    ep_rew_mean            | -1.63e+05 |
| time/                     |           |
|    fps                    | 1371      |
|    time_elapsed           | 240       |
|    total_timesteps        | 330000    |
| train/                    |           |
|    explained_variance     | 0         |
|    is_line_search_success | 1         |
|    kl_divergence_loss     | 0.0054    |
|    learning_rate          | 0.0013    |
|    n_updates              | 40        |
|    policy_objective       | 0.0701    |
|    std                    | 0.894     |
|    value_loss             | 1.72e+09  |
-----------------------------------------
-----------------------------------------
| rollout/                  |           |
|    ep_len_mean            | 73.7      |
|    ep_rew_mean            | -1.51e+05 |
| time/                     |           |
|    fps                    | 1372      |
|    time_elapsed           | 247       |
|    total_timesteps        | 340000    |
| train/                    |           |
|    explained_variance     | -1.19e-07 |
|    is_line_search_success | 1         |
|    kl_divergence_loss     | 0.00576   |
|    learning_rate          | 0.0013    |
|    n_updates              | 41        |
|    policy_objective       | 0.0698    |
|    std                    | 0.898     |
|    value_loss             | 1.72e+09  |
-----------------------------------------
----------------------------------------
| rollout/                  |          |
|    ep_len_mean            | 72.4     |
|    ep_rew_mean            | -1.5e+05 |
| time/                     |          |
|    fps                    | 1372     |
|    time_elapsed           | 254      |
|    total_timesteps        | 350000   |
| train/                    |          |
|    explained_variance     | 1.19e-07 |
|    is_line_search_success | 1        |
|    kl_divergence_loss     | 0.00627  |
|    learning_rate          | 0.0013   |
|    n_updates              | 42       |
|    policy_objective       | 0.0727   |
|    std                    | 0.896    |
|    value_loss             | 1.71e+09 |
----------------------------------------
----------------------------------------
| rollout/                  |          |
|    ep_len_mean            | 70.1     |
|    ep_rew_mean            | -1.5e+05 |
| time/                     |          |
|    fps                    | 1373     |
|    time_elapsed           | 262      |
|    total_timesteps        | 360000   |
| train/                    |          |
|    explained_variance     | 0        |
|    is_line_search_success | 1        |
|    kl_divergence_loss     | 0.00571  |
|    learning_rate          | 0.0013   |
|    n_updates              | 43       |
|    policy_objective       | 0.074    |
|    std                    | 0.895    |
|    value_loss             | 1.69e+09 |
----------------------------------------
-----------------------------------------
| rollout/                  |           |
|    ep_len_mean            | 78        |
|    ep_rew_mean            | -1.49e+05 |
| time/                     |           |
|    fps                    | 1367      |
|    time_elapsed           | 270       |
|    total_timesteps        | 370000    |
| train/                    |           |
|    explained_variance     | 0         |
|    is_line_search_success | 1         |
|    kl_divergence_loss     | 0.00615   |
|    learning_rate          | 0.0013    |
|    n_updates              | 45        |
|    policy_objective       | 0.0777    |
|    std                    | 0.893     |
|    value_loss             | 1.48e+09  |
-----------------------------------------
-----------------------------------------
| rollout/                  |           |
|    ep_len_mean            | 73        |
|    ep_rew_mean            | -1.43e+05 |
| time/                     |           |
|    fps                    | 1368      |
|    time_elapsed           | 277       |
|    total_timesteps        | 380000    |
| train/                    |           |
|    explained_variance     | 0         |
|    is_line_search_success | 1         |
|    kl_divergence_loss     | 0.00658   |
|    learning_rate          | 0.0013    |
|    n_updates              | 46        |
|    policy_objective       | 0.0762    |
|    std                    | 0.89      |
|    value_loss             | 1.7e+09   |
-----------------------------------------
-----------------------------------------
| rollout/                  |           |
|    ep_len_mean            | 78.2      |
|    ep_rew_mean            | -1.52e+05 |
| time/                     |           |
|    fps                    | 1369      |
|    time_elapsed           | 284       |
|    total_timesteps        | 390000    |
| train/                    |           |
|    explained_variance     | -1.19e-07 |
|    is_line_search_success | 1         |
|    kl_divergence_loss     | 0.00569   |
|    learning_rate          | 0.0013    |
|    n_updates              | 47        |
|    policy_objective       | 0.0715    |
|    std                    | 0.885     |
|    value_loss             | 1.4e+09   |
-----------------------------------------
-----------------------------------------
| rollout/                  |           |
|    ep_len_mean            | 87.2      |
|    ep_rew_mean            | -1.58e+05 |
| time/                     |           |
|    fps                    | 1370      |
|    time_elapsed           | 291       |
|    total_timesteps        | 400000    |
| train/                    |           |
|    explained_variance     | 0         |
|    is_line_search_success | 1         |
|    kl_divergence_loss     | 0.00653   |
|    learning_rate          | 0.0013    |
|    n_updates              | 48        |
|    policy_objective       | 0.0717    |
|    std                    | 0.886     |
|    value_loss             | 1.5e+09   |
-----------------------------------------
-----------------------------------------
| rollout/                  |           |
|    ep_len_mean            | 83.5      |
|    ep_rew_mean            | -1.49e+05 |
| time/                     |           |
|    fps                    | 1365      |
|    time_elapsed           | 300       |
|    total_timesteps        | 410000    |
| train/                    |           |
|    explained_variance     | 0         |
|    is_line_search_success | 1         |
|    kl_divergence_loss     | 0.00653   |
|    learning_rate          | 0.0013    |
|    n_updates              | 50        |
|    policy_objective       | 0.0812    |
|    std                    | 0.885     |
|    value_loss             | 1.44e+09  |
-----------------------------------------
-----------------------------------------
| rollout/                  |           |
|    ep_len_mean            | 94        |
|    ep_rew_mean            | -1.63e+05 |
| time/                     |           |
|    fps                    | 1366      |
|    time_elapsed           | 307       |
|    total_timesteps        | 420000    |
| train/                    |           |
|    explained_variance     | 0         |
|    is_line_search_success | 1         |
|    kl_divergence_loss     | 0.00652   |
|    learning_rate          | 0.0013    |
|    n_updates              | 51        |
|    policy_objective       | 0.0704    |
|    std                    | 0.878     |
|    value_loss             | 1.42e+09  |
-----------------------------------------
-----------------------------------------
| rollout/                  |           |
|    ep_len_mean            | 82.4      |
|    ep_rew_mean            | -1.56e+05 |
| time/                     |           |
|    fps                    | 1367      |
|    time_elapsed           | 314       |
|    total_timesteps        | 430000    |
| train/                    |           |
|    explained_variance     | 0         |
|    is_line_search_success | 1         |
|    kl_divergence_loss     | 0.0063    |
|    learning_rate          | 0.0013    |
|    n_updates              | 52        |
|    policy_objective       | 0.0785    |
|    std                    | 0.875     |
|    value_loss             | 1.5e+09   |
-----------------------------------------
-----------------------------------------
| rollout/                  |           |
|    ep_len_mean            | 82.4      |
|    ep_rew_mean            | -1.56e+05 |
| time/                     |           |
|    fps                    | 1368      |
|    time_elapsed           | 321       |
|    total_timesteps        | 440000    |
| train/                    |           |
|    explained_variance     | 0         |
|    is_line_search_success | 1         |
|    kl_divergence_loss     | 0.00696   |
|    learning_rate          | 0.0013    |
|    n_updates              | 53        |
|    policy_objective       | 0.0762    |
|    std                    | 0.875     |
|    value_loss             | 1.48e+09  |
-----------------------------------------
----------------------------------------
| rollout/                  |          |
|    ep_len_mean            | 87.3     |
|    ep_rew_mean            | -1.5e+05 |
| time/                     |          |
|    fps                    | 1369     |
|    time_elapsed           | 328      |
|    total_timesteps        | 450000   |
| train/                    |          |
|    explained_variance     | 0        |
|    is_line_search_success | 1        |
|    kl_divergence_loss     | 0.00682  |
|    learning_rate          | 0.0013   |
|    n_updates              | 54       |
|    policy_objective       | 0.0769   |
|    std                    | 0.876    |
|    value_loss             | 1.56e+09 |
----------------------------------------
-----------------------------------------
| rollout/                  |           |
|    ep_len_mean            | 87.4      |
|    ep_rew_mean            | -1.59e+05 |
| time/                     |           |
|    fps                    | 1364      |
|    time_elapsed           | 337       |
|    total_timesteps        | 460000    |
| train/                    |           |
|    explained_variance     | 0         |
|    is_line_search_success | 1         |
|    kl_divergence_loss     | 0.00606   |
|    learning_rate          | 0.0013    |
|    n_updates              | 56        |
|    policy_objective       | 0.0742    |
|    std                    | 0.875     |
|    value_loss             | 1.44e+09  |
-----------------------------------------
-----------------------------------------
| rollout/                  |           |
|    ep_len_mean            | 94        |
|    ep_rew_mean            | -1.55e+05 |
| time/                     |           |
|    fps                    | 1365      |
|    time_elapsed           | 344       |
|    total_timesteps        | 470000    |
| train/                    |           |
|    explained_variance     | 1.19e-07  |
|    is_line_search_success | 1         |
|    kl_divergence_loss     | 0.0067    |
|    learning_rate          | 0.0013    |
|    n_updates              | 57        |
|    policy_objective       | 0.0703    |
|    std                    | 0.874     |
|    value_loss             | 1.39e+09  |
-----------------------------------------
-----------------------------------------
| rollout/                  |           |
|    ep_len_mean            | 95.3      |
|    ep_rew_mean            | -1.58e+05 |
| time/                     |           |
|    fps                    | 1366      |
|    time_elapsed           | 351       |
|    total_timesteps        | 480000    |
| train/                    |           |
|    explained_variance     | 0         |
|    is_line_search_success | 1         |
|    kl_divergence_loss     | 0.0065    |
|    learning_rate          | 0.0013    |
|    n_updates              | 58        |
|    policy_objective       | 0.0777    |
|    std                    | 0.875     |
|    value_loss             | 1.38e+09  |
-----------------------------------------
-----------------------------------------
| rollout/                  |           |
|    ep_len_mean            | 95.9      |
|    ep_rew_mean            | -1.65e+05 |
| time/                     |           |
|    fps                    | 1366      |
|    time_elapsed           | 358       |
|    total_timesteps        | 490000    |
| train/                    |           |
|    explained_variance     | 2.38e-07  |
|    is_line_search_success | 1         |
|    kl_divergence_loss     | 0.00674   |
|    learning_rate          | 0.0013    |
|    n_updates              | 59        |
|    policy_objective       | 0.0773    |
|    std                    | 0.871     |
|    value_loss             | 1.26e+09  |
-----------------------------------------
-----------------------------------------
| rollout/                  |           |
|    ep_len_mean            | 111       |
|    ep_rew_mean            | -1.84e+05 |
| time/                     |           |
|    fps                    | 1362      |
|    time_elapsed           | 366       |
|    total_timesteps        | 500000    |
| train/                    |           |
|    explained_variance     | 0         |
|    is_line_search_success | 1         |
|    kl_divergence_loss     | 0.00649   |
|    learning_rate          | 0.0013    |
|    n_updates              | 61        |
|    policy_objective       | 0.0755    |
|    std                    | 0.877     |
|    value_loss             | 1.42e+09  |
-----------------------------------------
-----------------------------------------
| rollout/                  |           |
|    ep_len_mean            | 96.9      |
|    ep_rew_mean            | -1.6e+05  |
| time/                     |           |
|    fps                    | 1363      |
|    time_elapsed           | 374       |
|    total_timesteps        | 510000    |
| train/                    |           |
|    explained_variance     | -1.19e-07 |
|    is_line_search_success | 1         |
|    kl_divergence_loss     | 0.00698   |
|    learning_rate          | 0.0013    |
|    n_updates              | 62        |
|    policy_objective       | 0.0729    |
|    std                    | 0.878     |
|    value_loss             | 1.29e+09  |
-----------------------------------------
-----------------------------------------
| rollout/                  |           |
|    ep_len_mean            | 81.5      |
|    ep_rew_mean            | -1.47e+05 |
| time/                     |           |
|    fps                    | 1364      |
|    time_elapsed           | 381       |
|    total_timesteps        | 520000    |
| train/                    |           |
|    explained_variance     | 0         |
|    is_line_search_success | 1         |
|    kl_divergence_loss     | 0.00696   |
|    learning_rate          | 0.0013    |
|    n_updates              | 63        |
|    policy_objective       | 0.0755    |
|    std                    | 0.878     |
|    value_loss             | 1.46e+09  |
-----------------------------------------
-----------------------------------------
| rollout/                  |           |
|    ep_len_mean            | 88.5      |
|    ep_rew_mean            | -1.48e+05 |
| time/                     |           |
|    fps                    | 1365      |
|    time_elapsed           | 388       |
|    total_timesteps        | 530000    |
| train/                    |           |
|    explained_variance     | 1.19e-07  |
|    is_line_search_success | 1         |
|    kl_divergence_loss     | 0.00682   |
|    learning_rate          | 0.0013    |
|    n_updates              | 64        |
|    policy_objective       | 0.0682    |
|    std                    | 0.87      |
|    value_loss             | 1.38e+09  |
-----------------------------------------
-----------------------------------------
| rollout/                  |           |
|    ep_len_mean            | 88.7      |
|    ep_rew_mean            | -1.64e+05 |
| time/                     |           |
|    fps                    | 1365      |
|    time_elapsed           | 395       |
|    total_timesteps        | 540000    |
| train/                    |           |
|    explained_variance     | -1.19e-07 |
|    is_line_search_success | 1         |
|    kl_divergence_loss     | 0.00679   |
|    learning_rate          | 0.0013    |
|    n_updates              | 65        |
|    policy_objective       | 0.0788    |
|    std                    | 0.878     |
|    value_loss             | 1.36e+09  |
-----------------------------------------
-----------------------------------------
| rollout/                  |           |
|    ep_len_mean            | 74.3      |
|    ep_rew_mean            | -1.41e+05 |
| time/                     |           |
|    fps                    | 1362      |
|    time_elapsed           | 403       |
|    total_timesteps        | 550000    |
| train/                    |           |
|    explained_variance     | 0         |
|    is_line_search_success | 1         |
|    kl_divergence_loss     | 0.00708   |
|    learning_rate          | 0.0013    |
|    n_updates              | 67        |
|    policy_objective       | 0.0733    |
|    std                    | 0.879     |
|    value_loss             | 1.47e+09  |
-----------------------------------------
-----------------------------------------
| rollout/                  |           |
|    ep_len_mean            | 79.7      |
|    ep_rew_mean            | -1.37e+05 |
| time/                     |           |
|    fps                    | 1362      |
|    time_elapsed           | 410       |
|    total_timesteps        | 560000    |
| train/                    |           |
|    explained_variance     | 0         |
|    is_line_search_success | 1         |
|    kl_divergence_loss     | 0.00721   |
|    learning_rate          | 0.0013    |
|    n_updates              | 68        |
|    policy_objective       | 0.0797    |
|    std                    | 0.879     |
|    value_loss             | 1.32e+09  |
-----------------------------------------
-----------------------------------------
| rollout/                  |           |
|    ep_len_mean            | 92.8      |
|    ep_rew_mean            | -1.55e+05 |
| time/                     |           |
|    fps                    | 1363      |
|    time_elapsed           | 417       |
|    total_timesteps        | 570000    |
| train/                    |           |
|    explained_variance     | -1.19e-07 |
|    is_line_search_success | 1         |
|    kl_divergence_loss     | 0.00689   |
|    learning_rate          | 0.0013    |
|    n_updates              | 69        |
|    policy_objective       | 0.0731    |
|    std                    | 0.873     |
|    value_loss             | 1.35e+09  |
-----------------------------------------
----------------------------------------
| rollout/                  |          |
|    ep_len_mean            | 106      |
|    ep_rew_mean            | -1.6e+05 |
| time/                     |          |
|    fps                    | 1364     |
|    time_elapsed           | 425      |
|    total_timesteps        | 580000   |
| train/                    |          |
|    explained_variance     | 0        |
|    is_line_search_success | 1        |
|    kl_divergence_loss     | 0.00645  |
|    learning_rate          | 0.0013   |
|    n_updates              | 70       |
|    policy_objective       | 0.0799   |
|    std                    | 0.871    |
|    value_loss             | 1.28e+09 |
----------------------------------------
-----------------------------------------
| rollout/                  |           |
|    ep_len_mean            | 99.9      |
|    ep_rew_mean            | -1.61e+05 |
| time/                     |           |
|    fps                    | 1360      |
|    time_elapsed           | 433       |
|    total_timesteps        | 590000    |
| train/                    |           |
|    explained_variance     | 0         |
|    is_line_search_success | 1         |
|    kl_divergence_loss     | 0.00735   |
|    learning_rate          | 0.0013    |
|    n_updates              | 72        |
|    policy_objective       | 0.076     |
|    std                    | 0.865     |
|    value_loss             | 1.16e+09  |
-----------------------------------------
-----------------------------------------
| rollout/                  |           |
|    ep_len_mean            | 112       |
|    ep_rew_mean            | -1.74e+05 |
| time/                     |           |
|    fps                    | 1361      |
|    time_elapsed           | 440       |
|    total_timesteps        | 600000    |
| train/                    |           |
|    explained_variance     | 0         |
|    is_line_search_success | 1         |
|    kl_divergence_loss     | 0.00694   |
|    learning_rate          | 0.0013    |
|    n_updates              | 73        |
|    policy_objective       | 0.0787    |
|    std                    | 0.866     |
|    value_loss             | 1.15e+09  |
-----------------------------------------
-----------------------------------------
| rollout/                  |           |
|    ep_len_mean            | 100       |
|    ep_rew_mean            | -1.61e+05 |
| time/                     |           |
|    fps                    | 1362      |
|    time_elapsed           | 447       |
|    total_timesteps        | 610000    |
| train/                    |           |
|    explained_variance     | 0         |
|    is_line_search_success | 1         |
|    kl_divergence_loss     | 0.00683   |
|    learning_rate          | 0.0013    |
|    n_updates              | 74        |
|    policy_objective       | 0.0732    |
|    std                    | 0.866     |
|    value_loss             | 1.22e+09  |
-----------------------------------------
-----------------------------------------
| rollout/                  |           |
|    ep_len_mean            | 107       |
|    ep_rew_mean            | -1.56e+05 |
| time/                     |           |
|    fps                    | 1362      |
|    time_elapsed           | 454       |
|    total_timesteps        | 620000    |
| train/                    |           |
|    explained_variance     | 0         |
|    is_line_search_success | 1         |
|    kl_divergence_loss     | 0.00714   |
|    learning_rate          | 0.0013    |
|    n_updates              | 75        |
|    policy_objective       | 0.0731    |
|    std                    | 0.862     |
|    value_loss             | 1.08e+09  |
-----------------------------------------
-----------------------------------------
| rollout/                  |           |
|    ep_len_mean            | 104       |
|    ep_rew_mean            | -1.59e+05 |
| time/                     |           |
|    fps                    | 1363      |
|    time_elapsed           | 462       |
|    total_timesteps        | 630000    |
| train/                    |           |
|    explained_variance     | 1.19e-07  |
|    is_line_search_success | 1         |
|    kl_divergence_loss     | 0.00713   |
|    learning_rate          | 0.0013    |
|    n_updates              | 76        |
|    policy_objective       | 0.0787    |
|    std                    | 0.86      |
|    value_loss             | 1.21e+09  |
-----------------------------------------
-----------------------------------------
| rollout/                  |           |
|    ep_len_mean            | 95.3      |
|    ep_rew_mean            | -1.48e+05 |
| time/                     |           |
|    fps                    | 1360      |
|    time_elapsed           | 470       |
|    total_timesteps        | 640000    |
| train/                    |           |
|    explained_variance     | 0         |
|    is_line_search_success | 1         |
|    kl_divergence_loss     | 0.00609   |
|    learning_rate          | 0.0013    |
|    n_updates              | 78        |
|    policy_objective       | 0.067     |
|    std                    | 0.86      |
|    value_loss             | 1.13e+09  |
-----------------------------------------
-----------------------------------------
| rollout/                  |           |
|    ep_len_mean            | 112       |
|    ep_rew_mean            | -1.61e+05 |
| time/                     |           |
|    fps                    | 1361      |
|    time_elapsed           | 477       |
|    total_timesteps        | 650000    |
| train/                    |           |
|    explained_variance     | -2.38e-07 |
|    is_line_search_success | 1         |
|    kl_divergence_loss     | 0.00739   |
|    learning_rate          | 0.0013    |
|    n_updates              | 79        |
|    policy_objective       | 0.076     |
|    std                    | 0.854     |
|    value_loss             | 1.07e+09  |
-----------------------------------------
-----------------------------------------
| rollout/                  |           |
|    ep_len_mean            | 111       |
|    ep_rew_mean            | -1.58e+05 |
| time/                     |           |
|    fps                    | 1361      |
|    time_elapsed           | 484       |
|    total_timesteps        | 660000    |
| train/                    |           |
|    explained_variance     | -1.19e-07 |
|    is_line_search_success | 1         |
|    kl_divergence_loss     | 0.00772   |
|    learning_rate          | 0.0013    |
|    n_updates              | 80        |
|    policy_objective       | 0.0777    |
|    std                    | 0.855     |
|    value_loss             | 9.8e+08   |
-----------------------------------------
-----------------------------------------
| rollout/                  |           |
|    ep_len_mean            | 114       |
|    ep_rew_mean            | -1.62e+05 |
| time/                     |           |
|    fps                    | 1362      |
|    time_elapsed           | 491       |
|    total_timesteps        | 670000    |
| train/                    |           |
|    explained_variance     | 0         |
|    is_line_search_success | 1         |
|    kl_divergence_loss     | 0.00706   |
|    learning_rate          | 0.0013    |
|    n_updates              | 81        |
|    policy_objective       | 0.076     |
|    std                    | 0.857     |
|    value_loss             | 1.1e+09   |
-----------------------------------------
-----------------------------------------
| rollout/                  |           |
|    ep_len_mean            | 110       |
|    ep_rew_mean            | -1.64e+05 |
| time/                     |           |
|    fps                    | 1359      |
|    time_elapsed           | 500       |
|    total_timesteps        | 680000    |
| train/                    |           |
|    explained_variance     | 5.96e-08  |
|    is_line_search_success | 1         |
|    kl_divergence_loss     | 0.00739   |
|    learning_rate          | 0.0013    |
|    n_updates              | 83        |
|    policy_objective       | 0.0745    |
|    std                    | 0.854     |
|    value_loss             | 1.07e+09  |
-----------------------------------------
-----------------------------------------
| rollout/                  |           |
|    ep_len_mean            | 133       |
|    ep_rew_mean            | -1.75e+05 |
| time/                     |           |
|    fps                    | 1360      |
|    time_elapsed           | 507       |
|    total_timesteps        | 690000    |
| train/                    |           |
|    explained_variance     | 0         |
|    is_line_search_success | 1         |
|    kl_divergence_loss     | 0.00787   |
|    learning_rate          | 0.0013    |
|    n_updates              | 84        |
|    policy_objective       | 0.0754    |
|    std                    | 0.849     |
|    value_loss             | 9.4e+08   |
-----------------------------------------
-----------------------------------------
| rollout/                  |           |
|    ep_len_mean            | 122       |
|    ep_rew_mean            | -1.39e+05 |
| time/                     |           |
|    fps                    | 1360      |
|    time_elapsed           | 514       |
|    total_timesteps        | 700000    |
| train/                    |           |
|    explained_variance     | 0         |
|    is_line_search_success | 1         |
|    kl_divergence_loss     | 0.00764   |
|    learning_rate          | 0.0013    |
|    n_updates              | 85        |
|    policy_objective       | 0.0748    |
|    std                    | 0.851     |
|    value_loss             | 8.62e+08  |
-----------------------------------------
-----------------------------------------
| rollout/                  |           |
|    ep_len_mean            | 112       |
|    ep_rew_mean            | -1.41e+05 |
| time/                     |           |
|    fps                    | 1360      |
|    time_elapsed           | 521       |
|    total_timesteps        | 710000    |
| train/                    |           |
|    explained_variance     | 0         |
|    is_line_search_success | 1         |
|    kl_divergence_loss     | 0.00818   |
|    learning_rate          | 0.0013    |
|    n_updates              | 86        |
|    policy_objective       | 0.0775    |
|    std                    | 0.85      |
|    value_loss             | 9.19e+08  |
-----------------------------------------
-----------------------------------------
| rollout/                  |           |
|    ep_len_mean            | 132       |
|    ep_rew_mean            | -1.37e+05 |
| time/                     |           |
|    fps                    | 1361      |
|    time_elapsed           | 528       |
|    total_timesteps        | 720000    |
| train/                    |           |
|    explained_variance     | 0         |
|    is_line_search_success | 1         |
|    kl_divergence_loss     | 0.00757   |
|    learning_rate          | 0.0013    |
|    n_updates              | 87        |
|    policy_objective       | 0.0772    |
|    std                    | 0.851     |
|    value_loss             | 9.73e+08  |
-----------------------------------------
-----------------------------------------
| rollout/                  |           |
|    ep_len_mean            | 138       |
|    ep_rew_mean            | -1.46e+05 |
| time/                     |           |
|    fps                    | 1358      |
|    time_elapsed           | 537       |
|    total_timesteps        | 730000    |
| train/                    |           |
|    explained_variance     | 0         |
|    is_line_search_success | 1         |
|    kl_divergence_loss     | 0.00759   |
|    learning_rate          | 0.0013    |
|    n_updates              | 89        |
|    policy_objective       | 0.0797    |
|    std                    | 0.852     |
|    value_loss             | 8.85e+08  |
-----------------------------------------
-----------------------------------------
| rollout/                  |           |
|    ep_len_mean            | 141       |
|    ep_rew_mean            | -1.58e+05 |
| time/                     |           |
|    fps                    | 1359      |
|    time_elapsed           | 544       |
|    total_timesteps        | 740000    |
| train/                    |           |
|    explained_variance     | 0         |
|    is_line_search_success | 1         |
|    kl_divergence_loss     | 0.0079    |
|    learning_rate          | 0.0013    |
|    n_updates              | 90        |
|    policy_objective       | 0.0718    |
|    std                    | 0.849     |
|    value_loss             | 8.38e+08  |
-----------------------------------------
-----------------------------------------
| rollout/                  |           |
|    ep_len_mean            | 137       |
|    ep_rew_mean            | -1.51e+05 |
| time/                     |           |
|    fps                    | 1359      |
|    time_elapsed           | 551       |
|    total_timesteps        | 750000    |
| train/                    |           |
|    explained_variance     | 0         |
|    is_line_search_success | 1         |
|    kl_divergence_loss     | 0.00781   |
|    learning_rate          | 0.0013    |
|    n_updates              | 91        |
|    policy_objective       | 0.0717    |
|    std                    | 0.847     |
|    value_loss             | 9.52e+08  |
-----------------------------------------
-----------------------------------------
| rollout/                  |           |
|    ep_len_mean            | 163       |
|    ep_rew_mean            | -1.49e+05 |
| time/                     |           |
|    fps                    | 1360      |
|    time_elapsed           | 558       |
|    total_timesteps        | 760000    |
| train/                    |           |
|    explained_variance     | -1.19e-07 |
|    is_line_search_success | 1         |
|    kl_divergence_loss     | 0.00763   |
|    learning_rate          | 0.0013    |
|    n_updates              | 92        |
|    policy_objective       | 0.0809    |
|    std                    | 0.846     |
|    value_loss             | 7.05e+08  |
-----------------------------------------
-----------------------------------------
| rollout/                  |           |
|    ep_len_mean            | 162       |
|    ep_rew_mean            | -1.45e+05 |
| time/                     |           |
|    fps                    | 1360      |
|    time_elapsed           | 565       |
|    total_timesteps        | 770000    |
| train/                    |           |
|    explained_variance     | 0         |
|    is_line_search_success | 1         |
|    kl_divergence_loss     | 0.00761   |
|    learning_rate          | 0.0013    |
|    n_updates              | 93        |
|    policy_objective       | 0.0936    |
|    std                    | 0.843     |
|    value_loss             | 7.37e+08  |
-----------------------------------------
-----------------------------------------
| rollout/                  |           |
|    ep_len_mean            | 156       |
|    ep_rew_mean            | -1.42e+05 |
| time/                     |           |
|    fps                    | 1357      |
|    time_elapsed           | 574       |
|    total_timesteps        | 780000    |
| train/                    |           |
|    explained_variance     | 1.19e-07  |
|    is_line_search_success | 1         |
|    kl_divergence_loss     | 0.00746   |
|    learning_rate          | 0.0013    |
|    n_updates              | 95        |
|    policy_objective       | 0.0679    |
|    std                    | 0.843     |
|    value_loss             | 7.09e+08  |
-----------------------------------------
-----------------------------------------
| rollout/                  |           |
|    ep_len_mean            | 133       |
|    ep_rew_mean            | -1.17e+05 |
| time/                     |           |
|    fps                    | 1358      |
|    time_elapsed           | 581       |
|    total_timesteps        | 790000    |
| train/                    |           |
|    explained_variance     | 0         |
|    is_line_search_success | 1         |
|    kl_divergence_loss     | 0.00823   |
|    learning_rate          | 0.0013    |
|    n_updates              | 96        |
|    policy_objective       | 0.0716    |
|    std                    | 0.842     |
|    value_loss             | 7.96e+08  |
-----------------------------------------
-----------------------------------------
| rollout/                  |           |
|    ep_len_mean            | 136       |
|    ep_rew_mean            | -1.22e+05 |
| time/                     |           |
|    fps                    | 1358      |
|    time_elapsed           | 588       |
|    total_timesteps        | 800000    |
| train/                    |           |
|    explained_variance     | 0         |
|    is_line_search_success | 1         |
|    kl_divergence_loss     | 0.00813   |
|    learning_rate          | 0.0013    |
|    n_updates              | 97        |
|    policy_objective       | 0.0713    |
|    std                    | 0.837     |
|    value_loss             | 8.22e+08  |
-----------------------------------------
-----------------------------------------
| rollout/                  |           |
|    ep_len_mean            | 146       |
|    ep_rew_mean            | -1.25e+05 |
| time/                     |           |
|    fps                    | 1358      |
|    time_elapsed           | 596       |
|    total_timesteps        | 810000    |
| train/                    |           |
|    explained_variance     | 0         |
|    is_line_search_success | 1         |
|    kl_divergence_loss     | 0.00818   |
|    learning_rate          | 0.0013    |
|    n_updates              | 98        |
|    policy_objective       | 0.0796    |
|    std                    | 0.836     |
|    value_loss             | 6.59e+08  |
-----------------------------------------
-----------------------------------------
| rollout/                  |           |
|    ep_len_mean            | 154       |
|    ep_rew_mean            | -1.19e+05 |
| time/                     |           |
|    fps                    | 1356      |
|    time_elapsed           | 604       |
|    total_timesteps        | 820000    |
| train/                    |           |
|    explained_variance     | 0         |
|    is_line_search_success | 1         |
|    kl_divergence_loss     | 0.00834   |
|    learning_rate          | 0.0013    |
|    n_updates              | 100       |
|    policy_objective       | 0.0685    |
|    std                    | 0.835     |
|    value_loss             | 6.47e+08  |
-----------------------------------------
-----------------------------------------
| rollout/                  |           |
|    ep_len_mean            | 155       |
|    ep_rew_mean            | -1.18e+05 |
| time/                     |           |
|    fps                    | 1356      |
|    time_elapsed           | 611       |
|    total_timesteps        | 830000    |
| train/                    |           |
|    explained_variance     | 0         |
|    is_line_search_success | 1         |
|    kl_divergence_loss     | 0.00844   |
|    learning_rate          | 0.0013    |
|    n_updates              | 101       |
|    policy_objective       | 0.0721    |
|    std                    | 0.836     |
|    value_loss             | 6.92e+08  |
-----------------------------------------
-----------------------------------------
| rollout/                  |           |
|    ep_len_mean            | 161       |
|    ep_rew_mean            | -1.34e+05 |
| time/                     |           |
|    fps                    | 1357      |
|    time_elapsed           | 618       |
|    total_timesteps        | 840000    |
| train/                    |           |
|    explained_variance     | 0         |
|    is_line_search_success | 1         |
|    kl_divergence_loss     | 0.00783   |
|    learning_rate          | 0.0013    |
|    n_updates              | 102       |
|    policy_objective       | 0.0748    |
|    std                    | 0.834     |
|    value_loss             | 6.35e+08  |
-----------------------------------------
-----------------------------------------
| rollout/                  |           |
|    ep_len_mean            | 157       |
|    ep_rew_mean            | -1.29e+05 |
| time/                     |           |
|    fps                    | 1357      |
|    time_elapsed           | 626       |
|    total_timesteps        | 850000    |
| train/                    |           |
|    explained_variance     | 0         |
|    is_line_search_success | 1         |
|    kl_divergence_loss     | 0.00838   |
|    learning_rate          | 0.0013    |
|    n_updates              | 103       |
|    policy_objective       | 0.0736    |
|    std                    | 0.829     |
|    value_loss             | 7.24e+08  |
-----------------------------------------
-----------------------------------------
| rollout/                  |           |
|    ep_len_mean            | 156       |
|    ep_rew_mean            | -1.05e+05 |
| time/                     |           |
|    fps                    | 1357      |
|    time_elapsed           | 633       |
|    total_timesteps        | 860000    |
| train/                    |           |
|    explained_variance     | 0         |
|    is_line_search_success | 1         |
|    kl_divergence_loss     | 0.00819   |
|    learning_rate          | 0.0013    |
|    n_updates              | 104       |
|    policy_objective       | 0.076     |
|    std                    | 0.833     |
|    value_loss             | 6.69e+08  |
-----------------------------------------
-----------------------------------------
| rollout/                  |           |
|    ep_len_mean            | 151       |
|    ep_rew_mean            | -1.06e+05 |
| time/                     |           |
|    fps                    | 1355      |
|    time_elapsed           | 641       |
|    total_timesteps        | 870000    |
| train/                    |           |
|    explained_variance     | 0         |
|    is_line_search_success | 1         |
|    kl_divergence_loss     | 0.00803   |
|    learning_rate          | 0.0013    |
|    n_updates              | 106       |
|    policy_objective       | 0.0692    |
|    std                    | 0.828     |
|    value_loss             | 7.21e+08  |
-----------------------------------------
----------------------------------------
| rollout/                  |          |
|    ep_len_mean            | 134      |
|    ep_rew_mean            | -8.6e+04 |
| time/                     |          |
|    fps                    | 1355     |
|    time_elapsed           | 649      |
|    total_timesteps        | 880000   |
| train/                    |          |
|    explained_variance     | 0        |
|    is_line_search_success | 1        |
|    kl_divergence_loss     | 0.00626  |
|    learning_rate          | 0.0013   |
|    n_updates              | 107      |
|    policy_objective       | 0.0613   |
|    std                    | 0.825    |
|    value_loss             | 7.77e+08 |
----------------------------------------
-----------------------------------------
| rollout/                  |           |
|    ep_len_mean            | 147       |
|    ep_rew_mean            | -9.32e+04 |
| time/                     |           |
|    fps                    | 1355      |
|    time_elapsed           | 656       |
|    total_timesteps        | 890000    |
| train/                    |           |
|    explained_variance     | -1.19e-07 |
|    is_line_search_success | 1         |
|    kl_divergence_loss     | 0.00839   |
|    learning_rate          | 0.0013    |
|    n_updates              | 108       |
|    policy_objective       | 0.0829    |
|    std                    | 0.823     |
|    value_loss             | 6.64e+08  |
-----------------------------------------
-----------------------------------------
| rollout/                  |           |
|    ep_len_mean            | 162       |
|    ep_rew_mean            | -1.02e+05 |
| time/                     |           |
|    fps                    | 1355      |
|    time_elapsed           | 663       |
|    total_timesteps        | 900000    |
| train/                    |           |
|    explained_variance     | 1.19e-07  |
|    is_line_search_success | 1         |
|    kl_divergence_loss     | 0.00862   |
|    learning_rate          | 0.0013    |
|    n_updates              | 109       |
|    policy_objective       | 0.0772    |
|    std                    | 0.82      |
|    value_loss             | 6.41e+08  |
-----------------------------------------
-----------------------------------------
| rollout/                  |           |
|    ep_len_mean            | 162       |
|    ep_rew_mean            | -1.01e+05 |
| time/                     |           |
|    fps                    | 1353      |
|    time_elapsed           | 672       |
|    total_timesteps        | 910000    |
| train/                    |           |
|    explained_variance     | 0         |
|    is_line_search_success | 1         |
|    kl_divergence_loss     | 0.00754   |
|    learning_rate          | 0.0013    |
|    n_updates              | 111       |
|    policy_objective       | 0.0806    |
|    std                    | 0.822     |
|    value_loss             | 7.25e+08  |
-----------------------------------------
-----------------------------------------
| rollout/                  |           |
|    ep_len_mean            | 165       |
|    ep_rew_mean            | -1.06e+05 |
| time/                     |           |
|    fps                    | 1353      |
|    time_elapsed           | 679       |
|    total_timesteps        | 920000    |
| train/                    |           |
|    explained_variance     | 0         |
|    is_line_search_success | 1         |
|    kl_divergence_loss     | 0.00836   |
|    learning_rate          | 0.0013    |
|    n_updates              | 112       |
|    policy_objective       | 0.0738    |
|    std                    | 0.82      |
|    value_loss             | 6.19e+08  |
-----------------------------------------
-----------------------------------------
| rollout/                  |           |
|    ep_len_mean            | 168       |
|    ep_rew_mean            | -9.54e+04 |
| time/                     |           |
|    fps                    | 1354      |
|    time_elapsed           | 686       |
|    total_timesteps        | 930000    |
| train/                    |           |
|    explained_variance     | 0         |
|    is_line_search_success | 1         |
|    kl_divergence_loss     | 0.00814   |
|    learning_rate          | 0.0013    |
|    n_updates              | 113       |
|    policy_objective       | 0.0718    |
|    std                    | 0.82      |
|    value_loss             | 5.62e+08  |
-----------------------------------------
-----------------------------------------
| rollout/                  |           |
|    ep_len_mean            | 147       |
|    ep_rew_mean            | -5.75e+04 |
| time/                     |           |
|    fps                    | 1354      |
|    time_elapsed           | 694       |
|    total_timesteps        | 940000    |
| train/                    |           |
|    explained_variance     | 1.19e-07  |
|    is_line_search_success | 1         |
|    kl_divergence_loss     | 0.00828   |
|    learning_rate          | 0.0013    |
|    n_updates              | 114       |
|    policy_objective       | 0.0676    |
|    std                    | 0.818     |
|    value_loss             | 7.22e+08  |
-----------------------------------------
----------------------------------------
| rollout/                  |          |
|    ep_len_mean            | 144      |
|    ep_rew_mean            | -6.1e+04 |
| time/                     |          |
|    fps                    | 1354     |
|    time_elapsed           | 701      |
|    total_timesteps        | 950000   |
| train/                    |          |
|    explained_variance     | 0        |
|    is_line_search_success | 1        |
|    kl_divergence_loss     | 0.00846  |
|    learning_rate          | 0.0013   |
|    n_updates              | 115      |
|    policy_objective       | 0.088    |
|    std                    | 0.82     |
|    value_loss             | 6.77e+08 |
----------------------------------------
-----------------------------------------
| rollout/                  |           |
|    ep_len_mean            | 154       |
|    ep_rew_mean            | -7.47e+04 |
| time/                     |           |
|    fps                    | 1352      |
|    time_elapsed           | 709       |
|    total_timesteps        | 960000    |
| train/                    |           |
|    explained_variance     | 0         |
|    is_line_search_success | 1         |
|    kl_divergence_loss     | 0.00862   |
|    learning_rate          | 0.0013    |
|    n_updates              | 117       |
|    policy_objective       | 0.0758    |
|    std                    | 0.815     |
|    value_loss             | 6.31e+08  |
-----------------------------------------
-----------------------------------------
| rollout/                  |           |
|    ep_len_mean            | 160       |
|    ep_rew_mean            | -6.02e+04 |
| time/                     |           |
|    fps                    | 1352      |
|    time_elapsed           | 717       |
|    total_timesteps        | 970000    |
| train/                    |           |
|    explained_variance     | 0         |
|    is_line_search_success | 1         |
|    kl_divergence_loss     | 0.00831   |
|    learning_rate          | 0.0013    |
|    n_updates              | 118       |
|    policy_objective       | 0.0715    |
|    std                    | 0.817     |
|    value_loss             | 6.15e+08  |
-----------------------------------------
-----------------------------------------
| rollout/                  |           |
|    ep_len_mean            | 158       |
|    ep_rew_mean            | -3.46e+04 |
| time/                     |           |
|    fps                    | 1352      |
|    time_elapsed           | 724       |
|    total_timesteps        | 980000    |
| train/                    |           |
|    explained_variance     | 0         |
|    is_line_search_success | 1         |
|    kl_divergence_loss     | 0.00878   |
|    learning_rate          | 0.0013    |
|    n_updates              | 119       |
|    policy_objective       | 0.0686    |
|    std                    | 0.813     |
|    value_loss             | 5.72e+08  |
-----------------------------------------
-----------------------------------------
| rollout/                  |           |
|    ep_len_mean            | 146       |
|    ep_rew_mean            | -3.73e+04 |
| time/                     |           |
|    fps                    | 1352      |
|    time_elapsed           | 731       |
|    total_timesteps        | 990000    |
| train/                    |           |
|    explained_variance     | 0         |
|    is_line_search_success | 1         |
|    kl_divergence_loss     | 0.00785   |
|    learning_rate          | 0.0013    |
|    n_updates              | 120       |
|    policy_objective       | 0.0764    |
|    std                    | 0.809     |
|    value_loss             | 7.42e+08  |
-----------------------------------------
-----------------------------------------
| rollout/                  |           |
|    ep_len_mean            | 152       |
|    ep_rew_mean            | -2.63e+04 |
| time/                     |           |
|    fps                    | 1350      |
|    time_elapsed           | 740       |
|    total_timesteps        | 1000000   |
| train/                    |           |
|    explained_variance     | 0         |
|    is_line_search_success | 1         |
|    kl_divergence_loss     | 0.00856   |
|    learning_rate          | 0.0013    |
|    n_updates              | 122       |
|    policy_objective       | 0.0697    |
|    std                    | 0.805     |
|    value_loss             | 6.52e+08  |
-----------------------------------------
Training ended on Wed Jan 28 10:54:22 2026
Training lasted 0:12:26.328837
