Logging to training_random_logs/4_robots/logs/TQC_set3
Using cpu device
Training started on Wed Jan 28 10:41:06 2026
Experiment configuration: {'algorithm': 'TQC', 'set': 3, 'verbose': 1, 'steps': 1000000, 'num_robots': 4, 'num_envs': 4, 'seed': 33, 'log_steps': 10000, 'resume': False, 'device': 'cpu'}
----------------------------------
| rollout/           |           |
|    ep_len_mean     | 39.1      |
|    ep_rew_mean     | -1.43e+06 |
| time/              |           |
|    episodes        | 597       |
|    fps             | 110       |
|    time_elapsed    | 90        |
|    total_timesteps | 10000     |
| train/             |           |
|    actor_loss      | 2.75e+05  |
|    critic_loss     | 5.27e+03  |
|    ent_coef        | 39.7      |
|    ent_coef_loss   | 3.13      |
|    learning_rate   | 0.0064    |
|    n_updates       | 2474      |
----------------------------------
----------------------------------
| rollout/           |           |
|    ep_len_mean     | 2.31      |
|    ep_rew_mean     | -1.14e+05 |
| time/              |           |
|    episodes        | 3923      |
|    fps             | 109       |
|    time_elapsed    | 182       |
|    total_timesteps | 20000     |
| train/             |           |
|    actor_loss      | 2.94e+05  |
|    critic_loss     | 6.08e+03  |
|    ent_coef        | 61.4      |
|    ent_coef_loss   | -5.82     |
|    learning_rate   | 0.0064    |
|    n_updates       | 4974      |
----------------------------------
----------------------------------
| rollout/           |           |
|    ep_len_mean     | 2.01      |
|    ep_rew_mean     | -1.05e+05 |
| time/              |           |
|    episodes        | 7359      |
|    fps             | 108       |
|    time_elapsed    | 277       |
|    total_timesteps | 30000     |
| train/             |           |
|    actor_loss      | 3.32e+05  |
|    critic_loss     | 5.7e+03   |
|    ent_coef        | 39.7      |
|    ent_coef_loss   | -0.478    |
|    learning_rate   | 0.0064    |
|    n_updates       | 7474      |
----------------------------------
---------------------------------
| rollout/           |          |
|    ep_len_mean     | 2.29     |
|    ep_rew_mean     | -1.1e+05 |
| time/              |          |
|    episodes        | 11027    |
|    fps             | 107      |
|    time_elapsed    | 373      |
|    total_timesteps | 40000    |
| train/             |          |
|    actor_loss      | 3.15e+05 |
|    critic_loss     | 7.89e+03 |
|    ent_coef        | 56.4     |
|    ent_coef_loss   | -2.29    |
|    learning_rate   | 0.0064   |
|    n_updates       | 9974     |
---------------------------------
----------------------------------
| rollout/           |           |
|    ep_len_mean     | 2.04      |
|    ep_rew_mean     | -1.03e+05 |
| time/              |           |
|    episodes        | 15702     |
|    fps             | 106       |
|    time_elapsed    | 469       |
|    total_timesteps | 50000     |
| train/             |           |
|    actor_loss      | 2.53e+05  |
|    critic_loss     | 5.77e+03  |
|    ent_coef        | 60.6      |
|    ent_coef_loss   | 4.03      |
|    learning_rate   | 0.0064    |
|    n_updates       | 12474     |
----------------------------------
----------------------------------
| rollout/           |           |
|    ep_len_mean     | 2.27      |
|    ep_rew_mean     | -1.05e+05 |
| time/              |           |
|    episodes        | 19077     |
|    fps             | 104       |
|    time_elapsed    | 572       |
|    total_timesteps | 60000     |
| train/             |           |
|    actor_loss      | 2.84e+05  |
|    critic_loss     | 5.47e+03  |
|    ent_coef        | 53.9      |
|    ent_coef_loss   | -1.59     |
|    learning_rate   | 0.0064    |
|    n_updates       | 14974     |
----------------------------------
----------------------------------
| rollout/           |           |
|    ep_len_mean     | 2.08      |
|    ep_rew_mean     | -1.03e+05 |
| time/              |           |
|    episodes        | 21400     |
|    fps             | 104       |
|    time_elapsed    | 667       |
|    total_timesteps | 70000     |
| train/             |           |
|    actor_loss      | 3.06e+05  |
|    critic_loss     | 3.86e+03  |
|    ent_coef        | 44        |
|    ent_coef_loss   | -2.12     |
|    learning_rate   | 0.0064    |
|    n_updates       | 17474     |
----------------------------------
----------------------------------
| rollout/           |           |
|    ep_len_mean     | 12.1      |
|    ep_rew_mean     | -5.04e+05 |
| time/              |           |
|    episodes        | 23959     |
|    fps             | 104       |
|    time_elapsed    | 766       |
|    total_timesteps | 80000     |
| train/             |           |
|    actor_loss      | 2.37e+05  |
|    critic_loss     | 3.1e+03   |
|    ent_coef        | 43.5      |
|    ent_coef_loss   | 1.45      |
|    learning_rate   | 0.0064    |
|    n_updates       | 19974     |
----------------------------------
----------------------------------
| rollout/           |           |
|    ep_len_mean     | 2.51      |
|    ep_rew_mean     | -1.05e+05 |
| time/              |           |
|    episodes        | 26355     |
|    fps             | 104       |
|    time_elapsed    | 864       |
|    total_timesteps | 90000     |
| train/             |           |
|    actor_loss      | 2.45e+05  |
|    critic_loss     | 4.06e+03  |
|    ent_coef        | 36.5      |
|    ent_coef_loss   | 1.52      |
|    learning_rate   | 0.0064    |
|    n_updates       | 22474     |
----------------------------------
----------------------------------
| rollout/           |           |
|    ep_len_mean     | 3.12      |
|    ep_rew_mean     | -1.09e+05 |
| time/              |           |
|    episodes        | 29212     |
|    fps             | 104       |
|    time_elapsed    | 958       |
|    total_timesteps | 100000    |
| train/             |           |
|    actor_loss      | 2.63e+05  |
|    critic_loss     | 3.13e+03  |
|    ent_coef        | 25.6      |
|    ent_coef_loss   | 1.45      |
|    learning_rate   | 0.0064    |
|    n_updates       | 24974     |
----------------------------------
----------------------------------
| rollout/           |           |
|    ep_len_mean     | 3.14      |
|    ep_rew_mean     | -1.09e+05 |
| time/              |           |
|    episodes        | 30015     |
|    fps             | 104       |
|    time_elapsed    | 1051      |
|    total_timesteps | 110000    |
| train/             |           |
|    actor_loss      | 3.04e+05  |
|    critic_loss     | 1.87e+03  |
|    ent_coef        | 23.7      |
|    ent_coef_loss   | -0.285    |
|    learning_rate   | 0.0064    |
|    n_updates       | 27474     |
----------------------------------
----------------------------------
| rollout/           |           |
|    ep_len_mean     | 3.29      |
|    ep_rew_mean     | -1.12e+05 |
| time/              |           |
|    episodes        | 30209     |
|    fps             | 104       |
|    time_elapsed    | 1148      |
|    total_timesteps | 120000    |
| train/             |           |
|    actor_loss      | 3.97e+05  |
|    critic_loss     | 3.52e+03  |
|    ent_coef        | 22.8      |
|    ent_coef_loss   | 1.52      |
|    learning_rate   | 0.0064    |
|    n_updates       | 29974     |
----------------------------------
----------------------------------
| rollout/           |           |
|    ep_len_mean     | 23.3      |
|    ep_rew_mean     | -9.12e+05 |
| time/              |           |
|    episodes        | 31084     |
|    fps             | 105       |
|    time_elapsed    | 1237      |
|    total_timesteps | 130000    |
| train/             |           |
|    actor_loss      | 4.16e+05  |
|    critic_loss     | 1.87e+03  |
|    ent_coef        | 34.3      |
|    ent_coef_loss   | -7.29     |
|    learning_rate   | 0.0064    |
|    n_updates       | 32474     |
----------------------------------
----------------------------------
| rollout/           |           |
|    ep_len_mean     | 120       |
|    ep_rew_mean     | -4.78e+06 |
| time/              |           |
|    episodes        | 31106     |
|    fps             | 105       |
|    time_elapsed    | 1332      |
|    total_timesteps | 140000    |
| train/             |           |
|    actor_loss      | 4.58e+05  |
|    critic_loss     | 1.97e+03  |
|    ent_coef        | 40.2      |
|    ent_coef_loss   | 3.86      |
|    learning_rate   | 0.0064    |
|    n_updates       | 34974     |
----------------------------------
----------------------------------
| rollout/           |           |
|    ep_len_mean     | 180       |
|    ep_rew_mean     | -7.18e+06 |
| time/              |           |
|    episodes        | 31163     |
|    fps             | 105       |
|    time_elapsed    | 1426      |
|    total_timesteps | 150000    |
| train/             |           |
|    actor_loss      | 5.19e+05  |
|    critic_loss     | 2.25e+03  |
|    ent_coef        | 18.2      |
|    ent_coef_loss   | 1.38      |
|    learning_rate   | 0.0064    |
|    n_updates       | 37474     |
----------------------------------
----------------------------------
| rollout/           |           |
|    ep_len_mean     | 32.9      |
|    ep_rew_mean     | -1.31e+06 |
| time/              |           |
|    episodes        | 31635     |
|    fps             | 105       |
|    time_elapsed    | 1515      |
|    total_timesteps | 160000    |
| train/             |           |
|    actor_loss      | 5.17e+05  |
|    critic_loss     | 1.22e+03  |
|    ent_coef        | 15.4      |
|    ent_coef_loss   | 1.38      |
|    learning_rate   | 0.0064    |
|    n_updates       | 39974     |
----------------------------------
---------------------------------
| rollout/           |          |
|    ep_len_mean     | 3.1      |
|    ep_rew_mean     | -1.1e+05 |
| time/              |          |
|    episodes        | 32438    |
|    fps             | 105      |
|    time_elapsed    | 1610     |
|    total_timesteps | 170000   |
| train/             |          |
|    actor_loss      | 5.64e+05 |
|    critic_loss     | 2.96e+03 |
|    ent_coef        | 15.2     |
|    ent_coef_loss   | 0.627    |
|    learning_rate   | 0.0064   |
|    n_updates       | 42474    |
---------------------------------
----------------------------------
| rollout/           |           |
|    ep_len_mean     | 3.01      |
|    ep_rew_mean     | -1.08e+05 |
| time/              |           |
|    episodes        | 35217     |
|    fps             | 105       |
|    time_elapsed    | 1706      |
|    total_timesteps | 180000    |
| train/             |           |
|    actor_loss      | 5.14e+05  |
|    critic_loss     | 2.21e+03  |
|    ent_coef        | 23        |
|    ent_coef_loss   | -0.765    |
|    learning_rate   | 0.0064    |
|    n_updates       | 44974     |
----------------------------------
----------------------------------
| rollout/           |           |
|    ep_len_mean     | 3         |
|    ep_rew_mean     | -1.07e+05 |
| time/              |           |
|    episodes        | 37706     |
|    fps             | 105       |
|    time_elapsed    | 1800      |
|    total_timesteps | 190000    |
| train/             |           |
|    actor_loss      | 4.96e+05  |
|    critic_loss     | 1.03e+03  |
|    ent_coef        | 26.1      |
|    ent_coef_loss   | 0.773     |
|    learning_rate   | 0.0064    |
|    n_updates       | 47474     |
----------------------------------
----------------------------------
| rollout/           |           |
|    ep_len_mean     | 22.9      |
|    ep_rew_mean     | -9.09e+05 |
| time/              |           |
|    episodes        | 38551     |
|    fps             | 105       |
|    time_elapsed    | 1892      |
|    total_timesteps | 200000    |
| train/             |           |
|    actor_loss      | 4.62e+05  |
|    critic_loss     | 981       |
|    ent_coef        | 17.5      |
|    ent_coef_loss   | -1.99     |
|    learning_rate   | 0.0064    |
|    n_updates       | 49974     |
----------------------------------
----------------------------------
| rollout/           |           |
|    ep_len_mean     | 3         |
|    ep_rew_mean     | -1.07e+05 |
| time/              |           |
|    episodes        | 39715     |
|    fps             | 105       |
|    time_elapsed    | 1987      |
|    total_timesteps | 210000    |
| train/             |           |
|    actor_loss      | 4.4e+05   |
|    critic_loss     | 756       |
|    ent_coef        | 22.7      |
|    ent_coef_loss   | 3.72      |
|    learning_rate   | 0.0064    |
|    n_updates       | 52474     |
----------------------------------
----------------------------------
| rollout/           |           |
|    ep_len_mean     | 13        |
|    ep_rew_mean     | -5.08e+05 |
| time/              |           |
|    episodes        | 41238     |
|    fps             | 106       |
|    time_elapsed    | 2074      |
|    total_timesteps | 220000    |
| train/             |           |
|    actor_loss      | 3.87e+05  |
|    critic_loss     | 557       |
|    ent_coef        | 17.7      |
|    ent_coef_loss   | 0.593     |
|    learning_rate   | 0.0064    |
|    n_updates       | 54974     |
----------------------------------
----------------------------------
| rollout/           |           |
|    ep_len_mean     | 3         |
|    ep_rew_mean     | -1.07e+05 |
| time/              |           |
|    episodes        | 44239     |
|    fps             | 106       |
|    time_elapsed    | 2167      |
|    total_timesteps | 230000    |
| train/             |           |
|    actor_loss      | 3.49e+05  |
|    critic_loss     | 438       |
|    ent_coef        | 17.2      |
|    ent_coef_loss   | -1.54     |
|    learning_rate   | 0.0064    |
|    n_updates       | 57474     |
----------------------------------
----------------------------------
| rollout/           |           |
|    ep_len_mean     | 2.98      |
|    ep_rew_mean     | -1.07e+05 |
| time/              |           |
|    episodes        | 47574     |
|    fps             | 106       |
|    time_elapsed    | 2263      |
|    total_timesteps | 240000    |
| train/             |           |
|    actor_loss      | 3.02e+05  |
|    critic_loss     | 440       |
|    ent_coef        | 18        |
|    ent_coef_loss   | 1.93      |
|    learning_rate   | 0.0064    |
|    n_updates       | 59974     |
----------------------------------
----------------------------------
| rollout/           |           |
|    ep_len_mean     | 13.6      |
|    ep_rew_mean     | -5.25e+05 |
| time/              |           |
|    episodes        | 49755     |
|    fps             | 105       |
|    time_elapsed    | 2365      |
|    total_timesteps | 250000    |
| train/             |           |
|    actor_loss      | 2.9e+05   |
|    critic_loss     | 449       |
|    ent_coef        | 10.3      |
|    ent_coef_loss   | -0.199    |
|    learning_rate   | 0.0064    |
|    n_updates       | 62474     |
----------------------------------
----------------------------------
| rollout/           |           |
|    ep_len_mean     | 3         |
|    ep_rew_mean     | -1.07e+05 |
| time/              |           |
|    episodes        | 51338     |
|    fps             | 105       |
|    time_elapsed    | 2459      |
|    total_timesteps | 260000    |
| train/             |           |
|    actor_loss      | 3.02e+05  |
|    critic_loss     | 819       |
|    ent_coef        | 35.1      |
|    ent_coef_loss   | 4.87      |
|    learning_rate   | 0.0064    |
|    n_updates       | 64974     |
----------------------------------
----------------------------------
| rollout/           |           |
|    ep_len_mean     | 3         |
|    ep_rew_mean     | -1.07e+05 |
| time/              |           |
|    episodes        | 54385     |
|    fps             | 105       |
|    time_elapsed    | 2555      |
|    total_timesteps | 270000    |
| train/             |           |
|    actor_loss      | 2.45e+05  |
|    critic_loss     | 1.7e+03   |
|    ent_coef        | 28.3      |
|    ent_coef_loss   | -5.39     |
|    learning_rate   | 0.0064    |
|    n_updates       | 67474     |
----------------------------------
----------------------------------
| rollout/           |           |
|    ep_len_mean     | 3.09      |
|    ep_rew_mean     | -1.08e+05 |
| time/              |           |
|    episodes        | 57115     |
|    fps             | 105       |
|    time_elapsed    | 2654      |
|    total_timesteps | 280000    |
| train/             |           |
|    actor_loss      | 2.36e+05  |
|    critic_loss     | 1.02e+03  |
|    ent_coef        | 31.7      |
|    ent_coef_loss   | 1.76      |
|    learning_rate   | 0.0064    |
|    n_updates       | 69974     |
----------------------------------
----------------------------------
| rollout/           |           |
|    ep_len_mean     | 3         |
|    ep_rew_mean     | -1.07e+05 |
| time/              |           |
|    episodes        | 60374     |
|    fps             | 105       |
|    time_elapsed    | 2753      |
|    total_timesteps | 290000    |
| train/             |           |
|    actor_loss      | 2.09e+05  |
|    critic_loss     | 919       |
|    ent_coef        | 42.6      |
|    ent_coef_loss   | 3.19      |
|    learning_rate   | 0.0064    |
|    n_updates       | 72474     |
----------------------------------
----------------------------------
| rollout/           |           |
|    ep_len_mean     | 4.3       |
|    ep_rew_mean     | -1.15e+05 |
| time/              |           |
|    episodes        | 63252     |
|    fps             | 105       |
|    time_elapsed    | 2852      |
|    total_timesteps | 300000    |
| train/             |           |
|    actor_loss      | 1.81e+05  |
|    critic_loss     | 1.91e+03  |
|    ent_coef        | 26        |
|    ent_coef_loss   | -2.53     |
|    learning_rate   | 0.0064    |
|    n_updates       | 74974     |
----------------------------------
----------------------------------
| rollout/           |           |
|    ep_len_mean     | 3         |
|    ep_rew_mean     | -1.06e+05 |
| time/              |           |
|    episodes        | 65718     |
|    fps             | 105       |
|    time_elapsed    | 2947      |
|    total_timesteps | 310000    |
| train/             |           |
|    actor_loss      | 1.97e+05  |
|    critic_loss     | 1.15e+03  |
|    ent_coef        | 28.1      |
|    ent_coef_loss   | 2.65      |
|    learning_rate   | 0.0064    |
|    n_updates       | 77474     |
----------------------------------
----------------------------------
| rollout/           |           |
|    ep_len_mean     | 42.9      |
|    ep_rew_mean     | -1.71e+06 |
| time/              |           |
|    episodes        | 67039     |
|    fps             | 105       |
|    time_elapsed    | 3041      |
|    total_timesteps | 320000    |
| train/             |           |
|    actor_loss      | 2.09e+05  |
|    critic_loss     | 2.21e+03  |
|    ent_coef        | 27.1      |
|    ent_coef_loss   | 0.567     |
|    learning_rate   | 0.0064    |
|    n_updates       | 79974     |
----------------------------------
----------------------------------
| rollout/           |           |
|    ep_len_mean     | 2.85      |
|    ep_rew_mean     | -1.06e+05 |
| time/              |           |
|    episodes        | 69684     |
|    fps             | 105       |
|    time_elapsed    | 3136      |
|    total_timesteps | 330000    |
| train/             |           |
|    actor_loss      | 1.8e+05   |
|    critic_loss     | 997       |
|    ent_coef        | 29        |
|    ent_coef_loss   | -0.0809   |
|    learning_rate   | 0.0064    |
|    n_updates       | 82474     |
----------------------------------
----------------------------------
| rollout/           |           |
|    ep_len_mean     | 3.25      |
|    ep_rew_mean     | -1.03e+05 |
| time/              |           |
|    episodes        | 72937     |
|    fps             | 105       |
|    time_elapsed    | 3229      |
|    total_timesteps | 340000    |
| train/             |           |
|    actor_loss      | 2.1e+05   |
|    critic_loss     | 2.91e+03  |
|    ent_coef        | 25.9      |
|    ent_coef_loss   | 0.836     |
|    learning_rate   | 0.0064    |
|    n_updates       | 84974     |
----------------------------------
----------------------------------
| rollout/           |           |
|    ep_len_mean     | 3.04      |
|    ep_rew_mean     | -1.07e+05 |
| time/              |           |
|    episodes        | 73978     |
|    fps             | 105       |
|    time_elapsed    | 3323      |
|    total_timesteps | 350000    |
| train/             |           |
|    actor_loss      | 2.25e+05  |
|    critic_loss     | 1.63e+03  |
|    ent_coef        | 22.9      |
|    ent_coef_loss   | -1.89     |
|    learning_rate   | 0.0064    |
|    n_updates       | 87474     |
----------------------------------
----------------------------------
| rollout/           |           |
|    ep_len_mean     | 3.13      |
|    ep_rew_mean     | -1.07e+05 |
| time/              |           |
|    episodes        | 76083     |
|    fps             | 105       |
|    time_elapsed    | 3418      |
|    total_timesteps | 360000    |
| train/             |           |
|    actor_loss      | 2.5e+05   |
|    critic_loss     | 2.99e+03  |
|    ent_coef        | 26.5      |
|    ent_coef_loss   | 2.72      |
|    learning_rate   | 0.0064    |
|    n_updates       | 89974     |
----------------------------------
----------------------------------
| rollout/           |           |
|    ep_len_mean     | 3.43      |
|    ep_rew_mean     | -1.08e+05 |
| time/              |           |
|    episodes        | 78770     |
|    fps             | 105       |
|    time_elapsed    | 3513      |
|    total_timesteps | 370000    |
| train/             |           |
|    actor_loss      | 2.51e+05  |
|    critic_loss     | 3.44e+03  |
|    ent_coef        | 47.8      |
|    ent_coef_loss   | 2.27      |
|    learning_rate   | 0.0064    |
|    n_updates       | 92474     |
----------------------------------
---------------------------------
| rollout/           |          |
|    ep_len_mean     | 3.9      |
|    ep_rew_mean     | -1.1e+05 |
| time/              |          |
|    episodes        | 80414    |
|    fps             | 105      |
|    time_elapsed    | 3608     |
|    total_timesteps | 380000   |
| train/             |          |
|    actor_loss      | 2.32e+05 |
|    critic_loss     | 5.12e+03 |
|    ent_coef        | 24.4     |
|    ent_coef_loss   | -4.06    |
|    learning_rate   | 0.0064   |
|    n_updates       | 94974    |
---------------------------------
----------------------------------
| rollout/           |           |
|    ep_len_mean     | 3.19      |
|    ep_rew_mean     | -1.07e+05 |
| time/              |           |
|    episodes        | 82456     |
|    fps             | 105       |
|    time_elapsed    | 3702      |
|    total_timesteps | 390000    |
| train/             |           |
|    actor_loss      | 2.41e+05  |
|    critic_loss     | 2.04e+03  |
|    ent_coef        | 15.7      |
|    ent_coef_loss   | 1.97      |
|    learning_rate   | 0.0064    |
|    n_updates       | 97474     |
----------------------------------
----------------------------------
| rollout/           |           |
|    ep_len_mean     | 24.5      |
|    ep_rew_mean     | -8.87e+05 |
| time/              |           |
|    episodes        | 83631     |
|    fps             | 105       |
|    time_elapsed    | 3797      |
|    total_timesteps | 400000    |
| train/             |           |
|    actor_loss      | 2.68e+05  |
|    critic_loss     | 2.84e+03  |
|    ent_coef        | 23.2      |
|    ent_coef_loss   | 0.838     |
|    learning_rate   | 0.0064    |
|    n_updates       | 99974     |
----------------------------------
----------------------------------
| rollout/           |           |
|    ep_len_mean     | 43.4      |
|    ep_rew_mean     | -1.66e+06 |
| time/              |           |
|    episodes        | 83912     |
|    fps             | 105       |
|    time_elapsed    | 3890      |
|    total_timesteps | 410000    |
| train/             |           |
|    actor_loss      | 3.09e+05  |
|    critic_loss     | 5.81e+03  |
|    ent_coef        | 26        |
|    ent_coef_loss   | 5.06      |
|    learning_rate   | 0.0064    |
|    n_updates       | 102474    |
----------------------------------
----------------------------------
| rollout/           |           |
|    ep_len_mean     | 4.62      |
|    ep_rew_mean     | -1.49e+05 |
| time/              |           |
|    episodes        | 85033     |
|    fps             | 105       |
|    time_elapsed    | 3985      |
|    total_timesteps | 420000    |
| train/             |           |
|    actor_loss      | 3.09e+05  |
|    critic_loss     | 5.1e+03   |
|    ent_coef        | 65.8      |
|    ent_coef_loss   | 8.04      |
|    learning_rate   | 0.0064    |
|    n_updates       | 104974    |
----------------------------------
----------------------------------
| rollout/           |           |
|    ep_len_mean     | 3.03      |
|    ep_rew_mean     | -1.08e+05 |
| time/              |           |
|    episodes        | 88153     |
|    fps             | 105       |
|    time_elapsed    | 4079      |
|    total_timesteps | 430000    |
| train/             |           |
|    actor_loss      | 2.63e+05  |
|    critic_loss     | 4.07e+03  |
|    ent_coef        | 39.6      |
|    ent_coef_loss   | -1.74     |
|    learning_rate   | 0.0064    |
|    n_updates       | 107474    |
----------------------------------
----------------------------------
| rollout/           |           |
|    ep_len_mean     | 3         |
|    ep_rew_mean     | -1.07e+05 |
| time/              |           |
|    episodes        | 91207     |
|    fps             | 105       |
|    time_elapsed    | 4173      |
|    total_timesteps | 440000    |
| train/             |           |
|    actor_loss      | 2.97e+05  |
|    critic_loss     | 4.6e+03   |
|    ent_coef        | 41.1      |
|    ent_coef_loss   | 2.14      |
|    learning_rate   | 0.0064    |
|    n_updates       | 109974    |
----------------------------------
----------------------------------
| rollout/           |           |
|    ep_len_mean     | 3         |
|    ep_rew_mean     | -1.07e+05 |
| time/              |           |
|    episodes        | 94541     |
|    fps             | 105       |
|    time_elapsed    | 4267      |
|    total_timesteps | 450000    |
| train/             |           |
|    actor_loss      | 2.73e+05  |
|    critic_loss     | 4.74e+03  |
|    ent_coef        | 38        |
|    ent_coef_loss   | 0.161     |
|    learning_rate   | 0.0064    |
|    n_updates       | 112474    |
----------------------------------
----------------------------------
| rollout/           |           |
|    ep_len_mean     | 3         |
|    ep_rew_mean     | -1.07e+05 |
| time/              |           |
|    episodes        | 97529     |
|    fps             | 105       |
|    time_elapsed    | 4360      |
|    total_timesteps | 460000    |
| train/             |           |
|    actor_loss      | 2.45e+05  |
|    critic_loss     | 3.31e+03  |
|    ent_coef        | 41        |
|    ent_coef_loss   | 0.0825    |
|    learning_rate   | 0.0064    |
|    n_updates       | 114974    |
----------------------------------
----------------------------------
| rollout/           |           |
|    ep_len_mean     | 3.12      |
|    ep_rew_mean     | -1.07e+05 |
| time/              |           |
|    episodes        | 100806    |
|    fps             | 105       |
|    time_elapsed    | 4454      |
|    total_timesteps | 470000    |
| train/             |           |
|    actor_loss      | 2.11e+05  |
|    critic_loss     | 3.08e+03  |
|    ent_coef        | 40.8      |
|    ent_coef_loss   | 0.336     |
|    learning_rate   | 0.0064    |
|    n_updates       | 117474    |
----------------------------------
----------------------------------
| rollout/           |           |
|    ep_len_mean     | 3.73      |
|    ep_rew_mean     | -1.04e+05 |
| time/              |           |
|    episodes        | 103798    |
|    fps             | 105       |
|    time_elapsed    | 4547      |
|    total_timesteps | 480000    |
| train/             |           |
|    actor_loss      | 1.57e+05  |
|    critic_loss     | 1.8e+03   |
|    ent_coef        | 25.2      |
|    ent_coef_loss   | -2.21     |
|    learning_rate   | 0.0064    |
|    n_updates       | 119974    |
----------------------------------
----------------------------------
| rollout/           |           |
|    ep_len_mean     | 16.2      |
|    ep_rew_mean     | -5.54e+05 |
| time/              |           |
|    episodes        | 105004    |
|    fps             | 105       |
|    time_elapsed    | 4644      |
|    total_timesteps | 490000    |
| train/             |           |
|    actor_loss      | 1.34e+05  |
|    critic_loss     | 1.18e+03  |
|    ent_coef        | 19.3      |
|    ent_coef_loss   | -3.19     |
|    learning_rate   | 0.0064    |
|    n_updates       | 122474    |
----------------------------------
----------------------------------
| rollout/           |           |
|    ep_len_mean     | 3.7       |
|    ep_rew_mean     | -1.14e+05 |
| time/              |           |
|    episodes        | 107613    |
|    fps             | 105       |
|    time_elapsed    | 4743      |
|    total_timesteps | 500000    |
| train/             |           |
|    actor_loss      | 1.6e+05   |
|    critic_loss     | 2.35e+03  |
|    ent_coef        | 28.7      |
|    ent_coef_loss   | 0.737     |
|    learning_rate   | 0.0064    |
|    n_updates       | 124974    |
----------------------------------
----------------------------------
| rollout/           |           |
|    ep_len_mean     | 3.59      |
|    ep_rew_mean     | -1.12e+05 |
| time/              |           |
|    episodes        | 109947    |
|    fps             | 105       |
|    time_elapsed    | 4845      |
|    total_timesteps | 510000    |
| train/             |           |
|    actor_loss      | 1.33e+05  |
|    critic_loss     | 1.02e+03  |
|    ent_coef        | 26.6      |
|    ent_coef_loss   | 1.24      |
|    learning_rate   | 0.0064    |
|    n_updates       | 127474    |
----------------------------------
----------------------------------
| rollout/           |           |
|    ep_len_mean     | 5.22      |
|    ep_rew_mean     | -1.24e+05 |
| time/              |           |
|    episodes        | 112037    |
|    fps             | 105       |
|    time_elapsed    | 4937      |
|    total_timesteps | 520000    |
| train/             |           |
|    actor_loss      | 1.57e+05  |
|    critic_loss     | 3.74e+03  |
|    ent_coef        | 29.9      |
|    ent_coef_loss   | 0.762     |
|    learning_rate   | 0.0064    |
|    n_updates       | 129974    |
----------------------------------
----------------------------------
| rollout/           |           |
|    ep_len_mean     | 4.28      |
|    ep_rew_mean     | -1.09e+05 |
| time/              |           |
|    episodes        | 114154    |
|    fps             | 105       |
|    time_elapsed    | 5037      |
|    total_timesteps | 530000    |
| train/             |           |
|    actor_loss      | 1.56e+05  |
|    critic_loss     | 1.9e+03   |
|    ent_coef        | 26.2      |
|    ent_coef_loss   | 0.836     |
|    learning_rate   | 0.0064    |
|    n_updates       | 132474    |
----------------------------------
----------------------------------
| rollout/           |           |
|    ep_len_mean     | 3.89      |
|    ep_rew_mean     | -1.06e+05 |
| time/              |           |
|    episodes        | 116654    |
|    fps             | 105       |
|    time_elapsed    | 5134      |
|    total_timesteps | 540000    |
| train/             |           |
|    actor_loss      | 1.63e+05  |
|    critic_loss     | 4.66e+03  |
|    ent_coef        | 36.2      |
|    ent_coef_loss   | 1.21      |
|    learning_rate   | 0.0064    |
|    n_updates       | 134974    |
----------------------------------
----------------------------------
| rollout/           |           |
|    ep_len_mean     | 5.63      |
|    ep_rew_mean     | -1.77e+05 |
| time/              |           |
|    episodes        | 119318    |
|    fps             | 105       |
|    time_elapsed    | 5236      |
|    total_timesteps | 550000    |
| train/             |           |
|    actor_loss      | 1.55e+05  |
|    critic_loss     | 5.44e+03  |
|    ent_coef        | 46.2      |
|    ent_coef_loss   | 1.31      |
|    learning_rate   | 0.0064    |
|    n_updates       | 137474    |
----------------------------------
---------------------------------
| rollout/           |          |
|    ep_len_mean     | 4.07     |
|    ep_rew_mean     | -1.1e+05 |
| time/              |          |
|    episodes        | 121773   |
|    fps             | 105      |
|    time_elapsed    | 5332     |
|    total_timesteps | 560000   |
| train/             |          |
|    actor_loss      | 1.36e+05 |
|    critic_loss     | 3.77e+03 |
|    ent_coef        | 23.6     |
|    ent_coef_loss   | -1.79    |
|    learning_rate   | 0.0064   |
|    n_updates       | 139974   |
---------------------------------
---------------------------------
| rollout/           |          |
|    ep_len_mean     | 4.09     |
|    ep_rew_mean     | -1.1e+05 |
| time/              |          |
|    episodes        | 124191   |
|    fps             | 105      |
|    time_elapsed    | 5428     |
|    total_timesteps | 570000   |
| train/             |          |
|    actor_loss      | 1.31e+05 |
|    critic_loss     | 4.86e+03 |
|    ent_coef        | 31.4     |
|    ent_coef_loss   | -1.77    |
|    learning_rate   | 0.0064   |
|    n_updates       | 142474   |
---------------------------------
---------------------------------
| rollout/           |          |
|    ep_len_mean     | 3.91     |
|    ep_rew_mean     | -1.1e+05 |
| time/              |          |
|    episodes        | 126472   |
|    fps             | 104      |
|    time_elapsed    | 5524     |
|    total_timesteps | 580000   |
| train/             |          |
|    actor_loss      | 1.25e+05 |
|    critic_loss     | 4.23e+03 |
|    ent_coef        | 37.6     |
|    ent_coef_loss   | -0.995   |
|    learning_rate   | 0.0064   |
|    n_updates       | 144974   |
---------------------------------
---------------------------------
| rollout/           |          |
|    ep_len_mean     | 3.9      |
|    ep_rew_mean     | -1.1e+05 |
| time/              |          |
|    episodes        | 128521   |
|    fps             | 104      |
|    time_elapsed    | 5619     |
|    total_timesteps | 590000   |
| train/             |          |
|    actor_loss      | 1.37e+05 |
|    critic_loss     | 3.18e+03 |
|    ent_coef        | 46.7     |
|    ent_coef_loss   | 2.35     |
|    learning_rate   | 0.0064   |
|    n_updates       | 147474   |
---------------------------------
----------------------------------
| rollout/           |           |
|    ep_len_mean     | 17.1      |
|    ep_rew_mean     | -5.94e+05 |
| time/              |           |
|    episodes        | 130105    |
|    fps             | 105       |
|    time_elapsed    | 5714      |
|    total_timesteps | 600000    |
| train/             |           |
|    actor_loss      | 1.26e+05  |
|    critic_loss     | 4.55e+03  |
|    ent_coef        | 40.8      |
|    ent_coef_loss   | -6.58     |
|    learning_rate   | 0.0064    |
|    n_updates       | 149974    |
----------------------------------
----------------------------------
| rollout/           |           |
|    ep_len_mean     | 4.72      |
|    ep_rew_mean     | -1.16e+05 |
| time/              |           |
|    episodes        | 132187    |
|    fps             | 105       |
|    time_elapsed    | 5808      |
|    total_timesteps | 610000    |
| train/             |           |
|    actor_loss      | 1.12e+05  |
|    critic_loss     | 4.08e+03  |
|    ent_coef        | 33.8      |
|    ent_coef_loss   | -3.53     |
|    learning_rate   | 0.0064    |
|    n_updates       | 152474    |
----------------------------------
----------------------------------
| rollout/           |           |
|    ep_len_mean     | 5.46      |
|    ep_rew_mean     | -1.17e+05 |
| time/              |           |
|    episodes        | 134345    |
|    fps             | 105       |
|    time_elapsed    | 5903      |
|    total_timesteps | 620000    |
| train/             |           |
|    actor_loss      | 9.99e+04  |
|    critic_loss     | 2.13e+03  |
|    ent_coef        | 27.5      |
|    ent_coef_loss   | 4.94      |
|    learning_rate   | 0.0064    |
|    n_updates       | 154974    |
----------------------------------
----------------------------------
| rollout/           |           |
|    ep_len_mean     | 4.43      |
|    ep_rew_mean     | -1.11e+05 |
| time/              |           |
|    episodes        | 136339    |
|    fps             | 105       |
|    time_elapsed    | 5998      |
|    total_timesteps | 630000    |
| train/             |           |
|    actor_loss      | 1.13e+05  |
|    critic_loss     | 2.72e+03  |
|    ent_coef        | 30.4      |
|    ent_coef_loss   | 0.944     |
|    learning_rate   | 0.0064    |
|    n_updates       | 157474    |
----------------------------------
----------------------------------
| rollout/           |           |
|    ep_len_mean     | 5.01      |
|    ep_rew_mean     | -1.17e+05 |
| time/              |           |
|    episodes        | 138423    |
|    fps             | 104       |
|    time_elapsed    | 6102      |
|    total_timesteps | 640000    |
| train/             |           |
|    actor_loss      | 1.19e+05  |
|    critic_loss     | 3.63e+03  |
|    ent_coef        | 34.1      |
|    ent_coef_loss   | -5.65     |
|    learning_rate   | 0.0064    |
|    n_updates       | 159974    |
----------------------------------
----------------------------------
| rollout/           |           |
|    ep_len_mean     | 5.05      |
|    ep_rew_mean     | -1.13e+05 |
| time/              |           |
|    episodes        | 140442    |
|    fps             | 104       |
|    time_elapsed    | 6203      |
|    total_timesteps | 650000    |
| train/             |           |
|    actor_loss      | 1.08e+05  |
|    critic_loss     | 2.74e+03  |
|    ent_coef        | 34.7      |
|    ent_coef_loss   | 1.17      |
|    learning_rate   | 0.0064    |
|    n_updates       | 162474    |
----------------------------------
----------------------------------
| rollout/           |           |
|    ep_len_mean     | 5.19      |
|    ep_rew_mean     | -1.16e+05 |
| time/              |           |
|    episodes        | 142288    |
|    fps             | 104       |
|    time_elapsed    | 6308      |
|    total_timesteps | 660000    |
| train/             |           |
|    actor_loss      | 1.01e+05  |
|    critic_loss     | 2.59e+03  |
|    ent_coef        | 22.6      |
|    ent_coef_loss   | -3.41     |
|    learning_rate   | 0.0064    |
|    n_updates       | 164974    |
----------------------------------
----------------------------------
| rollout/           |           |
|    ep_len_mean     | 5.67      |
|    ep_rew_mean     | -1.21e+05 |
| time/              |           |
|    episodes        | 144009    |
|    fps             | 104       |
|    time_elapsed    | 6410      |
|    total_timesteps | 670000    |
| train/             |           |
|    actor_loss      | 9.89e+04  |
|    critic_loss     | 1.73e+03  |
|    ent_coef        | 18.3      |
|    ent_coef_loss   | -3.71     |
|    learning_rate   | 0.0064    |
|    n_updates       | 167474    |
----------------------------------
----------------------------------
| rollout/           |           |
|    ep_len_mean     | 5.26      |
|    ep_rew_mean     | -1.15e+05 |
| time/              |           |
|    episodes        | 145856    |
|    fps             | 104       |
|    time_elapsed    | 6517      |
|    total_timesteps | 680000    |
| train/             |           |
|    actor_loss      | 9.76e+04  |
|    critic_loss     | 1.52e+03  |
|    ent_coef        | 21.6      |
|    ent_coef_loss   | -4.35     |
|    learning_rate   | 0.0064    |
|    n_updates       | 169974    |
----------------------------------
----------------------------------
| rollout/           |           |
|    ep_len_mean     | 5.27      |
|    ep_rew_mean     | -1.16e+05 |
| time/              |           |
|    episodes        | 147745    |
|    fps             | 104       |
|    time_elapsed    | 6616      |
|    total_timesteps | 690000    |
| train/             |           |
|    actor_loss      | 9.56e+04  |
|    critic_loss     | 1.14e+03  |
|    ent_coef        | 19.1      |
|    ent_coef_loss   | -0.258    |
|    learning_rate   | 0.0064    |
|    n_updates       | 172474    |
----------------------------------
----------------------------------
| rollout/           |           |
|    ep_len_mean     | 5.21      |
|    ep_rew_mean     | -1.15e+05 |
| time/              |           |
|    episodes        | 149567    |
|    fps             | 104       |
|    time_elapsed    | 6719      |
|    total_timesteps | 700000    |
| train/             |           |
|    actor_loss      | 9.56e+04  |
|    critic_loss     | 840       |
|    ent_coef        | 19        |
|    ent_coef_loss   | -1.08     |
|    learning_rate   | 0.0064    |
|    n_updates       | 174974    |
----------------------------------
----------------------------------
| rollout/           |           |
|    ep_len_mean     | 4.89      |
|    ep_rew_mean     | -1.13e+05 |
| time/              |           |
|    episodes        | 151559    |
|    fps             | 104       |
|    time_elapsed    | 6820      |
|    total_timesteps | 710000    |
| train/             |           |
|    actor_loss      | 9.29e+04  |
|    critic_loss     | 1.31e+03  |
|    ent_coef        | 18        |
|    ent_coef_loss   | 0.258     |
|    learning_rate   | 0.0064    |
|    n_updates       | 177474    |
----------------------------------
----------------------------------
| rollout/           |           |
|    ep_len_mean     | 5.65      |
|    ep_rew_mean     | -9.79e+04 |
| time/              |           |
|    episodes        | 153566    |
|    fps             | 104       |
|    time_elapsed    | 6919      |
|    total_timesteps | 720000    |
| train/             |           |
|    actor_loss      | 9.39e+04  |
|    critic_loss     | 894       |
|    ent_coef        | 16.3      |
|    ent_coef_loss   | 2.69      |
|    learning_rate   | 0.0064    |
|    n_updates       | 179974    |
----------------------------------
----------------------------------
| rollout/           |           |
|    ep_len_mean     | 5.26      |
|    ep_rew_mean     | -1.16e+05 |
| time/              |           |
|    episodes        | 155324    |
|    fps             | 103       |
|    time_elapsed    | 7021      |
|    total_timesteps | 730000    |
| train/             |           |
|    actor_loss      | 9.41e+04  |
|    critic_loss     | 1.1e+03   |
|    ent_coef        | 14.6      |
|    ent_coef_loss   | 0.815     |
|    learning_rate   | 0.0064    |
|    n_updates       | 182474    |
----------------------------------
----------------------------------
| rollout/           |           |
|    ep_len_mean     | 5.03      |
|    ep_rew_mean     | -1.11e+05 |
| time/              |           |
|    episodes        | 157261    |
|    fps             | 103       |
|    time_elapsed    | 7129      |
|    total_timesteps | 740000    |
| train/             |           |
|    actor_loss      | 9.55e+04  |
|    critic_loss     | 1.37e+03  |
|    ent_coef        | 20.3      |
|    ent_coef_loss   | -3.16     |
|    learning_rate   | 0.0064    |
|    n_updates       | 184974    |
----------------------------------
----------------------------------
| rollout/           |           |
|    ep_len_mean     | 10.3      |
|    ep_rew_mean     | -2.28e+05 |
| time/              |           |
|    episodes        | 158981    |
|    fps             | 103       |
|    time_elapsed    | 7234      |
|    total_timesteps | 750000    |
| train/             |           |
|    actor_loss      | 9.43e+04  |
|    critic_loss     | 1.72e+03  |
|    ent_coef        | 24.2      |
|    ent_coef_loss   | -1.4      |
|    learning_rate   | 0.0064    |
|    n_updates       | 187474    |
----------------------------------
----------------------------------
| rollout/           |           |
|    ep_len_mean     | 5.31      |
|    ep_rew_mean     | -1.09e+05 |
| time/              |           |
|    episodes        | 160744    |
|    fps             | 103       |
|    time_elapsed    | 7342      |
|    total_timesteps | 760000    |
| train/             |           |
|    actor_loss      | 9.42e+04  |
|    critic_loss     | 2.04e+03  |
|    ent_coef        | 26.4      |
|    ent_coef_loss   | -7.03     |
|    learning_rate   | 0.0064    |
|    n_updates       | 189974    |
----------------------------------
----------------------------------
| rollout/           |           |
|    ep_len_mean     | 5.19      |
|    ep_rew_mean     | -1.14e+05 |
| time/              |           |
|    episodes        | 162521    |
|    fps             | 103       |
|    time_elapsed    | 7449      |
|    total_timesteps | 770000    |
| train/             |           |
|    actor_loss      | 9.67e+04  |
|    critic_loss     | 2.66e+03  |
|    ent_coef        | 39.3      |
|    ent_coef_loss   | -2.42     |
|    learning_rate   | 0.0064    |
|    n_updates       | 192474    |
----------------------------------
----------------------------------
| rollout/           |           |
|    ep_len_mean     | 5.07      |
|    ep_rew_mean     | -1.13e+05 |
| time/              |           |
|    episodes        | 164469    |
|    fps             | 103       |
|    time_elapsed    | 7549      |
|    total_timesteps | 780000    |
| train/             |           |
|    actor_loss      | 9.43e+04  |
|    critic_loss     | 2.78e+03  |
|    ent_coef        | 36.1      |
|    ent_coef_loss   | -1.19     |
|    learning_rate   | 0.0064    |
|    n_updates       | 194974    |
----------------------------------
----------------------------------
| rollout/           |           |
|    ep_len_mean     | 5.1       |
|    ep_rew_mean     | -1.14e+05 |
| time/              |           |
|    episodes        | 166419    |
|    fps             | 103       |
|    time_elapsed    | 7656      |
|    total_timesteps | 790000    |
| train/             |           |
|    actor_loss      | 9.28e+04  |
|    critic_loss     | 2.26e+03  |
|    ent_coef        | 36        |
|    ent_coef_loss   | -4.2      |
|    learning_rate   | 0.0064    |
|    n_updates       | 197474    |
----------------------------------
----------------------------------
| rollout/           |           |
|    ep_len_mean     | 5.51      |
|    ep_rew_mean     | -1.11e+05 |
| time/              |           |
|    episodes        | 168320    |
|    fps             | 103       |
|    time_elapsed    | 7760      |
|    total_timesteps | 800000    |
| train/             |           |
|    actor_loss      | 9.56e+04  |
|    critic_loss     | 1.28e+03  |
|    ent_coef        | 27.5      |
|    ent_coef_loss   | 1.49      |
|    learning_rate   | 0.0064    |
|    n_updates       | 199974    |
----------------------------------
----------------------------------
| rollout/           |           |
|    ep_len_mean     | 5.26      |
|    ep_rew_mean     | -1.11e+05 |
| time/              |           |
|    episodes        | 170271    |
|    fps             | 103       |
|    time_elapsed    | 7861      |
|    total_timesteps | 810000    |
| train/             |           |
|    actor_loss      | 9.23e+04  |
|    critic_loss     | 1.91e+03  |
|    ent_coef        | 28.2      |
|    ent_coef_loss   | 4.31      |
|    learning_rate   | 0.0064    |
|    n_updates       | 202474    |
----------------------------------
----------------------------------
| rollout/           |           |
|    ep_len_mean     | 5.17      |
|    ep_rew_mean     | -1.12e+05 |
| time/              |           |
|    episodes        | 172190    |
|    fps             | 103       |
|    time_elapsed    | 7959      |
|    total_timesteps | 820000    |
| train/             |           |
|    actor_loss      | 9.26e+04  |
|    critic_loss     | 1.27e+03  |
|    ent_coef        | 29.3      |
|    ent_coef_loss   | 1.68      |
|    learning_rate   | 0.0064    |
|    n_updates       | 204974    |
----------------------------------
---------------------------------
| rollout/           |          |
|    ep_len_mean     | 5.18     |
|    ep_rew_mean     | -1.1e+05 |
| time/              |          |
|    episodes        | 174143   |
|    fps             | 102      |
|    time_elapsed    | 8064     |
|    total_timesteps | 830000   |
| train/             |          |
|    actor_loss      | 9.28e+04 |
|    critic_loss     | 963      |
|    ent_coef        | 21.1     |
|    ent_coef_loss   | -0.928   |
|    learning_rate   | 0.0064   |
|    n_updates       | 207474   |
---------------------------------
----------------------------------
| rollout/           |           |
|    ep_len_mean     | 5.04      |
|    ep_rew_mean     | -1.12e+05 |
| time/              |           |
|    episodes        | 175953    |
|    fps             | 102       |
|    time_elapsed    | 8171      |
|    total_timesteps | 840000    |
| train/             |           |
|    actor_loss      | 9.27e+04  |
|    critic_loss     | 1.14e+03  |
|    ent_coef        | 19.9      |
|    ent_coef_loss   | -2.01     |
|    learning_rate   | 0.0064    |
|    n_updates       | 209974    |
----------------------------------
----------------------------------
| rollout/           |           |
|    ep_len_mean     | 5.06      |
|    ep_rew_mean     | -1.13e+05 |
| time/              |           |
|    episodes        | 177888    |
|    fps             | 102       |
|    time_elapsed    | 8271      |
|    total_timesteps | 850000    |
| train/             |           |
|    actor_loss      | 9.24e+04  |
|    critic_loss     | 802       |
|    ent_coef        | 22.3      |
|    ent_coef_loss   | -3.47     |
|    learning_rate   | 0.0064    |
|    n_updates       | 212474    |
----------------------------------
----------------------------------
| rollout/           |           |
|    ep_len_mean     | 5.04      |
|    ep_rew_mean     | -1.13e+05 |
| time/              |           |
|    episodes        | 179831    |
|    fps             | 102       |
|    time_elapsed    | 8369      |
|    total_timesteps | 860000    |
| train/             |           |
|    actor_loss      | 9.29e+04  |
|    critic_loss     | 719       |
|    ent_coef        | 21.3      |
|    ent_coef_loss   | 2.45      |
|    learning_rate   | 0.0064    |
|    n_updates       | 214974    |
----------------------------------
----------------------------------
| rollout/           |           |
|    ep_len_mean     | 4.96      |
|    ep_rew_mean     | -1.13e+05 |
| time/              |           |
|    episodes        | 181763    |
|    fps             | 102       |
|    time_elapsed    | 8461      |
|    total_timesteps | 870000    |
| train/             |           |
|    actor_loss      | 9.29e+04  |
|    critic_loss     | 979       |
|    ent_coef        | 22.7      |
|    ent_coef_loss   | -1.82     |
|    learning_rate   | 0.0064    |
|    n_updates       | 217474    |
----------------------------------
----------------------------------
| rollout/           |           |
|    ep_len_mean     | 5.21      |
|    ep_rew_mean     | -1.13e+05 |
| time/              |           |
|    episodes        | 183691    |
|    fps             | 102       |
|    time_elapsed    | 8548      |
|    total_timesteps | 880000    |
| train/             |           |
|    actor_loss      | 9.42e+04  |
|    critic_loss     | 1.08e+03  |
|    ent_coef        | 19        |
|    ent_coef_loss   | 1.06      |
|    learning_rate   | 0.0064    |
|    n_updates       | 219974    |
----------------------------------
----------------------------------
| rollout/           |           |
|    ep_len_mean     | 5.3       |
|    ep_rew_mean     | -1.12e+05 |
| time/              |           |
|    episodes        | 185653    |
|    fps             | 103       |
|    time_elapsed    | 8635      |
|    total_timesteps | 890000    |
| train/             |           |
|    actor_loss      | 9.16e+04  |
|    critic_loss     | 849       |
|    ent_coef        | 19.4      |
|    ent_coef_loss   | 0.128     |
|    learning_rate   | 0.0064    |
|    n_updates       | 222474    |
----------------------------------
----------------------------------
| rollout/           |           |
|    ep_len_mean     | 5.01      |
|    ep_rew_mean     | -1.13e+05 |
| time/              |           |
|    episodes        | 187485    |
|    fps             | 103       |
|    time_elapsed    | 8714      |
|    total_timesteps | 900000    |
| train/             |           |
|    actor_loss      | 9.57e+04  |
|    critic_loss     | 816       |
|    ent_coef        | 22.6      |
|    ent_coef_loss   | -5.4      |
|    learning_rate   | 0.0064    |
|    n_updates       | 224974    |
----------------------------------
----------------------------------
| rollout/           |           |
|    ep_len_mean     | 4.98      |
|    ep_rew_mean     | -1.12e+05 |
| time/              |           |
|    episodes        | 189476    |
|    fps             | 103       |
|    time_elapsed    | 8790      |
|    total_timesteps | 910000    |
| train/             |           |
|    actor_loss      | 9.33e+04  |
|    critic_loss     | 1.31e+03  |
|    ent_coef        | 21.9      |
|    ent_coef_loss   | -4.67     |
|    learning_rate   | 0.0064    |
|    n_updates       | 227474    |
----------------------------------
----------------------------------
| rollout/           |           |
|    ep_len_mean     | 5.2       |
|    ep_rew_mean     | -1.06e+05 |
| time/              |           |
|    episodes        | 191434    |
|    fps             | 103       |
|    time_elapsed    | 8864      |
|    total_timesteps | 920000    |
| train/             |           |
|    actor_loss      | 9.42e+04  |
|    critic_loss     | 856       |
|    ent_coef        | 22.3      |
|    ent_coef_loss   | 5.68      |
|    learning_rate   | 0.0064    |
|    n_updates       | 229974    |
----------------------------------
----------------------------------
| rollout/           |           |
|    ep_len_mean     | 5.22      |
|    ep_rew_mean     | -1.15e+05 |
| time/              |           |
|    episodes        | 193380    |
|    fps             | 104       |
|    time_elapsed    | 8938      |
|    total_timesteps | 930000    |
| train/             |           |
|    actor_loss      | 9.25e+04  |
|    critic_loss     | 810       |
|    ent_coef        | 20.6      |
|    ent_coef_loss   | -0.772    |
|    learning_rate   | 0.0064    |
|    n_updates       | 232474    |
----------------------------------
----------------------------------
| rollout/           |           |
|    ep_len_mean     | 5.13      |
|    ep_rew_mean     | -1.13e+05 |
| time/              |           |
|    episodes        | 195311    |
|    fps             | 104       |
|    time_elapsed    | 9011      |
|    total_timesteps | 940000    |
| train/             |           |
|    actor_loss      | 9.42e+04  |
|    critic_loss     | 1.3e+03   |
|    ent_coef        | 20.6      |
|    ent_coef_loss   | -6.85     |
|    learning_rate   | 0.0064    |
|    n_updates       | 234974    |
----------------------------------
----------------------------------
| rollout/           |           |
|    ep_len_mean     | 5.11      |
|    ep_rew_mean     | -1.08e+05 |
| time/              |           |
|    episodes        | 197307    |
|    fps             | 104       |
|    time_elapsed    | 9085      |
|    total_timesteps | 950000    |
| train/             |           |
|    actor_loss      | 9.35e+04  |
|    critic_loss     | 1.26e+03  |
|    ent_coef        | 24.9      |
|    ent_coef_loss   | -6.23     |
|    learning_rate   | 0.0064    |
|    n_updates       | 237474    |
----------------------------------
----------------------------------
| rollout/           |           |
|    ep_len_mean     | 4.83      |
|    ep_rew_mean     | -1.12e+05 |
| time/              |           |
|    episodes        | 199367    |
|    fps             | 104       |
|    time_elapsed    | 9157      |
|    total_timesteps | 960000    |
| train/             |           |
|    actor_loss      | 9.28e+04  |
|    critic_loss     | 1.2e+03   |
|    ent_coef        | 22.9      |
|    ent_coef_loss   | -0.477    |
|    learning_rate   | 0.0064    |
|    n_updates       | 239974    |
----------------------------------
----------------------------------
| rollout/           |           |
|    ep_len_mean     | 5.24      |
|    ep_rew_mean     | -1.16e+05 |
| time/              |           |
|    episodes        | 201344    |
|    fps             | 105       |
|    time_elapsed    | 9237      |
|    total_timesteps | 970000    |
| train/             |           |
|    actor_loss      | 9.38e+04  |
|    critic_loss     | 1.25e+03  |
|    ent_coef        | 22.8      |
|    ent_coef_loss   | 3.36      |
|    learning_rate   | 0.0064    |
|    n_updates       | 242474    |
----------------------------------
----------------------------------
| rollout/           |           |
|    ep_len_mean     | 4.78      |
|    ep_rew_mean     | -1.13e+05 |
| time/              |           |
|    episodes        | 202947    |
|    fps             | 105       |
|    time_elapsed    | 9317      |
|    total_timesteps | 980000    |
| train/             |           |
|    actor_loss      | 9.68e+04  |
|    critic_loss     | 1.96e+03  |
|    ent_coef        | 28.6      |
|    ent_coef_loss   | -2.36     |
|    learning_rate   | 0.0064    |
|    n_updates       | 244974    |
----------------------------------
----------------------------------
| rollout/           |           |
|    ep_len_mean     | 5.2       |
|    ep_rew_mean     | -1.04e+05 |
| time/              |           |
|    episodes        | 204968    |
|    fps             | 105       |
|    time_elapsed    | 9395      |
|    total_timesteps | 990000    |
| train/             |           |
|    actor_loss      | 1.01e+05  |
|    critic_loss     | 1.11e+03  |
|    ent_coef        | 25.9      |
|    ent_coef_loss   | -1.95     |
|    learning_rate   | 0.0064    |
|    n_updates       | 247474    |
----------------------------------
----------------------------------
| rollout/           |           |
|    ep_len_mean     | 7.06      |
|    ep_rew_mean     | -1.79e+05 |
| time/              |           |
|    episodes        | 206753    |
|    fps             | 105       |
|    time_elapsed    | 9476      |
|    total_timesteps | 1000000   |
| train/             |           |
|    actor_loss      | 1.07e+05  |
|    critic_loss     | 2.76e+03  |
|    ent_coef        | 42.4      |
|    ent_coef_loss   | 2.27      |
|    learning_rate   | 0.0064    |
|    n_updates       | 249974    |
----------------------------------
Training ended on Wed Jan 28 13:19:02 2026
Training lasted 2:37:56.474550
