Logging to training_random_logs/4_robots/logs/TQC_set8
Using cpu device
Training started on Wed Jan 28 10:41:06 2026
Experiment configuration: {'algorithm': 'TQC', 'set': 8, 'verbose': 1, 'steps': 1000000, 'num_robots': 4, 'num_envs': 4, 'seed': 33, 'log_steps': 10000, 'resume': False, 'device': 'cpu'}
----------------------------------
| rollout/           |           |
|    ep_len_mean     | 55.3      |
|    ep_rew_mean     | -8.73e+05 |
| time/              |           |
|    episodes        | 188       |
|    fps             | 105       |
|    time_elapsed    | 94        |
|    total_timesteps | 10000     |
| train/             |           |
|    actor_loss      | 1.24e+05  |
|    critic_loss     | 3.25e+03  |
|    ent_coef        | 60.6      |
|    ent_coef_loss   | 4.95      |
|    learning_rate   | 0.0064    |
|    n_updates       | 2474      |
----------------------------------
----------------------------------
| rollout/           |           |
|    ep_len_mean     | 11.9      |
|    ep_rew_mean     | -2.11e+05 |
| time/              |           |
|    episodes        | 776       |
|    fps             | 106       |
|    time_elapsed    | 187       |
|    total_timesteps | 20000     |
| train/             |           |
|    actor_loss      | 1.35e+05  |
|    critic_loss     | 2.6e+03   |
|    ent_coef        | 51.6      |
|    ent_coef_loss   | 1.24      |
|    learning_rate   | 0.0064    |
|    n_updates       | 4974      |
----------------------------------
----------------------------------
| rollout/           |           |
|    ep_len_mean     | 12.1      |
|    ep_rew_mean     | -2.22e+05 |
| time/              |           |
|    episodes        | 1997      |
|    fps             | 106       |
|    time_elapsed    | 281       |
|    total_timesteps | 30000     |
| train/             |           |
|    actor_loss      | 1.25e+05  |
|    critic_loss     | 2.17e+03  |
|    ent_coef        | 44.2      |
|    ent_coef_loss   | 0.96      |
|    learning_rate   | 0.0064    |
|    n_updates       | 7474      |
----------------------------------
----------------------------------
| rollout/           |           |
|    ep_len_mean     | 5.5       |
|    ep_rew_mean     | -1.39e+05 |
| time/              |           |
|    episodes        | 3179      |
|    fps             | 106       |
|    time_elapsed    | 376       |
|    total_timesteps | 40000     |
| train/             |           |
|    actor_loss      | 1.21e+05  |
|    critic_loss     | 1.88e+03  |
|    ent_coef        | 36.1      |
|    ent_coef_loss   | -2.02     |
|    learning_rate   | 0.0064    |
|    n_updates       | 9974      |
----------------------------------
----------------------------------
| rollout/           |           |
|    ep_len_mean     | 5.51      |
|    ep_rew_mean     | -1.39e+05 |
| time/              |           |
|    episodes        | 5013      |
|    fps             | 106       |
|    time_elapsed    | 468       |
|    total_timesteps | 50000     |
| train/             |           |
|    actor_loss      | 1.18e+05  |
|    critic_loss     | 1.67e+03  |
|    ent_coef        | 33.2      |
|    ent_coef_loss   | -5.09     |
|    learning_rate   | 0.0064    |
|    n_updates       | 12474     |
----------------------------------
----------------------------------
| rollout/           |           |
|    ep_len_mean     | 5.38      |
|    ep_rew_mean     | -1.37e+05 |
| time/              |           |
|    episodes        | 6664      |
|    fps             | 106       |
|    time_elapsed    | 561       |
|    total_timesteps | 60000     |
| train/             |           |
|    actor_loss      | 1.17e+05  |
|    critic_loss     | 1.54e+03  |
|    ent_coef        | 31.1      |
|    ent_coef_loss   | -3.91     |
|    learning_rate   | 0.0064    |
|    n_updates       | 14974     |
----------------------------------
----------------------------------
| rollout/           |           |
|    ep_len_mean     | 5.01      |
|    ep_rew_mean     | -1.33e+05 |
| time/              |           |
|    episodes        | 8622      |
|    fps             | 107       |
|    time_elapsed    | 653       |
|    total_timesteps | 70000     |
| train/             |           |
|    actor_loss      | 1.12e+05  |
|    critic_loss     | 1.11e+03  |
|    ent_coef        | 27.8      |
|    ent_coef_loss   | -0.42     |
|    learning_rate   | 0.0064    |
|    n_updates       | 17474     |
----------------------------------
----------------------------------
| rollout/           |           |
|    ep_len_mean     | 5.04      |
|    ep_rew_mean     | -1.33e+05 |
| time/              |           |
|    episodes        | 10606     |
|    fps             | 106       |
|    time_elapsed    | 749       |
|    total_timesteps | 80000     |
| train/             |           |
|    actor_loss      | 1.08e+05  |
|    critic_loss     | 728       |
|    ent_coef        | 19.4      |
|    ent_coef_loss   | 0.0927    |
|    learning_rate   | 0.0064    |
|    n_updates       | 19974     |
----------------------------------
----------------------------------
| rollout/           |           |
|    ep_len_mean     | 5         |
|    ep_rew_mean     | -1.33e+05 |
| time/              |           |
|    episodes        | 12470     |
|    fps             | 106       |
|    time_elapsed    | 843       |
|    total_timesteps | 90000     |
| train/             |           |
|    actor_loss      | 1.06e+05  |
|    critic_loss     | 552       |
|    ent_coef        | 16.7      |
|    ent_coef_loss   | 0.258     |
|    learning_rate   | 0.0064    |
|    n_updates       | 22474     |
----------------------------------
----------------------------------
| rollout/           |           |
|    ep_len_mean     | 5         |
|    ep_rew_mean     | -1.33e+05 |
| time/              |           |
|    episodes        | 14442     |
|    fps             | 106       |
|    time_elapsed    | 941       |
|    total_timesteps | 100000    |
| train/             |           |
|    actor_loss      | 1.05e+05  |
|    critic_loss     | 433       |
|    ent_coef        | 14.4      |
|    ent_coef_loss   | 1.5       |
|    learning_rate   | 0.0064    |
|    n_updates       | 24974     |
----------------------------------
----------------------------------
| rollout/           |           |
|    ep_len_mean     | 5.03      |
|    ep_rew_mean     | -1.33e+05 |
| time/              |           |
|    episodes        | 16372     |
|    fps             | 106       |
|    time_elapsed    | 1037      |
|    total_timesteps | 110000    |
| train/             |           |
|    actor_loss      | 1.04e+05  |
|    critic_loss     | 293       |
|    ent_coef        | 10.3      |
|    ent_coef_loss   | 0.138     |
|    learning_rate   | 0.0064    |
|    n_updates       | 27474     |
----------------------------------
----------------------------------
| rollout/           |           |
|    ep_len_mean     | 5.05      |
|    ep_rew_mean     | -1.33e+05 |
| time/              |           |
|    episodes        | 18304     |
|    fps             | 106       |
|    time_elapsed    | 1128      |
|    total_timesteps | 120000    |
| train/             |           |
|    actor_loss      | 1.04e+05  |
|    critic_loss     | 256       |
|    ent_coef        | 8.79      |
|    ent_coef_loss   | -1.2      |
|    learning_rate   | 0.0064    |
|    n_updates       | 29974     |
----------------------------------
----------------------------------
| rollout/           |           |
|    ep_len_mean     | 5         |
|    ep_rew_mean     | -1.33e+05 |
| time/              |           |
|    episodes        | 20270     |
|    fps             | 106       |
|    time_elapsed    | 1226      |
|    total_timesteps | 130000    |
| train/             |           |
|    actor_loss      | 1.04e+05  |
|    critic_loss     | 227       |
|    ent_coef        | 8.18      |
|    ent_coef_loss   | 1.53      |
|    learning_rate   | 0.0064    |
|    n_updates       | 32474     |
----------------------------------
----------------------------------
| rollout/           |           |
|    ep_len_mean     | 5         |
|    ep_rew_mean     | -1.33e+05 |
| time/              |           |
|    episodes        | 22255     |
|    fps             | 106       |
|    time_elapsed    | 1317      |
|    total_timesteps | 140000    |
| train/             |           |
|    actor_loss      | 1.04e+05  |
|    critic_loss     | 263       |
|    ent_coef        | 7.52      |
|    ent_coef_loss   | -0.515    |
|    learning_rate   | 0.0064    |
|    n_updates       | 34974     |
----------------------------------
----------------------------------
| rollout/           |           |
|    ep_len_mean     | 5.01      |
|    ep_rew_mean     | -1.33e+05 |
| time/              |           |
|    episodes        | 24245     |
|    fps             | 106       |
|    time_elapsed    | 1408      |
|    total_timesteps | 150000    |
| train/             |           |
|    actor_loss      | 1.03e+05  |
|    critic_loss     | 168       |
|    ent_coef        | 5.83      |
|    ent_coef_loss   | -0.753    |
|    learning_rate   | 0.0064    |
|    n_updates       | 37474     |
----------------------------------
----------------------------------
| rollout/           |           |
|    ep_len_mean     | 5         |
|    ep_rew_mean     | -1.33e+05 |
| time/              |           |
|    episodes        | 26202     |
|    fps             | 106       |
|    time_elapsed    | 1506      |
|    total_timesteps | 160000    |
| train/             |           |
|    actor_loss      | 1.03e+05  |
|    critic_loss     | 174       |
|    ent_coef        | 5.68      |
|    ent_coef_loss   | -1.98     |
|    learning_rate   | 0.0064    |
|    n_updates       | 39974     |
----------------------------------
----------------------------------
| rollout/           |           |
|    ep_len_mean     | 6.05      |
|    ep_rew_mean     | -1.43e+05 |
| time/              |           |
|    episodes        | 28026     |
|    fps             | 106       |
|    time_elapsed    | 1595      |
|    total_timesteps | 170000    |
| train/             |           |
|    actor_loss      | 1.04e+05  |
|    critic_loss     | 201       |
|    ent_coef        | 5.97      |
|    ent_coef_loss   | 1.66      |
|    learning_rate   | 0.0064    |
|    n_updates       | 42474     |
----------------------------------
----------------------------------
| rollout/           |           |
|    ep_len_mean     | 5.49      |
|    ep_rew_mean     | -1.38e+05 |
| time/              |           |
|    episodes        | 29779     |
|    fps             | 106       |
|    time_elapsed    | 1687      |
|    total_timesteps | 180000    |
| train/             |           |
|    actor_loss      | 1.04e+05  |
|    critic_loss     | 217       |
|    ent_coef        | 6.16      |
|    ent_coef_loss   | 0.525     |
|    learning_rate   | 0.0064    |
|    n_updates       | 44974     |
----------------------------------
----------------------------------
| rollout/           |           |
|    ep_len_mean     | 5         |
|    ep_rew_mean     | -1.33e+05 |
| time/              |           |
|    episodes        | 31532     |
|    fps             | 106       |
|    time_elapsed    | 1778      |
|    total_timesteps | 190000    |
| train/             |           |
|    actor_loss      | 1.05e+05  |
|    critic_loss     | 279       |
|    ent_coef        | 7.61      |
|    ent_coef_loss   | 1.21      |
|    learning_rate   | 0.0064    |
|    n_updates       | 47474     |
----------------------------------
----------------------------------
| rollout/           |           |
|    ep_len_mean     | 5.16      |
|    ep_rew_mean     | -1.34e+05 |
| time/              |           |
|    episodes        | 33312     |
|    fps             | 106       |
|    time_elapsed    | 1869      |
|    total_timesteps | 200000    |
| train/             |           |
|    actor_loss      | 1.04e+05  |
|    critic_loss     | 219       |
|    ent_coef        | 6.71      |
|    ent_coef_loss   | -0.0937   |
|    learning_rate   | 0.0064    |
|    n_updates       | 49974     |
----------------------------------
----------------------------------
| rollout/           |           |
|    ep_len_mean     | 5.13      |
|    ep_rew_mean     | -1.34e+05 |
| time/              |           |
|    episodes        | 35173     |
|    fps             | 107       |
|    time_elapsed    | 1960      |
|    total_timesteps | 210000    |
| train/             |           |
|    actor_loss      | 1.04e+05  |
|    critic_loss     | 369       |
|    ent_coef        | 7.07      |
|    ent_coef_loss   | -1.27     |
|    learning_rate   | 0.0064    |
|    n_updates       | 52474     |
----------------------------------
----------------------------------
| rollout/           |           |
|    ep_len_mean     | 5.06      |
|    ep_rew_mean     | -1.33e+05 |
| time/              |           |
|    episodes        | 37050     |
|    fps             | 107       |
|    time_elapsed    | 2052      |
|    total_timesteps | 220000    |
| train/             |           |
|    actor_loss      | 1.04e+05  |
|    critic_loss     | 318       |
|    ent_coef        | 8.13      |
|    ent_coef_loss   | 1.61      |
|    learning_rate   | 0.0064    |
|    n_updates       | 54974     |
----------------------------------
----------------------------------
| rollout/           |           |
|    ep_len_mean     | 5         |
|    ep_rew_mean     | -1.33e+05 |
| time/              |           |
|    episodes        | 39006     |
|    fps             | 107       |
|    time_elapsed    | 2144      |
|    total_timesteps | 230000    |
| train/             |           |
|    actor_loss      | 1.05e+05  |
|    critic_loss     | 437       |
|    ent_coef        | 7.24      |
|    ent_coef_loss   | -4.51     |
|    learning_rate   | 0.0064    |
|    n_updates       | 57474     |
----------------------------------
----------------------------------
| rollout/           |           |
|    ep_len_mean     | 5.09      |
|    ep_rew_mean     | -1.34e+05 |
| time/              |           |
|    episodes        | 40982     |
|    fps             | 107       |
|    time_elapsed    | 2237      |
|    total_timesteps | 240000    |
| train/             |           |
|    actor_loss      | 1.04e+05  |
|    critic_loss     | 326       |
|    ent_coef        | 6.93      |
|    ent_coef_loss   | 0.756     |
|    learning_rate   | 0.0064    |
|    n_updates       | 59974     |
----------------------------------
----------------------------------
| rollout/           |           |
|    ep_len_mean     | 5.23      |
|    ep_rew_mean     | -1.35e+05 |
| time/              |           |
|    episodes        | 42943     |
|    fps             | 107       |
|    time_elapsed    | 2329      |
|    total_timesteps | 250000    |
| train/             |           |
|    actor_loss      | 1.03e+05  |
|    critic_loss     | 209       |
|    ent_coef        | 5.92      |
|    ent_coef_loss   | -1.07     |
|    learning_rate   | 0.0064    |
|    n_updates       | 62474     |
----------------------------------
----------------------------------
| rollout/           |           |
|    ep_len_mean     | 5.09      |
|    ep_rew_mean     | -1.34e+05 |
| time/              |           |
|    episodes        | 44834     |
|    fps             | 107       |
|    time_elapsed    | 2423      |
|    total_timesteps | 260000    |
| train/             |           |
|    actor_loss      | 1.04e+05  |
|    critic_loss     | 238       |
|    ent_coef        | 5.2       |
|    ent_coef_loss   | -2.01     |
|    learning_rate   | 0.0064    |
|    n_updates       | 64974     |
----------------------------------
----------------------------------
| rollout/           |           |
|    ep_len_mean     | 5.26      |
|    ep_rew_mean     | -1.34e+05 |
| time/              |           |
|    episodes        | 46791     |
|    fps             | 107       |
|    time_elapsed    | 2518      |
|    total_timesteps | 270000    |
| train/             |           |
|    actor_loss      | 1.03e+05  |
|    critic_loss     | 167       |
|    ent_coef        | 4.68      |
|    ent_coef_loss   | 1.01      |
|    learning_rate   | 0.0064    |
|    n_updates       | 67474     |
----------------------------------
----------------------------------
| rollout/           |           |
|    ep_len_mean     | 5.33      |
|    ep_rew_mean     | -1.35e+05 |
| time/              |           |
|    episodes        | 48685     |
|    fps             | 107       |
|    time_elapsed    | 2613      |
|    total_timesteps | 280000    |
| train/             |           |
|    actor_loss      | 1.04e+05  |
|    critic_loss     | 161       |
|    ent_coef        | 4.54      |
|    ent_coef_loss   | -1.48     |
|    learning_rate   | 0.0064    |
|    n_updates       | 69974     |
----------------------------------
----------------------------------
| rollout/           |           |
|    ep_len_mean     | 5.51      |
|    ep_rew_mean     | -1.37e+05 |
| time/              |           |
|    episodes        | 50552     |
|    fps             | 106       |
|    time_elapsed    | 2710      |
|    total_timesteps | 290000    |
| train/             |           |
|    actor_loss      | 1.03e+05  |
|    critic_loss     | 118       |
|    ent_coef        | 4.54      |
|    ent_coef_loss   | 2.01      |
|    learning_rate   | 0.0064    |
|    n_updates       | 72474     |
----------------------------------
----------------------------------
| rollout/           |           |
|    ep_len_mean     | 5.05      |
|    ep_rew_mean     | -1.33e+05 |
| time/              |           |
|    episodes        | 52459     |
|    fps             | 106       |
|    time_elapsed    | 2807      |
|    total_timesteps | 300000    |
| train/             |           |
|    actor_loss      | 1.03e+05  |
|    critic_loss     | 122       |
|    ent_coef        | 4.48      |
|    ent_coef_loss   | 0.343     |
|    learning_rate   | 0.0064    |
|    n_updates       | 74974     |
----------------------------------
----------------------------------
| rollout/           |           |
|    ep_len_mean     | 5         |
|    ep_rew_mean     | -1.33e+05 |
| time/              |           |
|    episodes        | 54442     |
|    fps             | 106       |
|    time_elapsed    | 2905      |
|    total_timesteps | 310000    |
| train/             |           |
|    actor_loss      | 1.03e+05  |
|    critic_loss     | 155       |
|    ent_coef        | 4.4       |
|    ent_coef_loss   | -0.223    |
|    learning_rate   | 0.0064    |
|    n_updates       | 77474     |
----------------------------------
----------------------------------
| rollout/           |           |
|    ep_len_mean     | 5.35      |
|    ep_rew_mean     | -1.36e+05 |
| time/              |           |
|    episodes        | 56366     |
|    fps             | 106       |
|    time_elapsed    | 3004      |
|    total_timesteps | 320000    |
| train/             |           |
|    actor_loss      | 1.03e+05  |
|    critic_loss     | 239       |
|    ent_coef        | 4.18      |
|    ent_coef_loss   | 1.58      |
|    learning_rate   | 0.0064    |
|    n_updates       | 79974     |
----------------------------------
----------------------------------
| rollout/           |           |
|    ep_len_mean     | 5.09      |
|    ep_rew_mean     | -1.33e+05 |
| time/              |           |
|    episodes        | 58261     |
|    fps             | 106       |
|    time_elapsed    | 3103      |
|    total_timesteps | 330000    |
| train/             |           |
|    actor_loss      | 1.04e+05  |
|    critic_loss     | 195       |
|    ent_coef        | 4.16      |
|    ent_coef_loss   | -2.94     |
|    learning_rate   | 0.0064    |
|    n_updates       | 82474     |
----------------------------------
----------------------------------
| rollout/           |           |
|    ep_len_mean     | 5.22      |
|    ep_rew_mean     | -1.35e+05 |
| time/              |           |
|    episodes        | 60101     |
|    fps             | 106       |
|    time_elapsed    | 3203      |
|    total_timesteps | 340000    |
| train/             |           |
|    actor_loss      | 1.03e+05  |
|    critic_loss     | 222       |
|    ent_coef        | 4.87      |
|    ent_coef_loss   | 0.805     |
|    learning_rate   | 0.0064    |
|    n_updates       | 84974     |
----------------------------------
----------------------------------
| rollout/           |           |
|    ep_len_mean     | 5.33      |
|    ep_rew_mean     | -1.36e+05 |
| time/              |           |
|    episodes        | 61999     |
|    fps             | 105       |
|    time_elapsed    | 3303      |
|    total_timesteps | 350000    |
| train/             |           |
|    actor_loss      | 1.03e+05  |
|    critic_loss     | 177       |
|    ent_coef        | 4.74      |
|    ent_coef_loss   | 0.891     |
|    learning_rate   | 0.0064    |
|    n_updates       | 87474     |
----------------------------------
----------------------------------
| rollout/           |           |
|    ep_len_mean     | 5.07      |
|    ep_rew_mean     | -1.33e+05 |
| time/              |           |
|    episodes        | 63949     |
|    fps             | 105       |
|    time_elapsed    | 3403      |
|    total_timesteps | 360000    |
| train/             |           |
|    actor_loss      | 1.04e+05  |
|    critic_loss     | 204       |
|    ent_coef        | 4.93      |
|    ent_coef_loss   | 0.118     |
|    learning_rate   | 0.0064    |
|    n_updates       | 89974     |
----------------------------------
----------------------------------
| rollout/           |           |
|    ep_len_mean     | 5.14      |
|    ep_rew_mean     | -1.34e+05 |
| time/              |           |
|    episodes        | 65909     |
|    fps             | 105       |
|    time_elapsed    | 3503      |
|    total_timesteps | 370000    |
| train/             |           |
|    actor_loss      | 1.03e+05  |
|    critic_loss     | 130       |
|    ent_coef        | 4.15      |
|    ent_coef_loss   | 2.11      |
|    learning_rate   | 0.0064    |
|    n_updates       | 92474     |
----------------------------------
----------------------------------
| rollout/           |           |
|    ep_len_mean     | 5.06      |
|    ep_rew_mean     | -1.33e+05 |
| time/              |           |
|    episodes        | 67851     |
|    fps             | 105       |
|    time_elapsed    | 3604      |
|    total_timesteps | 380000    |
| train/             |           |
|    actor_loss      | 1.03e+05  |
|    critic_loss     | 144       |
|    ent_coef        | 4.08      |
|    ent_coef_loss   | -0.702    |
|    learning_rate   | 0.0064    |
|    n_updates       | 94974     |
----------------------------------
----------------------------------
| rollout/           |           |
|    ep_len_mean     | 5.09      |
|    ep_rew_mean     | -1.33e+05 |
| time/              |           |
|    episodes        | 69811     |
|    fps             | 105       |
|    time_elapsed    | 3704      |
|    total_timesteps | 390000    |
| train/             |           |
|    actor_loss      | 1.03e+05  |
|    critic_loss     | 173       |
|    ent_coef        | 4.01      |
|    ent_coef_loss   | -0.515    |
|    learning_rate   | 0.0064    |
|    n_updates       | 97474     |
----------------------------------
----------------------------------
| rollout/           |           |
|    ep_len_mean     | 5.26      |
|    ep_rew_mean     | -1.35e+05 |
| time/              |           |
|    episodes        | 71760     |
|    fps             | 105       |
|    time_elapsed    | 3803      |
|    total_timesteps | 400000    |
| train/             |           |
|    actor_loss      | 1.04e+05  |
|    critic_loss     | 146       |
|    ent_coef        | 3.51      |
|    ent_coef_loss   | -0.075    |
|    learning_rate   | 0.0064    |
|    n_updates       | 99974     |
----------------------------------
----------------------------------
| rollout/           |           |
|    ep_len_mean     | 5.03      |
|    ep_rew_mean     | -1.33e+05 |
| time/              |           |
|    episodes        | 73705     |
|    fps             | 105       |
|    time_elapsed    | 3903      |
|    total_timesteps | 410000    |
| train/             |           |
|    actor_loss      | 1.03e+05  |
|    critic_loss     | 96.7      |
|    ent_coef        | 3.41      |
|    ent_coef_loss   | 0.896     |
|    learning_rate   | 0.0064    |
|    n_updates       | 102474    |
----------------------------------
----------------------------------
| rollout/           |           |
|    ep_len_mean     | 5.11      |
|    ep_rew_mean     | -1.34e+05 |
| time/              |           |
|    episodes        | 75624     |
|    fps             | 104       |
|    time_elapsed    | 4004      |
|    total_timesteps | 420000    |
| train/             |           |
|    actor_loss      | 1.03e+05  |
|    critic_loss     | 112       |
|    ent_coef        | 3.88      |
|    ent_coef_loss   | 0.649     |
|    learning_rate   | 0.0064    |
|    n_updates       | 104974    |
----------------------------------
----------------------------------
| rollout/           |           |
|    ep_len_mean     | 5.21      |
|    ep_rew_mean     | -1.35e+05 |
| time/              |           |
|    episodes        | 77495     |
|    fps             | 104       |
|    time_elapsed    | 4104      |
|    total_timesteps | 430000    |
| train/             |           |
|    actor_loss      | 1.03e+05  |
|    critic_loss     | 191       |
|    ent_coef        | 4.52      |
|    ent_coef_loss   | 1.48      |
|    learning_rate   | 0.0064    |
|    n_updates       | 107474    |
----------------------------------
----------------------------------
| rollout/           |           |
|    ep_len_mean     | 5         |
|    ep_rew_mean     | -1.33e+05 |
| time/              |           |
|    episodes        | 79433     |
|    fps             | 104       |
|    time_elapsed    | 4204      |
|    total_timesteps | 440000    |
| train/             |           |
|    actor_loss      | 1.04e+05  |
|    critic_loss     | 338       |
|    ent_coef        | 4.52      |
|    ent_coef_loss   | -1.03     |
|    learning_rate   | 0.0064    |
|    n_updates       | 109974    |
----------------------------------
----------------------------------
| rollout/           |           |
|    ep_len_mean     | 5.91      |
|    ep_rew_mean     | -1.43e+05 |
| time/              |           |
|    episodes        | 81289     |
|    fps             | 104       |
|    time_elapsed    | 4304      |
|    total_timesteps | 450000    |
| train/             |           |
|    actor_loss      | 1.04e+05  |
|    critic_loss     | 163       |
|    ent_coef        | 5.14      |
|    ent_coef_loss   | 2.38      |
|    learning_rate   | 0.0064    |
|    n_updates       | 112474    |
----------------------------------
----------------------------------
| rollout/           |           |
|    ep_len_mean     | 5.03      |
|    ep_rew_mean     | -1.33e+05 |
| time/              |           |
|    episodes        | 83243     |
|    fps             | 104       |
|    time_elapsed    | 4404      |
|    total_timesteps | 460000    |
| train/             |           |
|    actor_loss      | 1.03e+05  |
|    critic_loss     | 119       |
|    ent_coef        | 4.75      |
|    ent_coef_loss   | 1.94      |
|    learning_rate   | 0.0064    |
|    n_updates       | 114974    |
----------------------------------
----------------------------------
| rollout/           |           |
|    ep_len_mean     | 5.53      |
|    ep_rew_mean     | -1.38e+05 |
| time/              |           |
|    episodes        | 85121     |
|    fps             | 104       |
|    time_elapsed    | 4505      |
|    total_timesteps | 470000    |
| train/             |           |
|    actor_loss      | 1.03e+05  |
|    critic_loss     | 264       |
|    ent_coef        | 6.43      |
|    ent_coef_loss   | 3.56      |
|    learning_rate   | 0.0064    |
|    n_updates       | 117474    |
----------------------------------
----------------------------------
| rollout/           |           |
|    ep_len_mean     | 5.29      |
|    ep_rew_mean     | -1.35e+05 |
| time/              |           |
|    episodes        | 87002     |
|    fps             | 104       |
|    time_elapsed    | 4604      |
|    total_timesteps | 480000    |
| train/             |           |
|    actor_loss      | 1.04e+05  |
|    critic_loss     | 268       |
|    ent_coef        | 6.67      |
|    ent_coef_loss   | 2.28      |
|    learning_rate   | 0.0064    |
|    n_updates       | 119974    |
----------------------------------
----------------------------------
| rollout/           |           |
|    ep_len_mean     | 5.16      |
|    ep_rew_mean     | -1.34e+05 |
| time/              |           |
|    episodes        | 88874     |
|    fps             | 104       |
|    time_elapsed    | 4705      |
|    total_timesteps | 490000    |
| train/             |           |
|    actor_loss      | 1.04e+05  |
|    critic_loss     | 293       |
|    ent_coef        | 6.33      |
|    ent_coef_loss   | -0.262    |
|    learning_rate   | 0.0064    |
|    n_updates       | 122474    |
----------------------------------
----------------------------------
| rollout/           |           |
|    ep_len_mean     | 5.12      |
|    ep_rew_mean     | -1.34e+05 |
| time/              |           |
|    episodes        | 90793     |
|    fps             | 104       |
|    time_elapsed    | 4805      |
|    total_timesteps | 500000    |
| train/             |           |
|    actor_loss      | 1.04e+05  |
|    critic_loss     | 230       |
|    ent_coef        | 5.78      |
|    ent_coef_loss   | 1.44      |
|    learning_rate   | 0.0064    |
|    n_updates       | 124974    |
----------------------------------
----------------------------------
| rollout/           |           |
|    ep_len_mean     | 5.53      |
|    ep_rew_mean     | -1.37e+05 |
| time/              |           |
|    episodes        | 92635     |
|    fps             | 103       |
|    time_elapsed    | 4908      |
|    total_timesteps | 510000    |
| train/             |           |
|    actor_loss      | 1.05e+05  |
|    critic_loss     | 286       |
|    ent_coef        | 7.25      |
|    ent_coef_loss   | -5.79     |
|    learning_rate   | 0.0064    |
|    n_updates       | 127474    |
----------------------------------
----------------------------------
| rollout/           |           |
|    ep_len_mean     | 5.23      |
|    ep_rew_mean     | -1.35e+05 |
| time/              |           |
|    episodes        | 94550     |
|    fps             | 103       |
|    time_elapsed    | 5013      |
|    total_timesteps | 520000    |
| train/             |           |
|    actor_loss      | 1.03e+05  |
|    critic_loss     | 256       |
|    ent_coef        | 5.86      |
|    ent_coef_loss   | 1.64      |
|    learning_rate   | 0.0064    |
|    n_updates       | 129974    |
----------------------------------
----------------------------------
| rollout/           |           |
|    ep_len_mean     | 5.03      |
|    ep_rew_mean     | -1.33e+05 |
| time/              |           |
|    episodes        | 96404     |
|    fps             | 103       |
|    time_elapsed    | 5118      |
|    total_timesteps | 530000    |
| train/             |           |
|    actor_loss      | 1.04e+05  |
|    critic_loss     | 189       |
|    ent_coef        | 5.82      |
|    ent_coef_loss   | 0.267     |
|    learning_rate   | 0.0064    |
|    n_updates       | 132474    |
----------------------------------
----------------------------------
| rollout/           |           |
|    ep_len_mean     | 5.23      |
|    ep_rew_mean     | -1.34e+05 |
| time/              |           |
|    episodes        | 98315     |
|    fps             | 103       |
|    time_elapsed    | 5220      |
|    total_timesteps | 540000    |
| train/             |           |
|    actor_loss      | 1.03e+05  |
|    critic_loss     | 286       |
|    ent_coef        | 5.92      |
|    ent_coef_loss   | -0.839    |
|    learning_rate   | 0.0064    |
|    n_updates       | 134974    |
----------------------------------
----------------------------------
| rollout/           |           |
|    ep_len_mean     | 5.41      |
|    ep_rew_mean     | -1.35e+05 |
| time/              |           |
|    episodes        | 100182    |
|    fps             | 103       |
|    time_elapsed    | 5331      |
|    total_timesteps | 550000    |
| train/             |           |
|    actor_loss      | 1.03e+05  |
|    critic_loss     | 128       |
|    ent_coef        | 4.84      |
|    ent_coef_loss   | 3.53      |
|    learning_rate   | 0.0064    |
|    n_updates       | 137474    |
----------------------------------
----------------------------------
| rollout/           |           |
|    ep_len_mean     | 7.13      |
|    ep_rew_mean     | -1.62e+05 |
| time/              |           |
|    episodes        | 101747    |
|    fps             | 102       |
|    time_elapsed    | 5440      |
|    total_timesteps | 560000    |
| train/             |           |
|    actor_loss      | 1.04e+05  |
|    critic_loss     | 303       |
|    ent_coef        | 6.96      |
|    ent_coef_loss   | 2.9       |
|    learning_rate   | 0.0064    |
|    n_updates       | 139974    |
----------------------------------
----------------------------------
| rollout/           |           |
|    ep_len_mean     | 6.42      |
|    ep_rew_mean     | -1.43e+05 |
| time/              |           |
|    episodes        | 103367    |
|    fps             | 102       |
|    time_elapsed    | 5545      |
|    total_timesteps | 570000    |
| train/             |           |
|    actor_loss      | 1.03e+05  |
|    critic_loss     | 167       |
|    ent_coef        | 7.37      |
|    ent_coef_loss   | 8.57      |
|    learning_rate   | 0.0064    |
|    n_updates       | 142474    |
----------------------------------
----------------------------------
| rollout/           |           |
|    ep_len_mean     | 6.05      |
|    ep_rew_mean     | -1.39e+05 |
| time/              |           |
|    episodes        | 104926    |
|    fps             | 102       |
|    time_elapsed    | 5653      |
|    total_timesteps | 580000    |
| train/             |           |
|    actor_loss      | 1.04e+05  |
|    critic_loss     | 274       |
|    ent_coef        | 7.65      |
|    ent_coef_loss   | 2.55      |
|    learning_rate   | 0.0064    |
|    n_updates       | 144974    |
----------------------------------
---------------------------------
| rollout/           |          |
|    ep_len_mean     | 6.09     |
|    ep_rew_mean     | -1.4e+05 |
| time/              |          |
|    episodes        | 106419   |
|    fps             | 102      |
|    time_elapsed    | 5763     |
|    total_timesteps | 590000   |
| train/             |          |
|    actor_loss      | 1.05e+05 |
|    critic_loss     | 414      |
|    ent_coef        | 7.56     |
|    ent_coef_loss   | -0.0718  |
|    learning_rate   | 0.0064   |
|    n_updates       | 147474   |
---------------------------------
----------------------------------
| rollout/           |           |
|    ep_len_mean     | 8.35      |
|    ep_rew_mean     | -1.73e+05 |
| time/              |           |
|    episodes        | 107672    |
|    fps             | 102       |
|    time_elapsed    | 5869      |
|    total_timesteps | 600000    |
| train/             |           |
|    actor_loss      | 1.1e+05   |
|    critic_loss     | 765       |
|    ent_coef        | 10.6      |
|    ent_coef_loss   | 0.576     |
|    learning_rate   | 0.0064    |
|    n_updates       | 149974    |
----------------------------------
----------------------------------
| rollout/           |           |
|    ep_len_mean     | 6.04      |
|    ep_rew_mean     | -1.39e+05 |
| time/              |           |
|    episodes        | 109258    |
|    fps             | 102       |
|    time_elapsed    | 5978      |
|    total_timesteps | 610000    |
| train/             |           |
|    actor_loss      | 1.11e+05  |
|    critic_loss     | 798       |
|    ent_coef        | 11.6      |
|    ent_coef_loss   | -7.21     |
|    learning_rate   | 0.0064    |
|    n_updates       | 152474    |
----------------------------------
----------------------------------
| rollout/           |           |
|    ep_len_mean     | 6.04      |
|    ep_rew_mean     | -1.39e+05 |
| time/              |           |
|    episodes        | 110869    |
|    fps             | 101       |
|    time_elapsed    | 6085      |
|    total_timesteps | 620000    |
| train/             |           |
|    actor_loss      | 1.07e+05  |
|    critic_loss     | 562       |
|    ent_coef        | 11.6      |
|    ent_coef_loss   | 4.8       |
|    learning_rate   | 0.0064    |
|    n_updates       | 154974    |
----------------------------------
----------------------------------
| rollout/           |           |
|    ep_len_mean     | 6.4       |
|    ep_rew_mean     | -1.46e+05 |
| time/              |           |
|    episodes        | 112490    |
|    fps             | 101       |
|    time_elapsed    | 6185      |
|    total_timesteps | 630000    |
| train/             |           |
|    actor_loss      | 1.06e+05  |
|    critic_loss     | 502       |
|    ent_coef        | 8.37      |
|    ent_coef_loss   | 3.15      |
|    learning_rate   | 0.0064    |
|    n_updates       | 157474    |
----------------------------------
----------------------------------
| rollout/           |           |
|    ep_len_mean     | 6.02      |
|    ep_rew_mean     | -1.39e+05 |
| time/              |           |
|    episodes        | 114117    |
|    fps             | 101       |
|    time_elapsed    | 6290      |
|    total_timesteps | 640000    |
| train/             |           |
|    actor_loss      | 1.07e+05  |
|    critic_loss     | 452       |
|    ent_coef        | 10.4      |
|    ent_coef_loss   | 3.27      |
|    learning_rate   | 0.0064    |
|    n_updates       | 159974    |
----------------------------------
----------------------------------
| rollout/           |           |
|    ep_len_mean     | 6.29      |
|    ep_rew_mean     | -1.43e+05 |
| time/              |           |
|    episodes        | 115703    |
|    fps             | 101       |
|    time_elapsed    | 6396      |
|    total_timesteps | 650000    |
| train/             |           |
|    actor_loss      | 1.05e+05  |
|    critic_loss     | 456       |
|    ent_coef        | 11.6      |
|    ent_coef_loss   | 5.38      |
|    learning_rate   | 0.0064    |
|    n_updates       | 162474    |
----------------------------------
----------------------------------
| rollout/           |           |
|    ep_len_mean     | 6.02      |
|    ep_rew_mean     | -1.41e+05 |
| time/              |           |
|    episodes        | 117343    |
|    fps             | 101       |
|    time_elapsed    | 6496      |
|    total_timesteps | 660000    |
| train/             |           |
|    actor_loss      | 1.06e+05  |
|    critic_loss     | 407       |
|    ent_coef        | 7.75      |
|    ent_coef_loss   | -1.12     |
|    learning_rate   | 0.0064    |
|    n_updates       | 164974    |
----------------------------------
---------------------------------
| rollout/           |          |
|    ep_len_mean     | 6.16     |
|    ep_rew_mean     | -1.4e+05 |
| time/              |          |
|    episodes        | 118963   |
|    fps             | 101      |
|    time_elapsed    | 6600     |
|    total_timesteps | 670000   |
| train/             |          |
|    actor_loss      | 1.03e+05 |
|    critic_loss     | 339      |
|    ent_coef        | 5.95     |
|    ent_coef_loss   | 0.268    |
|    learning_rate   | 0.0064   |
|    n_updates       | 167474   |
---------------------------------
----------------------------------
| rollout/           |           |
|    ep_len_mean     | 6.01      |
|    ep_rew_mean     | -1.39e+05 |
| time/              |           |
|    episodes        | 120563    |
|    fps             | 101       |
|    time_elapsed    | 6701      |
|    total_timesteps | 680000    |
| train/             |           |
|    actor_loss      | 1.03e+05  |
|    critic_loss     | 382       |
|    ent_coef        | 5.7       |
|    ent_coef_loss   | -1.28     |
|    learning_rate   | 0.0064    |
|    n_updates       | 169974    |
----------------------------------
----------------------------------
| rollout/           |           |
|    ep_len_mean     | 6         |
|    ep_rew_mean     | -1.39e+05 |
| time/              |           |
|    episodes        | 122227    |
|    fps             | 101       |
|    time_elapsed    | 6804      |
|    total_timesteps | 690000    |
| train/             |           |
|    actor_loss      | 1.03e+05  |
|    critic_loss     | 263       |
|    ent_coef        | 6.09      |
|    ent_coef_loss   | -2.25     |
|    learning_rate   | 0.0064    |
|    n_updates       | 172474    |
----------------------------------
----------------------------------
| rollout/           |           |
|    ep_len_mean     | 6.09      |
|    ep_rew_mean     | -1.39e+05 |
| time/              |           |
|    episodes        | 123858    |
|    fps             | 101       |
|    time_elapsed    | 6906      |
|    total_timesteps | 700000    |
| train/             |           |
|    actor_loss      | 1.03e+05  |
|    critic_loss     | 258       |
|    ent_coef        | 5.81      |
|    ent_coef_loss   | -3.65     |
|    learning_rate   | 0.0064    |
|    n_updates       | 174974    |
----------------------------------
----------------------------------
| rollout/           |           |
|    ep_len_mean     | 6         |
|    ep_rew_mean     | -1.38e+05 |
| time/              |           |
|    episodes        | 125515    |
|    fps             | 101       |
|    time_elapsed    | 7008      |
|    total_timesteps | 710000    |
| train/             |           |
|    actor_loss      | 1.02e+05  |
|    critic_loss     | 138       |
|    ent_coef        | 5.27      |
|    ent_coef_loss   | 2.34      |
|    learning_rate   | 0.0064    |
|    n_updates       | 177474    |
----------------------------------
----------------------------------
| rollout/           |           |
|    ep_len_mean     | 6.02      |
|    ep_rew_mean     | -1.39e+05 |
| time/              |           |
|    episodes        | 127171    |
|    fps             | 101       |
|    time_elapsed    | 7111      |
|    total_timesteps | 720000    |
| train/             |           |
|    actor_loss      | 1.02e+05  |
|    critic_loss     | 141       |
|    ent_coef        | 4.07      |
|    ent_coef_loss   | -0.842    |
|    learning_rate   | 0.0064    |
|    n_updates       | 179974    |
----------------------------------
----------------------------------
| rollout/           |           |
|    ep_len_mean     | 6.01      |
|    ep_rew_mean     | -1.39e+05 |
| time/              |           |
|    episodes        | 128824    |
|    fps             | 101       |
|    time_elapsed    | 7213      |
|    total_timesteps | 730000    |
| train/             |           |
|    actor_loss      | 1.02e+05  |
|    critic_loss     | 177       |
|    ent_coef        | 5.14      |
|    ent_coef_loss   | -1.63     |
|    learning_rate   | 0.0064    |
|    n_updates       | 182474    |
----------------------------------
----------------------------------
| rollout/           |           |
|    ep_len_mean     | 6         |
|    ep_rew_mean     | -1.38e+05 |
| time/              |           |
|    episodes        | 130389    |
|    fps             | 101       |
|    time_elapsed    | 7322      |
|    total_timesteps | 740000    |
| train/             |           |
|    actor_loss      | 1.03e+05  |
|    critic_loss     | 133       |
|    ent_coef        | 5.25      |
|    ent_coef_loss   | 1.14      |
|    learning_rate   | 0.0064    |
|    n_updates       | 184974    |
----------------------------------
----------------------------------
| rollout/           |           |
|    ep_len_mean     | 7.46      |
|    ep_rew_mean     | -1.66e+05 |
| time/              |           |
|    episodes        | 132008    |
|    fps             | 100       |
|    time_elapsed    | 7429      |
|    total_timesteps | 750000    |
| train/             |           |
|    actor_loss      | 1.03e+05  |
|    critic_loss     | 157       |
|    ent_coef        | 6.13      |
|    ent_coef_loss   | 4.93      |
|    learning_rate   | 0.0064    |
|    n_updates       | 187474    |
----------------------------------
----------------------------------
| rollout/           |           |
|    ep_len_mean     | 6.1       |
|    ep_rew_mean     | -1.39e+05 |
| time/              |           |
|    episodes        | 133643    |
|    fps             | 100       |
|    time_elapsed    | 7537      |
|    total_timesteps | 760000    |
| train/             |           |
|    actor_loss      | 1.03e+05  |
|    critic_loss     | 142       |
|    ent_coef        | 5.88      |
|    ent_coef_loss   | 1.05      |
|    learning_rate   | 0.0064    |
|    n_updates       | 189974    |
----------------------------------
----------------------------------
| rollout/           |           |
|    ep_len_mean     | 8.17      |
|    ep_rew_mean     | -2.01e+05 |
| time/              |           |
|    episodes        | 135252    |
|    fps             | 100       |
|    time_elapsed    | 7643      |
|    total_timesteps | 770000    |
| train/             |           |
|    actor_loss      | 1.02e+05  |
|    critic_loss     | 253       |
|    ent_coef        | 7.12      |
|    ent_coef_loss   | 0.367     |
|    learning_rate   | 0.0064    |
|    n_updates       | 192474    |
----------------------------------
----------------------------------
| rollout/           |           |
|    ep_len_mean     | 6.22      |
|    ep_rew_mean     | -1.41e+05 |
| time/              |           |
|    episodes        | 136593    |
|    fps             | 100       |
|    time_elapsed    | 7747      |
|    total_timesteps | 780000    |
| train/             |           |
|    actor_loss      | 1.03e+05  |
|    critic_loss     | 249       |
|    ent_coef        | 9.34      |
|    ent_coef_loss   | 2.87      |
|    learning_rate   | 0.0064    |
|    n_updates       | 194974    |
----------------------------------
----------------------------------
| rollout/           |           |
|    ep_len_mean     | 6.22      |
|    ep_rew_mean     | -1.41e+05 |
| time/              |           |
|    episodes        | 138181    |
|    fps             | 100       |
|    time_elapsed    | 7850      |
|    total_timesteps | 790000    |
| train/             |           |
|    actor_loss      | 1.03e+05  |
|    critic_loss     | 424       |
|    ent_coef        | 9.24      |
|    ent_coef_loss   | 3.7       |
|    learning_rate   | 0.0064    |
|    n_updates       | 197474    |
----------------------------------
----------------------------------
| rollout/           |           |
|    ep_len_mean     | 6.53      |
|    ep_rew_mean     | -1.45e+05 |
| time/              |           |
|    episodes        | 139772    |
|    fps             | 100       |
|    time_elapsed    | 7951      |
|    total_timesteps | 800000    |
| train/             |           |
|    actor_loss      | 1.05e+05  |
|    critic_loss     | 1e+03     |
|    ent_coef        | 8         |
|    ent_coef_loss   | -1.26     |
|    learning_rate   | 0.0064    |
|    n_updates       | 199974    |
----------------------------------
----------------------------------
| rollout/           |           |
|    ep_len_mean     | 7.12      |
|    ep_rew_mean     | -1.54e+05 |
| time/              |           |
|    episodes        | 141395    |
|    fps             | 100       |
|    time_elapsed    | 8057      |
|    total_timesteps | 810000    |
| train/             |           |
|    actor_loss      | 1.04e+05  |
|    critic_loss     | 511       |
|    ent_coef        | 14.5      |
|    ent_coef_loss   | 0.609     |
|    learning_rate   | 0.0064    |
|    n_updates       | 202474    |
----------------------------------
----------------------------------
| rollout/           |           |
|    ep_len_mean     | 6.08      |
|    ep_rew_mean     | -1.39e+05 |
| time/              |           |
|    episodes        | 142942    |
|    fps             | 100       |
|    time_elapsed    | 8158      |
|    total_timesteps | 820000    |
| train/             |           |
|    actor_loss      | 1.05e+05  |
|    critic_loss     | 508       |
|    ent_coef        | 9.6       |
|    ent_coef_loss   | -2.01     |
|    learning_rate   | 0.0064    |
|    n_updates       | 204974    |
----------------------------------
----------------------------------
| rollout/           |           |
|    ep_len_mean     | 6.09      |
|    ep_rew_mean     | -1.39e+05 |
| time/              |           |
|    episodes        | 144581    |
|    fps             | 100       |
|    time_elapsed    | 8252      |
|    total_timesteps | 830000    |
| train/             |           |
|    actor_loss      | 1.07e+05  |
|    critic_loss     | 561       |
|    ent_coef        | 9.16      |
|    ent_coef_loss   | -4.12     |
|    learning_rate   | 0.0064    |
|    n_updates       | 207474    |
----------------------------------
----------------------------------
| rollout/           |           |
|    ep_len_mean     | 6.08      |
|    ep_rew_mean     | -1.39e+05 |
| time/              |           |
|    episodes        | 146204    |
|    fps             | 100       |
|    time_elapsed    | 8341      |
|    total_timesteps | 840000    |
| train/             |           |
|    actor_loss      | 1.05e+05  |
|    critic_loss     | 489       |
|    ent_coef        | 11        |
|    ent_coef_loss   | -0.0434   |
|    learning_rate   | 0.0064    |
|    n_updates       | 209974    |
----------------------------------
----------------------------------
| rollout/           |           |
|    ep_len_mean     | 6.04      |
|    ep_rew_mean     | -1.39e+05 |
| time/              |           |
|    episodes        | 147835    |
|    fps             | 100       |
|    time_elapsed    | 8430      |
|    total_timesteps | 850000    |
| train/             |           |
|    actor_loss      | 1.03e+05  |
|    critic_loss     | 266       |
|    ent_coef        | 7.06      |
|    ent_coef_loss   | -0.242    |
|    learning_rate   | 0.0064    |
|    n_updates       | 212474    |
----------------------------------
----------------------------------
| rollout/           |           |
|    ep_len_mean     | 6.05      |
|    ep_rew_mean     | -1.39e+05 |
| time/              |           |
|    episodes        | 149490    |
|    fps             | 100       |
|    time_elapsed    | 8523      |
|    total_timesteps | 860000    |
| train/             |           |
|    actor_loss      | 1.03e+05  |
|    critic_loss     | 167       |
|    ent_coef        | 5.95      |
|    ent_coef_loss   | 3.39      |
|    learning_rate   | 0.0064    |
|    n_updates       | 214974    |
----------------------------------
----------------------------------
| rollout/           |           |
|    ep_len_mean     | 6.06      |
|    ep_rew_mean     | -1.39e+05 |
| time/              |           |
|    episodes        | 151040    |
|    fps             | 100       |
|    time_elapsed    | 8620      |
|    total_timesteps | 870000    |
| train/             |           |
|    actor_loss      | 1.03e+05  |
|    critic_loss     | 203       |
|    ent_coef        | 8.24      |
|    ent_coef_loss   | -0.22     |
|    learning_rate   | 0.0064    |
|    n_updates       | 217474    |
----------------------------------
----------------------------------
| rollout/           |           |
|    ep_len_mean     | 6.05      |
|    ep_rew_mean     | -1.39e+05 |
| time/              |           |
|    episodes        | 152607    |
|    fps             | 101       |
|    time_elapsed    | 8707      |
|    total_timesteps | 880000    |
| train/             |           |
|    actor_loss      | 1.05e+05  |
|    critic_loss     | 399       |
|    ent_coef        | 8.08      |
|    ent_coef_loss   | -2.08     |
|    learning_rate   | 0.0064    |
|    n_updates       | 219974    |
----------------------------------
----------------------------------
| rollout/           |           |
|    ep_len_mean     | 5.99      |
|    ep_rew_mean     | -1.38e+05 |
| time/              |           |
|    episodes        | 153990    |
|    fps             | 101       |
|    time_elapsed    | 8790      |
|    total_timesteps | 890000    |
| train/             |           |
|    actor_loss      | 1.05e+05  |
|    critic_loss     | 521       |
|    ent_coef        | 8.35      |
|    ent_coef_loss   | -0.76     |
|    learning_rate   | 0.0064    |
|    n_updates       | 222474    |
----------------------------------
----------------------------------
| rollout/           |           |
|    ep_len_mean     | 5.98      |
|    ep_rew_mean     | -1.39e+05 |
| time/              |           |
|    episodes        | 155552    |
|    fps             | 101       |
|    time_elapsed    | 8874      |
|    total_timesteps | 900000    |
| train/             |           |
|    actor_loss      | 1.05e+05  |
|    critic_loss     | 403       |
|    ent_coef        | 10.7      |
|    ent_coef_loss   | 3.45      |
|    learning_rate   | 0.0064    |
|    n_updates       | 224974    |
----------------------------------
----------------------------------
| rollout/           |           |
|    ep_len_mean     | 6.09      |
|    ep_rew_mean     | -1.39e+05 |
| time/              |           |
|    episodes        | 157193    |
|    fps             | 101       |
|    time_elapsed    | 8951      |
|    total_timesteps | 910000    |
| train/             |           |
|    actor_loss      | 1.05e+05  |
|    critic_loss     | 432       |
|    ent_coef        | 12.2      |
|    ent_coef_loss   | 2.01      |
|    learning_rate   | 0.0064    |
|    n_updates       | 227474    |
----------------------------------
----------------------------------
| rollout/           |           |
|    ep_len_mean     | 6.11      |
|    ep_rew_mean     | -1.39e+05 |
| time/              |           |
|    episodes        | 158817    |
|    fps             | 101       |
|    time_elapsed    | 9030      |
|    total_timesteps | 920000    |
| train/             |           |
|    actor_loss      | 1.06e+05  |
|    critic_loss     | 495       |
|    ent_coef        | 8.68      |
|    ent_coef_loss   | -4.56     |
|    learning_rate   | 0.0064    |
|    n_updates       | 229974    |
----------------------------------
----------------------------------
| rollout/           |           |
|    ep_len_mean     | 6.26      |
|    ep_rew_mean     | -1.41e+05 |
| time/              |           |
|    episodes        | 160438    |
|    fps             | 102       |
|    time_elapsed    | 9112      |
|    total_timesteps | 930000    |
| train/             |           |
|    actor_loss      | 1.04e+05  |
|    critic_loss     | 412       |
|    ent_coef        | 10.6      |
|    ent_coef_loss   | 6.48      |
|    learning_rate   | 0.0064    |
|    n_updates       | 232474    |
----------------------------------
---------------------------------
| rollout/           |          |
|    ep_len_mean     | 6.2      |
|    ep_rew_mean     | -1.4e+05 |
| time/              |          |
|    episodes        | 162065   |
|    fps             | 102      |
|    time_elapsed    | 9195     |
|    total_timesteps | 940000   |
| train/             |          |
|    actor_loss      | 1.05e+05 |
|    critic_loss     | 413      |
|    ent_coef        | 9.49     |
|    ent_coef_loss   | -3.2     |
|    learning_rate   | 0.0064   |
|    n_updates       | 234974   |
---------------------------------
----------------------------------
| rollout/           |           |
|    ep_len_mean     | 6.05      |
|    ep_rew_mean     | -1.39e+05 |
| time/              |           |
|    episodes        | 163706    |
|    fps             | 102       |
|    time_elapsed    | 9277      |
|    total_timesteps | 950000    |
| train/             |           |
|    actor_loss      | 1.03e+05  |
|    critic_loss     | 220       |
|    ent_coef        | 8.02      |
|    ent_coef_loss   | -1.56     |
|    learning_rate   | 0.0064    |
|    n_updates       | 237474    |
----------------------------------
----------------------------------
| rollout/           |           |
|    ep_len_mean     | 7.27      |
|    ep_rew_mean     | -1.64e+05 |
| time/              |           |
|    episodes        | 165345    |
|    fps             | 102       |
|    time_elapsed    | 9357      |
|    total_timesteps | 960000    |
| train/             |           |
|    actor_loss      | 1.02e+05  |
|    critic_loss     | 150       |
|    ent_coef        | 5.72      |
|    ent_coef_loss   | -1.26     |
|    learning_rate   | 0.0064    |
|    n_updates       | 239974    |
----------------------------------
----------------------------------
| rollout/           |           |
|    ep_len_mean     | 6.02      |
|    ep_rew_mean     | -1.38e+05 |
| time/              |           |
|    episodes        | 167004    |
|    fps             | 102       |
|    time_elapsed    | 9440      |
|    total_timesteps | 970000    |
| train/             |           |
|    actor_loss      | 1.02e+05  |
|    critic_loss     | 104       |
|    ent_coef        | 5.7       |
|    ent_coef_loss   | 0.463     |
|    learning_rate   | 0.0064    |
|    n_updates       | 242474    |
----------------------------------
---------------------------------
| rollout/           |          |
|    ep_len_mean     | 6.2      |
|    ep_rew_mean     | -1.4e+05 |
| time/              |          |
|    episodes        | 168573   |
|    fps             | 102      |
|    time_elapsed    | 9519     |
|    total_timesteps | 980000   |
| train/             |          |
|    actor_loss      | 1.02e+05 |
|    critic_loss     | 168      |
|    ent_coef        | 6.06     |
|    ent_coef_loss   | 0.822    |
|    learning_rate   | 0.0064   |
|    n_updates       | 244974   |
---------------------------------
----------------------------------
| rollout/           |           |
|    ep_len_mean     | 6         |
|    ep_rew_mean     | -1.38e+05 |
| time/              |           |
|    episodes        | 170227    |
|    fps             | 103       |
|    time_elapsed    | 9601      |
|    total_timesteps | 990000    |
| train/             |           |
|    actor_loss      | 1.02e+05  |
|    critic_loss     | 127       |
|    ent_coef        | 7.18      |
|    ent_coef_loss   | 0.0276    |
|    learning_rate   | 0.0064    |
|    n_updates       | 247474    |
----------------------------------
----------------------------------
| rollout/           |           |
|    ep_len_mean     | 6         |
|    ep_rew_mean     | -1.38e+05 |
| time/              |           |
|    episodes        | 171892    |
|    fps             | 103       |
|    time_elapsed    | 9683      |
|    total_timesteps | 1000000   |
| train/             |           |
|    actor_loss      | 1.02e+05  |
|    critic_loss     | 120       |
|    ent_coef        | 5.43      |
|    ent_coef_loss   | 0.41      |
|    learning_rate   | 0.0064    |
|    n_updates       | 249974    |
----------------------------------
Training ended on Wed Jan 28 13:22:29 2026
Training lasted 2:41:23.541829
