Logging to training_default_logs/4_robots/logs/A2C_set9
Using cpu device
Training started on Tue Jan 27 23:33:45 2026
Experiment configuration: {'algorithm': 'A2C', 'set': 9, 'verbose': 1, 'steps': 1000000, 'num_robots': 4, 'num_envs': 4, 'seed': 33, 'log_steps': 10000, 'resume': False, 'device': 'cpu'}
-------------------------------------
| rollout/              |           |
|    ep_len_mean        | 79        |
|    ep_rew_mean        | -3.67e+05 |
| time/                 |           |
|    fps                | 1339      |
|    time_elapsed       | 7         |
|    total_timesteps    | 10000     |
| train/                |           |
|    entropy_loss       | -17       |
|    explained_variance | 1.79e-07  |
|    learning_rate      | 0.0007    |
|    n_updates          | 499       |
|    policy_loss        | -1.71e+05 |
|    std                | 1         |
|    value_loss         | 2.07e+08  |
-------------------------------------
-------------------------------------
| rollout/              |           |
|    ep_len_mean        | 73.9      |
|    ep_rew_mean        | -3.54e+05 |
| time/                 |           |
|    fps                | 1359      |
|    time_elapsed       | 14        |
|    total_timesteps    | 20000     |
| train/                |           |
|    entropy_loss       | -17.1     |
|    explained_variance | -1.19e-07 |
|    learning_rate      | 0.0007    |
|    n_updates          | 999       |
|    policy_loss        | -1.71e+05 |
|    std                | 1.01      |
|    value_loss         | 6.37e+08  |
-------------------------------------
-------------------------------------
| rollout/              |           |
|    ep_len_mean        | 58.9      |
|    ep_rew_mean        | -2.34e+05 |
| time/                 |           |
|    fps                | 1357      |
|    time_elapsed       | 22        |
|    total_timesteps    | 30000     |
| train/                |           |
|    entropy_loss       | -17.1     |
|    explained_variance | 5.96e-08  |
|    learning_rate      | 0.0007    |
|    n_updates          | 1499      |
|    policy_loss        | -2.82e+05 |
|    std                | 1.01      |
|    value_loss         | 4.37e+08  |
-------------------------------------
-------------------------------------
| rollout/              |           |
|    ep_len_mean        | 49.9      |
|    ep_rew_mean        | -2.12e+05 |
| time/                 |           |
|    fps                | 1355      |
|    time_elapsed       | 29        |
|    total_timesteps    | 40000     |
| train/                |           |
|    entropy_loss       | -17.2     |
|    explained_variance | -1.19e-07 |
|    learning_rate      | 0.0007    |
|    n_updates          | 1999      |
|    policy_loss        | -2.85e+05 |
|    std                | 1.02      |
|    value_loss         | 8.59e+08  |
-------------------------------------
-------------------------------------
| rollout/              |           |
|    ep_len_mean        | 54.7      |
|    ep_rew_mean        | -3.26e+05 |
| time/                 |           |
|    fps                | 1358      |
|    time_elapsed       | 36        |
|    total_timesteps    | 50000     |
| train/                |           |
|    entropy_loss       | -17.3     |
|    explained_variance | 0         |
|    learning_rate      | 0.0007    |
|    n_updates          | 2499      |
|    policy_loss        | -1.7e+05  |
|    std                | 1.02      |
|    value_loss         | 3.11e+08  |
-------------------------------------
-------------------------------------
| rollout/              |           |
|    ep_len_mean        | 77.2      |
|    ep_rew_mean        | -2.59e+05 |
| time/                 |           |
|    fps                | 1361      |
|    time_elapsed       | 44        |
|    total_timesteps    | 60000     |
| train/                |           |
|    entropy_loss       | -17.5     |
|    explained_variance | 0         |
|    learning_rate      | 0.0007    |
|    n_updates          | 2999      |
|    policy_loss        | -1.33e+05 |
|    std                | 1.04      |
|    value_loss         | 5.45e+08  |
-------------------------------------
-------------------------------------
| rollout/              |           |
|    ep_len_mean        | 71        |
|    ep_rew_mean        | -2.96e+05 |
| time/                 |           |
|    fps                | 1365      |
|    time_elapsed       | 51        |
|    total_timesteps    | 70000     |
| train/                |           |
|    entropy_loss       | -17.6     |
|    explained_variance | 0         |
|    learning_rate      | 0.0007    |
|    n_updates          | 3499      |
|    policy_loss        | -3.99e+04 |
|    std                | 1.05      |
|    value_loss         | 1.95e+07  |
-------------------------------------
-------------------------------------
| rollout/              |           |
|    ep_len_mean        | 65        |
|    ep_rew_mean        | -2.12e+05 |
| time/                 |           |
|    fps                | 1368      |
|    time_elapsed       | 58        |
|    total_timesteps    | 80000     |
| train/                |           |
|    entropy_loss       | -17.6     |
|    explained_variance | 1.19e-07  |
|    learning_rate      | 0.0007    |
|    n_updates          | 3999      |
|    policy_loss        | -8.64e+05 |
|    std                | 1.05      |
|    value_loss         | 4.92e+09  |
-------------------------------------
-------------------------------------
| rollout/              |           |
|    ep_len_mean        | 53.1      |
|    ep_rew_mean        | -1.79e+05 |
| time/                 |           |
|    fps                | 1371      |
|    time_elapsed       | 65        |
|    total_timesteps    | 90000     |
| train/                |           |
|    entropy_loss       | -17.7     |
|    explained_variance | -1.19e-07 |
|    learning_rate      | 0.0007    |
|    n_updates          | 4499      |
|    policy_loss        | -1.53e+05 |
|    std                | 1.06      |
|    value_loss         | 1.23e+08  |
-------------------------------------
-------------------------------------
| rollout/              |           |
|    ep_len_mean        | 64.9      |
|    ep_rew_mean        | -2.45e+05 |
| time/                 |           |
|    fps                | 1372      |
|    time_elapsed       | 72        |
|    total_timesteps    | 100000    |
| train/                |           |
|    entropy_loss       | -17.8     |
|    explained_variance | -1.19e-07 |
|    learning_rate      | 0.0007    |
|    n_updates          | 4999      |
|    policy_loss        | -7.3e+04  |
|    std                | 1.06      |
|    value_loss         | 1e+08     |
-------------------------------------
-------------------------------------
| rollout/              |           |
|    ep_len_mean        | 74.8      |
|    ep_rew_mean        | -2.81e+05 |
| time/                 |           |
|    fps                | 1371      |
|    time_elapsed       | 80        |
|    total_timesteps    | 110000    |
| train/                |           |
|    entropy_loss       | -17.8     |
|    explained_variance | -1.19e-07 |
|    learning_rate      | 0.0007    |
|    n_updates          | 5499      |
|    policy_loss        | -2.22e+05 |
|    std                | 1.07      |
|    value_loss         | 4.46e+08  |
-------------------------------------
-------------------------------------
| rollout/              |           |
|    ep_len_mean        | 61.8      |
|    ep_rew_mean        | -2.07e+05 |
| time/                 |           |
|    fps                | 1368      |
|    time_elapsed       | 87        |
|    total_timesteps    | 120000    |
| train/                |           |
|    entropy_loss       | -18       |
|    explained_variance | 0         |
|    learning_rate      | 0.0007    |
|    n_updates          | 5999      |
|    policy_loss        | -1.16e+05 |
|    std                | 1.08      |
|    value_loss         | 6.3e+07   |
-------------------------------------
-------------------------------------
| rollout/              |           |
|    ep_len_mean        | 57.9      |
|    ep_rew_mean        | -2.19e+05 |
| time/                 |           |
|    fps                | 1367      |
|    time_elapsed       | 95        |
|    total_timesteps    | 130000    |
| train/                |           |
|    entropy_loss       | -18.1     |
|    explained_variance | 0         |
|    learning_rate      | 0.0007    |
|    n_updates          | 6499      |
|    policy_loss        | -1.55e+05 |
|    std                | 1.1       |
|    value_loss         | 9.89e+08  |
-------------------------------------
-------------------------------------
| rollout/              |           |
|    ep_len_mean        | 41.5      |
|    ep_rew_mean        | -1.48e+05 |
| time/                 |           |
|    fps                | 1365      |
|    time_elapsed       | 102       |
|    total_timesteps    | 140000    |
| train/                |           |
|    entropy_loss       | -18.3     |
|    explained_variance | 0         |
|    learning_rate      | 0.0007    |
|    n_updates          | 6999      |
|    policy_loss        | -8.57e+04 |
|    std                | 1.11      |
|    value_loss         | 1.2e+08   |
-------------------------------------
-------------------------------------
| rollout/              |           |
|    ep_len_mean        | 49.4      |
|    ep_rew_mean        | -1.95e+05 |
| time/                 |           |
|    fps                | 1365      |
|    time_elapsed       | 109       |
|    total_timesteps    | 150000    |
| train/                |           |
|    entropy_loss       | -18.4     |
|    explained_variance | -2.38e-07 |
|    learning_rate      | 0.0007    |
|    n_updates          | 7499      |
|    policy_loss        | -4.56e+05 |
|    std                | 1.12      |
|    value_loss         | 2.01e+09  |
-------------------------------------
-------------------------------------
| rollout/              |           |
|    ep_len_mean        | 43.6      |
|    ep_rew_mean        | -1.78e+05 |
| time/                 |           |
|    fps                | 1366      |
|    time_elapsed       | 117       |
|    total_timesteps    | 160000    |
| train/                |           |
|    entropy_loss       | -18.5     |
|    explained_variance | 0         |
|    learning_rate      | 0.0007    |
|    n_updates          | 7999      |
|    policy_loss        | -7.71e+04 |
|    std                | 1.13      |
|    value_loss         | 5.06e+07  |
-------------------------------------
-------------------------------------
| rollout/              |           |
|    ep_len_mean        | 38.1      |
|    ep_rew_mean        | -1.87e+05 |
| time/                 |           |
|    fps                | 1368      |
|    time_elapsed       | 124       |
|    total_timesteps    | 170000    |
| train/                |           |
|    entropy_loss       | -18.6     |
|    explained_variance | -2.38e-07 |
|    learning_rate      | 0.0007    |
|    n_updates          | 8499      |
|    policy_loss        | -3.55e+05 |
|    std                | 1.14      |
|    value_loss         | 5.86e+08  |
-------------------------------------
-------------------------------------
| rollout/              |           |
|    ep_len_mean        | 51.6      |
|    ep_rew_mean        | -2e+05    |
| time/                 |           |
|    fps                | 1370      |
|    time_elapsed       | 131       |
|    total_timesteps    | 180000    |
| train/                |           |
|    entropy_loss       | -18.8     |
|    explained_variance | 1.19e-07  |
|    learning_rate      | 0.0007    |
|    n_updates          | 8999      |
|    policy_loss        | -4.84e+05 |
|    std                | 1.16      |
|    value_loss         | 1.2e+09   |
-------------------------------------
-------------------------------------
| rollout/              |           |
|    ep_len_mean        | 45.6      |
|    ep_rew_mean        | -1.64e+05 |
| time/                 |           |
|    fps                | 1367      |
|    time_elapsed       | 138       |
|    total_timesteps    | 190000    |
| train/                |           |
|    entropy_loss       | -18.8     |
|    explained_variance | -1.19e-07 |
|    learning_rate      | 0.0007    |
|    n_updates          | 9499      |
|    policy_loss        | -5.74e+05 |
|    std                | 1.16      |
|    value_loss         | 2.52e+09  |
-------------------------------------
-------------------------------------
| rollout/              |           |
|    ep_len_mean        | 47        |
|    ep_rew_mean        | -1.74e+05 |
| time/                 |           |
|    fps                | 1365      |
|    time_elapsed       | 146       |
|    total_timesteps    | 200000    |
| train/                |           |
|    entropy_loss       | -18.9     |
|    explained_variance | 0         |
|    learning_rate      | 0.0007    |
|    n_updates          | 9999      |
|    policy_loss        | -1.89e+05 |
|    std                | 1.17      |
|    value_loss         | 6.69e+08  |
-------------------------------------
-------------------------------------
| rollout/              |           |
|    ep_len_mean        | 51.4      |
|    ep_rew_mean        | -2.38e+05 |
| time/                 |           |
|    fps                | 1365      |
|    time_elapsed       | 153       |
|    total_timesteps    | 210000    |
| train/                |           |
|    entropy_loss       | -19       |
|    explained_variance | 0         |
|    learning_rate      | 0.0007    |
|    n_updates          | 10499     |
|    policy_loss        | -3.5e+04  |
|    std                | 1.18      |
|    value_loss         | 7.68e+07  |
-------------------------------------
-------------------------------------
| rollout/              |           |
|    ep_len_mean        | 73.2      |
|    ep_rew_mean        | -3.28e+05 |
| time/                 |           |
|    fps                | 1367      |
|    time_elapsed       | 160       |
|    total_timesteps    | 220000    |
| train/                |           |
|    entropy_loss       | -19.1     |
|    explained_variance | -1.19e-07 |
|    learning_rate      | 0.0007    |
|    n_updates          | 10999     |
|    policy_loss        | -3.67e+05 |
|    std                | 1.19      |
|    value_loss         | 6.18e+08  |
-------------------------------------
-------------------------------------
| rollout/              |           |
|    ep_len_mean        | 57.1      |
|    ep_rew_mean        | -2.58e+05 |
| time/                 |           |
|    fps                | 1369      |
|    time_elapsed       | 167       |
|    total_timesteps    | 230000    |
| train/                |           |
|    entropy_loss       | -19.2     |
|    explained_variance | 5.96e-08  |
|    learning_rate      | 0.0007    |
|    n_updates          | 11499     |
|    policy_loss        | -1.37e+05 |
|    std                | 1.2       |
|    value_loss         | 1.84e+08  |
-------------------------------------
-------------------------------------
| rollout/              |           |
|    ep_len_mean        | 64.4      |
|    ep_rew_mean        | -2.28e+05 |
| time/                 |           |
|    fps                | 1372      |
|    time_elapsed       | 174       |
|    total_timesteps    | 240000    |
| train/                |           |
|    entropy_loss       | -19.3     |
|    explained_variance | 0         |
|    learning_rate      | 0.0007    |
|    n_updates          | 11999     |
|    policy_loss        | 4.54e+04  |
|    std                | 1.21      |
|    value_loss         | 1.48e+07  |
-------------------------------------
-------------------------------------
| rollout/              |           |
|    ep_len_mean        | 36.5      |
|    ep_rew_mean        | -1.53e+05 |
| time/                 |           |
|    fps                | 1373      |
|    time_elapsed       | 181       |
|    total_timesteps    | 250000    |
| train/                |           |
|    entropy_loss       | -19.4     |
|    explained_variance | 0         |
|    learning_rate      | 0.0007    |
|    n_updates          | 12499     |
|    policy_loss        | -2.26e+05 |
|    std                | 1.22      |
|    value_loss         | 7.09e+08  |
-------------------------------------
-------------------------------------
| rollout/              |           |
|    ep_len_mean        | 53.7      |
|    ep_rew_mean        | -2.26e+05 |
| time/                 |           |
|    fps                | 1373      |
|    time_elapsed       | 189       |
|    total_timesteps    | 260000    |
| train/                |           |
|    entropy_loss       | -19.5     |
|    explained_variance | 0         |
|    learning_rate      | 0.0007    |
|    n_updates          | 12999     |
|    policy_loss        | -2.67e+05 |
|    std                | 1.23      |
|    value_loss         | 5.34e+08  |
-------------------------------------
-------------------------------------
| rollout/              |           |
|    ep_len_mean        | 43.9      |
|    ep_rew_mean        | -1.77e+05 |
| time/                 |           |
|    fps                | 1371      |
|    time_elapsed       | 196       |
|    total_timesteps    | 270000    |
| train/                |           |
|    entropy_loss       | -19.5     |
|    explained_variance | 0         |
|    learning_rate      | 0.0007    |
|    n_updates          | 13499     |
|    policy_loss        | -4.7e+05  |
|    std                | 1.23      |
|    value_loss         | 2.45e+09  |
-------------------------------------
-------------------------------------
| rollout/              |           |
|    ep_len_mean        | 36.6      |
|    ep_rew_mean        | -1.48e+05 |
| time/                 |           |
|    fps                | 1369      |
|    time_elapsed       | 204       |
|    total_timesteps    | 280000    |
| train/                |           |
|    entropy_loss       | -19.7     |
|    explained_variance | 5.96e-08  |
|    learning_rate      | 0.0007    |
|    n_updates          | 13999     |
|    policy_loss        | -3.97e+05 |
|    std                | 1.26      |
|    value_loss         | 2.48e+09  |
-------------------------------------
-------------------------------------
| rollout/              |           |
|    ep_len_mean        | 55.7      |
|    ep_rew_mean        | -2.1e+05  |
| time/                 |           |
|    fps                | 1367      |
|    time_elapsed       | 212       |
|    total_timesteps    | 290000    |
| train/                |           |
|    entropy_loss       | -19.8     |
|    explained_variance | 0         |
|    learning_rate      | 0.0007    |
|    n_updates          | 14499     |
|    policy_loss        | -2.57e+05 |
|    std                | 1.27      |
|    value_loss         | 3.24e+08  |
-------------------------------------
-------------------------------------
| rollout/              |           |
|    ep_len_mean        | 61.8      |
|    ep_rew_mean        | -2.5e+05  |
| time/                 |           |
|    fps                | 1366      |
|    time_elapsed       | 219       |
|    total_timesteps    | 300000    |
| train/                |           |
|    entropy_loss       | -19.9     |
|    explained_variance | -1.19e-07 |
|    learning_rate      | 0.0007    |
|    n_updates          | 14999     |
|    policy_loss        | -2.89e+05 |
|    std                | 1.28      |
|    value_loss         | 1.04e+09  |
-------------------------------------
-------------------------------------
| rollout/              |           |
|    ep_len_mean        | 45.4      |
|    ep_rew_mean        | -1.84e+05 |
| time/                 |           |
|    fps                | 1366      |
|    time_elapsed       | 226       |
|    total_timesteps    | 310000    |
| train/                |           |
|    entropy_loss       | -20       |
|    explained_variance | 0         |
|    learning_rate      | 0.0007    |
|    n_updates          | 15499     |
|    policy_loss        | -1.03e+05 |
|    std                | 1.29      |
|    value_loss         | 6.35e+07  |
-------------------------------------
-------------------------------------
| rollout/              |           |
|    ep_len_mean        | 32.3      |
|    ep_rew_mean        | -1.66e+05 |
| time/                 |           |
|    fps                | 1364      |
|    time_elapsed       | 234       |
|    total_timesteps    | 320000    |
| train/                |           |
|    entropy_loss       | -20.3     |
|    explained_variance | 0         |
|    learning_rate      | 0.0007    |
|    n_updates          | 15999     |
|    policy_loss        | -9.56e+04 |
|    std                | 1.31      |
|    value_loss         | 5.3e+08   |
-------------------------------------
-------------------------------------
| rollout/              |           |
|    ep_len_mean        | 36.6      |
|    ep_rew_mean        | -1.34e+05 |
| time/                 |           |
|    fps                | 1363      |
|    time_elapsed       | 241       |
|    total_timesteps    | 330000    |
| train/                |           |
|    entropy_loss       | -20.4     |
|    explained_variance | 1.19e-07  |
|    learning_rate      | 0.0007    |
|    n_updates          | 16499     |
|    policy_loss        | -3.89e+05 |
|    std                | 1.33      |
|    value_loss         | 1.57e+09  |
-------------------------------------
-------------------------------------
| rollout/              |           |
|    ep_len_mean        | 40.8      |
|    ep_rew_mean        | -1.49e+05 |
| time/                 |           |
|    fps                | 1363      |
|    time_elapsed       | 249       |
|    total_timesteps    | 340000    |
| train/                |           |
|    entropy_loss       | -20.6     |
|    explained_variance | 0         |
|    learning_rate      | 0.0007    |
|    n_updates          | 16999     |
|    policy_loss        | -1.04e+05 |
|    std                | 1.35      |
|    value_loss         | 7.57e+07  |
-------------------------------------
-------------------------------------
| rollout/              |           |
|    ep_len_mean        | 39.2      |
|    ep_rew_mean        | -1.32e+05 |
| time/                 |           |
|    fps                | 1361      |
|    time_elapsed       | 257       |
|    total_timesteps    | 350000    |
| train/                |           |
|    entropy_loss       | -20.7     |
|    explained_variance | 0         |
|    learning_rate      | 0.0007    |
|    n_updates          | 17499     |
|    policy_loss        | -1.35e+05 |
|    std                | 1.37      |
|    value_loss         | 1.15e+08  |
-------------------------------------
-------------------------------------
| rollout/              |           |
|    ep_len_mean        | 37.3      |
|    ep_rew_mean        | -1.65e+05 |
| time/                 |           |
|    fps                | 1363      |
|    time_elapsed       | 264       |
|    total_timesteps    | 360000    |
| train/                |           |
|    entropy_loss       | -20.8     |
|    explained_variance | 0         |
|    learning_rate      | 0.0007    |
|    n_updates          | 17999     |
|    policy_loss        | -7.17e+05 |
|    std                | 1.38      |
|    value_loss         | 3.34e+09  |
-------------------------------------
-------------------------------------
| rollout/              |           |
|    ep_len_mean        | 44.6      |
|    ep_rew_mean        | -1.75e+05 |
| time/                 |           |
|    fps                | 1364      |
|    time_elapsed       | 271       |
|    total_timesteps    | 370000    |
| train/                |           |
|    entropy_loss       | -21       |
|    explained_variance | -1.19e-07 |
|    learning_rate      | 0.0007    |
|    n_updates          | 18499     |
|    policy_loss        | -1.71e+04 |
|    std                | 1.4       |
|    value_loss         | 1.09e+07  |
-------------------------------------
-------------------------------------
| rollout/              |           |
|    ep_len_mean        | 56.1      |
|    ep_rew_mean        | -2.88e+05 |
| time/                 |           |
|    fps                | 1365      |
|    time_elapsed       | 278       |
|    total_timesteps    | 380000    |
| train/                |           |
|    entropy_loss       | -21.1     |
|    explained_variance | 0         |
|    learning_rate      | 0.0007    |
|    n_updates          | 18999     |
|    policy_loss        | -2.66e+05 |
|    std                | 1.41      |
|    value_loss         | 3.43e+08  |
-------------------------------------
-------------------------------------
| rollout/              |           |
|    ep_len_mean        | 47.7      |
|    ep_rew_mean        | -1.71e+05 |
| time/                 |           |
|    fps                | 1364      |
|    time_elapsed       | 285       |
|    total_timesteps    | 390000    |
| train/                |           |
|    entropy_loss       | -21.2     |
|    explained_variance | 2.38e-07  |
|    learning_rate      | 0.0007    |
|    n_updates          | 19499     |
|    policy_loss        | -1.44e+05 |
|    std                | 1.43      |
|    value_loss         | 1.94e+08  |
-------------------------------------
-------------------------------------
| rollout/              |           |
|    ep_len_mean        | 44.7      |
|    ep_rew_mean        | -1.88e+05 |
| time/                 |           |
|    fps                | 1364      |
|    time_elapsed       | 293       |
|    total_timesteps    | 400000    |
| train/                |           |
|    entropy_loss       | -21.3     |
|    explained_variance | -2.38e-07 |
|    learning_rate      | 0.0007    |
|    n_updates          | 19999     |
|    policy_loss        | -9.37e+05 |
|    std                | 1.44      |
|    value_loss         | 3.99e+09  |
-------------------------------------
-------------------------------------
| rollout/              |           |
|    ep_len_mean        | 42.1      |
|    ep_rew_mean        | -1.82e+05 |
| time/                 |           |
|    fps                | 1363      |
|    time_elapsed       | 300       |
|    total_timesteps    | 410000    |
| train/                |           |
|    entropy_loss       | -21.5     |
|    explained_variance | -1.19e-07 |
|    learning_rate      | 0.0007    |
|    n_updates          | 20499     |
|    policy_loss        | -5.44e+05 |
|    std                | 1.45      |
|    value_loss         | 2.06e+09  |
-------------------------------------
-------------------------------------
| rollout/              |           |
|    ep_len_mean        | 44.2      |
|    ep_rew_mean        | -1.56e+05 |
| time/                 |           |
|    fps                | 1363      |
|    time_elapsed       | 308       |
|    total_timesteps    | 420000    |
| train/                |           |
|    entropy_loss       | -21.6     |
|    explained_variance | -1.19e-07 |
|    learning_rate      | 0.0007    |
|    n_updates          | 20999     |
|    policy_loss        | -7.16e+05 |
|    std                | 1.47      |
|    value_loss         | 2.66e+09  |
-------------------------------------
-------------------------------------
| rollout/              |           |
|    ep_len_mean        | 39.6      |
|    ep_rew_mean        | -1.46e+05 |
| time/                 |           |
|    fps                | 1361      |
|    time_elapsed       | 315       |
|    total_timesteps    | 430000    |
| train/                |           |
|    entropy_loss       | -21.7     |
|    explained_variance | 0         |
|    learning_rate      | 0.0007    |
|    n_updates          | 21499     |
|    policy_loss        | -5.77e+04 |
|    std                | 1.49      |
|    value_loss         | 3.8e+07   |
-------------------------------------
-------------------------------------
| rollout/              |           |
|    ep_len_mean        | 36        |
|    ep_rew_mean        | -1.19e+05 |
| time/                 |           |
|    fps                | 1360      |
|    time_elapsed       | 323       |
|    total_timesteps    | 440000    |
| train/                |           |
|    entropy_loss       | -21.8     |
|    explained_variance | -1.19e-07 |
|    learning_rate      | 0.0007    |
|    n_updates          | 21999     |
|    policy_loss        | -4.45e+05 |
|    std                | 1.5       |
|    value_loss         | 1.96e+09  |
-------------------------------------
-------------------------------------
| rollout/              |           |
|    ep_len_mean        | 29.1      |
|    ep_rew_mean        | -1.36e+05 |
| time/                 |           |
|    fps                | 1359      |
|    time_elapsed       | 330       |
|    total_timesteps    | 450000    |
| train/                |           |
|    entropy_loss       | -21.9     |
|    explained_variance | -1.19e-07 |
|    learning_rate      | 0.0007    |
|    n_updates          | 22499     |
|    policy_loss        | -6.23e+04 |
|    std                | 1.51      |
|    value_loss         | 3.47e+07  |
-------------------------------------
-------------------------------------
| rollout/              |           |
|    ep_len_mean        | 42.8      |
|    ep_rew_mean        | -1.68e+05 |
| time/                 |           |
|    fps                | 1360      |
|    time_elapsed       | 338       |
|    total_timesteps    | 460000    |
| train/                |           |
|    entropy_loss       | -21.9     |
|    explained_variance | 0         |
|    learning_rate      | 0.0007    |
|    n_updates          | 22999     |
|    policy_loss        | -2.29e+05 |
|    std                | 1.51      |
|    value_loss         | 6.6e+08   |
-------------------------------------
-------------------------------------
| rollout/              |           |
|    ep_len_mean        | 47.2      |
|    ep_rew_mean        | -1.58e+05 |
| time/                 |           |
|    fps                | 1360      |
|    time_elapsed       | 345       |
|    total_timesteps    | 470000    |
| train/                |           |
|    entropy_loss       | -21.9     |
|    explained_variance | 2.98e-07  |
|    learning_rate      | 0.0007    |
|    n_updates          | 23499     |
|    policy_loss        | -2.32e+05 |
|    std                | 1.52      |
|    value_loss         | 6.9e+08   |
-------------------------------------
-------------------------------------
| rollout/              |           |
|    ep_len_mean        | 34        |
|    ep_rew_mean        | -1.7e+05  |
| time/                 |           |
|    fps                | 1359      |
|    time_elapsed       | 353       |
|    total_timesteps    | 480000    |
| train/                |           |
|    entropy_loss       | -22.1     |
|    explained_variance | 0         |
|    learning_rate      | 0.0007    |
|    n_updates          | 23999     |
|    policy_loss        | -1.17e+05 |
|    std                | 1.54      |
|    value_loss         | 1.63e+08  |
-------------------------------------
-------------------------------------
| rollout/              |           |
|    ep_len_mean        | 49.3      |
|    ep_rew_mean        | -1.94e+05 |
| time/                 |           |
|    fps                | 1359      |
|    time_elapsed       | 360       |
|    total_timesteps    | 490000    |
| train/                |           |
|    entropy_loss       | -22.3     |
|    explained_variance | 1.19e-07  |
|    learning_rate      | 0.0007    |
|    n_updates          | 24499     |
|    policy_loss        | -4.7e+05  |
|    std                | 1.56      |
|    value_loss         | 7.19e+08  |
-------------------------------------
-------------------------------------
| rollout/              |           |
|    ep_len_mean        | 40.5      |
|    ep_rew_mean        | -1.42e+05 |
| time/                 |           |
|    fps                | 1360      |
|    time_elapsed       | 367       |
|    total_timesteps    | 500000    |
| train/                |           |
|    entropy_loss       | -22.5     |
|    explained_variance | 0         |
|    learning_rate      | 0.0007    |
|    n_updates          | 24999     |
|    policy_loss        | -1.14e+05 |
|    std                | 1.58      |
|    value_loss         | 8.83e+07  |
-------------------------------------
-------------------------------------
| rollout/              |           |
|    ep_len_mean        | 44.7      |
|    ep_rew_mean        | -1.65e+05 |
| time/                 |           |
|    fps                | 1361      |
|    time_elapsed       | 374       |
|    total_timesteps    | 510000    |
| train/                |           |
|    entropy_loss       | -22.5     |
|    explained_variance | 0         |
|    learning_rate      | 0.0007    |
|    n_updates          | 25499     |
|    policy_loss        | -3.73e+05 |
|    std                | 1.6       |
|    value_loss         | 1.6e+09   |
-------------------------------------
-------------------------------------
| rollout/              |           |
|    ep_len_mean        | 33.9      |
|    ep_rew_mean        | -1.25e+05 |
| time/                 |           |
|    fps                | 1354      |
|    time_elapsed       | 383       |
|    total_timesteps    | 520000    |
| train/                |           |
|    entropy_loss       | -22.6     |
|    explained_variance | 2.38e-07  |
|    learning_rate      | 0.0007    |
|    n_updates          | 25999     |
|    policy_loss        | -1.41e+05 |
|    std                | 1.6       |
|    value_loss         | 1.12e+08  |
-------------------------------------
-------------------------------------
| rollout/              |           |
|    ep_len_mean        | 34.5      |
|    ep_rew_mean        | -1.18e+05 |
| time/                 |           |
|    fps                | 1355      |
|    time_elapsed       | 391       |
|    total_timesteps    | 530000    |
| train/                |           |
|    entropy_loss       | -22.7     |
|    explained_variance | -1.19e-07 |
|    learning_rate      | 0.0007    |
|    n_updates          | 26499     |
|    policy_loss        | -3.43e+04 |
|    std                | 1.62      |
|    value_loss         | 4.55e+07  |
-------------------------------------
-------------------------------------
| rollout/              |           |
|    ep_len_mean        | 46        |
|    ep_rew_mean        | -1.81e+05 |
| time/                 |           |
|    fps                | 1355      |
|    time_elapsed       | 398       |
|    total_timesteps    | 540000    |
| train/                |           |
|    entropy_loss       | -22.8     |
|    explained_variance | 0         |
|    learning_rate      | 0.0007    |
|    n_updates          | 26999     |
|    policy_loss        | -1.74e+05 |
|    std                | 1.63      |
|    value_loss         | 1.31e+08  |
-------------------------------------
------------------------------------
| rollout/              |          |
|    ep_len_mean        | 38.3     |
|    ep_rew_mean        | -1.2e+05 |
| time/                 |          |
|    fps                | 1354     |
|    time_elapsed       | 406      |
|    total_timesteps    | 550000   |
| train/                |          |
|    entropy_loss       | -22.8    |
|    explained_variance | 1.19e-07 |
|    learning_rate      | 0.0007   |
|    n_updates          | 27499    |
|    policy_loss        | 1.52e+04 |
|    std                | 1.64     |
|    value_loss         | 1.79e+06 |
------------------------------------
-------------------------------------
| rollout/              |           |
|    ep_len_mean        | 58.2      |
|    ep_rew_mean        | -2.09e+05 |
| time/                 |           |
|    fps                | 1354      |
|    time_elapsed       | 413       |
|    total_timesteps    | 560000    |
| train/                |           |
|    entropy_loss       | -23       |
|    explained_variance | 0         |
|    learning_rate      | 0.0007    |
|    n_updates          | 27999     |
|    policy_loss        | -1.87e+05 |
|    std                | 1.66      |
|    value_loss         | 2.15e+08  |
-------------------------------------
-------------------------------------
| rollout/              |           |
|    ep_len_mean        | 35.7      |
|    ep_rew_mean        | -1.46e+05 |
| time/                 |           |
|    fps                | 1353      |
|    time_elapsed       | 421       |
|    total_timesteps    | 570000    |
| train/                |           |
|    entropy_loss       | -23.1     |
|    explained_variance | -1.19e-07 |
|    learning_rate      | 0.0007    |
|    n_updates          | 28499     |
|    policy_loss        | -5.07e+05 |
|    std                | 1.67      |
|    value_loss         | 1.56e+09  |
-------------------------------------
-------------------------------------
| rollout/              |           |
|    ep_len_mean        | 43.2      |
|    ep_rew_mean        | -1.61e+05 |
| time/                 |           |
|    fps                | 1352      |
|    time_elapsed       | 428       |
|    total_timesteps    | 580000    |
| train/                |           |
|    entropy_loss       | -23.1     |
|    explained_variance | 5.96e-08  |
|    learning_rate      | 0.0007    |
|    n_updates          | 28999     |
|    policy_loss        | -9.42e+05 |
|    std                | 1.68      |
|    value_loss         | 3.72e+09  |
-------------------------------------
-------------------------------------
| rollout/              |           |
|    ep_len_mean        | 55.1      |
|    ep_rew_mean        | -1.69e+05 |
| time/                 |           |
|    fps                | 1353      |
|    time_elapsed       | 436       |
|    total_timesteps    | 590000    |
| train/                |           |
|    entropy_loss       | -23.1     |
|    explained_variance | -1.19e-07 |
|    learning_rate      | 0.0007    |
|    n_updates          | 29499     |
|    policy_loss        | -4.12e+05 |
|    std                | 1.68      |
|    value_loss         | 1.94e+09  |
-------------------------------------
-------------------------------------
| rollout/              |           |
|    ep_len_mean        | 50.9      |
|    ep_rew_mean        | -1.71e+05 |
| time/                 |           |
|    fps                | 1353      |
|    time_elapsed       | 443       |
|    total_timesteps    | 600000    |
| train/                |           |
|    entropy_loss       | -23.3     |
|    explained_variance | -1.19e-07 |
|    learning_rate      | 0.0007    |
|    n_updates          | 29999     |
|    policy_loss        | -1.18e+05 |
|    std                | 1.7       |
|    value_loss         | 7.85e+07  |
-------------------------------------
-------------------------------------
| rollout/              |           |
|    ep_len_mean        | 49.6      |
|    ep_rew_mean        | -1.55e+05 |
| time/                 |           |
|    fps                | 1354      |
|    time_elapsed       | 450       |
|    total_timesteps    | 610000    |
| train/                |           |
|    entropy_loss       | -23.4     |
|    explained_variance | 0         |
|    learning_rate      | 0.0007    |
|    n_updates          | 30499     |
|    policy_loss        | 3.1e+04   |
|    std                | 1.72      |
|    value_loss         | 3.36e+06  |
-------------------------------------
------------------------------------
| rollout/              |          |
|    ep_len_mean        | 30.6     |
|    ep_rew_mean        | -1.1e+05 |
| time/                 |          |
|    fps                | 1354     |
|    time_elapsed       | 457      |
|    total_timesteps    | 620000   |
| train/                |          |
|    entropy_loss       | -23.5    |
|    explained_variance | 0        |
|    learning_rate      | 0.0007   |
|    n_updates          | 30999    |
|    policy_loss        | 7.38e+03 |
|    std                | 1.73     |
|    value_loss         | 8.81e+06 |
------------------------------------
-------------------------------------
| rollout/              |           |
|    ep_len_mean        | 49.7      |
|    ep_rew_mean        | -1.68e+05 |
| time/                 |           |
|    fps                | 1354      |
|    time_elapsed       | 464       |
|    total_timesteps    | 630000    |
| train/                |           |
|    entropy_loss       | -23.6     |
|    explained_variance | 0         |
|    learning_rate      | 0.0007    |
|    n_updates          | 31499     |
|    policy_loss        | 6.27e+03  |
|    std                | 1.74      |
|    value_loss         | 1.68e+07  |
-------------------------------------
-------------------------------------
| rollout/              |           |
|    ep_len_mean        | 46        |
|    ep_rew_mean        | -1.6e+05  |
| time/                 |           |
|    fps                | 1356      |
|    time_elapsed       | 471       |
|    total_timesteps    | 640000    |
| train/                |           |
|    entropy_loss       | -23.7     |
|    explained_variance | 0         |
|    learning_rate      | 0.0007    |
|    n_updates          | 31999     |
|    policy_loss        | -3.52e+03 |
|    std                | 1.77      |
|    value_loss         | 4.17e+07  |
-------------------------------------
-------------------------------------
| rollout/              |           |
|    ep_len_mean        | 45.1      |
|    ep_rew_mean        | -1.39e+05 |
| time/                 |           |
|    fps                | 1357      |
|    time_elapsed       | 478       |
|    total_timesteps    | 650000    |
| train/                |           |
|    entropy_loss       | -23.9     |
|    explained_variance | 0         |
|    learning_rate      | 0.0007    |
|    n_updates          | 32499     |
|    policy_loss        | -5.05e+04 |
|    std                | 1.79      |
|    value_loss         | 2.66e+07  |
-------------------------------------
-------------------------------------
| rollout/              |           |
|    ep_len_mean        | 42.8      |
|    ep_rew_mean        | -1.5e+05  |
| time/                 |           |
|    fps                | 1358      |
|    time_elapsed       | 485       |
|    total_timesteps    | 660000    |
| train/                |           |
|    entropy_loss       | -24       |
|    explained_variance | 0         |
|    learning_rate      | 0.0007    |
|    n_updates          | 32999     |
|    policy_loss        | -1.04e+05 |
|    std                | 1.81      |
|    value_loss         | 9.08e+07  |
-------------------------------------
-------------------------------------
| rollout/              |           |
|    ep_len_mean        | 42.7      |
|    ep_rew_mean        | -1.56e+05 |
| time/                 |           |
|    fps                | 1359      |
|    time_elapsed       | 492       |
|    total_timesteps    | 670000    |
| train/                |           |
|    entropy_loss       | -24.1     |
|    explained_variance | 0         |
|    learning_rate      | 0.0007    |
|    n_updates          | 33499     |
|    policy_loss        | -4.41e+05 |
|    std                | 1.82      |
|    value_loss         | 1.88e+09  |
-------------------------------------
-------------------------------------
| rollout/              |           |
|    ep_len_mean        | 33.7      |
|    ep_rew_mean        | -1.26e+05 |
| time/                 |           |
|    fps                | 1358      |
|    time_elapsed       | 500       |
|    total_timesteps    | 680000    |
| train/                |           |
|    entropy_loss       | -24.2     |
|    explained_variance | 0         |
|    learning_rate      | 0.0007    |
|    n_updates          | 33999     |
|    policy_loss        | -1.94e+05 |
|    std                | 1.84      |
|    value_loss         | 1.31e+08  |
-------------------------------------
-------------------------------------
| rollout/              |           |
|    ep_len_mean        | 65        |
|    ep_rew_mean        | -2.64e+05 |
| time/                 |           |
|    fps                | 1359      |
|    time_elapsed       | 507       |
|    total_timesteps    | 690000    |
| train/                |           |
|    entropy_loss       | -24.4     |
|    explained_variance | 0         |
|    learning_rate      | 0.0007    |
|    n_updates          | 34499     |
|    policy_loss        | -2.09e+05 |
|    std                | 1.87      |
|    value_loss         | 1.49e+08  |
-------------------------------------
-------------------------------------
| rollout/              |           |
|    ep_len_mean        | 51.6      |
|    ep_rew_mean        | -1.98e+05 |
| time/                 |           |
|    fps                | 1360      |
|    time_elapsed       | 514       |
|    total_timesteps    | 700000    |
| train/                |           |
|    entropy_loss       | -24.5     |
|    explained_variance | 0         |
|    learning_rate      | 0.0007    |
|    n_updates          | 34999     |
|    policy_loss        | -3.41e+05 |
|    std                | 1.89      |
|    value_loss         | 6.9e+08   |
-------------------------------------
-------------------------------------
| rollout/              |           |
|    ep_len_mean        | 35.3      |
|    ep_rew_mean        | -1.49e+05 |
| time/                 |           |
|    fps                | 1360      |
|    time_elapsed       | 521       |
|    total_timesteps    | 710000    |
| train/                |           |
|    entropy_loss       | -24.6     |
|    explained_variance | 0         |
|    learning_rate      | 0.0007    |
|    n_updates          | 35499     |
|    policy_loss        | -5.4e+05  |
|    std                | 1.91      |
|    value_loss         | 1.97e+09  |
-------------------------------------
-------------------------------------
| rollout/              |           |
|    ep_len_mean        | 35.2      |
|    ep_rew_mean        | -1.37e+05 |
| time/                 |           |
|    fps                | 1360      |
|    time_elapsed       | 529       |
|    total_timesteps    | 720000    |
| train/                |           |
|    entropy_loss       | -24.7     |
|    explained_variance | 2.98e-07  |
|    learning_rate      | 0.0007    |
|    n_updates          | 35999     |
|    policy_loss        | -7.08e+05 |
|    std                | 1.92      |
|    value_loss         | 2.67e+09  |
-------------------------------------
-------------------------------------
| rollout/              |           |
|    ep_len_mean        | 37        |
|    ep_rew_mean        | -1.32e+05 |
| time/                 |           |
|    fps                | 1360      |
|    time_elapsed       | 536       |
|    total_timesteps    | 730000    |
| train/                |           |
|    entropy_loss       | -24.7     |
|    explained_variance | 1.79e-07  |
|    learning_rate      | 0.0007    |
|    n_updates          | 36499     |
|    policy_loss        | -7.7e+05  |
|    std                | 1.92      |
|    value_loss         | 2.88e+09  |
-------------------------------------
-------------------------------------
| rollout/              |           |
|    ep_len_mean        | 40.5      |
|    ep_rew_mean        | -1.27e+05 |
| time/                 |           |
|    fps                | 1361      |
|    time_elapsed       | 543       |
|    total_timesteps    | 740000    |
| train/                |           |
|    entropy_loss       | -24.7     |
|    explained_variance | 0         |
|    learning_rate      | 0.0007    |
|    n_updates          | 36999     |
|    policy_loss        | -2.54e+05 |
|    std                | 1.93      |
|    value_loss         | 2.26e+08  |
-------------------------------------
-------------------------------------
| rollout/              |           |
|    ep_len_mean        | 35.1      |
|    ep_rew_mean        | -1.29e+05 |
| time/                 |           |
|    fps                | 1360      |
|    time_elapsed       | 551       |
|    total_timesteps    | 750000    |
| train/                |           |
|    entropy_loss       | -24.9     |
|    explained_variance | 0         |
|    learning_rate      | 0.0007    |
|    n_updates          | 37499     |
|    policy_loss        | -7.18e+05 |
|    std                | 1.96      |
|    value_loss         | 2.37e+09  |
-------------------------------------
-------------------------------------
| rollout/              |           |
|    ep_len_mean        | 51        |
|    ep_rew_mean        | -1.62e+05 |
| time/                 |           |
|    fps                | 1359      |
|    time_elapsed       | 558       |
|    total_timesteps    | 760000    |
| train/                |           |
|    entropy_loss       | -25       |
|    explained_variance | 0         |
|    learning_rate      | 0.0007    |
|    n_updates          | 37999     |
|    policy_loss        | -1.29e+05 |
|    std                | 1.98      |
|    value_loss         | 6.06e+07  |
-------------------------------------
-------------------------------------
| rollout/              |           |
|    ep_len_mean        | 39.7      |
|    ep_rew_mean        | -1.24e+05 |
| time/                 |           |
|    fps                | 1358      |
|    time_elapsed       | 566       |
|    total_timesteps    | 770000    |
| train/                |           |
|    entropy_loss       | -25.1     |
|    explained_variance | 0         |
|    learning_rate      | 0.0007    |
|    n_updates          | 38499     |
|    policy_loss        | -8.16e+04 |
|    std                | 2         |
|    value_loss         | 3.32e+07  |
-------------------------------------
-------------------------------------
| rollout/              |           |
|    ep_len_mean        | 36.6      |
|    ep_rew_mean        | -1.48e+05 |
| time/                 |           |
|    fps                | 1358      |
|    time_elapsed       | 574       |
|    total_timesteps    | 780000    |
| train/                |           |
|    entropy_loss       | -25.2     |
|    explained_variance | 0         |
|    learning_rate      | 0.0007    |
|    n_updates          | 38999     |
|    policy_loss        | -5.26e+05 |
|    std                | 2         |
|    value_loss         | 2e+09     |
-------------------------------------
-------------------------------------
| rollout/              |           |
|    ep_len_mean        | 36.5      |
|    ep_rew_mean        | -1.35e+05 |
| time/                 |           |
|    fps                | 1359      |
|    time_elapsed       | 581       |
|    total_timesteps    | 790000    |
| train/                |           |
|    entropy_loss       | -25.3     |
|    explained_variance | 5.96e-08  |
|    learning_rate      | 0.0007    |
|    n_updates          | 39499     |
|    policy_loss        | -3.1e+05  |
|    std                | 2.02      |
|    value_loss         | 1.05e+09  |
-------------------------------------
-------------------------------------
| rollout/              |           |
|    ep_len_mean        | 35.7      |
|    ep_rew_mean        | -1.31e+05 |
| time/                 |           |
|    fps                | 1359      |
|    time_elapsed       | 588       |
|    total_timesteps    | 800000    |
| train/                |           |
|    entropy_loss       | -25.4     |
|    explained_variance | 0         |
|    learning_rate      | 0.0007    |
|    n_updates          | 39999     |
|    policy_loss        | -9.42e+05 |
|    std                | 2.04      |
|    value_loss         | 3.43e+09  |
-------------------------------------
-------------------------------------
| rollout/              |           |
|    ep_len_mean        | 50.9      |
|    ep_rew_mean        | -1.94e+05 |
| time/                 |           |
|    fps                | 1359      |
|    time_elapsed       | 595       |
|    total_timesteps    | 810000    |
| train/                |           |
|    entropy_loss       | -25.5     |
|    explained_variance | -1.19e-07 |
|    learning_rate      | 0.0007    |
|    n_updates          | 40499     |
|    policy_loss        | -2.24e+05 |
|    std                | 2.07      |
|    value_loss         | 2.29e+08  |
-------------------------------------
-------------------------------------
| rollout/              |           |
|    ep_len_mean        | 30.9      |
|    ep_rew_mean        | -1.22e+05 |
| time/                 |           |
|    fps                | 1359      |
|    time_elapsed       | 603       |
|    total_timesteps    | 820000    |
| train/                |           |
|    entropy_loss       | -25.8     |
|    explained_variance | 0         |
|    learning_rate      | 0.0007    |
|    n_updates          | 40999     |
|    policy_loss        | -5.73e+05 |
|    std                | 2.1       |
|    value_loss         | 1.65e+09  |
-------------------------------------
-------------------------------------
| rollout/              |           |
|    ep_len_mean        | 39.1      |
|    ep_rew_mean        | -1.32e+05 |
| time/                 |           |
|    fps                | 1359      |
|    time_elapsed       | 610       |
|    total_timesteps    | 830000    |
| train/                |           |
|    entropy_loss       | -25.8     |
|    explained_variance | 0         |
|    learning_rate      | 0.0007    |
|    n_updates          | 41499     |
|    policy_loss        | -1.1e+05  |
|    std                | 2.11      |
|    value_loss         | 4.08e+07  |
-------------------------------------
-------------------------------------
| rollout/              |           |
|    ep_len_mean        | 48.2      |
|    ep_rew_mean        | -1.84e+05 |
| time/                 |           |
|    fps                | 1359      |
|    time_elapsed       | 617       |
|    total_timesteps    | 840000    |
| train/                |           |
|    entropy_loss       | -25.8     |
|    explained_variance | 0         |
|    learning_rate      | 0.0007    |
|    n_updates          | 41999     |
|    policy_loss        | -4.92e+04 |
|    std                | 2.12      |
|    value_loss         | 2.67e+07  |
-------------------------------------
-------------------------------------
| rollout/              |           |
|    ep_len_mean        | 48.2      |
|    ep_rew_mean        | -2.2e+05  |
| time/                 |           |
|    fps                | 1359      |
|    time_elapsed       | 625       |
|    total_timesteps    | 850000    |
| train/                |           |
|    entropy_loss       | -26       |
|    explained_variance | -1.19e-07 |
|    learning_rate      | 0.0007    |
|    n_updates          | 42499     |
|    policy_loss        | -8.72e+05 |
|    std                | 2.14      |
|    value_loss         | 2.76e+09  |
-------------------------------------
-------------------------------------
| rollout/              |           |
|    ep_len_mean        | 40.1      |
|    ep_rew_mean        | -2.06e+05 |
| time/                 |           |
|    fps                | 1360      |
|    time_elapsed       | 632       |
|    total_timesteps    | 860000    |
| train/                |           |
|    entropy_loss       | -26.1     |
|    explained_variance | 0         |
|    learning_rate      | 0.0007    |
|    n_updates          | 42999     |
|    policy_loss        | -9.65e+04 |
|    std                | 2.16      |
|    value_loss         | 3.99e+07  |
-------------------------------------
-------------------------------------
| rollout/              |           |
|    ep_len_mean        | 47.8      |
|    ep_rew_mean        | -2.18e+05 |
| time/                 |           |
|    fps                | 1361      |
|    time_elapsed       | 639       |
|    total_timesteps    | 870000    |
| train/                |           |
|    entropy_loss       | -26.3     |
|    explained_variance | -1.19e-07 |
|    learning_rate      | 0.0007    |
|    n_updates          | 43499     |
|    policy_loss        | -7.07e+04 |
|    std                | 2.19      |
|    value_loss         | 3.08e+07  |
-------------------------------------
-------------------------------------
| rollout/              |           |
|    ep_len_mean        | 49.4      |
|    ep_rew_mean        | -2.56e+05 |
| time/                 |           |
|    fps                | 1362      |
|    time_elapsed       | 645       |
|    total_timesteps    | 880000    |
| train/                |           |
|    entropy_loss       | -26.3     |
|    explained_variance | 0         |
|    learning_rate      | 0.0007    |
|    n_updates          | 43999     |
|    policy_loss        | -3.38e+05 |
|    std                | 2.21      |
|    value_loss         | 1.02e+09  |
-------------------------------------
-------------------------------------
| rollout/              |           |
|    ep_len_mean        | 46.6      |
|    ep_rew_mean        | -1.66e+05 |
| time/                 |           |
|    fps                | 1363      |
|    time_elapsed       | 652       |
|    total_timesteps    | 890000    |
| train/                |           |
|    entropy_loss       | -26.4     |
|    explained_variance | 0         |
|    learning_rate      | 0.0007    |
|    n_updates          | 44499     |
|    policy_loss        | -3.6e+05  |
|    std                | 2.22      |
|    value_loss         | 1.13e+09  |
-------------------------------------
-------------------------------------
| rollout/              |           |
|    ep_len_mean        | 39.6      |
|    ep_rew_mean        | -1.35e+05 |
| time/                 |           |
|    fps                | 1364      |
|    time_elapsed       | 659       |
|    total_timesteps    | 900000    |
| train/                |           |
|    entropy_loss       | -26.4     |
|    explained_variance | 0         |
|    learning_rate      | 0.0007    |
|    n_updates          | 44999     |
|    policy_loss        | -1.67e+05 |
|    std                | 2.22      |
|    value_loss         | 1.14e+08  |
-------------------------------------
-------------------------------------
| rollout/              |           |
|    ep_len_mean        | 39.2      |
|    ep_rew_mean        | -1.35e+05 |
| time/                 |           |
|    fps                | 1364      |
|    time_elapsed       | 666       |
|    total_timesteps    | 910000    |
| train/                |           |
|    entropy_loss       | -26.7     |
|    explained_variance | 1.19e-07  |
|    learning_rate      | 0.0007    |
|    n_updates          | 45499     |
|    policy_loss        | -6.13e+05 |
|    std                | 2.27      |
|    value_loss         | 1.96e+09  |
-------------------------------------
-------------------------------------
| rollout/              |           |
|    ep_len_mean        | 33.3      |
|    ep_rew_mean        | -1.19e+05 |
| time/                 |           |
|    fps                | 1365      |
|    time_elapsed       | 673       |
|    total_timesteps    | 920000    |
| train/                |           |
|    entropy_loss       | -26.7     |
|    explained_variance | 0         |
|    learning_rate      | 0.0007    |
|    n_updates          | 45999     |
|    policy_loss        | -1.3e+05  |
|    std                | 2.27      |
|    value_loss         | 5.19e+08  |
-------------------------------------
-------------------------------------
| rollout/              |           |
|    ep_len_mean        | 43        |
|    ep_rew_mean        | -1.42e+05 |
| time/                 |           |
|    fps                | 1365      |
|    time_elapsed       | 680       |
|    total_timesteps    | 930000    |
| train/                |           |
|    entropy_loss       | -26.8     |
|    explained_variance | 0         |
|    learning_rate      | 0.0007    |
|    n_updates          | 46499     |
|    policy_loss        | -2.23e+05 |
|    std                | 2.29      |
|    value_loss         | 1.56e+08  |
-------------------------------------
-------------------------------------
| rollout/              |           |
|    ep_len_mean        | 38.8      |
|    ep_rew_mean        | -1.41e+05 |
| time/                 |           |
|    fps                | 1366      |
|    time_elapsed       | 687       |
|    total_timesteps    | 940000    |
| train/                |           |
|    entropy_loss       | -26.8     |
|    explained_variance | 0         |
|    learning_rate      | 0.0007    |
|    n_updates          | 46999     |
|    policy_loss        | -1.08e+05 |
|    std                | 2.29      |
|    value_loss         | 4.97e+07  |
-------------------------------------
-------------------------------------
| rollout/              |           |
|    ep_len_mean        | 48.6      |
|    ep_rew_mean        | -1.83e+05 |
| time/                 |           |
|    fps                | 1366      |
|    time_elapsed       | 695       |
|    total_timesteps    | 950000    |
| train/                |           |
|    entropy_loss       | -26.9     |
|    explained_variance | 5.96e-08  |
|    learning_rate      | 0.0007    |
|    n_updates          | 47499     |
|    policy_loss        | -1.58e+05 |
|    std                | 2.31      |
|    value_loss         | 1.53e+08  |
-------------------------------------
-------------------------------------
| rollout/              |           |
|    ep_len_mean        | 40.9      |
|    ep_rew_mean        | -1.49e+05 |
| time/                 |           |
|    fps                | 1367      |
|    time_elapsed       | 702       |
|    total_timesteps    | 960000    |
| train/                |           |
|    entropy_loss       | -26.9     |
|    explained_variance | 1.19e-07  |
|    learning_rate      | 0.0007    |
|    n_updates          | 47999     |
|    policy_loss        | -1.27e+05 |
|    std                | 2.31      |
|    value_loss         | 1.11e+08  |
-------------------------------------
-------------------------------------
| rollout/              |           |
|    ep_len_mean        | 57.2      |
|    ep_rew_mean        | -1.99e+05 |
| time/                 |           |
|    fps                | 1367      |
|    time_elapsed       | 709       |
|    total_timesteps    | 970000    |
| train/                |           |
|    entropy_loss       | -27.1     |
|    explained_variance | 0         |
|    learning_rate      | 0.0007    |
|    n_updates          | 48499     |
|    policy_loss        | -3.11e+05 |
|    std                | 2.34      |
|    value_loss         | 1.95e+08  |
-------------------------------------
-------------------------------------
| rollout/              |           |
|    ep_len_mean        | 48.7      |
|    ep_rew_mean        | -2.04e+05 |
| time/                 |           |
|    fps                | 1367      |
|    time_elapsed       | 716       |
|    total_timesteps    | 980000    |
| train/                |           |
|    entropy_loss       | -27.1     |
|    explained_variance | -1.19e-07 |
|    learning_rate      | 0.0007    |
|    n_updates          | 48999     |
|    policy_loss        | -2.14e+05 |
|    std                | 2.36      |
|    value_loss         | 9.66e+07  |
-------------------------------------
-------------------------------------
| rollout/              |           |
|    ep_len_mean        | 41.9      |
|    ep_rew_mean        | -1.65e+05 |
| time/                 |           |
|    fps                | 1368      |
|    time_elapsed       | 723       |
|    total_timesteps    | 990000    |
| train/                |           |
|    entropy_loss       | -27.2     |
|    explained_variance | 0         |
|    learning_rate      | 0.0007    |
|    n_updates          | 49499     |
|    policy_loss        | -9.01e+05 |
|    std                | 2.37      |
|    value_loss         | 3.25e+09  |
-------------------------------------
-------------------------------------
| rollout/              |           |
|    ep_len_mean        | 44.1      |
|    ep_rew_mean        | -2.02e+05 |
| time/                 |           |
|    fps                | 1368      |
|    time_elapsed       | 730       |
|    total_timesteps    | 1000000   |
| train/                |           |
|    entropy_loss       | -27.2     |
|    explained_variance | 0         |
|    learning_rate      | 0.0007    |
|    n_updates          | 49999     |
|    policy_loss        | -2.71e+05 |
|    std                | 2.37      |
|    value_loss         | 3.37e+08  |
-------------------------------------
Training ended on Tue Jan 27 23:45:55 2026
Training lasted 0:12:10.542359
