Logging to training_default_logs/4_robots/logs/A2C_set8
Using cpu device
Training started on Tue Jan 27 23:34:01 2026
Experiment configuration: {'algorithm': 'A2C', 'set': 8, 'verbose': 1, 'steps': 1000000, 'num_robots': 4, 'num_envs': 4, 'seed': 33, 'log_steps': 10000, 'resume': False, 'device': 'cpu'}
-------------------------------------
| rollout/              |           |
|    ep_len_mean        | 51.7      |
|    ep_rew_mean        | -8.11e+05 |
| time/                 |           |
|    fps                | 767       |
|    time_elapsed       | 13        |
|    total_timesteps    | 10000     |
| train/                |           |
|    entropy_loss       | -17.1     |
|    explained_variance | 1.19e-07  |
|    learning_rate      | 0.0007    |
|    n_updates          | 499       |
|    policy_loss        | -7.59e+05 |
|    std                | 1.01      |
|    value_loss         | 2.3e+09   |
-------------------------------------
-------------------------------------
| rollout/              |           |
|    ep_len_mean        | 56        |
|    ep_rew_mean        | -9.03e+05 |
| time/                 |           |
|    fps                | 1010      |
|    time_elapsed       | 19        |
|    total_timesteps    | 20000     |
| train/                |           |
|    entropy_loss       | -17.2     |
|    explained_variance | 0         |
|    learning_rate      | 0.0007    |
|    n_updates          | 999       |
|    policy_loss        | -8.99e+05 |
|    std                | 1.02      |
|    value_loss         | 4.34e+09  |
-------------------------------------
-------------------------------------
| rollout/              |           |
|    ep_len_mean        | 49.2      |
|    ep_rew_mean        | -8.55e+05 |
| time/                 |           |
|    fps                | 1122      |
|    time_elapsed       | 26        |
|    total_timesteps    | 30000     |
| train/                |           |
|    entropy_loss       | -17.3     |
|    explained_variance | -1.19e-07 |
|    learning_rate      | 0.0007    |
|    n_updates          | 1499      |
|    policy_loss        | -7.82e+05 |
|    std                | 1.02      |
|    value_loss         | 2.56e+09  |
-------------------------------------
-------------------------------------
| rollout/              |           |
|    ep_len_mean        | 53.9      |
|    ep_rew_mean        | -8.51e+05 |
| time/                 |           |
|    fps                | 1189      |
|    time_elapsed       | 33        |
|    total_timesteps    | 40000     |
| train/                |           |
|    entropy_loss       | -17.3     |
|    explained_variance | 5.96e-08  |
|    learning_rate      | 0.0007    |
|    n_updates          | 1999      |
|    policy_loss        | -6.71e+05 |
|    std                | 1.03      |
|    value_loss         | 2.5e+09   |
-------------------------------------
-------------------------------------
| rollout/              |           |
|    ep_len_mean        | 29.4      |
|    ep_rew_mean        | -5.86e+05 |
| time/                 |           |
|    fps                | 1234      |
|    time_elapsed       | 40        |
|    total_timesteps    | 50000     |
| train/                |           |
|    entropy_loss       | -17.4     |
|    explained_variance | 0         |
|    learning_rate      | 0.0007    |
|    n_updates          | 2499      |
|    policy_loss        | -1.01e+06 |
|    std                | 1.03      |
|    value_loss         | 4.36e+09  |
-------------------------------------
-------------------------------------
| rollout/              |           |
|    ep_len_mean        | 47.2      |
|    ep_rew_mean        | -7.24e+05 |
| time/                 |           |
|    fps                | 1264      |
|    time_elapsed       | 47        |
|    total_timesteps    | 60000     |
| train/                |           |
|    entropy_loss       | -17.5     |
|    explained_variance | 0         |
|    learning_rate      | 0.0007    |
|    n_updates          | 2999      |
|    policy_loss        | -7.83e+05 |
|    std                | 1.04      |
|    value_loss         | 3.14e+09  |
-------------------------------------
-------------------------------------
| rollout/              |           |
|    ep_len_mean        | 43.6      |
|    ep_rew_mean        | -6.47e+05 |
| time/                 |           |
|    fps                | 1286      |
|    time_elapsed       | 54        |
|    total_timesteps    | 70000     |
| train/                |           |
|    entropy_loss       | -17.5     |
|    explained_variance | 0         |
|    learning_rate      | 0.0007    |
|    n_updates          | 3499      |
|    policy_loss        | -6.71e+05 |
|    std                | 1.04      |
|    value_loss         | 1.69e+09  |
-------------------------------------
-------------------------------------
| rollout/              |           |
|    ep_len_mean        | 39.4      |
|    ep_rew_mean        | -6.08e+05 |
| time/                 |           |
|    fps                | 1242      |
|    time_elapsed       | 64        |
|    total_timesteps    | 80000     |
| train/                |           |
|    entropy_loss       | -17.5     |
|    explained_variance | 0         |
|    learning_rate      | 0.0007    |
|    n_updates          | 3999      |
|    policy_loss        | -6.28e+05 |
|    std                | 1.04      |
|    value_loss         | 1.87e+09  |
-------------------------------------
-------------------------------------
| rollout/              |           |
|    ep_len_mean        | 70.6      |
|    ep_rew_mean        | -1.12e+06 |
| time/                 |           |
|    fps                | 1119      |
|    time_elapsed       | 80        |
|    total_timesteps    | 90000     |
| train/                |           |
|    entropy_loss       | -17.5     |
|    explained_variance | -1.19e-07 |
|    learning_rate      | 0.0007    |
|    n_updates          | 4499      |
|    policy_loss        | -6.47e+05 |
|    std                | 1.04      |
|    value_loss         | 1.56e+09  |
-------------------------------------
-------------------------------------
| rollout/              |           |
|    ep_len_mean        | 50.1      |
|    ep_rew_mean        | -7.83e+05 |
| time/                 |           |
|    fps                | 1138      |
|    time_elapsed       | 87        |
|    total_timesteps    | 100000    |
| train/                |           |
|    entropy_loss       | -17.5     |
|    explained_variance | 1.19e-07  |
|    learning_rate      | 0.0007    |
|    n_updates          | 4999      |
|    policy_loss        | -5.94e+05 |
|    std                | 1.05      |
|    value_loss         | 1.42e+09  |
-------------------------------------
-------------------------------------
| rollout/              |           |
|    ep_len_mean        | 57.9      |
|    ep_rew_mean        | -8.92e+05 |
| time/                 |           |
|    fps                | 1154      |
|    time_elapsed       | 95        |
|    total_timesteps    | 110000    |
| train/                |           |
|    entropy_loss       | -17.6     |
|    explained_variance | -1.19e-07 |
|    learning_rate      | 0.0007    |
|    n_updates          | 5499      |
|    policy_loss        | -7.98e+05 |
|    std                | 1.05      |
|    value_loss         | 2.44e+09  |
-------------------------------------
-------------------------------------
| rollout/              |           |
|    ep_len_mean        | 40.7      |
|    ep_rew_mean        | -5.89e+05 |
| time/                 |           |
|    fps                | 1160      |
|    time_elapsed       | 103       |
|    total_timesteps    | 120000    |
| train/                |           |
|    entropy_loss       | -17.7     |
|    explained_variance | -1.19e-07 |
|    learning_rate      | 0.0007    |
|    n_updates          | 5999      |
|    policy_loss        | -9.54e+05 |
|    std                | 1.06      |
|    value_loss         | 4.04e+09  |
-------------------------------------
-------------------------------------
| rollout/              |           |
|    ep_len_mean        | 34        |
|    ep_rew_mean        | -5e+05    |
| time/                 |           |
|    fps                | 1153      |
|    time_elapsed       | 112       |
|    total_timesteps    | 130000    |
| train/                |           |
|    entropy_loss       | -17.8     |
|    explained_variance | 0         |
|    learning_rate      | 0.0007    |
|    n_updates          | 6499      |
|    policy_loss        | -5.75e+05 |
|    std                | 1.07      |
|    value_loss         | 1.3e+09   |
-------------------------------------
-------------------------------------
| rollout/              |           |
|    ep_len_mean        | 37.9      |
|    ep_rew_mean        | -5.41e+05 |
| time/                 |           |
|    fps                | 1157      |
|    time_elapsed       | 120       |
|    total_timesteps    | 140000    |
| train/                |           |
|    entropy_loss       | -17.9     |
|    explained_variance | 1.19e-07  |
|    learning_rate      | 0.0007    |
|    n_updates          | 6999      |
|    policy_loss        | -7.23e+05 |
|    std                | 1.08      |
|    value_loss         | 2.02e+09  |
-------------------------------------
-------------------------------------
| rollout/              |           |
|    ep_len_mean        | 29.8      |
|    ep_rew_mean        | -4.17e+05 |
| time/                 |           |
|    fps                | 1155      |
|    time_elapsed       | 129       |
|    total_timesteps    | 150000    |
| train/                |           |
|    entropy_loss       | -18       |
|    explained_variance | 0         |
|    learning_rate      | 0.0007    |
|    n_updates          | 7499      |
|    policy_loss        | -1.01e+06 |
|    std                | 1.08      |
|    value_loss         | 4.97e+09  |
-------------------------------------
-------------------------------------
| rollout/              |           |
|    ep_len_mean        | 33.7      |
|    ep_rew_mean        | -4.84e+05 |
| time/                 |           |
|    fps                | 1157      |
|    time_elapsed       | 138       |
|    total_timesteps    | 160000    |
| train/                |           |
|    entropy_loss       | -18       |
|    explained_variance | 0         |
|    learning_rate      | 0.0007    |
|    n_updates          | 7999      |
|    policy_loss        | -6.77e+05 |
|    std                | 1.08      |
|    value_loss         | 2.18e+09  |
-------------------------------------
-------------------------------------
| rollout/              |           |
|    ep_len_mean        | 46.3      |
|    ep_rew_mean        | -6.93e+05 |
| time/                 |           |
|    fps                | 1164      |
|    time_elapsed       | 145       |
|    total_timesteps    | 170000    |
| train/                |           |
|    entropy_loss       | -18.1     |
|    explained_variance | 0         |
|    learning_rate      | 0.0007    |
|    n_updates          | 8499      |
|    policy_loss        | -8.7e+05  |
|    std                | 1.09      |
|    value_loss         | 2.93e+09  |
-------------------------------------
-------------------------------------
| rollout/              |           |
|    ep_len_mean        | 49.7      |
|    ep_rew_mean        | -7.01e+05 |
| time/                 |           |
|    fps                | 1169      |
|    time_elapsed       | 153       |
|    total_timesteps    | 180000    |
| train/                |           |
|    entropy_loss       | -18.1     |
|    explained_variance | 5.96e-08  |
|    learning_rate      | 0.0007    |
|    n_updates          | 8999      |
|    policy_loss        | -6.26e+05 |
|    std                | 1.1       |
|    value_loss         | 1.49e+09  |
-------------------------------------
-------------------------------------
| rollout/              |           |
|    ep_len_mean        | 42.9      |
|    ep_rew_mean        | -6.23e+05 |
| time/                 |           |
|    fps                | 1175      |
|    time_elapsed       | 161       |
|    total_timesteps    | 190000    |
| train/                |           |
|    entropy_loss       | -18.1     |
|    explained_variance | 5.96e-08  |
|    learning_rate      | 0.0007    |
|    n_updates          | 9499      |
|    policy_loss        | -6.51e+05 |
|    std                | 1.1       |
|    value_loss         | 2.17e+09  |
-------------------------------------
-------------------------------------
| rollout/              |           |
|    ep_len_mean        | 40.5      |
|    ep_rew_mean        | -6.17e+05 |
| time/                 |           |
|    fps                | 1179      |
|    time_elapsed       | 169       |
|    total_timesteps    | 200000    |
| train/                |           |
|    entropy_loss       | -18.1     |
|    explained_variance | 0         |
|    learning_rate      | 0.0007    |
|    n_updates          | 9999      |
|    policy_loss        | -1.42e+06 |
|    std                | 1.1       |
|    value_loss         | 8.95e+09  |
-------------------------------------
-------------------------------------
| rollout/              |           |
|    ep_len_mean        | 53.1      |
|    ep_rew_mean        | -8.14e+05 |
| time/                 |           |
|    fps                | 1184      |
|    time_elapsed       | 177       |
|    total_timesteps    | 210000    |
| train/                |           |
|    entropy_loss       | -18.1     |
|    explained_variance | 1.19e-07  |
|    learning_rate      | 0.0007    |
|    n_updates          | 10499     |
|    policy_loss        | -7.23e+05 |
|    std                | 1.1       |
|    value_loss         | 1.8e+09   |
-------------------------------------
-------------------------------------
| rollout/              |           |
|    ep_len_mean        | 53        |
|    ep_rew_mean        | -8.45e+05 |
| time/                 |           |
|    fps                | 1188      |
|    time_elapsed       | 185       |
|    total_timesteps    | 220000    |
| train/                |           |
|    entropy_loss       | -18.2     |
|    explained_variance | -1.19e-07 |
|    learning_rate      | 0.0007    |
|    n_updates          | 10999     |
|    policy_loss        | -8.33e+05 |
|    std                | 1.1       |
|    value_loss         | 2.81e+09  |
-------------------------------------
-------------------------------------
| rollout/              |           |
|    ep_len_mean        | 44.8      |
|    ep_rew_mean        | -6.57e+05 |
| time/                 |           |
|    fps                | 1189      |
|    time_elapsed       | 193       |
|    total_timesteps    | 230000    |
| train/                |           |
|    entropy_loss       | -18.2     |
|    explained_variance | 0         |
|    learning_rate      | 0.0007    |
|    n_updates          | 11499     |
|    policy_loss        | -8.25e+05 |
|    std                | 1.11      |
|    value_loss         | 2.51e+09  |
-------------------------------------
-------------------------------------
| rollout/              |           |
|    ep_len_mean        | 41        |
|    ep_rew_mean        | -6.08e+05 |
| time/                 |           |
|    fps                | 1123      |
|    time_elapsed       | 213       |
|    total_timesteps    | 240000    |
| train/                |           |
|    entropy_loss       | -18.3     |
|    explained_variance | 0         |
|    learning_rate      | 0.0007    |
|    n_updates          | 11999     |
|    policy_loss        | -6.17e+05 |
|    std                | 1.12      |
|    value_loss         | 1.49e+09  |
-------------------------------------
-------------------------------------
| rollout/              |           |
|    ep_len_mean        | 38.5      |
|    ep_rew_mean        | -6.66e+05 |
| time/                 |           |
|    fps                | 1083      |
|    time_elapsed       | 230       |
|    total_timesteps    | 250000    |
| train/                |           |
|    entropy_loss       | -18.4     |
|    explained_variance | 1.19e-07  |
|    learning_rate      | 0.0007    |
|    n_updates          | 12499     |
|    policy_loss        | -8.73e+05 |
|    std                | 1.13      |
|    value_loss         | 3.44e+09  |
-------------------------------------
-------------------------------------
| rollout/              |           |
|    ep_len_mean        | 52.1      |
|    ep_rew_mean        | -7.54e+05 |
| time/                 |           |
|    fps                | 1090      |
|    time_elapsed       | 238       |
|    total_timesteps    | 260000    |
| train/                |           |
|    entropy_loss       | -18.5     |
|    explained_variance | 0         |
|    learning_rate      | 0.0007    |
|    n_updates          | 12999     |
|    policy_loss        | -9.82e+05 |
|    std                | 1.13      |
|    value_loss         | 4.53e+09  |
-------------------------------------
-------------------------------------
| rollout/              |           |
|    ep_len_mean        | 38.1      |
|    ep_rew_mean        | -5.3e+05  |
| time/                 |           |
|    fps                | 1092      |
|    time_elapsed       | 247       |
|    total_timesteps    | 270000    |
| train/                |           |
|    entropy_loss       | -18.5     |
|    explained_variance | 1.19e-07  |
|    learning_rate      | 0.0007    |
|    n_updates          | 13499     |
|    policy_loss        | -8.06e+05 |
|    std                | 1.13      |
|    value_loss         | 2.96e+09  |
-------------------------------------
-------------------------------------
| rollout/              |           |
|    ep_len_mean        | 48.4      |
|    ep_rew_mean        | -6.97e+05 |
| time/                 |           |
|    fps                | 1096      |
|    time_elapsed       | 255       |
|    total_timesteps    | 280000    |
| train/                |           |
|    entropy_loss       | -18.6     |
|    explained_variance | 5.96e-08  |
|    learning_rate      | 0.0007    |
|    n_updates          | 13999     |
|    policy_loss        | -7.13e+05 |
|    std                | 1.14      |
|    value_loss         | 1.9e+09   |
-------------------------------------
-------------------------------------
| rollout/              |           |
|    ep_len_mean        | 34.2      |
|    ep_rew_mean        | -5.23e+05 |
| time/                 |           |
|    fps                | 1101      |
|    time_elapsed       | 263       |
|    total_timesteps    | 290000    |
| train/                |           |
|    entropy_loss       | -18.7     |
|    explained_variance | 0         |
|    learning_rate      | 0.0007    |
|    n_updates          | 14499     |
|    policy_loss        | -6.09e+05 |
|    std                | 1.15      |
|    value_loss         | 1.3e+09   |
-------------------------------------
-------------------------------------
| rollout/              |           |
|    ep_len_mean        | 25.1      |
|    ep_rew_mean        | -4.01e+05 |
| time/                 |           |
|    fps                | 1104      |
|    time_elapsed       | 271       |
|    total_timesteps    | 300000    |
| train/                |           |
|    entropy_loss       | -18.7     |
|    explained_variance | 0         |
|    learning_rate      | 0.0007    |
|    n_updates          | 14999     |
|    policy_loss        | -7.78e+05 |
|    std                | 1.16      |
|    value_loss         | 2.28e+09  |
-------------------------------------
-------------------------------------
| rollout/              |           |
|    ep_len_mean        | 27.2      |
|    ep_rew_mean        | -5.05e+05 |
| time/                 |           |
|    fps                | 1108      |
|    time_elapsed       | 279       |
|    total_timesteps    | 310000    |
| train/                |           |
|    entropy_loss       | -18.8     |
|    explained_variance | 0         |
|    learning_rate      | 0.0007    |
|    n_updates          | 15499     |
|    policy_loss        | -9.55e+05 |
|    std                | 1.16      |
|    value_loss         | 3.55e+09  |
-------------------------------------
-------------------------------------
| rollout/              |           |
|    ep_len_mean        | 39.4      |
|    ep_rew_mean        | -6.62e+05 |
| time/                 |           |
|    fps                | 1111      |
|    time_elapsed       | 287       |
|    total_timesteps    | 320000    |
| train/                |           |
|    entropy_loss       | -18.9     |
|    explained_variance | 0         |
|    learning_rate      | 0.0007    |
|    n_updates          | 15999     |
|    policy_loss        | -8.09e+05 |
|    std                | 1.17      |
|    value_loss         | 3.32e+09  |
-------------------------------------
-------------------------------------
| rollout/              |           |
|    ep_len_mean        | 27.3      |
|    ep_rew_mean        | -4.69e+05 |
| time/                 |           |
|    fps                | 1114      |
|    time_elapsed       | 296       |
|    total_timesteps    | 330000    |
| train/                |           |
|    entropy_loss       | -19       |
|    explained_variance | -1.19e-07 |
|    learning_rate      | 0.0007    |
|    n_updates          | 16499     |
|    policy_loss        | -9.88e+05 |
|    std                | 1.18      |
|    value_loss         | 3.84e+09  |
-------------------------------------
-------------------------------------
| rollout/              |           |
|    ep_len_mean        | 57.8      |
|    ep_rew_mean        | -1e+06    |
| time/                 |           |
|    fps                | 1118      |
|    time_elapsed       | 304       |
|    total_timesteps    | 340000    |
| train/                |           |
|    entropy_loss       | -19.2     |
|    explained_variance | 1.19e-07  |
|    learning_rate      | 0.0007    |
|    n_updates          | 16999     |
|    policy_loss        | -7.61e+05 |
|    std                | 1.2       |
|    value_loss         | 1.99e+09  |
-------------------------------------
-------------------------------------
| rollout/              |           |
|    ep_len_mean        | 44.6      |
|    ep_rew_mean        | -6.81e+05 |
| time/                 |           |
|    fps                | 1121      |
|    time_elapsed       | 312       |
|    total_timesteps    | 350000    |
| train/                |           |
|    entropy_loss       | -19.4     |
|    explained_variance | 1.19e-07  |
|    learning_rate      | 0.0007    |
|    n_updates          | 17499     |
|    policy_loss        | -6.47e+05 |
|    std                | 1.22      |
|    value_loss         | 1.33e+09  |
-------------------------------------
-------------------------------------
| rollout/              |           |
|    ep_len_mean        | 47.7      |
|    ep_rew_mean        | -7.32e+05 |
| time/                 |           |
|    fps                | 1124      |
|    time_elapsed       | 320       |
|    total_timesteps    | 360000    |
| train/                |           |
|    entropy_loss       | -19.5     |
|    explained_variance | 0         |
|    learning_rate      | 0.0007    |
|    n_updates          | 17999     |
|    policy_loss        | -9.63e+05 |
|    std                | 1.23      |
|    value_loss         | 2.73e+09  |
-------------------------------------
-------------------------------------
| rollout/              |           |
|    ep_len_mean        | 30.7      |
|    ep_rew_mean        | -5.18e+05 |
| time/                 |           |
|    fps                | 1127      |
|    time_elapsed       | 328       |
|    total_timesteps    | 370000    |
| train/                |           |
|    entropy_loss       | -19.6     |
|    explained_variance | 1.19e-07  |
|    learning_rate      | 0.0007    |
|    n_updates          | 18499     |
|    policy_loss        | -6.53e+05 |
|    std                | 1.24      |
|    value_loss         | 1.57e+09  |
-------------------------------------
-------------------------------------
| rollout/              |           |
|    ep_len_mean        | 50.2      |
|    ep_rew_mean        | -7.83e+05 |
| time/                 |           |
|    fps                | 1130      |
|    time_elapsed       | 336       |
|    total_timesteps    | 380000    |
| train/                |           |
|    entropy_loss       | -19.7     |
|    explained_variance | 1.79e-07  |
|    learning_rate      | 0.0007    |
|    n_updates          | 18999     |
|    policy_loss        | -9.21e+05 |
|    std                | 1.25      |
|    value_loss         | 2.75e+09  |
-------------------------------------
-------------------------------------
| rollout/              |           |
|    ep_len_mean        | 32.7      |
|    ep_rew_mean        | -4.9e+05  |
| time/                 |           |
|    fps                | 1132      |
|    time_elapsed       | 344       |
|    total_timesteps    | 390000    |
| train/                |           |
|    entropy_loss       | -19.7     |
|    explained_variance | 0         |
|    learning_rate      | 0.0007    |
|    n_updates          | 19499     |
|    policy_loss        | -1.17e+06 |
|    std                | 1.26      |
|    value_loss         | 5.36e+09  |
-------------------------------------
-------------------------------------
| rollout/              |           |
|    ep_len_mean        | 28.5      |
|    ep_rew_mean        | -4.29e+05 |
| time/                 |           |
|    fps                | 1135      |
|    time_elapsed       | 352       |
|    total_timesteps    | 400000    |
| train/                |           |
|    entropy_loss       | -19.8     |
|    explained_variance | 0         |
|    learning_rate      | 0.0007    |
|    n_updates          | 19999     |
|    policy_loss        | -9.47e+05 |
|    std                | 1.26      |
|    value_loss         | 3.43e+09  |
-------------------------------------
-------------------------------------
| rollout/              |           |
|    ep_len_mean        | 31.7      |
|    ep_rew_mean        | -6.09e+05 |
| time/                 |           |
|    fps                | 1137      |
|    time_elapsed       | 360       |
|    total_timesteps    | 410000    |
| train/                |           |
|    entropy_loss       | -19.9     |
|    explained_variance | -1.19e-07 |
|    learning_rate      | 0.0007    |
|    n_updates          | 20499     |
|    policy_loss        | -9.41e+05 |
|    std                | 1.28      |
|    value_loss         | 2.61e+09  |
-------------------------------------
-------------------------------------
| rollout/              |           |
|    ep_len_mean        | 44.9      |
|    ep_rew_mean        | -6.77e+05 |
| time/                 |           |
|    fps                | 1139      |
|    time_elapsed       | 368       |
|    total_timesteps    | 420000    |
| train/                |           |
|    entropy_loss       | -20       |
|    explained_variance | 0         |
|    learning_rate      | 0.0007    |
|    n_updates          | 20999     |
|    policy_loss        | -7.27e+05 |
|    std                | 1.28      |
|    value_loss         | 1.58e+09  |
-------------------------------------
-------------------------------------
| rollout/              |           |
|    ep_len_mean        | 44.1      |
|    ep_rew_mean        | -6.66e+05 |
| time/                 |           |
|    fps                | 1142      |
|    time_elapsed       | 376       |
|    total_timesteps    | 430000    |
| train/                |           |
|    entropy_loss       | -19.9     |
|    explained_variance | 0         |
|    learning_rate      | 0.0007    |
|    n_updates          | 21499     |
|    policy_loss        | -8.97e+05 |
|    std                | 1.28      |
|    value_loss         | 3.08e+09  |
-------------------------------------
-------------------------------------
| rollout/              |           |
|    ep_len_mean        | 48.3      |
|    ep_rew_mean        | -7.22e+05 |
| time/                 |           |
|    fps                | 1144      |
|    time_elapsed       | 384       |
|    total_timesteps    | 440000    |
| train/                |           |
|    entropy_loss       | -20       |
|    explained_variance | 0         |
|    learning_rate      | 0.0007    |
|    n_updates          | 21999     |
|    policy_loss        | -1.32e+06 |
|    std                | 1.28      |
|    value_loss         | 6.11e+09  |
-------------------------------------
-------------------------------------
| rollout/              |           |
|    ep_len_mean        | 56.3      |
|    ep_rew_mean        | -9.59e+05 |
| time/                 |           |
|    fps                | 1146      |
|    time_elapsed       | 392       |
|    total_timesteps    | 450000    |
| train/                |           |
|    entropy_loss       | -20.1     |
|    explained_variance | 0         |
|    learning_rate      | 0.0007    |
|    n_updates          | 22499     |
|    policy_loss        | -1.59e+06 |
|    std                | 1.29      |
|    value_loss         | 7.58e+09  |
-------------------------------------
-------------------------------------
| rollout/              |           |
|    ep_len_mean        | 53.8      |
|    ep_rew_mean        | -8.35e+05 |
| time/                 |           |
|    fps                | 1149      |
|    time_elapsed       | 400       |
|    total_timesteps    | 460000    |
| train/                |           |
|    entropy_loss       | -20.1     |
|    explained_variance | 1.79e-07  |
|    learning_rate      | 0.0007    |
|    n_updates          | 22999     |
|    policy_loss        | -1.15e+06 |
|    std                | 1.3       |
|    value_loss         | 4.48e+09  |
-------------------------------------
-------------------------------------
| rollout/              |           |
|    ep_len_mean        | 40.4      |
|    ep_rew_mean        | -5.7e+05  |
| time/                 |           |
|    fps                | 1152      |
|    time_elapsed       | 407       |
|    total_timesteps    | 470000    |
| train/                |           |
|    entropy_loss       | -20.1     |
|    explained_variance | 5.96e-08  |
|    learning_rate      | 0.0007    |
|    n_updates          | 23499     |
|    policy_loss        | -7.53e+05 |
|    std                | 1.3       |
|    value_loss         | 2e+09     |
-------------------------------------
-------------------------------------
| rollout/              |           |
|    ep_len_mean        | 42        |
|    ep_rew_mean        | -6.46e+05 |
| time/                 |           |
|    fps                | 1154      |
|    time_elapsed       | 415       |
|    total_timesteps    | 480000    |
| train/                |           |
|    entropy_loss       | -20.3     |
|    explained_variance | 0         |
|    learning_rate      | 0.0007    |
|    n_updates          | 23999     |
|    policy_loss        | -1.12e+06 |
|    std                | 1.32      |
|    value_loss         | 4.93e+09  |
-------------------------------------
-------------------------------------
| rollout/              |           |
|    ep_len_mean        | 42.9      |
|    ep_rew_mean        | -6.98e+05 |
| time/                 |           |
|    fps                | 1153      |
|    time_elapsed       | 424       |
|    total_timesteps    | 490000    |
| train/                |           |
|    entropy_loss       | -20.4     |
|    explained_variance | 0         |
|    learning_rate      | 0.0007    |
|    n_updates          | 24499     |
|    policy_loss        | -8.65e+05 |
|    std                | 1.33      |
|    value_loss         | 2.26e+09  |
-------------------------------------
-------------------------------------
| rollout/              |           |
|    ep_len_mean        | 48        |
|    ep_rew_mean        | -6.91e+05 |
| time/                 |           |
|    fps                | 1156      |
|    time_elapsed       | 432       |
|    total_timesteps    | 500000    |
| train/                |           |
|    entropy_loss       | -20.5     |
|    explained_variance | -1.19e-07 |
|    learning_rate      | 0.0007    |
|    n_updates          | 24999     |
|    policy_loss        | -9.99e+05 |
|    std                | 1.34      |
|    value_loss         | 2.96e+09  |
-------------------------------------
-------------------------------------
| rollout/              |           |
|    ep_len_mean        | 33.2      |
|    ep_rew_mean        | -5.09e+05 |
| time/                 |           |
|    fps                | 1158      |
|    time_elapsed       | 440       |
|    total_timesteps    | 510000    |
| train/                |           |
|    entropy_loss       | -20.6     |
|    explained_variance | -1.19e-07 |
|    learning_rate      | 0.0007    |
|    n_updates          | 25499     |
|    policy_loss        | -8.19e+05 |
|    std                | 1.35      |
|    value_loss         | 2.09e+09  |
-------------------------------------
-------------------------------------
| rollout/              |           |
|    ep_len_mean        | 76.2      |
|    ep_rew_mean        | -1.28e+06 |
| time/                 |           |
|    fps                | 1162      |
|    time_elapsed       | 447       |
|    total_timesteps    | 520000    |
| train/                |           |
|    entropy_loss       | -20.5     |
|    explained_variance | -1.19e-07 |
|    learning_rate      | 0.0007    |
|    n_updates          | 25999     |
|    policy_loss        | -9.74e+05 |
|    std                | 1.34      |
|    value_loss         | 3.24e+09  |
-------------------------------------
-------------------------------------
| rollout/              |           |
|    ep_len_mean        | 43        |
|    ep_rew_mean        | -6.28e+05 |
| time/                 |           |
|    fps                | 1164      |
|    time_elapsed       | 455       |
|    total_timesteps    | 530000    |
| train/                |           |
|    entropy_loss       | -20.6     |
|    explained_variance | -1.19e-07 |
|    learning_rate      | 0.0007    |
|    n_updates          | 26499     |
|    policy_loss        | -9.26e+05 |
|    std                | 1.35      |
|    value_loss         | 2.6e+09   |
-------------------------------------
-------------------------------------
| rollout/              |           |
|    ep_len_mean        | 65.8      |
|    ep_rew_mean        | -1.06e+06 |
| time/                 |           |
|    fps                | 1166      |
|    time_elapsed       | 462       |
|    total_timesteps    | 540000    |
| train/                |           |
|    entropy_loss       | -20.6     |
|    explained_variance | 1.79e-07  |
|    learning_rate      | 0.0007    |
|    n_updates          | 26999     |
|    policy_loss        | -1.06e+06 |
|    std                | 1.36      |
|    value_loss         | 4.05e+09  |
-------------------------------------
-------------------------------------
| rollout/              |           |
|    ep_len_mean        | 65.4      |
|    ep_rew_mean        | -9.63e+05 |
| time/                 |           |
|    fps                | 1169      |
|    time_elapsed       | 470       |
|    total_timesteps    | 550000    |
| train/                |           |
|    entropy_loss       | -20.7     |
|    explained_variance | 0         |
|    learning_rate      | 0.0007    |
|    n_updates          | 27499     |
|    policy_loss        | -7.66e+05 |
|    std                | 1.36      |
|    value_loss         | 1.84e+09  |
-------------------------------------
-------------------------------------
| rollout/              |           |
|    ep_len_mean        | 59.7      |
|    ep_rew_mean        | -8.68e+05 |
| time/                 |           |
|    fps                | 1171      |
|    time_elapsed       | 477       |
|    total_timesteps    | 560000    |
| train/                |           |
|    entropy_loss       | -20.8     |
|    explained_variance | 0         |
|    learning_rate      | 0.0007    |
|    n_updates          | 27999     |
|    policy_loss        | -7.34e+05 |
|    std                | 1.38      |
|    value_loss         | 1.6e+09   |
-------------------------------------
-------------------------------------
| rollout/              |           |
|    ep_len_mean        | 42.1      |
|    ep_rew_mean        | -6.17e+05 |
| time/                 |           |
|    fps                | 1173      |
|    time_elapsed       | 485       |
|    total_timesteps    | 570000    |
| train/                |           |
|    entropy_loss       | -20.9     |
|    explained_variance | 1.19e-07  |
|    learning_rate      | 0.0007    |
|    n_updates          | 28499     |
|    policy_loss        | -7.91e+05 |
|    std                | 1.39      |
|    value_loss         | 1.49e+09  |
-------------------------------------
-------------------------------------
| rollout/              |           |
|    ep_len_mean        | 35.7      |
|    ep_rew_mean        | -5.82e+05 |
| time/                 |           |
|    fps                | 1176      |
|    time_elapsed       | 492       |
|    total_timesteps    | 580000    |
| train/                |           |
|    entropy_loss       | -20.9     |
|    explained_variance | 0         |
|    learning_rate      | 0.0007    |
|    n_updates          | 28999     |
|    policy_loss        | -1.36e+06 |
|    std                | 1.39      |
|    value_loss         | 6.03e+09  |
-------------------------------------
-------------------------------------
| rollout/              |           |
|    ep_len_mean        | 41.4      |
|    ep_rew_mean        | -7.04e+05 |
| time/                 |           |
|    fps                | 1179      |
|    time_elapsed       | 500       |
|    total_timesteps    | 590000    |
| train/                |           |
|    entropy_loss       | -21       |
|    explained_variance | 0         |
|    learning_rate      | 0.0007    |
|    n_updates          | 29499     |
|    policy_loss        | -1.04e+06 |
|    std                | 1.4       |
|    value_loss         | 2.96e+09  |
-------------------------------------
-------------------------------------
| rollout/              |           |
|    ep_len_mean        | 35.6      |
|    ep_rew_mean        | -5.22e+05 |
| time/                 |           |
|    fps                | 1181      |
|    time_elapsed       | 507       |
|    total_timesteps    | 600000    |
| train/                |           |
|    entropy_loss       | -21       |
|    explained_variance | 0         |
|    learning_rate      | 0.0007    |
|    n_updates          | 29999     |
|    policy_loss        | -1.25e+06 |
|    std                | 1.41      |
|    value_loss         | 4.61e+09  |
-------------------------------------
-------------------------------------
| rollout/              |           |
|    ep_len_mean        | 46.7      |
|    ep_rew_mean        | -6.53e+05 |
| time/                 |           |
|    fps                | 1183      |
|    time_elapsed       | 515       |
|    total_timesteps    | 610000    |
| train/                |           |
|    entropy_loss       | -21.1     |
|    explained_variance | 0         |
|    learning_rate      | 0.0007    |
|    n_updates          | 30499     |
|    policy_loss        | -9.87e+05 |
|    std                | 1.41      |
|    value_loss         | 2.4e+09   |
-------------------------------------
-------------------------------------
| rollout/              |           |
|    ep_len_mean        | 57.2      |
|    ep_rew_mean        | -8.97e+05 |
| time/                 |           |
|    fps                | 1185      |
|    time_elapsed       | 523       |
|    total_timesteps    | 620000    |
| train/                |           |
|    entropy_loss       | -21.1     |
|    explained_variance | 5.96e-08  |
|    learning_rate      | 0.0007    |
|    n_updates          | 30999     |
|    policy_loss        | -1.07e+06 |
|    std                | 1.42      |
|    value_loss         | 3.31e+09  |
-------------------------------------
-------------------------------------
| rollout/              |           |
|    ep_len_mean        | 36.7      |
|    ep_rew_mean        | -5.49e+05 |
| time/                 |           |
|    fps                | 1187      |
|    time_elapsed       | 530       |
|    total_timesteps    | 630000    |
| train/                |           |
|    entropy_loss       | -21.1     |
|    explained_variance | 1.19e-07  |
|    learning_rate      | 0.0007    |
|    n_updates          | 31499     |
|    policy_loss        | -9.55e+05 |
|    std                | 1.41      |
|    value_loss         | 3.49e+09  |
-------------------------------------
-------------------------------------
| rollout/              |           |
|    ep_len_mean        | 34.6      |
|    ep_rew_mean        | -5.59e+05 |
| time/                 |           |
|    fps                | 1188      |
|    time_elapsed       | 538       |
|    total_timesteps    | 640000    |
| train/                |           |
|    entropy_loss       | -21.3     |
|    explained_variance | 0         |
|    learning_rate      | 0.0007    |
|    n_updates          | 31999     |
|    policy_loss        | -1.35e+06 |
|    std                | 1.43      |
|    value_loss         | 5.49e+09  |
-------------------------------------
-------------------------------------
| rollout/              |           |
|    ep_len_mean        | 37.2      |
|    ep_rew_mean        | -5.58e+05 |
| time/                 |           |
|    fps                | 1186      |
|    time_elapsed       | 548       |
|    total_timesteps    | 650000    |
| train/                |           |
|    entropy_loss       | -21.3     |
|    explained_variance | -1.19e-07 |
|    learning_rate      | 0.0007    |
|    n_updates          | 32499     |
|    policy_loss        | -7.98e+05 |
|    std                | 1.44      |
|    value_loss         | 1.71e+09  |
-------------------------------------
-------------------------------------
| rollout/              |           |
|    ep_len_mean        | 34.2      |
|    ep_rew_mean        | -5.72e+05 |
| time/                 |           |
|    fps                | 1187      |
|    time_elapsed       | 555       |
|    total_timesteps    | 660000    |
| train/                |           |
|    entropy_loss       | -21.5     |
|    explained_variance | 0         |
|    learning_rate      | 0.0007    |
|    n_updates          | 32999     |
|    policy_loss        | -1.18e+06 |
|    std                | 1.46      |
|    value_loss         | 4.44e+09  |
-------------------------------------
-------------------------------------
| rollout/              |           |
|    ep_len_mean        | 41.5      |
|    ep_rew_mean        | -5.74e+05 |
| time/                 |           |
|    fps                | 1188      |
|    time_elapsed       | 563       |
|    total_timesteps    | 670000    |
| train/                |           |
|    entropy_loss       | -21.6     |
|    explained_variance | 0         |
|    learning_rate      | 0.0007    |
|    n_updates          | 33499     |
|    policy_loss        | -7.83e+05 |
|    std                | 1.47      |
|    value_loss         | 1.86e+09  |
-------------------------------------
-------------------------------------
| rollout/              |           |
|    ep_len_mean        | 35.1      |
|    ep_rew_mean        | -4.94e+05 |
| time/                 |           |
|    fps                | 1189      |
|    time_elapsed       | 571       |
|    total_timesteps    | 680000    |
| train/                |           |
|    entropy_loss       | -21.7     |
|    explained_variance | 1.19e-07  |
|    learning_rate      | 0.0007    |
|    n_updates          | 33999     |
|    policy_loss        | -8.52e+05 |
|    std                | 1.48      |
|    value_loss         | 1.91e+09  |
-------------------------------------
-------------------------------------
| rollout/              |           |
|    ep_len_mean        | 40.6      |
|    ep_rew_mean        | -6.28e+05 |
| time/                 |           |
|    fps                | 1191      |
|    time_elapsed       | 579       |
|    total_timesteps    | 690000    |
| train/                |           |
|    entropy_loss       | -21.8     |
|    explained_variance | -1.19e-07 |
|    learning_rate      | 0.0007    |
|    n_updates          | 34499     |
|    policy_loss        | -9.43e+05 |
|    std                | 1.49      |
|    value_loss         | 2.53e+09  |
-------------------------------------
-------------------------------------
| rollout/              |           |
|    ep_len_mean        | 52        |
|    ep_rew_mean        | -8.48e+05 |
| time/                 |           |
|    fps                | 1192      |
|    time_elapsed       | 587       |
|    total_timesteps    | 700000    |
| train/                |           |
|    entropy_loss       | -21.8     |
|    explained_variance | 5.96e-08  |
|    learning_rate      | 0.0007    |
|    n_updates          | 34999     |
|    policy_loss        | -8.81e+05 |
|    std                | 1.5       |
|    value_loss         | 2.04e+09  |
-------------------------------------
-------------------------------------
| rollout/              |           |
|    ep_len_mean        | 50.7      |
|    ep_rew_mean        | -7.65e+05 |
| time/                 |           |
|    fps                | 1193      |
|    time_elapsed       | 594       |
|    total_timesteps    | 710000    |
| train/                |           |
|    entropy_loss       | -21.9     |
|    explained_variance | 0         |
|    learning_rate      | 0.0007    |
|    n_updates          | 35499     |
|    policy_loss        | -1.06e+06 |
|    std                | 1.51      |
|    value_loss         | 2.89e+09  |
-------------------------------------
-------------------------------------
| rollout/              |           |
|    ep_len_mean        | 27.1      |
|    ep_rew_mean        | -3.95e+05 |
| time/                 |           |
|    fps                | 1184      |
|    time_elapsed       | 608       |
|    total_timesteps    | 720000    |
| train/                |           |
|    entropy_loss       | -21.9     |
|    explained_variance | 0         |
|    learning_rate      | 0.0007    |
|    n_updates          | 35999     |
|    policy_loss        | -1.06e+06 |
|    std                | 1.51      |
|    value_loss         | 3.15e+09  |
-------------------------------------
-------------------------------------
| rollout/              |           |
|    ep_len_mean        | 26.5      |
|    ep_rew_mean        | -4.52e+05 |
| time/                 |           |
|    fps                | 1167      |
|    time_elapsed       | 625       |
|    total_timesteps    | 730000    |
| train/                |           |
|    entropy_loss       | -22       |
|    explained_variance | 0         |
|    learning_rate      | 0.0007    |
|    n_updates          | 36499     |
|    policy_loss        | -1.21e+06 |
|    std                | 1.52      |
|    value_loss         | 3.61e+09  |
-------------------------------------
-------------------------------------
| rollout/              |           |
|    ep_len_mean        | 33.1      |
|    ep_rew_mean        | -4.63e+05 |
| time/                 |           |
|    fps                | 1169      |
|    time_elapsed       | 632       |
|    total_timesteps    | 740000    |
| train/                |           |
|    entropy_loss       | -22.2     |
|    explained_variance | 2.98e-07  |
|    learning_rate      | 0.0007    |
|    n_updates          | 36999     |
|    policy_loss        | -7.01e+05 |
|    std                | 1.54      |
|    value_loss         | 1.28e+09  |
-------------------------------------
-------------------------------------
| rollout/              |           |
|    ep_len_mean        | 27.9      |
|    ep_rew_mean        | -4.68e+05 |
| time/                 |           |
|    fps                | 1171      |
|    time_elapsed       | 640       |
|    total_timesteps    | 750000    |
| train/                |           |
|    entropy_loss       | -22.3     |
|    explained_variance | 5.96e-08  |
|    learning_rate      | 0.0007    |
|    n_updates          | 37499     |
|    policy_loss        | -8.78e+05 |
|    std                | 1.56      |
|    value_loss         | 2.34e+09  |
-------------------------------------
-------------------------------------
| rollout/              |           |
|    ep_len_mean        | 36.8      |
|    ep_rew_mean        | -5.66e+05 |
| time/                 |           |
|    fps                | 1172      |
|    time_elapsed       | 648       |
|    total_timesteps    | 760000    |
| train/                |           |
|    entropy_loss       | -22.4     |
|    explained_variance | 0         |
|    learning_rate      | 0.0007    |
|    n_updates          | 37999     |
|    policy_loss        | -9.17e+05 |
|    std                | 1.57      |
|    value_loss         | 2.18e+09  |
-------------------------------------
-------------------------------------
| rollout/              |           |
|    ep_len_mean        | 71.3      |
|    ep_rew_mean        | -1.22e+06 |
| time/                 |           |
|    fps                | 1174      |
|    time_elapsed       | 655       |
|    total_timesteps    | 770000    |
| train/                |           |
|    entropy_loss       | -22.5     |
|    explained_variance | 0         |
|    learning_rate      | 0.0007    |
|    n_updates          | 38499     |
|    policy_loss        | -7.75e+05 |
|    std                | 1.59      |
|    value_loss         | 1.49e+09  |
-------------------------------------
-------------------------------------
| rollout/              |           |
|    ep_len_mean        | 38.9      |
|    ep_rew_mean        | -5.79e+05 |
| time/                 |           |
|    fps                | 1176      |
|    time_elapsed       | 663       |
|    total_timesteps    | 780000    |
| train/                |           |
|    entropy_loss       | -22.5     |
|    explained_variance | 0         |
|    learning_rate      | 0.0007    |
|    n_updates          | 38999     |
|    policy_loss        | -9.3e+05  |
|    std                | 1.59      |
|    value_loss         | 2.44e+09  |
-------------------------------------
-------------------------------------
| rollout/              |           |
|    ep_len_mean        | 44.5      |
|    ep_rew_mean        | -6.51e+05 |
| time/                 |           |
|    fps                | 1178      |
|    time_elapsed       | 670       |
|    total_timesteps    | 790000    |
| train/                |           |
|    entropy_loss       | -22.6     |
|    explained_variance | 1.19e-07  |
|    learning_rate      | 0.0007    |
|    n_updates          | 39499     |
|    policy_loss        | -1.22e+06 |
|    std                | 1.61      |
|    value_loss         | 4.2e+09   |
-------------------------------------
-------------------------------------
| rollout/              |           |
|    ep_len_mean        | 55.2      |
|    ep_rew_mean        | -9.14e+05 |
| time/                 |           |
|    fps                | 1179      |
|    time_elapsed       | 678       |
|    total_timesteps    | 800000    |
| train/                |           |
|    entropy_loss       | -22.7     |
|    explained_variance | -1.19e-07 |
|    learning_rate      | 0.0007    |
|    n_updates          | 39999     |
|    policy_loss        | -9.55e+05 |
|    std                | 1.62      |
|    value_loss         | 2.24e+09  |
-------------------------------------
-------------------------------------
| rollout/              |           |
|    ep_len_mean        | 32.8      |
|    ep_rew_mean        | -4.87e+05 |
| time/                 |           |
|    fps                | 1181      |
|    time_elapsed       | 685       |
|    total_timesteps    | 810000    |
| train/                |           |
|    entropy_loss       | -22.8     |
|    explained_variance | 1.19e-07  |
|    learning_rate      | 0.0007    |
|    n_updates          | 40499     |
|    policy_loss        | -1.17e+06 |
|    std                | 1.63      |
|    value_loss         | 3.68e+09  |
-------------------------------------
-------------------------------------
| rollout/              |           |
|    ep_len_mean        | 38.4      |
|    ep_rew_mean        | -5.82e+05 |
| time/                 |           |
|    fps                | 1183      |
|    time_elapsed       | 693       |
|    total_timesteps    | 820000    |
| train/                |           |
|    entropy_loss       | -23       |
|    explained_variance | -1.19e-07 |
|    learning_rate      | 0.0007    |
|    n_updates          | 40999     |
|    policy_loss        | -9.01e+05 |
|    std                | 1.65      |
|    value_loss         | 2e+09     |
-------------------------------------
-------------------------------------
| rollout/              |           |
|    ep_len_mean        | 93.8      |
|    ep_rew_mean        | -1.58e+06 |
| time/                 |           |
|    fps                | 1184      |
|    time_elapsed       | 700       |
|    total_timesteps    | 830000    |
| train/                |           |
|    entropy_loss       | -23       |
|    explained_variance | 1.79e-07  |
|    learning_rate      | 0.0007    |
|    n_updates          | 41499     |
|    policy_loss        | -1.1e+06  |
|    std                | 1.66      |
|    value_loss         | 3.63e+09  |
-------------------------------------
-------------------------------------
| rollout/              |           |
|    ep_len_mean        | 39.1      |
|    ep_rew_mean        | -6.74e+05 |
| time/                 |           |
|    fps                | 1187      |
|    time_elapsed       | 707       |
|    total_timesteps    | 840000    |
| train/                |           |
|    entropy_loss       | -23.1     |
|    explained_variance | 0         |
|    learning_rate      | 0.0007    |
|    n_updates          | 41999     |
|    policy_loss        | -9.96e+05 |
|    std                | 1.67      |
|    value_loss         | 2.68e+09  |
-------------------------------------
-------------------------------------
| rollout/              |           |
|    ep_len_mean        | 45        |
|    ep_rew_mean        | -6.89e+05 |
| time/                 |           |
|    fps                | 1189      |
|    time_elapsed       | 714       |
|    total_timesteps    | 850000    |
| train/                |           |
|    entropy_loss       | -23.2     |
|    explained_variance | -1.19e-07 |
|    learning_rate      | 0.0007    |
|    n_updates          | 42499     |
|    policy_loss        | -1.26e+06 |
|    std                | 1.69      |
|    value_loss         | 4.62e+09  |
-------------------------------------
-------------------------------------
| rollout/              |           |
|    ep_len_mean        | 48.3      |
|    ep_rew_mean        | -7.31e+05 |
| time/                 |           |
|    fps                | 1191      |
|    time_elapsed       | 721       |
|    total_timesteps    | 860000    |
| train/                |           |
|    entropy_loss       | -23.3     |
|    explained_variance | -1.19e-07 |
|    learning_rate      | 0.0007    |
|    n_updates          | 42999     |
|    policy_loss        | -8.52e+05 |
|    std                | 1.7       |
|    value_loss         | 1.69e+09  |
-------------------------------------
-------------------------------------
| rollout/              |           |
|    ep_len_mean        | 65.5      |
|    ep_rew_mean        | -1.07e+06 |
| time/                 |           |
|    fps                | 1193      |
|    time_elapsed       | 728       |
|    total_timesteps    | 870000    |
| train/                |           |
|    entropy_loss       | -23.4     |
|    explained_variance | -1.19e-07 |
|    learning_rate      | 0.0007    |
|    n_updates          | 43499     |
|    policy_loss        | -1.33e+06 |
|    std                | 1.72      |
|    value_loss         | 4.94e+09  |
-------------------------------------
-------------------------------------
| rollout/              |           |
|    ep_len_mean        | 46.8      |
|    ep_rew_mean        | -7.91e+05 |
| time/                 |           |
|    fps                | 1195      |
|    time_elapsed       | 736       |
|    total_timesteps    | 880000    |
| train/                |           |
|    entropy_loss       | -23.4     |
|    explained_variance | -2.38e-07 |
|    learning_rate      | 0.0007    |
|    n_updates          | 43999     |
|    policy_loss        | -8.29e+05 |
|    std                | 1.72      |
|    value_loss         | 1.58e+09  |
-------------------------------------
-------------------------------------
| rollout/              |           |
|    ep_len_mean        | 34.9      |
|    ep_rew_mean        | -5.24e+05 |
| time/                 |           |
|    fps                | 1197      |
|    time_elapsed       | 743       |
|    total_timesteps    | 890000    |
| train/                |           |
|    entropy_loss       | -23.5     |
|    explained_variance | -1.19e-07 |
|    learning_rate      | 0.0007    |
|    n_updates          | 44499     |
|    policy_loss        | -1.27e+06 |
|    std                | 1.74      |
|    value_loss         | 4.14e+09  |
-------------------------------------
-------------------------------------
| rollout/              |           |
|    ep_len_mean        | 61.5      |
|    ep_rew_mean        | -9.32e+05 |
| time/                 |           |
|    fps                | 1199      |
|    time_elapsed       | 750       |
|    total_timesteps    | 900000    |
| train/                |           |
|    entropy_loss       | -23.6     |
|    explained_variance | 0         |
|    learning_rate      | 0.0007    |
|    n_updates          | 44999     |
|    policy_loss        | -8.32e+05 |
|    std                | 1.74      |
|    value_loss         | 1.59e+09  |
-------------------------------------
-------------------------------------
| rollout/              |           |
|    ep_len_mean        | 49.4      |
|    ep_rew_mean        | -7.59e+05 |
| time/                 |           |
|    fps                | 1200      |
|    time_elapsed       | 757       |
|    total_timesteps    | 910000    |
| train/                |           |
|    entropy_loss       | -23.7     |
|    explained_variance | -1.19e-07 |
|    learning_rate      | 0.0007    |
|    n_updates          | 45499     |
|    policy_loss        | -1.26e+06 |
|    std                | 1.76      |
|    value_loss         | 3.4e+09   |
-------------------------------------
-------------------------------------
| rollout/              |           |
|    ep_len_mean        | 50.1      |
|    ep_rew_mean        | -8.3e+05  |
| time/                 |           |
|    fps                | 1202      |
|    time_elapsed       | 765       |
|    total_timesteps    | 920000    |
| train/                |           |
|    entropy_loss       | -23.7     |
|    explained_variance | 0         |
|    learning_rate      | 0.0007    |
|    n_updates          | 45999     |
|    policy_loss        | -8.39e+05 |
|    std                | 1.75      |
|    value_loss         | 1.82e+09  |
-------------------------------------
-------------------------------------
| rollout/              |           |
|    ep_len_mean        | 36.6      |
|    ep_rew_mean        | -5.59e+05 |
| time/                 |           |
|    fps                | 1203      |
|    time_elapsed       | 772       |
|    total_timesteps    | 930000    |
| train/                |           |
|    entropy_loss       | -23.7     |
|    explained_variance | 0         |
|    learning_rate      | 0.0007    |
|    n_updates          | 46499     |
|    policy_loss        | -1.03e+06 |
|    std                | 1.76      |
|    value_loss         | 2.38e+09  |
-------------------------------------
-------------------------------------
| rollout/              |           |
|    ep_len_mean        | 44.5      |
|    ep_rew_mean        | -7.11e+05 |
| time/                 |           |
|    fps                | 1205      |
|    time_elapsed       | 779       |
|    total_timesteps    | 940000    |
| train/                |           |
|    entropy_loss       | -23.8     |
|    explained_variance | 0         |
|    learning_rate      | 0.0007    |
|    n_updates          | 46999     |
|    policy_loss        | -9.27e+05 |
|    std                | 1.77      |
|    value_loss         | 2e+09     |
-------------------------------------
-------------------------------------
| rollout/              |           |
|    ep_len_mean        | 35.7      |
|    ep_rew_mean        | -5.84e+05 |
| time/                 |           |
|    fps                | 1206      |
|    time_elapsed       | 787       |
|    total_timesteps    | 950000    |
| train/                |           |
|    entropy_loss       | -23.9     |
|    explained_variance | 0         |
|    learning_rate      | 0.0007    |
|    n_updates          | 47499     |
|    policy_loss        | -9.27e+05 |
|    std                | 1.79      |
|    value_loss         | 1.7e+09   |
-------------------------------------
-------------------------------------
| rollout/              |           |
|    ep_len_mean        | 76.4      |
|    ep_rew_mean        | -1.17e+06 |
| time/                 |           |
|    fps                | 1207      |
|    time_elapsed       | 794       |
|    total_timesteps    | 960000    |
| train/                |           |
|    entropy_loss       | -24       |
|    explained_variance | 1.19e-07  |
|    learning_rate      | 0.0007    |
|    n_updates          | 47999     |
|    policy_loss        | -1.24e+06 |
|    std                | 1.8       |
|    value_loss         | 3.55e+09  |
-------------------------------------
-------------------------------------
| rollout/              |           |
|    ep_len_mean        | 43.4      |
|    ep_rew_mean        | -6.28e+05 |
| time/                 |           |
|    fps                | 1209      |
|    time_elapsed       | 801       |
|    total_timesteps    | 970000    |
| train/                |           |
|    entropy_loss       | -24.1     |
|    explained_variance | 0         |
|    learning_rate      | 0.0007    |
|    n_updates          | 48499     |
|    policy_loss        | -8.67e+05 |
|    std                | 1.82      |
|    value_loss         | 1.7e+09   |
-------------------------------------
-------------------------------------
| rollout/              |           |
|    ep_len_mean        | 50        |
|    ep_rew_mean        | -7.22e+05 |
| time/                 |           |
|    fps                | 1211      |
|    time_elapsed       | 809       |
|    total_timesteps    | 980000    |
| train/                |           |
|    entropy_loss       | -24.1     |
|    explained_variance | 0         |
|    learning_rate      | 0.0007    |
|    n_updates          | 48999     |
|    policy_loss        | -8.44e+05 |
|    std                | 1.82      |
|    value_loss         | 1.48e+09  |
-------------------------------------
-------------------------------------
| rollout/              |           |
|    ep_len_mean        | 63.2      |
|    ep_rew_mean        | -1.04e+06 |
| time/                 |           |
|    fps                | 1212      |
|    time_elapsed       | 816       |
|    total_timesteps    | 990000    |
| train/                |           |
|    entropy_loss       | -24.1     |
|    explained_variance | 1.19e-07  |
|    learning_rate      | 0.0007    |
|    n_updates          | 49499     |
|    policy_loss        | -1.62e+06 |
|    std                | 1.82      |
|    value_loss         | 5.53e+09  |
-------------------------------------
-------------------------------------
| rollout/              |           |
|    ep_len_mean        | 43.6      |
|    ep_rew_mean        | -6.41e+05 |
| time/                 |           |
|    fps                | 1213      |
|    time_elapsed       | 823       |
|    total_timesteps    | 1000000   |
| train/                |           |
|    entropy_loss       | -24.2     |
|    explained_variance | 5.96e-08  |
|    learning_rate      | 0.0007    |
|    n_updates          | 49999     |
|    policy_loss        | -8.54e+05 |
|    std                | 1.84      |
|    value_loss         | 1.75e+09  |
-------------------------------------
Training ended on Tue Jan 27 23:47:44 2026
Training lasted 0:13:43.767799
