Logging to training_default_logs/2_robots/logs/CrossQ_set4
Using cuda device
Training started on Tue Jan 27 16:19:49 2026
Experiment configuration: {'algorithm': 'CrossQ', 'set': 4, 'verbose': 1, 'steps': 1000000, 'num_robots': 2, 'num_envs': 4, 'seed': 33, 'log_steps': 10000, 'resume': False, 'device': 'cuda'}
----------------------------------
| rollout/           |           |
|    ep_len_mean     | 34        |
|    ep_rew_mean     | -1.95e+05 |
| time/              |           |
|    episodes        | 157       |
|    fps             | 185       |
|    time_elapsed    | 53        |
|    total_timesteps | 10000     |
| train/             |           |
|    actor_loss      | 3.26e+03  |
|    critic_loss     | 7.68e+07  |
|    ent_coef        | 2.37      |
|    ent_coef_loss   | -20.5     |
|    learning_rate   | 0.001     |
|    n_updates       | 2474      |
----------------------------------
----------------------------------
| rollout/           |           |
|    ep_len_mean     | 97.2      |
|    ep_rew_mean     | -2.66e+05 |
| time/              |           |
|    episodes        | 207       |
|    fps             | 185       |
|    time_elapsed    | 107       |
|    total_timesteps | 20000     |
| train/             |           |
|    actor_loss      | 9.71e+03  |
|    critic_loss     | 2.42e+07  |
|    ent_coef        | 4.85      |
|    ent_coef_loss   | -23.6     |
|    learning_rate   | 0.001     |
|    n_updates       | 4974      |
----------------------------------
----------------------------------
| rollout/           |           |
|    ep_len_mean     | 195       |
|    ep_rew_mean     | -2.98e+05 |
| time/              |           |
|    episodes        | 230       |
|    fps             | 183       |
|    time_elapsed    | 163       |
|    total_timesteps | 30000     |
| train/             |           |
|    actor_loss      | 9.98e+03  |
|    critic_loss     | 6.43e+06  |
|    ent_coef        | 8.21      |
|    ent_coef_loss   | -17.8     |
|    learning_rate   | 0.001     |
|    n_updates       | 7474      |
----------------------------------
----------------------------------
| rollout/           |           |
|    ep_len_mean     | 294       |
|    ep_rew_mean     | -2.91e+05 |
| time/              |           |
|    episodes        | 242       |
|    fps             | 182       |
|    time_elapsed    | 219       |
|    total_timesteps | 40000     |
| train/             |           |
|    actor_loss      | 9.72e+03  |
|    critic_loss     | 7.64e+06  |
|    ent_coef        | 13        |
|    ent_coef_loss   | -15.7     |
|    learning_rate   | 0.001     |
|    n_updates       | 9974      |
----------------------------------
----------------------------------
| rollout/           |           |
|    ep_len_mean     | 382       |
|    ep_rew_mean     | -2.49e+05 |
| time/              |           |
|    episodes        | 254       |
|    fps             | 183       |
|    time_elapsed    | 272       |
|    total_timesteps | 50000     |
| train/             |           |
|    actor_loss      | 9.6e+03   |
|    critic_loss     | 1.74e+07  |
|    ent_coef        | 19.1      |
|    ent_coef_loss   | -10.4     |
|    learning_rate   | 0.001     |
|    n_updates       | 12474     |
----------------------------------
----------------------------------
| rollout/           |           |
|    ep_len_mean     | 464       |
|    ep_rew_mean     | -1.73e+05 |
| time/              |           |
|    episodes        | 272       |
|    fps             | 185       |
|    time_elapsed    | 323       |
|    total_timesteps | 60000     |
| train/             |           |
|    actor_loss      | 7.67e+03  |
|    critic_loss     | 5.44e+06  |
|    ent_coef        | 25.3      |
|    ent_coef_loss   | -5.43     |
|    learning_rate   | 0.001     |
|    n_updates       | 14974     |
----------------------------------
----------------------------------
| rollout/           |           |
|    ep_len_mean     | 523       |
|    ep_rew_mean     | -1.62e+05 |
| time/              |           |
|    episodes        | 288       |
|    fps             | 187       |
|    time_elapsed    | 373       |
|    total_timesteps | 70000     |
| train/             |           |
|    actor_loss      | 8.35e+03  |
|    critic_loss     | 2.09e+06  |
|    ent_coef        | 30.2      |
|    ent_coef_loss   | -1.47     |
|    learning_rate   | 0.001     |
|    n_updates       | 17474     |
----------------------------------
----------------------------------
| rollout/           |           |
|    ep_len_mean     | 612       |
|    ep_rew_mean     | -1.16e+05 |
| time/              |           |
|    episodes        | 302       |
|    fps             | 188       |
|    time_elapsed    | 424       |
|    total_timesteps | 80000     |
| train/             |           |
|    actor_loss      | 9.21e+03  |
|    critic_loss     | 7.82e+06  |
|    ent_coef        | 30.9      |
|    ent_coef_loss   | 1.6       |
|    learning_rate   | 0.001     |
|    n_updates       | 19974     |
----------------------------------
----------------------------------
| rollout/           |           |
|    ep_len_mean     | 559       |
|    ep_rew_mean     | -7.82e+04 |
| time/              |           |
|    episodes        | 335       |
|    fps             | 189       |
|    time_elapsed    | 475       |
|    total_timesteps | 90000     |
| train/             |           |
|    actor_loss      | 8.07e+03  |
|    critic_loss     | 2.64e+06  |
|    ent_coef        | 28.4      |
|    ent_coef_loss   | 2.49      |
|    learning_rate   | 0.001     |
|    n_updates       | 22474     |
----------------------------------
----------------------------------
| rollout/           |           |
|    ep_len_mean     | 469       |
|    ep_rew_mean     | -7.96e+04 |
| time/              |           |
|    episodes        | 358       |
|    fps             | 189       |
|    time_elapsed    | 528       |
|    total_timesteps | 100000    |
| train/             |           |
|    actor_loss      | 7.39e+03  |
|    critic_loss     | 2.48e+07  |
|    ent_coef        | 24.7      |
|    ent_coef_loss   | 1.66      |
|    learning_rate   | 0.001     |
|    n_updates       | 24974     |
----------------------------------
---------------------------------
| rollout/           |          |
|    ep_len_mean     | 522      |
|    ep_rew_mean     | -1e+05   |
| time/              |          |
|    episodes        | 369      |
|    fps             | 189      |
|    time_elapsed    | 579      |
|    total_timesteps | 110000   |
| train/             |          |
|    actor_loss      | 6.78e+03 |
|    critic_loss     | 1.06e+07 |
|    ent_coef        | 24.3     |
|    ent_coef_loss   | -1.46    |
|    learning_rate   | 0.001    |
|    n_updates       | 27474    |
---------------------------------
----------------------------------
| rollout/           |           |
|    ep_len_mean     | 522       |
|    ep_rew_mean     | -9.85e+04 |
| time/              |           |
|    episodes        | 381       |
|    fps             | 188       |
|    time_elapsed    | 635       |
|    total_timesteps | 120000    |
| train/             |           |
|    actor_loss      | 6.76e+03  |
|    critic_loss     | 1.8e+06   |
|    ent_coef        | 21.8      |
|    ent_coef_loss   | -2.07     |
|    learning_rate   | 0.001     |
|    n_updates       | 29974     |
----------------------------------
----------------------------------
| rollout/           |           |
|    ep_len_mean     | 577       |
|    ep_rew_mean     | -9.72e+04 |
| time/              |           |
|    episodes        | 393       |
|    fps             | 189       |
|    time_elapsed    | 684       |
|    total_timesteps | 130000    |
| train/             |           |
|    actor_loss      | 4.67e+03  |
|    critic_loss     | 4e+06     |
|    ent_coef        | 22.1      |
|    ent_coef_loss   | -0.18     |
|    learning_rate   | 0.001     |
|    n_updates       | 32474     |
----------------------------------
---------------------------------
| rollout/           |          |
|    ep_len_mean     | 596      |
|    ep_rew_mean     | -9.6e+04 |
| time/              |          |
|    episodes        | 401      |
|    fps             | 190      |
|    time_elapsed    | 734      |
|    total_timesteps | 140000   |
| train/             |          |
|    actor_loss      | 4.06e+03 |
|    critic_loss     | 1.92e+06 |
|    ent_coef        | 20.2     |
|    ent_coef_loss   | -0.276   |
|    learning_rate   | 0.001    |
|    n_updates       | 34974    |
---------------------------------
----------------------------------
| rollout/           |           |
|    ep_len_mean     | 668       |
|    ep_rew_mean     | -9.69e+04 |
| time/              |           |
|    episodes        | 415       |
|    fps             | 190       |
|    time_elapsed    | 785       |
|    total_timesteps | 150000    |
| train/             |           |
|    actor_loss      | 4.96e+03  |
|    critic_loss     | 2.13e+06  |
|    ent_coef        | 17.3      |
|    ent_coef_loss   | 0.708     |
|    learning_rate   | 0.001     |
|    n_updates       | 37474     |
----------------------------------
----------------------------------
| rollout/           |           |
|    ep_len_mean     | 752       |
|    ep_rew_mean     | -1.02e+05 |
| time/              |           |
|    episodes        | 425       |
|    fps             | 190       |
|    time_elapsed    | 839       |
|    total_timesteps | 160000    |
| train/             |           |
|    actor_loss      | 2.15e+03  |
|    critic_loss     | 7.87e+06  |
|    ent_coef        | 15.2      |
|    ent_coef_loss   | -1.69     |
|    learning_rate   | 0.001     |
|    n_updates       | 39974     |
----------------------------------
----------------------------------
| rollout/           |           |
|    ep_len_mean     | 791       |
|    ep_rew_mean     | -1.01e+05 |
| time/              |           |
|    episodes        | 439       |
|    fps             | 190       |
|    time_elapsed    | 891       |
|    total_timesteps | 170000    |
| train/             |           |
|    actor_loss      | 1.57e+03  |
|    critic_loss     | 1.17e+06  |
|    ent_coef        | 16.2      |
|    ent_coef_loss   | -0.257    |
|    learning_rate   | 0.001     |
|    n_updates       | 42474     |
----------------------------------
---------------------------------
| rollout/           |          |
|    ep_len_mean     | 815      |
|    ep_rew_mean     | -1e+05   |
| time/              |          |
|    episodes        | 449      |
|    fps             | 190      |
|    time_elapsed    | 942      |
|    total_timesteps | 180000   |
| train/             |          |
|    actor_loss      | 383      |
|    critic_loss     | 4.57e+06 |
|    ent_coef        | 14.4     |
|    ent_coef_loss   | 0.922    |
|    learning_rate   | 0.001    |
|    n_updates       | 44974    |
---------------------------------
----------------------------------
| rollout/           |           |
|    ep_len_mean     | 877       |
|    ep_rew_mean     | -9.44e+04 |
| time/              |           |
|    episodes        | 461       |
|    fps             | 190       |
|    time_elapsed    | 995       |
|    total_timesteps | 190000    |
| train/             |           |
|    actor_loss      | 1.81e+03  |
|    critic_loss     | 6.75e+05  |
|    ent_coef        | 14.3      |
|    ent_coef_loss   | 1.34      |
|    learning_rate   | 0.001     |
|    n_updates       | 47474     |
----------------------------------
----------------------------------
| rollout/           |           |
|    ep_len_mean     | 871       |
|    ep_rew_mean     | -7.33e+04 |
| time/              |           |
|    episodes        | 471       |
|    fps             | 190       |
|    time_elapsed    | 1048      |
|    total_timesteps | 200000    |
| train/             |           |
|    actor_loss      | -1.07e+03 |
|    critic_loss     | 1.32e+06  |
|    ent_coef        | 16.7      |
|    ent_coef_loss   | 1.08      |
|    learning_rate   | 0.001     |
|    n_updates       | 49974     |
----------------------------------
----------------------------------
| rollout/           |           |
|    ep_len_mean     | 898       |
|    ep_rew_mean     | -7.17e+04 |
| time/              |           |
|    episodes        | 481       |
|    fps             | 190       |
|    time_elapsed    | 1103      |
|    total_timesteps | 210000    |
| train/             |           |
|    actor_loss      | 620       |
|    critic_loss     | 1.31e+06  |
|    ent_coef        | 13.4      |
|    ent_coef_loss   | 0.882     |
|    learning_rate   | 0.001     |
|    n_updates       | 52474     |
----------------------------------
----------------------------------
| rollout/           |           |
|    ep_len_mean     | 905       |
|    ep_rew_mean     | -6.67e+04 |
| time/              |           |
|    episodes        | 491       |
|    fps             | 189       |
|    time_elapsed    | 1159      |
|    total_timesteps | 220000    |
| train/             |           |
|    actor_loss      | -308      |
|    critic_loss     | 1.2e+06   |
|    ent_coef        | 12.7      |
|    ent_coef_loss   | -1        |
|    learning_rate   | 0.001     |
|    n_updates       | 54974     |
----------------------------------
----------------------------------
| rollout/           |           |
|    ep_len_mean     | 904       |
|    ep_rew_mean     | -6.68e+04 |
| time/              |           |
|    episodes        | 501       |
|    fps             | 189       |
|    time_elapsed    | 1216      |
|    total_timesteps | 230000    |
| train/             |           |
|    actor_loss      | 447       |
|    critic_loss     | 1.24e+06  |
|    ent_coef        | 12.7      |
|    ent_coef_loss   | 0.108     |
|    learning_rate   | 0.001     |
|    n_updates       | 57474     |
----------------------------------
----------------------------------
| rollout/           |           |
|    ep_len_mean     | 907       |
|    ep_rew_mean     | -6.37e+04 |
| time/              |           |
|    episodes        | 514       |
|    fps             | 188       |
|    time_elapsed    | 1271      |
|    total_timesteps | 240000    |
| train/             |           |
|    actor_loss      | -993      |
|    critic_loss     | 3.49e+06  |
|    ent_coef        | 11.3      |
|    ent_coef_loss   | 1.25      |
|    learning_rate   | 0.001     |
|    n_updates       | 59974     |
----------------------------------
----------------------------------
| rollout/           |           |
|    ep_len_mean     | 907       |
|    ep_rew_mean     | -5.55e+04 |
| time/              |           |
|    episodes        | 524       |
|    fps             | 189       |
|    time_elapsed    | 1322      |
|    total_timesteps | 250000    |
| train/             |           |
|    actor_loss      | -439      |
|    critic_loss     | 9.84e+05  |
|    ent_coef        | 9.25      |
|    ent_coef_loss   | -0.349    |
|    learning_rate   | 0.001     |
|    n_updates       | 62474     |
----------------------------------
----------------------------------
| rollout/           |           |
|    ep_len_mean     | 940       |
|    ep_rew_mean     | -5.08e+04 |
| time/              |           |
|    episodes        | 534       |
|    fps             | 189       |
|    time_elapsed    | 1374      |
|    total_timesteps | 260000    |
| train/             |           |
|    actor_loss      | -195      |
|    critic_loss     | 2.58e+06  |
|    ent_coef        | 9.73      |
|    ent_coef_loss   | 0.138     |
|    learning_rate   | 0.001     |
|    n_updates       | 64974     |
----------------------------------
----------------------------------
| rollout/           |           |
|    ep_len_mean     | 947       |
|    ep_rew_mean     | -5.86e+04 |
| time/              |           |
|    episodes        | 544       |
|    fps             | 188       |
|    time_elapsed    | 1428      |
|    total_timesteps | 270000    |
| train/             |           |
|    actor_loss      | -2.56e+03 |
|    critic_loss     | 8.01e+05  |
|    ent_coef        | 11.8      |
|    ent_coef_loss   | 1.77      |
|    learning_rate   | 0.001     |
|    n_updates       | 67474     |
----------------------------------
----------------------------------
| rollout/           |           |
|    ep_len_mean     | 958       |
|    ep_rew_mean     | -5.83e+04 |
| time/              |           |
|    episodes        | 554       |
|    fps             | 188       |
|    time_elapsed    | 1481      |
|    total_timesteps | 280000    |
| train/             |           |
|    actor_loss      | -1.85e+03 |
|    critic_loss     | 1.25e+06  |
|    ent_coef        | 9.5       |
|    ent_coef_loss   | 0.789     |
|    learning_rate   | 0.001     |
|    n_updates       | 69974     |
----------------------------------
----------------------------------
| rollout/           |           |
|    ep_len_mean     | 958       |
|    ep_rew_mean     | -6.44e+04 |
| time/              |           |
|    episodes        | 564       |
|    fps             | 189       |
|    time_elapsed    | 1533      |
|    total_timesteps | 290000    |
| train/             |           |
|    actor_loss      | -2.41e+03 |
|    critic_loss     | 2.78e+06  |
|    ent_coef        | 7.42      |
|    ent_coef_loss   | -0.0375   |
|    learning_rate   | 0.001     |
|    n_updates       | 72474     |
----------------------------------
----------------------------------
| rollout/           |           |
|    ep_len_mean     | 955       |
|    ep_rew_mean     | -6.4e+04  |
| time/              |           |
|    episodes        | 576       |
|    fps             | 189       |
|    time_elapsed    | 1582      |
|    total_timesteps | 300000    |
| train/             |           |
|    actor_loss      | -2.43e+03 |
|    critic_loss     | 1.3e+06   |
|    ent_coef        | 8.81      |
|    ent_coef_loss   | -0.254    |
|    learning_rate   | 0.001     |
|    n_updates       | 74974     |
----------------------------------
----------------------------------
| rollout/           |           |
|    ep_len_mean     | 955       |
|    ep_rew_mean     | -6.48e+04 |
| time/              |           |
|    episodes        | 585       |
|    fps             | 189       |
|    time_elapsed    | 1632      |
|    total_timesteps | 310000    |
| train/             |           |
|    actor_loss      | -1.75e+03 |
|    critic_loss     | 6.18e+05  |
|    ent_coef        | 8         |
|    ent_coef_loss   | -0.15     |
|    learning_rate   | 0.001     |
|    n_updates       | 77474     |
----------------------------------
----------------------------------
| rollout/           |           |
|    ep_len_mean     | 948       |
|    ep_rew_mean     | -6.52e+04 |
| time/              |           |
|    episodes        | 597       |
|    fps             | 190       |
|    time_elapsed    | 1682      |
|    total_timesteps | 320000    |
| train/             |           |
|    actor_loss      | -2.67e+03 |
|    critic_loss     | 8.83e+05  |
|    ent_coef        | 7.02      |
|    ent_coef_loss   | 0.701     |
|    learning_rate   | 0.001     |
|    n_updates       | 79974     |
----------------------------------
----------------------------------
| rollout/           |           |
|    ep_len_mean     | 942       |
|    ep_rew_mean     | -7.24e+04 |
| time/              |           |
|    episodes        | 608       |
|    fps             | 190       |
|    time_elapsed    | 1733      |
|    total_timesteps | 330000    |
| train/             |           |
|    actor_loss      | -2.2e+03  |
|    critic_loss     | 1.43e+06  |
|    ent_coef        | 7.58      |
|    ent_coef_loss   | -0.307    |
|    learning_rate   | 0.001     |
|    n_updates       | 82474     |
----------------------------------
----------------------------------
| rollout/           |           |
|    ep_len_mean     | 961       |
|    ep_rew_mean     | -7.43e+04 |
| time/              |           |
|    episodes        | 617       |
|    fps             | 190       |
|    time_elapsed    | 1786      |
|    total_timesteps | 340000    |
| train/             |           |
|    actor_loss      | -3.9e+03  |
|    critic_loss     | 1.07e+06  |
|    ent_coef        | 6.95      |
|    ent_coef_loss   | -0.568    |
|    learning_rate   | 0.001     |
|    n_updates       | 84974     |
----------------------------------
----------------------------------
| rollout/           |           |
|    ep_len_mean     | 956       |
|    ep_rew_mean     | -7.47e+04 |
| time/              |           |
|    episodes        | 629       |
|    fps             | 190       |
|    time_elapsed    | 1839      |
|    total_timesteps | 350000    |
| train/             |           |
|    actor_loss      | -2.98e+03 |
|    critic_loss     | 1.04e+07  |
|    ent_coef        | 8.32      |
|    ent_coef_loss   | 1.94      |
|    learning_rate   | 0.001     |
|    n_updates       | 87474     |
----------------------------------
----------------------------------
| rollout/           |           |
|    ep_len_mean     | 960       |
|    ep_rew_mean     | -8.02e+04 |
| time/              |           |
|    episodes        | 637       |
|    fps             | 190       |
|    time_elapsed    | 1890      |
|    total_timesteps | 360000    |
| train/             |           |
|    actor_loss      | -1.54e+03 |
|    critic_loss     | 8.2e+05   |
|    ent_coef        | 8.25      |
|    ent_coef_loss   | -0.168    |
|    learning_rate   | 0.001     |
|    n_updates       | 89974     |
----------------------------------
----------------------------------
| rollout/           |           |
|    ep_len_mean     | 951       |
|    ep_rew_mean     | -7.57e+04 |
| time/              |           |
|    episodes        | 649       |
|    fps             | 190       |
|    time_elapsed    | 1939      |
|    total_timesteps | 370000    |
| train/             |           |
|    actor_loss      | -2.68e+03 |
|    critic_loss     | 9.4e+05   |
|    ent_coef        | 9.82      |
|    ent_coef_loss   | -0.174    |
|    learning_rate   | 0.001     |
|    n_updates       | 92474     |
----------------------------------
----------------------------------
| rollout/           |           |
|    ep_len_mean     | 915       |
|    ep_rew_mean     | -1.03e+05 |
| time/              |           |
|    episodes        | 663       |
|    fps             | 191       |
|    time_elapsed    | 1988      |
|    total_timesteps | 380000    |
| train/             |           |
|    actor_loss      | -3.45e+03 |
|    critic_loss     | 1.54e+06  |
|    ent_coef        | 6.58      |
|    ent_coef_loss   | 1.03      |
|    learning_rate   | 0.001     |
|    n_updates       | 94974     |
----------------------------------
----------------------------------
| rollout/           |           |
|    ep_len_mean     | 909       |
|    ep_rew_mean     | -1.3e+05  |
| time/              |           |
|    episodes        | 675       |
|    fps             | 191       |
|    time_elapsed    | 2036      |
|    total_timesteps | 390000    |
| train/             |           |
|    actor_loss      | -2.18e+03 |
|    critic_loss     | 3.21e+06  |
|    ent_coef        | 7.61      |
|    ent_coef_loss   | 0.778     |
|    learning_rate   | 0.001     |
|    n_updates       | 97474     |
----------------------------------
----------------------------------
| rollout/           |           |
|    ep_len_mean     | 904       |
|    ep_rew_mean     | -1.3e+05  |
| time/              |           |
|    episodes        | 686       |
|    fps             | 191       |
|    time_elapsed    | 2088      |
|    total_timesteps | 400000    |
| train/             |           |
|    actor_loss      | -3.26e+03 |
|    critic_loss     | 1.13e+07  |
|    ent_coef        | 7.74      |
|    ent_coef_loss   | 0.768     |
|    learning_rate   | 0.001     |
|    n_updates       | 99974     |
----------------------------------
----------------------------------
| rollout/           |           |
|    ep_len_mean     | 807       |
|    ep_rew_mean     | -1.42e+05 |
| time/              |           |
|    episodes        | 708       |
|    fps             | 191       |
|    time_elapsed    | 2142      |
|    total_timesteps | 410000    |
| train/             |           |
|    actor_loss      | -5.53e+03 |
|    critic_loss     | 6.14e+05  |
|    ent_coef        | 6.41      |
|    ent_coef_loss   | -0.796    |
|    learning_rate   | 0.001     |
|    n_updates       | 102474    |
----------------------------------
----------------------------------
| rollout/           |           |
|    ep_len_mean     | 807       |
|    ep_rew_mean     | -1.43e+05 |
| time/              |           |
|    episodes        | 716       |
|    fps             | 190       |
|    time_elapsed    | 2201      |
|    total_timesteps | 420000    |
| train/             |           |
|    actor_loss      | -8.91e+03 |
|    critic_loss     | 1.56e+06  |
|    ent_coef        | 5.54      |
|    ent_coef_loss   | -0.0674   |
|    learning_rate   | 0.001     |
|    n_updates       | 104974    |
----------------------------------
----------------------------------
| rollout/           |           |
|    ep_len_mean     | 733       |
|    ep_rew_mean     | -1.4e+05  |
| time/              |           |
|    episodes        | 735       |
|    fps             | 190       |
|    time_elapsed    | 2257      |
|    total_timesteps | 430000    |
| train/             |           |
|    actor_loss      | -1.15e+04 |
|    critic_loss     | 7.95e+05  |
|    ent_coef        | 6.22      |
|    ent_coef_loss   | -0.439    |
|    learning_rate   | 0.001     |
|    n_updates       | 107474    |
----------------------------------
----------------------------------
| rollout/           |           |
|    ep_len_mean     | 616       |
|    ep_rew_mean     | -1.47e+05 |
| time/              |           |
|    episodes        | 758       |
|    fps             | 189       |
|    time_elapsed    | 2316      |
|    total_timesteps | 440000    |
| train/             |           |
|    actor_loss      | -1.04e+04 |
|    critic_loss     | 7.05e+05  |
|    ent_coef        | 7.48      |
|    ent_coef_loss   | -0.758    |
|    learning_rate   | 0.001     |
|    n_updates       | 109974    |
----------------------------------
----------------------------------
| rollout/           |           |
|    ep_len_mean     | 579       |
|    ep_rew_mean     | -1.31e+05 |
| time/              |           |
|    episodes        | 778       |
|    fps             | 189       |
|    time_elapsed    | 2377      |
|    total_timesteps | 450000    |
| train/             |           |
|    actor_loss      | -1.58e+04 |
|    critic_loss     | 2.76e+06  |
|    ent_coef        | 7.07      |
|    ent_coef_loss   | -0.0329   |
|    learning_rate   | 0.001     |
|    n_updates       | 112474    |
----------------------------------
----------------------------------
| rollout/           |           |
|    ep_len_mean     | 560       |
|    ep_rew_mean     | -1.35e+05 |
| time/              |           |
|    episodes        | 796       |
|    fps             | 188       |
|    time_elapsed    | 2438      |
|    total_timesteps | 460000    |
| train/             |           |
|    actor_loss      | -1.69e+04 |
|    critic_loss     | 1.64e+06  |
|    ent_coef        | 6.96      |
|    ent_coef_loss   | -0.446    |
|    learning_rate   | 0.001     |
|    n_updates       | 114974    |
----------------------------------
----------------------------------
| rollout/           |           |
|    ep_len_mean     | 538       |
|    ep_rew_mean     | -1.48e+05 |
| time/              |           |
|    episodes        | 814       |
|    fps             | 188       |
|    time_elapsed    | 2498      |
|    total_timesteps | 470000    |
| train/             |           |
|    actor_loss      | -1.87e+04 |
|    critic_loss     | 2.42e+06  |
|    ent_coef        | 7.15      |
|    ent_coef_loss   | 0.644     |
|    learning_rate   | 0.001     |
|    n_updates       | 117474    |
----------------------------------
----------------------------------
| rollout/           |           |
|    ep_len_mean     | 465       |
|    ep_rew_mean     | -1.02e+05 |
| time/              |           |
|    episodes        | 844       |
|    fps             | 187       |
|    time_elapsed    | 2556      |
|    total_timesteps | 480000    |
| train/             |           |
|    actor_loss      | -2.03e+04 |
|    critic_loss     | 1.11e+06  |
|    ent_coef        | 8.71      |
|    ent_coef_loss   | 0.765     |
|    learning_rate   | 0.001     |
|    n_updates       | 119974    |
----------------------------------
----------------------------------
| rollout/           |           |
|    ep_len_mean     | 407       |
|    ep_rew_mean     | -5.03e+04 |
| time/              |           |
|    episodes        | 879       |
|    fps             | 187       |
|    time_elapsed    | 2618      |
|    total_timesteps | 490000    |
| train/             |           |
|    actor_loss      | -2.24e+04 |
|    critic_loss     | 1.21e+06  |
|    ent_coef        | 7.89      |
|    ent_coef_loss   | -0.287    |
|    learning_rate   | 0.001     |
|    n_updates       | 122474    |
----------------------------------
----------------------------------
| rollout/           |           |
|    ep_len_mean     | 238       |
|    ep_rew_mean     | 3.52e+04  |
| time/              |           |
|    episodes        | 933       |
|    fps             | 186       |
|    time_elapsed    | 2678      |
|    total_timesteps | 500000    |
| train/             |           |
|    actor_loss      | -2.78e+04 |
|    critic_loss     | 9.97e+05  |
|    ent_coef        | 7.27      |
|    ent_coef_loss   | -1.96     |
|    learning_rate   | 0.001     |
|    n_updates       | 124974    |
----------------------------------
---------------------------------
| rollout/           |          |
|    ep_len_mean     | 184      |
|    ep_rew_mean     | 6.28e+04 |
| time/              |          |
|    episodes        | 990      |
|    fps             | 186      |
|    time_elapsed    | 2738     |
|    total_timesteps | 510000   |
| train/             |          |
|    actor_loss      | -3.5e+04 |
|    critic_loss     | 1.89e+07 |
|    ent_coef        | 13       |
|    ent_coef_loss   | 2.44     |
|    learning_rate   | 0.001    |
|    n_updates       | 127474   |
---------------------------------
----------------------------------
| rollout/           |           |
|    ep_len_mean     | 218       |
|    ep_rew_mean     | 6.14e+04  |
| time/              |           |
|    episodes        | 1020      |
|    fps             | 185       |
|    time_elapsed    | 2797      |
|    total_timesteps | 520000    |
| train/             |           |
|    actor_loss      | -4.39e+04 |
|    critic_loss     | 7.02e+06  |
|    ent_coef        | 11.9      |
|    ent_coef_loss   | 0.366     |
|    learning_rate   | 0.001     |
|    n_updates       | 129974    |
----------------------------------
----------------------------------
| rollout/           |           |
|    ep_len_mean     | 243       |
|    ep_rew_mean     | 5.65e+04  |
| time/              |           |
|    episodes        | 1075      |
|    fps             | 185       |
|    time_elapsed    | 2854      |
|    total_timesteps | 530000    |
| train/             |           |
|    actor_loss      | -4.85e+04 |
|    critic_loss     | 1.52e+06  |
|    ent_coef        | 10.4      |
|    ent_coef_loss   | 0.905     |
|    learning_rate   | 0.001     |
|    n_updates       | 132474    |
----------------------------------
----------------------------------
| rollout/           |           |
|    ep_len_mean     | 245       |
|    ep_rew_mean     | 1.18e+04  |
| time/              |           |
|    episodes        | 1110      |
|    fps             | 184       |
|    time_elapsed    | 2918      |
|    total_timesteps | 540000    |
| train/             |           |
|    actor_loss      | -5.74e+04 |
|    critic_loss     | 3.51e+07  |
|    ent_coef        | 11.6      |
|    ent_coef_loss   | -1.39     |
|    learning_rate   | 0.001     |
|    n_updates       | 134974    |
----------------------------------
----------------------------------
| rollout/           |           |
|    ep_len_mean     | 273       |
|    ep_rew_mean     | -1.97e+04 |
| time/              |           |
|    episodes        | 1131      |
|    fps             | 184       |
|    time_elapsed    | 2976      |
|    total_timesteps | 550000    |
| train/             |           |
|    actor_loss      | -5.74e+04 |
|    critic_loss     | 3.85e+06  |
|    ent_coef        | 13.5      |
|    ent_coef_loss   | 1.25      |
|    learning_rate   | 0.001     |
|    n_updates       | 137474    |
----------------------------------
----------------------------------
| rollout/           |           |
|    ep_len_mean     | 301       |
|    ep_rew_mean     | -1.24e+04 |
| time/              |           |
|    episodes        | 1162      |
|    fps             | 184       |
|    time_elapsed    | 3031      |
|    total_timesteps | 560000    |
| train/             |           |
|    actor_loss      | -5.48e+04 |
|    critic_loss     | 1.18e+06  |
|    ent_coef        | 13.3      |
|    ent_coef_loss   | -0.679    |
|    learning_rate   | 0.001     |
|    n_updates       | 139974    |
----------------------------------
----------------------------------
| rollout/           |           |
|    ep_len_mean     | 261       |
|    ep_rew_mean     | 7.36e+04  |
| time/              |           |
|    episodes        | 1222      |
|    fps             | 184       |
|    time_elapsed    | 3086      |
|    total_timesteps | 570000    |
| train/             |           |
|    actor_loss      | -5.48e+04 |
|    critic_loss     | 1.7e+06   |
|    ent_coef        | 15.8      |
|    ent_coef_loss   | -0.228    |
|    learning_rate   | 0.001     |
|    n_updates       | 142474    |
----------------------------------
----------------------------------
| rollout/           |           |
|    ep_len_mean     | 169       |
|    ep_rew_mean     | 8.15e+04  |
| time/              |           |
|    episodes        | 1289      |
|    fps             | 184       |
|    time_elapsed    | 3141      |
|    total_timesteps | 580000    |
| train/             |           |
|    actor_loss      | -5.56e+04 |
|    critic_loss     | 5.09e+06  |
|    ent_coef        | 14.3      |
|    ent_coef_loss   | -0.526    |
|    learning_rate   | 0.001     |
|    n_updates       | 144974    |
----------------------------------
----------------------------------
| rollout/           |           |
|    ep_len_mean     | 185       |
|    ep_rew_mean     | 7.96e+04  |
| time/              |           |
|    episodes        | 1340      |
|    fps             | 184       |
|    time_elapsed    | 3196      |
|    total_timesteps | 590000    |
| train/             |           |
|    actor_loss      | -5.89e+04 |
|    critic_loss     | 1.09e+07  |
|    ent_coef        | 12.2      |
|    ent_coef_loss   | 0.157     |
|    learning_rate   | 0.001     |
|    n_updates       | 147474    |
----------------------------------
---------------------------------
| rollout/           |          |
|    ep_len_mean     | 141      |
|    ep_rew_mean     | 1.12e+05 |
| time/              |          |
|    episodes        | 1407     |
|    fps             | 184      |
|    time_elapsed    | 3254     |
|    total_timesteps | 600000   |
| train/             |          |
|    actor_loss      | -6.6e+04 |
|    critic_loss     | 3.19e+07 |
|    ent_coef        | 14       |
|    ent_coef_loss   | -0.398   |
|    learning_rate   | 0.001    |
|    n_updates       | 149974   |
---------------------------------
----------------------------------
| rollout/           |           |
|    ep_len_mean     | 74.7      |
|    ep_rew_mean     | 1.27e+05  |
| time/              |           |
|    episodes        | 1529      |
|    fps             | 183       |
|    time_elapsed    | 3320      |
|    total_timesteps | 610000    |
| train/             |           |
|    actor_loss      | -6.78e+04 |
|    critic_loss     | 3.53e+06  |
|    ent_coef        | 12.5      |
|    ent_coef_loss   | 1.24      |
|    learning_rate   | 0.001     |
|    n_updates       | 152474    |
----------------------------------
----------------------------------
| rollout/           |           |
|    ep_len_mean     | 119       |
|    ep_rew_mean     | 1.22e+05  |
| time/              |           |
|    episodes        | 1596      |
|    fps             | 183       |
|    time_elapsed    | 3382      |
|    total_timesteps | 620000    |
| train/             |           |
|    actor_loss      | -6.95e+04 |
|    critic_loss     | 8.37e+06  |
|    ent_coef        | 14.5      |
|    ent_coef_loss   | 0.252     |
|    learning_rate   | 0.001     |
|    n_updates       | 154974    |
----------------------------------
----------------------------------
| rollout/           |           |
|    ep_len_mean     | 87.5      |
|    ep_rew_mean     | 1.24e+05  |
| time/              |           |
|    episodes        | 1704      |
|    fps             | 182       |
|    time_elapsed    | 3444      |
|    total_timesteps | 630000    |
| train/             |           |
|    actor_loss      | -7.13e+04 |
|    critic_loss     | 3.48e+06  |
|    ent_coef        | 18.6      |
|    ent_coef_loss   | -0.886    |
|    learning_rate   | 0.001     |
|    n_updates       | 157474    |
----------------------------------
----------------------------------
| rollout/           |           |
|    ep_len_mean     | 68.3      |
|    ep_rew_mean     | 1.27e+05  |
| time/              |           |
|    episodes        | 1825      |
|    fps             | 182       |
|    time_elapsed    | 3500      |
|    total_timesteps | 640000    |
| train/             |           |
|    actor_loss      | -7.23e+04 |
|    critic_loss     | 1.88e+06  |
|    ent_coef        | 15.9      |
|    ent_coef_loss   | 0.677     |
|    learning_rate   | 0.001     |
|    n_updates       | 159974    |
----------------------------------
----------------------------------
| rollout/           |           |
|    ep_len_mean     | 52.7      |
|    ep_rew_mean     | 1.23e+05  |
| time/              |           |
|    episodes        | 1982      |
|    fps             | 182       |
|    time_elapsed    | 3557      |
|    total_timesteps | 650000    |
| train/             |           |
|    actor_loss      | -7.45e+04 |
|    critic_loss     | 2.54e+06  |
|    ent_coef        | 16.8      |
|    ent_coef_loss   | 0.67      |
|    learning_rate   | 0.001     |
|    n_updates       | 162474    |
----------------------------------
----------------------------------
| rollout/           |           |
|    ep_len_mean     | 49        |
|    ep_rew_mean     | 1.31e+05  |
| time/              |           |
|    episodes        | 2131      |
|    fps             | 182       |
|    time_elapsed    | 3612      |
|    total_timesteps | 660000    |
| train/             |           |
|    actor_loss      | -7.74e+04 |
|    critic_loss     | 1.71e+06  |
|    ent_coef        | 15.7      |
|    ent_coef_loss   | -1.01     |
|    learning_rate   | 0.001     |
|    n_updates       | 164974    |
----------------------------------
----------------------------------
| rollout/           |           |
|    ep_len_mean     | 39        |
|    ep_rew_mean     | 1.31e+05  |
| time/              |           |
|    episodes        | 2406      |
|    fps             | 182       |
|    time_elapsed    | 3666      |
|    total_timesteps | 670000    |
| train/             |           |
|    actor_loss      | -7.58e+04 |
|    critic_loss     | 4.42e+06  |
|    ent_coef        | 17.1      |
|    ent_coef_loss   | 0.0991    |
|    learning_rate   | 0.001     |
|    n_updates       | 167474    |
----------------------------------
----------------------------------
| rollout/           |           |
|    ep_len_mean     | 35.2      |
|    ep_rew_mean     | 1.32e+05  |
| time/              |           |
|    episodes        | 2702      |
|    fps             | 182       |
|    time_elapsed    | 3721      |
|    total_timesteps | 680000    |
| train/             |           |
|    actor_loss      | -8.11e+04 |
|    critic_loss     | 2.46e+06  |
|    ent_coef        | 16.9      |
|    ent_coef_loss   | 0.592     |
|    learning_rate   | 0.001     |
|    n_updates       | 169974    |
----------------------------------
----------------------------------
| rollout/           |           |
|    ep_len_mean     | 30.9      |
|    ep_rew_mean     | 1.33e+05  |
| time/              |           |
|    episodes        | 3046      |
|    fps             | 182       |
|    time_elapsed    | 3776      |
|    total_timesteps | 690000    |
| train/             |           |
|    actor_loss      | -8.17e+04 |
|    critic_loss     | 8.27e+06  |
|    ent_coef        | 14.5      |
|    ent_coef_loss   | 1.14      |
|    learning_rate   | 0.001     |
|    n_updates       | 172474    |
----------------------------------
----------------------------------
| rollout/           |           |
|    ep_len_mean     | 29.8      |
|    ep_rew_mean     | 1.31e+05  |
| time/              |           |
|    episodes        | 3353      |
|    fps             | 182       |
|    time_elapsed    | 3831      |
|    total_timesteps | 700000    |
| train/             |           |
|    actor_loss      | -8.22e+04 |
|    critic_loss     | 2.36e+06  |
|    ent_coef        | 16.2      |
|    ent_coef_loss   | 1.32      |
|    learning_rate   | 0.001     |
|    n_updates       | 174974    |
----------------------------------
----------------------------------
| rollout/           |           |
|    ep_len_mean     | 29.1      |
|    ep_rew_mean     | 1.32e+05  |
| time/              |           |
|    episodes        | 3694      |
|    fps             | 182       |
|    time_elapsed    | 3887      |
|    total_timesteps | 710000    |
| train/             |           |
|    actor_loss      | -7.96e+04 |
|    critic_loss     | 1.78e+06  |
|    ent_coef        | 16.5      |
|    ent_coef_loss   | 0.951     |
|    learning_rate   | 0.001     |
|    n_updates       | 177474    |
----------------------------------
----------------------------------
| rollout/           |           |
|    ep_len_mean     | 30.7      |
|    ep_rew_mean     | 1.33e+05  |
| time/              |           |
|    episodes        | 4023      |
|    fps             | 182       |
|    time_elapsed    | 3942      |
|    total_timesteps | 720000    |
| train/             |           |
|    actor_loss      | -8.01e+04 |
|    critic_loss     | 1.73e+07  |
|    ent_coef        | 14.7      |
|    ent_coef_loss   | 0.138     |
|    learning_rate   | 0.001     |
|    n_updates       | 179974    |
----------------------------------
----------------------------------
| rollout/           |           |
|    ep_len_mean     | 27.3      |
|    ep_rew_mean     | 1.32e+05  |
| time/              |           |
|    episodes        | 4376      |
|    fps             | 182       |
|    time_elapsed    | 3998      |
|    total_timesteps | 730000    |
| train/             |           |
|    actor_loss      | -8.33e+04 |
|    critic_loss     | 1.64e+06  |
|    ent_coef        | 15.5      |
|    ent_coef_loss   | 0.273     |
|    learning_rate   | 0.001     |
|    n_updates       | 182474    |
----------------------------------
----------------------------------
| rollout/           |           |
|    ep_len_mean     | 26.1      |
|    ep_rew_mean     | 1.32e+05  |
| time/              |           |
|    episodes        | 4741      |
|    fps             | 182       |
|    time_elapsed    | 4053      |
|    total_timesteps | 740000    |
| train/             |           |
|    actor_loss      | -8.27e+04 |
|    critic_loss     | 2.15e+07  |
|    ent_coef        | 13.7      |
|    ent_coef_loss   | -0.908    |
|    learning_rate   | 0.001     |
|    n_updates       | 184974    |
----------------------------------
----------------------------------
| rollout/           |           |
|    ep_len_mean     | 29.1      |
|    ep_rew_mean     | 1.33e+05  |
| time/              |           |
|    episodes        | 5105      |
|    fps             | 182       |
|    time_elapsed    | 4109      |
|    total_timesteps | 750000    |
| train/             |           |
|    actor_loss      | -8.47e+04 |
|    critic_loss     | 1.21e+06  |
|    ent_coef        | 15.7      |
|    ent_coef_loss   | 0.335     |
|    learning_rate   | 0.001     |
|    n_updates       | 187474    |
----------------------------------
----------------------------------
| rollout/           |           |
|    ep_len_mean     | 28.3      |
|    ep_rew_mean     | 1.32e+05  |
| time/              |           |
|    episodes        | 5451      |
|    fps             | 182       |
|    time_elapsed    | 4170      |
|    total_timesteps | 760000    |
| train/             |           |
|    actor_loss      | -8.47e+04 |
|    critic_loss     | 1.29e+06  |
|    ent_coef        | 15.9      |
|    ent_coef_loss   | 1.32      |
|    learning_rate   | 0.001     |
|    n_updates       | 189974    |
----------------------------------
---------------------------------
| rollout/           |          |
|    ep_len_mean     | 26.8     |
|    ep_rew_mean     | 1.32e+05 |
| time/              |          |
|    episodes        | 5809     |
|    fps             | 181      |
|    time_elapsed    | 4235     |
|    total_timesteps | 770000   |
| train/             |          |
|    actor_loss      | -8.4e+04 |
|    critic_loss     | 1.24e+06 |
|    ent_coef        | 16.1     |
|    ent_coef_loss   | -0.754   |
|    learning_rate   | 0.001    |
|    n_updates       | 192474   |
---------------------------------
----------------------------------
| rollout/           |           |
|    ep_len_mean     | 27.4      |
|    ep_rew_mean     | 1.33e+05  |
| time/              |           |
|    episodes        | 6176      |
|    fps             | 181       |
|    time_elapsed    | 4300      |
|    total_timesteps | 780000    |
| train/             |           |
|    actor_loss      | -8.48e+04 |
|    critic_loss     | 1.67e+07  |
|    ent_coef        | 14.2      |
|    ent_coef_loss   | 0.96      |
|    learning_rate   | 0.001     |
|    n_updates       | 194974    |
----------------------------------
----------------------------------
| rollout/           |           |
|    ep_len_mean     | 27.4      |
|    ep_rew_mean     | 1.32e+05  |
| time/              |           |
|    episodes        | 6545      |
|    fps             | 181       |
|    time_elapsed    | 4361      |
|    total_timesteps | 790000    |
| train/             |           |
|    actor_loss      | -8.58e+04 |
|    critic_loss     | 1.23e+06  |
|    ent_coef        | 13.5      |
|    ent_coef_loss   | 0.164     |
|    learning_rate   | 0.001     |
|    n_updates       | 197474    |
----------------------------------
----------------------------------
| rollout/           |           |
|    ep_len_mean     | 30.1      |
|    ep_rew_mean     | 1.29e+05  |
| time/              |           |
|    episodes        | 6905      |
|    fps             | 180       |
|    time_elapsed    | 4426      |
|    total_timesteps | 800000    |
| train/             |           |
|    actor_loss      | -8.58e+04 |
|    critic_loss     | 3.47e+07  |
|    ent_coef        | 15.5      |
|    ent_coef_loss   | 0.629     |
|    learning_rate   | 0.001     |
|    n_updates       | 199974    |
----------------------------------
----------------------------------
| rollout/           |           |
|    ep_len_mean     | 29        |
|    ep_rew_mean     | 1.32e+05  |
| time/              |           |
|    episodes        | 7261      |
|    fps             | 180       |
|    time_elapsed    | 4488      |
|    total_timesteps | 810000    |
| train/             |           |
|    actor_loss      | -8.67e+04 |
|    critic_loss     | 1.1e+06   |
|    ent_coef        | 15.1      |
|    ent_coef_loss   | -0.836    |
|    learning_rate   | 0.001     |
|    n_updates       | 202474    |
----------------------------------
----------------------------------
| rollout/           |           |
|    ep_len_mean     | 28.6      |
|    ep_rew_mean     | 1.32e+05  |
| time/              |           |
|    episodes        | 7632      |
|    fps             | 180       |
|    time_elapsed    | 4550      |
|    total_timesteps | 820000    |
| train/             |           |
|    actor_loss      | -8.72e+04 |
|    critic_loss     | 9.48e+05  |
|    ent_coef        | 15.5      |
|    ent_coef_loss   | 0.687     |
|    learning_rate   | 0.001     |
|    n_updates       | 204974    |
----------------------------------
----------------------------------
| rollout/           |           |
|    ep_len_mean     | 26.1      |
|    ep_rew_mean     | 1.33e+05  |
| time/              |           |
|    episodes        | 8008      |
|    fps             | 179       |
|    time_elapsed    | 4611      |
|    total_timesteps | 830000    |
| train/             |           |
|    actor_loss      | -8.65e+04 |
|    critic_loss     | 1.43e+06  |
|    ent_coef        | 17.1      |
|    ent_coef_loss   | 0.862     |
|    learning_rate   | 0.001     |
|    n_updates       | 207474    |
----------------------------------
----------------------------------
| rollout/           |           |
|    ep_len_mean     | 25.4      |
|    ep_rew_mean     | 1.32e+05  |
| time/              |           |
|    episodes        | 8372      |
|    fps             | 179       |
|    time_elapsed    | 4675      |
|    total_timesteps | 840000    |
| train/             |           |
|    actor_loss      | -8.66e+04 |
|    critic_loss     | 1.58e+06  |
|    ent_coef        | 16        |
|    ent_coef_loss   | -0.179    |
|    learning_rate   | 0.001     |
|    n_updates       | 209974    |
----------------------------------
----------------------------------
| rollout/           |           |
|    ep_len_mean     | 26.4      |
|    ep_rew_mean     | 1.33e+05  |
| time/              |           |
|    episodes        | 8757      |
|    fps             | 179       |
|    time_elapsed    | 4739      |
|    total_timesteps | 850000    |
| train/             |           |
|    actor_loss      | -8.81e+04 |
|    critic_loss     | 6.86e+05  |
|    ent_coef        | 15.7      |
|    ent_coef_loss   | -0.83     |
|    learning_rate   | 0.001     |
|    n_updates       | 212474    |
----------------------------------
----------------------------------
| rollout/           |           |
|    ep_len_mean     | 25.8      |
|    ep_rew_mean     | 1.33e+05  |
| time/              |           |
|    episodes        | 9146      |
|    fps             | 179       |
|    time_elapsed    | 4798      |
|    total_timesteps | 860000    |
| train/             |           |
|    actor_loss      | -8.76e+04 |
|    critic_loss     | 1.76e+06  |
|    ent_coef        | 17        |
|    ent_coef_loss   | -1.04     |
|    learning_rate   | 0.001     |
|    n_updates       | 214974    |
----------------------------------
----------------------------------
| rollout/           |           |
|    ep_len_mean     | 26.5      |
|    ep_rew_mean     | 1.33e+05  |
| time/              |           |
|    episodes        | 9537      |
|    fps             | 179       |
|    time_elapsed    | 4853      |
|    total_timesteps | 870000    |
| train/             |           |
|    actor_loss      | -8.72e+04 |
|    critic_loss     | 1.15e+06  |
|    ent_coef        | 15.7      |
|    ent_coef_loss   | -0.893    |
|    learning_rate   | 0.001     |
|    n_updates       | 217474    |
----------------------------------
----------------------------------
| rollout/           |           |
|    ep_len_mean     | 24.9      |
|    ep_rew_mean     | 1.32e+05  |
| time/              |           |
|    episodes        | 9938      |
|    fps             | 179       |
|    time_elapsed    | 4908      |
|    total_timesteps | 880000    |
| train/             |           |
|    actor_loss      | -8.66e+04 |
|    critic_loss     | 8.55e+05  |
|    ent_coef        | 15.5      |
|    ent_coef_loss   | 0.199     |
|    learning_rate   | 0.001     |
|    n_updates       | 219974    |
----------------------------------
----------------------------------
| rollout/           |           |
|    ep_len_mean     | 24.9      |
|    ep_rew_mean     | 1.33e+05  |
| time/              |           |
|    episodes        | 10345     |
|    fps             | 179       |
|    time_elapsed    | 4967      |
|    total_timesteps | 890000    |
| train/             |           |
|    actor_loss      | -8.63e+04 |
|    critic_loss     | 1e+06     |
|    ent_coef        | 14.9      |
|    ent_coef_loss   | -0.203    |
|    learning_rate   | 0.001     |
|    n_updates       | 222474    |
----------------------------------
----------------------------------
| rollout/           |           |
|    ep_len_mean     | 23.9      |
|    ep_rew_mean     | 1.33e+05  |
| time/              |           |
|    episodes        | 10757     |
|    fps             | 179       |
|    time_elapsed    | 5026      |
|    total_timesteps | 900000    |
| train/             |           |
|    actor_loss      | -8.62e+04 |
|    critic_loss     | 1.02e+06  |
|    ent_coef        | 15.4      |
|    ent_coef_loss   | -0.681    |
|    learning_rate   | 0.001     |
|    n_updates       | 224974    |
----------------------------------
----------------------------------
| rollout/           |           |
|    ep_len_mean     | 25.1      |
|    ep_rew_mean     | 1.33e+05  |
| time/              |           |
|    episodes        | 11173     |
|    fps             | 178       |
|    time_elapsed    | 5086      |
|    total_timesteps | 910000    |
| train/             |           |
|    actor_loss      | -8.86e+04 |
|    critic_loss     | 1.99e+07  |
|    ent_coef        | 15.4      |
|    ent_coef_loss   | -0.289    |
|    learning_rate   | 0.001     |
|    n_updates       | 227474    |
----------------------------------
----------------------------------
| rollout/           |           |
|    ep_len_mean     | 22.9      |
|    ep_rew_mean     | 1.33e+05  |
| time/              |           |
|    episodes        | 11596     |
|    fps             | 178       |
|    time_elapsed    | 5146      |
|    total_timesteps | 920000    |
| train/             |           |
|    actor_loss      | -8.81e+04 |
|    critic_loss     | 1.04e+06  |
|    ent_coef        | 14.6      |
|    ent_coef_loss   | -1.18     |
|    learning_rate   | 0.001     |
|    n_updates       | 229974    |
----------------------------------
----------------------------------
| rollout/           |           |
|    ep_len_mean     | 24.1      |
|    ep_rew_mean     | 1.34e+05  |
| time/              |           |
|    episodes        | 12020     |
|    fps             | 178       |
|    time_elapsed    | 5205      |
|    total_timesteps | 930000    |
| train/             |           |
|    actor_loss      | -8.82e+04 |
|    critic_loss     | 9.21e+05  |
|    ent_coef        | 14.4      |
|    ent_coef_loss   | -0.599    |
|    learning_rate   | 0.001     |
|    n_updates       | 232474    |
----------------------------------
----------------------------------
| rollout/           |           |
|    ep_len_mean     | 23.9      |
|    ep_rew_mean     | 1.34e+05  |
| time/              |           |
|    episodes        | 12451     |
|    fps             | 178       |
|    time_elapsed    | 5260      |
|    total_timesteps | 940000    |
| train/             |           |
|    actor_loss      | -8.99e+04 |
|    critic_loss     | 1.3e+06   |
|    ent_coef        | 17.1      |
|    ent_coef_loss   | -0.658    |
|    learning_rate   | 0.001     |
|    n_updates       | 234974    |
----------------------------------
----------------------------------
| rollout/           |           |
|    ep_len_mean     | 22.8      |
|    ep_rew_mean     | 1.34e+05  |
| time/              |           |
|    episodes        | 12885     |
|    fps             | 178       |
|    time_elapsed    | 5315      |
|    total_timesteps | 950000    |
| train/             |           |
|    actor_loss      | -8.93e+04 |
|    critic_loss     | 1.45e+06  |
|    ent_coef        | 15.4      |
|    ent_coef_loss   | 0.277     |
|    learning_rate   | 0.001     |
|    n_updates       | 237474    |
----------------------------------
----------------------------------
| rollout/           |           |
|    ep_len_mean     | 22.5      |
|    ep_rew_mean     | 1.34e+05  |
| time/              |           |
|    episodes        | 13330     |
|    fps             | 178       |
|    time_elapsed    | 5370      |
|    total_timesteps | 960000    |
| train/             |           |
|    actor_loss      | -8.98e+04 |
|    critic_loss     | 6.33e+05  |
|    ent_coef        | 15.5      |
|    ent_coef_loss   | 1.06      |
|    learning_rate   | 0.001     |
|    n_updates       | 239974    |
----------------------------------
---------------------------------
| rollout/           |          |
|    ep_len_mean     | 22.4     |
|    ep_rew_mean     | 1.34e+05 |
| time/              |          |
|    episodes        | 13770    |
|    fps             | 178      |
|    time_elapsed    | 5427     |
|    total_timesteps | 970000   |
| train/             |          |
|    actor_loss      | -8.8e+04 |
|    critic_loss     | 1.07e+06 |
|    ent_coef        | 17       |
|    ent_coef_loss   | -1.51    |
|    learning_rate   | 0.001    |
|    n_updates       | 242474   |
---------------------------------
----------------------------------
| rollout/           |           |
|    ep_len_mean     | 22.3      |
|    ep_rew_mean     | 1.33e+05  |
| time/              |           |
|    episodes        | 14217     |
|    fps             | 178       |
|    time_elapsed    | 5488      |
|    total_timesteps | 980000    |
| train/             |           |
|    actor_loss      | -9.01e+04 |
|    critic_loss     | 9.41e+05  |
|    ent_coef        | 17.5      |
|    ent_coef_loss   | 0.587     |
|    learning_rate   | 0.001     |
|    n_updates       | 244974    |
----------------------------------
----------------------------------
| rollout/           |           |
|    ep_len_mean     | 21.4      |
|    ep_rew_mean     | 1.34e+05  |
| time/              |           |
|    episodes        | 14677     |
|    fps             | 178       |
|    time_elapsed    | 5544      |
|    total_timesteps | 990000    |
| train/             |           |
|    actor_loss      | -8.96e+04 |
|    critic_loss     | 5.29e+06  |
|    ent_coef        | 16.5      |
|    ent_coef_loss   | -0.528    |
|    learning_rate   | 0.001     |
|    n_updates       | 247474    |
----------------------------------
----------------------------------
| rollout/           |           |
|    ep_len_mean     | 22.3      |
|    ep_rew_mean     | 1.33e+05  |
| time/              |           |
|    episodes        | 15132     |
|    fps             | 178       |
|    time_elapsed    | 5605      |
|    total_timesteps | 1000000   |
| train/             |           |
|    actor_loss      | -9.14e+04 |
|    critic_loss     | 4.71e+05  |
|    ent_coef        | 16.8      |
|    ent_coef_loss   | -0.842    |
|    learning_rate   | 0.001     |
|    n_updates       | 249974    |
----------------------------------
Training ended on Tue Jan 27 17:53:15 2026
Training lasted 1:33:25.193518
