Logging to training_default_logs/2_robots/logs/TRPO_set7
Using cpu device
Training started on Tue Jan 27 16:12:27 2026
Experiment configuration: {'algorithm': 'TRPO', 'set': 7, 'verbose': 1, 'steps': 1000000, 'num_robots': 2, 'num_envs': 4, 'seed': 33, 'log_steps': 10000, 'resume': False, 'device': 'cpu'}
-----------------------------------------
| rollout/                  |           |
|    ep_len_mean            | 78        |
|    ep_rew_mean            | -3.07e+05 |
| time/                     |           |
|    fps                    | 2725      |
|    time_elapsed           | 3         |
|    total_timesteps        | 10000     |
| train/                    |           |
|    explained_variance     | -8.34e-07 |
|    is_line_search_success | 1         |
|    kl_divergence_loss     | 0.00634   |
|    learning_rate          | 0.001     |
|    n_updates              | 1         |
|    policy_objective       | 0.0384    |
|    std                    | 1.01      |
|    value_loss             | 4.25e+09  |
-----------------------------------------
-----------------------------------------
| rollout/                  |           |
|    ep_len_mean            | 60.3      |
|    ep_rew_mean            | -2.35e+05 |
| time/                     |           |
|    fps                    | 2745      |
|    time_elapsed           | 7         |
|    total_timesteps        | 20000     |
| train/                    |           |
|    explained_variance     | 0         |
|    is_line_search_success | 1         |
|    kl_divergence_loss     | 0.00711   |
|    learning_rate          | 0.001     |
|    n_updates              | 2         |
|    policy_objective       | 0.0239    |
|    std                    | 1.01      |
|    value_loss             | 3.67e+09  |
-----------------------------------------
-----------------------------------------
| rollout/                  |           |
|    ep_len_mean            | 66.1      |
|    ep_rew_mean            | -2.48e+05 |
| time/                     |           |
|    fps                    | 2746      |
|    time_elapsed           | 10        |
|    total_timesteps        | 30000     |
| train/                    |           |
|    explained_variance     | 0         |
|    is_line_search_success | 1         |
|    kl_divergence_loss     | 0.00944   |
|    learning_rate          | 0.001     |
|    n_updates              | 3         |
|    policy_objective       | 0.0347    |
|    std                    | 1.01      |
|    value_loss             | 3.77e+09  |
-----------------------------------------
-----------------------------------------
| rollout/                  |           |
|    ep_len_mean            | 67.3      |
|    ep_rew_mean            | -2.11e+05 |
| time/                     |           |
|    fps                    | 2745      |
|    time_elapsed           | 14        |
|    total_timesteps        | 40000     |
| train/                    |           |
|    explained_variance     | 0         |
|    is_line_search_success | 1         |
|    kl_divergence_loss     | 0.0075    |
|    learning_rate          | 0.001     |
|    n_updates              | 4         |
|    policy_objective       | 0.0221    |
|    std                    | 0.987     |
|    value_loss             | 3.23e+09  |
-----------------------------------------
-----------------------------------------
| rollout/                  |           |
|    ep_len_mean            | 73.5      |
|    ep_rew_mean            | -2.19e+05 |
| time/                     |           |
|    fps                    | 2587      |
|    time_elapsed           | 19        |
|    total_timesteps        | 50000     |
| train/                    |           |
|    explained_variance     | 0         |
|    is_line_search_success | 1         |
|    kl_divergence_loss     | 0.00636   |
|    learning_rate          | 0.001     |
|    n_updates              | 6         |
|    policy_objective       | 0.0304    |
|    std                    | 0.984     |
|    value_loss             | 2.63e+09  |
-----------------------------------------
-----------------------------------------
| rollout/                  |           |
|    ep_len_mean            | 66        |
|    ep_rew_mean            | -1.81e+05 |
| time/                     |           |
|    fps                    | 2605      |
|    time_elapsed           | 23        |
|    total_timesteps        | 60000     |
| train/                    |           |
|    explained_variance     | 0         |
|    is_line_search_success | 1         |
|    kl_divergence_loss     | 0.00501   |
|    learning_rate          | 0.001     |
|    n_updates              | 7         |
|    policy_objective       | 0.0222    |
|    std                    | 1         |
|    value_loss             | 2.59e+09  |
-----------------------------------------
-----------------------------------------
| rollout/                  |           |
|    ep_len_mean            | 74.8      |
|    ep_rew_mean            | -2.06e+05 |
| time/                     |           |
|    fps                    | 2625      |
|    time_elapsed           | 26        |
|    total_timesteps        | 70000     |
| train/                    |           |
|    explained_variance     | 0         |
|    is_line_search_success | 1         |
|    kl_divergence_loss     | 0.00775   |
|    learning_rate          | 0.001     |
|    n_updates              | 8         |
|    policy_objective       | 0.0228    |
|    std                    | 0.984     |
|    value_loss             | 2.66e+09  |
-----------------------------------------
-----------------------------------------
| rollout/                  |           |
|    ep_len_mean            | 60.6      |
|    ep_rew_mean            | -1.65e+05 |
| time/                     |           |
|    fps                    | 2633      |
|    time_elapsed           | 30        |
|    total_timesteps        | 80000     |
| train/                    |           |
|    explained_variance     | 0         |
|    is_line_search_success | 1         |
|    kl_divergence_loss     | 0.00872   |
|    learning_rate          | 0.001     |
|    n_updates              | 9         |
|    policy_objective       | 0.0307    |
|    std                    | 0.982     |
|    value_loss             | 2.33e+09  |
-----------------------------------------
-----------------------------------------
| rollout/                  |           |
|    ep_len_mean            | 75.7      |
|    ep_rew_mean            | -1.78e+05 |
| time/                     |           |
|    fps                    | 2641      |
|    time_elapsed           | 34        |
|    total_timesteps        | 90000     |
| train/                    |           |
|    explained_variance     | -1.19e-07 |
|    is_line_search_success | 1         |
|    kl_divergence_loss     | 0.00771   |
|    learning_rate          | 0.001     |
|    n_updates              | 10        |
|    policy_objective       | 0.033     |
|    std                    | 0.977     |
|    value_loss             | 2.68e+09  |
-----------------------------------------
-----------------------------------------
| rollout/                  |           |
|    ep_len_mean            | 82.8      |
|    ep_rew_mean            | -1.93e+05 |
| time/                     |           |
|    fps                    | 2577      |
|    time_elapsed           | 38        |
|    total_timesteps        | 100000    |
| train/                    |           |
|    explained_variance     | 5.96e-08  |
|    is_line_search_success | 1         |
|    kl_divergence_loss     | 0.00921   |
|    learning_rate          | 0.001     |
|    n_updates              | 12        |
|    policy_objective       | 0.0345    |
|    std                    | 0.952     |
|    value_loss             | 2.15e+09  |
-----------------------------------------
-----------------------------------------
| rollout/                  |           |
|    ep_len_mean            | 91        |
|    ep_rew_mean            | -2.06e+05 |
| time/                     |           |
|    fps                    | 2588      |
|    time_elapsed           | 42        |
|    total_timesteps        | 110000    |
| train/                    |           |
|    explained_variance     | 0         |
|    is_line_search_success | 1         |
|    kl_divergence_loss     | 0.00659   |
|    learning_rate          | 0.001     |
|    n_updates              | 13        |
|    policy_objective       | 0.0347    |
|    std                    | 0.951     |
|    value_loss             | 2.39e+09  |
-----------------------------------------
-----------------------------------------
| rollout/                  |           |
|    ep_len_mean            | 81.5      |
|    ep_rew_mean            | -1.81e+05 |
| time/                     |           |
|    fps                    | 2603      |
|    time_elapsed           | 46        |
|    total_timesteps        | 120000    |
| train/                    |           |
|    explained_variance     | 0         |
|    is_line_search_success | 1         |
|    kl_divergence_loss     | 0.00711   |
|    learning_rate          | 0.001     |
|    n_updates              | 14        |
|    policy_objective       | 0.0341    |
|    std                    | 0.937     |
|    value_loss             | 2.13e+09  |
-----------------------------------------
-----------------------------------------
| rollout/                  |           |
|    ep_len_mean            | 94.1      |
|    ep_rew_mean            | -1.94e+05 |
| time/                     |           |
|    fps                    | 2612      |
|    time_elapsed           | 49        |
|    total_timesteps        | 130000    |
| train/                    |           |
|    explained_variance     | 0         |
|    is_line_search_success | 1         |
|    kl_divergence_loss     | 0.00604   |
|    learning_rate          | 0.001     |
|    n_updates              | 15        |
|    policy_objective       | 0.0246    |
|    std                    | 0.931     |
|    value_loss             | 1.91e+09  |
-----------------------------------------
-----------------------------------------
| rollout/                  |           |
|    ep_len_mean            | 95.2      |
|    ep_rew_mean            | -1.78e+05 |
| time/                     |           |
|    fps                    | 2567      |
|    time_elapsed           | 54        |
|    total_timesteps        | 140000    |
| train/                    |           |
|    explained_variance     | 0         |
|    is_line_search_success | 1         |
|    kl_divergence_loss     | 0.00862   |
|    learning_rate          | 0.001     |
|    n_updates              | 17        |
|    policy_objective       | 0.0263    |
|    std                    | 0.921     |
|    value_loss             | 1.74e+09  |
-----------------------------------------
-----------------------------------------
| rollout/                  |           |
|    ep_len_mean            | 98.6      |
|    ep_rew_mean            | -1.99e+05 |
| time/                     |           |
|    fps                    | 2578      |
|    time_elapsed           | 58        |
|    total_timesteps        | 150000    |
| train/                    |           |
|    explained_variance     | -1.19e-07 |
|    is_line_search_success | 1         |
|    kl_divergence_loss     | 0.00827   |
|    learning_rate          | 0.001     |
|    n_updates              | 18        |
|    policy_objective       | 0.0373    |
|    std                    | 0.919     |
|    value_loss             | 1.89e+09  |
-----------------------------------------
-----------------------------------------
| rollout/                  |           |
|    ep_len_mean            | 108       |
|    ep_rew_mean            | -1.94e+05 |
| time/                     |           |
|    fps                    | 2587      |
|    time_elapsed           | 61        |
|    total_timesteps        | 160000    |
| train/                    |           |
|    explained_variance     | 0         |
|    is_line_search_success | 1         |
|    kl_divergence_loss     | 0.00767   |
|    learning_rate          | 0.001     |
|    n_updates              | 19        |
|    policy_objective       | 0.0353    |
|    std                    | 0.922     |
|    value_loss             | 1.67e+09  |
-----------------------------------------
-----------------------------------------
| rollout/                  |           |
|    ep_len_mean            | 132       |
|    ep_rew_mean            | -2.23e+05 |
| time/                     |           |
|    fps                    | 2595      |
|    time_elapsed           | 65        |
|    total_timesteps        | 170000    |
| train/                    |           |
|    explained_variance     | 0         |
|    is_line_search_success | 1         |
|    kl_divergence_loss     | 0.00809   |
|    learning_rate          | 0.001     |
|    n_updates              | 20        |
|    policy_objective       | 0.0225    |
|    std                    | 0.905     |
|    value_loss             | 1.37e+09  |
-----------------------------------------
-----------------------------------------
| rollout/                  |           |
|    ep_len_mean            | 151       |
|    ep_rew_mean            | -2.56e+05 |
| time/                     |           |
|    fps                    | 2604      |
|    time_elapsed           | 69        |
|    total_timesteps        | 180000    |
| train/                    |           |
|    explained_variance     | 0         |
|    is_line_search_success | 1         |
|    kl_divergence_loss     | 0.00742   |
|    learning_rate          | 0.001     |
|    n_updates              | 21        |
|    policy_objective       | 0.0378    |
|    std                    | 0.902     |
|    value_loss             | 1.53e+09  |
-----------------------------------------
-----------------------------------------
| rollout/                  |           |
|    ep_len_mean            | 177       |
|    ep_rew_mean            | -2.51e+05 |
| time/                     |           |
|    fps                    | 2568      |
|    time_elapsed           | 73        |
|    total_timesteps        | 190000    |
| train/                    |           |
|    explained_variance     | 0         |
|    is_line_search_success | 1         |
|    kl_divergence_loss     | 0.00798   |
|    learning_rate          | 0.001     |
|    n_updates              | 23        |
|    policy_objective       | 0.0288    |
|    std                    | 0.895     |
|    value_loss             | 1.11e+09  |
-----------------------------------------
-----------------------------------------
| rollout/                  |           |
|    ep_len_mean            | 206       |
|    ep_rew_mean            | -2.68e+05 |
| time/                     |           |
|    fps                    | 2576      |
|    time_elapsed           | 77        |
|    total_timesteps        | 200000    |
| train/                    |           |
|    explained_variance     | 0         |
|    is_line_search_success | 1         |
|    kl_divergence_loss     | 0.00667   |
|    learning_rate          | 0.001     |
|    n_updates              | 24        |
|    policy_objective       | 0.0244    |
|    std                    | 0.888     |
|    value_loss             | 1.09e+09  |
-----------------------------------------
-----------------------------------------
| rollout/                  |           |
|    ep_len_mean            | 238       |
|    ep_rew_mean            | -3.18e+05 |
| time/                     |           |
|    fps                    | 2582      |
|    time_elapsed           | 81        |
|    total_timesteps        | 210000    |
| train/                    |           |
|    explained_variance     | 1.79e-07  |
|    is_line_search_success | 1         |
|    kl_divergence_loss     | 0.00537   |
|    learning_rate          | 0.001     |
|    n_updates              | 25        |
|    policy_objective       | 0.0326    |
|    std                    | 0.882     |
|    value_loss             | 1.08e+09  |
-----------------------------------------
-----------------------------------------
| rollout/                  |           |
|    ep_len_mean            | 273       |
|    ep_rew_mean            | -3.79e+05 |
| time/                     |           |
|    fps                    | 2587      |
|    time_elapsed           | 85        |
|    total_timesteps        | 220000    |
| train/                    |           |
|    explained_variance     | -1.19e-07 |
|    is_line_search_success | 1         |
|    kl_divergence_loss     | 0.00554   |
|    learning_rate          | 0.001     |
|    n_updates              | 26        |
|    policy_objective       | 0.0246    |
|    std                    | 0.874     |
|    value_loss             | 9.62e+08  |
-----------------------------------------
-----------------------------------------
| rollout/                  |           |
|    ep_len_mean            | 310       |
|    ep_rew_mean            | -4.2e+05  |
| time/                     |           |
|    fps                    | 2561      |
|    time_elapsed           | 89        |
|    total_timesteps        | 230000    |
| train/                    |           |
|    explained_variance     | -1.19e-07 |
|    is_line_search_success | 1         |
|    kl_divergence_loss     | 0.00431   |
|    learning_rate          | 0.001     |
|    n_updates              | 28        |
|    policy_objective       | 0.0185    |
|    std                    | 0.865     |
|    value_loss             | 8.11e+08  |
-----------------------------------------
-----------------------------------------
| rollout/                  |           |
|    ep_len_mean            | 321       |
|    ep_rew_mean            | -4.19e+05 |
| time/                     |           |
|    fps                    | 2566      |
|    time_elapsed           | 93        |
|    total_timesteps        | 240000    |
| train/                    |           |
|    explained_variance     | 0         |
|    is_line_search_success | 1         |
|    kl_divergence_loss     | 0.00948   |
|    learning_rate          | 0.001     |
|    n_updates              | 29        |
|    policy_objective       | 0.0418    |
|    std                    | 0.861     |
|    value_loss             | 9.38e+08  |
-----------------------------------------
-----------------------------------------
| rollout/                  |           |
|    ep_len_mean            | 362       |
|    ep_rew_mean            | -4.67e+05 |
| time/                     |           |
|    fps                    | 2572      |
|    time_elapsed           | 97        |
|    total_timesteps        | 250000    |
| train/                    |           |
|    explained_variance     | 0         |
|    is_line_search_success | 1         |
|    kl_divergence_loss     | 0.00801   |
|    learning_rate          | 0.001     |
|    n_updates              | 30        |
|    policy_objective       | 0.0446    |
|    std                    | 0.858     |
|    value_loss             | 8.32e+08  |
-----------------------------------------
-----------------------------------------
| rollout/                  |           |
|    ep_len_mean            | 378       |
|    ep_rew_mean            | -4.39e+05 |
| time/                     |           |
|    fps                    | 2578      |
|    time_elapsed           | 100       |
|    total_timesteps        | 260000    |
| train/                    |           |
|    explained_variance     | 0         |
|    is_line_search_success | 1         |
|    kl_divergence_loss     | 0.00613   |
|    learning_rate          | 0.001     |
|    n_updates              | 31        |
|    policy_objective       | 0.0261    |
|    std                    | 0.847     |
|    value_loss             | 6.76e+08  |
-----------------------------------------
-----------------------------------------
| rollout/                  |           |
|    ep_len_mean            | 432       |
|    ep_rew_mean            | -4.91e+05 |
| time/                     |           |
|    fps                    | 2583      |
|    time_elapsed           | 104       |
|    total_timesteps        | 270000    |
| train/                    |           |
|    explained_variance     | 0         |
|    is_line_search_success | 1         |
|    kl_divergence_loss     | 0.00789   |
|    learning_rate          | 0.001     |
|    n_updates              | 32        |
|    policy_objective       | 0.0255    |
|    std                    | 0.843     |
|    value_loss             | 5.16e+08  |
-----------------------------------------
-----------------------------------------
| rollout/                  |           |
|    ep_len_mean            | 471       |
|    ep_rew_mean            | -5.08e+05 |
| time/                     |           |
|    fps                    | 2562      |
|    time_elapsed           | 109       |
|    total_timesteps        | 280000    |
| train/                    |           |
|    explained_variance     | 0         |
|    is_line_search_success | 1         |
|    kl_divergence_loss     | 0.00963   |
|    learning_rate          | 0.001     |
|    n_updates              | 34        |
|    policy_objective       | 0.0277    |
|    std                    | 0.829     |
|    value_loss             | 3.68e+08  |
-----------------------------------------
-----------------------------------------
| rollout/                  |           |
|    ep_len_mean            | 527       |
|    ep_rew_mean            | -5.34e+05 |
| time/                     |           |
|    fps                    | 2567      |
|    time_elapsed           | 112       |
|    total_timesteps        | 290000    |
| train/                    |           |
|    explained_variance     | 0         |
|    is_line_search_success | 1         |
|    kl_divergence_loss     | 0.00769   |
|    learning_rate          | 0.001     |
|    n_updates              | 35        |
|    policy_objective       | 0.0153    |
|    std                    | 0.824     |
|    value_loss             | 4.14e+08  |
-----------------------------------------
-----------------------------------------
| rollout/                  |           |
|    ep_len_mean            | 594       |
|    ep_rew_mean            | -5.69e+05 |
| time/                     |           |
|    fps                    | 2575      |
|    time_elapsed           | 116       |
|    total_timesteps        | 300000    |
| train/                    |           |
|    explained_variance     | 0         |
|    is_line_search_success | 1         |
|    kl_divergence_loss     | 0.00493   |
|    learning_rate          | 0.001     |
|    n_updates              | 36        |
|    policy_objective       | 0.0443    |
|    std                    | 0.813     |
|    value_loss             | 4.38e+08  |
-----------------------------------------
-----------------------------------------
| rollout/                  |           |
|    ep_len_mean            | 631       |
|    ep_rew_mean            | -5.59e+05 |
| time/                     |           |
|    fps                    | 2580      |
|    time_elapsed           | 120       |
|    total_timesteps        | 310000    |
| train/                    |           |
|    explained_variance     | 0         |
|    is_line_search_success | 1         |
|    kl_divergence_loss     | 0.00929   |
|    learning_rate          | 0.001     |
|    n_updates              | 37        |
|    policy_objective       | 0.0192    |
|    std                    | 0.798     |
|    value_loss             | 1.28e+08  |
-----------------------------------------
-----------------------------------------
| rollout/                  |           |
|    ep_len_mean            | 681       |
|    ep_rew_mean            | -5.62e+05 |
| time/                     |           |
|    fps                    | 2561      |
|    time_elapsed           | 124       |
|    total_timesteps        | 320000    |
| train/                    |           |
|    explained_variance     | 0         |
|    is_line_search_success | 1         |
|    kl_divergence_loss     | 0.00851   |
|    learning_rate          | 0.001     |
|    n_updates              | 39        |
|    policy_objective       | 0.0338    |
|    std                    | 0.793     |
|    value_loss             | 1.06e+08  |
-----------------------------------------
-----------------------------------------
| rollout/                  |           |
|    ep_len_mean            | 727       |
|    ep_rew_mean            | -5.53e+05 |
| time/                     |           |
|    fps                    | 2567      |
|    time_elapsed           | 128       |
|    total_timesteps        | 330000    |
| train/                    |           |
|    explained_variance     | 0         |
|    is_line_search_success | 1         |
|    kl_divergence_loss     | 0.00646   |
|    learning_rate          | 0.001     |
|    n_updates              | 40        |
|    policy_objective       | 0.0274    |
|    std                    | 0.787     |
|    value_loss             | 1.13e+08  |
-----------------------------------------
-----------------------------------------
| rollout/                  |           |
|    ep_len_mean            | 806       |
|    ep_rew_mean            | -5.55e+05 |
| time/                     |           |
|    fps                    | 2570      |
|    time_elapsed           | 132       |
|    total_timesteps        | 340000    |
| train/                    |           |
|    explained_variance     | 0         |
|    is_line_search_success | 1         |
|    kl_divergence_loss     | 0.00577   |
|    learning_rate          | 0.001     |
|    n_updates              | 41        |
|    policy_objective       | 0.0393    |
|    std                    | 0.786     |
|    value_loss             | 1.8e+08   |
-----------------------------------------
-----------------------------------------
| rollout/                  |           |
|    ep_len_mean            | 826       |
|    ep_rew_mean            | -5.13e+05 |
| time/                     |           |
|    fps                    | 2576      |
|    time_elapsed           | 135       |
|    total_timesteps        | 350000    |
| train/                    |           |
|    explained_variance     | 0         |
|    is_line_search_success | 1         |
|    kl_divergence_loss     | 0.00445   |
|    learning_rate          | 0.001     |
|    n_updates              | 42        |
|    policy_objective       | 0.0182    |
|    std                    | 0.785     |
|    value_loss             | 5.44e+07  |
-----------------------------------------
-----------------------------------------
| rollout/                  |           |
|    ep_len_mean            | 878       |
|    ep_rew_mean            | -5.09e+05 |
| time/                     |           |
|    fps                    | 2579      |
|    time_elapsed           | 139       |
|    total_timesteps        | 360000    |
| train/                    |           |
|    explained_variance     | 1.19e-07  |
|    is_line_search_success | 1         |
|    kl_divergence_loss     | 0.00822   |
|    learning_rate          | 0.001     |
|    n_updates              | 43        |
|    policy_objective       | 0.0319    |
|    std                    | 0.783     |
|    value_loss             | 7.47e+07  |
-----------------------------------------
-----------------------------------------
| rollout/                  |           |
|    ep_len_mean            | 903       |
|    ep_rew_mean            | -4.82e+05 |
| time/                     |           |
|    fps                    | 2564      |
|    time_elapsed           | 144       |
|    total_timesteps        | 370000    |
| train/                    |           |
|    explained_variance     | 0         |
|    is_line_search_success | 1         |
|    kl_divergence_loss     | 0.00724   |
|    learning_rate          | 0.001     |
|    n_updates              | 45        |
|    policy_objective       | 0.0431    |
|    std                    | 0.778     |
|    value_loss             | 4.07e+07  |
-----------------------------------------
----------------------------------------
| rollout/                  |          |
|    ep_len_mean            | 930      |
|    ep_rew_mean            | -4.6e+05 |
| time/                     |          |
|    fps                    | 2567     |
|    time_elapsed           | 148      |
|    total_timesteps        | 380000   |
| train/                    |          |
|    explained_variance     | 0        |
|    is_line_search_success | 1        |
|    kl_divergence_loss     | 0.00738  |
|    learning_rate          | 0.001    |
|    n_updates              | 46       |
|    policy_objective       | 0.0478   |
|    std                    | 0.777    |
|    value_loss             | 1.87e+08 |
----------------------------------------
-----------------------------------------
| rollout/                  |           |
|    ep_len_mean            | 929       |
|    ep_rew_mean            | -3.99e+05 |
| time/                     |           |
|    fps                    | 2572      |
|    time_elapsed           | 151       |
|    total_timesteps        | 390000    |
| train/                    |           |
|    explained_variance     | -1.19e-07 |
|    is_line_search_success | 1         |
|    kl_divergence_loss     | 0.00666   |
|    learning_rate          | 0.001     |
|    n_updates              | 47        |
|    policy_objective       | 0.0264    |
|    std                    | 0.773     |
|    value_loss             | 4.59e+07  |
-----------------------------------------
-----------------------------------------
| rollout/                  |           |
|    ep_len_mean            | 929       |
|    ep_rew_mean            | -3.71e+05 |
| time/                     |           |
|    fps                    | 2575      |
|    time_elapsed           | 155       |
|    total_timesteps        | 400000    |
| train/                    |           |
|    explained_variance     | 0         |
|    is_line_search_success | 1         |
|    kl_divergence_loss     | 0.00391   |
|    learning_rate          | 0.001     |
|    n_updates              | 48        |
|    policy_objective       | 0.0216    |
|    std                    | 0.772     |
|    value_loss             | 1.71e+08  |
-----------------------------------------
-----------------------------------------
| rollout/                  |           |
|    ep_len_mean            | 935       |
|    ep_rew_mean            | -3.21e+05 |
| time/                     |           |
|    fps                    | 2562      |
|    time_elapsed           | 160       |
|    total_timesteps        | 410000    |
| train/                    |           |
|    explained_variance     | 0         |
|    is_line_search_success | 1         |
|    kl_divergence_loss     | 0.0075    |
|    learning_rate          | 0.001     |
|    n_updates              | 50        |
|    policy_objective       | 0.0281    |
|    std                    | 0.762     |
|    value_loss             | 1.22e+07  |
-----------------------------------------
-----------------------------------------
| rollout/                  |           |
|    ep_len_mean            | 956       |
|    ep_rew_mean            | -3.11e+05 |
| time/                     |           |
|    fps                    | 2565      |
|    time_elapsed           | 163       |
|    total_timesteps        | 420000    |
| train/                    |           |
|    explained_variance     | 0         |
|    is_line_search_success | 1         |
|    kl_divergence_loss     | 0.00788   |
|    learning_rate          | 0.001     |
|    n_updates              | 51        |
|    policy_objective       | 0.00518   |
|    std                    | 0.758     |
|    value_loss             | 5.43e+07  |
-----------------------------------------
-----------------------------------------
| rollout/                  |           |
|    ep_len_mean            | 956       |
|    ep_rew_mean            | -3.3e+05  |
| time/                     |           |
|    fps                    | 2570      |
|    time_elapsed           | 167       |
|    total_timesteps        | 430000    |
| train/                    |           |
|    explained_variance     | -1.19e-07 |
|    is_line_search_success | 1         |
|    kl_divergence_loss     | 0.00707   |
|    learning_rate          | 0.001     |
|    n_updates              | 52        |
|    policy_objective       | 0.0572    |
|    std                    | 0.757     |
|    value_loss             | 2.72e+08  |
-----------------------------------------
-----------------------------------------
| rollout/                  |           |
|    ep_len_mean            | 958       |
|    ep_rew_mean            | -3.16e+05 |
| time/                     |           |
|    fps                    | 2572      |
|    time_elapsed           | 171       |
|    total_timesteps        | 440000    |
| train/                    |           |
|    explained_variance     | 0         |
|    is_line_search_success | 1         |
|    kl_divergence_loss     | 0.00975   |
|    learning_rate          | 0.001     |
|    n_updates              | 53        |
|    policy_objective       | 0.0122    |
|    std                    | 0.756     |
|    value_loss             | 5.3e+06   |
-----------------------------------------
-----------------------------------------
| rollout/                  |           |
|    ep_len_mean            | 966       |
|    ep_rew_mean            | -3.46e+05 |
| time/                     |           |
|    fps                    | 2568      |
|    time_elapsed           | 175       |
|    total_timesteps        | 450000    |
| train/                    |           |
|    explained_variance     | 0         |
|    is_line_search_success | 1         |
|    kl_divergence_loss     | 0.00753   |
|    learning_rate          | 0.001     |
|    n_updates              | 54        |
|    policy_objective       | 0.0499    |
|    std                    | 0.756     |
|    value_loss             | 4.29e+08  |
-----------------------------------------
-----------------------------------------
| rollout/                  |           |
|    ep_len_mean            | 966       |
|    ep_rew_mean            | -3.02e+05 |
| time/                     |           |
|    fps                    | 2556      |
|    time_elapsed           | 179       |
|    total_timesteps        | 460000    |
| train/                    |           |
|    explained_variance     | 0         |
|    is_line_search_success | 1         |
|    kl_divergence_loss     | 0.00472   |
|    learning_rate          | 0.001     |
|    n_updates              | 56        |
|    policy_objective       | 0.0333    |
|    std                    | 0.748     |
|    value_loss             | 6.98e+07  |
-----------------------------------------
-----------------------------------------
| rollout/                  |           |
|    ep_len_mean            | 966       |
|    ep_rew_mean            | -2.82e+05 |
| time/                     |           |
|    fps                    | 2558      |
|    time_elapsed           | 183       |
|    total_timesteps        | 470000    |
| train/                    |           |
|    explained_variance     | 0         |
|    is_line_search_success | 1         |
|    kl_divergence_loss     | 0.00481   |
|    learning_rate          | 0.001     |
|    n_updates              | 57        |
|    policy_objective       | 0.0222    |
|    std                    | 0.744     |
|    value_loss             | 4.98e+06  |
-----------------------------------------
-----------------------------------------
| rollout/                  |           |
|    ep_len_mean            | 980       |
|    ep_rew_mean            | -2.65e+05 |
| time/                     |           |
|    fps                    | 2562      |
|    time_elapsed           | 187       |
|    total_timesteps        | 480000    |
| train/                    |           |
|    explained_variance     | 1.19e-07  |
|    is_line_search_success | 1         |
|    kl_divergence_loss     | 0.00941   |
|    learning_rate          | 0.001     |
|    n_updates              | 58        |
|    policy_objective       | 0.028     |
|    std                    | 0.742     |
|    value_loss             | 5.45e+06  |
-----------------------------------------
-----------------------------------------
| rollout/                  |           |
|    ep_len_mean            | 989       |
|    ep_rew_mean            | -2.43e+05 |
| time/                     |           |
|    fps                    | 2564      |
|    time_elapsed           | 191       |
|    total_timesteps        | 490000    |
| train/                    |           |
|    explained_variance     | 0         |
|    is_line_search_success | 1         |
|    kl_divergence_loss     | 0.00583   |
|    learning_rate          | 0.001     |
|    n_updates              | 59        |
|    policy_objective       | 0.0314    |
|    std                    | 0.739     |
|    value_loss             | 1.86e+07  |
-----------------------------------------
----------------------------------------
| rollout/                  |          |
|    ep_len_mean            | 990      |
|    ep_rew_mean            | -2.8e+05 |
| time/                     |          |
|    fps                    | 2552     |
|    time_elapsed           | 195      |
|    total_timesteps        | 500000   |
| train/                    |          |
|    explained_variance     | 0        |
|    is_line_search_success | 1        |
|    kl_divergence_loss     | 0.00841  |
|    learning_rate          | 0.001    |
|    n_updates              | 61       |
|    policy_objective       | 0.0491   |
|    std                    | 0.735    |
|    value_loss             | 1.52e+09 |
----------------------------------------
-----------------------------------------
| rollout/                  |           |
|    ep_len_mean            | 975       |
|    ep_rew_mean            | -3.22e+05 |
| time/                     |           |
|    fps                    | 2554      |
|    time_elapsed           | 199       |
|    total_timesteps        | 510000    |
| train/                    |           |
|    explained_variance     | 0         |
|    is_line_search_success | 1         |
|    kl_divergence_loss     | 0.00835   |
|    learning_rate          | 0.001     |
|    n_updates              | 62        |
|    policy_objective       | 0.0326    |
|    std                    | 0.735     |
|    value_loss             | 1.85e+07  |
-----------------------------------------
-----------------------------------------
| rollout/                  |           |
|    ep_len_mean            | 956       |
|    ep_rew_mean            | -3.05e+05 |
| time/                     |           |
|    fps                    | 2557      |
|    time_elapsed           | 203       |
|    total_timesteps        | 520000    |
| train/                    |           |
|    explained_variance     | 0         |
|    is_line_search_success | 1         |
|    kl_divergence_loss     | 0.00664   |
|    learning_rate          | 0.001     |
|    n_updates              | 63        |
|    policy_objective       | 0.0451    |
|    std                    | 0.736     |
|    value_loss             | 2.31e+08  |
-----------------------------------------
-----------------------------------------
| rollout/                  |           |
|    ep_len_mean            | 946       |
|    ep_rew_mean            | -3.26e+05 |
| time/                     |           |
|    fps                    | 2560      |
|    time_elapsed           | 207       |
|    total_timesteps        | 530000    |
| train/                    |           |
|    explained_variance     | 0         |
|    is_line_search_success | 1         |
|    kl_divergence_loss     | 0.007     |
|    learning_rate          | 0.001     |
|    n_updates              | 64        |
|    policy_objective       | 0.0338    |
|    std                    | 0.736     |
|    value_loss             | 5.04e+07  |
-----------------------------------------
-----------------------------------------
| rollout/                  |           |
|    ep_len_mean            | 955       |
|    ep_rew_mean            | -3.26e+05 |
| time/                     |           |
|    fps                    | 2562      |
|    time_elapsed           | 210       |
|    total_timesteps        | 540000    |
| train/                    |           |
|    explained_variance     | -1.19e-07 |
|    is_line_search_success | 1         |
|    kl_divergence_loss     | 0.00644   |
|    learning_rate          | 0.001     |
|    n_updates              | 65        |
|    policy_objective       | 0.0348    |
|    std                    | 0.738     |
|    value_loss             | 1.09e+09  |
-----------------------------------------
-----------------------------------------
| rollout/                  |           |
|    ep_len_mean            | 955       |
|    ep_rew_mean            | -3.12e+05 |
| time/                     |           |
|    fps                    | 2551      |
|    time_elapsed           | 215       |
|    total_timesteps        | 550000    |
| train/                    |           |
|    explained_variance     | 0         |
|    is_line_search_success | 1         |
|    kl_divergence_loss     | 0.0075    |
|    learning_rate          | 0.001     |
|    n_updates              | 67        |
|    policy_objective       | 0.0424    |
|    std                    | 0.73      |
|    value_loss             | 2.62e+07  |
-----------------------------------------
----------------------------------------
| rollout/                  |          |
|    ep_len_mean            | 955      |
|    ep_rew_mean            | -3.5e+05 |
| time/                     |          |
|    fps                    | 2554     |
|    time_elapsed           | 219      |
|    total_timesteps        | 560000   |
| train/                    |          |
|    explained_variance     | 2.38e-07 |
|    is_line_search_success | 1        |
|    kl_divergence_loss     | 0.00998  |
|    learning_rate          | 0.001    |
|    n_updates              | 68       |
|    policy_objective       | 0.0511   |
|    std                    | 0.731    |
|    value_loss             | 1.35e+09 |
----------------------------------------
-----------------------------------------
| rollout/                  |           |
|    ep_len_mean            | 955       |
|    ep_rew_mean            | -3.78e+05 |
| time/                     |           |
|    fps                    | 2556      |
|    time_elapsed           | 222       |
|    total_timesteps        | 570000    |
| train/                    |           |
|    explained_variance     | -1.19e-07 |
|    is_line_search_success | 1         |
|    kl_divergence_loss     | 0.00736   |
|    learning_rate          | 0.001     |
|    n_updates              | 69        |
|    policy_objective       | 0.0294    |
|    std                    | 0.728     |
|    value_loss             | 8.06e+06  |
-----------------------------------------
-----------------------------------------
| rollout/                  |           |
|    ep_len_mean            | 952       |
|    ep_rew_mean            | -4.16e+05 |
| time/                     |           |
|    fps                    | 2557      |
|    time_elapsed           | 226       |
|    total_timesteps        | 580000    |
| train/                    |           |
|    explained_variance     | 0         |
|    is_line_search_success | 1         |
|    kl_divergence_loss     | 0.00977   |
|    learning_rate          | 0.001     |
|    n_updates              | 70        |
|    policy_objective       | 0.0595    |
|    std                    | 0.726     |
|    value_loss             | 1.76e+08  |
-----------------------------------------
-----------------------------------------
| rollout/                  |           |
|    ep_len_mean            | 942       |
|    ep_rew_mean            | -5.08e+05 |
| time/                     |           |
|    fps                    | 2547      |
|    time_elapsed           | 231       |
|    total_timesteps        | 590000    |
| train/                    |           |
|    explained_variance     | -1.19e-07 |
|    is_line_search_success | 1         |
|    kl_divergence_loss     | 0.00844   |
|    learning_rate          | 0.001     |
|    n_updates              | 72        |
|    policy_objective       | 0.0437    |
|    std                    | 0.724     |
|    value_loss             | 3.73e+07  |
-----------------------------------------
-----------------------------------------
| rollout/                  |           |
|    ep_len_mean            | 947       |
|    ep_rew_mean            | -3.92e+05 |
| time/                     |           |
|    fps                    | 2550      |
|    time_elapsed           | 235       |
|    total_timesteps        | 600000    |
| train/                    |           |
|    explained_variance     | -1.19e-07 |
|    is_line_search_success | 1         |
|    kl_divergence_loss     | 0.00913   |
|    learning_rate          | 0.001     |
|    n_updates              | 73        |
|    policy_objective       | 0.0589    |
|    std                    | 0.723     |
|    value_loss             | 1.46e+08  |
-----------------------------------------
-----------------------------------------
| rollout/                  |           |
|    ep_len_mean            | 967       |
|    ep_rew_mean            | -4.12e+05 |
| time/                     |           |
|    fps                    | 2551      |
|    time_elapsed           | 239       |
|    total_timesteps        | 610000    |
| train/                    |           |
|    explained_variance     | 0         |
|    is_line_search_success | 1         |
|    kl_divergence_loss     | 0.00936   |
|    learning_rate          | 0.001     |
|    n_updates              | 74        |
|    policy_objective       | 0.0483    |
|    std                    | 0.724     |
|    value_loss             | 1.2e+08   |
-----------------------------------------
-----------------------------------------
| rollout/                  |           |
|    ep_len_mean            | 976       |
|    ep_rew_mean            | -3.93e+05 |
| time/                     |           |
|    fps                    | 2554      |
|    time_elapsed           | 242       |
|    total_timesteps        | 620000    |
| train/                    |           |
|    explained_variance     | 0         |
|    is_line_search_success | 1         |
|    kl_divergence_loss     | 0.00805   |
|    learning_rate          | 0.001     |
|    n_updates              | 75        |
|    policy_objective       | 0.0281    |
|    std                    | 0.723     |
|    value_loss             | 1.99e+07  |
-----------------------------------------
-----------------------------------------
| rollout/                  |           |
|    ep_len_mean            | 976       |
|    ep_rew_mean            | -3.58e+05 |
| time/                     |           |
|    fps                    | 2557      |
|    time_elapsed           | 246       |
|    total_timesteps        | 630000    |
| train/                    |           |
|    explained_variance     | 0         |
|    is_line_search_success | 1         |
|    kl_divergence_loss     | 0.00699   |
|    learning_rate          | 0.001     |
|    n_updates              | 76        |
|    policy_objective       | 0.0122    |
|    std                    | 0.723     |
|    value_loss             | 3.74e+07  |
-----------------------------------------
-----------------------------------------
| rollout/                  |           |
|    ep_len_mean            | 976       |
|    ep_rew_mean            | -3.46e+05 |
| time/                     |           |
|    fps                    | 2549      |
|    time_elapsed           | 251       |
|    total_timesteps        | 640000    |
| train/                    |           |
|    explained_variance     | 0         |
|    is_line_search_success | 1         |
|    kl_divergence_loss     | 0.00611   |
|    learning_rate          | 0.001     |
|    n_updates              | 78        |
|    policy_objective       | 0.0312    |
|    std                    | 0.719     |
|    value_loss             | 8.85e+06  |
-----------------------------------------
-----------------------------------------
| rollout/                  |           |
|    ep_len_mean            | 976       |
|    ep_rew_mean            | -3.49e+05 |
| time/                     |           |
|    fps                    | 2551      |
|    time_elapsed           | 254       |
|    total_timesteps        | 650000    |
| train/                    |           |
|    explained_variance     | 0         |
|    is_line_search_success | 1         |
|    kl_divergence_loss     | 0.00662   |
|    learning_rate          | 0.001     |
|    n_updates              | 79        |
|    policy_objective       | 0.0266    |
|    std                    | 0.716     |
|    value_loss             | 1.28e+07  |
-----------------------------------------
-----------------------------------------
| rollout/                  |           |
|    ep_len_mean            | 976       |
|    ep_rew_mean            | -3.43e+05 |
| time/                     |           |
|    fps                    | 2554      |
|    time_elapsed           | 258       |
|    total_timesteps        | 660000    |
| train/                    |           |
|    explained_variance     | 0         |
|    is_line_search_success | 1         |
|    kl_divergence_loss     | 0.00911   |
|    learning_rate          | 0.001     |
|    n_updates              | 80        |
|    policy_objective       | 0.052     |
|    std                    | 0.716     |
|    value_loss             | 6.86e+08  |
-----------------------------------------
----------------------------------------
| rollout/                  |          |
|    ep_len_mean            | 980      |
|    ep_rew_mean            | -3.4e+05 |
| time/                     |          |
|    fps                    | 2556     |
|    time_elapsed           | 262      |
|    total_timesteps        | 670000   |
| train/                    |          |
|    explained_variance     | 0        |
|    is_line_search_success | 1        |
|    kl_divergence_loss     | 0.00804  |
|    learning_rate          | 0.001    |
|    n_updates              | 81       |
|    policy_objective       | 0.046    |
|    std                    | 0.714    |
|    value_loss             | 2.37e+07 |
----------------------------------------
-----------------------------------------
| rollout/                  |           |
|    ep_len_mean            | 980       |
|    ep_rew_mean            | -2.56e+05 |
| time/                     |           |
|    fps                    | 2548      |
|    time_elapsed           | 266       |
|    total_timesteps        | 680000    |
| train/                    |           |
|    explained_variance     | 0         |
|    is_line_search_success | 1         |
|    kl_divergence_loss     | 0.00863   |
|    learning_rate          | 0.001     |
|    n_updates              | 83        |
|    policy_objective       | 0.0336    |
|    std                    | 0.713     |
|    value_loss             | 2.41e+07  |
-----------------------------------------
-----------------------------------------
| rollout/                  |           |
|    ep_len_mean            | 990       |
|    ep_rew_mean            | -2.16e+05 |
| time/                     |           |
|    fps                    | 2551      |
|    time_elapsed           | 270       |
|    total_timesteps        | 690000    |
| train/                    |           |
|    explained_variance     | -1.19e-07 |
|    is_line_search_success | 1         |
|    kl_divergence_loss     | 0.00954   |
|    learning_rate          | 0.001     |
|    n_updates              | 84        |
|    policy_objective       | 0.0359    |
|    std                    | 0.712     |
|    value_loss             | 1.35e+07  |
-----------------------------------------
-----------------------------------------
| rollout/                  |           |
|    ep_len_mean            | 990       |
|    ep_rew_mean            | -2.16e+05 |
| time/                     |           |
|    fps                    | 2553      |
|    time_elapsed           | 274       |
|    total_timesteps        | 700000    |
| train/                    |           |
|    explained_variance     | 5.96e-08  |
|    is_line_search_success | 1         |
|    kl_divergence_loss     | 0.00872   |
|    learning_rate          | 0.001     |
|    n_updates              | 85        |
|    policy_objective       | 0.0431    |
|    std                    | 0.709     |
|    value_loss             | 3.17e+07  |
-----------------------------------------
-----------------------------------------
| rollout/                  |           |
|    ep_len_mean            | 990       |
|    ep_rew_mean            | -2.14e+05 |
| time/                     |           |
|    fps                    | 2556      |
|    time_elapsed           | 277       |
|    total_timesteps        | 710000    |
| train/                    |           |
|    explained_variance     | 0         |
|    is_line_search_success | 1         |
|    kl_divergence_loss     | 0.00646   |
|    learning_rate          | 0.001     |
|    n_updates              | 86        |
|    policy_objective       | 0.0507    |
|    std                    | 0.711     |
|    value_loss             | 4.01e+08  |
-----------------------------------------
-----------------------------------------
| rollout/                  |           |
|    ep_len_mean            | 1e+03     |
|    ep_rew_mean            | -2.51e+05 |
| time/                     |           |
|    fps                    | 2558      |
|    time_elapsed           | 281       |
|    total_timesteps        | 720000    |
| train/                    |           |
|    explained_variance     | 1.19e-07  |
|    is_line_search_success | 1         |
|    kl_divergence_loss     | 0.00826   |
|    learning_rate          | 0.001     |
|    n_updates              | 87        |
|    policy_objective       | 0.0492    |
|    std                    | 0.71      |
|    value_loss             | 1.06e+07  |
-----------------------------------------
-----------------------------------------
| rollout/                  |           |
|    ep_len_mean            | 1e+03     |
|    ep_rew_mean            | -2.52e+05 |
| time/                     |           |
|    fps                    | 2552      |
|    time_elapsed           | 286       |
|    total_timesteps        | 730000    |
| train/                    |           |
|    explained_variance     | -1.19e-07 |
|    is_line_search_success | 1         |
|    kl_divergence_loss     | 0.00933   |
|    learning_rate          | 0.001     |
|    n_updates              | 89        |
|    policy_objective       | 0.019     |
|    std                    | 0.709     |
|    value_loss             | 4.6e+07   |
-----------------------------------------
-----------------------------------------
| rollout/                  |           |
|    ep_len_mean            | 1e+03     |
|    ep_rew_mean            | -3.39e+05 |
| time/                     |           |
|    fps                    | 2554      |
|    time_elapsed           | 289       |
|    total_timesteps        | 740000    |
| train/                    |           |
|    explained_variance     | 0         |
|    is_line_search_success | 1         |
|    kl_divergence_loss     | 0.00859   |
|    learning_rate          | 0.001     |
|    n_updates              | 90        |
|    policy_objective       | 0.0483    |
|    std                    | 0.708     |
|    value_loss             | 1.33e+09  |
-----------------------------------------
-----------------------------------------
| rollout/                  |           |
|    ep_len_mean            | 1e+03     |
|    ep_rew_mean            | -3.38e+05 |
| time/                     |           |
|    fps                    | 2555      |
|    time_elapsed           | 293       |
|    total_timesteps        | 750000    |
| train/                    |           |
|    explained_variance     | 0         |
|    is_line_search_success | 1         |
|    kl_divergence_loss     | 0.00798   |
|    learning_rate          | 0.001     |
|    n_updates              | 91        |
|    policy_objective       | 0.0501    |
|    std                    | 0.709     |
|    value_loss             | 3.49e+06  |
-----------------------------------------
-----------------------------------------
| rollout/                  |           |
|    ep_len_mean            | 1e+03     |
|    ep_rew_mean            | -2.87e+05 |
| time/                     |           |
|    fps                    | 2558      |
|    time_elapsed           | 297       |
|    total_timesteps        | 760000    |
| train/                    |           |
|    explained_variance     | 0         |
|    is_line_search_success | 1         |
|    kl_divergence_loss     | 0.00993   |
|    learning_rate          | 0.001     |
|    n_updates              | 92        |
|    policy_objective       | 0.0542    |
|    std                    | 0.707     |
|    value_loss             | 2.01e+08  |
-----------------------------------------
-----------------------------------------
| rollout/                  |           |
|    ep_len_mean            | 1e+03     |
|    ep_rew_mean            | -2.81e+05 |
| time/                     |           |
|    fps                    | 2560      |
|    time_elapsed           | 300       |
|    total_timesteps        | 770000    |
| train/                    |           |
|    explained_variance     | 0         |
|    is_line_search_success | 1         |
|    kl_divergence_loss     | 0.00633   |
|    learning_rate          | 0.001     |
|    n_updates              | 93        |
|    policy_objective       | 0.0393    |
|    std                    | 0.707     |
|    value_loss             | 2.86e+06  |
-----------------------------------------
-----------------------------------------
| rollout/                  |           |
|    ep_len_mean            | 1e+03     |
|    ep_rew_mean            | -2.76e+05 |
| time/                     |           |
|    fps                    | 2553      |
|    time_elapsed           | 305       |
|    total_timesteps        | 780000    |
| train/                    |           |
|    explained_variance     | 5.96e-08  |
|    is_line_search_success | 1         |
|    kl_divergence_loss     | 0.00727   |
|    learning_rate          | 0.001     |
|    n_updates              | 95        |
|    policy_objective       | 0.0793    |
|    std                    | 0.704     |
|    value_loss             | 8.83e+06  |
-----------------------------------------
-----------------------------------------
| rollout/                  |           |
|    ep_len_mean            | 999       |
|    ep_rew_mean            | -2.76e+05 |
| time/                     |           |
|    fps                    | 2555      |
|    time_elapsed           | 309       |
|    total_timesteps        | 790000    |
| train/                    |           |
|    explained_variance     | 0         |
|    is_line_search_success | 1         |
|    kl_divergence_loss     | 0.00636   |
|    learning_rate          | 0.001     |
|    n_updates              | 96        |
|    policy_objective       | 0.0283    |
|    std                    | 0.702     |
|    value_loss             | 2.76e+07  |
-----------------------------------------
-----------------------------------------
| rollout/                  |           |
|    ep_len_mean            | 999       |
|    ep_rew_mean            | -2.77e+05 |
| time/                     |           |
|    fps                    | 2556      |
|    time_elapsed           | 312       |
|    total_timesteps        | 800000    |
| train/                    |           |
|    explained_variance     | 0         |
|    is_line_search_success | 1         |
|    kl_divergence_loss     | 0.00972   |
|    learning_rate          | 0.001     |
|    n_updates              | 97        |
|    policy_objective       | 0.0158    |
|    std                    | 0.701     |
|    value_loss             | 6.16e+06  |
-----------------------------------------
-----------------------------------------
| rollout/                  |           |
|    ep_len_mean            | 989       |
|    ep_rew_mean            | -2.58e+05 |
| time/                     |           |
|    fps                    | 2557      |
|    time_elapsed           | 316       |
|    total_timesteps        | 810000    |
| train/                    |           |
|    explained_variance     | 0         |
|    is_line_search_success | 1         |
|    kl_divergence_loss     | 0.00555   |
|    learning_rate          | 0.001     |
|    n_updates              | 98        |
|    policy_objective       | 0.035     |
|    std                    | 0.701     |
|    value_loss             | 7.56e+07  |
-----------------------------------------
----------------------------------------
| rollout/                  |          |
|    ep_len_mean            | 989      |
|    ep_rew_mean            | -2.2e+05 |
| time/                     |          |
|    fps                    | 2550     |
|    time_elapsed           | 321      |
|    total_timesteps        | 820000   |
| train/                    |          |
|    explained_variance     | 5.96e-08 |
|    is_line_search_success | 1        |
|    kl_divergence_loss     | 0.00891  |
|    learning_rate          | 0.001    |
|    n_updates              | 100      |
|    policy_objective       | 0.00535  |
|    std                    | 0.701    |
|    value_loss             | 4.01e+06 |
----------------------------------------
-----------------------------------------
| rollout/                  |           |
|    ep_len_mean            | 989       |
|    ep_rew_mean            | -1.91e+05 |
| time/                     |           |
|    fps                    | 2552      |
|    time_elapsed           | 325       |
|    total_timesteps        | 830000    |
| train/                    |           |
|    explained_variance     | 0         |
|    is_line_search_success | 1         |
|    kl_divergence_loss     | 0.00689   |
|    learning_rate          | 0.001     |
|    n_updates              | 101       |
|    policy_objective       | 0.0397    |
|    std                    | 0.699     |
|    value_loss             | 1.24e+07  |
-----------------------------------------
-----------------------------------------
| rollout/                  |           |
|    ep_len_mean            | 970       |
|    ep_rew_mean            | -8.46e+04 |
| time/                     |           |
|    fps                    | 2553      |
|    time_elapsed           | 328       |
|    total_timesteps        | 840000    |
| train/                    |           |
|    explained_variance     | 0         |
|    is_line_search_success | 1         |
|    kl_divergence_loss     | 0.00864   |
|    learning_rate          | 0.001     |
|    n_updates              | 102       |
|    policy_objective       | 0.0396    |
|    std                    | 0.698     |
|    value_loss             | 3.93e+06  |
-----------------------------------------
-----------------------------------------
| rollout/                  |           |
|    ep_len_mean            | 944       |
|    ep_rew_mean            | -6.61e+04 |
| time/                     |           |
|    fps                    | 2555      |
|    time_elapsed           | 332       |
|    total_timesteps        | 850000    |
| train/                    |           |
|    explained_variance     | 1.79e-07  |
|    is_line_search_success | 1         |
|    kl_divergence_loss     | 0.00766   |
|    learning_rate          | 0.001     |
|    n_updates              | 103       |
|    policy_objective       | 0.035     |
|    std                    | 0.699     |
|    value_loss             | 1e+08     |
-----------------------------------------
-----------------------------------------
| rollout/                  |           |
|    ep_len_mean            | 935       |
|    ep_rew_mean            | -6.62e+04 |
| time/                     |           |
|    fps                    | 2557      |
|    time_elapsed           | 336       |
|    total_timesteps        | 860000    |
| train/                    |           |
|    explained_variance     | 0         |
|    is_line_search_success | 1         |
|    kl_divergence_loss     | 0.00825   |
|    learning_rate          | 0.001     |
|    n_updates              | 104       |
|    policy_objective       | 0.0232    |
|    std                    | 0.703     |
|    value_loss             | 3.16e+07  |
-----------------------------------------
-----------------------------------------
| rollout/                  |           |
|    ep_len_mean            | 929       |
|    ep_rew_mean            | -6.69e+04 |
| time/                     |           |
|    fps                    | 2551      |
|    time_elapsed           | 340       |
|    total_timesteps        | 870000    |
| train/                    |           |
|    explained_variance     | -1.19e-07 |
|    is_line_search_success | 1         |
|    kl_divergence_loss     | 0.00657   |
|    learning_rate          | 0.001     |
|    n_updates              | 106       |
|    policy_objective       | 0.0126    |
|    std                    | 0.702     |
|    value_loss             | 1.94e+07  |
-----------------------------------------
-----------------------------------------
| rollout/                  |           |
|    ep_len_mean            | 930       |
|    ep_rew_mean            | -6.54e+04 |
| time/                     |           |
|    fps                    | 2553      |
|    time_elapsed           | 344       |
|    total_timesteps        | 880000    |
| train/                    |           |
|    explained_variance     | 5.96e-08  |
|    is_line_search_success | 1         |
|    kl_divergence_loss     | 0.00912   |
|    learning_rate          | 0.001     |
|    n_updates              | 107       |
|    policy_objective       | 0.0445    |
|    std                    | 0.703     |
|    value_loss             | 8.03e+06  |
-----------------------------------------
-----------------------------------------
| rollout/                  |           |
|    ep_len_mean            | 930       |
|    ep_rew_mean            | -7.03e+04 |
| time/                     |           |
|    fps                    | 2555      |
|    time_elapsed           | 348       |
|    total_timesteps        | 890000    |
| train/                    |           |
|    explained_variance     | 0         |
|    is_line_search_success | 1         |
|    kl_divergence_loss     | 0.0097    |
|    learning_rate          | 0.001     |
|    n_updates              | 108       |
|    policy_objective       | 0.0271    |
|    std                    | 0.702     |
|    value_loss             | 3.54e+07  |
-----------------------------------------
-----------------------------------------
| rollout/                  |           |
|    ep_len_mean            | 939       |
|    ep_rew_mean            | -6.33e+04 |
| time/                     |           |
|    fps                    | 2557      |
|    time_elapsed           | 351       |
|    total_timesteps        | 900000    |
| train/                    |           |
|    explained_variance     | 0         |
|    is_line_search_success | 1         |
|    kl_divergence_loss     | 0.00976   |
|    learning_rate          | 0.001     |
|    n_updates              | 109       |
|    policy_objective       | 0.0174    |
|    std                    | 0.696     |
|    value_loss             | 1.4e+07   |
-----------------------------------------
-----------------------------------------
| rollout/                  |           |
|    ep_len_mean            | 939       |
|    ep_rew_mean            | -6.22e+04 |
| time/                     |           |
|    fps                    | 2551      |
|    time_elapsed           | 356       |
|    total_timesteps        | 910000    |
| train/                    |           |
|    explained_variance     | -1.19e-07 |
|    is_line_search_success | 1         |
|    kl_divergence_loss     | 0.0072    |
|    learning_rate          | 0.001     |
|    n_updates              | 111       |
|    policy_objective       | 0.0487    |
|    std                    | 0.692     |
|    value_loss             | 2.9e+06   |
-----------------------------------------
-----------------------------------------
| rollout/                  |           |
|    ep_len_mean            | 939       |
|    ep_rew_mean            | -7.12e+04 |
| time/                     |           |
|    fps                    | 2554      |
|    time_elapsed           | 360       |
|    total_timesteps        | 920000    |
| train/                    |           |
|    explained_variance     | -1.19e-07 |
|    is_line_search_success | 1         |
|    kl_divergence_loss     | 0.00798   |
|    learning_rate          | 0.001     |
|    n_updates              | 112       |
|    policy_objective       | 0.0484    |
|    std                    | 0.69      |
|    value_loss             | 3.76e+07  |
-----------------------------------------
----------------------------------------
| rollout/                  |          |
|    ep_len_mean            | 939      |
|    ep_rew_mean            | -6.8e+04 |
| time/                     |          |
|    fps                    | 2556     |
|    time_elapsed           | 363      |
|    total_timesteps        | 930000   |
| train/                    |          |
|    explained_variance     | 0        |
|    is_line_search_success | 1        |
|    kl_divergence_loss     | 0.0099   |
|    learning_rate          | 0.001    |
|    n_updates              | 113      |
|    policy_objective       | 0.0362   |
|    std                    | 0.69     |
|    value_loss             | 2.4e+06  |
----------------------------------------
-----------------------------------------
| rollout/                  |           |
|    ep_len_mean            | 960       |
|    ep_rew_mean            | -6.46e+04 |
| time/                     |           |
|    fps                    | 2559      |
|    time_elapsed           | 367       |
|    total_timesteps        | 940000    |
| train/                    |           |
|    explained_variance     | 5.96e-08  |
|    is_line_search_success | 1         |
|    kl_divergence_loss     | 0.0057    |
|    learning_rate          | 0.001     |
|    n_updates              | 114       |
|    policy_objective       | 0.0131    |
|    std                    | 0.69      |
|    value_loss             | 1.34e+07  |
-----------------------------------------
-----------------------------------------
| rollout/                  |           |
|    ep_len_mean            | 971       |
|    ep_rew_mean            | -6.33e+04 |
| time/                     |           |
|    fps                    | 2561      |
|    time_elapsed           | 370       |
|    total_timesteps        | 950000    |
| train/                    |           |
|    explained_variance     | 0         |
|    is_line_search_success | 1         |
|    kl_divergence_loss     | 0.0043    |
|    learning_rate          | 0.001     |
|    n_updates              | 115       |
|    policy_objective       | 0.0123    |
|    std                    | 0.689     |
|    value_loss             | 3.79e+06  |
-----------------------------------------
-----------------------------------------
| rollout/                  |           |
|    ep_len_mean            | 980       |
|    ep_rew_mean            | -6.15e+04 |
| time/                     |           |
|    fps                    | 2557      |
|    time_elapsed           | 375       |
|    total_timesteps        | 960000    |
| train/                    |           |
|    explained_variance     | 0         |
|    is_line_search_success | 1         |
|    kl_divergence_loss     | 0.00805   |
|    learning_rate          | 0.001     |
|    n_updates              | 117       |
|    policy_objective       | 0.0353    |
|    std                    | 0.69      |
|    value_loss             | 2.73e+06  |
-----------------------------------------
-----------------------------------------
| rollout/                  |           |
|    ep_len_mean            | 987       |
|    ep_rew_mean            | -7.31e+04 |
| time/                     |           |
|    fps                    | 2559      |
|    time_elapsed           | 378       |
|    total_timesteps        | 970000    |
| train/                    |           |
|    explained_variance     | 0         |
|    is_line_search_success | 1         |
|    kl_divergence_loss     | 0.00983   |
|    learning_rate          | 0.001     |
|    n_updates              | 118       |
|    policy_objective       | 0.0413    |
|    std                    | 0.69      |
|    value_loss             | 8.91e+07  |
-----------------------------------------
-----------------------------------------
| rollout/                  |           |
|    ep_len_mean            | 987       |
|    ep_rew_mean            | -7.37e+04 |
| time/                     |           |
|    fps                    | 2562      |
|    time_elapsed           | 382       |
|    total_timesteps        | 980000    |
| train/                    |           |
|    explained_variance     | 0         |
|    is_line_search_success | 1         |
|    kl_divergence_loss     | 0.00653   |
|    learning_rate          | 0.001     |
|    n_updates              | 119       |
|    policy_objective       | 0.0257    |
|    std                    | 0.687     |
|    value_loss             | 1.84e+07  |
-----------------------------------------
-----------------------------------------
| rollout/                  |           |
|    ep_len_mean            | 987       |
|    ep_rew_mean            | -6.87e+04 |
| time/                     |           |
|    fps                    | 2564      |
|    time_elapsed           | 386       |
|    total_timesteps        | 990000    |
| train/                    |           |
|    explained_variance     | 0         |
|    is_line_search_success | 1         |
|    kl_divergence_loss     | 0.00644   |
|    learning_rate          | 0.001     |
|    n_updates              | 120       |
|    policy_objective       | 0.024     |
|    std                    | 0.686     |
|    value_loss             | 4.93e+06  |
-----------------------------------------
-----------------------------------------
| rollout/                  |           |
|    ep_len_mean            | 987       |
|    ep_rew_mean            | -6.49e+04 |
| time/                     |           |
|    fps                    | 2559      |
|    time_elapsed           | 390       |
|    total_timesteps        | 1000000   |
| train/                    |           |
|    explained_variance     | 5.96e-08  |
|    is_line_search_success | 1         |
|    kl_divergence_loss     | 0.0076    |
|    learning_rate          | 0.001     |
|    n_updates              | 122       |
|    policy_objective       | 0.0254    |
|    std                    | 0.685     |
|    value_loss             | 2.92e+06  |
-----------------------------------------
Training ended on Tue Jan 27 16:19:01 2026
Training lasted 0:06:33.620415
