Logging to training_default_logs/2_robots/logs/TQC_set4
Using cpu device
Training started on Tue Jan 27 16:12:23 2026
Experiment configuration: {'algorithm': 'TQC', 'set': 4, 'verbose': 1, 'steps': 1000000, 'num_robots': 2, 'num_envs': 4, 'seed': 33, 'log_steps': 10000, 'resume': False, 'device': 'cpu'}
----------------------------------
| rollout/           |           |
|    ep_len_mean     | 241       |
|    ep_rew_mean     | -4.18e+06 |
| time/              |           |
|    episodes        | 37        |
|    fps             | 183       |
|    time_elapsed    | 54        |
|    total_timesteps | 10000     |
| train/             |           |
|    actor_loss      | 1.67e+05  |
|    critic_loss     | 3.38e+03  |
|    ent_coef        | 1.55      |
|    ent_coef_loss   | -1.17     |
|    learning_rate   | 0.0003    |
|    n_updates       | 2474      |
----------------------------------
----------------------------------
| rollout/           |           |
|    ep_len_mean     | 173       |
|    ep_rew_mean     | -3.23e+06 |
| time/              |           |
|    episodes        | 103       |
|    fps             | 182       |
|    time_elapsed    | 109       |
|    total_timesteps | 20000     |
| train/             |           |
|    actor_loss      | 3.74e+05  |
|    critic_loss     | 3.75e+03  |
|    ent_coef        | 2.9       |
|    ent_coef_loss   | -6.38     |
|    learning_rate   | 0.0003    |
|    n_updates       | 4974      |
----------------------------------
----------------------------------
| rollout/           |           |
|    ep_len_mean     | 14.9      |
|    ep_rew_mean     | -3.15e+05 |
| time/              |           |
|    episodes        | 380       |
|    fps             | 181       |
|    time_elapsed    | 165       |
|    total_timesteps | 30000     |
| train/             |           |
|    actor_loss      | 5.54e+05  |
|    critic_loss     | 6.03e+03  |
|    ent_coef        | 6.3       |
|    ent_coef_loss   | -33.6     |
|    learning_rate   | 0.0003    |
|    n_updates       | 7474      |
----------------------------------
----------------------------------
| rollout/           |           |
|    ep_len_mean     | 5         |
|    ep_rew_mean     | -1.19e+05 |
| time/              |           |
|    episodes        | 2380      |
|    fps             | 180       |
|    time_elapsed    | 221       |
|    total_timesteps | 40000     |
| train/             |           |
|    actor_loss      | 4.58e+05  |
|    critic_loss     | 1.08e+04  |
|    ent_coef        | 15.9      |
|    ent_coef_loss   | -60.6     |
|    learning_rate   | 0.0003    |
|    n_updates       | 9974      |
----------------------------------
----------------------------------
| rollout/           |           |
|    ep_len_mean     | 5         |
|    ep_rew_mean     | -1.19e+05 |
| time/              |           |
|    episodes        | 4380      |
|    fps             | 180       |
|    time_elapsed    | 277       |
|    total_timesteps | 50000     |
| train/             |           |
|    actor_loss      | 2.56e+05  |
|    critic_loss     | 4.86e+03  |
|    ent_coef        | 33        |
|    ent_coef_loss   | -62.3     |
|    learning_rate   | 0.0003    |
|    n_updates       | 12474     |
----------------------------------
----------------------------------
| rollout/           |           |
|    ep_len_mean     | 5         |
|    ep_rew_mean     | -1.19e+05 |
| time/              |           |
|    episodes        | 6358      |
|    fps             | 179       |
|    time_elapsed    | 333       |
|    total_timesteps | 60000     |
| train/             |           |
|    actor_loss      | 2.38e+05  |
|    critic_loss     | 4.29e+03  |
|    ent_coef        | 60.5      |
|    ent_coef_loss   | -43.4     |
|    learning_rate   | 0.0003    |
|    n_updates       | 14974     |
----------------------------------
----------------------------------
| rollout/           |           |
|    ep_len_mean     | 5.18      |
|    ep_rew_mean     | -1.22e+05 |
| time/              |           |
|    episodes        | 8274      |
|    fps             | 179       |
|    time_elapsed    | 389       |
|    total_timesteps | 70000     |
| train/             |           |
|    actor_loss      | 2.55e+05  |
|    critic_loss     | 5.33e+03  |
|    ent_coef        | 111       |
|    ent_coef_loss   | -32.6     |
|    learning_rate   | 0.0003    |
|    n_updates       | 17474     |
----------------------------------
----------------------------------
| rollout/           |           |
|    ep_len_mean     | 47.3      |
|    ep_rew_mean     | -9.66e+05 |
| time/              |           |
|    episodes        | 8848      |
|    fps             | 179       |
|    time_elapsed    | 446       |
|    total_timesteps | 80000     |
| train/             |           |
|    actor_loss      | 2.54e+05  |
|    critic_loss     | 5.15e+03  |
|    ent_coef        | 195       |
|    ent_coef_loss   | -19.6     |
|    learning_rate   | 0.0003    |
|    n_updates       | 19974     |
----------------------------------
----------------------------------
| rollout/           |           |
|    ep_len_mean     | 14.4      |
|    ep_rew_mean     | -3.02e+05 |
| time/              |           |
|    episodes        | 9139      |
|    fps             | 178       |
|    time_elapsed    | 503       |
|    total_timesteps | 90000     |
| train/             |           |
|    actor_loss      | 3e+05     |
|    critic_loss     | 6.05e+03  |
|    ent_coef        | 313       |
|    ent_coef_loss   | -6.99     |
|    learning_rate   | 0.0003    |
|    n_updates       | 22474     |
----------------------------------
---------------------------------
| rollout/           |          |
|    ep_len_mean     | 12.9     |
|    ep_rew_mean     | -2.7e+05 |
| time/              |          |
|    episodes        | 9737     |
|    fps             | 178      |
|    time_elapsed    | 559      |
|    total_timesteps | 100000   |
| train/             |          |
|    actor_loss      | 3.92e+05 |
|    critic_loss     | 7.5e+03  |
|    ent_coef        | 360      |
|    ent_coef_loss   | 0.0749   |
|    learning_rate   | 0.0003   |
|    n_updates       | 24974    |
---------------------------------
----------------------------------
| rollout/           |           |
|    ep_len_mean     | 5.98      |
|    ep_rew_mean     | -1.33e+05 |
| time/              |           |
|    episodes        | 10837     |
|    fps             | 178       |
|    time_elapsed    | 616       |
|    total_timesteps | 110000    |
| train/             |           |
|    actor_loss      | 3.69e+05  |
|    critic_loss     | 1.14e+04  |
|    ent_coef        | 305       |
|    ent_coef_loss   | 0.801     |
|    learning_rate   | 0.0003    |
|    n_updates       | 27474     |
----------------------------------
----------------------------------
| rollout/           |           |
|    ep_len_mean     | 15.4      |
|    ep_rew_mean     | -3.16e+05 |
| time/              |           |
|    episodes        | 11677     |
|    fps             | 178       |
|    time_elapsed    | 670       |
|    total_timesteps | 120000    |
| train/             |           |
|    actor_loss      | 4.97e+05  |
|    critic_loss     | 1.25e+04  |
|    ent_coef        | 257       |
|    ent_coef_loss   | 5.5       |
|    learning_rate   | 0.0003    |
|    n_updates       | 29974     |
----------------------------------
----------------------------------
| rollout/           |           |
|    ep_len_mean     | 58.7      |
|    ep_rew_mean     | -1.03e+06 |
| time/              |           |
|    episodes        | 11988     |
|    fps             | 179       |
|    time_elapsed    | 723       |
|    total_timesteps | 130000    |
| train/             |           |
|    actor_loss      | 5.78e+05  |
|    critic_loss     | 1.72e+04  |
|    ent_coef        | 268       |
|    ent_coef_loss   | 3.42      |
|    learning_rate   | 0.0003    |
|    n_updates       | 32474     |
----------------------------------
---------------------------------
| rollout/           |          |
|    ep_len_mean     | 62.5     |
|    ep_rew_mean     | -1.2e+06 |
| time/              |          |
|    episodes        | 12140    |
|    fps             | 180      |
|    time_elapsed    | 777      |
|    total_timesteps | 140000   |
| train/             |          |
|    actor_loss      | 5.47e+05 |
|    critic_loss     | 1.77e+04 |
|    ent_coef        | 294      |
|    ent_coef_loss   | 0.0843   |
|    learning_rate   | 0.0003   |
|    n_updates       | 34974    |
---------------------------------
----------------------------------
| rollout/           |           |
|    ep_len_mean     | 125       |
|    ep_rew_mean     | -2.38e+06 |
| time/              |           |
|    episodes        | 12220     |
|    fps             | 180       |
|    time_elapsed    | 830       |
|    total_timesteps | 150000    |
| train/             |           |
|    actor_loss      | 5.86e+05  |
|    critic_loss     | 2.05e+04  |
|    ent_coef        | 257       |
|    ent_coef_loss   | 0.693     |
|    learning_rate   | 0.0003    |
|    n_updates       | 37474     |
----------------------------------
----------------------------------
| rollout/           |           |
|    ep_len_mean     | 29.2      |
|    ep_rew_mean     | -5.81e+05 |
| time/              |           |
|    episodes        | 12441     |
|    fps             | 181       |
|    time_elapsed    | 883       |
|    total_timesteps | 160000    |
| train/             |           |
|    actor_loss      | 6.46e+05  |
|    critic_loss     | 1.93e+04  |
|    ent_coef        | 256       |
|    ent_coef_loss   | -6.82     |
|    learning_rate   | 0.0003    |
|    n_updates       | 39974     |
----------------------------------
----------------------------------
| rollout/           |           |
|    ep_len_mean     | 95.3      |
|    ep_rew_mean     | -1.79e+06 |
| time/              |           |
|    episodes        | 12504     |
|    fps             | 181       |
|    time_elapsed    | 936       |
|    total_timesteps | 170000    |
| train/             |           |
|    actor_loss      | 7.06e+05  |
|    critic_loss     | 2.03e+04  |
|    ent_coef        | 287       |
|    ent_coef_loss   | 1.28      |
|    learning_rate   | 0.0003    |
|    n_updates       | 42474     |
----------------------------------
----------------------------------
| rollout/           |           |
|    ep_len_mean     | 164       |
|    ep_rew_mean     | -3.14e+06 |
| time/              |           |
|    episodes        | 12581     |
|    fps             | 181       |
|    time_elapsed    | 989       |
|    total_timesteps | 180000    |
| train/             |           |
|    actor_loss      | 7.33e+05  |
|    critic_loss     | 1.93e+04  |
|    ent_coef        | 260       |
|    ent_coef_loss   | 1.33      |
|    learning_rate   | 0.0003    |
|    n_updates       | 44974     |
----------------------------------
----------------------------------
| rollout/           |           |
|    ep_len_mean     | 67        |
|    ep_rew_mean     | -1.25e+06 |
| time/              |           |
|    episodes        | 12692     |
|    fps             | 182       |
|    time_elapsed    | 1042      |
|    total_timesteps | 190000    |
| train/             |           |
|    actor_loss      | 7.27e+05  |
|    critic_loss     | 2.7e+04   |
|    ent_coef        | 261       |
|    ent_coef_loss   | -0.158    |
|    learning_rate   | 0.0003    |
|    n_updates       | 47474     |
----------------------------------
----------------------------------
| rollout/           |           |
|    ep_len_mean     | 64.7      |
|    ep_rew_mean     | -8.93e+05 |
| time/              |           |
|    episodes        | 12840     |
|    fps             | 182       |
|    time_elapsed    | 1095      |
|    total_timesteps | 200000    |
| train/             |           |
|    actor_loss      | 7.82e+05  |
|    critic_loss     | 2.32e+04  |
|    ent_coef        | 282       |
|    ent_coef_loss   | 1.26      |
|    learning_rate   | 0.0003    |
|    n_updates       | 49974     |
----------------------------------
----------------------------------
| rollout/           |           |
|    ep_len_mean     | 104       |
|    ep_rew_mean     | -1.57e+06 |
| time/              |           |
|    episodes        | 12937     |
|    fps             | 182       |
|    time_elapsed    | 1149      |
|    total_timesteps | 210000    |
| train/             |           |
|    actor_loss      | 8.46e+05  |
|    critic_loss     | 2.69e+04  |
|    ent_coef        | 306       |
|    ent_coef_loss   | -0.527    |
|    learning_rate   | 0.0003    |
|    n_updates       | 52474     |
----------------------------------
----------------------------------
| rollout/           |           |
|    ep_len_mean     | 64.7      |
|    ep_rew_mean     | -1.06e+06 |
| time/              |           |
|    episodes        | 13070     |
|    fps             | 182       |
|    time_elapsed    | 1205      |
|    total_timesteps | 220000    |
| train/             |           |
|    actor_loss      | 9.9e+05   |
|    critic_loss     | 3.32e+04  |
|    ent_coef        | 303       |
|    ent_coef_loss   | 0.764     |
|    learning_rate   | 0.0003    |
|    n_updates       | 54974     |
----------------------------------
----------------------------------
| rollout/           |           |
|    ep_len_mean     | 5.5       |
|    ep_rew_mean     | -1.25e+05 |
| time/              |           |
|    episodes        | 14019     |
|    fps             | 182       |
|    time_elapsed    | 1258      |
|    total_timesteps | 230000    |
| train/             |           |
|    actor_loss      | 1.09e+06  |
|    critic_loss     | 4.03e+04  |
|    ent_coef        | 318       |
|    ent_coef_loss   | -0.641    |
|    learning_rate   | 0.0003    |
|    n_updates       | 57474     |
----------------------------------
----------------------------------
| rollout/           |           |
|    ep_len_mean     | 5.14      |
|    ep_rew_mean     | -1.21e+05 |
| time/              |           |
|    episodes        | 15866     |
|    fps             | 182       |
|    time_elapsed    | 1313      |
|    total_timesteps | 240000    |
| train/             |           |
|    actor_loss      | 1.06e+06  |
|    critic_loss     | 3.54e+04  |
|    ent_coef        | 351       |
|    ent_coef_loss   | -0.803    |
|    learning_rate   | 0.0003    |
|    n_updates       | 59974     |
----------------------------------
----------------------------------
| rollout/           |           |
|    ep_len_mean     | 5.36      |
|    ep_rew_mean     | -1.24e+05 |
| time/              |           |
|    episodes        | 17739     |
|    fps             | 182       |
|    time_elapsed    | 1367      |
|    total_timesteps | 250000    |
| train/             |           |
|    actor_loss      | 1.12e+06  |
|    critic_loss     | 4.41e+04  |
|    ent_coef        | 385       |
|    ent_coef_loss   | -3.53     |
|    learning_rate   | 0.0003    |
|    n_updates       | 62474     |
----------------------------------
----------------------------------
| rollout/           |           |
|    ep_len_mean     | 5.54      |
|    ep_rew_mean     | -1.27e+05 |
| time/              |           |
|    episodes        | 19397     |
|    fps             | 182       |
|    time_elapsed    | 1421      |
|    total_timesteps | 260000    |
| train/             |           |
|    actor_loss      | 1.12e+06  |
|    critic_loss     | 3.1e+04   |
|    ent_coef        | 437       |
|    ent_coef_loss   | 0.0381    |
|    learning_rate   | 0.0003    |
|    n_updates       | 64974     |
----------------------------------
----------------------------------
| rollout/           |           |
|    ep_len_mean     | 5.57      |
|    ep_rew_mean     | -1.26e+05 |
| time/              |           |
|    episodes        | 21169     |
|    fps             | 182       |
|    time_elapsed    | 1477      |
|    total_timesteps | 270000    |
| train/             |           |
|    actor_loss      | 1.18e+06  |
|    critic_loss     | 4.33e+04  |
|    ent_coef        | 498       |
|    ent_coef_loss   | 0.912     |
|    learning_rate   | 0.0003    |
|    n_updates       | 67474     |
----------------------------------
----------------------------------
| rollout/           |           |
|    ep_len_mean     | 6.35      |
|    ep_rew_mean     | -1.34e+05 |
| time/              |           |
|    episodes        | 22762     |
|    fps             | 182       |
|    time_elapsed    | 1531      |
|    total_timesteps | 280000    |
| train/             |           |
|    actor_loss      | 1.03e+06  |
|    critic_loss     | 3.41e+04  |
|    ent_coef        | 548       |
|    ent_coef_loss   | -1.1      |
|    learning_rate   | 0.0003    |
|    n_updates       | 69974     |
----------------------------------
----------------------------------
| rollout/           |           |
|    ep_len_mean     | 6.32      |
|    ep_rew_mean     | -1.32e+05 |
| time/              |           |
|    episodes        | 24402     |
|    fps             | 182       |
|    time_elapsed    | 1586      |
|    total_timesteps | 290000    |
| train/             |           |
|    actor_loss      | 8.92e+05  |
|    critic_loss     | 3.66e+04  |
|    ent_coef        | 642       |
|    ent_coef_loss   | 0.508     |
|    learning_rate   | 0.0003    |
|    n_updates       | 72474     |
----------------------------------
----------------------------------
| rollout/           |           |
|    ep_len_mean     | 33.1      |
|    ep_rew_mean     | -6.41e+05 |
| time/              |           |
|    episodes        | 25353     |
|    fps             | 182       |
|    time_elapsed    | 1642      |
|    total_timesteps | 300000    |
| train/             |           |
|    actor_loss      | 8.09e+05  |
|    critic_loss     | 3.13e+04  |
|    ent_coef        | 564       |
|    ent_coef_loss   | 4.79      |
|    learning_rate   | 0.0003    |
|    n_updates       | 74974     |
----------------------------------
----------------------------------
| rollout/           |           |
|    ep_len_mean     | 9.47      |
|    ep_rew_mean     | -1.74e+05 |
| time/              |           |
|    episodes        | 25956     |
|    fps             | 182       |
|    time_elapsed    | 1698      |
|    total_timesteps | 310000    |
| train/             |           |
|    actor_loss      | 7.7e+05   |
|    critic_loss     | 2.79e+04  |
|    ent_coef        | 413       |
|    ent_coef_loss   | -1.66     |
|    learning_rate   | 0.0003    |
|    n_updates       | 77474     |
----------------------------------
---------------------------------
| rollout/           |          |
|    ep_len_mean     | 6.93     |
|    ep_rew_mean     | -1.4e+05 |
| time/              |          |
|    episodes        | 27184    |
|    fps             | 182      |
|    time_elapsed    | 1753     |
|    total_timesteps | 320000   |
| train/             |          |
|    actor_loss      | 6.6e+05  |
|    critic_loss     | 2.61e+04 |
|    ent_coef        | 484      |
|    ent_coef_loss   | -0.138   |
|    learning_rate   | 0.0003   |
|    n_updates       | 79974    |
---------------------------------
----------------------------------
| rollout/           |           |
|    ep_len_mean     | 5.76      |
|    ep_rew_mean     | -1.27e+05 |
| time/              |           |
|    episodes        | 28674     |
|    fps             | 182       |
|    time_elapsed    | 1809      |
|    total_timesteps | 330000    |
| train/             |           |
|    actor_loss      | 6.55e+05  |
|    critic_loss     | 2.42e+04  |
|    ent_coef        | 516       |
|    ent_coef_loss   | -2.43     |
|    learning_rate   | 0.0003    |
|    n_updates       | 82474     |
----------------------------------
----------------------------------
| rollout/           |           |
|    ep_len_mean     | 5.35      |
|    ep_rew_mean     | -1.23e+05 |
| time/              |           |
|    episodes        | 30376     |
|    fps             | 182       |
|    time_elapsed    | 1864      |
|    total_timesteps | 340000    |
| train/             |           |
|    actor_loss      | 6.4e+05   |
|    critic_loss     | 2.15e+04  |
|    ent_coef        | 498       |
|    ent_coef_loss   | 0.925     |
|    learning_rate   | 0.0003    |
|    n_updates       | 84974     |
----------------------------------
----------------------------------
| rollout/           |           |
|    ep_len_mean     | 15.1      |
|    ep_rew_mean     | -3.12e+05 |
| time/              |           |
|    episodes        | 31659     |
|    fps             | 182       |
|    time_elapsed    | 1921      |
|    total_timesteps | 350000    |
| train/             |           |
|    actor_loss      | 5.54e+05  |
|    critic_loss     | 1.89e+04  |
|    ent_coef        | 457       |
|    ent_coef_loss   | 1.96      |
|    learning_rate   | 0.0003    |
|    n_updates       | 87474     |
----------------------------------
----------------------------------
| rollout/           |           |
|    ep_len_mean     | 5.61      |
|    ep_rew_mean     | -1.26e+05 |
| time/              |           |
|    episodes        | 33252     |
|    fps             | 181       |
|    time_elapsed    | 1978      |
|    total_timesteps | 360000    |
| train/             |           |
|    actor_loss      | 4.91e+05  |
|    critic_loss     | 1.58e+04  |
|    ent_coef        | 433       |
|    ent_coef_loss   | 1.01      |
|    learning_rate   | 0.0003    |
|    n_updates       | 89974     |
----------------------------------
----------------------------------
| rollout/           |           |
|    ep_len_mean     | 6.42      |
|    ep_rew_mean     | -1.34e+05 |
| time/              |           |
|    episodes        | 34624     |
|    fps             | 181       |
|    time_elapsed    | 2034      |
|    total_timesteps | 370000    |
| train/             |           |
|    actor_loss      | 5.28e+05  |
|    critic_loss     | 1.73e+04  |
|    ent_coef        | 442       |
|    ent_coef_loss   | 0.517     |
|    learning_rate   | 0.0003    |
|    n_updates       | 92474     |
----------------------------------
----------------------------------
| rollout/           |           |
|    ep_len_mean     | 8.41      |
|    ep_rew_mean     | -1.54e+05 |
| time/              |           |
|    episodes        | 35932     |
|    fps             | 181       |
|    time_elapsed    | 2091      |
|    total_timesteps | 380000    |
| train/             |           |
|    actor_loss      | 5.16e+05  |
|    critic_loss     | 1.47e+04  |
|    ent_coef        | 487       |
|    ent_coef_loss   | 0.813     |
|    learning_rate   | 0.0003    |
|    n_updates       | 94974     |
----------------------------------
----------------------------------
| rollout/           |           |
|    ep_len_mean     | 14.5      |
|    ep_rew_mean     | -2.17e+05 |
| time/              |           |
|    episodes        | 36915     |
|    fps             | 181       |
|    time_elapsed    | 2148      |
|    total_timesteps | 390000    |
| train/             |           |
|    actor_loss      | 4.15e+05  |
|    critic_loss     | 1.34e+04  |
|    ent_coef        | 444       |
|    ent_coef_loss   | -0.295    |
|    learning_rate   | 0.0003    |
|    n_updates       | 97474     |
----------------------------------
----------------------------------
| rollout/           |           |
|    ep_len_mean     | 45.4      |
|    ep_rew_mean     | -5.54e+05 |
| time/              |           |
|    episodes        | 37233     |
|    fps             | 181       |
|    time_elapsed    | 2205      |
|    total_timesteps | 400000    |
| train/             |           |
|    actor_loss      | 3.21e+05  |
|    critic_loss     | 1.21e+04  |
|    ent_coef        | 400       |
|    ent_coef_loss   | 1.7       |
|    learning_rate   | 0.0003    |
|    n_updates       | 99974     |
----------------------------------
----------------------------------
| rollout/           |           |
|    ep_len_mean     | 141       |
|    ep_rew_mean     | -2.02e+06 |
| time/              |           |
|    episodes        | 37263     |
|    fps             | 181       |
|    time_elapsed    | 2262      |
|    total_timesteps | 410000    |
| train/             |           |
|    actor_loss      | 3.12e+05  |
|    critic_loss     | 1.16e+04  |
|    ent_coef        | 365       |
|    ent_coef_loss   | 2.89      |
|    learning_rate   | 0.0003    |
|    n_updates       | 102474    |
----------------------------------
----------------------------------
| rollout/           |           |
|    ep_len_mean     | 52.3      |
|    ep_rew_mean     | -5.58e+05 |
| time/              |           |
|    episodes        | 37433     |
|    fps             | 181       |
|    time_elapsed    | 2320      |
|    total_timesteps | 420000    |
| train/             |           |
|    actor_loss      | 3.17e+05  |
|    critic_loss     | 1.3e+04   |
|    ent_coef        | 361       |
|    ent_coef_loss   | -0.653    |
|    learning_rate   | 0.0003    |
|    n_updates       | 104974    |
----------------------------------
----------------------------------
| rollout/           |           |
|    ep_len_mean     | 68.1      |
|    ep_rew_mean     | -7.57e+05 |
| time/              |           |
|    episodes        | 37560     |
|    fps             | 180       |
|    time_elapsed    | 2377      |
|    total_timesteps | 430000    |
| train/             |           |
|    actor_loss      | 3.07e+05  |
|    critic_loss     | 1.09e+04  |
|    ent_coef        | 359       |
|    ent_coef_loss   | -0.356    |
|    learning_rate   | 0.0003    |
|    n_updates       | 107474    |
----------------------------------
---------------------------------
| rollout/           |          |
|    ep_len_mean     | 145      |
|    ep_rew_mean     | -1.7e+06 |
| time/              |          |
|    episodes        | 37616    |
|    fps             | 180      |
|    time_elapsed    | 2434     |
|    total_timesteps | 440000   |
| train/             |          |
|    actor_loss      | 3.25e+05 |
|    critic_loss     | 1.23e+04 |
|    ent_coef        | 364      |
|    ent_coef_loss   | -1.56    |
|    learning_rate   | 0.0003   |
|    n_updates       | 109974   |
---------------------------------
---------------------------------
| rollout/           |          |
|    ep_len_mean     | 68.5     |
|    ep_rew_mean     | -9.6e+05 |
| time/              |          |
|    episodes        | 37725    |
|    fps             | 180      |
|    time_elapsed    | 2492     |
|    total_timesteps | 450000   |
| train/             |          |
|    actor_loss      | 2.87e+05 |
|    critic_loss     | 1.15e+04 |
|    ent_coef        | 364      |
|    ent_coef_loss   | -1.64    |
|    learning_rate   | 0.0003   |
|    n_updates       | 112474   |
---------------------------------
----------------------------------
| rollout/           |           |
|    ep_len_mean     | 16.1      |
|    ep_rew_mean     | -3.19e+05 |
| time/              |           |
|    episodes        | 38275     |
|    fps             | 180       |
|    time_elapsed    | 2549      |
|    total_timesteps | 460000    |
| train/             |           |
|    actor_loss      | 3.22e+05  |
|    critic_loss     | 1.37e+04  |
|    ent_coef        | 358       |
|    ent_coef_loss   | 1.74      |
|    learning_rate   | 0.0003    |
|    n_updates       | 114974    |
----------------------------------
----------------------------------
| rollout/           |           |
|    ep_len_mean     | 5.75      |
|    ep_rew_mean     | -1.18e+05 |
| time/              |           |
|    episodes        | 39822     |
|    fps             | 180       |
|    time_elapsed    | 2607      |
|    total_timesteps | 470000    |
| train/             |           |
|    actor_loss      | 3.4e+05   |
|    critic_loss     | 1.37e+04  |
|    ent_coef        | 316       |
|    ent_coef_loss   | -1.45     |
|    learning_rate   | 0.0003    |
|    n_updates       | 117474    |
----------------------------------
----------------------------------
| rollout/           |           |
|    ep_len_mean     | 5.22      |
|    ep_rew_mean     | -1.13e+05 |
| time/              |           |
|    episodes        | 41686     |
|    fps             | 179       |
|    time_elapsed    | 2667      |
|    total_timesteps | 480000    |
| train/             |           |
|    actor_loss      | 3.44e+05  |
|    critic_loss     | 1.17e+04  |
|    ent_coef        | 300       |
|    ent_coef_loss   | -1.95     |
|    learning_rate   | 0.0003    |
|    n_updates       | 119974    |
----------------------------------
----------------------------------
| rollout/           |           |
|    ep_len_mean     | 5.15      |
|    ep_rew_mean     | -1.12e+05 |
| time/              |           |
|    episodes        | 43620     |
|    fps             | 179       |
|    time_elapsed    | 2726      |
|    total_timesteps | 490000    |
| train/             |           |
|    actor_loss      | 3.48e+05  |
|    critic_loss     | 1.09e+04  |
|    ent_coef        | 291       |
|    ent_coef_loss   | -2.44     |
|    learning_rate   | 0.0003    |
|    n_updates       | 122474    |
----------------------------------
----------------------------------
| rollout/           |           |
|    ep_len_mean     | 5.16      |
|    ep_rew_mean     | -1.12e+05 |
| time/              |           |
|    episodes        | 45559     |
|    fps             | 179       |
|    time_elapsed    | 2785      |
|    total_timesteps | 500000    |
| train/             |           |
|    actor_loss      | 3.38e+05  |
|    critic_loss     | 1.07e+04  |
|    ent_coef        | 277       |
|    ent_coef_loss   | 0.473     |
|    learning_rate   | 0.0003    |
|    n_updates       | 124974    |
----------------------------------
----------------------------------
| rollout/           |           |
|    ep_len_mean     | 5.58      |
|    ep_rew_mean     | -1.17e+05 |
| time/              |           |
|    episodes        | 47439     |
|    fps             | 179       |
|    time_elapsed    | 2844      |
|    total_timesteps | 510000    |
| train/             |           |
|    actor_loss      | 3.39e+05  |
|    critic_loss     | 9.71e+03  |
|    ent_coef        | 259       |
|    ent_coef_loss   | 0.174     |
|    learning_rate   | 0.0003    |
|    n_updates       | 127474    |
----------------------------------
----------------------------------
| rollout/           |           |
|    ep_len_mean     | 6.15      |
|    ep_rew_mean     | -1.22e+05 |
| time/              |           |
|    episodes        | 49160     |
|    fps             | 179       |
|    time_elapsed    | 2903      |
|    total_timesteps | 520000    |
| train/             |           |
|    actor_loss      | 3.33e+05  |
|    critic_loss     | 8.21e+03  |
|    ent_coef        | 245       |
|    ent_coef_loss   | 0.703     |
|    learning_rate   | 0.0003    |
|    n_updates       | 129974    |
----------------------------------
----------------------------------
| rollout/           |           |
|    ep_len_mean     | 6.13      |
|    ep_rew_mean     | -1.23e+05 |
| time/              |           |
|    episodes        | 50777     |
|    fps             | 178       |
|    time_elapsed    | 2962      |
|    total_timesteps | 530000    |
| train/             |           |
|    actor_loss      | 3.62e+05  |
|    critic_loss     | 9.23e+03  |
|    ent_coef        | 244       |
|    ent_coef_loss   | 2.01      |
|    learning_rate   | 0.0003    |
|    n_updates       | 132474    |
----------------------------------
----------------------------------
| rollout/           |           |
|    ep_len_mean     | 5.59      |
|    ep_rew_mean     | -1.17e+05 |
| time/              |           |
|    episodes        | 52455     |
|    fps             | 178       |
|    time_elapsed    | 3021      |
|    total_timesteps | 540000    |
| train/             |           |
|    actor_loss      | 3.54e+05  |
|    critic_loss     | 9.78e+03  |
|    ent_coef        | 248       |
|    ent_coef_loss   | -0.952    |
|    learning_rate   | 0.0003    |
|    n_updates       | 134974    |
----------------------------------
----------------------------------
| rollout/           |           |
|    ep_len_mean     | 5.79      |
|    ep_rew_mean     | -1.19e+05 |
| time/              |           |
|    episodes        | 54220     |
|    fps             | 178       |
|    time_elapsed    | 3079      |
|    total_timesteps | 550000    |
| train/             |           |
|    actor_loss      | 3.36e+05  |
|    critic_loss     | 8.72e+03  |
|    ent_coef        | 247       |
|    ent_coef_loss   | 0.695     |
|    learning_rate   | 0.0003    |
|    n_updates       | 137474    |
----------------------------------
----------------------------------
| rollout/           |           |
|    ep_len_mean     | 5.66      |
|    ep_rew_mean     | -1.16e+05 |
| time/              |           |
|    episodes        | 56012     |
|    fps             | 178       |
|    time_elapsed    | 3138      |
|    total_timesteps | 560000    |
| train/             |           |
|    actor_loss      | 2.97e+05  |
|    critic_loss     | 7.14e+03  |
|    ent_coef        | 233       |
|    ent_coef_loss   | -1.95     |
|    learning_rate   | 0.0003    |
|    n_updates       | 139974    |
----------------------------------
----------------------------------
| rollout/           |           |
|    ep_len_mean     | 5.56      |
|    ep_rew_mean     | -1.15e+05 |
| time/              |           |
|    episodes        | 57782     |
|    fps             | 178       |
|    time_elapsed    | 3197      |
|    total_timesteps | 570000    |
| train/             |           |
|    actor_loss      | 3.19e+05  |
|    critic_loss     | 8.09e+03  |
|    ent_coef        | 225       |
|    ent_coef_loss   | -2.46     |
|    learning_rate   | 0.0003    |
|    n_updates       | 142474    |
----------------------------------
----------------------------------
| rollout/           |           |
|    ep_len_mean     | 5.68      |
|    ep_rew_mean     | -1.17e+05 |
| time/              |           |
|    episodes        | 59549     |
|    fps             | 178       |
|    time_elapsed    | 3256      |
|    total_timesteps | 580000    |
| train/             |           |
|    actor_loss      | 3.28e+05  |
|    critic_loss     | 6.3e+03   |
|    ent_coef        | 220       |
|    ent_coef_loss   | -0.385    |
|    learning_rate   | 0.0003    |
|    n_updates       | 144974    |
----------------------------------
----------------------------------
| rollout/           |           |
|    ep_len_mean     | 5.91      |
|    ep_rew_mean     | -1.19e+05 |
| time/              |           |
|    episodes        | 61277     |
|    fps             | 177       |
|    time_elapsed    | 3314      |
|    total_timesteps | 590000    |
| train/             |           |
|    actor_loss      | 2.88e+05  |
|    critic_loss     | 5.37e+03  |
|    ent_coef        | 211       |
|    ent_coef_loss   | -1.23     |
|    learning_rate   | 0.0003    |
|    n_updates       | 147474    |
----------------------------------
---------------------------------
| rollout/           |          |
|    ep_len_mean     | 6.03     |
|    ep_rew_mean     | -1.2e+05 |
| time/              |          |
|    episodes        | 62965    |
|    fps             | 177      |
|    time_elapsed    | 3375     |
|    total_timesteps | 600000   |
| train/             |          |
|    actor_loss      | 2.99e+05 |
|    critic_loss     | 6.12e+03 |
|    ent_coef        | 205      |
|    ent_coef_loss   | 1.32     |
|    learning_rate   | 0.0003   |
|    n_updates       | 149974   |
---------------------------------
----------------------------------
| rollout/           |           |
|    ep_len_mean     | 6.12      |
|    ep_rew_mean     | -1.21e+05 |
| time/              |           |
|    episodes        | 64617     |
|    fps             | 177       |
|    time_elapsed    | 3436      |
|    total_timesteps | 610000    |
| train/             |           |
|    actor_loss      | 2.72e+05  |
|    critic_loss     | 5.43e+03  |
|    ent_coef        | 195       |
|    ent_coef_loss   | -2.04     |
|    learning_rate   | 0.0003    |
|    n_updates       | 152474    |
----------------------------------
----------------------------------
| rollout/           |           |
|    ep_len_mean     | 6.26      |
|    ep_rew_mean     | -1.22e+05 |
| time/              |           |
|    episodes        | 66217     |
|    fps             | 177       |
|    time_elapsed    | 3496      |
|    total_timesteps | 620000    |
| train/             |           |
|    actor_loss      | 2.63e+05  |
|    critic_loss     | 5.14e+03  |
|    ent_coef        | 191       |
|    ent_coef_loss   | -0.727    |
|    learning_rate   | 0.0003    |
|    n_updates       | 154974    |
----------------------------------
----------------------------------
| rollout/           |           |
|    ep_len_mean     | 6.42      |
|    ep_rew_mean     | -1.24e+05 |
| time/              |           |
|    episodes        | 67791     |
|    fps             | 177       |
|    time_elapsed    | 3556      |
|    total_timesteps | 630000    |
| train/             |           |
|    actor_loss      | 2.95e+05  |
|    critic_loss     | 5.3e+03   |
|    ent_coef        | 186       |
|    ent_coef_loss   | -0.173    |
|    learning_rate   | 0.0003    |
|    n_updates       | 157474    |
----------------------------------
----------------------------------
| rollout/           |           |
|    ep_len_mean     | 6.33      |
|    ep_rew_mean     | -1.23e+05 |
| time/              |           |
|    episodes        | 69363     |
|    fps             | 177       |
|    time_elapsed    | 3615      |
|    total_timesteps | 640000    |
| train/             |           |
|    actor_loss      | 2.74e+05  |
|    critic_loss     | 4.56e+03  |
|    ent_coef        | 184       |
|    ent_coef_loss   | -0.568    |
|    learning_rate   | 0.0003    |
|    n_updates       | 159974    |
----------------------------------
----------------------------------
| rollout/           |           |
|    ep_len_mean     | 6.21      |
|    ep_rew_mean     | -1.22e+05 |
| time/              |           |
|    episodes        | 70951     |
|    fps             | 176       |
|    time_elapsed    | 3675      |
|    total_timesteps | 650000    |
| train/             |           |
|    actor_loss      | 2.92e+05  |
|    critic_loss     | 4.56e+03  |
|    ent_coef        | 179       |
|    ent_coef_loss   | 1.43      |
|    learning_rate   | 0.0003    |
|    n_updates       | 162474    |
----------------------------------
----------------------------------
| rollout/           |           |
|    ep_len_mean     | 6.17      |
|    ep_rew_mean     | -1.21e+05 |
| time/              |           |
|    episodes        | 72562     |
|    fps             | 176       |
|    time_elapsed    | 3735      |
|    total_timesteps | 660000    |
| train/             |           |
|    actor_loss      | 2.5e+05   |
|    critic_loss     | 4.5e+03   |
|    ent_coef        | 177       |
|    ent_coef_loss   | -0.811    |
|    learning_rate   | 0.0003    |
|    n_updates       | 164974    |
----------------------------------
---------------------------------
| rollout/           |          |
|    ep_len_mean     | 6.07     |
|    ep_rew_mean     | -1.2e+05 |
| time/              |          |
|    episodes        | 74202    |
|    fps             | 176      |
|    time_elapsed    | 3795     |
|    total_timesteps | 670000   |
| train/             |          |
|    actor_loss      | 3.04e+05 |
|    critic_loss     | 4.72e+03 |
|    ent_coef        | 176      |
|    ent_coef_loss   | -0.337   |
|    learning_rate   | 0.0003   |
|    n_updates       | 167474   |
---------------------------------
----------------------------------
| rollout/           |           |
|    ep_len_mean     | 6.12      |
|    ep_rew_mean     | -1.21e+05 |
| time/              |           |
|    episodes        | 75847     |
|    fps             | 176       |
|    time_elapsed    | 3855      |
|    total_timesteps | 680000    |
| train/             |           |
|    actor_loss      | 2.84e+05  |
|    critic_loss     | 4.48e+03  |
|    ent_coef        | 173       |
|    ent_coef_loss   | 1.28      |
|    learning_rate   | 0.0003    |
|    n_updates       | 169974    |
----------------------------------
----------------------------------
| rollout/           |           |
|    ep_len_mean     | 5.84      |
|    ep_rew_mean     | -1.17e+05 |
| time/              |           |
|    episodes        | 77536     |
|    fps             | 176       |
|    time_elapsed    | 3915      |
|    total_timesteps | 690000    |
| train/             |           |
|    actor_loss      | 2.62e+05  |
|    critic_loss     | 4.7e+03   |
|    ent_coef        | 169       |
|    ent_coef_loss   | 0.196     |
|    learning_rate   | 0.0003    |
|    n_updates       | 172474    |
----------------------------------
----------------------------------
| rollout/           |           |
|    ep_len_mean     | 5.68      |
|    ep_rew_mean     | -1.15e+05 |
| time/              |           |
|    episodes        | 79254     |
|    fps             | 176       |
|    time_elapsed    | 3974      |
|    total_timesteps | 700000    |
| train/             |           |
|    actor_loss      | 2.62e+05  |
|    critic_loss     | 4.14e+03  |
|    ent_coef        | 165       |
|    ent_coef_loss   | 0.735     |
|    learning_rate   | 0.0003    |
|    n_updates       | 174974    |
----------------------------------
----------------------------------
| rollout/           |           |
|    ep_len_mean     | 5.66      |
|    ep_rew_mean     | -1.16e+05 |
| time/              |           |
|    episodes        | 81016     |
|    fps             | 175       |
|    time_elapsed    | 4034      |
|    total_timesteps | 710000    |
| train/             |           |
|    actor_loss      | 2.49e+05  |
|    critic_loss     | 3.91e+03  |
|    ent_coef        | 165       |
|    ent_coef_loss   | 0.426     |
|    learning_rate   | 0.0003    |
|    n_updates       | 177474    |
----------------------------------
----------------------------------
| rollout/           |           |
|    ep_len_mean     | 5.43      |
|    ep_rew_mean     | -1.14e+05 |
| time/              |           |
|    episodes        | 82844     |
|    fps             | 175       |
|    time_elapsed    | 4094      |
|    total_timesteps | 720000    |
| train/             |           |
|    actor_loss      | 2.76e+05  |
|    critic_loss     | 5.02e+03  |
|    ent_coef        | 166       |
|    ent_coef_loss   | -2.13     |
|    learning_rate   | 0.0003    |
|    n_updates       | 179974    |
----------------------------------
----------------------------------
| rollout/           |           |
|    ep_len_mean     | 5.27      |
|    ep_rew_mean     | -1.12e+05 |
| time/              |           |
|    episodes        | 84709     |
|    fps             | 175       |
|    time_elapsed    | 4154      |
|    total_timesteps | 730000    |
| train/             |           |
|    actor_loss      | 2.89e+05  |
|    critic_loss     | 4.45e+03  |
|    ent_coef        | 166       |
|    ent_coef_loss   | -0.391    |
|    learning_rate   | 0.0003    |
|    n_updates       | 182474    |
----------------------------------
----------------------------------
| rollout/           |           |
|    ep_len_mean     | 5.21      |
|    ep_rew_mean     | -1.11e+05 |
| time/              |           |
|    episodes        | 86591     |
|    fps             | 175       |
|    time_elapsed    | 4214      |
|    total_timesteps | 740000    |
| train/             |           |
|    actor_loss      | 2.72e+05  |
|    critic_loss     | 4.31e+03  |
|    ent_coef        | 163       |
|    ent_coef_loss   | -0.249    |
|    learning_rate   | 0.0003    |
|    n_updates       | 184974    |
----------------------------------
----------------------------------
| rollout/           |           |
|    ep_len_mean     | 5.26      |
|    ep_rew_mean     | -1.11e+05 |
| time/              |           |
|    episodes        | 88497     |
|    fps             | 175       |
|    time_elapsed    | 4275      |
|    total_timesteps | 750000    |
| train/             |           |
|    actor_loss      | 2.56e+05  |
|    critic_loss     | 4.07e+03  |
|    ent_coef        | 160       |
|    ent_coef_loss   | 0.0197    |
|    learning_rate   | 0.0003    |
|    n_updates       | 187474    |
----------------------------------
----------------------------------
| rollout/           |           |
|    ep_len_mean     | 5.08      |
|    ep_rew_mean     | -1.06e+05 |
| time/              |           |
|    episodes        | 90433     |
|    fps             | 175       |
|    time_elapsed    | 4335      |
|    total_timesteps | 760000    |
| train/             |           |
|    actor_loss      | 2.06e+05  |
|    critic_loss     | 3.42e+03  |
|    ent_coef        | 158       |
|    ent_coef_loss   | 1.67      |
|    learning_rate   | 0.0003    |
|    n_updates       | 189974    |
----------------------------------
----------------------------------
| rollout/           |           |
|    ep_len_mean     | 5.01      |
|    ep_rew_mean     | -1.04e+05 |
| time/              |           |
|    episodes        | 92212     |
|    fps             | 175       |
|    time_elapsed    | 4395      |
|    total_timesteps | 770000    |
| train/             |           |
|    actor_loss      | 2.49e+05  |
|    critic_loss     | 3.3e+03   |
|    ent_coef        | 156       |
|    ent_coef_loss   | -0.648    |
|    learning_rate   | 0.0003    |
|    n_updates       | 192474    |
----------------------------------
----------------------------------
| rollout/           |           |
|    ep_len_mean     | 6.6       |
|    ep_rew_mean     | -1.11e+05 |
| time/              |           |
|    episodes        | 94157     |
|    fps             | 175       |
|    time_elapsed    | 4454      |
|    total_timesteps | 780000    |
| train/             |           |
|    actor_loss      | 2.5e+05   |
|    critic_loss     | 3.75e+03  |
|    ent_coef        | 159       |
|    ent_coef_loss   | 1.08      |
|    learning_rate   | 0.0003    |
|    n_updates       | 194974    |
----------------------------------
---------------------------------
| rollout/           |          |
|    ep_len_mean     | 5.09     |
|    ep_rew_mean     | -1e+05   |
| time/              |          |
|    episodes        | 96150    |
|    fps             | 174      |
|    time_elapsed    | 4514     |
|    total_timesteps | 790000   |
| train/             |          |
|    actor_loss      | 2.41e+05 |
|    critic_loss     | 3.49e+03 |
|    ent_coef        | 157      |
|    ent_coef_loss   | -0.293   |
|    learning_rate   | 0.0003   |
|    n_updates       | 197474   |
---------------------------------
----------------------------------
| rollout/           |           |
|    ep_len_mean     | 5         |
|    ep_rew_mean     | -9.98e+04 |
| time/              |           |
|    episodes        | 98137     |
|    fps             | 174       |
|    time_elapsed    | 4573      |
|    total_timesteps | 800000    |
| train/             |           |
|    actor_loss      | 2.42e+05  |
|    critic_loss     | 4.11e+03  |
|    ent_coef        | 157       |
|    ent_coef_loss   | -0.106    |
|    learning_rate   | 0.0003    |
|    n_updates       | 199974    |
----------------------------------
----------------------------------
| rollout/           |           |
|    ep_len_mean     | 5         |
|    ep_rew_mean     | -9.98e+04 |
| time/              |           |
|    episodes        | 100137    |
|    fps             | 174       |
|    time_elapsed    | 4631      |
|    total_timesteps | 810000    |
| train/             |           |
|    actor_loss      | 2.15e+05  |
|    critic_loss     | 3.15e+03  |
|    ent_coef        | 157       |
|    ent_coef_loss   | 0.748     |
|    learning_rate   | 0.0003    |
|    n_updates       | 202474    |
----------------------------------
----------------------------------
| rollout/           |           |
|    ep_len_mean     | 5         |
|    ep_rew_mean     | -9.98e+04 |
| time/              |           |
|    episodes        | 102133    |
|    fps             | 174       |
|    time_elapsed    | 4691      |
|    total_timesteps | 820000    |
| train/             |           |
|    actor_loss      | 2.19e+05  |
|    critic_loss     | 3.4e+03   |
|    ent_coef        | 156       |
|    ent_coef_loss   | 0.117     |
|    learning_rate   | 0.0003    |
|    n_updates       | 204974    |
----------------------------------
----------------------------------
| rollout/           |           |
|    ep_len_mean     | 5         |
|    ep_rew_mean     | -9.99e+04 |
| time/              |           |
|    episodes        | 104133    |
|    fps             | 174       |
|    time_elapsed    | 4750      |
|    total_timesteps | 830000    |
| train/             |           |
|    actor_loss      | 2.19e+05  |
|    critic_loss     | 3.32e+03  |
|    ent_coef        | 151       |
|    ent_coef_loss   | 0.182     |
|    learning_rate   | 0.0003    |
|    n_updates       | 207474    |
----------------------------------
----------------------------------
| rollout/           |           |
|    ep_len_mean     | 5         |
|    ep_rew_mean     | -9.99e+04 |
| time/              |           |
|    episodes        | 106133    |
|    fps             | 174       |
|    time_elapsed    | 4809      |
|    total_timesteps | 840000    |
| train/             |           |
|    actor_loss      | 2.49e+05  |
|    critic_loss     | 3.62e+03  |
|    ent_coef        | 146       |
|    ent_coef_loss   | -1.27     |
|    learning_rate   | 0.0003    |
|    n_updates       | 209974    |
----------------------------------
----------------------------------
| rollout/           |           |
|    ep_len_mean     | 5.01      |
|    ep_rew_mean     | -9.99e+04 |
| time/              |           |
|    episodes        | 108132    |
|    fps             | 174       |
|    time_elapsed    | 4868      |
|    total_timesteps | 850000    |
| train/             |           |
|    actor_loss      | 2.29e+05  |
|    critic_loss     | 3.9e+03   |
|    ent_coef        | 145       |
|    ent_coef_loss   | 0.45      |
|    learning_rate   | 0.0003    |
|    n_updates       | 212474    |
----------------------------------
----------------------------------
| rollout/           |           |
|    ep_len_mean     | 5.01      |
|    ep_rew_mean     | -9.99e+04 |
| time/              |           |
|    episodes        | 110132    |
|    fps             | 174       |
|    time_elapsed    | 4927      |
|    total_timesteps | 860000    |
| train/             |           |
|    actor_loss      | 2.21e+05  |
|    critic_loss     | 3.73e+03  |
|    ent_coef        | 141       |
|    ent_coef_loss   | 1.19      |
|    learning_rate   | 0.0003    |
|    n_updates       | 214974    |
----------------------------------
----------------------------------
| rollout/           |           |
|    ep_len_mean     | 5         |
|    ep_rew_mean     | -9.99e+04 |
| time/              |           |
|    episodes        | 112130    |
|    fps             | 174       |
|    time_elapsed    | 4986      |
|    total_timesteps | 870000    |
| train/             |           |
|    actor_loss      | 2.24e+05  |
|    critic_loss     | 3.68e+03  |
|    ent_coef        | 137       |
|    ent_coef_loss   | 0.216     |
|    learning_rate   | 0.0003    |
|    n_updates       | 217474    |
----------------------------------
----------------------------------
| rollout/           |           |
|    ep_len_mean     | 5         |
|    ep_rew_mean     | -9.98e+04 |
| time/              |           |
|    episodes        | 114130    |
|    fps             | 174       |
|    time_elapsed    | 5036      |
|    total_timesteps | 880000    |
| train/             |           |
|    actor_loss      | 2.24e+05  |
|    critic_loss     | 3.33e+03  |
|    ent_coef        | 131       |
|    ent_coef_loss   | -0.897    |
|    learning_rate   | 0.0003    |
|    n_updates       | 219974    |
----------------------------------
----------------------------------
| rollout/           |           |
|    ep_len_mean     | 5.01      |
|    ep_rew_mean     | -9.98e+04 |
| time/              |           |
|    episodes        | 116127    |
|    fps             | 174       |
|    time_elapsed    | 5087      |
|    total_timesteps | 890000    |
| train/             |           |
|    actor_loss      | 2.19e+05  |
|    critic_loss     | 2.87e+03  |
|    ent_coef        | 130       |
|    ent_coef_loss   | 0.386     |
|    learning_rate   | 0.0003    |
|    n_updates       | 222474    |
----------------------------------
----------------------------------
| rollout/           |           |
|    ep_len_mean     | 5.01      |
|    ep_rew_mean     | -9.98e+04 |
| time/              |           |
|    episodes        | 118123    |
|    fps             | 175       |
|    time_elapsed    | 5137      |
|    total_timesteps | 900000    |
| train/             |           |
|    actor_loss      | 2.04e+05  |
|    critic_loss     | 3.13e+03  |
|    ent_coef        | 127       |
|    ent_coef_loss   | 1.89      |
|    learning_rate   | 0.0003    |
|    n_updates       | 224974    |
----------------------------------
----------------------------------
| rollout/           |           |
|    ep_len_mean     | 5.01      |
|    ep_rew_mean     | -9.98e+04 |
| time/              |           |
|    episodes        | 120116    |
|    fps             | 175       |
|    time_elapsed    | 5188      |
|    total_timesteps | 910000    |
| train/             |           |
|    actor_loss      | 2.42e+05  |
|    critic_loss     | 3.47e+03  |
|    ent_coef        | 127       |
|    ent_coef_loss   | -0.753    |
|    learning_rate   | 0.0003    |
|    n_updates       | 227474    |
----------------------------------
----------------------------------
| rollout/           |           |
|    ep_len_mean     | 5.03      |
|    ep_rew_mean     | -9.98e+04 |
| time/              |           |
|    episodes        | 122105    |
|    fps             | 175       |
|    time_elapsed    | 5238      |
|    total_timesteps | 920000    |
| train/             |           |
|    actor_loss      | 2.27e+05  |
|    critic_loss     | 2.99e+03  |
|    ent_coef        | 124       |
|    ent_coef_loss   | 0.851     |
|    learning_rate   | 0.0003    |
|    n_updates       | 229974    |
----------------------------------
----------------------------------
| rollout/           |           |
|    ep_len_mean     | 5.04      |
|    ep_rew_mean     | -9.97e+04 |
| time/              |           |
|    episodes        | 124090    |
|    fps             | 175       |
|    time_elapsed    | 5287      |
|    total_timesteps | 930000    |
| train/             |           |
|    actor_loss      | 2.11e+05  |
|    critic_loss     | 2.99e+03  |
|    ent_coef        | 118       |
|    ent_coef_loss   | -0.161    |
|    learning_rate   | 0.0003    |
|    n_updates       | 232474    |
----------------------------------
----------------------------------
| rollout/           |           |
|    ep_len_mean     | 5.07      |
|    ep_rew_mean     | -9.97e+04 |
| time/              |           |
|    episodes        | 126076    |
|    fps             | 176       |
|    time_elapsed    | 5337      |
|    total_timesteps | 940000    |
| train/             |           |
|    actor_loss      | 1.95e+05  |
|    critic_loss     | 2.7e+03   |
|    ent_coef        | 116       |
|    ent_coef_loss   | 0.464     |
|    learning_rate   | 0.0003    |
|    n_updates       | 234974    |
----------------------------------
----------------------------------
| rollout/           |           |
|    ep_len_mean     | 5.08      |
|    ep_rew_mean     | -9.97e+04 |
| time/              |           |
|    episodes        | 128053    |
|    fps             | 176       |
|    time_elapsed    | 5386      |
|    total_timesteps | 950000    |
| train/             |           |
|    actor_loss      | 1.96e+05  |
|    critic_loss     | 2.7e+03   |
|    ent_coef        | 116       |
|    ent_coef_loss   | -1.24     |
|    learning_rate   | 0.0003    |
|    n_updates       | 237474    |
----------------------------------
----------------------------------
| rollout/           |           |
|    ep_len_mean     | 5.11      |
|    ep_rew_mean     | -9.96e+04 |
| time/              |           |
|    episodes        | 130024    |
|    fps             | 176       |
|    time_elapsed    | 5436      |
|    total_timesteps | 960000    |
| train/             |           |
|    actor_loss      | 2.08e+05  |
|    critic_loss     | 3.31e+03  |
|    ent_coef        | 113       |
|    ent_coef_loss   | 0.0858    |
|    learning_rate   | 0.0003    |
|    n_updates       | 239974    |
----------------------------------
----------------------------------
| rollout/           |           |
|    ep_len_mean     | 5.11      |
|    ep_rew_mean     | -9.97e+04 |
| time/              |           |
|    episodes        | 131994    |
|    fps             | 176       |
|    time_elapsed    | 5488      |
|    total_timesteps | 970000    |
| train/             |           |
|    actor_loss      | 2.21e+05  |
|    critic_loss     | 2.86e+03  |
|    ent_coef        | 110       |
|    ent_coef_loss   | -0.18     |
|    learning_rate   | 0.0003    |
|    n_updates       | 242474    |
----------------------------------
----------------------------------
| rollout/           |           |
|    ep_len_mean     | 5.14      |
|    ep_rew_mean     | -9.96e+04 |
| time/              |           |
|    episodes        | 133950    |
|    fps             | 176       |
|    time_elapsed    | 5541      |
|    total_timesteps | 980000    |
| train/             |           |
|    actor_loss      | 1.75e+05  |
|    critic_loss     | 2.26e+03  |
|    ent_coef        | 109       |
|    ent_coef_loss   | 0.927     |
|    learning_rate   | 0.0003    |
|    n_updates       | 244974    |
----------------------------------
----------------------------------
| rollout/           |           |
|    ep_len_mean     | 5.16      |
|    ep_rew_mean     | -9.97e+04 |
| time/              |           |
|    episodes        | 135900    |
|    fps             | 177       |
|    time_elapsed    | 5592      |
|    total_timesteps | 990000    |
| train/             |           |
|    actor_loss      | 2.19e+05  |
|    critic_loss     | 2.82e+03  |
|    ent_coef        | 106       |
|    ent_coef_loss   | 0.134     |
|    learning_rate   | 0.0003    |
|    n_updates       | 247474    |
----------------------------------
----------------------------------
| rollout/           |           |
|    ep_len_mean     | 5.15      |
|    ep_rew_mean     | -9.97e+04 |
| time/              |           |
|    episodes        | 137843    |
|    fps             | 177       |
|    time_elapsed    | 5644      |
|    total_timesteps | 1000000   |
| train/             |           |
|    actor_loss      | 2.19e+05  |
|    critic_loss     | 2.88e+03  |
|    ent_coef        | 104       |
|    ent_coef_loss   | 0.028     |
|    learning_rate   | 0.0003    |
|    n_updates       | 249974    |
----------------------------------
Training ended on Tue Jan 27 17:46:27 2026
Training lasted 1:34:04.167763
