Logging to training_random_logs/5_robots/logs/A2C_set3
Using cpu device
Training started on Tue Jan 27 16:19:07 2026
Experiment configuration: {'algorithm': 'A2C', 'set': 3, 'verbose': 1, 'steps': 1000000, 'num_robots': 5, 'num_envs': 4, 'seed': 33, 'log_steps': 10000, 'resume': False, 'device': 'cpu'}
-------------------------------------
| rollout/              |           |
|    ep_len_mean        | 14.6      |
|    ep_rew_mean        | -4.06e+05 |
| time/                 |           |
|    fps                | 1465      |
|    time_elapsed       | 6         |
|    total_timesteps    | 10000     |
| train/                |           |
|    entropy_loss       | -21.3     |
|    explained_variance | 2.38e-07  |
|    learning_rate      | 0.0001    |
|    n_updates          | 124       |
|    policy_loss        | -2.57e+06 |
|    std                | 1         |
|    value_loss         | 1.71e+10  |
-------------------------------------
-------------------------------------
| rollout/              |           |
|    ep_len_mean        | 11.8      |
|    ep_rew_mean        | -3.35e+05 |
| time/                 |           |
|    fps                | 1469      |
|    time_elapsed       | 13        |
|    total_timesteps    | 20000     |
| train/                |           |
|    entropy_loss       | -21.3     |
|    explained_variance | 0         |
|    learning_rate      | 0.0001    |
|    n_updates          | 249       |
|    policy_loss        | -2.63e+06 |
|    std                | 1         |
|    value_loss         | 1.65e+10  |
-------------------------------------
-------------------------------------
| rollout/              |           |
|    ep_len_mean        | 11.2      |
|    ep_rew_mean        | -3.24e+05 |
| time/                 |           |
|    fps                | 1470      |
|    time_elapsed       | 20        |
|    total_timesteps    | 30000     |
| train/                |           |
|    entropy_loss       | -21.3     |
|    explained_variance | 5.96e-08  |
|    learning_rate      | 0.0001    |
|    n_updates          | 374       |
|    policy_loss        | -2.46e+06 |
|    std                | 1         |
|    value_loss         | 1.38e+10  |
-------------------------------------
-------------------------------------
| rollout/              |           |
|    ep_len_mean        | 12.1      |
|    ep_rew_mean        | -3.45e+05 |
| time/                 |           |
|    fps                | 1468      |
|    time_elapsed       | 27        |
|    total_timesteps    | 40000     |
| train/                |           |
|    entropy_loss       | -21.3     |
|    explained_variance | 5.96e-08  |
|    learning_rate      | 0.0001    |
|    n_updates          | 499       |
|    policy_loss        | -2.74e+06 |
|    std                | 1         |
|    value_loss         | 1.77e+10  |
-------------------------------------
-------------------------------------
| rollout/              |           |
|    ep_len_mean        | 11.4      |
|    ep_rew_mean        | -3.21e+05 |
| time/                 |           |
|    fps                | 1467      |
|    time_elapsed       | 34        |
|    total_timesteps    | 50000     |
| train/                |           |
|    entropy_loss       | -21.3     |
|    explained_variance | 1.19e-07  |
|    learning_rate      | 0.0001    |
|    n_updates          | 624       |
|    policy_loss        | -2.36e+06 |
|    std                | 1         |
|    value_loss         | 1.47e+10  |
-------------------------------------
-------------------------------------
| rollout/              |           |
|    ep_len_mean        | 10.8      |
|    ep_rew_mean        | -3.12e+05 |
| time/                 |           |
|    fps                | 1465      |
|    time_elapsed       | 40        |
|    total_timesteps    | 60000     |
| train/                |           |
|    entropy_loss       | -21.3     |
|    explained_variance | -1.19e-07 |
|    learning_rate      | 0.0001    |
|    n_updates          | 749       |
|    policy_loss        | -2.34e+06 |
|    std                | 1         |
|    value_loss         | 1.61e+10  |
-------------------------------------
-------------------------------------
| rollout/              |           |
|    ep_len_mean        | 9.01      |
|    ep_rew_mean        | -2.63e+05 |
| time/                 |           |
|    fps                | 1463      |
|    time_elapsed       | 47        |
|    total_timesteps    | 70000     |
| train/                |           |
|    entropy_loss       | -21.3     |
|    explained_variance | -1.19e-07 |
|    learning_rate      | 0.0001    |
|    n_updates          | 874       |
|    policy_loss        | -2.34e+06 |
|    std                | 1         |
|    value_loss         | 1.34e+10  |
-------------------------------------
-------------------------------------
| rollout/              |           |
|    ep_len_mean        | 9.69      |
|    ep_rew_mean        | -2.74e+05 |
| time/                 |           |
|    fps                | 1460      |
|    time_elapsed       | 54        |
|    total_timesteps    | 80000     |
| train/                |           |
|    entropy_loss       | -21.3     |
|    explained_variance | 0         |
|    learning_rate      | 0.0001    |
|    n_updates          | 999       |
|    policy_loss        | -2.25e+06 |
|    std                | 1         |
|    value_loss         | 1.36e+10  |
-------------------------------------
-------------------------------------
| rollout/              |           |
|    ep_len_mean        | 9.08      |
|    ep_rew_mean        | -2.65e+05 |
| time/                 |           |
|    fps                | 1458      |
|    time_elapsed       | 61        |
|    total_timesteps    | 90000     |
| train/                |           |
|    entropy_loss       | -21.3     |
|    explained_variance | 0         |
|    learning_rate      | 0.0001    |
|    n_updates          | 1124      |
|    policy_loss        | -2.11e+06 |
|    std                | 1         |
|    value_loss         | 1.11e+10  |
-------------------------------------
-------------------------------------
| rollout/              |           |
|    ep_len_mean        | 9         |
|    ep_rew_mean        | -2.61e+05 |
| time/                 |           |
|    fps                | 1456      |
|    time_elapsed       | 68        |
|    total_timesteps    | 100000    |
| train/                |           |
|    entropy_loss       | -21.3     |
|    explained_variance | -1.19e-07 |
|    learning_rate      | 0.0001    |
|    n_updates          | 1249      |
|    policy_loss        | -2.49e+06 |
|    std                | 1         |
|    value_loss         | 1.48e+10  |
-------------------------------------
-------------------------------------
| rollout/              |           |
|    ep_len_mean        | 10.2      |
|    ep_rew_mean        | -2.81e+05 |
| time/                 |           |
|    fps                | 1454      |
|    time_elapsed       | 75        |
|    total_timesteps    | 110000    |
| train/                |           |
|    entropy_loss       | -21.3     |
|    explained_variance | -1.19e-07 |
|    learning_rate      | 0.0001    |
|    n_updates          | 1374      |
|    policy_loss        | -2.44e+06 |
|    std                | 1         |
|    value_loss         | 1.61e+10  |
-------------------------------------
-------------------------------------
| rollout/              |           |
|    ep_len_mean        | 9.74      |
|    ep_rew_mean        | -2.83e+05 |
| time/                 |           |
|    fps                | 1452      |
|    time_elapsed       | 82        |
|    total_timesteps    | 120000    |
| train/                |           |
|    entropy_loss       | -21.3     |
|    explained_variance | -1.19e-07 |
|    learning_rate      | 0.0001    |
|    n_updates          | 1499      |
|    policy_loss        | -2.09e+06 |
|    std                | 1         |
|    value_loss         | 1.12e+10  |
-------------------------------------
-------------------------------------
| rollout/              |           |
|    ep_len_mean        | 8.79      |
|    ep_rew_mean        | -2.52e+05 |
| time/                 |           |
|    fps                | 1450      |
|    time_elapsed       | 89        |
|    total_timesteps    | 130000    |
| train/                |           |
|    entropy_loss       | -21.3     |
|    explained_variance | 0         |
|    learning_rate      | 0.0001    |
|    n_updates          | 1624      |
|    policy_loss        | -2.62e+06 |
|    std                | 1         |
|    value_loss         | 1.73e+10  |
-------------------------------------
-------------------------------------
| rollout/              |           |
|    ep_len_mean        | 10.3      |
|    ep_rew_mean        | -2.87e+05 |
| time/                 |           |
|    fps                | 1448      |
|    time_elapsed       | 96        |
|    total_timesteps    | 140000    |
| train/                |           |
|    entropy_loss       | -21.3     |
|    explained_variance | -1.19e-07 |
|    learning_rate      | 0.0001    |
|    n_updates          | 1749      |
|    policy_loss        | -2.39e+06 |
|    std                | 0.999     |
|    value_loss         | 1.64e+10  |
-------------------------------------
-------------------------------------
| rollout/              |           |
|    ep_len_mean        | 7.85      |
|    ep_rew_mean        | -2.32e+05 |
| time/                 |           |
|    fps                | 1446      |
|    time_elapsed       | 103       |
|    total_timesteps    | 150000    |
| train/                |           |
|    entropy_loss       | -21.3     |
|    explained_variance | -1.19e-07 |
|    learning_rate      | 0.0001    |
|    n_updates          | 1874      |
|    policy_loss        | -2.35e+06 |
|    std                | 1         |
|    value_loss         | 1.32e+10  |
-------------------------------------
-------------------------------------
| rollout/              |           |
|    ep_len_mean        | 7.87      |
|    ep_rew_mean        | -2.27e+05 |
| time/                 |           |
|    fps                | 1444      |
|    time_elapsed       | 110       |
|    total_timesteps    | 160000    |
| train/                |           |
|    entropy_loss       | -21.3     |
|    explained_variance | 0         |
|    learning_rate      | 0.0001    |
|    n_updates          | 1999      |
|    policy_loss        | -2.25e+06 |
|    std                | 0.999     |
|    value_loss         | 1.32e+10  |
-------------------------------------
-------------------------------------
| rollout/              |           |
|    ep_len_mean        | 11        |
|    ep_rew_mean        | -2.93e+05 |
| time/                 |           |
|    fps                | 1442      |
|    time_elapsed       | 117       |
|    total_timesteps    | 170000    |
| train/                |           |
|    entropy_loss       | -21.3     |
|    explained_variance | 0         |
|    learning_rate      | 0.0001    |
|    n_updates          | 2124      |
|    policy_loss        | -2.3e+06  |
|    std                | 0.999     |
|    value_loss         | 1.45e+10  |
-------------------------------------
-------------------------------------
| rollout/              |           |
|    ep_len_mean        | 7.84      |
|    ep_rew_mean        | -2.17e+05 |
| time/                 |           |
|    fps                | 1440      |
|    time_elapsed       | 124       |
|    total_timesteps    | 180000    |
| train/                |           |
|    entropy_loss       | -21.3     |
|    explained_variance | -1.19e-07 |
|    learning_rate      | 0.0001    |
|    n_updates          | 2249      |
|    policy_loss        | -2.17e+06 |
|    std                | 0.999     |
|    value_loss         | 1.29e+10  |
-------------------------------------
-------------------------------------
| rollout/              |           |
|    ep_len_mean        | 6.87      |
|    ep_rew_mean        | -2.02e+05 |
| time/                 |           |
|    fps                | 1438      |
|    time_elapsed       | 132       |
|    total_timesteps    | 190000    |
| train/                |           |
|    entropy_loss       | -21.3     |
|    explained_variance | 0         |
|    learning_rate      | 0.0001    |
|    n_updates          | 2374      |
|    policy_loss        | -2.09e+06 |
|    std                | 0.999     |
|    value_loss         | 1.09e+10  |
-------------------------------------
-------------------------------------
| rollout/              |           |
|    ep_len_mean        | 8.85      |
|    ep_rew_mean        | -2.45e+05 |
| time/                 |           |
|    fps                | 1437      |
|    time_elapsed       | 139       |
|    total_timesteps    | 200000    |
| train/                |           |
|    entropy_loss       | -21.3     |
|    explained_variance | 0         |
|    learning_rate      | 0.0001    |
|    n_updates          | 2499      |
|    policy_loss        | -2.15e+06 |
|    std                | 0.999     |
|    value_loss         | 1.31e+10  |
-------------------------------------
-------------------------------------
| rollout/              |           |
|    ep_len_mean        | 8.84      |
|    ep_rew_mean        | -2.4e+05  |
| time/                 |           |
|    fps                | 1435      |
|    time_elapsed       | 146       |
|    total_timesteps    | 210000    |
| train/                |           |
|    entropy_loss       | -21.3     |
|    explained_variance | 1.19e-07  |
|    learning_rate      | 0.0001    |
|    n_updates          | 2624      |
|    policy_loss        | -1.99e+06 |
|    std                | 0.999     |
|    value_loss         | 1.03e+10  |
-------------------------------------
-------------------------------------
| rollout/              |           |
|    ep_len_mean        | 7.78      |
|    ep_rew_mean        | -2.15e+05 |
| time/                 |           |
|    fps                | 1433      |
|    time_elapsed       | 153       |
|    total_timesteps    | 220000    |
| train/                |           |
|    entropy_loss       | -21.3     |
|    explained_variance | 0         |
|    learning_rate      | 0.0001    |
|    n_updates          | 2749      |
|    policy_loss        | -1.95e+06 |
|    std                | 0.999     |
|    value_loss         | 1.05e+10  |
-------------------------------------
-------------------------------------
| rollout/              |           |
|    ep_len_mean        | 8.42      |
|    ep_rew_mean        | -2.23e+05 |
| time/                 |           |
|    fps                | 1432      |
|    time_elapsed       | 160       |
|    total_timesteps    | 230000    |
| train/                |           |
|    entropy_loss       | -21.3     |
|    explained_variance | 0         |
|    learning_rate      | 0.0001    |
|    n_updates          | 2874      |
|    policy_loss        | -2.17e+06 |
|    std                | 0.999     |
|    value_loss         | 1.5e+10   |
-------------------------------------
-------------------------------------
| rollout/              |           |
|    ep_len_mean        | 8.83      |
|    ep_rew_mean        | -2.35e+05 |
| time/                 |           |
|    fps                | 1430      |
|    time_elapsed       | 167       |
|    total_timesteps    | 240000    |
| train/                |           |
|    entropy_loss       | -21.3     |
|    explained_variance | -1.19e-07 |
|    learning_rate      | 0.0001    |
|    n_updates          | 2999      |
|    policy_loss        | -2.13e+06 |
|    std                | 0.999     |
|    value_loss         | 1.26e+10  |
-------------------------------------
-------------------------------------
| rollout/              |           |
|    ep_len_mean        | 7.92      |
|    ep_rew_mean        | -2.08e+05 |
| time/                 |           |
|    fps                | 1428      |
|    time_elapsed       | 174       |
|    total_timesteps    | 250000    |
| train/                |           |
|    entropy_loss       | -21.3     |
|    explained_variance | 0         |
|    learning_rate      | 0.0001    |
|    n_updates          | 3124      |
|    policy_loss        | -2.03e+06 |
|    std                | 0.999     |
|    value_loss         | 1.2e+10   |
-------------------------------------
-------------------------------------
| rollout/              |           |
|    ep_len_mean        | 7.74      |
|    ep_rew_mean        | -1.94e+05 |
| time/                 |           |
|    fps                | 1427      |
|    time_elapsed       | 182       |
|    total_timesteps    | 260000    |
| train/                |           |
|    entropy_loss       | -21.3     |
|    explained_variance | 0         |
|    learning_rate      | 0.0001    |
|    n_updates          | 3249      |
|    policy_loss        | -2.06e+06 |
|    std                | 0.999     |
|    value_loss         | 1.24e+10  |
-------------------------------------
-------------------------------------
| rollout/              |           |
|    ep_len_mean        | 8.11      |
|    ep_rew_mean        | -2.17e+05 |
| time/                 |           |
|    fps                | 1425      |
|    time_elapsed       | 189       |
|    total_timesteps    | 270000    |
| train/                |           |
|    entropy_loss       | -21.3     |
|    explained_variance | 0         |
|    learning_rate      | 0.0001    |
|    n_updates          | 3374      |
|    policy_loss        | -2.13e+06 |
|    std                | 1         |
|    value_loss         | 1.2e+10   |
-------------------------------------
-------------------------------------
| rollout/              |           |
|    ep_len_mean        | 8.12      |
|    ep_rew_mean        | -1.96e+05 |
| time/                 |           |
|    fps                | 1423      |
|    time_elapsed       | 196       |
|    total_timesteps    | 280000    |
| train/                |           |
|    entropy_loss       | -21.3     |
|    explained_variance | 0         |
|    learning_rate      | 0.0001    |
|    n_updates          | 3499      |
|    policy_loss        | -1.48e+06 |
|    std                | 0.999     |
|    value_loss         | 8.96e+09  |
-------------------------------------
-------------------------------------
| rollout/              |           |
|    ep_len_mean        | 8.29      |
|    ep_rew_mean        | -2.04e+05 |
| time/                 |           |
|    fps                | 1421      |
|    time_elapsed       | 203       |
|    total_timesteps    | 290000    |
| train/                |           |
|    entropy_loss       | -21.3     |
|    explained_variance | 0         |
|    learning_rate      | 0.0001    |
|    n_updates          | 3624      |
|    policy_loss        | -1.27e+06 |
|    std                | 0.999     |
|    value_loss         | 6.83e+09  |
-------------------------------------
-------------------------------------
| rollout/              |           |
|    ep_len_mean        | 7.76      |
|    ep_rew_mean        | -1.72e+05 |
| time/                 |           |
|    fps                | 1420      |
|    time_elapsed       | 211       |
|    total_timesteps    | 300000    |
| train/                |           |
|    entropy_loss       | -21.3     |
|    explained_variance | 0         |
|    learning_rate      | 0.0001    |
|    n_updates          | 3749      |
|    policy_loss        | -1.93e+06 |
|    std                | 0.999     |
|    value_loss         | 1.11e+10  |
-------------------------------------
-------------------------------------
| rollout/              |           |
|    ep_len_mean        | 7.75      |
|    ep_rew_mean        | -1.79e+05 |
| time/                 |           |
|    fps                | 1418      |
|    time_elapsed       | 218       |
|    total_timesteps    | 310000    |
| train/                |           |
|    entropy_loss       | -21.3     |
|    explained_variance | 0         |
|    learning_rate      | 0.0001    |
|    n_updates          | 3874      |
|    policy_loss        | -1.61e+06 |
|    std                | 0.999     |
|    value_loss         | 8.27e+09  |
-------------------------------------
-------------------------------------
| rollout/              |           |
|    ep_len_mean        | 8.06      |
|    ep_rew_mean        | -1.73e+05 |
| time/                 |           |
|    fps                | 1417      |
|    time_elapsed       | 225       |
|    total_timesteps    | 320000    |
| train/                |           |
|    entropy_loss       | -21.3     |
|    explained_variance | 0         |
|    learning_rate      | 0.0001    |
|    n_updates          | 3999      |
|    policy_loss        | -1.35e+06 |
|    std                | 0.999     |
|    value_loss         | 7.41e+09  |
-------------------------------------
-------------------------------------
| rollout/              |           |
|    ep_len_mean        | 7.82      |
|    ep_rew_mean        | -1.75e+05 |
| time/                 |           |
|    fps                | 1415      |
|    time_elapsed       | 233       |
|    total_timesteps    | 330000    |
| train/                |           |
|    entropy_loss       | -21.3     |
|    explained_variance | 0         |
|    learning_rate      | 0.0001    |
|    n_updates          | 4124      |
|    policy_loss        | -1.79e+06 |
|    std                | 0.999     |
|    value_loss         | 1.2e+10   |
-------------------------------------
-------------------------------------
| rollout/              |           |
|    ep_len_mean        | 7.04      |
|    ep_rew_mean        | -1.46e+05 |
| time/                 |           |
|    fps                | 1412      |
|    time_elapsed       | 240       |
|    total_timesteps    | 340000    |
| train/                |           |
|    entropy_loss       | -21.3     |
|    explained_variance | 0         |
|    learning_rate      | 0.0001    |
|    n_updates          | 4249      |
|    policy_loss        | -1.26e+06 |
|    std                | 0.998     |
|    value_loss         | 7.37e+09  |
-------------------------------------
------------------------------------
| rollout/              |          |
|    ep_len_mean        | 6.83     |
|    ep_rew_mean        | -1.4e+05 |
| time/                 |          |
|    fps                | 1409     |
|    time_elapsed       | 248      |
|    total_timesteps    | 350000   |
| train/                |          |
|    entropy_loss       | -21.3    |
|    explained_variance | 0        |
|    learning_rate      | 0.0001   |
|    n_updates          | 4374     |
|    policy_loss        | -8.2e+05 |
|    std                | 0.998    |
|    value_loss         | 5.25e+09 |
------------------------------------
-------------------------------------
| rollout/              |           |
|    ep_len_mean        | 7.7       |
|    ep_rew_mean        | -1.45e+05 |
| time/                 |           |
|    fps                | 1406      |
|    time_elapsed       | 255       |
|    total_timesteps    | 360000    |
| train/                |           |
|    entropy_loss       | -21.2     |
|    explained_variance | 0         |
|    learning_rate      | 0.0001    |
|    n_updates          | 4499      |
|    policy_loss        | -1.73e+06 |
|    std                | 0.997     |
|    value_loss         | 9.57e+09  |
-------------------------------------
-------------------------------------
| rollout/              |           |
|    ep_len_mean        | 7.58      |
|    ep_rew_mean        | -1.33e+05 |
| time/                 |           |
|    fps                | 1403      |
|    time_elapsed       | 263       |
|    total_timesteps    | 370000    |
| train/                |           |
|    entropy_loss       | -21.2     |
|    explained_variance | 0         |
|    learning_rate      | 0.0001    |
|    n_updates          | 4624      |
|    policy_loss        | -1.27e+06 |
|    std                | 0.997     |
|    value_loss         | 1.01e+10  |
-------------------------------------
-------------------------------------
| rollout/              |           |
|    ep_len_mean        | 7.44      |
|    ep_rew_mean        | -1.15e+05 |
| time/                 |           |
|    fps                | 1401      |
|    time_elapsed       | 271       |
|    total_timesteps    | 380000    |
| train/                |           |
|    entropy_loss       | -21.2     |
|    explained_variance | 0         |
|    learning_rate      | 0.0001    |
|    n_updates          | 4749      |
|    policy_loss        | -8.78e+05 |
|    std                | 0.997     |
|    value_loss         | 6.23e+09  |
-------------------------------------
-------------------------------------
| rollout/              |           |
|    ep_len_mean        | 7.69      |
|    ep_rew_mean        | -1.28e+05 |
| time/                 |           |
|    fps                | 1398      |
|    time_elapsed       | 278       |
|    total_timesteps    | 390000    |
| train/                |           |
|    entropy_loss       | -21.2     |
|    explained_variance | 0         |
|    learning_rate      | 0.0001    |
|    n_updates          | 4874      |
|    policy_loss        | -1.95e+06 |
|    std                | 0.996     |
|    value_loss         | 1.24e+10  |
-------------------------------------
-------------------------------------
| rollout/              |           |
|    ep_len_mean        | 7.79      |
|    ep_rew_mean        | -1.36e+05 |
| time/                 |           |
|    fps                | 1396      |
|    time_elapsed       | 286       |
|    total_timesteps    | 400000    |
| train/                |           |
|    entropy_loss       | -21.2     |
|    explained_variance | 1.19e-07  |
|    learning_rate      | 0.0001    |
|    n_updates          | 4999      |
|    policy_loss        | -9.51e+05 |
|    std                | 0.995     |
|    value_loss         | 5.77e+09  |
-------------------------------------
-------------------------------------
| rollout/              |           |
|    ep_len_mean        | 7.87      |
|    ep_rew_mean        | -1.42e+05 |
| time/                 |           |
|    fps                | 1394      |
|    time_elapsed       | 294       |
|    total_timesteps    | 410000    |
| train/                |           |
|    entropy_loss       | -21.2     |
|    explained_variance | 0         |
|    learning_rate      | 0.0001    |
|    n_updates          | 5124      |
|    policy_loss        | -2.89e+05 |
|    std                | 0.995     |
|    value_loss         | 3.03e+09  |
-------------------------------------
-------------------------------------
| rollout/              |           |
|    ep_len_mean        | 7.05      |
|    ep_rew_mean        | -1.02e+05 |
| time/                 |           |
|    fps                | 1392      |
|    time_elapsed       | 301       |
|    total_timesteps    | 420000    |
| train/                |           |
|    entropy_loss       | -21.2     |
|    explained_variance | 0         |
|    learning_rate      | 0.0001    |
|    n_updates          | 5249      |
|    policy_loss        | -9.01e+05 |
|    std                | 0.995     |
|    value_loss         | 6.19e+09  |
-------------------------------------
-------------------------------------
| rollout/              |           |
|    ep_len_mean        | 7.38      |
|    ep_rew_mean        | -1.25e+05 |
| time/                 |           |
|    fps                | 1390      |
|    time_elapsed       | 309       |
|    total_timesteps    | 430000    |
| train/                |           |
|    entropy_loss       | -21.2     |
|    explained_variance | 0         |
|    learning_rate      | 0.0001    |
|    n_updates          | 5374      |
|    policy_loss        | -1.05e+06 |
|    std                | 0.995     |
|    value_loss         | 6.58e+09  |
-------------------------------------
-------------------------------------
| rollout/              |           |
|    ep_len_mean        | 6.25      |
|    ep_rew_mean        | -6e+04    |
| time/                 |           |
|    fps                | 1388      |
|    time_elapsed       | 316       |
|    total_timesteps    | 440000    |
| train/                |           |
|    entropy_loss       | -21.2     |
|    explained_variance | 0         |
|    learning_rate      | 0.0001    |
|    n_updates          | 5499      |
|    policy_loss        | -5.02e+05 |
|    std                | 0.994     |
|    value_loss         | 4.45e+09  |
-------------------------------------
-------------------------------------
| rollout/              |           |
|    ep_len_mean        | 6.86      |
|    ep_rew_mean        | -9.52e+04 |
| time/                 |           |
|    fps                | 1386      |
|    time_elapsed       | 324       |
|    total_timesteps    | 450000    |
| train/                |           |
|    entropy_loss       | -21.2     |
|    explained_variance | 0         |
|    learning_rate      | 0.0001    |
|    n_updates          | 5624      |
|    policy_loss        | -1.55e+06 |
|    std                | 0.993     |
|    value_loss         | 1.68e+10  |
-------------------------------------
-------------------------------------
| rollout/              |           |
|    ep_len_mean        | 6.99      |
|    ep_rew_mean        | -9.78e+04 |
| time/                 |           |
|    fps                | 1385      |
|    time_elapsed       | 332       |
|    total_timesteps    | 460000    |
| train/                |           |
|    entropy_loss       | -21.2     |
|    explained_variance | 0         |
|    learning_rate      | 0.0001    |
|    n_updates          | 5749      |
|    policy_loss        | -1.52e+05 |
|    std                | 0.992     |
|    value_loss         | 2.72e+09  |
-------------------------------------
-------------------------------------
| rollout/              |           |
|    ep_len_mean        | 7.28      |
|    ep_rew_mean        | -1.04e+05 |
| time/                 |           |
|    fps                | 1383      |
|    time_elapsed       | 339       |
|    total_timesteps    | 470000    |
| train/                |           |
|    entropy_loss       | -21.2     |
|    explained_variance | 0         |
|    learning_rate      | 0.0001    |
|    n_updates          | 5874      |
|    policy_loss        | -1.11e+06 |
|    std                | 0.992     |
|    value_loss         | 1e+10     |
-------------------------------------
-------------------------------------
| rollout/              |           |
|    ep_len_mean        | 7.21      |
|    ep_rew_mean        | -9.49e+04 |
| time/                 |           |
|    fps                | 1383      |
|    time_elapsed       | 347       |
|    total_timesteps    | 480000    |
| train/                |           |
|    entropy_loss       | -21.2     |
|    explained_variance | 0         |
|    learning_rate      | 0.0001    |
|    n_updates          | 5999      |
|    policy_loss        | -1.65e+06 |
|    std                | 0.992     |
|    value_loss         | 2.07e+10  |
-------------------------------------
-------------------------------------
| rollout/              |           |
|    ep_len_mean        | 6.38      |
|    ep_rew_mean        | -6.41e+04 |
| time/                 |           |
|    fps                | 1382      |
|    time_elapsed       | 354       |
|    total_timesteps    | 490000    |
| train/                |           |
|    entropy_loss       | -21.2     |
|    explained_variance | 1.19e-07  |
|    learning_rate      | 0.0001    |
|    n_updates          | 6124      |
|    policy_loss        | -6.32e+05 |
|    std                | 0.992     |
|    value_loss         | 5.33e+09  |
-------------------------------------
-------------------------------------
| rollout/              |           |
|    ep_len_mean        | 6.31      |
|    ep_rew_mean        | -5.42e+04 |
| time/                 |           |
|    fps                | 1381      |
|    time_elapsed       | 361       |
|    total_timesteps    | 500000    |
| train/                |           |
|    entropy_loss       | -21.2     |
|    explained_variance | 0         |
|    learning_rate      | 0.0001    |
|    n_updates          | 6249      |
|    policy_loss        | -1.29e+05 |
|    std                | 0.991     |
|    value_loss         | 2.66e+09  |
-------------------------------------
-------------------------------------
| rollout/              |           |
|    ep_len_mean        | 6.41      |
|    ep_rew_mean        | -6.86e+04 |
| time/                 |           |
|    fps                | 1380      |
|    time_elapsed       | 369       |
|    total_timesteps    | 510000    |
| train/                |           |
|    entropy_loss       | -21.1     |
|    explained_variance | 5.96e-08  |
|    learning_rate      | 0.0001    |
|    n_updates          | 6374      |
|    policy_loss        | -8.68e+05 |
|    std                | 0.991     |
|    value_loss         | 1.01e+10  |
-------------------------------------
-------------------------------------
| rollout/              |           |
|    ep_len_mean        | 7.03      |
|    ep_rew_mean        | -9.96e+04 |
| time/                 |           |
|    fps                | 1380      |
|    time_elapsed       | 376       |
|    total_timesteps    | 520000    |
| train/                |           |
|    entropy_loss       | -21.1     |
|    explained_variance | 1.19e-07  |
|    learning_rate      | 0.0001    |
|    n_updates          | 6499      |
|    policy_loss        | -1.19e+06 |
|    std                | 0.99      |
|    value_loss         | 1.88e+10  |
-------------------------------------
-------------------------------------
| rollout/              |           |
|    ep_len_mean        | 5.61      |
|    ep_rew_mean        | -3.46e+04 |
| time/                 |           |
|    fps                | 1380      |
|    time_elapsed       | 383       |
|    total_timesteps    | 530000    |
| train/                |           |
|    entropy_loss       | -21.1     |
|    explained_variance | 0         |
|    learning_rate      | 0.0001    |
|    n_updates          | 6624      |
|    policy_loss        | -1.96e+06 |
|    std                | 0.99      |
|    value_loss         | 2.59e+10  |
-------------------------------------
-------------------------------------
| rollout/              |           |
|    ep_len_mean        | 15        |
|    ep_rew_mean        | -4.65e+05 |
| time/                 |           |
|    fps                | 1380      |
|    time_elapsed       | 391       |
|    total_timesteps    | 540000    |
| train/                |           |
|    entropy_loss       | -21.1     |
|    explained_variance | 0         |
|    learning_rate      | 0.0001    |
|    n_updates          | 6749      |
|    policy_loss        | -9.8e+05  |
|    std                | 0.99      |
|    value_loss         | 1.84e+10  |
-------------------------------------
-------------------------------------
| rollout/              |           |
|    ep_len_mean        | 12        |
|    ep_rew_mean        | -3.07e+05 |
| time/                 |           |
|    fps                | 1380      |
|    time_elapsed       | 398       |
|    total_timesteps    | 550000    |
| train/                |           |
|    entropy_loss       | -21.1     |
|    explained_variance | 5.96e-08  |
|    learning_rate      | 0.0001    |
|    n_updates          | 6874      |
|    policy_loss        | -1.41e+06 |
|    std                | 0.99      |
|    value_loss         | 2.05e+10  |
-------------------------------------
-------------------------------------
| rollout/              |           |
|    ep_len_mean        | 10.2      |
|    ep_rew_mean        | -2.26e+05 |
| time/                 |           |
|    fps                | 1380      |
|    time_elapsed       | 405       |
|    total_timesteps    | 560000    |
| train/                |           |
|    entropy_loss       | -21.1     |
|    explained_variance | 0         |
|    learning_rate      | 0.0001    |
|    n_updates          | 6999      |
|    policy_loss        | -2.55e+05 |
|    std                | 0.99      |
|    value_loss         | 3.53e+09  |
-------------------------------------
-------------------------------------
| rollout/              |           |
|    ep_len_mean        | 5.55      |
|    ep_rew_mean        | -2.6e+04  |
| time/                 |           |
|    fps                | 1379      |
|    time_elapsed       | 413       |
|    total_timesteps    | 570000    |
| train/                |           |
|    entropy_loss       | -21.1     |
|    explained_variance | 5.96e-08  |
|    learning_rate      | 0.0001    |
|    n_updates          | 7124      |
|    policy_loss        | -2.94e+04 |
|    std                | 0.989     |
|    value_loss         | 3.3e+09   |
-------------------------------------
-------------------------------------
| rollout/              |           |
|    ep_len_mean        | 6.48      |
|    ep_rew_mean        | -5.94e+04 |
| time/                 |           |
|    fps                | 1378      |
|    time_elapsed       | 420       |
|    total_timesteps    | 580000    |
| train/                |           |
|    entropy_loss       | -21.1     |
|    explained_variance | 0         |
|    learning_rate      | 0.0001    |
|    n_updates          | 7249      |
|    policy_loss        | -8.74e+05 |
|    std                | 0.989     |
|    value_loss         | 1.54e+10  |
-------------------------------------
-------------------------------------
| rollout/              |           |
|    ep_len_mean        | 6.64      |
|    ep_rew_mean        | -7.18e+04 |
| time/                 |           |
|    fps                | 1377      |
|    time_elapsed       | 428       |
|    total_timesteps    | 590000    |
| train/                |           |
|    entropy_loss       | -21.1     |
|    explained_variance | 0         |
|    learning_rate      | 0.0001    |
|    n_updates          | 7374      |
|    policy_loss        | -1.07e+06 |
|    std                | 0.988     |
|    value_loss         | 1.25e+10  |
-------------------------------------
-------------------------------------
| rollout/              |           |
|    ep_len_mean        | 8.08      |
|    ep_rew_mean        | -1.4e+05  |
| time/                 |           |
|    fps                | 1377      |
|    time_elapsed       | 435       |
|    total_timesteps    | 600000    |
| train/                |           |
|    entropy_loss       | -21.1     |
|    explained_variance | 0         |
|    learning_rate      | 0.0001    |
|    n_updates          | 7499      |
|    policy_loss        | -1.27e+06 |
|    std                | 0.987     |
|    value_loss         | 2.02e+10  |
-------------------------------------
-------------------------------------
| rollout/              |           |
|    ep_len_mean        | 6.62      |
|    ep_rew_mean        | -7.15e+04 |
| time/                 |           |
|    fps                | 1376      |
|    time_elapsed       | 443       |
|    total_timesteps    | 610000    |
| train/                |           |
|    entropy_loss       | -21.1     |
|    explained_variance | 0         |
|    learning_rate      | 0.0001    |
|    n_updates          | 7624      |
|    policy_loss        | -1.57e+06 |
|    std                | 0.987     |
|    value_loss         | 2.17e+10  |
-------------------------------------
-------------------------------------
| rollout/              |           |
|    ep_len_mean        | 8.56      |
|    ep_rew_mean        | -1.79e+05 |
| time/                 |           |
|    fps                | 1376      |
|    time_elapsed       | 450       |
|    total_timesteps    | 620000    |
| train/                |           |
|    entropy_loss       | -21.1     |
|    explained_variance | 1.19e-07  |
|    learning_rate      | 0.0001    |
|    n_updates          | 7749      |
|    policy_loss        | -1.58e+06 |
|    std                | 0.987     |
|    value_loss         | 2.38e+10  |
-------------------------------------
-------------------------------------
| rollout/              |           |
|    ep_len_mean        | 6.04      |
|    ep_rew_mean        | -5.19e+04 |
| time/                 |           |
|    fps                | 1376      |
|    time_elapsed       | 457       |
|    total_timesteps    | 630000    |
| train/                |           |
|    entropy_loss       | -21.1     |
|    explained_variance | 0         |
|    learning_rate      | 0.0001    |
|    n_updates          | 7874      |
|    policy_loss        | 1.09e+05  |
|    std                | 0.987     |
|    value_loss         | 2.57e+09  |
-------------------------------------
-------------------------------------
| rollout/              |           |
|    ep_len_mean        | 7.77      |
|    ep_rew_mean        | -1.35e+05 |
| time/                 |           |
|    fps                | 1376      |
|    time_elapsed       | 465       |
|    total_timesteps    | 640000    |
| train/                |           |
|    entropy_loss       | -21.1     |
|    explained_variance | 0         |
|    learning_rate      | 0.0001    |
|    n_updates          | 7999      |
|    policy_loss        | 2.2e+05   |
|    std                | 0.987     |
|    value_loss         | 2.65e+09  |
-------------------------------------
-------------------------------------
| rollout/              |           |
|    ep_len_mean        | 5.39      |
|    ep_rew_mean        | -9.14e+03 |
| time/                 |           |
|    fps                | 1376      |
|    time_elapsed       | 472       |
|    total_timesteps    | 650000    |
| train/                |           |
|    entropy_loss       | -21.1     |
|    explained_variance | 0         |
|    learning_rate      | 0.0001    |
|    n_updates          | 8124      |
|    policy_loss        | -3.96e+06 |
|    std                | 0.986     |
|    value_loss         | 5.61e+10  |
-------------------------------------
-------------------------------------
| rollout/              |           |
|    ep_len_mean        | 5.64      |
|    ep_rew_mean        | -2.74e+04 |
| time/                 |           |
|    fps                | 1376      |
|    time_elapsed       | 479       |
|    total_timesteps    | 660000    |
| train/                |           |
|    entropy_loss       | -21.1     |
|    explained_variance | 0         |
|    learning_rate      | 0.0001    |
|    n_updates          | 8249      |
|    policy_loss        | -1.25e+06 |
|    std                | 0.986     |
|    value_loss         | 2.12e+10  |
-------------------------------------
-------------------------------------
| rollout/              |           |
|    ep_len_mean        | 8.96      |
|    ep_rew_mean        | -1.86e+05 |
| time/                 |           |
|    fps                | 1376      |
|    time_elapsed       | 486       |
|    total_timesteps    | 670000    |
| train/                |           |
|    entropy_loss       | -21.1     |
|    explained_variance | -1.19e-07 |
|    learning_rate      | 0.0001    |
|    n_updates          | 8374      |
|    policy_loss        | -2.49e+06 |
|    std                | 0.986     |
|    value_loss         | 3.87e+10  |
-------------------------------------
-------------------------------------
| rollout/              |           |
|    ep_len_mean        | 10.8      |
|    ep_rew_mean        | -2.8e+05  |
| time/                 |           |
|    fps                | 1376      |
|    time_elapsed       | 493       |
|    total_timesteps    | 680000    |
| train/                |           |
|    entropy_loss       | -21.1     |
|    explained_variance | 0         |
|    learning_rate      | 0.0001    |
|    n_updates          | 8499      |
|    policy_loss        | -2.76e+06 |
|    std                | 0.987     |
|    value_loss         | 3.75e+10  |
-------------------------------------
-------------------------------------
| rollout/              |           |
|    ep_len_mean        | 9.39      |
|    ep_rew_mean        | -1.99e+05 |
| time/                 |           |
|    fps                | 1376      |
|    time_elapsed       | 501       |
|    total_timesteps    | 690000    |
| train/                |           |
|    entropy_loss       | -21.1     |
|    explained_variance | 0         |
|    learning_rate      | 0.0001    |
|    n_updates          | 8624      |
|    policy_loss        | -2.49e+06 |
|    std                | 0.986     |
|    value_loss         | 3.74e+10  |
-------------------------------------
-------------------------------------
| rollout/              |           |
|    ep_len_mean        | 5.3       |
|    ep_rew_mean        | -4.16e+03 |
| time/                 |           |
|    fps                | 1376      |
|    time_elapsed       | 508       |
|    total_timesteps    | 700000    |
| train/                |           |
|    entropy_loss       | -21.1     |
|    explained_variance | 0         |
|    learning_rate      | 0.0001    |
|    n_updates          | 8749      |
|    policy_loss        | -1.31e+05 |
|    std                | 0.986     |
|    value_loss         | 5.24e+09  |
-------------------------------------
-------------------------------------
| rollout/              |           |
|    ep_len_mean        | 5.23      |
|    ep_rew_mean        | -8.5e+03  |
| time/                 |           |
|    fps                | 1376      |
|    time_elapsed       | 515       |
|    total_timesteps    | 710000    |
| train/                |           |
|    entropy_loss       | -21.1     |
|    explained_variance | -1.19e-07 |
|    learning_rate      | 0.0001    |
|    n_updates          | 8874      |
|    policy_loss        | 3.3e+05   |
|    std                | 0.985     |
|    value_loss         | 1.68e+09  |
-------------------------------------
-------------------------------------
| rollout/              |           |
|    ep_len_mean        | 6.48      |
|    ep_rew_mean        | -5.81e+04 |
| time/                 |           |
|    fps                | 1375      |
|    time_elapsed       | 523       |
|    total_timesteps    | 720000    |
| train/                |           |
|    entropy_loss       | -21       |
|    explained_variance | 0         |
|    learning_rate      | 0.0001    |
|    n_updates          | 8999      |
|    policy_loss        | -1.22e+06 |
|    std                | 0.985     |
|    value_loss         | 2e+10     |
-------------------------------------
-------------------------------------
| rollout/              |           |
|    ep_len_mean        | 5.97      |
|    ep_rew_mean        | -3.78e+04 |
| time/                 |           |
|    fps                | 1375      |
|    time_elapsed       | 530       |
|    total_timesteps    | 730000    |
| train/                |           |
|    entropy_loss       | -21       |
|    explained_variance | 0         |
|    learning_rate      | 0.0001    |
|    n_updates          | 9124      |
|    policy_loss        | 3.55e+05  |
|    std                | 0.985     |
|    value_loss         | 1.99e+09  |
-------------------------------------
-------------------------------------
| rollout/              |           |
|    ep_len_mean        | 6.17      |
|    ep_rew_mean        | -4.84e+04 |
| time/                 |           |
|    fps                | 1375      |
|    time_elapsed       | 538       |
|    total_timesteps    | 740000    |
| train/                |           |
|    entropy_loss       | -21       |
|    explained_variance | 0         |
|    learning_rate      | 0.0001    |
|    n_updates          | 9249      |
|    policy_loss        | -3.89e+06 |
|    std                | 0.984     |
|    value_loss         | 5.46e+10  |
-------------------------------------
-------------------------------------
| rollout/              |           |
|    ep_len_mean        | 6.25      |
|    ep_rew_mean        | -5.28e+04 |
| time/                 |           |
|    fps                | 1375      |
|    time_elapsed       | 545       |
|    total_timesteps    | 750000    |
| train/                |           |
|    entropy_loss       | -21       |
|    explained_variance | 0         |
|    learning_rate      | 0.0001    |
|    n_updates          | 9374      |
|    policy_loss        | 3.8e+05   |
|    std                | 0.984     |
|    value_loss         | 1.61e+09  |
-------------------------------------
-------------------------------------
| rollout/              |           |
|    ep_len_mean        | 7.55      |
|    ep_rew_mean        | -1.11e+05 |
| time/                 |           |
|    fps                | 1375      |
|    time_elapsed       | 552       |
|    total_timesteps    | 760000    |
| train/                |           |
|    entropy_loss       | -21       |
|    explained_variance | 0         |
|    learning_rate      | 0.0001    |
|    n_updates          | 9499      |
|    policy_loss        | -1.19e+06 |
|    std                | 0.983     |
|    value_loss         | 1.95e+10  |
-------------------------------------
------------------------------------
| rollout/              |          |
|    ep_len_mean        | 5.33     |
|    ep_rew_mean        | 1.13e+03 |
| time/                 |          |
|    fps                | 1374     |
|    time_elapsed       | 560      |
|    total_timesteps    | 770000   |
| train/                |          |
|    entropy_loss       | -21      |
|    explained_variance | 0        |
|    learning_rate      | 0.0001   |
|    n_updates          | 9624     |
|    policy_loss        | 4.64e+05 |
|    std                | 0.983    |
|    value_loss         | 1.6e+09  |
------------------------------------
-------------------------------------
| rollout/              |           |
|    ep_len_mean        | 5.19      |
|    ep_rew_mean        | 4.41e+03  |
| time/                 |           |
|    fps                | 1374      |
|    time_elapsed       | 567       |
|    total_timesteps    | 780000    |
| train/                |           |
|    entropy_loss       | -21       |
|    explained_variance | 2.38e-07  |
|    learning_rate      | 0.0001    |
|    n_updates          | 9749      |
|    policy_loss        | -1.14e+06 |
|    std                | 0.982     |
|    value_loss         | 2.02e+10  |
-------------------------------------
------------------------------------
| rollout/              |          |
|    ep_len_mean        | 5.18     |
|    ep_rew_mean        | 1.83e+03 |
| time/                 |          |
|    fps                | 1374     |
|    time_elapsed       | 574      |
|    total_timesteps    | 790000   |
| train/                |          |
|    entropy_loss       | -21      |
|    explained_variance | 1.19e-07 |
|    learning_rate      | 0.0001   |
|    n_updates          | 9874     |
|    policy_loss        | 4.49e+05 |
|    std                | 0.981    |
|    value_loss         | 1.72e+09 |
------------------------------------
------------------------------------
| rollout/              |          |
|    ep_len_mean        | 5.69     |
|    ep_rew_mean        | -1.9e+04 |
| time/                 |          |
|    fps                | 1373     |
|    time_elapsed       | 582      |
|    total_timesteps    | 800000   |
| train/                |          |
|    entropy_loss       | -21      |
|    explained_variance | 0        |
|    learning_rate      | 0.0001   |
|    n_updates          | 9999     |
|    policy_loss        | 2.87e+05 |
|    std                | 0.98     |
|    value_loss         | 1.72e+09 |
------------------------------------
-------------------------------------
| rollout/              |           |
|    ep_len_mean        | 5.09      |
|    ep_rew_mean        | 9.21e+03  |
| time/                 |           |
|    fps                | 1373      |
|    time_elapsed       | 589       |
|    total_timesteps    | 810000    |
| train/                |           |
|    entropy_loss       | -21       |
|    explained_variance | 0         |
|    learning_rate      | 0.0001    |
|    n_updates          | 10124     |
|    policy_loss        | -9.23e+05 |
|    std                | 0.979     |
|    value_loss         | 1.97e+10  |
-------------------------------------
-------------------------------------
| rollout/              |           |
|    ep_len_mean        | 7.61      |
|    ep_rew_mean        | -1.16e+05 |
| time/                 |           |
|    fps                | 1373      |
|    time_elapsed       | 597       |
|    total_timesteps    | 820000    |
| train/                |           |
|    entropy_loss       | -21       |
|    explained_variance | 0         |
|    learning_rate      | 0.0001    |
|    n_updates          | 10249     |
|    policy_loss        | -9.91e+05 |
|    std                | 0.979     |
|    value_loss         | 2.02e+10  |
-------------------------------------
------------------------------------
| rollout/              |          |
|    ep_len_mean        | 5.11     |
|    ep_rew_mean        | 8.51e+03 |
| time/                 |          |
|    fps                | 1372     |
|    time_elapsed       | 604      |
|    total_timesteps    | 830000   |
| train/                |          |
|    entropy_loss       | -20.9    |
|    explained_variance | 5.96e-08 |
|    learning_rate      | 0.0001   |
|    n_updates          | 10374    |
|    policy_loss        | 5.36e+05 |
|    std                | 0.978    |
|    value_loss         | 1.53e+09 |
------------------------------------
------------------------------------
| rollout/              |          |
|    ep_len_mean        | 5.09     |
|    ep_rew_mean        | 9.31e+03 |
| time/                 |          |
|    fps                | 1372     |
|    time_elapsed       | 611      |
|    total_timesteps    | 840000   |
| train/                |          |
|    entropy_loss       | -20.9    |
|    explained_variance | 0        |
|    learning_rate      | 0.0001   |
|    n_updates          | 10499    |
|    policy_loss        | 3.42e+05 |
|    std                | 0.978    |
|    value_loss         | 1.73e+09 |
------------------------------------
-------------------------------------
| rollout/              |           |
|    ep_len_mean        | 5.15      |
|    ep_rew_mean        | 6.59e+03  |
| time/                 |           |
|    fps                | 1372      |
|    time_elapsed       | 619       |
|    total_timesteps    | 850000    |
| train/                |           |
|    entropy_loss       | -20.9     |
|    explained_variance | -1.19e-07 |
|    learning_rate      | 0.0001    |
|    n_updates          | 10624     |
|    policy_loss        | 3.39e+05  |
|    std                | 0.977     |
|    value_loss         | 1.52e+09  |
-------------------------------------
------------------------------------
| rollout/              |          |
|    ep_len_mean        | 5.08     |
|    ep_rew_mean        | 7.74e+03 |
| time/                 |          |
|    fps                | 1372     |
|    time_elapsed       | 626      |
|    total_timesteps    | 860000   |
| train/                |          |
|    entropy_loss       | -20.9    |
|    explained_variance | 0        |
|    learning_rate      | 0.0001   |
|    n_updates          | 10749    |
|    policy_loss        | -1.1e+06 |
|    std                | 0.976    |
|    value_loss         | 2.09e+10 |
------------------------------------
------------------------------------
| rollout/              |          |
|    ep_len_mean        | 5.09     |
|    ep_rew_mean        | 7.95e+03 |
| time/                 |          |
|    fps                | 1371     |
|    time_elapsed       | 634      |
|    total_timesteps    | 870000   |
| train/                |          |
|    entropy_loss       | -20.9    |
|    explained_variance | 0        |
|    learning_rate      | 0.0001   |
|    n_updates          | 10874    |
|    policy_loss        | 4.97e+05 |
|    std                | 0.976    |
|    value_loss         | 1.67e+09 |
------------------------------------
------------------------------------
| rollout/              |          |
|    ep_len_mean        | 5.1      |
|    ep_rew_mean        | 7.28e+03 |
| time/                 |          |
|    fps                | 1371     |
|    time_elapsed       | 641      |
|    total_timesteps    | 880000   |
| train/                |          |
|    entropy_loss       | -20.9    |
|    explained_variance | 0        |
|    learning_rate      | 0.0001   |
|    n_updates          | 10999    |
|    policy_loss        | -1.2e+06 |
|    std                | 0.975    |
|    value_loss         | 2.18e+10 |
------------------------------------
------------------------------------
| rollout/              |          |
|    ep_len_mean        | 5.04     |
|    ep_rew_mean        | 1.04e+04 |
| time/                 |          |
|    fps                | 1371     |
|    time_elapsed       | 649      |
|    total_timesteps    | 890000   |
| train/                |          |
|    entropy_loss       | -20.9    |
|    explained_variance | 0        |
|    learning_rate      | 0.0001   |
|    n_updates          | 11124    |
|    policy_loss        | 3.59e+05 |
|    std                | 0.975    |
|    value_loss         | 1.6e+09  |
------------------------------------
-------------------------------------
| rollout/              |           |
|    ep_len_mean        | 5.12      |
|    ep_rew_mean        | 7.7e+03   |
| time/                 |           |
|    fps                | 1370      |
|    time_elapsed       | 656       |
|    total_timesteps    | 900000    |
| train/                |           |
|    entropy_loss       | -20.9     |
|    explained_variance | 0         |
|    learning_rate      | 0.0001    |
|    n_updates          | 11249     |
|    policy_loss        | -1.09e+06 |
|    std                | 0.975     |
|    value_loss         | 2.13e+10  |
-------------------------------------
------------------------------------
| rollout/              |          |
|    ep_len_mean        | 5.11     |
|    ep_rew_mean        | 8.81e+03 |
| time/                 |          |
|    fps                | 1370     |
|    time_elapsed       | 664      |
|    total_timesteps    | 910000   |
| train/                |          |
|    entropy_loss       | -20.9    |
|    explained_variance | 0        |
|    learning_rate      | 0.0001   |
|    n_updates          | 11374    |
|    policy_loss        | 5.49e+05 |
|    std                | 0.974    |
|    value_loss         | 1.72e+09 |
------------------------------------
------------------------------------
| rollout/              |          |
|    ep_len_mean        | 5.02     |
|    ep_rew_mean        | 9.46e+03 |
| time/                 |          |
|    fps                | 1370     |
|    time_elapsed       | 671      |
|    total_timesteps    | 920000   |
| train/                |          |
|    entropy_loss       | -20.9    |
|    explained_variance | 0        |
|    learning_rate      | 0.0001   |
|    n_updates          | 11499    |
|    policy_loss        | 4.47e+05 |
|    std                | 0.974    |
|    value_loss         | 1.69e+09 |
------------------------------------
------------------------------------
| rollout/              |          |
|    ep_len_mean        | 5.07     |
|    ep_rew_mean        | 9.42e+03 |
| time/                 |          |
|    fps                | 1369     |
|    time_elapsed       | 678      |
|    total_timesteps    | 930000   |
| train/                |          |
|    entropy_loss       | -20.9    |
|    explained_variance | 0        |
|    learning_rate      | 0.0001   |
|    n_updates          | 11624    |
|    policy_loss        | 5.06e+05 |
|    std                | 0.973    |
|    value_loss         | 1.65e+09 |
------------------------------------
------------------------------------
| rollout/              |          |
|    ep_len_mean        | 5.05     |
|    ep_rew_mean        | 9.92e+03 |
| time/                 |          |
|    fps                | 1369     |
|    time_elapsed       | 686      |
|    total_timesteps    | 940000   |
| train/                |          |
|    entropy_loss       | -20.9    |
|    explained_variance | 0        |
|    learning_rate      | 0.0001   |
|    n_updates          | 11749    |
|    policy_loss        | 3.99e+05 |
|    std                | 0.973    |
|    value_loss         | 1.69e+09 |
------------------------------------
-------------------------------------
| rollout/              |           |
|    ep_len_mean        | 5.04      |
|    ep_rew_mean        | 5.11e+03  |
| time/                 |           |
|    fps                | 1368      |
|    time_elapsed       | 694       |
|    total_timesteps    | 950000    |
| train/                |           |
|    entropy_loss       | -20.9     |
|    explained_variance | -1.19e-07 |
|    learning_rate      | 0.0001    |
|    n_updates          | 11874     |
|    policy_loss        | 4.05e+05  |
|    std                | 0.973     |
|    value_loss         | 1.62e+09  |
-------------------------------------
------------------------------------
| rollout/              |          |
|    ep_len_mean        | 15       |
|    ep_rew_mean        | -4.9e+05 |
| time/                 |          |
|    fps                | 1368     |
|    time_elapsed       | 701      |
|    total_timesteps    | 960000   |
| train/                |          |
|    entropy_loss       | -20.9    |
|    explained_variance | 0        |
|    learning_rate      | 0.0001   |
|    n_updates          | 11999    |
|    policy_loss        | 5.38e+05 |
|    std                | 0.972    |
|    value_loss         | 1.71e+09 |
------------------------------------
------------------------------------
| rollout/              |          |
|    ep_len_mean        | 5        |
|    ep_rew_mean        | 7.39e+03 |
| time/                 |          |
|    fps                | 1367     |
|    time_elapsed       | 709      |
|    total_timesteps    | 970000   |
| train/                |          |
|    entropy_loss       | -20.8    |
|    explained_variance | 0        |
|    learning_rate      | 0.0001   |
|    n_updates          | 12124    |
|    policy_loss        | 4.7e+05  |
|    std                | 0.972    |
|    value_loss         | 2.01e+09 |
------------------------------------
-------------------------------------
| rollout/              |           |
|    ep_len_mean        | 8.1       |
|    ep_rew_mean        | -1.44e+05 |
| time/                 |           |
|    fps                | 1367      |
|    time_elapsed       | 716       |
|    total_timesteps    | 980000    |
| train/                |           |
|    entropy_loss       | -20.8     |
|    explained_variance | 0         |
|    learning_rate      | 0.0001    |
|    n_updates          | 12249     |
|    policy_loss        | -5.87e+05 |
|    std                | 0.971     |
|    value_loss         | 1.46e+10  |
-------------------------------------
-------------------------------------
| rollout/              |           |
|    ep_len_mean        | 5.05      |
|    ep_rew_mean        | 1.1e+04   |
| time/                 |           |
|    fps                | 1366      |
|    time_elapsed       | 724       |
|    total_timesteps    | 990000    |
| train/                |           |
|    entropy_loss       | -20.8     |
|    explained_variance | -1.19e-07 |
|    learning_rate      | 0.0001    |
|    n_updates          | 12374     |
|    policy_loss        | 4.97e+05  |
|    std                | 0.971     |
|    value_loss         | 1.63e+09  |
-------------------------------------
------------------------------------
| rollout/              |          |
|    ep_len_mean        | 5.03     |
|    ep_rew_mean        | 1.1e+04  |
| time/                 |          |
|    fps                | 1366     |
|    time_elapsed       | 731      |
|    total_timesteps    | 1000000  |
| train/                |          |
|    entropy_loss       | -20.8    |
|    explained_variance | 1.19e-07 |
|    learning_rate      | 0.0001   |
|    n_updates          | 12499    |
|    policy_loss        | 4.19e+05 |
|    std                | 0.97     |
|    value_loss         | 1.56e+09 |
------------------------------------
Training ended on Tue Jan 27 16:31:19 2026
Training lasted 0:12:11.936058
