Logging to training_random_logs/5_robots/logs/ARS_set9
Using cpu device
Training started on Tue Jan 27 16:19:08 2026
Experiment configuration: {'algorithm': 'ARS', 'set': 9, 'verbose': 1, 'steps': 1000000, 'num_robots': 5, 'num_envs': 4, 'seed': 33, 'log_steps': 10000, 'resume': False, 'device': 'cpu'}
----------------------------------
| rollout/           |           |
|    ep_len_mean     | 668       |
|    ep_rew_mean     | -3.31e+07 |
| time/              |           |
|    fps             | 1735      |
|    time_elapsed    | 5         |
|    total_timesteps | 10000     |
----------------------------------
----------------------------------
| rollout/           |           |
|    ep_len_mean     | 801       |
|    ep_rew_mean     | -3.98e+07 |
| time/              |           |
|    fps             | 1739      |
|    time_elapsed    | 11        |
|    total_timesteps | 20000     |
----------------------------------
----------------------------------
| rollout/           |           |
|    ep_len_mean     | 876       |
|    ep_rew_mean     | -4.35e+07 |
| time/              |           |
|    fps             | 1738      |
|    time_elapsed    | 17        |
|    total_timesteps | 30000     |
----------------------------------
----------------------------------
| rollout/           |           |
|    ep_len_mean     | 900       |
|    ep_rew_mean     | -4.48e+07 |
| time/              |           |
|    fps             | 1736      |
|    time_elapsed    | 23        |
|    total_timesteps | 40000     |
----------------------------------
----------------------------------
| rollout/           |           |
|    ep_len_mean     | 858       |
|    ep_rew_mean     | -4.27e+07 |
| time/              |           |
|    fps             | 1737      |
|    time_elapsed    | 28        |
|    total_timesteps | 50000     |
----------------------------------
---------------------------------
| rollout/           |          |
|    return_std      | 1.7e+07  |
| time/              |          |
|    fps             | 1735     |
|    time_elapsed    | 34       |
|    total_timesteps | 60000    |
| train/             |          |
|    delta_std       | 0.05     |
|    iterations      | 0        |
|    learning_rate   | 0.0018   |
|    step_size       | 1.33e-11 |
---------------------------------
----------------------------------
| rollout/           |           |
|    ep_len_mean     | 756       |
|    ep_rew_mean     | -3.74e+07 |
| time/              |           |
|    fps             | 1736      |
|    time_elapsed    | 40        |
|    total_timesteps | 70000     |
----------------------------------
----------------------------------
| rollout/           |           |
|    ep_len_mean     | 719       |
|    ep_rew_mean     | -3.56e+07 |
| time/              |           |
|    fps             | 1737      |
|    time_elapsed    | 46        |
|    total_timesteps | 80000     |
----------------------------------
----------------------------------
| rollout/           |           |
|    ep_len_mean     | 803       |
|    ep_rew_mean     | -3.98e+07 |
| time/              |           |
|    fps             | 1737      |
|    time_elapsed    | 51        |
|    total_timesteps | 90000     |
----------------------------------
----------------------------------
| rollout/           |           |
|    ep_len_mean     | 836       |
|    ep_rew_mean     | -4.15e+07 |
| time/              |           |
|    fps             | 1737      |
|    time_elapsed    | 57        |
|    total_timesteps | 100000    |
----------------------------------
---------------------------------
| rollout/           |          |
|    return_std      | 1.99e+07 |
| time/              |          |
|    fps             | 1737     |
|    time_elapsed    | 63       |
|    total_timesteps | 110000   |
| train/             |          |
|    delta_std       | 0.05     |
|    iterations      | 1        |
|    learning_rate   | 0.0018   |
|    step_size       | 1.13e-11 |
---------------------------------
----------------------------------
| rollout/           |           |
|    ep_len_mean     | 1e+03     |
|    ep_rew_mean     | -4.99e+07 |
| time/              |           |
|    fps             | 1738      |
|    time_elapsed    | 69        |
|    total_timesteps | 120000    |
----------------------------------
----------------------------------
| rollout/           |           |
|    ep_len_mean     | 1e+03     |
|    ep_rew_mean     | -4.98e+07 |
| time/              |           |
|    fps             | 1738      |
|    time_elapsed    | 74        |
|    total_timesteps | 130000    |
----------------------------------
----------------------------------
| rollout/           |           |
|    ep_len_mean     | 1e+03     |
|    ep_rew_mean     | -4.98e+07 |
| time/              |           |
|    fps             | 1738      |
|    time_elapsed    | 80        |
|    total_timesteps | 140000    |
----------------------------------
----------------------------------
| rollout/           |           |
|    ep_len_mean     | 1e+03     |
|    ep_rew_mean     | -4.98e+07 |
| time/              |           |
|    fps             | 1738      |
|    time_elapsed    | 86        |
|    total_timesteps | 150000    |
----------------------------------
----------------------------------
| rollout/           |           |
|    ep_len_mean     | 1e+03     |
|    ep_rew_mean     | -4.98e+07 |
| time/              |           |
|    fps             | 1738      |
|    time_elapsed    | 92        |
|    total_timesteps | 160000    |
----------------------------------
----------------------------------
| rollout/           |           |
|    ep_len_mean     | 506       |
|    ep_rew_mean     | -2.51e+07 |
|    return_std      | 1.68e+07  |
| time/              |           |
|    fps             | 1738      |
|    time_elapsed    | 97        |
|    total_timesteps | 170000    |
| train/             |           |
|    delta_std       | 0.05      |
|    iterations      | 2         |
|    learning_rate   | 0.0018    |
|    step_size       | 1.34e-11  |
----------------------------------
----------------------------------
| rollout/           |           |
|    ep_len_mean     | 753       |
|    ep_rew_mean     | -3.75e+07 |
| time/              |           |
|    fps             | 1738      |
|    time_elapsed    | 103       |
|    total_timesteps | 180000    |
----------------------------------
----------------------------------
| rollout/           |           |
|    ep_len_mean     | 754       |
|    ep_rew_mean     | -3.75e+07 |
| time/              |           |
|    fps             | 1738      |
|    time_elapsed    | 109       |
|    total_timesteps | 190000    |
----------------------------------
----------------------------------
| rollout/           |           |
|    ep_len_mean     | 732       |
|    ep_rew_mean     | -3.64e+07 |
| time/              |           |
|    fps             | 1737      |
|    time_elapsed    | 115       |
|    total_timesteps | 200000    |
----------------------------------
----------------------------------
| rollout/           |           |
|    ep_len_mean     | 789       |
|    ep_rew_mean     | -3.93e+07 |
| time/              |           |
|    fps             | 1738      |
|    time_elapsed    | 120       |
|    total_timesteps | 210000    |
----------------------------------
----------------------------------
| rollout/           |           |
|    ep_len_mean     | 1e+03     |
|    ep_rew_mean     | -5.01e+07 |
|    return_std      | 2.22e+07  |
| time/              |           |
|    fps             | 1738      |
|    time_elapsed    | 126       |
|    total_timesteps | 220000    |
| train/             |           |
|    delta_std       | 0.05      |
|    iterations      | 3         |
|    learning_rate   | 0.0018    |
|    step_size       | 1.02e-11  |
----------------------------------
----------------------------------
| rollout/           |           |
|    ep_len_mean     | 1e+03     |
|    ep_rew_mean     | -4.99e+07 |
| time/              |           |
|    fps             | 1738      |
|    time_elapsed    | 132       |
|    total_timesteps | 230000    |
----------------------------------
---------------------------------
| rollout/           |          |
|    ep_len_mean     | 1e+03    |
|    ep_rew_mean     | -5e+07   |
| time/              |          |
|    fps             | 1738     |
|    time_elapsed    | 138      |
|    total_timesteps | 240000   |
---------------------------------
----------------------------------
| rollout/           |           |
|    ep_len_mean     | 1e+03     |
|    ep_rew_mean     | -4.99e+07 |
| time/              |           |
|    fps             | 1739      |
|    time_elapsed    | 143       |
|    total_timesteps | 250000    |
----------------------------------
----------------------------------
| rollout/           |           |
|    ep_len_mean     | 1e+03     |
|    ep_rew_mean     | -4.99e+07 |
| time/              |           |
|    fps             | 1739      |
|    time_elapsed    | 149       |
|    total_timesteps | 260000    |
----------------------------------
----------------------------------
| rollout/           |           |
|    ep_len_mean     | 524       |
|    ep_rew_mean     | -2.57e+07 |
|    return_std      | 2e+07     |
| time/              |           |
|    fps             | 1739      |
|    time_elapsed    | 155       |
|    total_timesteps | 270000    |
| train/             |           |
|    delta_std       | 0.05      |
|    iterations      | 4         |
|    learning_rate   | 0.0018    |
|    step_size       | 1.12e-11  |
----------------------------------
----------------------------------
| rollout/           |           |
|    ep_len_mean     | 762       |
|    ep_rew_mean     | -3.77e+07 |
| time/              |           |
|    fps             | 1739      |
|    time_elapsed    | 160       |
|    total_timesteps | 280000    |
----------------------------------
----------------------------------
| rollout/           |           |
|    ep_len_mean     | 676       |
|    ep_rew_mean     | -3.35e+07 |
| time/              |           |
|    fps             | 1739      |
|    time_elapsed    | 166       |
|    total_timesteps | 290000    |
----------------------------------
----------------------------------
| rollout/           |           |
|    ep_len_mean     | 735       |
|    ep_rew_mean     | -3.65e+07 |
| time/              |           |
|    fps             | 1739      |
|    time_elapsed    | 172       |
|    total_timesteps | 300000    |
----------------------------------
---------------------------------
| rollout/           |          |
|    return_std      | 2.35e+07 |
| time/              |          |
|    fps             | 1739     |
|    time_elapsed    | 178      |
|    total_timesteps | 310000   |
| train/             |          |
|    delta_std       | 0.05     |
|    iterations      | 5        |
|    learning_rate   | 0.0018   |
|    step_size       | 9.59e-12 |
---------------------------------
----------------------------------
| rollout/           |           |
|    ep_len_mean     | 510       |
|    ep_rew_mean     | -2.51e+07 |
| time/              |           |
|    fps             | 1739      |
|    time_elapsed    | 183       |
|    total_timesteps | 320000    |
----------------------------------
----------------------------------
| rollout/           |           |
|    ep_len_mean     | 720       |
|    ep_rew_mean     | -3.57e+07 |
| time/              |           |
|    fps             | 1740      |
|    time_elapsed    | 189       |
|    total_timesteps | 330000    |
----------------------------------
----------------------------------
| rollout/           |           |
|    ep_len_mean     | 782       |
|    ep_rew_mean     | -3.86e+07 |
| time/              |           |
|    fps             | 1740      |
|    time_elapsed    | 195       |
|    total_timesteps | 340000    |
----------------------------------
----------------------------------
| rollout/           |           |
|    ep_len_mean     | 775       |
|    ep_rew_mean     | -3.83e+07 |
| time/              |           |
|    fps             | 1740      |
|    time_elapsed    | 201       |
|    total_timesteps | 350000    |
----------------------------------
---------------------------------
| rollout/           |          |
|    ep_len_mean     | 1e+03    |
|    ep_rew_mean     | -5e+07   |
|    return_std      | 2.36e+07 |
| time/              |          |
|    fps             | 1740     |
|    time_elapsed    | 206      |
|    total_timesteps | 360000   |
| train/             |          |
|    delta_std       | 0.05     |
|    iterations      | 6        |
|    learning_rate   | 0.0018   |
|    step_size       | 9.53e-12 |
---------------------------------
----------------------------------
| rollout/           |           |
|    ep_len_mean     | 671       |
|    ep_rew_mean     | -3.33e+07 |
| time/              |           |
|    fps             | 1740      |
|    time_elapsed    | 212       |
|    total_timesteps | 370000    |
----------------------------------
----------------------------------
| rollout/           |           |
|    ep_len_mean     | 753       |
|    ep_rew_mean     | -3.75e+07 |
| time/              |           |
|    fps             | 1740      |
|    time_elapsed    | 218       |
|    total_timesteps | 380000    |
----------------------------------
----------------------------------
| rollout/           |           |
|    ep_len_mean     | 753       |
|    ep_rew_mean     | -3.75e+07 |
| time/              |           |
|    fps             | 1740      |
|    time_elapsed    | 224       |
|    total_timesteps | 390000    |
----------------------------------
----------------------------------
| rollout/           |           |
|    ep_len_mean     | 1e+03     |
|    ep_rew_mean     | -5.01e+07 |
|    return_std      | 2.48e+07  |
| time/              |           |
|    fps             | 1740      |
|    time_elapsed    | 229       |
|    total_timesteps | 400000    |
| train/             |           |
|    delta_std       | 0.05      |
|    iterations      | 7         |
|    learning_rate   | 0.0018    |
|    step_size       | 9.07e-12  |
----------------------------------
---------------------------------
| rollout/           |          |
|    ep_len_mean     | 605      |
|    ep_rew_mean     | -3e+07   |
| time/              |          |
|    fps             | 1740     |
|    time_elapsed    | 235      |
|    total_timesteps | 410000   |
---------------------------------
----------------------------------
| rollout/           |           |
|    ep_len_mean     | 753       |
|    ep_rew_mean     | -3.75e+07 |
| time/              |           |
|    fps             | 1740      |
|    time_elapsed    | 241       |
|    total_timesteps | 420000    |
----------------------------------
----------------------------------
| rollout/           |           |
|    ep_len_mean     | 802       |
|    ep_rew_mean     | -3.99e+07 |
| time/              |           |
|    fps             | 1740      |
|    time_elapsed    | 247       |
|    total_timesteps | 430000    |
----------------------------------
----------------------------------
| rollout/           |           |
|    ep_len_mean     | 737       |
|    ep_rew_mean     | -3.66e+07 |
| time/              |           |
|    fps             | 1740      |
|    time_elapsed    | 252       |
|    total_timesteps | 440000    |
----------------------------------
----------------------------------
| rollout/           |           |
|    ep_len_mean     | 1e+03     |
|    ep_rew_mean     | -5.02e+07 |
|    return_std      | 2.22e+07  |
| time/              |           |
|    fps             | 1740      |
|    time_elapsed    | 258       |
|    total_timesteps | 450000    |
| train/             |           |
|    delta_std       | 0.05      |
|    iterations      | 8         |
|    learning_rate   | 0.0018    |
|    step_size       | 1.01e-11  |
----------------------------------
----------------------------------
| rollout/           |           |
|    ep_len_mean     | 804       |
|    ep_rew_mean     | -4.01e+07 |
| time/              |           |
|    fps             | 1740      |
|    time_elapsed    | 264       |
|    total_timesteps | 460000    |
----------------------------------
----------------------------------
| rollout/           |           |
|    ep_len_mean     | 671       |
|    ep_rew_mean     | -3.34e+07 |
| time/              |           |
|    fps             | 1740      |
|    time_elapsed    | 270       |
|    total_timesteps | 470000    |
----------------------------------
----------------------------------
| rollout/           |           |
|    ep_len_mean     | 7         |
|    ep_rew_mean     | -1.46e+05 |
|    return_std      | 2.54e+07  |
| time/              |           |
|    fps             | 1740      |
|    time_elapsed    | 275       |
|    total_timesteps | 480000    |
| train/             |           |
|    delta_std       | 0.05      |
|    iterations      | 9         |
|    learning_rate   | 0.0018    |
|    step_size       | 8.86e-12  |
----------------------------------
---------------------------------
| rollout/           |          |
|    ep_len_mean     | 507      |
|    ep_rew_mean     | -2.5e+07 |
| time/              |          |
|    fps             | 1740     |
|    time_elapsed    | 281      |
|    total_timesteps | 490000   |
---------------------------------
----------------------------------
| rollout/           |           |
|    ep_len_mean     | 629       |
|    ep_rew_mean     | -3.13e+07 |
| time/              |           |
|    fps             | 1740      |
|    time_elapsed    | 287       |
|    total_timesteps | 500000    |
----------------------------------
----------------------------------
| rollout/           |           |
|    ep_len_mean     | 588       |
|    ep_rew_mean     | -2.92e+07 |
| time/              |           |
|    fps             | 1739      |
|    time_elapsed    | 293       |
|    total_timesteps | 510000    |
----------------------------------
---------------------------------
| rollout/           |          |
|    ep_len_mean     | 1e+03    |
|    ep_rew_mean     | -5e+07   |
|    return_std      | 2.55e+07 |
| time/              |          |
|    fps             | 1740     |
|    time_elapsed    | 298      |
|    total_timesteps | 520000   |
| train/             |          |
|    delta_std       | 0.05     |
|    iterations      | 10       |
|    learning_rate   | 0.0018   |
|    step_size       | 8.83e-12 |
---------------------------------
----------------------------------
| rollout/           |           |
|    ep_len_mean     | 1e+03     |
|    ep_rew_mean     | -4.96e+07 |
| time/              |           |
|    fps             | 1740      |
|    time_elapsed    | 304       |
|    total_timesteps | 530000    |
----------------------------------
----------------------------------
| rollout/           |           |
|    ep_len_mean     | 858       |
|    ep_rew_mean     | -4.25e+07 |
| time/              |           |
|    fps             | 1740      |
|    time_elapsed    | 310       |
|    total_timesteps | 540000    |
----------------------------------
----------------------------------
| rollout/           |           |
|    ep_len_mean     | 890       |
|    ep_rew_mean     | -4.42e+07 |
| time/              |           |
|    fps             | 1740      |
|    time_elapsed    | 315       |
|    total_timesteps | 550000    |
----------------------------------
----------------------------------
| rollout/           |           |
|    ep_len_mean     | 917       |
|    ep_rew_mean     | -4.56e+07 |
| time/              |           |
|    fps             | 1740      |
|    time_elapsed    | 321       |
|    total_timesteps | 560000    |
----------------------------------
----------------------------------
| rollout/           |           |
|    ep_len_mean     | 929       |
|    ep_rew_mean     | -4.62e+07 |
| time/              |           |
|    fps             | 1740      |
|    time_elapsed    | 327       |
|    total_timesteps | 570000    |
----------------------------------
---------------------------------
| rollout/           |          |
|    ep_len_mean     | 507      |
|    ep_rew_mean     | -2.5e+07 |
|    return_std      | 1.24e+07 |
| time/              |          |
|    fps             | 1740     |
|    time_elapsed    | 333      |
|    total_timesteps | 580000   |
| train/             |          |
|    delta_std       | 0.05     |
|    iterations      | 11       |
|    learning_rate   | 0.0018   |
|    step_size       | 1.81e-11 |
---------------------------------
---------------------------------
| rollout/           |          |
|    ep_len_mean     | 604      |
|    ep_rew_mean     | -3e+07   |
| time/              |          |
|    fps             | 1740     |
|    time_elapsed    | 338      |
|    total_timesteps | 590000   |
---------------------------------
----------------------------------
| rollout/           |           |
|    ep_len_mean     | 753       |
|    ep_rew_mean     | -3.74e+07 |
| time/              |           |
|    fps             | 1740      |
|    time_elapsed    | 344       |
|    total_timesteps | 600000    |
----------------------------------
----------------------------------
| rollout/           |           |
|    ep_len_mean     | 730       |
|    ep_rew_mean     | -3.62e+07 |
| time/              |           |
|    fps             | 1740      |
|    time_elapsed    | 350       |
|    total_timesteps | 610000    |
----------------------------------
---------------------------------
| rollout/           |          |
|    return_std      | 2.37e+07 |
| time/              |          |
|    fps             | 1740     |
|    time_elapsed    | 356      |
|    total_timesteps | 620000   |
| train/             |          |
|    delta_std       | 0.05     |
|    iterations      | 12       |
|    learning_rate   | 0.0018   |
|    step_size       | 9.48e-12 |
---------------------------------
----------------------------------
| rollout/           |           |
|    ep_len_mean     | 1e+03     |
|    ep_rew_mean     | -4.98e+07 |
| time/              |           |
|    fps             | 1741      |
|    time_elapsed    | 361       |
|    total_timesteps | 630000    |
----------------------------------
----------------------------------
| rollout/           |           |
|    ep_len_mean     | 1e+03     |
|    ep_rew_mean     | -4.99e+07 |
| time/              |           |
|    fps             | 1741      |
|    time_elapsed    | 367       |
|    total_timesteps | 640000    |
----------------------------------
----------------------------------
| rollout/           |           |
|    ep_len_mean     | 1e+03     |
|    ep_rew_mean     | -4.99e+07 |
| time/              |           |
|    fps             | 1741      |
|    time_elapsed    | 373       |
|    total_timesteps | 650000    |
----------------------------------
----------------------------------
| rollout/           |           |
|    ep_len_mean     | 1e+03     |
|    ep_rew_mean     | -4.99e+07 |
| time/              |           |
|    fps             | 1741      |
|    time_elapsed    | 379       |
|    total_timesteps | 660000    |
----------------------------------
----------------------------------
| rollout/           |           |
|    ep_len_mean     | 1e+03     |
|    ep_rew_mean     | -4.99e+07 |
| time/              |           |
|    fps             | 1741      |
|    time_elapsed    | 384       |
|    total_timesteps | 670000    |
----------------------------------
----------------------------------
| rollout/           |           |
|    ep_len_mean     | 1e+03     |
|    ep_rew_mean     | -4.99e+07 |
| time/              |           |
|    fps             | 1741      |
|    time_elapsed    | 390       |
|    total_timesteps | 680000    |
----------------------------------
----------------------------------
| rollout/           |           |
|    ep_len_mean     | 514       |
|    ep_rew_mean     | -2.52e+07 |
|    return_std      | 1.55e+05  |
| time/              |           |
|    fps             | 1741      |
|    time_elapsed    | 396       |
|    total_timesteps | 690000    |
| train/             |           |
|    delta_std       | 0.05      |
|    iterations      | 13        |
|    learning_rate   | 0.0018    |
|    step_size       | 1.45e-09  |
----------------------------------
----------------------------------
| rollout/           |           |
|    ep_len_mean     | 674       |
|    ep_rew_mean     | -3.32e+07 |
| time/              |           |
|    fps             | 1741      |
|    time_elapsed    | 401       |
|    total_timesteps | 700000    |
----------------------------------
----------------------------------
| rollout/           |           |
|    ep_len_mean     | 673       |
|    ep_rew_mean     | -3.32e+07 |
| time/              |           |
|    fps             | 1741      |
|    time_elapsed    | 407       |
|    total_timesteps | 710000    |
----------------------------------
----------------------------------
| rollout/           |           |
|    ep_len_mean     | 697       |
|    ep_rew_mean     | -3.45e+07 |
| time/              |           |
|    fps             | 1741      |
|    time_elapsed    | 413       |
|    total_timesteps | 720000    |
----------------------------------
----------------------------------
| rollout/           |           |
|    ep_len_mean     | 738       |
|    ep_rew_mean     | -3.66e+07 |
| time/              |           |
|    fps             | 1741      |
|    time_elapsed    | 419       |
|    total_timesteps | 730000    |
----------------------------------
----------------------------------
| rollout/           |           |
|    ep_len_mean     | 1e+03     |
|    ep_rew_mean     | -4.98e+07 |
|    return_std      | 2.21e+07  |
| time/              |           |
|    fps             | 1741      |
|    time_elapsed    | 424       |
|    total_timesteps | 740000    |
| train/             |           |
|    delta_std       | 0.05      |
|    iterations      | 14        |
|    learning_rate   | 0.0018    |
|    step_size       | 1.02e-11  |
----------------------------------
----------------------------------
| rollout/           |           |
|    ep_len_mean     | 1e+03     |
|    ep_rew_mean     | -4.99e+07 |
| time/              |           |
|    fps             | 1742      |
|    time_elapsed    | 430       |
|    total_timesteps | 750000    |
----------------------------------
----------------------------------
| rollout/           |           |
|    ep_len_mean     | 783       |
|    ep_rew_mean     | -3.88e+07 |
| time/              |           |
|    fps             | 1742      |
|    time_elapsed    | 436       |
|    total_timesteps | 760000    |
----------------------------------
----------------------------------
| rollout/           |           |
|    ep_len_mean     | 823       |
|    ep_rew_mean     | -4.08e+07 |
| time/              |           |
|    fps             | 1742      |
|    time_elapsed    | 441       |
|    total_timesteps | 770000    |
----------------------------------
---------------------------------
| rollout/           |          |
|    return_std      | 2.21e+07 |
| time/              |          |
|    fps             | 1742     |
|    time_elapsed    | 447      |
|    total_timesteps | 780000   |
| train/             |          |
|    delta_std       | 0.05     |
|    iterations      | 15       |
|    learning_rate   | 0.0018   |
|    step_size       | 1.02e-11 |
---------------------------------
----------------------------------
| rollout/           |           |
|    ep_len_mean     | 671       |
|    ep_rew_mean     | -3.33e+07 |
| time/              |           |
|    fps             | 1742      |
|    time_elapsed    | 453       |
|    total_timesteps | 790000    |
----------------------------------
----------------------------------
| rollout/           |           |
|    ep_len_mean     | 717       |
|    ep_rew_mean     | -3.56e+07 |
| time/              |           |
|    fps             | 1743      |
|    time_elapsed    | 458       |
|    total_timesteps | 800000    |
----------------------------------
----------------------------------
| rollout/           |           |
|    ep_len_mean     | 780       |
|    ep_rew_mean     | -3.88e+07 |
| time/              |           |
|    fps             | 1743      |
|    time_elapsed    | 464       |
|    total_timesteps | 810000    |
----------------------------------
----------------------------------
| rollout/           |           |
|    ep_len_mean     | 835       |
|    ep_rew_mean     | -4.16e+07 |
| time/              |           |
|    fps             | 1743      |
|    time_elapsed    | 470       |
|    total_timesteps | 820000    |
----------------------------------
---------------------------------
| rollout/           |          |
|    return_std      | 2.21e+07 |
| time/              |          |
|    fps             | 1743     |
|    time_elapsed    | 476      |
|    total_timesteps | 830000   |
| train/             |          |
|    delta_std       | 0.05     |
|    iterations      | 16       |
|    learning_rate   | 0.0018   |
|    step_size       | 1.02e-11 |
---------------------------------
----------------------------------
| rollout/           |           |
|    ep_len_mean     | 1e+03     |
|    ep_rew_mean     | -4.95e+07 |
| time/              |           |
|    fps             | 1743      |
|    time_elapsed    | 481       |
|    total_timesteps | 840000    |
----------------------------------
----------------------------------
| rollout/           |           |
|    ep_len_mean     | 562       |
|    ep_rew_mean     | -2.77e+07 |
| time/              |           |
|    fps             | 1743      |
|    time_elapsed    | 487       |
|    total_timesteps | 850000    |
----------------------------------
----------------------------------
| rollout/           |           |
|    ep_len_mean     | 641       |
|    ep_rew_mean     | -3.17e+07 |
| time/              |           |
|    fps             | 1743      |
|    time_elapsed    | 493       |
|    total_timesteps | 860000    |
----------------------------------
----------------------------------
| rollout/           |           |
|    ep_len_mean     | 671       |
|    ep_rew_mean     | -3.33e+07 |
| time/              |           |
|    fps             | 1743      |
|    time_elapsed    | 499       |
|    total_timesteps | 870000    |
----------------------------------
---------------------------------
| rollout/           |          |
|    ep_len_mean     | 502      |
|    ep_rew_mean     | -2.5e+07 |
|    return_std      | 2.37e+07 |
| time/              |          |
|    fps             | 1743     |
|    time_elapsed    | 504      |
|    total_timesteps | 880000   |
| train/             |          |
|    delta_std       | 0.05     |
|    iterations      | 17       |
|    learning_rate   | 0.0018   |
|    step_size       | 9.5e-12  |
---------------------------------
----------------------------------
| rollout/           |           |
|    ep_len_mean     | 575       |
|    ep_rew_mean     | -2.86e+07 |
| time/              |           |
|    fps             | 1743      |
|    time_elapsed    | 510       |
|    total_timesteps | 890000    |
----------------------------------
----------------------------------
| rollout/           |           |
|    ep_len_mean     | 551       |
|    ep_rew_mean     | -2.73e+07 |
| time/              |           |
|    fps             | 1743      |
|    time_elapsed    | 516       |
|    total_timesteps | 900000    |
----------------------------------
----------------------------------
| rollout/           |           |
|    ep_len_mean     | 647       |
|    ep_rew_mean     | -3.21e+07 |
| time/              |           |
|    fps             | 1743      |
|    time_elapsed    | 521       |
|    total_timesteps | 910000    |
----------------------------------
---------------------------------
| rollout/           |          |
|    return_std      | 2.38e+07 |
| time/              |          |
|    fps             | 1743     |
|    time_elapsed    | 527      |
|    total_timesteps | 920000   |
| train/             |          |
|    delta_std       | 0.05     |
|    iterations      | 18       |
|    learning_rate   | 0.0018   |
|    step_size       | 9.46e-12 |
---------------------------------
----------------------------------
| rollout/           |           |
|    ep_len_mean     | 387       |
|    ep_rew_mean     | -1.89e+07 |
| time/              |           |
|    fps             | 1743      |
|    time_elapsed    | 533       |
|    total_timesteps | 930000    |
----------------------------------
----------------------------------
| rollout/           |           |
|    ep_len_mean     | 510       |
|    ep_rew_mean     | -2.51e+07 |
| time/              |           |
|    fps             | 1743      |
|    time_elapsed    | 539       |
|    total_timesteps | 940000    |
----------------------------------
----------------------------------
| rollout/           |           |
|    ep_len_mean     | 579       |
|    ep_rew_mean     | -2.86e+07 |
| time/              |           |
|    fps             | 1743      |
|    time_elapsed    | 544       |
|    total_timesteps | 950000    |
----------------------------------
---------------------------------
| rollout/           |          |
|    return_std      | 2.47e+07 |
| time/              |          |
|    fps             | 1743     |
|    time_elapsed    | 550      |
|    total_timesteps | 960000   |
| train/             |          |
|    delta_std       | 0.05     |
|    iterations      | 19       |
|    learning_rate   | 0.0018   |
|    step_size       | 9.1e-12  |
---------------------------------
----------------------------------
| rollout/           |           |
|    ep_len_mean     | 606       |
|    ep_rew_mean     | -3.01e+07 |
| time/              |           |
|    fps             | 1743      |
|    time_elapsed    | 556       |
|    total_timesteps | 970000    |
----------------------------------
----------------------------------
| rollout/           |           |
|    ep_len_mean     | 719       |
|    ep_rew_mean     | -3.57e+07 |
| time/              |           |
|    fps             | 1743      |
|    time_elapsed    | 562       |
|    total_timesteps | 980000    |
----------------------------------
----------------------------------
| rollout/           |           |
|    ep_len_mean     | 803       |
|    ep_rew_mean     | -3.99e+07 |
| time/              |           |
|    fps             | 1743      |
|    time_elapsed    | 567       |
|    total_timesteps | 990000    |
----------------------------------
----------------------------------
| rollout/           |           |
|    ep_len_mean     | 836       |
|    ep_rew_mean     | -4.16e+07 |
| time/              |           |
|    fps             | 1743      |
|    time_elapsed    | 573       |
|    total_timesteps | 1000000   |
----------------------------------
Training ended on Tue Jan 27 16:28:47 2026
Training lasted 0:09:38.741947
