Logging to training_random_logs/5_robots/logs/A2C_set10
Using cpu device
Training started on Tue Jan 27 16:19:24 2026
Experiment configuration: {'algorithm': 'A2C', 'set': 10, 'verbose': 1, 'steps': 1000000, 'num_robots': 5, 'num_envs': 4, 'seed': 33, 'log_steps': 10000, 'resume': False, 'device': 'cpu'}
-------------------------------------
| rollout/              |           |
|    ep_len_mean        | 107       |
|    ep_rew_mean        | -1.6e+06  |
| time/                 |           |
|    fps                | 1613      |
|    time_elapsed       | 6         |
|    total_timesteps    | 10000     |
| train/                |           |
|    entropy_loss       | -21.3     |
|    explained_variance | -4.29e-06 |
|    learning_rate      | 0.0001    |
|    n_updates          | 124       |
|    policy_loss        | -1.49e+06 |
|    std                | 1         |
|    value_loss         | 5.75e+09  |
-------------------------------------
-------------------------------------
| rollout/              |           |
|    ep_len_mean        | 112       |
|    ep_rew_mean        | -1.69e+06 |
| time/                 |           |
|    fps                | 1630      |
|    time_elapsed       | 12        |
|    total_timesteps    | 20000     |
| train/                |           |
|    entropy_loss       | -21.3     |
|    explained_variance | -9.54e-06 |
|    learning_rate      | 0.0001    |
|    n_updates          | 249       |
|    policy_loss        | -1.71e+06 |
|    std                | 1         |
|    value_loss         | 7.7e+09   |
-------------------------------------
-------------------------------------
| rollout/              |           |
|    ep_len_mean        | 111       |
|    ep_rew_mean        | -1.66e+06 |
| time/                 |           |
|    fps                | 1634      |
|    time_elapsed       | 18        |
|    total_timesteps    | 30000     |
| train/                |           |
|    entropy_loss       | -21.3     |
|    explained_variance | 1.97e-06  |
|    learning_rate      | 0.0001    |
|    n_updates          | 374       |
|    policy_loss        | -1.72e+06 |
|    std                | 1         |
|    value_loss         | 7.27e+09  |
-------------------------------------
-------------------------------------
| rollout/              |           |
|    ep_len_mean        | 93.5      |
|    ep_rew_mean        | -1.38e+06 |
| time/                 |           |
|    fps                | 1587      |
|    time_elapsed       | 25        |
|    total_timesteps    | 40000     |
| train/                |           |
|    entropy_loss       | -21.3     |
|    explained_variance | -3.81e-06 |
|    learning_rate      | 0.0001    |
|    n_updates          | 499       |
|    policy_loss        | -1.84e+06 |
|    std                | 1         |
|    value_loss         | 8.58e+09  |
-------------------------------------
-------------------------------------
| rollout/              |           |
|    ep_len_mean        | 109       |
|    ep_rew_mean        | -1.59e+06 |
| time/                 |           |
|    fps                | 1531      |
|    time_elapsed       | 32        |
|    total_timesteps    | 50000     |
| train/                |           |
|    entropy_loss       | -21.3     |
|    explained_variance | -5.96e-07 |
|    learning_rate      | 0.0001    |
|    n_updates          | 624       |
|    policy_loss        | -1.62e+06 |
|    std                | 1         |
|    value_loss         | 6.41e+09  |
-------------------------------------
-------------------------------------
| rollout/              |           |
|    ep_len_mean        | 88.6      |
|    ep_rew_mean        | -1.32e+06 |
| time/                 |           |
|    fps                | 1494      |
|    time_elapsed       | 40        |
|    total_timesteps    | 60000     |
| train/                |           |
|    entropy_loss       | -21.3     |
|    explained_variance | -2.15e-06 |
|    learning_rate      | 0.0001    |
|    n_updates          | 749       |
|    policy_loss        | -1.7e+06  |
|    std                | 1         |
|    value_loss         | 7.21e+09  |
-------------------------------------
-------------------------------------
| rollout/              |           |
|    ep_len_mean        | 85.8      |
|    ep_rew_mean        | -1.27e+06 |
| time/                 |           |
|    fps                | 1470      |
|    time_elapsed       | 47        |
|    total_timesteps    | 70000     |
| train/                |           |
|    entropy_loss       | -21.3     |
|    explained_variance | -5.96e-07 |
|    learning_rate      | 0.0001    |
|    n_updates          | 874       |
|    policy_loss        | -1.46e+06 |
|    std                | 1         |
|    value_loss         | 5.3e+09   |
-------------------------------------
-------------------------------------
| rollout/              |           |
|    ep_len_mean        | 106       |
|    ep_rew_mean        | -1.54e+06 |
| time/                 |           |
|    fps                | 1453      |
|    time_elapsed       | 55        |
|    total_timesteps    | 80000     |
| train/                |           |
|    entropy_loss       | -21.3     |
|    explained_variance | -1.19e-07 |
|    learning_rate      | 0.0001    |
|    n_updates          | 999       |
|    policy_loss        | -1.56e+06 |
|    std                | 1         |
|    value_loss         | 6.06e+09  |
-------------------------------------
-------------------------------------
| rollout/              |           |
|    ep_len_mean        | 105       |
|    ep_rew_mean        | -1.51e+06 |
| time/                 |           |
|    fps                | 1440      |
|    time_elapsed       | 62        |
|    total_timesteps    | 90000     |
| train/                |           |
|    entropy_loss       | -21.3     |
|    explained_variance | 0         |
|    learning_rate      | 0.0001    |
|    n_updates          | 1124      |
|    policy_loss        | -1.53e+06 |
|    std                | 1         |
|    value_loss         | 6.2e+09   |
-------------------------------------
-------------------------------------
| rollout/              |           |
|    ep_len_mean        | 113       |
|    ep_rew_mean        | -1.63e+06 |
| time/                 |           |
|    fps                | 1429      |
|    time_elapsed       | 69        |
|    total_timesteps    | 100000    |
| train/                |           |
|    entropy_loss       | -21.3     |
|    explained_variance | 1.79e-07  |
|    learning_rate      | 0.0001    |
|    n_updates          | 1249      |
|    policy_loss        | -1.62e+06 |
|    std                | 1         |
|    value_loss         | 6.3e+09   |
-------------------------------------
-------------------------------------
| rollout/              |           |
|    ep_len_mean        | 107       |
|    ep_rew_mean        | -1.52e+06 |
| time/                 |           |
|    fps                | 1420      |
|    time_elapsed       | 77        |
|    total_timesteps    | 110000    |
| train/                |           |
|    entropy_loss       | -21.3     |
|    explained_variance | 0         |
|    learning_rate      | 0.0001    |
|    n_updates          | 1374      |
|    policy_loss        | -1.45e+06 |
|    std                | 1         |
|    value_loss         | 5.54e+09  |
-------------------------------------
-------------------------------------
| rollout/              |           |
|    ep_len_mean        | 97.6      |
|    ep_rew_mean        | -1.39e+06 |
| time/                 |           |
|    fps                | 1414      |
|    time_elapsed       | 84        |
|    total_timesteps    | 120000    |
| train/                |           |
|    entropy_loss       | -21.3     |
|    explained_variance | 0         |
|    learning_rate      | 0.0001    |
|    n_updates          | 1499      |
|    policy_loss        | -1.48e+06 |
|    std                | 1         |
|    value_loss         | 5.58e+09  |
-------------------------------------
-------------------------------------
| rollout/              |           |
|    ep_len_mean        | 104       |
|    ep_rew_mean        | -1.48e+06 |
| time/                 |           |
|    fps                | 1408      |
|    time_elapsed       | 92        |
|    total_timesteps    | 130000    |
| train/                |           |
|    entropy_loss       | -21.3     |
|    explained_variance | 0         |
|    learning_rate      | 0.0001    |
|    n_updates          | 1624      |
|    policy_loss        | -1.84e+06 |
|    std                | 1         |
|    value_loss         | 8.56e+09  |
-------------------------------------
-------------------------------------
| rollout/              |           |
|    ep_len_mean        | 104       |
|    ep_rew_mean        | -1.48e+06 |
| time/                 |           |
|    fps                | 1404      |
|    time_elapsed       | 99        |
|    total_timesteps    | 140000    |
| train/                |           |
|    entropy_loss       | -21.3     |
|    explained_variance | 0         |
|    learning_rate      | 0.0001    |
|    n_updates          | 1749      |
|    policy_loss        | -1.39e+06 |
|    std                | 0.999     |
|    value_loss         | 5.19e+09  |
-------------------------------------
-------------------------------------
| rollout/              |           |
|    ep_len_mean        | 95.1      |
|    ep_rew_mean        | -1.35e+06 |
| time/                 |           |
|    fps                | 1404      |
|    time_elapsed       | 106       |
|    total_timesteps    | 150000    |
| train/                |           |
|    entropy_loss       | -21.3     |
|    explained_variance | 0         |
|    learning_rate      | 0.0001    |
|    n_updates          | 1874      |
|    policy_loss        | -1.6e+06  |
|    std                | 0.999     |
|    value_loss         | 6.23e+09  |
-------------------------------------
-------------------------------------
| rollout/              |           |
|    ep_len_mean        | 116       |
|    ep_rew_mean        | -1.63e+06 |
| time/                 |           |
|    fps                | 1417      |
|    time_elapsed       | 112       |
|    total_timesteps    | 160000    |
| train/                |           |
|    entropy_loss       | -21.3     |
|    explained_variance | 0         |
|    learning_rate      | 0.0001    |
|    n_updates          | 1999      |
|    policy_loss        | -1.38e+06 |
|    std                | 0.999     |
|    value_loss         | 6.01e+09  |
-------------------------------------
-------------------------------------
| rollout/              |           |
|    ep_len_mean        | 90        |
|    ep_rew_mean        | -1.28e+06 |
| time/                 |           |
|    fps                | 1429      |
|    time_elapsed       | 118       |
|    total_timesteps    | 170000    |
| train/                |           |
|    entropy_loss       | -21.3     |
|    explained_variance | 0         |
|    learning_rate      | 0.0001    |
|    n_updates          | 2124      |
|    policy_loss        | -1.55e+06 |
|    std                | 0.999     |
|    value_loss         | 5.92e+09  |
-------------------------------------
-------------------------------------
| rollout/              |           |
|    ep_len_mean        | 101       |
|    ep_rew_mean        | -1.43e+06 |
| time/                 |           |
|    fps                | 1439      |
|    time_elapsed       | 125       |
|    total_timesteps    | 180000    |
| train/                |           |
|    entropy_loss       | -21.3     |
|    explained_variance | 0         |
|    learning_rate      | 0.0001    |
|    n_updates          | 2249      |
|    policy_loss        | -1.48e+06 |
|    std                | 0.998     |
|    value_loss         | 5.7e+09   |
-------------------------------------
-------------------------------------
| rollout/              |           |
|    ep_len_mean        | 115       |
|    ep_rew_mean        | -1.59e+06 |
| time/                 |           |
|    fps                | 1449      |
|    time_elapsed       | 131       |
|    total_timesteps    | 190000    |
| train/                |           |
|    entropy_loss       | -21.3     |
|    explained_variance | 0         |
|    learning_rate      | 0.0001    |
|    n_updates          | 2374      |
|    policy_loss        | -1.64e+06 |
|    std                | 0.999     |
|    value_loss         | 6.72e+09  |
-------------------------------------
-------------------------------------
| rollout/              |           |
|    ep_len_mean        | 86.5      |
|    ep_rew_mean        | -1.22e+06 |
| time/                 |           |
|    fps                | 1458      |
|    time_elapsed       | 137       |
|    total_timesteps    | 200000    |
| train/                |           |
|    entropy_loss       | -21.3     |
|    explained_variance | -1.19e-07 |
|    learning_rate      | 0.0001    |
|    n_updates          | 2499      |
|    policy_loss        | -1.57e+06 |
|    std                | 0.999     |
|    value_loss         | 5.8e+09   |
-------------------------------------
-------------------------------------
| rollout/              |           |
|    ep_len_mean        | 92.2      |
|    ep_rew_mean        | -1.3e+06  |
| time/                 |           |
|    fps                | 1465      |
|    time_elapsed       | 143       |
|    total_timesteps    | 210000    |
| train/                |           |
|    entropy_loss       | -21.3     |
|    explained_variance | 0         |
|    learning_rate      | 0.0001    |
|    n_updates          | 2624      |
|    policy_loss        | -1.41e+06 |
|    std                | 0.999     |
|    value_loss         | 5.27e+09  |
-------------------------------------
-------------------------------------
| rollout/              |           |
|    ep_len_mean        | 103       |
|    ep_rew_mean        | -1.45e+06 |
| time/                 |           |
|    fps                | 1473      |
|    time_elapsed       | 149       |
|    total_timesteps    | 220000    |
| train/                |           |
|    entropy_loss       | -21.3     |
|    explained_variance | 0         |
|    learning_rate      | 0.0001    |
|    n_updates          | 2749      |
|    policy_loss        | -1.48e+06 |
|    std                | 0.999     |
|    value_loss         | 5.87e+09  |
-------------------------------------
-------------------------------------
| rollout/              |           |
|    ep_len_mean        | 110       |
|    ep_rew_mean        | -1.53e+06 |
| time/                 |           |
|    fps                | 1480      |
|    time_elapsed       | 155       |
|    total_timesteps    | 230000    |
| train/                |           |
|    entropy_loss       | -21.3     |
|    explained_variance | 0         |
|    learning_rate      | 0.0001    |
|    n_updates          | 2874      |
|    policy_loss        | -1.78e+06 |
|    std                | 0.999     |
|    value_loss         | 8.12e+09  |
-------------------------------------
-------------------------------------
| rollout/              |           |
|    ep_len_mean        | 102       |
|    ep_rew_mean        | -1.42e+06 |
| time/                 |           |
|    fps                | 1486      |
|    time_elapsed       | 161       |
|    total_timesteps    | 240000    |
| train/                |           |
|    entropy_loss       | -21.3     |
|    explained_variance | 0         |
|    learning_rate      | 0.0001    |
|    n_updates          | 2999      |
|    policy_loss        | -1.51e+06 |
|    std                | 0.999     |
|    value_loss         | 5.68e+09  |
-------------------------------------
-------------------------------------
| rollout/              |           |
|    ep_len_mean        | 98.9      |
|    ep_rew_mean        | -1.38e+06 |
| time/                 |           |
|    fps                | 1492      |
|    time_elapsed       | 167       |
|    total_timesteps    | 250000    |
| train/                |           |
|    entropy_loss       | -21.3     |
|    explained_variance | 0         |
|    learning_rate      | 0.0001    |
|    n_updates          | 3124      |
|    policy_loss        | -1.57e+06 |
|    std                | 0.999     |
|    value_loss         | 6.6e+09   |
-------------------------------------
-------------------------------------
| rollout/              |           |
|    ep_len_mean        | 88.8      |
|    ep_rew_mean        | -1.23e+06 |
| time/                 |           |
|    fps                | 1497      |
|    time_elapsed       | 173       |
|    total_timesteps    | 260000    |
| train/                |           |
|    entropy_loss       | -21.3     |
|    explained_variance | -1.19e-07 |
|    learning_rate      | 0.0001    |
|    n_updates          | 3249      |
|    policy_loss        | -1.53e+06 |
|    std                | 0.999     |
|    value_loss         | 5.64e+09  |
-------------------------------------
-------------------------------------
| rollout/              |           |
|    ep_len_mean        | 86        |
|    ep_rew_mean        | -1.19e+06 |
| time/                 |           |
|    fps                | 1502      |
|    time_elapsed       | 179       |
|    total_timesteps    | 270000    |
| train/                |           |
|    entropy_loss       | -21.3     |
|    explained_variance | -1.19e-07 |
|    learning_rate      | 0.0001    |
|    n_updates          | 3374      |
|    policy_loss        | -1.65e+06 |
|    std                | 0.999     |
|    value_loss         | 7.09e+09  |
-------------------------------------
-------------------------------------
| rollout/              |           |
|    ep_len_mean        | 104       |
|    ep_rew_mean        | -1.43e+06 |
| time/                 |           |
|    fps                | 1507      |
|    time_elapsed       | 185       |
|    total_timesteps    | 280000    |
| train/                |           |
|    entropy_loss       | -21.3     |
|    explained_variance | -1.19e-07 |
|    learning_rate      | 0.0001    |
|    n_updates          | 3499      |
|    policy_loss        | -1.43e+06 |
|    std                | 0.999     |
|    value_loss         | 5.31e+09  |
-------------------------------------
-------------------------------------
| rollout/              |           |
|    ep_len_mean        | 76.8      |
|    ep_rew_mean        | -1.08e+06 |
| time/                 |           |
|    fps                | 1511      |
|    time_elapsed       | 191       |
|    total_timesteps    | 290000    |
| train/                |           |
|    entropy_loss       | -21.3     |
|    explained_variance | 0         |
|    learning_rate      | 0.0001    |
|    n_updates          | 3624      |
|    policy_loss        | -1.49e+06 |
|    std                | 0.999     |
|    value_loss         | 5.41e+09  |
-------------------------------------
-------------------------------------
| rollout/              |           |
|    ep_len_mean        | 104       |
|    ep_rew_mean        | -1.45e+06 |
| time/                 |           |
|    fps                | 1515      |
|    time_elapsed       | 197       |
|    total_timesteps    | 300000    |
| train/                |           |
|    entropy_loss       | -21.3     |
|    explained_variance | -1.19e-07 |
|    learning_rate      | 0.0001    |
|    n_updates          | 3749      |
|    policy_loss        | -1.36e+06 |
|    std                | 0.999     |
|    value_loss         | 4.95e+09  |
-------------------------------------
-------------------------------------
| rollout/              |           |
|    ep_len_mean        | 101       |
|    ep_rew_mean        | -1.42e+06 |
| time/                 |           |
|    fps                | 1519      |
|    time_elapsed       | 204       |
|    total_timesteps    | 310000    |
| train/                |           |
|    entropy_loss       | -21.3     |
|    explained_variance | 0         |
|    learning_rate      | 0.0001    |
|    n_updates          | 3874      |
|    policy_loss        | -1.6e+06  |
|    std                | 0.999     |
|    value_loss         | 6.25e+09  |
-------------------------------------
-------------------------------------
| rollout/              |           |
|    ep_len_mean        | 97        |
|    ep_rew_mean        | -1.37e+06 |
| time/                 |           |
|    fps                | 1522      |
|    time_elapsed       | 210       |
|    total_timesteps    | 320000    |
| train/                |           |
|    entropy_loss       | -21.3     |
|    explained_variance | 0         |
|    learning_rate      | 0.0001    |
|    n_updates          | 3999      |
|    policy_loss        | -1.5e+06  |
|    std                | 0.999     |
|    value_loss         | 6.01e+09  |
-------------------------------------
-------------------------------------
| rollout/              |           |
|    ep_len_mean        | 86.5      |
|    ep_rew_mean        | -1.21e+06 |
| time/                 |           |
|    fps                | 1525      |
|    time_elapsed       | 216       |
|    total_timesteps    | 330000    |
| train/                |           |
|    entropy_loss       | -21.3     |
|    explained_variance | -1.19e-07 |
|    learning_rate      | 0.0001    |
|    n_updates          | 4124      |
|    policy_loss        | -1.74e+06 |
|    std                | 0.999     |
|    value_loss         | 7.92e+09  |
-------------------------------------
-------------------------------------
| rollout/              |           |
|    ep_len_mean        | 101       |
|    ep_rew_mean        | -1.4e+06  |
| time/                 |           |
|    fps                | 1529      |
|    time_elapsed       | 222       |
|    total_timesteps    | 340000    |
| train/                |           |
|    entropy_loss       | -21.3     |
|    explained_variance | 0         |
|    learning_rate      | 0.0001    |
|    n_updates          | 4249      |
|    policy_loss        | -1.57e+06 |
|    std                | 0.999     |
|    value_loss         | 6.39e+09  |
-------------------------------------
-------------------------------------
| rollout/              |           |
|    ep_len_mean        | 83.8      |
|    ep_rew_mean        | -1.16e+06 |
| time/                 |           |
|    fps                | 1532      |
|    time_elapsed       | 228       |
|    total_timesteps    | 350000    |
| train/                |           |
|    entropy_loss       | -21.3     |
|    explained_variance | 0         |
|    learning_rate      | 0.0001    |
|    n_updates          | 4374      |
|    policy_loss        | -1.45e+06 |
|    std                | 0.999     |
|    value_loss         | 5.65e+09  |
-------------------------------------
-------------------------------------
| rollout/              |           |
|    ep_len_mean        | 73.3      |
|    ep_rew_mean        | -1.02e+06 |
| time/                 |           |
|    fps                | 1535      |
|    time_elapsed       | 234       |
|    total_timesteps    | 360000    |
| train/                |           |
|    entropy_loss       | -21.3     |
|    explained_variance | 0         |
|    learning_rate      | 0.0001    |
|    n_updates          | 4499      |
|    policy_loss        | -1.48e+06 |
|    std                | 0.999     |
|    value_loss         | 5.28e+09  |
-------------------------------------
-------------------------------------
| rollout/              |           |
|    ep_len_mean        | 85.1      |
|    ep_rew_mean        | -1.17e+06 |
| time/                 |           |
|    fps                | 1537      |
|    time_elapsed       | 240       |
|    total_timesteps    | 370000    |
| train/                |           |
|    entropy_loss       | -21.3     |
|    explained_variance | 0         |
|    learning_rate      | 0.0001    |
|    n_updates          | 4624      |
|    policy_loss        | -1.39e+06 |
|    std                | 0.999     |
|    value_loss         | 5.24e+09  |
-------------------------------------
-------------------------------------
| rollout/              |           |
|    ep_len_mean        | 96.5      |
|    ep_rew_mean        | -1.33e+06 |
| time/                 |           |
|    fps                | 1540      |
|    time_elapsed       | 246       |
|    total_timesteps    | 380000    |
| train/                |           |
|    entropy_loss       | -21.3     |
|    explained_variance | 0         |
|    learning_rate      | 0.0001    |
|    n_updates          | 4749      |
|    policy_loss        | -1.47e+06 |
|    std                | 0.998     |
|    value_loss         | 5.54e+09  |
-------------------------------------
-------------------------------------
| rollout/              |           |
|    ep_len_mean        | 77.4      |
|    ep_rew_mean        | -1.08e+06 |
| time/                 |           |
|    fps                | 1542      |
|    time_elapsed       | 252       |
|    total_timesteps    | 390000    |
| train/                |           |
|    entropy_loss       | -21.3     |
|    explained_variance | 0         |
|    learning_rate      | 0.0001    |
|    n_updates          | 4874      |
|    policy_loss        | -1.54e+06 |
|    std                | 0.998     |
|    value_loss         | 5.99e+09  |
-------------------------------------
-------------------------------------
| rollout/              |           |
|    ep_len_mean        | 82.3      |
|    ep_rew_mean        | -1.14e+06 |
| time/                 |           |
|    fps                | 1544      |
|    time_elapsed       | 258       |
|    total_timesteps    | 400000    |
| train/                |           |
|    entropy_loss       | -21.2     |
|    explained_variance | 0         |
|    learning_rate      | 0.0001    |
|    n_updates          | 4999      |
|    policy_loss        | -1.45e+06 |
|    std                | 0.998     |
|    value_loss         | 5.48e+09  |
-------------------------------------
-------------------------------------
| rollout/              |           |
|    ep_len_mean        | 90.5      |
|    ep_rew_mean        | -1.22e+06 |
| time/                 |           |
|    fps                | 1546      |
|    time_elapsed       | 265       |
|    total_timesteps    | 410000    |
| train/                |           |
|    entropy_loss       | -21.3     |
|    explained_variance | 0         |
|    learning_rate      | 0.0001    |
|    n_updates          | 5124      |
|    policy_loss        | -1.37e+06 |
|    std                | 0.998     |
|    value_loss         | 4.94e+09  |
-------------------------------------
-------------------------------------
| rollout/              |           |
|    ep_len_mean        | 98        |
|    ep_rew_mean        | -1.32e+06 |
| time/                 |           |
|    fps                | 1548      |
|    time_elapsed       | 271       |
|    total_timesteps    | 420000    |
| train/                |           |
|    entropy_loss       | -21.3     |
|    explained_variance | -1.19e-07 |
|    learning_rate      | 0.0001    |
|    n_updates          | 5249      |
|    policy_loss        | -1.43e+06 |
|    std                | 0.999     |
|    value_loss         | 5.43e+09  |
-------------------------------------
-------------------------------------
| rollout/              |           |
|    ep_len_mean        | 96.8      |
|    ep_rew_mean        | -1.3e+06  |
| time/                 |           |
|    fps                | 1550      |
|    time_elapsed       | 277       |
|    total_timesteps    | 430000    |
| train/                |           |
|    entropy_loss       | -21.3     |
|    explained_variance | 0         |
|    learning_rate      | 0.0001    |
|    n_updates          | 5374      |
|    policy_loss        | -1.51e+06 |
|    std                | 0.998     |
|    value_loss         | 5.66e+09  |
-------------------------------------
-------------------------------------
| rollout/              |           |
|    ep_len_mean        | 100       |
|    ep_rew_mean        | -1.36e+06 |
| time/                 |           |
|    fps                | 1552      |
|    time_elapsed       | 283       |
|    total_timesteps    | 440000    |
| train/                |           |
|    entropy_loss       | -21.3     |
|    explained_variance | 0         |
|    learning_rate      | 0.0001    |
|    n_updates          | 5499      |
|    policy_loss        | -1.44e+06 |
|    std                | 0.998     |
|    value_loss         | 5.69e+09  |
-------------------------------------
-------------------------------------
| rollout/              |           |
|    ep_len_mean        | 99.7      |
|    ep_rew_mean        | -1.35e+06 |
| time/                 |           |
|    fps                | 1554      |
|    time_elapsed       | 289       |
|    total_timesteps    | 450000    |
| train/                |           |
|    entropy_loss       | -21.3     |
|    explained_variance | 0         |
|    learning_rate      | 0.0001    |
|    n_updates          | 5624      |
|    policy_loss        | -1.56e+06 |
|    std                | 0.998     |
|    value_loss         | 6e+09     |
-------------------------------------
-------------------------------------
| rollout/              |           |
|    ep_len_mean        | 100       |
|    ep_rew_mean        | -1.35e+06 |
| time/                 |           |
|    fps                | 1556      |
|    time_elapsed       | 295       |
|    total_timesteps    | 460000    |
| train/                |           |
|    entropy_loss       | -21.2     |
|    explained_variance | 1.19e-07  |
|    learning_rate      | 0.0001    |
|    n_updates          | 5749      |
|    policy_loss        | -1.52e+06 |
|    std                | 0.998     |
|    value_loss         | 5.85e+09  |
-------------------------------------
-------------------------------------
| rollout/              |           |
|    ep_len_mean        | 82.8      |
|    ep_rew_mean        | -1.15e+06 |
| time/                 |           |
|    fps                | 1557      |
|    time_elapsed       | 301       |
|    total_timesteps    | 470000    |
| train/                |           |
|    entropy_loss       | -21.2     |
|    explained_variance | 5.96e-08  |
|    learning_rate      | 0.0001    |
|    n_updates          | 5874      |
|    policy_loss        | -1.59e+06 |
|    std                | 0.997     |
|    value_loss         | 6.17e+09  |
-------------------------------------
-------------------------------------
| rollout/              |           |
|    ep_len_mean        | 102       |
|    ep_rew_mean        | -1.37e+06 |
| time/                 |           |
|    fps                | 1559      |
|    time_elapsed       | 307       |
|    total_timesteps    | 480000    |
| train/                |           |
|    entropy_loss       | -21.2     |
|    explained_variance | 1.79e-07  |
|    learning_rate      | 0.0001    |
|    n_updates          | 5999      |
|    policy_loss        | -1.52e+06 |
|    std                | 0.998     |
|    value_loss         | 5.76e+09  |
-------------------------------------
-------------------------------------
| rollout/              |           |
|    ep_len_mean        | 100       |
|    ep_rew_mean        | -1.35e+06 |
| time/                 |           |
|    fps                | 1561      |
|    time_elapsed       | 313       |
|    total_timesteps    | 490000    |
| train/                |           |
|    entropy_loss       | -21.3     |
|    explained_variance | 0         |
|    learning_rate      | 0.0001    |
|    n_updates          | 6124      |
|    policy_loss        | -1.64e+06 |
|    std                | 0.998     |
|    value_loss         | 6.47e+09  |
-------------------------------------
-------------------------------------
| rollout/              |           |
|    ep_len_mean        | 95.3      |
|    ep_rew_mean        | -1.31e+06 |
| time/                 |           |
|    fps                | 1562      |
|    time_elapsed       | 319       |
|    total_timesteps    | 500000    |
| train/                |           |
|    entropy_loss       | -21.3     |
|    explained_variance | 1.19e-07  |
|    learning_rate      | 0.0001    |
|    n_updates          | 6249      |
|    policy_loss        | -1.54e+06 |
|    std                | 0.998     |
|    value_loss         | 6.06e+09  |
-------------------------------------
-------------------------------------
| rollout/              |           |
|    ep_len_mean        | 69.7      |
|    ep_rew_mean        | -9.5e+05  |
| time/                 |           |
|    fps                | 1558      |
|    time_elapsed       | 327       |
|    total_timesteps    | 510000    |
| train/                |           |
|    entropy_loss       | -21.3     |
|    explained_variance | 5.96e-08  |
|    learning_rate      | 0.0001    |
|    n_updates          | 6374      |
|    policy_loss        | -1.41e+06 |
|    std                | 0.998     |
|    value_loss         | 5.37e+09  |
-------------------------------------
-------------------------------------
| rollout/              |           |
|    ep_len_mean        | 78.9      |
|    ep_rew_mean        | -1.08e+06 |
| time/                 |           |
|    fps                | 1553      |
|    time_elapsed       | 334       |
|    total_timesteps    | 520000    |
| train/                |           |
|    entropy_loss       | -21.3     |
|    explained_variance | 1.19e-07  |
|    learning_rate      | 0.0001    |
|    n_updates          | 6499      |
|    policy_loss        | -1.46e+06 |
|    std                | 0.999     |
|    value_loss         | 5.19e+09  |
-------------------------------------
-------------------------------------
| rollout/              |           |
|    ep_len_mean        | 95.7      |
|    ep_rew_mean        | -1.28e+06 |
| time/                 |           |
|    fps                | 1548      |
|    time_elapsed       | 342       |
|    total_timesteps    | 530000    |
| train/                |           |
|    entropy_loss       | -21.3     |
|    explained_variance | -1.19e-07 |
|    learning_rate      | 0.0001    |
|    n_updates          | 6624      |
|    policy_loss        | -1.41e+06 |
|    std                | 0.999     |
|    value_loss         | 4.92e+09  |
-------------------------------------
-------------------------------------
| rollout/              |           |
|    ep_len_mean        | 87.5      |
|    ep_rew_mean        | -1.19e+06 |
| time/                 |           |
|    fps                | 1544      |
|    time_elapsed       | 349       |
|    total_timesteps    | 540000    |
| train/                |           |
|    entropy_loss       | -21.3     |
|    explained_variance | 0         |
|    learning_rate      | 0.0001    |
|    n_updates          | 6749      |
|    policy_loss        | -1.49e+06 |
|    std                | 0.999     |
|    value_loss         | 6.13e+09  |
-------------------------------------
-------------------------------------
| rollout/              |           |
|    ep_len_mean        | 105       |
|    ep_rew_mean        | -1.42e+06 |
| time/                 |           |
|    fps                | 1540      |
|    time_elapsed       | 357       |
|    total_timesteps    | 550000    |
| train/                |           |
|    entropy_loss       | -21.3     |
|    explained_variance | -2.38e-07 |
|    learning_rate      | 0.0001    |
|    n_updates          | 6874      |
|    policy_loss        | -1.27e+06 |
|    std                | 0.999     |
|    value_loss         | 4.18e+09  |
-------------------------------------
-------------------------------------
| rollout/              |           |
|    ep_len_mean        | 99.1      |
|    ep_rew_mean        | -1.32e+06 |
| time/                 |           |
|    fps                | 1536      |
|    time_elapsed       | 364       |
|    total_timesteps    | 560000    |
| train/                |           |
|    entropy_loss       | -21.3     |
|    explained_variance | 0         |
|    learning_rate      | 0.0001    |
|    n_updates          | 6999      |
|    policy_loss        | -1.48e+06 |
|    std                | 0.999     |
|    value_loss         | 5.97e+09  |
-------------------------------------
-------------------------------------
| rollout/              |           |
|    ep_len_mean        | 97.2      |
|    ep_rew_mean        | -1.33e+06 |
| time/                 |           |
|    fps                | 1532      |
|    time_elapsed       | 371       |
|    total_timesteps    | 570000    |
| train/                |           |
|    entropy_loss       | -21.3     |
|    explained_variance | 0         |
|    learning_rate      | 0.0001    |
|    n_updates          | 7124      |
|    policy_loss        | -1.5e+06  |
|    std                | 0.999     |
|    value_loss         | 5.75e+09  |
-------------------------------------
-------------------------------------
| rollout/              |           |
|    ep_len_mean        | 90.4      |
|    ep_rew_mean        | -1.24e+06 |
| time/                 |           |
|    fps                | 1528      |
|    time_elapsed       | 379       |
|    total_timesteps    | 580000    |
| train/                |           |
|    entropy_loss       | -21.3     |
|    explained_variance | -2.38e-07 |
|    learning_rate      | 0.0001    |
|    n_updates          | 7249      |
|    policy_loss        | -1.44e+06 |
|    std                | 0.999     |
|    value_loss         | 5.34e+09  |
-------------------------------------
-------------------------------------
| rollout/              |           |
|    ep_len_mean        | 102       |
|    ep_rew_mean        | -1.38e+06 |
| time/                 |           |
|    fps                | 1525      |
|    time_elapsed       | 386       |
|    total_timesteps    | 590000    |
| train/                |           |
|    entropy_loss       | -21.3     |
|    explained_variance | 0         |
|    learning_rate      | 0.0001    |
|    n_updates          | 7374      |
|    policy_loss        | -1.5e+06  |
|    std                | 0.999     |
|    value_loss         | 5.83e+09  |
-------------------------------------
-------------------------------------
| rollout/              |           |
|    ep_len_mean        | 94.5      |
|    ep_rew_mean        | -1.28e+06 |
| time/                 |           |
|    fps                | 1521      |
|    time_elapsed       | 394       |
|    total_timesteps    | 600000    |
| train/                |           |
|    entropy_loss       | -21.3     |
|    explained_variance | 0         |
|    learning_rate      | 0.0001    |
|    n_updates          | 7499      |
|    policy_loss        | -1.59e+06 |
|    std                | 0.998     |
|    value_loss         | 6.24e+09  |
-------------------------------------
-------------------------------------
| rollout/              |           |
|    ep_len_mean        | 86.8      |
|    ep_rew_mean        | -1.18e+06 |
| time/                 |           |
|    fps                | 1518      |
|    time_elapsed       | 401       |
|    total_timesteps    | 610000    |
| train/                |           |
|    entropy_loss       | -21.3     |
|    explained_variance | 0         |
|    learning_rate      | 0.0001    |
|    n_updates          | 7624      |
|    policy_loss        | -1.37e+06 |
|    std                | 0.998     |
|    value_loss         | 5e+09     |
-------------------------------------
-------------------------------------
| rollout/              |           |
|    ep_len_mean        | 76.8      |
|    ep_rew_mean        | -1.04e+06 |
| time/                 |           |
|    fps                | 1515      |
|    time_elapsed       | 409       |
|    total_timesteps    | 620000    |
| train/                |           |
|    entropy_loss       | -21.2     |
|    explained_variance | 0         |
|    learning_rate      | 0.0001    |
|    n_updates          | 7749      |
|    policy_loss        | -1.36e+06 |
|    std                | 0.998     |
|    value_loss         | 4.52e+09  |
-------------------------------------
-------------------------------------
| rollout/              |           |
|    ep_len_mean        | 76.5      |
|    ep_rew_mean        | -1.03e+06 |
| time/                 |           |
|    fps                | 1512      |
|    time_elapsed       | 416       |
|    total_timesteps    | 630000    |
| train/                |           |
|    entropy_loss       | -21.3     |
|    explained_variance | 0         |
|    learning_rate      | 0.0001    |
|    n_updates          | 7874      |
|    policy_loss        | -1.4e+06  |
|    std                | 0.998     |
|    value_loss         | 4.87e+09  |
-------------------------------------
-------------------------------------
| rollout/              |           |
|    ep_len_mean        | 87        |
|    ep_rew_mean        | -1.16e+06 |
| time/                 |           |
|    fps                | 1509      |
|    time_elapsed       | 424       |
|    total_timesteps    | 640000    |
| train/                |           |
|    entropy_loss       | -21.3     |
|    explained_variance | 0         |
|    learning_rate      | 0.0001    |
|    n_updates          | 7999      |
|    policy_loss        | -1.52e+06 |
|    std                | 0.998     |
|    value_loss         | 6.13e+09  |
-------------------------------------
-------------------------------------
| rollout/              |           |
|    ep_len_mean        | 76.7      |
|    ep_rew_mean        | -1.03e+06 |
| time/                 |           |
|    fps                | 1506      |
|    time_elapsed       | 431       |
|    total_timesteps    | 650000    |
| train/                |           |
|    entropy_loss       | -21.2     |
|    explained_variance | 0         |
|    learning_rate      | 0.0001    |
|    n_updates          | 8124      |
|    policy_loss        | -1.52e+06 |
|    std                | 0.998     |
|    value_loss         | 5.79e+09  |
-------------------------------------
-------------------------------------
| rollout/              |           |
|    ep_len_mean        | 88.8      |
|    ep_rew_mean        | -1.18e+06 |
| time/                 |           |
|    fps                | 1503      |
|    time_elapsed       | 438       |
|    total_timesteps    | 660000    |
| train/                |           |
|    entropy_loss       | -21.3     |
|    explained_variance | 1.19e-07  |
|    learning_rate      | 0.0001    |
|    n_updates          | 8249      |
|    policy_loss        | -1.57e+06 |
|    std                | 0.998     |
|    value_loss         | 6.17e+09  |
-------------------------------------
-------------------------------------
| rollout/              |           |
|    ep_len_mean        | 88        |
|    ep_rew_mean        | -1.17e+06 |
| time/                 |           |
|    fps                | 1500      |
|    time_elapsed       | 446       |
|    total_timesteps    | 670000    |
| train/                |           |
|    entropy_loss       | -21.3     |
|    explained_variance | 1.19e-07  |
|    learning_rate      | 0.0001    |
|    n_updates          | 8374      |
|    policy_loss        | -1.36e+06 |
|    std                | 0.998     |
|    value_loss         | 4.84e+09  |
-------------------------------------
-------------------------------------
| rollout/              |           |
|    ep_len_mean        | 87.7      |
|    ep_rew_mean        | -1.17e+06 |
| time/                 |           |
|    fps                | 1498      |
|    time_elapsed       | 453       |
|    total_timesteps    | 680000    |
| train/                |           |
|    entropy_loss       | -21.3     |
|    explained_variance | 0         |
|    learning_rate      | 0.0001    |
|    n_updates          | 8499      |
|    policy_loss        | -1.37e+06 |
|    std                | 0.998     |
|    value_loss         | 4.58e+09  |
-------------------------------------
-------------------------------------
| rollout/              |           |
|    ep_len_mean        | 94.6      |
|    ep_rew_mean        | -1.26e+06 |
| time/                 |           |
|    fps                | 1495      |
|    time_elapsed       | 461       |
|    total_timesteps    | 690000    |
| train/                |           |
|    entropy_loss       | -21.3     |
|    explained_variance | 0         |
|    learning_rate      | 0.0001    |
|    n_updates          | 8624      |
|    policy_loss        | -1.39e+06 |
|    std                | 0.998     |
|    value_loss         | 5.38e+09  |
-------------------------------------
-------------------------------------
| rollout/              |           |
|    ep_len_mean        | 78.6      |
|    ep_rew_mean        | -1.05e+06 |
| time/                 |           |
|    fps                | 1492      |
|    time_elapsed       | 468       |
|    total_timesteps    | 700000    |
| train/                |           |
|    entropy_loss       | -21.3     |
|    explained_variance | 0         |
|    learning_rate      | 0.0001    |
|    n_updates          | 8749      |
|    policy_loss        | -1.42e+06 |
|    std                | 0.998     |
|    value_loss         | 5.13e+09  |
-------------------------------------
-------------------------------------
| rollout/              |           |
|    ep_len_mean        | 89.5      |
|    ep_rew_mean        | -1.19e+06 |
| time/                 |           |
|    fps                | 1490      |
|    time_elapsed       | 476       |
|    total_timesteps    | 710000    |
| train/                |           |
|    entropy_loss       | -21.2     |
|    explained_variance | 0         |
|    learning_rate      | 0.0001    |
|    n_updates          | 8874      |
|    policy_loss        | -1.47e+06 |
|    std                | 0.998     |
|    value_loss         | 5.25e+09  |
-------------------------------------
-------------------------------------
| rollout/              |           |
|    ep_len_mean        | 90.7      |
|    ep_rew_mean        | -1.2e+06  |
| time/                 |           |
|    fps                | 1488      |
|    time_elapsed       | 483       |
|    total_timesteps    | 720000    |
| train/                |           |
|    entropy_loss       | -21.3     |
|    explained_variance | 0         |
|    learning_rate      | 0.0001    |
|    n_updates          | 8999      |
|    policy_loss        | -1.51e+06 |
|    std                | 0.998     |
|    value_loss         | 5.66e+09  |
-------------------------------------
-------------------------------------
| rollout/              |           |
|    ep_len_mean        | 96        |
|    ep_rew_mean        | -1.28e+06 |
| time/                 |           |
|    fps                | 1485      |
|    time_elapsed       | 491       |
|    total_timesteps    | 730000    |
| train/                |           |
|    entropy_loss       | -21.3     |
|    explained_variance | 1.19e-07  |
|    learning_rate      | 0.0001    |
|    n_updates          | 9124      |
|    policy_loss        | -1.37e+06 |
|    std                | 0.998     |
|    value_loss         | 4.97e+09  |
-------------------------------------
-------------------------------------
| rollout/              |           |
|    ep_len_mean        | 89.9      |
|    ep_rew_mean        | -1.19e+06 |
| time/                 |           |
|    fps                | 1483      |
|    time_elapsed       | 498       |
|    total_timesteps    | 740000    |
| train/                |           |
|    entropy_loss       | -21.3     |
|    explained_variance | 0         |
|    learning_rate      | 0.0001    |
|    n_updates          | 9249      |
|    policy_loss        | -1.51e+06 |
|    std                | 0.998     |
|    value_loss         | 5.52e+09  |
-------------------------------------
-------------------------------------
| rollout/              |           |
|    ep_len_mean        | 95        |
|    ep_rew_mean        | -1.26e+06 |
| time/                 |           |
|    fps                | 1481      |
|    time_elapsed       | 506       |
|    total_timesteps    | 750000    |
| train/                |           |
|    entropy_loss       | -21.2     |
|    explained_variance | 1.19e-07  |
|    learning_rate      | 0.0001    |
|    n_updates          | 9374      |
|    policy_loss        | -1.51e+06 |
|    std                | 0.998     |
|    value_loss         | 5.56e+09  |
-------------------------------------
-------------------------------------
| rollout/              |           |
|    ep_len_mean        | 83.1      |
|    ep_rew_mean        | -1.11e+06 |
| time/                 |           |
|    fps                | 1479      |
|    time_elapsed       | 513       |
|    total_timesteps    | 760000    |
| train/                |           |
|    entropy_loss       | -21.3     |
|    explained_variance | 1.19e-07  |
|    learning_rate      | 0.0001    |
|    n_updates          | 9499      |
|    policy_loss        | -1.43e+06 |
|    std                | 0.998     |
|    value_loss         | 5.17e+09  |
-------------------------------------
-------------------------------------
| rollout/              |           |
|    ep_len_mean        | 91.2      |
|    ep_rew_mean        | -1.2e+06  |
| time/                 |           |
|    fps                | 1477      |
|    time_elapsed       | 521       |
|    total_timesteps    | 770000    |
| train/                |           |
|    entropy_loss       | -21.3     |
|    explained_variance | 1.79e-07  |
|    learning_rate      | 0.0001    |
|    n_updates          | 9624      |
|    policy_loss        | -1.34e+06 |
|    std                | 0.998     |
|    value_loss         | 4.59e+09  |
-------------------------------------
-------------------------------------
| rollout/              |           |
|    ep_len_mean        | 82.2      |
|    ep_rew_mean        | -1.09e+06 |
| time/                 |           |
|    fps                | 1475      |
|    time_elapsed       | 528       |
|    total_timesteps    | 780000    |
| train/                |           |
|    entropy_loss       | -21.3     |
|    explained_variance | 1.79e-07  |
|    learning_rate      | 0.0001    |
|    n_updates          | 9749      |
|    policy_loss        | -1.42e+06 |
|    std                | 0.998     |
|    value_loss         | 5.24e+09  |
-------------------------------------
-------------------------------------
| rollout/              |           |
|    ep_len_mean        | 80.4      |
|    ep_rew_mean        | -1.07e+06 |
| time/                 |           |
|    fps                | 1473      |
|    time_elapsed       | 536       |
|    total_timesteps    | 790000    |
| train/                |           |
|    entropy_loss       | -21.3     |
|    explained_variance | -1.19e-07 |
|    learning_rate      | 0.0001    |
|    n_updates          | 9874      |
|    policy_loss        | -1.45e+06 |
|    std                | 0.999     |
|    value_loss         | 5.25e+09  |
-------------------------------------
-------------------------------------
| rollout/              |           |
|    ep_len_mean        | 79.2      |
|    ep_rew_mean        | -1.07e+06 |
| time/                 |           |
|    fps                | 1471      |
|    time_elapsed       | 543       |
|    total_timesteps    | 800000    |
| train/                |           |
|    entropy_loss       | -21.3     |
|    explained_variance | -1.19e-07 |
|    learning_rate      | 0.0001    |
|    n_updates          | 9999      |
|    policy_loss        | -1.48e+06 |
|    std                | 0.998     |
|    value_loss         | 5.41e+09  |
-------------------------------------
-------------------------------------
| rollout/              |           |
|    ep_len_mean        | 93.4      |
|    ep_rew_mean        | -1.24e+06 |
| time/                 |           |
|    fps                | 1469      |
|    time_elapsed       | 551       |
|    total_timesteps    | 810000    |
| train/                |           |
|    entropy_loss       | -21.3     |
|    explained_variance | 0         |
|    learning_rate      | 0.0001    |
|    n_updates          | 10124     |
|    policy_loss        | -1.32e+06 |
|    std                | 0.999     |
|    value_loss         | 4.59e+09  |
-------------------------------------
-------------------------------------
| rollout/              |           |
|    ep_len_mean        | 85.7      |
|    ep_rew_mean        | -1.15e+06 |
| time/                 |           |
|    fps                | 1467      |
|    time_elapsed       | 558       |
|    total_timesteps    | 820000    |
| train/                |           |
|    entropy_loss       | -21.3     |
|    explained_variance | 0         |
|    learning_rate      | 0.0001    |
|    n_updates          | 10249     |
|    policy_loss        | -1.44e+06 |
|    std                | 0.999     |
|    value_loss         | 5.43e+09  |
-------------------------------------
-------------------------------------
| rollout/              |           |
|    ep_len_mean        | 79.9      |
|    ep_rew_mean        | -1.06e+06 |
| time/                 |           |
|    fps                | 1466      |
|    time_elapsed       | 566       |
|    total_timesteps    | 830000    |
| train/                |           |
|    entropy_loss       | -21.3     |
|    explained_variance | 0         |
|    learning_rate      | 0.0001    |
|    n_updates          | 10374     |
|    policy_loss        | -1.49e+06 |
|    std                | 0.999     |
|    value_loss         | 5.43e+09  |
-------------------------------------
-------------------------------------
| rollout/              |           |
|    ep_len_mean        | 83.3      |
|    ep_rew_mean        | -1.11e+06 |
| time/                 |           |
|    fps                | 1464      |
|    time_elapsed       | 573       |
|    total_timesteps    | 840000    |
| train/                |           |
|    entropy_loss       | -21.3     |
|    explained_variance | -1.19e-07 |
|    learning_rate      | 0.0001    |
|    n_updates          | 10499     |
|    policy_loss        | -1.46e+06 |
|    std                | 0.999     |
|    value_loss         | 5.5e+09   |
-------------------------------------
-------------------------------------
| rollout/              |           |
|    ep_len_mean        | 72.6      |
|    ep_rew_mean        | -9.65e+05 |
| time/                 |           |
|    fps                | 1465      |
|    time_elapsed       | 580       |
|    total_timesteps    | 850000    |
| train/                |           |
|    entropy_loss       | -21.3     |
|    explained_variance | 0         |
|    learning_rate      | 0.0001    |
|    n_updates          | 10624     |
|    policy_loss        | -1.49e+06 |
|    std                | 0.999     |
|    value_loss         | 5.62e+09  |
-------------------------------------
-------------------------------------
| rollout/              |           |
|    ep_len_mean        | 92.1      |
|    ep_rew_mean        | -1.21e+06 |
| time/                 |           |
|    fps                | 1467      |
|    time_elapsed       | 586       |
|    total_timesteps    | 860000    |
| train/                |           |
|    entropy_loss       | -21.3     |
|    explained_variance | -1.19e-07 |
|    learning_rate      | 0.0001    |
|    n_updates          | 10749     |
|    policy_loss        | -1.39e+06 |
|    std                | 0.999     |
|    value_loss         | 4.66e+09  |
-------------------------------------
-------------------------------------
| rollout/              |           |
|    ep_len_mean        | 76.9      |
|    ep_rew_mean        | -1.02e+06 |
| time/                 |           |
|    fps                | 1469      |
|    time_elapsed       | 591       |
|    total_timesteps    | 870000    |
| train/                |           |
|    entropy_loss       | -21.3     |
|    explained_variance | 0         |
|    learning_rate      | 0.0001    |
|    n_updates          | 10874     |
|    policy_loss        | -1.34e+06 |
|    std                | 0.999     |
|    value_loss         | 4.41e+09  |
-------------------------------------
-------------------------------------
| rollout/              |           |
|    ep_len_mean        | 68.8      |
|    ep_rew_mean        | -9.13e+05 |
| time/                 |           |
|    fps                | 1472      |
|    time_elapsed       | 597       |
|    total_timesteps    | 880000    |
| train/                |           |
|    entropy_loss       | -21.3     |
|    explained_variance | 0         |
|    learning_rate      | 0.0001    |
|    n_updates          | 10999     |
|    policy_loss        | -1.4e+06  |
|    std                | 0.999     |
|    value_loss         | 5.12e+09  |
-------------------------------------
-------------------------------------
| rollout/              |           |
|    ep_len_mean        | 80.2      |
|    ep_rew_mean        | -1.07e+06 |
| time/                 |           |
|    fps                | 1474      |
|    time_elapsed       | 603       |
|    total_timesteps    | 890000    |
| train/                |           |
|    entropy_loss       | -21.3     |
|    explained_variance | 0         |
|    learning_rate      | 0.0001    |
|    n_updates          | 11124     |
|    policy_loss        | -1.35e+06 |
|    std                | 0.999     |
|    value_loss         | 4.52e+09  |
-------------------------------------
-------------------------------------
| rollout/              |           |
|    ep_len_mean        | 85.2      |
|    ep_rew_mean        | -1.12e+06 |
| time/                 |           |
|    fps                | 1476      |
|    time_elapsed       | 609       |
|    total_timesteps    | 900000    |
| train/                |           |
|    entropy_loss       | -21.3     |
|    explained_variance | -1.19e-07 |
|    learning_rate      | 0.0001    |
|    n_updates          | 11249     |
|    policy_loss        | -1.39e+06 |
|    std                | 1         |
|    value_loss         | 4.69e+09  |
-------------------------------------
-------------------------------------
| rollout/              |           |
|    ep_len_mean        | 70.3      |
|    ep_rew_mean        | -9.4e+05  |
| time/                 |           |
|    fps                | 1479      |
|    time_elapsed       | 615       |
|    total_timesteps    | 910000    |
| train/                |           |
|    entropy_loss       | -21.3     |
|    explained_variance | 0         |
|    learning_rate      | 0.0001    |
|    n_updates          | 11374     |
|    policy_loss        | -1.57e+06 |
|    std                | 1         |
|    value_loss         | 6.53e+09  |
-------------------------------------
-------------------------------------
| rollout/              |           |
|    ep_len_mean        | 67.3      |
|    ep_rew_mean        | -8.98e+05 |
| time/                 |           |
|    fps                | 1481      |
|    time_elapsed       | 621       |
|    total_timesteps    | 920000    |
| train/                |           |
|    entropy_loss       | -21.3     |
|    explained_variance | 2.38e-07  |
|    learning_rate      | 0.0001    |
|    n_updates          | 11499     |
|    policy_loss        | -1.43e+06 |
|    std                | 1         |
|    value_loss         | 4.85e+09  |
-------------------------------------
-------------------------------------
| rollout/              |           |
|    ep_len_mean        | 79.9      |
|    ep_rew_mean        | -1.06e+06 |
| time/                 |           |
|    fps                | 1483      |
|    time_elapsed       | 626       |
|    total_timesteps    | 930000    |
| train/                |           |
|    entropy_loss       | -21.3     |
|    explained_variance | -1.19e-07 |
|    learning_rate      | 0.0001    |
|    n_updates          | 11624     |
|    policy_loss        | -1.46e+06 |
|    std                | 1         |
|    value_loss         | 5.59e+09  |
-------------------------------------
-------------------------------------
| rollout/              |           |
|    ep_len_mean        | 74.6      |
|    ep_rew_mean        | -9.84e+05 |
| time/                 |           |
|    fps                | 1485      |
|    time_elapsed       | 632       |
|    total_timesteps    | 940000    |
| train/                |           |
|    entropy_loss       | -21.3     |
|    explained_variance | 0         |
|    learning_rate      | 0.0001    |
|    n_updates          | 11749     |
|    policy_loss        | -1.69e+06 |
|    std                | 1         |
|    value_loss         | 7.08e+09  |
-------------------------------------
-------------------------------------
| rollout/              |           |
|    ep_len_mean        | 73.5      |
|    ep_rew_mean        | -9.62e+05 |
| time/                 |           |
|    fps                | 1487      |
|    time_elapsed       | 638       |
|    total_timesteps    | 950000    |
| train/                |           |
|    entropy_loss       | -21.3     |
|    explained_variance | 0         |
|    learning_rate      | 0.0001    |
|    n_updates          | 11874     |
|    policy_loss        | -1.5e+06  |
|    std                | 1         |
|    value_loss         | 5.56e+09  |
-------------------------------------
-------------------------------------
| rollout/              |           |
|    ep_len_mean        | 87.2      |
|    ep_rew_mean        | -1.14e+06 |
| time/                 |           |
|    fps                | 1489      |
|    time_elapsed       | 644       |
|    total_timesteps    | 960000    |
| train/                |           |
|    entropy_loss       | -21.3     |
|    explained_variance | 1.19e-07  |
|    learning_rate      | 0.0001    |
|    n_updates          | 11999     |
|    policy_loss        | -1.42e+06 |
|    std                | 1         |
|    value_loss         | 5.12e+09  |
-------------------------------------
-------------------------------------
| rollout/              |           |
|    ep_len_mean        | 77.6      |
|    ep_rew_mean        | -1.02e+06 |
| time/                 |           |
|    fps                | 1491      |
|    time_elapsed       | 650       |
|    total_timesteps    | 970000    |
| train/                |           |
|    entropy_loss       | -21.3     |
|    explained_variance | 5.96e-08  |
|    learning_rate      | 0.0001    |
|    n_updates          | 12124     |
|    policy_loss        | -1.34e+06 |
|    std                | 1         |
|    value_loss         | 4.37e+09  |
-------------------------------------
-------------------------------------
| rollout/              |           |
|    ep_len_mean        | 87.1      |
|    ep_rew_mean        | -1.13e+06 |
| time/                 |           |
|    fps                | 1493      |
|    time_elapsed       | 655       |
|    total_timesteps    | 980000    |
| train/                |           |
|    entropy_loss       | -21.3     |
|    explained_variance | 1.79e-07  |
|    learning_rate      | 0.0001    |
|    n_updates          | 12249     |
|    policy_loss        | -1.47e+06 |
|    std                | 1         |
|    value_loss         | 5.62e+09  |
-------------------------------------
-------------------------------------
| rollout/              |           |
|    ep_len_mean        | 76.6      |
|    ep_rew_mean        | -1e+06    |
| time/                 |           |
|    fps                | 1495      |
|    time_elapsed       | 661       |
|    total_timesteps    | 990000    |
| train/                |           |
|    entropy_loss       | -21.3     |
|    explained_variance | 0         |
|    learning_rate      | 0.0001    |
|    n_updates          | 12374     |
|    policy_loss        | -1.32e+06 |
|    std                | 1         |
|    value_loss         | 4.4e+09   |
-------------------------------------
-------------------------------------
| rollout/              |           |
|    ep_len_mean        | 78.3      |
|    ep_rew_mean        | -1.03e+06 |
| time/                 |           |
|    fps                | 1497      |
|    time_elapsed       | 667       |
|    total_timesteps    | 1000000   |
| train/                |           |
|    entropy_loss       | -21.3     |
|    explained_variance | 0         |
|    learning_rate      | 0.0001    |
|    n_updates          | 12499     |
|    policy_loss        | -1.48e+06 |
|    std                | 1         |
|    value_loss         | 5.46e+09  |
-------------------------------------
Training ended on Tue Jan 27 16:30:32 2026
Training lasted 0:11:07.628859
