Logging to training_random_logs/5_robots/logs/PPO_set4
Using cpu device
Training started on Tue Jan 27 16:20:22 2026
Experiment configuration: {'algorithm': 'PPO', 'set': 4, 'verbose': 1, 'steps': 1000000, 'num_robots': 5, 'num_envs': 4, 'seed': 33, 'log_steps': 10000, 'resume': False, 'device': 'cpu'}
------------------------------------------
| rollout/                |              |
|    ep_len_mean          | 23.1         |
|    ep_rew_mean          | -4.27e+05    |
| time/                   |              |
|    fps                  | 807          |
|    time_elapsed         | 12           |
|    total_timesteps      | 10000        |
| train/                  |              |
|    approx_kl            | 0.0074931704 |
|    clip_fraction        | 0.0512       |
|    clip_range           | 0.2          |
|    entropy_loss         | -21.3        |
|    explained_variance   | 2.21e-06     |
|    learning_rate        | 0.0017       |
|    loss                 | 1.57e+10     |
|    n_updates            | 10           |
|    policy_gradient_loss | -0.00859     |
|    std                  | 1            |
|    value_loss           | 3.03e+10     |
------------------------------------------
------------------------------------------
| rollout/                |              |
|    ep_len_mean          | 22.5         |
|    ep_rew_mean          | -4.22e+05    |
| time/                   |              |
|    fps                  | 816          |
|    time_elapsed         | 24           |
|    total_timesteps      | 20000        |
| train/                  |              |
|    approx_kl            | 0.0075534973 |
|    clip_fraction        | 0.0461       |
|    clip_range           | 0.2          |
|    entropy_loss         | -21.4        |
|    explained_variance   | 0            |
|    learning_rate        | 0.0017       |
|    loss                 | 1.17e+10     |
|    n_updates            | 20           |
|    policy_gradient_loss | -0.0076      |
|    std                  | 1.01         |
|    value_loss           | 2.61e+10     |
------------------------------------------
-----------------------------------------
| rollout/                |             |
|    ep_len_mean          | 20.2        |
|    ep_rew_mean          | -3.71e+05   |
| time/                   |             |
|    fps                  | 877         |
|    time_elapsed         | 34          |
|    total_timesteps      | 30000       |
| train/                  |             |
|    approx_kl            | 0.007367781 |
|    clip_fraction        | 0.0517      |
|    clip_range           | 0.2         |
|    entropy_loss         | -21.4       |
|    explained_variance   | 5.96e-08    |
|    learning_rate        | 0.0017      |
|    loss                 | 1.27e+10    |
|    n_updates            | 30          |
|    policy_gradient_loss | -0.00811    |
|    std                  | 1.01        |
|    value_loss           | 2.67e+10    |
-----------------------------------------
----------------------------------------
| rollout/                |            |
|    ep_len_mean          | 17.8       |
|    ep_rew_mean          | -3.32e+05  |
| time/                   |            |
|    fps                  | 910        |
|    time_elapsed         | 43         |
|    total_timesteps      | 40000      |
| train/                  |            |
|    approx_kl            | 0.00715951 |
|    clip_fraction        | 0.0424     |
|    clip_range           | 0.2        |
|    entropy_loss         | -21.4      |
|    explained_variance   | 5.96e-08   |
|    learning_rate        | 0.0017     |
|    loss                 | 1.32e+10   |
|    n_updates            | 40         |
|    policy_gradient_loss | -0.00742   |
|    std                  | 1.01       |
|    value_loss           | 2.46e+10   |
----------------------------------------
-----------------------------------------
| rollout/                |             |
|    ep_len_mean          | 17.3        |
|    ep_rew_mean          | -3.18e+05   |
| time/                   |             |
|    fps                  | 869         |
|    time_elapsed         | 57          |
|    total_timesteps      | 50000       |
| train/                  |             |
|    approx_kl            | 0.004310271 |
|    clip_fraction        | 0.0135      |
|    clip_range           | 0.2         |
|    entropy_loss         | -21.5       |
|    explained_variance   | -1.19e-07   |
|    learning_rate        | 0.0017      |
|    loss                 | 1.12e+10    |
|    n_updates            | 60          |
|    policy_gradient_loss | -0.00339    |
|    std                  | 1.02        |
|    value_loss           | 2.27e+10    |
-----------------------------------------
-----------------------------------------
| rollout/                |             |
|    ep_len_mean          | 16.4        |
|    ep_rew_mean          | -3.04e+05   |
| time/                   |             |
|    fps                  | 874         |
|    time_elapsed         | 68          |
|    total_timesteps      | 60000       |
| train/                  |             |
|    approx_kl            | 0.006553758 |
|    clip_fraction        | 0.0353      |
|    clip_range           | 0.2         |
|    entropy_loss         | -21.6       |
|    explained_variance   | 1.79e-07    |
|    learning_rate        | 0.0017      |
|    loss                 | 1.1e+10     |
|    n_updates            | 70          |
|    policy_gradient_loss | -0.00623    |
|    std                  | 1.02        |
|    value_loss           | 2.14e+10    |
-----------------------------------------
-----------------------------------------
| rollout/                |             |
|    ep_len_mean          | 17.6        |
|    ep_rew_mean          | -3.24e+05   |
| time/                   |             |
|    fps                  | 865         |
|    time_elapsed         | 80          |
|    total_timesteps      | 70000       |
| train/                  |             |
|    approx_kl            | 0.005667683 |
|    clip_fraction        | 0.0257      |
|    clip_range           | 0.2         |
|    entropy_loss         | -21.6       |
|    explained_variance   | 5.96e-08    |
|    learning_rate        | 0.0017      |
|    loss                 | 1.08e+10    |
|    n_updates            | 80          |
|    policy_gradient_loss | -0.00524    |
|    std                  | 1.03        |
|    value_loss           | 2.17e+10    |
-----------------------------------------
------------------------------------------
| rollout/                |              |
|    ep_len_mean          | 14.8         |
|    ep_rew_mean          | -2.76e+05    |
| time/                   |              |
|    fps                  | 858          |
|    time_elapsed         | 93           |
|    total_timesteps      | 80000        |
| train/                  |              |
|    approx_kl            | 0.0032372908 |
|    clip_fraction        | 0.00394      |
|    clip_range           | 0.2          |
|    entropy_loss         | -21.7        |
|    explained_variance   | 0            |
|    learning_rate        | 0.0017       |
|    loss                 | 1.09e+10     |
|    n_updates            | 90           |
|    policy_gradient_loss | -0.00217     |
|    std                  | 1.03         |
|    value_loss           | 2.21e+10     |
------------------------------------------
-----------------------------------------
| rollout/                |             |
|    ep_len_mean          | 14.8        |
|    ep_rew_mean          | -2.75e+05   |
| time/                   |             |
|    fps                  | 853         |
|    time_elapsed         | 105         |
|    total_timesteps      | 90000       |
| train/                  |             |
|    approx_kl            | 0.004170481 |
|    clip_fraction        | 0.00789     |
|    clip_range           | 0.2         |
|    entropy_loss         | -21.8       |
|    explained_variance   | 0           |
|    learning_rate        | 0.0017      |
|    loss                 | 1.24e+10    |
|    n_updates            | 100         |
|    policy_gradient_loss | -0.00428    |
|    std                  | 1.03        |
|    value_loss           | 2.31e+10    |
-----------------------------------------
----------------------------------------
| rollout/                |            |
|    ep_len_mean          | 16.4       |
|    ep_rew_mean          | -3.05e+05  |
| time/                   |            |
|    fps                  | 812        |
|    time_elapsed         | 123        |
|    total_timesteps      | 100000     |
| train/                  |            |
|    approx_kl            | 0.00432132 |
|    clip_fraction        | 0.0106     |
|    clip_range           | 0.2        |
|    entropy_loss         | -21.9      |
|    explained_variance   | 1.79e-07   |
|    learning_rate        | 0.0017     |
|    loss                 | 1.14e+10   |
|    n_updates            | 120        |
|    policy_gradient_loss | -0.00333   |
|    std                  | 1.04       |
|    value_loss           | 2.33e+10   |
----------------------------------------
------------------------------------------
| rollout/                |              |
|    ep_len_mean          | 16.8         |
|    ep_rew_mean          | -3.11e+05    |
| time/                   |              |
|    fps                  | 812          |
|    time_elapsed         | 135          |
|    total_timesteps      | 110000       |
| train/                  |              |
|    approx_kl            | 0.0044172676 |
|    clip_fraction        | 0.00939      |
|    clip_range           | 0.2          |
|    entropy_loss         | -21.9        |
|    explained_variance   | 0            |
|    learning_rate        | 0.0017       |
|    loss                 | 1.08e+10     |
|    n_updates            | 130          |
|    policy_gradient_loss | -0.00392     |
|    std                  | 1.05         |
|    value_loss           | 2.29e+10     |
------------------------------------------
------------------------------------------
| rollout/                |              |
|    ep_len_mean          | 13.8         |
|    ep_rew_mean          | -2.64e+05    |
| time/                   |              |
|    fps                  | 812          |
|    time_elapsed         | 147          |
|    total_timesteps      | 120000       |
| train/                  |              |
|    approx_kl            | 0.0038304336 |
|    clip_fraction        | 0.00841      |
|    clip_range           | 0.2          |
|    entropy_loss         | -22          |
|    explained_variance   | 0            |
|    learning_rate        | 0.0017       |
|    loss                 | 1.12e+10     |
|    n_updates            | 140          |
|    policy_gradient_loss | -0.00316     |
|    std                  | 1.05         |
|    value_loss           | 2.24e+10     |
------------------------------------------
------------------------------------------
| rollout/                |              |
|    ep_len_mean          | 15.1         |
|    ep_rew_mean          | -2.87e+05    |
| time/                   |              |
|    fps                  | 811          |
|    time_elapsed         | 160          |
|    total_timesteps      | 130000       |
| train/                  |              |
|    approx_kl            | 0.0029671788 |
|    clip_fraction        | 0.00315      |
|    clip_range           | 0.2          |
|    entropy_loss         | -22          |
|    explained_variance   | -1.19e-07    |
|    learning_rate        | 0.0017       |
|    loss                 | 1.39e+10     |
|    n_updates            | 150          |
|    policy_gradient_loss | -0.00294     |
|    std                  | 1.05         |
|    value_loss           | 2.39e+10     |
------------------------------------------
-----------------------------------------
| rollout/                |             |
|    ep_len_mean          | 12.1        |
|    ep_rew_mean          | -2.32e+05   |
| time/                   |             |
|    fps                  | 785         |
|    time_elapsed         | 178         |
|    total_timesteps      | 140000      |
| train/                  |             |
|    approx_kl            | 0.003936982 |
|    clip_fraction        | 0.00814     |
|    clip_range           | 0.2         |
|    entropy_loss         | -22.2       |
|    explained_variance   | -1.19e-07   |
|    learning_rate        | 0.0017      |
|    loss                 | 9.5e+09     |
|    n_updates            | 170         |
|    policy_gradient_loss | -0.00335    |
|    std                  | 1.06        |
|    value_loss           | 2.05e+10    |
-----------------------------------------
-----------------------------------------
| rollout/                |             |
|    ep_len_mean          | 13.3        |
|    ep_rew_mean          | -2.56e+05   |
| time/                   |             |
|    fps                  | 787         |
|    time_elapsed         | 190         |
|    total_timesteps      | 150000      |
| train/                  |             |
|    approx_kl            | 0.003977306 |
|    clip_fraction        | 0.00658     |
|    clip_range           | 0.2         |
|    entropy_loss         | -22.2       |
|    explained_variance   | 5.96e-08    |
|    learning_rate        | 0.0017      |
|    loss                 | 9.63e+09    |
|    n_updates            | 180         |
|    policy_gradient_loss | -0.0034     |
|    std                  | 1.07        |
|    value_loss           | 2.12e+10    |
-----------------------------------------
----------------------------------------
| rollout/                |            |
|    ep_len_mean          | 14.2       |
|    ep_rew_mean          | -2.7e+05   |
| time/                   |            |
|    fps                  | 788        |
|    time_elapsed         | 202        |
|    total_timesteps      | 160000     |
| train/                  |            |
|    approx_kl            | 0.00381411 |
|    clip_fraction        | 0.00676    |
|    clip_range           | 0.2        |
|    entropy_loss         | -22.3      |
|    explained_variance   | 0          |
|    learning_rate        | 0.0017     |
|    loss                 | 9.57e+09   |
|    n_updates            | 190        |
|    policy_gradient_loss | -0.00339   |
|    std                  | 1.07       |
|    value_loss           | 2.24e+10   |
----------------------------------------
------------------------------------------
| rollout/                |              |
|    ep_len_mean          | 13.6         |
|    ep_rew_mean          | -2.54e+05    |
| time/                   |              |
|    fps                  | 789          |
|    time_elapsed         | 215          |
|    total_timesteps      | 170000       |
| train/                  |              |
|    approx_kl            | 0.0038646809 |
|    clip_fraction        | 0.00924      |
|    clip_range           | 0.2          |
|    entropy_loss         | -22.3        |
|    explained_variance   | -1.19e-07    |
|    learning_rate        | 0.0017       |
|    loss                 | 1.03e+10     |
|    n_updates            | 200          |
|    policy_gradient_loss | -0.0032      |
|    std                  | 1.07         |
|    value_loss           | 2.11e+10     |
------------------------------------------
------------------------------------------
| rollout/                |              |
|    ep_len_mean          | 14.6         |
|    ep_rew_mean          | -2.78e+05    |
| time/                   |              |
|    fps                  | 797          |
|    time_elapsed         | 225          |
|    total_timesteps      | 180000       |
| train/                  |              |
|    approx_kl            | 0.0025299364 |
|    clip_fraction        | 0.00192      |
|    clip_range           | 0.2          |
|    entropy_loss         | -22.4        |
|    explained_variance   | -1.19e-07    |
|    learning_rate        | 0.0017       |
|    loss                 | 9.85e+09     |
|    n_updates            | 210          |
|    policy_gradient_loss | -0.0022      |
|    std                  | 1.08         |
|    value_loss           | 2.11e+10     |
------------------------------------------
------------------------------------------
| rollout/                |              |
|    ep_len_mean          | 14.5         |
|    ep_rew_mean          | -2.65e+05    |
| time/                   |              |
|    fps                  | 792          |
|    time_elapsed         | 239          |
|    total_timesteps      | 190000       |
| train/                  |              |
|    approx_kl            | 0.0031994053 |
|    clip_fraction        | 0.00414      |
|    clip_range           | 0.2          |
|    entropy_loss         | -22.5        |
|    explained_variance   | 1.19e-07     |
|    learning_rate        | 0.0017       |
|    loss                 | 9.99e+09     |
|    n_updates            | 230          |
|    policy_gradient_loss | -0.00302     |
|    std                  | 1.09         |
|    value_loss           | 2.07e+10     |
------------------------------------------
------------------------------------------
| rollout/                |              |
|    ep_len_mean          | 12.1         |
|    ep_rew_mean          | -2.28e+05    |
| time/                   |              |
|    fps                  | 801          |
|    time_elapsed         | 249          |
|    total_timesteps      | 200000       |
| train/                  |              |
|    approx_kl            | 0.0035449394 |
|    clip_fraction        | 0.0047       |
|    clip_range           | 0.2          |
|    entropy_loss         | -22.6        |
|    explained_variance   | -1.19e-07    |
|    learning_rate        | 0.0017       |
|    loss                 | 9.28e+09     |
|    n_updates            | 240          |
|    policy_gradient_loss | -0.00262     |
|    std                  | 1.09         |
|    value_loss           | 1.87e+10     |
------------------------------------------
------------------------------------------
| rollout/                |              |
|    ep_len_mean          | 13.8         |
|    ep_rew_mean          | -2.58e+05    |
| time/                   |              |
|    fps                  | 809          |
|    time_elapsed         | 259          |
|    total_timesteps      | 210000       |
| train/                  |              |
|    approx_kl            | 0.0035194256 |
|    clip_fraction        | 0.00518      |
|    clip_range           | 0.2          |
|    entropy_loss         | -22.6        |
|    explained_variance   | -1.19e-07    |
|    learning_rate        | 0.0017       |
|    loss                 | 9.25e+09     |
|    n_updates            | 250          |
|    policy_gradient_loss | -0.003       |
|    std                  | 1.1          |
|    value_loss           | 2.04e+10     |
------------------------------------------
------------------------------------------
| rollout/                |              |
|    ep_len_mean          | 12           |
|    ep_rew_mean          | -2.3e+05     |
| time/                   |              |
|    fps                  | 816          |
|    time_elapsed         | 269          |
|    total_timesteps      | 220000       |
| train/                  |              |
|    approx_kl            | 0.0031518529 |
|    clip_fraction        | 0.00315      |
|    clip_range           | 0.2          |
|    entropy_loss         | -22.7        |
|    explained_variance   | 1.19e-07     |
|    learning_rate        | 0.0017       |
|    loss                 | 8.32e+09     |
|    n_updates            | 260          |
|    policy_gradient_loss | -0.00291     |
|    std                  | 1.1          |
|    value_loss           | 2e+10        |
------------------------------------------
-----------------------------------------
| rollout/                |             |
|    ep_len_mean          | 14.3        |
|    ep_rew_mean          | -2.66e+05   |
| time/                   |             |
|    fps                  | 811         |
|    time_elapsed         | 283         |
|    total_timesteps      | 230000      |
| train/                  |             |
|    approx_kl            | 0.005239132 |
|    clip_fraction        | 0.0159      |
|    clip_range           | 0.2         |
|    entropy_loss         | -22.8       |
|    explained_variance   | -2.38e-07   |
|    learning_rate        | 0.0017      |
|    loss                 | 9.06e+09    |
|    n_updates            | 280         |
|    policy_gradient_loss | -0.00421    |
|    std                  | 1.11        |
|    value_loss           | 2.02e+10    |
-----------------------------------------
------------------------------------------
| rollout/                |              |
|    ep_len_mean          | 11.1         |
|    ep_rew_mean          | -2.17e+05    |
| time/                   |              |
|    fps                  | 818          |
|    time_elapsed         | 293          |
|    total_timesteps      | 240000       |
| train/                  |              |
|    approx_kl            | 0.0026861394 |
|    clip_fraction        | 0.00221      |
|    clip_range           | 0.2          |
|    entropy_loss         | -22.9        |
|    explained_variance   | 0            |
|    learning_rate        | 0.0017       |
|    loss                 | 1.13e+10     |
|    n_updates            | 290          |
|    policy_gradient_loss | -0.00278     |
|    std                  | 1.11         |
|    value_loss           | 2.06e+10     |
------------------------------------------
----------------------------------------
| rollout/                |            |
|    ep_len_mean          | 12.1       |
|    ep_rew_mean          | -2.28e+05  |
| time/                   |            |
|    fps                  | 824        |
|    time_elapsed         | 303        |
|    total_timesteps      | 250000     |
| train/                  |            |
|    approx_kl            | 0.00399743 |
|    clip_fraction        | 0.00762    |
|    clip_range           | 0.2        |
|    entropy_loss         | -22.9      |
|    explained_variance   | 0          |
|    learning_rate        | 0.0017     |
|    loss                 | 9.27e+09   |
|    n_updates            | 300        |
|    policy_gradient_loss | -0.00355   |
|    std                  | 1.12       |
|    value_loss           | 1.83e+10   |
----------------------------------------
-----------------------------------------
| rollout/                |             |
|    ep_len_mean          | 13.4        |
|    ep_rew_mean          | -2.49e+05   |
| time/                   |             |
|    fps                  | 830         |
|    time_elapsed         | 313         |
|    total_timesteps      | 260000      |
| train/                  |             |
|    approx_kl            | 0.004177087 |
|    clip_fraction        | 0.00806     |
|    clip_range           | 0.2         |
|    entropy_loss         | -23         |
|    explained_variance   | -1.19e-07   |
|    learning_rate        | 0.0017      |
|    loss                 | 8.81e+09    |
|    n_updates            | 310         |
|    policy_gradient_loss | -0.00347    |
|    std                  | 1.12        |
|    value_loss           | 1.82e+10    |
-----------------------------------------
------------------------------------------
| rollout/                |              |
|    ep_len_mean          | 13.5         |
|    ep_rew_mean          | -2.57e+05    |
| time/                   |              |
|    fps                  | 835          |
|    time_elapsed         | 323          |
|    total_timesteps      | 270000       |
| train/                  |              |
|    approx_kl            | 0.0038562473 |
|    clip_fraction        | 0.00818      |
|    clip_range           | 0.2          |
|    entropy_loss         | -23.1        |
|    explained_variance   | 0            |
|    learning_rate        | 0.0017       |
|    loss                 | 9.27e+09     |
|    n_updates            | 320          |
|    policy_gradient_loss | -0.00417     |
|    std                  | 1.13         |
|    value_loss           | 1.9e+10      |
------------------------------------------
------------------------------------------
| rollout/                |              |
|    ep_len_mean          | 11.8         |
|    ep_rew_mean          | -2.25e+05    |
| time/                   |              |
|    fps                  | 830          |
|    time_elapsed         | 337          |
|    total_timesteps      | 280000       |
| train/                  |              |
|    approx_kl            | 0.0040715905 |
|    clip_fraction        | 0.00787      |
|    clip_range           | 0.2          |
|    entropy_loss         | -23.2        |
|    explained_variance   | 1.19e-07     |
|    learning_rate        | 0.0017       |
|    loss                 | 1.07e+10     |
|    n_updates            | 340          |
|    policy_gradient_loss | -0.00387     |
|    std                  | 1.14         |
|    value_loss           | 1.91e+10     |
------------------------------------------
------------------------------------------
| rollout/                |              |
|    ep_len_mean          | 12.8         |
|    ep_rew_mean          | -2.44e+05    |
| time/                   |              |
|    fps                  | 835          |
|    time_elapsed         | 347          |
|    total_timesteps      | 290000       |
| train/                  |              |
|    approx_kl            | 0.0028201495 |
|    clip_fraction        | 0.00341      |
|    clip_range           | 0.2          |
|    entropy_loss         | -23.2        |
|    explained_variance   | -1.19e-07    |
|    learning_rate        | 0.0017       |
|    loss                 | 9.58e+09     |
|    n_updates            | 350          |
|    policy_gradient_loss | -0.0026      |
|    std                  | 1.14         |
|    value_loss           | 1.76e+10     |
------------------------------------------
------------------------------------------
| rollout/                |              |
|    ep_len_mean          | 12.2         |
|    ep_rew_mean          | -2.32e+05    |
| time/                   |              |
|    fps                  | 839          |
|    time_elapsed         | 357          |
|    total_timesteps      | 300000       |
| train/                  |              |
|    approx_kl            | 0.0039767195 |
|    clip_fraction        | 0.0076       |
|    clip_range           | 0.2          |
|    entropy_loss         | -23.3        |
|    explained_variance   | -1.19e-07    |
|    learning_rate        | 0.0017       |
|    loss                 | 1e+10        |
|    n_updates            | 360          |
|    policy_gradient_loss | -0.00303     |
|    std                  | 1.15         |
|    value_loss           | 1.83e+10     |
------------------------------------------
------------------------------------------
| rollout/                |              |
|    ep_len_mean          | 12.9         |
|    ep_rew_mean          | -2.44e+05    |
| time/                   |              |
|    fps                  | 844          |
|    time_elapsed         | 367          |
|    total_timesteps      | 310000       |
| train/                  |              |
|    approx_kl            | 0.0025678542 |
|    clip_fraction        | 0.00192      |
|    clip_range           | 0.2          |
|    entropy_loss         | -23.4        |
|    explained_variance   | 0            |
|    learning_rate        | 0.0017       |
|    loss                 | 7.87e+09     |
|    n_updates            | 370          |
|    policy_gradient_loss | -0.00251     |
|    std                  | 1.15         |
|    value_loss           | 1.97e+10     |
------------------------------------------
------------------------------------------
| rollout/                |              |
|    ep_len_mean          | 11.4         |
|    ep_rew_mean          | -2.2e+05     |
| time/                   |              |
|    fps                  | 839          |
|    time_elapsed         | 381          |
|    total_timesteps      | 320000       |
| train/                  |              |
|    approx_kl            | 0.0032314057 |
|    clip_fraction        | 0.00364      |
|    clip_range           | 0.2          |
|    entropy_loss         | -23.5        |
|    explained_variance   | 1.79e-07     |
|    learning_rate        | 0.0017       |
|    loss                 | 8.21e+09     |
|    n_updates            | 390          |
|    policy_gradient_loss | -0.00308     |
|    std                  | 1.16         |
|    value_loss           | 1.74e+10     |
------------------------------------------
------------------------------------------
| rollout/                |              |
|    ep_len_mean          | 12.8         |
|    ep_rew_mean          | -2.38e+05    |
| time/                   |              |
|    fps                  | 843          |
|    time_elapsed         | 391          |
|    total_timesteps      | 330000       |
| train/                  |              |
|    approx_kl            | 0.0030995978 |
|    clip_fraction        | 0.00433      |
|    clip_range           | 0.2          |
|    entropy_loss         | -23.6        |
|    explained_variance   | 0            |
|    learning_rate        | 0.0017       |
|    loss                 | 8.32e+09     |
|    n_updates            | 400          |
|    policy_gradient_loss | -0.00283     |
|    std                  | 1.17         |
|    value_loss           | 1.81e+10     |
------------------------------------------
------------------------------------------
| rollout/                |              |
|    ep_len_mean          | 11.5         |
|    ep_rew_mean          | -2.18e+05    |
| time/                   |              |
|    fps                  | 847          |
|    time_elapsed         | 401          |
|    total_timesteps      | 340000       |
| train/                  |              |
|    approx_kl            | 0.0023173764 |
|    clip_fraction        | 0.00171      |
|    clip_range           | 0.2          |
|    entropy_loss         | -23.6        |
|    explained_variance   | 0            |
|    learning_rate        | 0.0017       |
|    loss                 | 8.14e+09     |
|    n_updates            | 410          |
|    policy_gradient_loss | -0.00188     |
|    std                  | 1.17         |
|    value_loss           | 1.67e+10     |
------------------------------------------
------------------------------------------
| rollout/                |              |
|    ep_len_mean          | 11.5         |
|    ep_rew_mean          | -2.21e+05    |
| time/                   |              |
|    fps                  | 850          |
|    time_elapsed         | 411          |
|    total_timesteps      | 350000       |
| train/                  |              |
|    approx_kl            | 0.0026754774 |
|    clip_fraction        | 0.00317      |
|    clip_range           | 0.2          |
|    entropy_loss         | -23.7        |
|    explained_variance   | 1.19e-07     |
|    learning_rate        | 0.0017       |
|    loss                 | 9.18e+09     |
|    n_updates            | 420          |
|    policy_gradient_loss | -0.00238     |
|    std                  | 1.18         |
|    value_loss           | 1.73e+10     |
------------------------------------------
------------------------------------------
| rollout/                |              |
|    ep_len_mean          | 13.7         |
|    ep_rew_mean          | -2.51e+05    |
| time/                   |              |
|    fps                  | 854          |
|    time_elapsed         | 421          |
|    total_timesteps      | 360000       |
| train/                  |              |
|    approx_kl            | 0.0025192245 |
|    clip_fraction        | 0.00168      |
|    clip_range           | 0.2          |
|    entropy_loss         | -23.7        |
|    explained_variance   | 0            |
|    learning_rate        | 0.0017       |
|    loss                 | 8.55e+09     |
|    n_updates            | 430          |
|    policy_gradient_loss | -0.00219     |
|    std                  | 1.18         |
|    value_loss           | 1.74e+10     |
------------------------------------------
------------------------------------------
| rollout/                |              |
|    ep_len_mean          | 13.3         |
|    ep_rew_mean          | -2.44e+05    |
| time/                   |              |
|    fps                  | 849          |
|    time_elapsed         | 435          |
|    total_timesteps      | 370000       |
| train/                  |              |
|    approx_kl            | 0.0030724732 |
|    clip_fraction        | 0.00323      |
|    clip_range           | 0.2          |
|    entropy_loss         | -23.9        |
|    explained_variance   | 0            |
|    learning_rate        | 0.0017       |
|    loss                 | 7.31e+09     |
|    n_updates            | 450          |
|    policy_gradient_loss | -0.0031      |
|    std                  | 1.19         |
|    value_loss           | 1.66e+10     |
------------------------------------------
------------------------------------------
| rollout/                |              |
|    ep_len_mean          | 13.2         |
|    ep_rew_mean          | -2.42e+05    |
| time/                   |              |
|    fps                  | 852          |
|    time_elapsed         | 445          |
|    total_timesteps      | 380000       |
| train/                  |              |
|    approx_kl            | 0.0025463002 |
|    clip_fraction        | 0.00269      |
|    clip_range           | 0.2          |
|    entropy_loss         | -23.9        |
|    explained_variance   | 0            |
|    learning_rate        | 0.0017       |
|    loss                 | 7.74e+09     |
|    n_updates            | 460          |
|    policy_gradient_loss | -0.00237     |
|    std                  | 1.2          |
|    value_loss           | 1.72e+10     |
------------------------------------------
------------------------------------------
| rollout/                |              |
|    ep_len_mean          | 11.4         |
|    ep_rew_mean          | -2.12e+05    |
| time/                   |              |
|    fps                  | 855          |
|    time_elapsed         | 455          |
|    total_timesteps      | 390000       |
| train/                  |              |
|    approx_kl            | 0.0025533524 |
|    clip_fraction        | 0.00255      |
|    clip_range           | 0.2          |
|    entropy_loss         | -24          |
|    explained_variance   | -1.19e-07    |
|    learning_rate        | 0.0017       |
|    loss                 | 8.71e+09     |
|    n_updates            | 470          |
|    policy_gradient_loss | -0.00239     |
|    std                  | 1.2          |
|    value_loss           | 1.69e+10     |
------------------------------------------
-----------------------------------------
| rollout/                |             |
|    ep_len_mean          | 10.4        |
|    ep_rew_mean          | -2.02e+05   |
| time/                   |             |
|    fps                  | 858         |
|    time_elapsed         | 466         |
|    total_timesteps      | 400000      |
| train/                  |             |
|    approx_kl            | 0.004842389 |
|    clip_fraction        | 0.011       |
|    clip_range           | 0.2         |
|    entropy_loss         | -24.1       |
|    explained_variance   | 0           |
|    learning_rate        | 0.0017      |
|    loss                 | 8.22e+09    |
|    n_updates            | 480         |
|    policy_gradient_loss | -0.00373    |
|    std                  | 1.21        |
|    value_loss           | 1.6e+10     |
-----------------------------------------
------------------------------------------
| rollout/                |              |
|    ep_len_mean          | 11.4         |
|    ep_rew_mean          | -2.22e+05    |
| time/                   |              |
|    fps                  | 853          |
|    time_elapsed         | 480          |
|    total_timesteps      | 410000       |
| train/                  |              |
|    approx_kl            | 0.0025039238 |
|    clip_fraction        | 0.00443      |
|    clip_range           | 0.2          |
|    entropy_loss         | -24.2        |
|    explained_variance   | 5.96e-08     |
|    learning_rate        | 0.0017       |
|    loss                 | 8.98e+09     |
|    n_updates            | 500          |
|    policy_gradient_loss | -0.00217     |
|    std                  | 1.22         |
|    value_loss           | 1.74e+10     |
------------------------------------------
-----------------------------------------
| rollout/                |             |
|    ep_len_mean          | 11.1        |
|    ep_rew_mean          | -2.11e+05   |
| time/                   |             |
|    fps                  | 856         |
|    time_elapsed         | 490         |
|    total_timesteps      | 420000      |
| train/                  |             |
|    approx_kl            | 0.002163949 |
|    clip_fraction        | 0.00112     |
|    clip_range           | 0.2         |
|    entropy_loss         | -24.3       |
|    explained_variance   | 0           |
|    learning_rate        | 0.0017      |
|    loss                 | 7.68e+09    |
|    n_updates            | 510         |
|    policy_gradient_loss | -0.00249    |
|    std                  | 1.22        |
|    value_loss           | 1.58e+10    |
-----------------------------------------
------------------------------------------
| rollout/                |              |
|    ep_len_mean          | 11           |
|    ep_rew_mean          | -2.08e+05    |
| time/                   |              |
|    fps                  | 859          |
|    time_elapsed         | 500          |
|    total_timesteps      | 430000       |
| train/                  |              |
|    approx_kl            | 0.0043352665 |
|    clip_fraction        | 0.0135       |
|    clip_range           | 0.2          |
|    entropy_loss         | -24.3        |
|    explained_variance   | -1.19e-07    |
|    learning_rate        | 0.0017       |
|    loss                 | 7.56e+09     |
|    n_updates            | 520          |
|    policy_gradient_loss | -0.00404     |
|    std                  | 1.23         |
|    value_loss           | 1.63e+10     |
------------------------------------------
------------------------------------------
| rollout/                |              |
|    ep_len_mean          | 10.9         |
|    ep_rew_mean          | -2.09e+05    |
| time/                   |              |
|    fps                  | 862          |
|    time_elapsed         | 510          |
|    total_timesteps      | 440000       |
| train/                  |              |
|    approx_kl            | 0.0030973796 |
|    clip_fraction        | 0.00416      |
|    clip_range           | 0.2          |
|    entropy_loss         | -24.4        |
|    explained_variance   | 0            |
|    learning_rate        | 0.0017       |
|    loss                 | 7.64e+09     |
|    n_updates            | 530          |
|    policy_gradient_loss | -0.00299     |
|    std                  | 1.23         |
|    value_loss           | 1.59e+10     |
------------------------------------------
-----------------------------------------
| rollout/                |             |
|    ep_len_mean          | 9.95        |
|    ep_rew_mean          | -1.97e+05   |
| time/                   |             |
|    fps                  | 864         |
|    time_elapsed         | 520         |
|    total_timesteps      | 450000      |
| train/                  |             |
|    approx_kl            | 0.004206321 |
|    clip_fraction        | 0.0104      |
|    clip_range           | 0.2         |
|    entropy_loss         | -24.4       |
|    explained_variance   | 1.79e-07    |
|    learning_rate        | 0.0017      |
|    loss                 | 8.11e+09    |
|    n_updates            | 540         |
|    policy_gradient_loss | -0.00342    |
|    std                  | 1.24        |
|    value_loss           | 1.59e+10    |
-----------------------------------------
------------------------------------------
| rollout/                |              |
|    ep_len_mean          | 13.9         |
|    ep_rew_mean          | -2.57e+05    |
| time/                   |              |
|    fps                  | 860          |
|    time_elapsed         | 534          |
|    total_timesteps      | 460000       |
| train/                  |              |
|    approx_kl            | 0.0030414867 |
|    clip_fraction        | 0.00468      |
|    clip_range           | 0.2          |
|    entropy_loss         | -24.6        |
|    explained_variance   | 0            |
|    learning_rate        | 0.0017       |
|    loss                 | 8.3e+09      |
|    n_updates            | 560          |
|    policy_gradient_loss | -0.00317     |
|    std                  | 1.25         |
|    value_loss           | 1.6e+10      |
------------------------------------------
------------------------------------------
| rollout/                |              |
|    ep_len_mean          | 10.3         |
|    ep_rew_mean          | -2.02e+05    |
| time/                   |              |
|    fps                  | 862          |
|    time_elapsed         | 544          |
|    total_timesteps      | 470000       |
| train/                  |              |
|    approx_kl            | 0.0022219382 |
|    clip_fraction        | 0.00183      |
|    clip_range           | 0.2          |
|    entropy_loss         | -24.6        |
|    explained_variance   | -1.19e-07    |
|    learning_rate        | 0.0017       |
|    loss                 | 7.79e+09     |
|    n_updates            | 570          |
|    policy_gradient_loss | -0.00206     |
|    std                  | 1.25         |
|    value_loss           | 1.61e+10     |
------------------------------------------
------------------------------------------
| rollout/                |              |
|    ep_len_mean          | 12.6         |
|    ep_rew_mean          | -2.28e+05    |
| time/                   |              |
|    fps                  | 865          |
|    time_elapsed         | 554          |
|    total_timesteps      | 480000       |
| train/                  |              |
|    approx_kl            | 0.0026273506 |
|    clip_fraction        | 0.00258      |
|    clip_range           | 0.2          |
|    entropy_loss         | -24.7        |
|    explained_variance   | 1.19e-07     |
|    learning_rate        | 0.0017       |
|    loss                 | 7.64e+09     |
|    n_updates            | 580          |
|    policy_gradient_loss | -0.00277     |
|    std                  | 1.26         |
|    value_loss           | 1.6e+10      |
------------------------------------------
------------------------------------------
| rollout/                |              |
|    ep_len_mean          | 10.4         |
|    ep_rew_mean          | -2.04e+05    |
| time/                   |              |
|    fps                  | 867          |
|    time_elapsed         | 564          |
|    total_timesteps      | 490000       |
| train/                  |              |
|    approx_kl            | 0.0023667817 |
|    clip_fraction        | 0.00226      |
|    clip_range           | 0.2          |
|    entropy_loss         | -24.8        |
|    explained_variance   | 0            |
|    learning_rate        | 0.0017       |
|    loss                 | 7.76e+09     |
|    n_updates            | 590          |
|    policy_gradient_loss | -0.00244     |
|    std                  | 1.27         |
|    value_loss           | 1.65e+10     |
------------------------------------------
-----------------------------------------
| rollout/                |             |
|    ep_len_mean          | 11.7        |
|    ep_rew_mean          | -2.22e+05   |
| time/                   |             |
|    fps                  | 863         |
|    time_elapsed         | 579         |
|    total_timesteps      | 500000      |
| train/                  |             |
|    approx_kl            | 0.004069658 |
|    clip_fraction        | 0.0133      |
|    clip_range           | 0.2         |
|    entropy_loss         | -24.9       |
|    explained_variance   | 0           |
|    learning_rate        | 0.0017      |
|    loss                 | 8.14e+09    |
|    n_updates            | 610         |
|    policy_gradient_loss | -0.00342    |
|    std                  | 1.28        |
|    value_loss           | 1.59e+10    |
-----------------------------------------
------------------------------------------
| rollout/                |              |
|    ep_len_mean          | 12.3         |
|    ep_rew_mean          | -2.31e+05    |
| time/                   |              |
|    fps                  | 865          |
|    time_elapsed         | 589          |
|    total_timesteps      | 510000       |
| train/                  |              |
|    approx_kl            | 0.0030190288 |
|    clip_fraction        | 0.00377      |
|    clip_range           | 0.2          |
|    entropy_loss         | -25          |
|    explained_variance   | 1.79e-07     |
|    learning_rate        | 0.0017       |
|    loss                 | 8.86e+09     |
|    n_updates            | 620          |
|    policy_gradient_loss | -0.00273     |
|    std                  | 1.28         |
|    value_loss           | 1.57e+10     |
------------------------------------------
------------------------------------------
| rollout/                |              |
|    ep_len_mean          | 11.6         |
|    ep_rew_mean          | -2.16e+05    |
| time/                   |              |
|    fps                  | 867          |
|    time_elapsed         | 599          |
|    total_timesteps      | 520000       |
| train/                  |              |
|    approx_kl            | 0.0037074992 |
|    clip_fraction        | 0.00648      |
|    clip_range           | 0.2          |
|    entropy_loss         | -25.1        |
|    explained_variance   | -1.19e-07    |
|    learning_rate        | 0.0017       |
|    loss                 | 7.57e+09     |
|    n_updates            | 630          |
|    policy_gradient_loss | -0.00333     |
|    std                  | 1.29         |
|    value_loss           | 1.55e+10     |
------------------------------------------
------------------------------------------
| rollout/                |              |
|    ep_len_mean          | 12.2         |
|    ep_rew_mean          | -2.26e+05    |
| time/                   |              |
|    fps                  | 869          |
|    time_elapsed         | 609          |
|    total_timesteps      | 530000       |
| train/                  |              |
|    approx_kl            | 0.0028338162 |
|    clip_fraction        | 0.00751      |
|    clip_range           | 0.2          |
|    entropy_loss         | -25.1        |
|    explained_variance   | 0            |
|    learning_rate        | 0.0017       |
|    loss                 | 7.94e+09     |
|    n_updates            | 640          |
|    policy_gradient_loss | -0.00273     |
|    std                  | 1.29         |
|    value_loss           | 1.54e+10     |
------------------------------------------
------------------------------------------
| rollout/                |              |
|    ep_len_mean          | 11.3         |
|    ep_rew_mean          | -2.15e+05    |
| time/                   |              |
|    fps                  | 871          |
|    time_elapsed         | 619          |
|    total_timesteps      | 540000       |
| train/                  |              |
|    approx_kl            | 0.0034297504 |
|    clip_fraction        | 0.00518      |
|    clip_range           | 0.2          |
|    entropy_loss         | -25.2        |
|    explained_variance   | 0            |
|    learning_rate        | 0.0017       |
|    loss                 | 8.03e+09     |
|    n_updates            | 650          |
|    policy_gradient_loss | -0.00284     |
|    std                  | 1.3          |
|    value_loss           | 1.47e+10     |
------------------------------------------
------------------------------------------
| rollout/                |              |
|    ep_len_mean          | 11.2         |
|    ep_rew_mean          | -2.06e+05    |
| time/                   |              |
|    fps                  | 867          |
|    time_elapsed         | 633          |
|    total_timesteps      | 550000       |
| train/                  |              |
|    approx_kl            | 0.0043476187 |
|    clip_fraction        | 0.0121       |
|    clip_range           | 0.2          |
|    entropy_loss         | -25.3        |
|    explained_variance   | -1.19e-07    |
|    learning_rate        | 0.0017       |
|    loss                 | 7.71e+09     |
|    n_updates            | 670          |
|    policy_gradient_loss | -0.00453     |
|    std                  | 1.31         |
|    value_loss           | 1.49e+10     |
------------------------------------------
------------------------------------------
| rollout/                |              |
|    ep_len_mean          | 9.23         |
|    ep_rew_mean          | -1.84e+05    |
| time/                   |              |
|    fps                  | 869          |
|    time_elapsed         | 644          |
|    total_timesteps      | 560000       |
| train/                  |              |
|    approx_kl            | 0.0024593887 |
|    clip_fraction        | 0.00437      |
|    clip_range           | 0.2          |
|    entropy_loss         | -25.4        |
|    explained_variance   | 0            |
|    learning_rate        | 0.0017       |
|    loss                 | 8.28e+09     |
|    n_updates            | 680          |
|    policy_gradient_loss | -0.00285     |
|    std                  | 1.32         |
|    value_loss           | 1.5e+10      |
------------------------------------------
------------------------------------------
| rollout/                |              |
|    ep_len_mean          | 12.9         |
|    ep_rew_mean          | -2.28e+05    |
| time/                   |              |
|    fps                  | 871          |
|    time_elapsed         | 654          |
|    total_timesteps      | 570000       |
| train/                  |              |
|    approx_kl            | 0.0024708495 |
|    clip_fraction        | 0.00227      |
|    clip_range           | 0.2          |
|    entropy_loss         | -25.5        |
|    explained_variance   | 0            |
|    learning_rate        | 0.0017       |
|    loss                 | 7.76e+09     |
|    n_updates            | 690          |
|    policy_gradient_loss | -0.00204     |
|    std                  | 1.32         |
|    value_loss           | 1.51e+10     |
------------------------------------------
------------------------------------------
| rollout/                |              |
|    ep_len_mean          | 13.3         |
|    ep_rew_mean          | -2.42e+05    |
| time/                   |              |
|    fps                  | 872          |
|    time_elapsed         | 664          |
|    total_timesteps      | 580000       |
| train/                  |              |
|    approx_kl            | 0.0034383093 |
|    clip_fraction        | 0.00471      |
|    clip_range           | 0.2          |
|    entropy_loss         | -25.5        |
|    explained_variance   | 1.79e-07     |
|    learning_rate        | 0.0017       |
|    loss                 | 8.24e+09     |
|    n_updates            | 700          |
|    policy_gradient_loss | -0.0033      |
|    std                  | 1.33         |
|    value_loss           | 1.49e+10     |
------------------------------------------
------------------------------------------
| rollout/                |              |
|    ep_len_mean          | 11.1         |
|    ep_rew_mean          | -2.09e+05    |
| time/                   |              |
|    fps                  | 869          |
|    time_elapsed         | 678          |
|    total_timesteps      | 590000       |
| train/                  |              |
|    approx_kl            | 0.0031253467 |
|    clip_fraction        | 0.00398      |
|    clip_range           | 0.2          |
|    entropy_loss         | -25.7        |
|    explained_variance   | 0            |
|    learning_rate        | 0.0017       |
|    loss                 | 8.96e+09     |
|    n_updates            | 720          |
|    policy_gradient_loss | -0.00241     |
|    std                  | 1.34         |
|    value_loss           | 1.56e+10     |
------------------------------------------
------------------------------------------
| rollout/                |              |
|    ep_len_mean          | 10.9         |
|    ep_rew_mean          | -2.08e+05    |
| time/                   |              |
|    fps                  | 870          |
|    time_elapsed         | 688          |
|    total_timesteps      | 600000       |
| train/                  |              |
|    approx_kl            | 0.0023984907 |
|    clip_fraction        | 0.0027       |
|    clip_range           | 0.2          |
|    entropy_loss         | -25.7        |
|    explained_variance   | 0            |
|    learning_rate        | 0.0017       |
|    loss                 | 7.91e+09     |
|    n_updates            | 730          |
|    policy_gradient_loss | -0.00278     |
|    std                  | 1.35         |
|    value_loss           | 1.52e+10     |
------------------------------------------
-----------------------------------------
| rollout/                |             |
|    ep_len_mean          | 9.49        |
|    ep_rew_mean          | -1.89e+05   |
| time/                   |             |
|    fps                  | 872         |
|    time_elapsed         | 699         |
|    total_timesteps      | 610000      |
| train/                  |             |
|    approx_kl            | 0.003100096 |
|    clip_fraction        | 0.00698     |
|    clip_range           | 0.2         |
|    entropy_loss         | -25.8       |
|    explained_variance   | 1.19e-07    |
|    learning_rate        | 0.0017      |
|    loss                 | 7.83e+09    |
|    n_updates            | 740         |
|    policy_gradient_loss | -0.00357    |
|    std                  | 1.35        |
|    value_loss           | 1.5e+10     |
-----------------------------------------
-----------------------------------------
| rollout/                |             |
|    ep_len_mean          | 11.2        |
|    ep_rew_mean          | -2.09e+05   |
| time/                   |             |
|    fps                  | 874         |
|    time_elapsed         | 709         |
|    total_timesteps      | 620000      |
| train/                  |             |
|    approx_kl            | 0.004128338 |
|    clip_fraction        | 0.00985     |
|    clip_range           | 0.2         |
|    entropy_loss         | -25.9       |
|    explained_variance   | -1.19e-07   |
|    learning_rate        | 0.0017      |
|    loss                 | 7.14e+09    |
|    n_updates            | 750         |
|    policy_gradient_loss | -0.00453    |
|    std                  | 1.36        |
|    value_loss           | 1.5e+10     |
-----------------------------------------
------------------------------------------
| rollout/                |              |
|    ep_len_mean          | 10.4         |
|    ep_rew_mean          | -1.99e+05    |
| time/                   |              |
|    fps                  | 875          |
|    time_elapsed         | 719          |
|    total_timesteps      | 630000       |
| train/                  |              |
|    approx_kl            | 0.0021086095 |
|    clip_fraction        | 0.00212      |
|    clip_range           | 0.2          |
|    entropy_loss         | -25.9        |
|    explained_variance   | 0            |
|    learning_rate        | 0.0017       |
|    loss                 | 7.38e+09     |
|    n_updates            | 760          |
|    policy_gradient_loss | -0.00188     |
|    std                  | 1.37         |
|    value_loss           | 1.47e+10     |
------------------------------------------
------------------------------------------
| rollout/                |              |
|    ep_len_mean          | 10.3         |
|    ep_rew_mean          | -1.94e+05    |
| time/                   |              |
|    fps                  | 872          |
|    time_elapsed         | 733          |
|    total_timesteps      | 640000       |
| train/                  |              |
|    approx_kl            | 0.0030900715 |
|    clip_fraction        | 0.00438      |
|    clip_range           | 0.2          |
|    entropy_loss         | -26.1        |
|    explained_variance   | 1.79e-07     |
|    learning_rate        | 0.0017       |
|    loss                 | 6.29e+09     |
|    n_updates            | 780          |
|    policy_gradient_loss | -0.00259     |
|    std                  | 1.38         |
|    value_loss           | 1.38e+10     |
------------------------------------------
-----------------------------------------
| rollout/                |             |
|    ep_len_mean          | 12.3        |
|    ep_rew_mean          | -2.28e+05   |
| time/                   |             |
|    fps                  | 873         |
|    time_elapsed         | 744         |
|    total_timesteps      | 650000      |
| train/                  |             |
|    approx_kl            | 0.002511505 |
|    clip_fraction        | 0.00269     |
|    clip_range           | 0.2         |
|    entropy_loss         | -26.1       |
|    explained_variance   | -1.19e-07   |
|    learning_rate        | 0.0017      |
|    loss                 | 7.01e+09    |
|    n_updates            | 790         |
|    policy_gradient_loss | -0.00223    |
|    std                  | 1.39        |
|    value_loss           | 1.4e+10     |
-----------------------------------------
------------------------------------------
| rollout/                |              |
|    ep_len_mean          | 10.8         |
|    ep_rew_mean          | -2.1e+05     |
| time/                   |              |
|    fps                  | 874          |
|    time_elapsed         | 754          |
|    total_timesteps      | 660000       |
| train/                  |              |
|    approx_kl            | 0.0024236366 |
|    clip_fraction        | 0.00206      |
|    clip_range           | 0.2          |
|    entropy_loss         | -26.2        |
|    explained_variance   | 0            |
|    learning_rate        | 0.0017       |
|    loss                 | 7.58e+09     |
|    n_updates            | 800          |
|    policy_gradient_loss | -0.00232     |
|    std                  | 1.39         |
|    value_loss           | 1.39e+10     |
------------------------------------------
------------------------------------------
| rollout/                |              |
|    ep_len_mean          | 9.51         |
|    ep_rew_mean          | -1.85e+05    |
| time/                   |              |
|    fps                  | 876          |
|    time_elapsed         | 764          |
|    total_timesteps      | 670000       |
| train/                  |              |
|    approx_kl            | 0.0030461005 |
|    clip_fraction        | 0.0053       |
|    clip_range           | 0.2          |
|    entropy_loss         | -26.3        |
|    explained_variance   | 0            |
|    learning_rate        | 0.0017       |
|    loss                 | 7.42e+09     |
|    n_updates            | 810          |
|    policy_gradient_loss | -0.00253     |
|    std                  | 1.4          |
|    value_loss           | 1.42e+10     |
------------------------------------------
------------------------------------------
| rollout/                |              |
|    ep_len_mean          | 10.2         |
|    ep_rew_mean          | -1.98e+05    |
| time/                   |              |
|    fps                  | 872          |
|    time_elapsed         | 779          |
|    total_timesteps      | 680000       |
| train/                  |              |
|    approx_kl            | 0.0030869702 |
|    clip_fraction        | 0.00638      |
|    clip_range           | 0.2          |
|    entropy_loss         | -26.4        |
|    explained_variance   | -1.19e-07    |
|    learning_rate        | 0.0017       |
|    loss                 | 8.98e+09     |
|    n_updates            | 830          |
|    policy_gradient_loss | -0.00319     |
|    std                  | 1.41         |
|    value_loss           | 1.47e+10     |
------------------------------------------
-----------------------------------------
| rollout/                |             |
|    ep_len_mean          | 10.4        |
|    ep_rew_mean          | -1.97e+05   |
| time/                   |             |
|    fps                  | 874         |
|    time_elapsed         | 789         |
|    total_timesteps      | 690000      |
| train/                  |             |
|    approx_kl            | 0.003252557 |
|    clip_fraction        | 0.00421     |
|    clip_range           | 0.2         |
|    entropy_loss         | -26.5       |
|    explained_variance   | 0           |
|    learning_rate        | 0.0017      |
|    loss                 | 6.09e+09    |
|    n_updates            | 840         |
|    policy_gradient_loss | -0.00297    |
|    std                  | 1.42        |
|    value_loss           | 1.38e+10    |
-----------------------------------------
------------------------------------------
| rollout/                |              |
|    ep_len_mean          | 9.39         |
|    ep_rew_mean          | -1.87e+05    |
| time/                   |              |
|    fps                  | 875          |
|    time_elapsed         | 799          |
|    total_timesteps      | 700000       |
| train/                  |              |
|    approx_kl            | 0.0022214733 |
|    clip_fraction        | 0.00157      |
|    clip_range           | 0.2          |
|    entropy_loss         | -26.5        |
|    explained_variance   | 0            |
|    learning_rate        | 0.0017       |
|    loss                 | 6.36e+09     |
|    n_updates            | 850          |
|    policy_gradient_loss | -0.00199     |
|    std                  | 1.42         |
|    value_loss           | 1.34e+10     |
------------------------------------------
------------------------------------------
| rollout/                |              |
|    ep_len_mean          | 10.1         |
|    ep_rew_mean          | -1.89e+05    |
| time/                   |              |
|    fps                  | 876          |
|    time_elapsed         | 809          |
|    total_timesteps      | 710000       |
| train/                  |              |
|    approx_kl            | 0.0035757362 |
|    clip_fraction        | 0.0125       |
|    clip_range           | 0.2          |
|    entropy_loss         | -26.6        |
|    explained_variance   | 1.79e-07     |
|    learning_rate        | 0.0017       |
|    loss                 | 6.43e+09     |
|    n_updates            | 860          |
|    policy_gradient_loss | -0.00355     |
|    std                  | 1.43         |
|    value_loss           | 1.36e+10     |
------------------------------------------
-----------------------------------------
| rollout/                |             |
|    ep_len_mean          | 10.5        |
|    ep_rew_mean          | -1.96e+05   |
| time/                   |             |
|    fps                  | 877         |
|    time_elapsed         | 820         |
|    total_timesteps      | 720000      |
| train/                  |             |
|    approx_kl            | 0.002718904 |
|    clip_fraction        | 0.00587     |
|    clip_range           | 0.2         |
|    entropy_loss         | -26.7       |
|    explained_variance   | -1.19e-07   |
|    learning_rate        | 0.0017      |
|    loss                 | 7.37e+09    |
|    n_updates            | 870         |
|    policy_gradient_loss | -0.00316    |
|    std                  | 1.44        |
|    value_loss           | 1.35e+10    |
-----------------------------------------
-----------------------------------------
| rollout/                |             |
|    ep_len_mean          | 9.58        |
|    ep_rew_mean          | -1.83e+05   |
| time/                   |             |
|    fps                  | 874         |
|    time_elapsed         | 834         |
|    total_timesteps      | 730000      |
| train/                  |             |
|    approx_kl            | 0.002378033 |
|    clip_fraction        | 0.00194     |
|    clip_range           | 0.2         |
|    entropy_loss         | -26.8       |
|    explained_variance   | 0           |
|    learning_rate        | 0.0017      |
|    loss                 | 7.48e+09    |
|    n_updates            | 890         |
|    policy_gradient_loss | -0.00206    |
|    std                  | 1.45        |
|    value_loss           | 1.44e+10    |
-----------------------------------------
------------------------------------------
| rollout/                |              |
|    ep_len_mean          | 12.3         |
|    ep_rew_mean          | -2.16e+05    |
| time/                   |              |
|    fps                  | 875          |
|    time_elapsed         | 844          |
|    total_timesteps      | 740000       |
| train/                  |              |
|    approx_kl            | 0.0028318327 |
|    clip_fraction        | 0.00533      |
|    clip_range           | 0.2          |
|    entropy_loss         | -26.9        |
|    explained_variance   | 1.79e-07     |
|    learning_rate        | 0.0017       |
|    loss                 | 5.29e+09     |
|    n_updates            | 900          |
|    policy_gradient_loss | -0.00282     |
|    std                  | 1.46         |
|    value_loss           | 1.27e+10     |
------------------------------------------
------------------------------------------
| rollout/                |              |
|    ep_len_mean          | 11.5         |
|    ep_rew_mean          | -2.16e+05    |
| time/                   |              |
|    fps                  | 877          |
|    time_elapsed         | 855          |
|    total_timesteps      | 750000       |
| train/                  |              |
|    approx_kl            | 0.0027972045 |
|    clip_fraction        | 0.0114       |
|    clip_range           | 0.2          |
|    entropy_loss         | -27          |
|    explained_variance   | -1.19e-07    |
|    learning_rate        | 0.0017       |
|    loss                 | 6.4e+09      |
|    n_updates            | 910          |
|    policy_gradient_loss | -0.00294     |
|    std                  | 1.46         |
|    value_loss           | 1.29e+10     |
------------------------------------------
------------------------------------------
| rollout/                |              |
|    ep_len_mean          | 12           |
|    ep_rew_mean          | -2.13e+05    |
| time/                   |              |
|    fps                  | 878          |
|    time_elapsed         | 865          |
|    total_timesteps      | 760000       |
| train/                  |              |
|    approx_kl            | 0.0031019012 |
|    clip_fraction        | 0.00994      |
|    clip_range           | 0.2          |
|    entropy_loss         | -27          |
|    explained_variance   | 0            |
|    learning_rate        | 0.0017       |
|    loss                 | 6.68e+09     |
|    n_updates            | 920          |
|    policy_gradient_loss | -0.00271     |
|    std                  | 1.47         |
|    value_loss           | 1.37e+10     |
------------------------------------------
------------------------------------------
| rollout/                |              |
|    ep_len_mean          | 10.8         |
|    ep_rew_mean          | -1.93e+05    |
| time/                   |              |
|    fps                  | 879          |
|    time_elapsed         | 875          |
|    total_timesteps      | 770000       |
| train/                  |              |
|    approx_kl            | 0.0029370221 |
|    clip_fraction        | 0.0082       |
|    clip_range           | 0.2          |
|    entropy_loss         | -27.1        |
|    explained_variance   | 0            |
|    learning_rate        | 0.0017       |
|    loss                 | 6.5e+09      |
|    n_updates            | 930          |
|    policy_gradient_loss | -0.00243     |
|    std                  | 1.48         |
|    value_loss           | 1.34e+10     |
------------------------------------------
------------------------------------------
| rollout/                |              |
|    ep_len_mean          | 10.9         |
|    ep_rew_mean          | -2.04e+05    |
| time/                   |              |
|    fps                  | 876          |
|    time_elapsed         | 890          |
|    total_timesteps      | 780000       |
| train/                  |              |
|    approx_kl            | 0.0029910575 |
|    clip_fraction        | 0.00907      |
|    clip_range           | 0.2          |
|    entropy_loss         | -27.3        |
|    explained_variance   | -1.19e-07    |
|    learning_rate        | 0.0017       |
|    loss                 | 6.37e+09     |
|    n_updates            | 950          |
|    policy_gradient_loss | -0.00287     |
|    std                  | 1.49         |
|    value_loss           | 1.36e+10     |
------------------------------------------
------------------------------------------
| rollout/                |              |
|    ep_len_mean          | 12.3         |
|    ep_rew_mean          | -2.12e+05    |
| time/                   |              |
|    fps                  | 877          |
|    time_elapsed         | 900          |
|    total_timesteps      | 790000       |
| train/                  |              |
|    approx_kl            | 0.0017387845 |
|    clip_fraction        | 0.0019       |
|    clip_range           | 0.2          |
|    entropy_loss         | -27.3        |
|    explained_variance   | 0            |
|    learning_rate        | 0.0017       |
|    loss                 | 6.74e+09     |
|    n_updates            | 960          |
|    policy_gradient_loss | -0.00221     |
|    std                  | 1.5          |
|    value_loss           | 1.35e+10     |
------------------------------------------
------------------------------------------
| rollout/                |              |
|    ep_len_mean          | 9.66         |
|    ep_rew_mean          | -1.9e+05     |
| time/                   |              |
|    fps                  | 878          |
|    time_elapsed         | 910          |
|    total_timesteps      | 800000       |
| train/                  |              |
|    approx_kl            | 0.0019732313 |
|    clip_fraction        | 0.00212      |
|    clip_range           | 0.2          |
|    entropy_loss         | -27.4        |
|    explained_variance   | 0            |
|    learning_rate        | 0.0017       |
|    loss                 | 5.77e+09     |
|    n_updates            | 970          |
|    policy_gradient_loss | -0.00253     |
|    std                  | 1.51         |
|    value_loss           | 1.31e+10     |
------------------------------------------
------------------------------------------
| rollout/                |              |
|    ep_len_mean          | 10.5         |
|    ep_rew_mean          | -2.03e+05    |
| time/                   |              |
|    fps                  | 879          |
|    time_elapsed         | 921          |
|    total_timesteps      | 810000       |
| train/                  |              |
|    approx_kl            | 0.0028442475 |
|    clip_fraction        | 0.00958      |
|    clip_range           | 0.2          |
|    entropy_loss         | -27.5        |
|    explained_variance   | 5.96e-08     |
|    learning_rate        | 0.0017       |
|    loss                 | 6.51e+09     |
|    n_updates            | 980          |
|    policy_gradient_loss | -0.00255     |
|    std                  | 1.52         |
|    value_loss           | 1.32e+10     |
------------------------------------------
------------------------------------------
| rollout/                |              |
|    ep_len_mean          | 11.3         |
|    ep_rew_mean          | -2.03e+05    |
| time/                   |              |
|    fps                  | 876          |
|    time_elapsed         | 935          |
|    total_timesteps      | 820000       |
| train/                  |              |
|    approx_kl            | 0.0016368525 |
|    clip_fraction        | 0.000928     |
|    clip_range           | 0.2          |
|    entropy_loss         | -27.6        |
|    explained_variance   | 0            |
|    learning_rate        | 0.0017       |
|    loss                 | 6.26e+09     |
|    n_updates            | 1000         |
|    policy_gradient_loss | -0.00157     |
|    std                  | 1.53         |
|    value_loss           | 1.36e+10     |
------------------------------------------
------------------------------------------
| rollout/                |              |
|    ep_len_mean          | 9.96         |
|    ep_rew_mean          | -1.87e+05    |
| time/                   |              |
|    fps                  | 876          |
|    time_elapsed         | 946          |
|    total_timesteps      | 830000       |
| train/                  |              |
|    approx_kl            | 0.0023470465 |
|    clip_fraction        | 0.00282      |
|    clip_range           | 0.2          |
|    entropy_loss         | -27.7        |
|    explained_variance   | 0            |
|    learning_rate        | 0.0017       |
|    loss                 | 6.96e+09     |
|    n_updates            | 1010         |
|    policy_gradient_loss | -0.0022      |
|    std                  | 1.54         |
|    value_loss           | 1.24e+10     |
------------------------------------------
------------------------------------------
| rollout/                |              |
|    ep_len_mean          | 12           |
|    ep_rew_mean          | -2.25e+05    |
| time/                   |              |
|    fps                  | 877          |
|    time_elapsed         | 956          |
|    total_timesteps      | 840000       |
| train/                  |              |
|    approx_kl            | 0.0024991583 |
|    clip_fraction        | 0.00406      |
|    clip_range           | 0.2          |
|    entropy_loss         | -27.7        |
|    explained_variance   | 5.96e-08     |
|    learning_rate        | 0.0017       |
|    loss                 | 6.9e+09      |
|    n_updates            | 1020         |
|    policy_gradient_loss | -0.00331     |
|    std                  | 1.54         |
|    value_loss           | 1.31e+10     |
------------------------------------------
-----------------------------------------
| rollout/                |             |
|    ep_len_mean          | 12.5        |
|    ep_rew_mean          | -2.2e+05    |
| time/                   |             |
|    fps                  | 878         |
|    time_elapsed         | 967         |
|    total_timesteps      | 850000      |
| train/                  |             |
|    approx_kl            | 0.002900564 |
|    clip_fraction        | 0.00555     |
|    clip_range           | 0.2         |
|    entropy_loss         | -27.8       |
|    explained_variance   | -1.19e-07   |
|    learning_rate        | 0.0017      |
|    loss                 | 6.45e+09    |
|    n_updates            | 1030        |
|    policy_gradient_loss | -0.00299    |
|    std                  | 1.55        |
|    value_loss           | 1.31e+10    |
-----------------------------------------
------------------------------------------
| rollout/                |              |
|    ep_len_mean          | 10.9         |
|    ep_rew_mean          | -2.01e+05    |
| time/                   |              |
|    fps                  | 879          |
|    time_elapsed         | 977          |
|    total_timesteps      | 860000       |
| train/                  |              |
|    approx_kl            | 0.0022922414 |
|    clip_fraction        | 0.00417      |
|    clip_range           | 0.2          |
|    entropy_loss         | -27.9        |
|    explained_variance   | 0            |
|    learning_rate        | 0.0017       |
|    loss                 | 6.98e+09     |
|    n_updates            | 1040         |
|    policy_gradient_loss | -0.0029      |
|    std                  | 1.56         |
|    value_loss           | 1.32e+10     |
------------------------------------------
------------------------------------------
| rollout/                |              |
|    ep_len_mean          | 10.4         |
|    ep_rew_mean          | -1.9e+05     |
| time/                   |              |
|    fps                  | 876          |
|    time_elapsed         | 992          |
|    total_timesteps      | 870000       |
| train/                  |              |
|    approx_kl            | 0.0022944496 |
|    clip_fraction        | 0.00535      |
|    clip_range           | 0.2          |
|    entropy_loss         | -28          |
|    explained_variance   | 1.19e-07     |
|    learning_rate        | 0.0017       |
|    loss                 | 6.03e+09     |
|    n_updates            | 1060         |
|    policy_gradient_loss | -0.00217     |
|    std                  | 1.57         |
|    value_loss           | 1.26e+10     |
------------------------------------------
------------------------------------------
| rollout/                |              |
|    ep_len_mean          | 10.3         |
|    ep_rew_mean          | -1.9e+05     |
| time/                   |              |
|    fps                  | 877          |
|    time_elapsed         | 1002         |
|    total_timesteps      | 880000       |
| train/                  |              |
|    approx_kl            | 0.0031702062 |
|    clip_fraction        | 0.00911      |
|    clip_range           | 0.2          |
|    entropy_loss         | -28.1        |
|    explained_variance   | -1.19e-07    |
|    learning_rate        | 0.0017       |
|    loss                 | 6.61e+09     |
|    n_updates            | 1070         |
|    policy_gradient_loss | -0.00321     |
|    std                  | 1.58         |
|    value_loss           | 1.23e+10     |
------------------------------------------
------------------------------------------
| rollout/                |              |
|    ep_len_mean          | 11.9         |
|    ep_rew_mean          | -2.1e+05     |
| time/                   |              |
|    fps                  | 878          |
|    time_elapsed         | 1012         |
|    total_timesteps      | 890000       |
| train/                  |              |
|    approx_kl            | 0.0023656662 |
|    clip_fraction        | 0.008        |
|    clip_range           | 0.2          |
|    entropy_loss         | -28.2        |
|    explained_variance   | 0            |
|    learning_rate        | 0.0017       |
|    loss                 | 6.03e+09     |
|    n_updates            | 1080         |
|    policy_gradient_loss | -0.00257     |
|    std                  | 1.59         |
|    value_loss           | 1.26e+10     |
------------------------------------------
------------------------------------------
| rollout/                |              |
|    ep_len_mean          | 9.74         |
|    ep_rew_mean          | -1.84e+05    |
| time/                   |              |
|    fps                  | 879          |
|    time_elapsed         | 1023         |
|    total_timesteps      | 900000       |
| train/                  |              |
|    approx_kl            | 0.0025026074 |
|    clip_fraction        | 0.00649      |
|    clip_range           | 0.2          |
|    entropy_loss         | -28.3        |
|    explained_variance   | 5.96e-08     |
|    learning_rate        | 0.0017       |
|    loss                 | 6.36e+09     |
|    n_updates            | 1090         |
|    policy_gradient_loss | -0.0023      |
|    std                  | 1.6          |
|    value_loss           | 1.27e+10     |
------------------------------------------
------------------------------------------
| rollout/                |              |
|    ep_len_mean          | 12.1         |
|    ep_rew_mean          | -2.18e+05    |
| time/                   |              |
|    fps                  | 877          |
|    time_elapsed         | 1037         |
|    total_timesteps      | 910000       |
| train/                  |              |
|    approx_kl            | 0.0029381907 |
|    clip_fraction        | 0.0084       |
|    clip_range           | 0.2          |
|    entropy_loss         | -28.4        |
|    explained_variance   | -1.19e-07    |
|    learning_rate        | 0.0017       |
|    loss                 | 6.66e+09     |
|    n_updates            | 1110         |
|    policy_gradient_loss | -0.0031      |
|    std                  | 1.62         |
|    value_loss           | 1.3e+10      |
------------------------------------------
-----------------------------------------
| rollout/                |             |
|    ep_len_mean          | 10.2        |
|    ep_rew_mean          | -1.97e+05   |
| time/                   |             |
|    fps                  | 877         |
|    time_elapsed         | 1047        |
|    total_timesteps      | 920000      |
| train/                  |             |
|    approx_kl            | 0.002940318 |
|    clip_fraction        | 0.0121      |
|    clip_range           | 0.2         |
|    entropy_loss         | -28.5       |
|    explained_variance   | 0           |
|    learning_rate        | 0.0017      |
|    loss                 | 5.96e+09    |
|    n_updates            | 1120        |
|    policy_gradient_loss | -0.00329    |
|    std                  | 1.62        |
|    value_loss           | 1.25e+10    |
-----------------------------------------
------------------------------------------
| rollout/                |              |
|    ep_len_mean          | 10.6         |
|    ep_rew_mean          | -2e+05       |
| time/                   |              |
|    fps                  | 878          |
|    time_elapsed         | 1058         |
|    total_timesteps      | 930000       |
| train/                  |              |
|    approx_kl            | 0.0020951054 |
|    clip_fraction        | 0.00244      |
|    clip_range           | 0.2          |
|    entropy_loss         | -28.6        |
|    explained_variance   | 0            |
|    learning_rate        | 0.0017       |
|    loss                 | 5.85e+09     |
|    n_updates            | 1130         |
|    policy_gradient_loss | -0.00197     |
|    std                  | 1.63         |
|    value_loss           | 1.26e+10     |
------------------------------------------
------------------------------------------
| rollout/                |              |
|    ep_len_mean          | 10.4         |
|    ep_rew_mean          | -1.9e+05     |
| time/                   |              |
|    fps                  | 879          |
|    time_elapsed         | 1068         |
|    total_timesteps      | 940000       |
| train/                  |              |
|    approx_kl            | 0.0024738444 |
|    clip_fraction        | 0.00381      |
|    clip_range           | 0.2          |
|    entropy_loss         | -28.6        |
|    explained_variance   | 1.19e-07     |
|    learning_rate        | 0.0017       |
|    loss                 | 6.57e+09     |
|    n_updates            | 1140         |
|    policy_gradient_loss | -0.00286     |
|    std                  | 1.64         |
|    value_loss           | 1.18e+10     |
------------------------------------------
------------------------------------------
| rollout/                |              |
|    ep_len_mean          | 10.2         |
|    ep_rew_mean          | -1.91e+05    |
| time/                   |              |
|    fps                  | 880          |
|    time_elapsed         | 1078         |
|    total_timesteps      | 950000       |
| train/                  |              |
|    approx_kl            | 0.0028035436 |
|    clip_fraction        | 0.00645      |
|    clip_range           | 0.2          |
|    entropy_loss         | -28.7        |
|    explained_variance   | -1.19e-07    |
|    learning_rate        | 0.0017       |
|    loss                 | 5.8e+09      |
|    n_updates            | 1150         |
|    policy_gradient_loss | -0.0027      |
|    std                  | 1.65         |
|    value_loss           | 1.2e+10      |
------------------------------------------
------------------------------------------
| rollout/                |              |
|    ep_len_mean          | 9.7          |
|    ep_rew_mean          | -1.85e+05    |
| time/                   |              |
|    fps                  | 878          |
|    time_elapsed         | 1093         |
|    total_timesteps      | 960000       |
| train/                  |              |
|    approx_kl            | 0.0021608006 |
|    clip_fraction        | 0.00853      |
|    clip_range           | 0.2          |
|    entropy_loss         | -28.9        |
|    explained_variance   | 0            |
|    learning_rate        | 0.0017       |
|    loss                 | 6.1e+09      |
|    n_updates            | 1170         |
|    policy_gradient_loss | -0.00213     |
|    std                  | 1.66         |
|    value_loss           | 1.24e+10     |
------------------------------------------
------------------------------------------
| rollout/                |              |
|    ep_len_mean          | 10.3         |
|    ep_rew_mean          | -1.92e+05    |
| time/                   |              |
|    fps                  | 878          |
|    time_elapsed         | 1103         |
|    total_timesteps      | 970000       |
| train/                  |              |
|    approx_kl            | 0.0015211366 |
|    clip_fraction        | 0.00199      |
|    clip_range           | 0.2          |
|    entropy_loss         | -28.9        |
|    explained_variance   | 5.96e-08     |
|    learning_rate        | 0.0017       |
|    loss                 | 6.86e+09     |
|    n_updates            | 1180         |
|    policy_gradient_loss | -0.00134     |
|    std                  | 1.67         |
|    value_loss           | 1.18e+10     |
------------------------------------------
----------------------------------------
| rollout/                |            |
|    ep_len_mean          | 11.3       |
|    ep_rew_mean          | -2.03e+05  |
| time/                   |            |
|    fps                  | 879        |
|    time_elapsed         | 1113       |
|    total_timesteps      | 980000     |
| train/                  |            |
|    approx_kl            | 0.00187175 |
|    clip_fraction        | 0.00439    |
|    clip_range           | 0.2        |
|    entropy_loss         | -29        |
|    explained_variance   | 5.96e-08   |
|    learning_rate        | 0.0017     |
|    loss                 | 6.37e+09   |
|    n_updates            | 1190       |
|    policy_gradient_loss | -0.00177   |
|    std                  | 1.68       |
|    value_loss           | 1.21e+10   |
----------------------------------------
------------------------------------------
| rollout/                |              |
|    ep_len_mean          | 9.92         |
|    ep_rew_mean          | -1.85e+05    |
| time/                   |              |
|    fps                  | 880          |
|    time_elapsed         | 1124         |
|    total_timesteps      | 990000       |
| train/                  |              |
|    approx_kl            | 0.0024706293 |
|    clip_fraction        | 0.00559      |
|    clip_range           | 0.2          |
|    entropy_loss         | -29.1        |
|    explained_variance   | 1.79e-07     |
|    learning_rate        | 0.0017       |
|    loss                 | 5.73e+09     |
|    n_updates            | 1200         |
|    policy_gradient_loss | -0.00223     |
|    std                  | 1.69         |
|    value_loss           | 1.22e+10     |
------------------------------------------
----------------------------------------
| rollout/                |            |
|    ep_len_mean          | 11.1       |
|    ep_rew_mean          | -2.01e+05  |
| time/                   |            |
|    fps                  | 878        |
|    time_elapsed         | 1138       |
|    total_timesteps      | 1000000    |
| train/                  |            |
|    approx_kl            | 0.00383597 |
|    clip_fraction        | 0.0155     |
|    clip_range           | 0.2        |
|    entropy_loss         | -29.2      |
|    explained_variance   | 5.96e-08   |
|    learning_rate        | 0.0017     |
|    loss                 | 5.03e+09   |
|    n_updates            | 1220       |
|    policy_gradient_loss | -0.00392   |
|    std                  | 1.7        |
|    value_loss           | 1.18e+10   |
----------------------------------------
Training ended on Tue Jan 27 16:39:30 2026
Training lasted 0:19:07.646211
