Logging to training_random_logs/3_robots/logs/ARS_set10
Using cpu device
Training started on Tue Jan 27 16:21:14 2026
Experiment configuration: {'algorithm': 'ARS', 'set': 10, 'verbose': 1, 'steps': 1000000, 'num_robots': 3, 'num_envs': 4, 'seed': 33, 'log_steps': 10000, 'resume': False, 'device': 'cpu'}
----------------------------------
| rollout/           |           |
|    ep_len_mean     | 1e+03     |
|    ep_rew_mean     | -2.99e+07 |
| time/              |           |
|    fps             | 2428      |
|    time_elapsed    | 4         |
|    total_timesteps | 10000     |
----------------------------------
----------------------------------
| rollout/           |           |
|    ep_len_mean     | 805       |
|    ep_rew_mean     | -2.36e+07 |
| time/              |           |
|    fps             | 2466      |
|    time_elapsed    | 8         |
|    total_timesteps | 20000     |
----------------------------------
----------------------------------
| rollout/           |           |
|    ep_len_mean     | 878       |
|    ep_rew_mean     | -2.59e+07 |
| time/              |           |
|    fps             | 2484      |
|    time_elapsed    | 12        |
|    total_timesteps | 30000     |
----------------------------------
----------------------------------
| rollout/           |           |
|    ep_len_mean     | 902       |
|    ep_rew_mean     | -2.67e+07 |
| time/              |           |
|    fps             | 2492      |
|    time_elapsed    | 16        |
|    total_timesteps | 40000     |
----------------------------------
----------------------------------
| rollout/           |           |
|    ep_len_mean     | 925       |
|    ep_rew_mean     | -2.75e+07 |
| time/              |           |
|    fps             | 2497      |
|    time_elapsed    | 20        |
|    total_timesteps | 50000     |
----------------------------------
---------------------------------
| rollout/           |          |
|    return_std      | 1.01e+07 |
| time/              |          |
|    fps             | 2485     |
|    time_elapsed    | 24       |
|    total_timesteps | 60000    |
| train/             |          |
|    delta_std       | 0.05     |
|    iterations      | 0        |
|    learning_rate   | 0.0018   |
|    step_size       | 2.23e-11 |
---------------------------------
----------------------------------
| rollout/           |           |
|    ep_len_mean     | 1e+03     |
|    ep_rew_mean     | -2.98e+07 |
| time/              |           |
|    fps             | 2489      |
|    time_elapsed    | 28        |
|    total_timesteps | 70000     |
----------------------------------
----------------------------------
| rollout/           |           |
|    ep_len_mean     | 1e+03     |
|    ep_rew_mean     | -2.98e+07 |
| time/              |           |
|    fps             | 2492      |
|    time_elapsed    | 32        |
|    total_timesteps | 80000     |
----------------------------------
----------------------------------
| rollout/           |           |
|    ep_len_mean     | 1e+03     |
|    ep_rew_mean     | -2.99e+07 |
| time/              |           |
|    fps             | 2496      |
|    time_elapsed    | 36        |
|    total_timesteps | 90000     |
----------------------------------
----------------------------------
| rollout/           |           |
|    ep_len_mean     | 1e+03     |
|    ep_rew_mean     | -2.98e+07 |
| time/              |           |
|    fps             | 2499      |
|    time_elapsed    | 40        |
|    total_timesteps | 100000    |
----------------------------------
----------------------------------
| rollout/           |           |
|    ep_len_mean     | 1e+03     |
|    ep_rew_mean     | -2.98e+07 |
| time/              |           |
|    fps             | 2501      |
|    time_elapsed    | 43        |
|    total_timesteps | 110000    |
----------------------------------
---------------------------------
| rollout/           |          |
|    return_std      | 7.4e+06  |
| time/              |          |
|    fps             | 2503     |
|    time_elapsed    | 47       |
|    total_timesteps | 120000   |
| train/             |          |
|    delta_std       | 0.05     |
|    iterations      | 1        |
|    learning_rate   | 0.0018   |
|    step_size       | 3.04e-11 |
---------------------------------
---------------------------------
| rollout/           |          |
|    ep_len_mean     | 1e+03    |
|    ep_rew_mean     | -3e+07   |
| time/              |          |
|    fps             | 2505     |
|    time_elapsed    | 51       |
|    total_timesteps | 130000   |
---------------------------------
----------------------------------
| rollout/           |           |
|    ep_len_mean     | 1e+03     |
|    ep_rew_mean     | -2.99e+07 |
| time/              |           |
|    fps             | 2506      |
|    time_elapsed    | 55        |
|    total_timesteps | 140000    |
----------------------------------
----------------------------------
| rollout/           |           |
|    ep_len_mean     | 1e+03     |
|    ep_rew_mean     | -2.99e+07 |
| time/              |           |
|    fps             | 2507      |
|    time_elapsed    | 59        |
|    total_timesteps | 150000    |
----------------------------------
----------------------------------
| rollout/           |           |
|    ep_len_mean     | 1e+03     |
|    ep_rew_mean     | -2.99e+07 |
| time/              |           |
|    fps             | 2508      |
|    time_elapsed    | 63        |
|    total_timesteps | 160000    |
----------------------------------
----------------------------------
| rollout/           |           |
|    ep_len_mean     | 1e+03     |
|    ep_rew_mean     | -2.99e+07 |
| time/              |           |
|    fps             | 2509      |
|    time_elapsed    | 67        |
|    total_timesteps | 170000    |
----------------------------------
---------------------------------
| rollout/           |          |
|    return_std      | 7.25e+06 |
| time/              |          |
|    fps             | 2509     |
|    time_elapsed    | 71       |
|    total_timesteps | 180000   |
| train/             |          |
|    delta_std       | 0.05     |
|    iterations      | 2        |
|    learning_rate   | 0.0018   |
|    step_size       | 3.1e-11  |
---------------------------------
----------------------------------
| rollout/           |           |
|    ep_len_mean     | 753       |
|    ep_rew_mean     | -2.25e+07 |
| time/              |           |
|    fps             | 2510      |
|    time_elapsed    | 75        |
|    total_timesteps | 190000    |
----------------------------------
----------------------------------
| rollout/           |           |
|    ep_len_mean     | 836       |
|    ep_rew_mean     | -2.49e+07 |
| time/              |           |
|    fps             | 2511      |
|    time_elapsed    | 79        |
|    total_timesteps | 200000    |
----------------------------------
---------------------------------
| rollout/           |          |
|    ep_len_mean     | 804      |
|    ep_rew_mean     | -2.4e+07 |
| time/              |          |
|    fps             | 2510     |
|    time_elapsed    | 83       |
|    total_timesteps | 210000   |
---------------------------------
----------------------------------
| rollout/           |           |
|    ep_len_mean     | 775       |
|    ep_rew_mean     | -2.31e+07 |
| time/              |           |
|    fps             | 2510      |
|    time_elapsed    | 87        |
|    total_timesteps | 220000    |
----------------------------------
----------------------------------
| rollout/           |           |
|    ep_len_mean     | 1e+03     |
|    ep_rew_mean     | -2.98e+07 |
|    return_std      | 1.33e+07  |
| time/              |           |
|    fps             | 2510      |
|    time_elapsed    | 91        |
|    total_timesteps | 230000    |
| train/             |           |
|    delta_std       | 0.05      |
|    iterations      | 3         |
|    learning_rate   | 0.0018    |
|    step_size       | 1.7e-11   |
----------------------------------
----------------------------------
| rollout/           |           |
|    ep_len_mean     | 1e+03     |
|    ep_rew_mean     | -2.99e+07 |
| time/              |           |
|    fps             | 2510      |
|    time_elapsed    | 95        |
|    total_timesteps | 240000    |
----------------------------------
----------------------------------
| rollout/           |           |
|    ep_len_mean     | 860       |
|    ep_rew_mean     | -2.55e+07 |
| time/              |           |
|    fps             | 2510      |
|    time_elapsed    | 99        |
|    total_timesteps | 250000    |
----------------------------------
----------------------------------
| rollout/           |           |
|    ep_len_mean     | 891       |
|    ep_rew_mean     | -2.65e+07 |
| time/              |           |
|    fps             | 2510      |
|    time_elapsed    | 103       |
|    total_timesteps | 260000    |
----------------------------------
----------------------------------
| rollout/           |           |
|    ep_len_mean     | 849       |
|    ep_rew_mean     | -2.53e+07 |
| time/              |           |
|    fps             | 2510      |
|    time_elapsed    | 107       |
|    total_timesteps | 270000    |
----------------------------------
----------------------------------
| rollout/           |           |
|    ep_len_mean     | 869       |
|    ep_rew_mean     | -2.59e+07 |
| time/              |           |
|    fps             | 2510      |
|    time_elapsed    | 111       |
|    total_timesteps | 280000    |
----------------------------------
----------------------------------
| rollout/           |           |
|    ep_len_mean     | 1e+03     |
|    ep_rew_mean     | -2.99e+07 |
|    return_std      | 1.01e+07  |
| time/              |           |
|    fps             | 2511      |
|    time_elapsed    | 115       |
|    total_timesteps | 290000    |
| train/             |           |
|    delta_std       | 0.05      |
|    iterations      | 4         |
|    learning_rate   | 0.0018    |
|    step_size       | 2.23e-11  |
----------------------------------
---------------------------------
| rollout/           |          |
|    ep_len_mean     | 812      |
|    ep_rew_mean     | -2.4e+07 |
| time/              |          |
|    fps             | 2511     |
|    time_elapsed    | 119      |
|    total_timesteps | 300000   |
---------------------------------
---------------------------------
| rollout/           |          |
|    ep_len_mean     | 708      |
|    ep_rew_mean     | -2.1e+07 |
| time/              |          |
|    fps             | 2511     |
|    time_elapsed    | 123      |
|    total_timesteps | 310000   |
---------------------------------
----------------------------------
| rollout/           |           |
|    ep_len_mean     | 757       |
|    ep_rew_mean     | -2.25e+07 |
| time/              |           |
|    fps             | 2512      |
|    time_elapsed    | 127       |
|    total_timesteps | 320000    |
----------------------------------
---------------------------------
| rollout/           |          |
|    ep_len_mean     | 805      |
|    ep_rew_mean     | -2.4e+07 |
| time/              |          |
|    fps             | 2512     |
|    time_elapsed    | 131      |
|    total_timesteps | 330000   |
---------------------------------
---------------------------------
| rollout/           |          |
|    ep_len_mean     | 1e+03    |
|    ep_rew_mean     | -3e+07   |
|    return_std      | 1.19e+07 |
| time/              |          |
|    fps             | 2512     |
|    time_elapsed    | 135      |
|    total_timesteps | 340000   |
| train/             |          |
|    delta_std       | 0.05     |
|    iterations      | 5        |
|    learning_rate   | 0.0018   |
|    step_size       | 1.89e-11 |
---------------------------------
---------------------------------
| rollout/           |          |
|    ep_len_mean     | 1e+03    |
|    ep_rew_mean     | -3e+07   |
| time/              |          |
|    fps             | 2513     |
|    time_elapsed    | 139      |
|    total_timesteps | 350000   |
---------------------------------
---------------------------------
| rollout/           |          |
|    ep_len_mean     | 1e+03    |
|    ep_rew_mean     | -3e+07   |
| time/              |          |
|    fps             | 2513     |
|    time_elapsed    | 143      |
|    total_timesteps | 360000   |
---------------------------------
---------------------------------
| rollout/           |          |
|    ep_len_mean     | 902      |
|    ep_rew_mean     | -2.7e+07 |
| time/              |          |
|    fps             | 2513     |
|    time_elapsed    | 147      |
|    total_timesteps | 370000   |
---------------------------------
----------------------------------
| rollout/           |           |
|    ep_len_mean     | 919       |
|    ep_rew_mean     | -2.74e+07 |
| time/              |           |
|    fps             | 2513      |
|    time_elapsed    | 151       |
|    total_timesteps | 380000    |
----------------------------------
----------------------------------
| rollout/           |           |
|    ep_len_mean     | 935       |
|    ep_rew_mean     | -2.79e+07 |
| time/              |           |
|    fps             | 2514      |
|    time_elapsed    | 155       |
|    total_timesteps | 390000    |
----------------------------------
----------------------------------
| rollout/           |           |
|    ep_len_mean     | 518       |
|    ep_rew_mean     | -1.53e+07 |
|    return_std      | 7.42e+06  |
| time/              |           |
|    fps             | 2514      |
|    time_elapsed    | 159       |
|    total_timesteps | 400000    |
| train/             |           |
|    delta_std       | 0.05      |
|    iterations      | 6         |
|    learning_rate   | 0.0018    |
|    step_size       | 3.03e-11  |
----------------------------------
----------------------------------
| rollout/           |           |
|    ep_len_mean     | 807       |
|    ep_rew_mean     | -2.41e+07 |
| time/              |           |
|    fps             | 2515      |
|    time_elapsed    | 162       |
|    total_timesteps | 410000    |
----------------------------------
----------------------------------
| rollout/           |           |
|    ep_len_mean     | 755       |
|    ep_rew_mean     | -2.26e+07 |
| time/              |           |
|    fps             | 2515      |
|    time_elapsed    | 166       |
|    total_timesteps | 420000    |
----------------------------------
----------------------------------
| rollout/           |           |
|    ep_len_mean     | 822       |
|    ep_rew_mean     | -2.44e+07 |
| time/              |           |
|    fps             | 2515      |
|    time_elapsed    | 170       |
|    total_timesteps | 430000    |
----------------------------------
----------------------------------
| rollout/           |           |
|    ep_len_mean     | 849       |
|    ep_rew_mean     | -2.53e+07 |
| time/              |           |
|    fps             | 2516      |
|    time_elapsed    | 174       |
|    total_timesteps | 440000    |
----------------------------------
---------------------------------
| rollout/           |          |
|    return_std      | 1.01e+07 |
| time/              |          |
|    fps             | 2516     |
|    time_elapsed    | 178      |
|    total_timesteps | 450000   |
| train/             |          |
|    delta_std       | 0.05     |
|    iterations      | 7        |
|    learning_rate   | 0.0018   |
|    step_size       | 2.24e-11 |
---------------------------------
----------------------------------
| rollout/           |           |
|    ep_len_mean     | 1e+03     |
|    ep_rew_mean     | -2.98e+07 |
| time/              |           |
|    fps             | 2516      |
|    time_elapsed    | 182       |
|    total_timesteps | 460000    |
----------------------------------
----------------------------------
| rollout/           |           |
|    ep_len_mean     | 1e+03     |
|    ep_rew_mean     | -2.99e+07 |
| time/              |           |
|    fps             | 2516      |
|    time_elapsed    | 186       |
|    total_timesteps | 470000    |
----------------------------------
----------------------------------
| rollout/           |           |
|    ep_len_mean     | 1e+03     |
|    ep_rew_mean     | -2.99e+07 |
| time/              |           |
|    fps             | 2516      |
|    time_elapsed    | 190       |
|    total_timesteps | 480000    |
----------------------------------
----------------------------------
| rollout/           |           |
|    ep_len_mean     | 1e+03     |
|    ep_rew_mean     | -2.98e+07 |
| time/              |           |
|    fps             | 2516      |
|    time_elapsed    | 194       |
|    total_timesteps | 490000    |
----------------------------------
----------------------------------
| rollout/           |           |
|    ep_len_mean     | 1e+03     |
|    ep_rew_mean     | -2.98e+07 |
| time/              |           |
|    fps             | 2516      |
|    time_elapsed    | 198       |
|    total_timesteps | 500000    |
----------------------------------
----------------------------------
| rollout/           |           |
|    ep_len_mean     | 1e+03     |
|    ep_rew_mean     | -2.99e+07 |
| time/              |           |
|    fps             | 2516      |
|    time_elapsed    | 202       |
|    total_timesteps | 510000    |
----------------------------------
---------------------------------
| rollout/           |          |
|    ep_len_mean     | 1e+03    |
|    ep_rew_mean     | -3e+07   |
|    return_std      | 1.34e+05 |
| time/              |          |
|    fps             | 2517     |
|    time_elapsed    | 206      |
|    total_timesteps | 520000   |
| train/             |          |
|    delta_std       | 0.05     |
|    iterations      | 8        |
|    learning_rate   | 0.0018   |
|    step_size       | 1.68e-09 |
---------------------------------
----------------------------------
| rollout/           |           |
|    ep_len_mean     | 1e+03     |
|    ep_rew_mean     | -2.99e+07 |
| time/              |           |
|    fps             | 2517      |
|    time_elapsed    | 210       |
|    total_timesteps | 530000    |
----------------------------------
----------------------------------
| rollout/           |           |
|    ep_len_mean     | 1e+03     |
|    ep_rew_mean     | -2.99e+07 |
| time/              |           |
|    fps             | 2517      |
|    time_elapsed    | 214       |
|    total_timesteps | 540000    |
----------------------------------
----------------------------------
| rollout/           |           |
|    ep_len_mean     | 901       |
|    ep_rew_mean     | -2.69e+07 |
| time/              |           |
|    fps             | 2517      |
|    time_elapsed    | 218       |
|    total_timesteps | 550000    |
----------------------------------
----------------------------------
| rollout/           |           |
|    ep_len_mean     | 918       |
|    ep_rew_mean     | -2.74e+07 |
| time/              |           |
|    fps             | 2518      |
|    time_elapsed    | 222       |
|    total_timesteps | 560000    |
----------------------------------
----------------------------------
| rollout/           |           |
|    ep_len_mean     | 934       |
|    ep_rew_mean     | -2.78e+07 |
| time/              |           |
|    fps             | 2518      |
|    time_elapsed    | 226       |
|    total_timesteps | 570000    |
----------------------------------
---------------------------------
| rollout/           |          |
|    ep_len_mean     | 1e+03    |
|    ep_rew_mean     | -3e+07   |
|    return_std      | 7.41e+06 |
| time/              |          |
|    fps             | 2518     |
|    time_elapsed    | 230      |
|    total_timesteps | 580000   |
| train/             |          |
|    delta_std       | 0.05     |
|    iterations      | 9        |
|    learning_rate   | 0.0018   |
|    step_size       | 3.04e-11 |
---------------------------------
----------------------------------
| rollout/           |           |
|    ep_len_mean     | 1e+03     |
|    ep_rew_mean     | -2.99e+07 |
| time/              |           |
|    fps             | 2518      |
|    time_elapsed    | 234       |
|    total_timesteps | 590000    |
----------------------------------
----------------------------------
| rollout/           |           |
|    ep_len_mean     | 1e+03     |
|    ep_rew_mean     | -2.99e+07 |
| time/              |           |
|    fps             | 2519      |
|    time_elapsed    | 238       |
|    total_timesteps | 600000    |
----------------------------------
---------------------------------
| rollout/           |          |
|    ep_len_mean     | 901      |
|    ep_rew_mean     | -2.7e+07 |
| time/              |          |
|    fps             | 2519     |
|    time_elapsed    | 242      |
|    total_timesteps | 610000   |
---------------------------------
----------------------------------
| rollout/           |           |
|    ep_len_mean     | 917       |
|    ep_rew_mean     | -2.75e+07 |
| time/              |           |
|    fps             | 2519      |
|    time_elapsed    | 246       |
|    total_timesteps | 620000    |
----------------------------------
----------------------------------
| rollout/           |           |
|    ep_len_mean     | 934       |
|    ep_rew_mean     | -2.79e+07 |
| time/              |           |
|    fps             | 2519      |
|    time_elapsed    | 250       |
|    total_timesteps | 630000    |
----------------------------------
----------------------------------
| rollout/           |           |
|    ep_len_mean     | 1e+03     |
|    ep_rew_mean     | -3.01e+07 |
|    return_std      | 7.43e+06  |
| time/              |           |
|    fps             | 2519      |
|    time_elapsed    | 253       |
|    total_timesteps | 640000    |
| train/             |           |
|    delta_std       | 0.05      |
|    iterations      | 10        |
|    learning_rate   | 0.0018    |
|    step_size       | 3.03e-11  |
----------------------------------
----------------------------------
| rollout/           |           |
|    ep_len_mean     | 1e+03     |
|    ep_rew_mean     | -2.98e+07 |
| time/              |           |
|    fps             | 2520      |
|    time_elapsed    | 257       |
|    total_timesteps | 650000    |
----------------------------------
----------------------------------
| rollout/           |           |
|    ep_len_mean     | 1e+03     |
|    ep_rew_mean     | -2.99e+07 |
| time/              |           |
|    fps             | 2522      |
|    time_elapsed    | 261       |
|    total_timesteps | 660000    |
----------------------------------
----------------------------------
| rollout/           |           |
|    ep_len_mean     | 1e+03     |
|    ep_rew_mean     | -2.99e+07 |
| time/              |           |
|    fps             | 2524      |
|    time_elapsed    | 265       |
|    total_timesteps | 670000    |
----------------------------------
----------------------------------
| rollout/           |           |
|    ep_len_mean     | 1e+03     |
|    ep_rew_mean     | -2.99e+07 |
| time/              |           |
|    fps             | 2526      |
|    time_elapsed    | 269       |
|    total_timesteps | 680000    |
----------------------------------
----------------------------------
| rollout/           |           |
|    ep_len_mean     | 1e+03     |
|    ep_rew_mean     | -2.99e+07 |
| time/              |           |
|    fps             | 2528      |
|    time_elapsed    | 272       |
|    total_timesteps | 690000    |
----------------------------------
----------------------------------
| rollout/           |           |
|    ep_len_mean     | 14        |
|    ep_rew_mean     | -1.91e+05 |
|    return_std      | 1.83e+05  |
| time/              |           |
|    fps             | 2530      |
|    time_elapsed    | 276       |
|    total_timesteps | 700000    |
| train/             |           |
|    delta_std       | 0.05      |
|    iterations      | 11        |
|    learning_rate   | 0.0018    |
|    step_size       | 1.23e-09  |
----------------------------------
----------------------------------
| rollout/           |           |
|    ep_len_mean     | 607       |
|    ep_rew_mean     | -1.79e+07 |
| time/              |           |
|    fps             | 2532      |
|    time_elapsed    | 280       |
|    total_timesteps | 710000    |
----------------------------------
----------------------------------
| rollout/           |           |
|    ep_len_mean     | 719       |
|    ep_rew_mean     | -2.13e+07 |
| time/              |           |
|    fps             | 2534      |
|    time_elapsed    | 284       |
|    total_timesteps | 720000    |
----------------------------------
----------------------------------
| rollout/           |           |
|    ep_len_mean     | 804       |
|    ep_rew_mean     | -2.39e+07 |
| time/              |           |
|    fps             | 2535      |
|    time_elapsed    | 287       |
|    total_timesteps | 730000    |
----------------------------------
----------------------------------
| rollout/           |           |
|    ep_len_mean     | 836       |
|    ep_rew_mean     | -2.49e+07 |
| time/              |           |
|    fps             | 2537      |
|    time_elapsed    | 291       |
|    total_timesteps | 740000    |
----------------------------------
----------------------------------
| rollout/           |           |
|    ep_len_mean     | 869       |
|    ep_rew_mean     | -2.59e+07 |
| time/              |           |
|    fps             | 2538      |
|    time_elapsed    | 295       |
|    total_timesteps | 750000    |
----------------------------------
---------------------------------
| rollout/           |          |
|    ep_len_mean     | 518      |
|    ep_rew_mean     | -1.5e+07 |
|    return_std      | 1.01e+07 |
| time/              |          |
|    fps             | 2540     |
|    time_elapsed    | 299      |
|    total_timesteps | 760000   |
| train/             |          |
|    delta_std       | 0.05     |
|    iterations      | 12       |
|    learning_rate   | 0.0018   |
|    step_size       | 2.22e-11 |
---------------------------------
---------------------------------
| rollout/           |          |
|    ep_len_mean     | 807      |
|    ep_rew_mean     | -2.4e+07 |
| time/              |          |
|    fps             | 2541     |
|    time_elapsed    | 302      |
|    total_timesteps | 770000   |
---------------------------------
----------------------------------
| rollout/           |           |
|    ep_len_mean     | 862       |
|    ep_rew_mean     | -2.56e+07 |
| time/              |           |
|    fps             | 2542      |
|    time_elapsed    | 306       |
|    total_timesteps | 780000    |
----------------------------------
----------------------------------
| rollout/           |           |
|    ep_len_mean     | 904       |
|    ep_rew_mean     | -2.69e+07 |
| time/              |           |
|    fps             | 2543      |
|    time_elapsed    | 310       |
|    total_timesteps | 790000    |
----------------------------------
----------------------------------
| rollout/           |           |
|    ep_len_mean     | 920       |
|    ep_rew_mean     | -2.74e+07 |
| time/              |           |
|    fps             | 2545      |
|    time_elapsed    | 314       |
|    total_timesteps | 800000    |
----------------------------------
----------------------------------
| rollout/           |           |
|    ep_len_mean     | 936       |
|    ep_rew_mean     | -2.79e+07 |
| time/              |           |
|    fps             | 2545      |
|    time_elapsed    | 318       |
|    total_timesteps | 810000    |
----------------------------------
----------------------------------
| rollout/           |           |
|    ep_len_mean     | 1e+03     |
|    ep_rew_mean     | -2.92e+07 |
|    return_std      | 7.35e+06  |
| time/              |           |
|    fps             | 2546      |
|    time_elapsed    | 322       |
|    total_timesteps | 820000    |
| train/             |           |
|    delta_std       | 0.05      |
|    iterations      | 13        |
|    learning_rate   | 0.0018    |
|    step_size       | 3.06e-11  |
----------------------------------
----------------------------------
| rollout/           |           |
|    ep_len_mean     | 1e+03     |
|    ep_rew_mean     | -2.98e+07 |
| time/              |           |
|    fps             | 2548      |
|    time_elapsed    | 325       |
|    total_timesteps | 830000    |
----------------------------------
----------------------------------
| rollout/           |           |
|    ep_len_mean     | 752       |
|    ep_rew_mean     | -2.24e+07 |
| time/              |           |
|    fps             | 2549      |
|    time_elapsed    | 329       |
|    total_timesteps | 840000    |
----------------------------------
----------------------------------
| rollout/           |           |
|    ep_len_mean     | 820       |
|    ep_rew_mean     | -2.44e+07 |
| time/              |           |
|    fps             | 2550      |
|    time_elapsed    | 333       |
|    total_timesteps | 850000    |
----------------------------------
----------------------------------
| rollout/           |           |
|    ep_len_mean     | 848       |
|    ep_rew_mean     | -2.53e+07 |
| time/              |           |
|    fps             | 2552      |
|    time_elapsed    | 336       |
|    total_timesteps | 860000    |
----------------------------------
---------------------------------
| rollout/           |          |
|    return_std      | 1.02e+07 |
| time/              |          |
|    fps             | 2553     |
|    time_elapsed    | 340      |
|    total_timesteps | 870000   |
| train/             |          |
|    delta_std       | 0.05     |
|    iterations      | 14       |
|    learning_rate   | 0.0018   |
|    step_size       | 2.21e-11 |
---------------------------------
----------------------------------
| rollout/           |           |
|    ep_len_mean     | 1e+03     |
|    ep_rew_mean     | -2.99e+07 |
| time/              |           |
|    fps             | 2554      |
|    time_elapsed    | 344       |
|    total_timesteps | 880000    |
----------------------------------
----------------------------------
| rollout/           |           |
|    ep_len_mean     | 804       |
|    ep_rew_mean     | -2.39e+07 |
| time/              |           |
|    fps             | 2555      |
|    time_elapsed    | 348       |
|    total_timesteps | 890000    |
----------------------------------
----------------------------------
| rollout/           |           |
|    ep_len_mean     | 781       |
|    ep_rew_mean     | -2.33e+07 |
| time/              |           |
|    fps             | 2556      |
|    time_elapsed    | 352       |
|    total_timesteps | 900000    |
----------------------------------
----------------------------------
| rollout/           |           |
|    ep_len_mean     | 821       |
|    ep_rew_mean     | -2.45e+07 |
| time/              |           |
|    fps             | 2558      |
|    time_elapsed    | 355       |
|    total_timesteps | 910000    |
----------------------------------
----------------------------------
| rollout/           |           |
|    ep_len_mean     | 859       |
|    ep_rew_mean     | -2.49e+07 |
| time/              |           |
|    fps             | 2559      |
|    time_elapsed    | 359       |
|    total_timesteps | 920000    |
----------------------------------
---------------------------------
| rollout/           |          |
|    return_std      | 1.02e+07 |
| time/              |          |
|    fps             | 2560     |
|    time_elapsed    | 363      |
|    total_timesteps | 930000   |
| train/             |          |
|    delta_std       | 0.05     |
|    iterations      | 15       |
|    learning_rate   | 0.0018   |
|    step_size       | 2.2e-11  |
---------------------------------
----------------------------------
| rollout/           |           |
|    ep_len_mean     | 1e+03     |
|    ep_rew_mean     | -2.98e+07 |
| time/              |           |
|    fps             | 2561      |
|    time_elapsed    | 366       |
|    total_timesteps | 940000    |
----------------------------------
----------------------------------
| rollout/           |           |
|    ep_len_mean     | 834       |
|    ep_rew_mean     | -2.49e+07 |
| time/              |           |
|    fps             | 2562      |
|    time_elapsed    | 370       |
|    total_timesteps | 950000    |
----------------------------------
----------------------------------
| rollout/           |           |
|    ep_len_mean     | 802       |
|    ep_rew_mean     | -2.39e+07 |
| time/              |           |
|    fps             | 2563      |
|    time_elapsed    | 374       |
|    total_timesteps | 960000    |
----------------------------------
----------------------------------
| rollout/           |           |
|    ep_len_mean     | 835       |
|    ep_rew_mean     | -2.49e+07 |
| time/              |           |
|    fps             | 2564      |
|    time_elapsed    | 378       |
|    total_timesteps | 970000    |
----------------------------------
---------------------------------
| rollout/           |          |
|    return_std      | 1.2e+07  |
| time/              |          |
|    fps             | 2565     |
|    time_elapsed    | 381      |
|    total_timesteps | 980000   |
| train/             |          |
|    delta_std       | 0.05     |
|    iterations      | 16       |
|    learning_rate   | 0.0018   |
|    step_size       | 1.88e-11 |
---------------------------------
---------------------------------
| rollout/           |          |
|    ep_len_mean     | 1e+03    |
|    ep_rew_mean     | -3e+07   |
| time/              |          |
|    fps             | 2566     |
|    time_elapsed    | 385      |
|    total_timesteps | 990000   |
---------------------------------
----------------------------------
| rollout/           |           |
|    ep_len_mean     | 836       |
|    ep_rew_mean     | -2.49e+07 |
| time/              |           |
|    fps             | 2567      |
|    time_elapsed    | 389       |
|    total_timesteps | 1000000   |
----------------------------------
----------------------------------
| rollout/           |           |
|    ep_len_mean     | 877       |
|    ep_rew_mean     | -2.61e+07 |
| time/              |           |
|    fps             | 2568      |
|    time_elapsed    | 393       |
|    total_timesteps | 1010000   |
----------------------------------
----------------------------------
| rollout/           |           |
|    ep_len_mean     | 910       |
|    ep_rew_mean     | -2.72e+07 |
| time/              |           |
|    fps             | 2569      |
|    time_elapsed    | 396       |
|    total_timesteps | 1020000   |
----------------------------------
----------------------------------
| rollout/           |           |
|    ep_len_mean     | 924       |
|    ep_rew_mean     | -2.76e+07 |
| time/              |           |
|    fps             | 2570      |
|    time_elapsed    | 400       |
|    total_timesteps | 1030000   |
----------------------------------
Training ended on Tue Jan 27 16:27:58 2026
Training lasted 0:06:43.800920
Logging to training_random_logs/3_robots/logs/ARS_set10
Using cpu device
Training started on Tue Jan 27 23:24:59 2026
Experiment configuration: {'algorithm': 'ARS', 'set': 10, 'verbose': 1, 'steps': 1000000, 'num_robots': 3, 'num_envs': 4, 'seed': 33, 'log_steps': 10000, 'resume': False, 'device': 'cpu'}
----------------------------------
| rollout/           |           |
|    ep_len_mean     | 1e+03     |
|    ep_rew_mean     | -2.99e+07 |
| time/              |           |
|    fps             | 2083      |
|    time_elapsed    | 4         |
|    total_timesteps | 10000     |
----------------------------------
----------------------------------
| rollout/           |           |
|    ep_len_mean     | 805       |
|    ep_rew_mean     | -2.36e+07 |
| time/              |           |
|    fps             | 2213      |
|    time_elapsed    | 9         |
|    total_timesteps | 20000     |
----------------------------------
----------------------------------
| rollout/           |           |
|    ep_len_mean     | 878       |
|    ep_rew_mean     | -2.59e+07 |
| time/              |           |
|    fps             | 2266      |
|    time_elapsed    | 13        |
|    total_timesteps | 30000     |
----------------------------------
----------------------------------
| rollout/           |           |
|    ep_len_mean     | 902       |
|    ep_rew_mean     | -2.67e+07 |
| time/              |           |
|    fps             | 2281      |
|    time_elapsed    | 17        |
|    total_timesteps | 40000     |
----------------------------------
----------------------------------
| rollout/           |           |
|    ep_len_mean     | 925       |
|    ep_rew_mean     | -2.75e+07 |
| time/              |           |
|    fps             | 2261      |
|    time_elapsed    | 22        |
|    total_timesteps | 50000     |
----------------------------------
---------------------------------
| rollout/           |          |
|    return_std      | 1.01e+07 |
| time/              |          |
|    fps             | 2237     |
|    time_elapsed    | 26       |
|    total_timesteps | 60000    |
| train/             |          |
|    delta_std       | 0.05     |
|    iterations      | 0        |
|    learning_rate   | 0.0018   |
|    step_size       | 2.23e-11 |
---------------------------------
----------------------------------
| rollout/           |           |
|    ep_len_mean     | 1e+03     |
|    ep_rew_mean     | -2.98e+07 |
| time/              |           |
|    fps             | 2220      |
|    time_elapsed    | 31        |
|    total_timesteps | 70000     |
----------------------------------
----------------------------------
| rollout/           |           |
|    ep_len_mean     | 1e+03     |
|    ep_rew_mean     | -2.98e+07 |
| time/              |           |
|    fps             | 2203      |
|    time_elapsed    | 36        |
|    total_timesteps | 80000     |
----------------------------------
----------------------------------
| rollout/           |           |
|    ep_len_mean     | 1e+03     |
|    ep_rew_mean     | -2.99e+07 |
| time/              |           |
|    fps             | 2170      |
|    time_elapsed    | 41        |
|    total_timesteps | 90000     |
----------------------------------
----------------------------------
| rollout/           |           |
|    ep_len_mean     | 1e+03     |
|    ep_rew_mean     | -2.98e+07 |
| time/              |           |
|    fps             | 2152      |
|    time_elapsed    | 46        |
|    total_timesteps | 100000    |
----------------------------------
----------------------------------
| rollout/           |           |
|    ep_len_mean     | 1e+03     |
|    ep_rew_mean     | -2.98e+07 |
| time/              |           |
|    fps             | 2146      |
|    time_elapsed    | 51        |
|    total_timesteps | 110000    |
----------------------------------
---------------------------------
| rollout/           |          |
|    return_std      | 7.4e+06  |
| time/              |          |
|    fps             | 2142     |
|    time_elapsed    | 56       |
|    total_timesteps | 120000   |
| train/             |          |
|    delta_std       | 0.05     |
|    iterations      | 1        |
|    learning_rate   | 0.0018   |
|    step_size       | 3.04e-11 |
---------------------------------
---------------------------------
| rollout/           |          |
|    ep_len_mean     | 1e+03    |
|    ep_rew_mean     | -3e+07   |
| time/              |          |
|    fps             | 2139     |
|    time_elapsed    | 60       |
|    total_timesteps | 130000   |
---------------------------------
----------------------------------
| rollout/           |           |
|    ep_len_mean     | 1e+03     |
|    ep_rew_mean     | -2.99e+07 |
| time/              |           |
|    fps             | 2136      |
|    time_elapsed    | 65        |
|    total_timesteps | 140000    |
----------------------------------
----------------------------------
| rollout/           |           |
|    ep_len_mean     | 1e+03     |
|    ep_rew_mean     | -2.99e+07 |
| time/              |           |
|    fps             | 2125      |
|    time_elapsed    | 70        |
|    total_timesteps | 150000    |
----------------------------------
----------------------------------
| rollout/           |           |
|    ep_len_mean     | 1e+03     |
|    ep_rew_mean     | -2.99e+07 |
| time/              |           |
|    fps             | 2116      |
|    time_elapsed    | 75        |
|    total_timesteps | 160000    |
----------------------------------
----------------------------------
| rollout/           |           |
|    ep_len_mean     | 1e+03     |
|    ep_rew_mean     | -2.99e+07 |
| time/              |           |
|    fps             | 2114      |
|    time_elapsed    | 80        |
|    total_timesteps | 170000    |
----------------------------------
---------------------------------
| rollout/           |          |
|    return_std      | 7.25e+06 |
| time/              |          |
|    fps             | 2114     |
|    time_elapsed    | 85       |
|    total_timesteps | 180000   |
| train/             |          |
|    delta_std       | 0.05     |
|    iterations      | 2        |
|    learning_rate   | 0.0018   |
|    step_size       | 3.1e-11  |
---------------------------------
----------------------------------
| rollout/           |           |
|    ep_len_mean     | 753       |
|    ep_rew_mean     | -2.25e+07 |
| time/              |           |
|    fps             | 2112      |
|    time_elapsed    | 89        |
|    total_timesteps | 190000    |
----------------------------------
----------------------------------
| rollout/           |           |
|    ep_len_mean     | 836       |
|    ep_rew_mean     | -2.49e+07 |
| time/              |           |
|    fps             | 2110      |
|    time_elapsed    | 94        |
|    total_timesteps | 200000    |
----------------------------------
---------------------------------
| rollout/           |          |
|    ep_len_mean     | 804      |
|    ep_rew_mean     | -2.4e+07 |
| time/              |          |
|    fps             | 2109     |
|    time_elapsed    | 99       |
|    total_timesteps | 210000   |
---------------------------------
----------------------------------
| rollout/           |           |
|    ep_len_mean     | 775       |
|    ep_rew_mean     | -2.31e+07 |
| time/              |           |
|    fps             | 2109      |
|    time_elapsed    | 104       |
|    total_timesteps | 220000    |
----------------------------------
----------------------------------
| rollout/           |           |
|    ep_len_mean     | 1e+03     |
|    ep_rew_mean     | -2.98e+07 |
|    return_std      | 1.33e+07  |
| time/              |           |
|    fps             | 2108      |
|    time_elapsed    | 109       |
|    total_timesteps | 230000    |
| train/             |           |
|    delta_std       | 0.05      |
|    iterations      | 3         |
|    learning_rate   | 0.0018    |
|    step_size       | 1.7e-11   |
----------------------------------
----------------------------------
| rollout/           |           |
|    ep_len_mean     | 1e+03     |
|    ep_rew_mean     | -2.99e+07 |
| time/              |           |
|    fps             | 2108      |
|    time_elapsed    | 113       |
|    total_timesteps | 240000    |
----------------------------------
----------------------------------
| rollout/           |           |
|    ep_len_mean     | 860       |
|    ep_rew_mean     | -2.55e+07 |
| time/              |           |
|    fps             | 2106      |
|    time_elapsed    | 118       |
|    total_timesteps | 250000    |
----------------------------------
----------------------------------
| rollout/           |           |
|    ep_len_mean     | 891       |
|    ep_rew_mean     | -2.65e+07 |
| time/              |           |
|    fps             | 2106      |
|    time_elapsed    | 123       |
|    total_timesteps | 260000    |
----------------------------------
----------------------------------
| rollout/           |           |
|    ep_len_mean     | 849       |
|    ep_rew_mean     | -2.53e+07 |
| time/              |           |
|    fps             | 2105      |
|    time_elapsed    | 128       |
|    total_timesteps | 270000    |
----------------------------------
----------------------------------
| rollout/           |           |
|    ep_len_mean     | 869       |
|    ep_rew_mean     | -2.59e+07 |
| time/              |           |
|    fps             | 2105      |
|    time_elapsed    | 132       |
|    total_timesteps | 280000    |
----------------------------------
----------------------------------
| rollout/           |           |
|    ep_len_mean     | 1e+03     |
|    ep_rew_mean     | -2.99e+07 |
|    return_std      | 1.01e+07  |
| time/              |           |
|    fps             | 2104      |
|    time_elapsed    | 137       |
|    total_timesteps | 290000    |
| train/             |           |
|    delta_std       | 0.05      |
|    iterations      | 4         |
|    learning_rate   | 0.0018    |
|    step_size       | 2.23e-11  |
----------------------------------
---------------------------------
| rollout/           |          |
|    ep_len_mean     | 812      |
|    ep_rew_mean     | -2.4e+07 |
| time/              |          |
|    fps             | 2092     |
|    time_elapsed    | 143      |
|    total_timesteps | 300000   |
---------------------------------
---------------------------------
| rollout/           |          |
|    ep_len_mean     | 708      |
|    ep_rew_mean     | -2.1e+07 |
| time/              |          |
|    fps             | 2090     |
|    time_elapsed    | 148      |
|    total_timesteps | 310000   |
---------------------------------
----------------------------------
| rollout/           |           |
|    ep_len_mean     | 757       |
|    ep_rew_mean     | -2.25e+07 |
| time/              |           |
|    fps             | 2089      |
|    time_elapsed    | 153       |
|    total_timesteps | 320000    |
----------------------------------
---------------------------------
| rollout/           |          |
|    ep_len_mean     | 805      |
|    ep_rew_mean     | -2.4e+07 |
| time/              |          |
|    fps             | 2083     |
|    time_elapsed    | 158      |
|    total_timesteps | 330000   |
---------------------------------
---------------------------------
| rollout/           |          |
|    ep_len_mean     | 1e+03    |
|    ep_rew_mean     | -3e+07   |
|    return_std      | 1.19e+07 |
| time/              |          |
|    fps             | 2077     |
|    time_elapsed    | 163      |
|    total_timesteps | 340000   |
| train/             |          |
|    delta_std       | 0.05     |
|    iterations      | 5        |
|    learning_rate   | 0.0018   |
|    step_size       | 1.89e-11 |
---------------------------------
---------------------------------
| rollout/           |          |
|    ep_len_mean     | 1e+03    |
|    ep_rew_mean     | -3e+07   |
| time/              |          |
|    fps             | 2076     |
|    time_elapsed    | 168      |
|    total_timesteps | 350000   |
---------------------------------
---------------------------------
| rollout/           |          |
|    ep_len_mean     | 1e+03    |
|    ep_rew_mean     | -3e+07   |
| time/              |          |
|    fps             | 2070     |
|    time_elapsed    | 173      |
|    total_timesteps | 360000   |
---------------------------------
---------------------------------
| rollout/           |          |
|    ep_len_mean     | 902      |
|    ep_rew_mean     | -2.7e+07 |
| time/              |          |
|    fps             | 2059     |
|    time_elapsed    | 179      |
|    total_timesteps | 370000   |
---------------------------------
----------------------------------
| rollout/           |           |
|    ep_len_mean     | 919       |
|    ep_rew_mean     | -2.74e+07 |
| time/              |           |
|    fps             | 2051      |
|    time_elapsed    | 185       |
|    total_timesteps | 380000    |
----------------------------------
----------------------------------
| rollout/           |           |
|    ep_len_mean     | 935       |
|    ep_rew_mean     | -2.79e+07 |
| time/              |           |
|    fps             | 2046      |
|    time_elapsed    | 190       |
|    total_timesteps | 390000    |
----------------------------------
----------------------------------
| rollout/           |           |
|    ep_len_mean     | 518       |
|    ep_rew_mean     | -1.53e+07 |
|    return_std      | 7.42e+06  |
| time/              |           |
|    fps             | 2041      |
|    time_elapsed    | 195       |
|    total_timesteps | 400000    |
| train/             |           |
|    delta_std       | 0.05      |
|    iterations      | 6         |
|    learning_rate   | 0.0018    |
|    step_size       | 3.03e-11  |
----------------------------------
----------------------------------
| rollout/           |           |
|    ep_len_mean     | 807       |
|    ep_rew_mean     | -2.41e+07 |
| time/              |           |
|    fps             | 2038      |
|    time_elapsed    | 201       |
|    total_timesteps | 410000    |
----------------------------------
----------------------------------
| rollout/           |           |
|    ep_len_mean     | 755       |
|    ep_rew_mean     | -2.26e+07 |
| time/              |           |
|    fps             | 2034      |
|    time_elapsed    | 206       |
|    total_timesteps | 420000    |
----------------------------------
----------------------------------
| rollout/           |           |
|    ep_len_mean     | 822       |
|    ep_rew_mean     | -2.44e+07 |
| time/              |           |
|    fps             | 2026      |
|    time_elapsed    | 212       |
|    total_timesteps | 430000    |
----------------------------------
----------------------------------
| rollout/           |           |
|    ep_len_mean     | 849       |
|    ep_rew_mean     | -2.53e+07 |
| time/              |           |
|    fps             | 2024      |
|    time_elapsed    | 217       |
|    total_timesteps | 440000    |
----------------------------------
---------------------------------
| rollout/           |          |
|    return_std      | 1.01e+07 |
| time/              |          |
|    fps             | 2020     |
|    time_elapsed    | 222      |
|    total_timesteps | 450000   |
| train/             |          |
|    delta_std       | 0.05     |
|    iterations      | 7        |
|    learning_rate   | 0.0018   |
|    step_size       | 2.24e-11 |
---------------------------------
----------------------------------
| rollout/           |           |
|    ep_len_mean     | 1e+03     |
|    ep_rew_mean     | -2.98e+07 |
| time/              |           |
|    fps             | 2017      |
|    time_elapsed    | 227       |
|    total_timesteps | 460000    |
----------------------------------
----------------------------------
| rollout/           |           |
|    ep_len_mean     | 1e+03     |
|    ep_rew_mean     | -2.99e+07 |
| time/              |           |
|    fps             | 2013      |
|    time_elapsed    | 233       |
|    total_timesteps | 470000    |
----------------------------------
