Logging to training_random_logs/3_robots/logs/CrossQ_set10
Using cuda device
Training started on Tue Jan 27 18:02:03 2026
Experiment configuration: {'algorithm': 'CrossQ', 'set': 10, 'verbose': 1, 'steps': 1000000, 'num_robots': 3, 'num_envs': 4, 'seed': 33, 'log_steps': 10000, 'resume': False, 'device': 'cuda'}
----------------------------------
| rollout/           |           |
|    ep_len_mean     | 144       |
|    ep_rew_mean     | -8.49e+05 |
| time/              |           |
|    episodes        | 65        |
|    fps             | 603       |
|    time_elapsed    | 16        |
|    total_timesteps | 10000     |
| train/             |           |
|    actor_loss      | 1.01e+04  |
|    critic_loss     | 4.7e+07   |
|    ent_coef        | 24.2      |
|    ent_coef_loss   | -19.5     |
|    learning_rate   | 0.0055    |
|    n_updates       | 2474      |
----------------------------------
----------------------------------
| rollout/           |           |
|    ep_len_mean     | 179       |
|    ep_rew_mean     | -5.08e+05 |
| time/              |           |
|    episodes        | 105       |
|    fps             | 601       |
|    time_elapsed    | 33        |
|    total_timesteps | 20000     |
| train/             |           |
|    actor_loss      | 3.93e+03  |
|    critic_loss     | 1.22e+07  |
|    ent_coef        | 40.5      |
|    ent_coef_loss   | -3.9      |
|    learning_rate   | 0.0055    |
|    n_updates       | 4974      |
----------------------------------
----------------------------------
| rollout/           |           |
|    ep_len_mean     | 245       |
|    ep_rew_mean     | -2.27e+05 |
| time/              |           |
|    episodes        | 121       |
|    fps             | 601       |
|    time_elapsed    | 49        |
|    total_timesteps | 30000     |
| train/             |           |
|    actor_loss      | 3.69e+03  |
|    critic_loss     | 6.86e+06  |
|    ent_coef        | 36.5      |
|    ent_coef_loss   | 5.28      |
|    learning_rate   | 0.0055    |
|    n_updates       | 7474      |
----------------------------------
----------------------------------
| rollout/           |           |
|    ep_len_mean     | 337       |
|    ep_rew_mean     | -2.05e+05 |
| time/              |           |
|    episodes        | 146       |
|    fps             | 600       |
|    time_elapsed    | 66        |
|    total_timesteps | 40000     |
| train/             |           |
|    actor_loss      | 3.24e+03  |
|    critic_loss     | 2.43e+07  |
|    ent_coef        | 34.7      |
|    ent_coef_loss   | -23.5     |
|    learning_rate   | 0.0055    |
|    n_updates       | 9974      |
----------------------------------
----------------------------------
| rollout/           |           |
|    ep_len_mean     | 386       |
|    ep_rew_mean     | -4.13e+05 |
| time/              |           |
|    episodes        | 162       |
|    fps             | 599       |
|    time_elapsed    | 83        |
|    total_timesteps | 50000     |
| train/             |           |
|    actor_loss      | 4.2e+03   |
|    critic_loss     | 3.97e+06  |
|    ent_coef        | 34.3      |
|    ent_coef_loss   | 6.41      |
|    learning_rate   | 0.0055    |
|    n_updates       | 12474     |
----------------------------------
----------------------------------
| rollout/           |           |
|    ep_len_mean     | 459       |
|    ep_rew_mean     | -4.67e+05 |
| time/              |           |
|    episodes        | 174       |
|    fps             | 599       |
|    time_elapsed    | 100       |
|    total_timesteps | 60000     |
| train/             |           |
|    actor_loss      | -2.18e+03 |
|    critic_loss     | 4.36e+06  |
|    ent_coef        | 21.8      |
|    ent_coef_loss   | 2.49      |
|    learning_rate   | 0.0055    |
|    n_updates       | 14974     |
----------------------------------
----------------------------------
| rollout/           |           |
|    ep_len_mean     | 506       |
|    ep_rew_mean     | -5.23e+05 |
| time/              |           |
|    episodes        | 203       |
|    fps             | 599       |
|    time_elapsed    | 116       |
|    total_timesteps | 70000     |
| train/             |           |
|    actor_loss      | -283      |
|    critic_loss     | 6.07e+06  |
|    ent_coef        | 28.4      |
|    ent_coef_loss   | -2.48     |
|    learning_rate   | 0.0055    |
|    n_updates       | 17474     |
----------------------------------
----------------------------------
| rollout/           |           |
|    ep_len_mean     | 453       |
|    ep_rew_mean     | -7.38e+05 |
| time/              |           |
|    episodes        | 230       |
|    fps             | 598       |
|    time_elapsed    | 133       |
|    total_timesteps | 80000     |
| train/             |           |
|    actor_loss      | 1.7e+03   |
|    critic_loss     | 8.13e+06  |
|    ent_coef        | 59.3      |
|    ent_coef_loss   | -2.17     |
|    learning_rate   | 0.0055    |
|    n_updates       | 19974     |
----------------------------------
----------------------------------
| rollout/           |           |
|    ep_len_mean     | 377       |
|    ep_rew_mean     | -7.38e+05 |
| time/              |           |
|    episodes        | 267       |
|    fps             | 598       |
|    time_elapsed    | 150       |
|    total_timesteps | 90000     |
| train/             |           |
|    actor_loss      | 8.55e+03  |
|    critic_loss     | 4.28e+07  |
|    ent_coef        | 24.8      |
|    ent_coef_loss   | 3.09      |
|    learning_rate   | 0.0055    |
|    n_updates       | 22474     |
----------------------------------
----------------------------------
| rollout/           |           |
|    ep_len_mean     | 318       |
|    ep_rew_mean     | -7.09e+05 |
| time/              |           |
|    episodes        | 300       |
|    fps             | 598       |
|    time_elapsed    | 167       |
|    total_timesteps | 100000    |
| train/             |           |
|    actor_loss      | 2.16e+03  |
|    critic_loss     | 7.22e+06  |
|    ent_coef        | 25.3      |
|    ent_coef_loss   | -0.671    |
|    learning_rate   | 0.0055    |
|    n_updates       | 24974     |
----------------------------------
----------------------------------
| rollout/           |           |
|    ep_len_mean     | 344       |
|    ep_rew_mean     | -6.19e+05 |
| time/              |           |
|    episodes        | 321       |
|    fps             | 598       |
|    time_elapsed    | 183       |
|    total_timesteps | 110000    |
| train/             |           |
|    actor_loss      | -1.5e+03  |
|    critic_loss     | 8.18e+06  |
|    ent_coef        | 31.9      |
|    ent_coef_loss   | 1.05      |
|    learning_rate   | 0.0055    |
|    n_updates       | 27474     |
----------------------------------
----------------------------------
| rollout/           |           |
|    ep_len_mean     | 362       |
|    ep_rew_mean     | -4.56e+05 |
| time/              |           |
|    episodes        | 341       |
|    fps             | 598       |
|    time_elapsed    | 200       |
|    total_timesteps | 120000    |
| train/             |           |
|    actor_loss      | -2.58e+03 |
|    critic_loss     | 1.82e+07  |
|    ent_coef        | 25.2      |
|    ent_coef_loss   | 2.12      |
|    learning_rate   | 0.0055    |
|    n_updates       | 29974     |
----------------------------------
----------------------------------
| rollout/           |           |
|    ep_len_mean     | 406       |
|    ep_rew_mean     | -4.56e+05 |
| time/              |           |
|    episodes        | 366       |
|    fps             | 598       |
|    time_elapsed    | 217       |
|    total_timesteps | 130000    |
| train/             |           |
|    actor_loss      | 1.66e+03  |
|    critic_loss     | 2.82e+07  |
|    ent_coef        | 21.9      |
|    ent_coef_loss   | 0.937     |
|    learning_rate   | 0.0055    |
|    n_updates       | 32474     |
----------------------------------
----------------------------------
| rollout/           |           |
|    ep_len_mean     | 444       |
|    ep_rew_mean     | -4.92e+05 |
| time/              |           |
|    episodes        | 382       |
|    fps             | 597       |
|    time_elapsed    | 234       |
|    total_timesteps | 140000    |
| train/             |           |
|    actor_loss      | 1.34e+04  |
|    critic_loss     | 1.28e+07  |
|    ent_coef        | 64.1      |
|    ent_coef_loss   | 23.5      |
|    learning_rate   | 0.0055    |
|    n_updates       | 34974     |
----------------------------------
----------------------------------
| rollout/           |           |
|    ep_len_mean     | 362       |
|    ep_rew_mean     | -4.68e+05 |
| time/              |           |
|    episodes        | 428       |
|    fps             | 597       |
|    time_elapsed    | 250       |
|    total_timesteps | 150000    |
| train/             |           |
|    actor_loss      | 1.9e+03   |
|    critic_loss     | 3.52e+07  |
|    ent_coef        | 19        |
|    ent_coef_loss   | 6.18      |
|    learning_rate   | 0.0055    |
|    n_updates       | 37474     |
----------------------------------
----------------------------------
| rollout/           |           |
|    ep_len_mean     | 371       |
|    ep_rew_mean     | -4.13e+05 |
| time/              |           |
|    episodes        | 453       |
|    fps             | 597       |
|    time_elapsed    | 267       |
|    total_timesteps | 160000    |
| train/             |           |
|    actor_loss      | 7.37e+03  |
|    critic_loss     | 8e+06     |
|    ent_coef        | 24.4      |
|    ent_coef_loss   | 1.25      |
|    learning_rate   | 0.0055    |
|    n_updates       | 39974     |
----------------------------------
----------------------------------
| rollout/           |           |
|    ep_len_mean     | 325       |
|    ep_rew_mean     | -4.48e+05 |
| time/              |           |
|    episodes        | 479       |
|    fps             | 597       |
|    time_elapsed    | 284       |
|    total_timesteps | 170000    |
| train/             |           |
|    actor_loss      | 8.71e+03  |
|    critic_loss     | 2.92e+07  |
|    ent_coef        | 32.1      |
|    ent_coef_loss   | -18.4     |
|    learning_rate   | 0.0055    |
|    n_updates       | 42474     |
----------------------------------
----------------------------------
| rollout/           |           |
|    ep_len_mean     | 350       |
|    ep_rew_mean     | -5.99e+05 |
| time/              |           |
|    episodes        | 496       |
|    fps             | 597       |
|    time_elapsed    | 301       |
|    total_timesteps | 180000    |
| train/             |           |
|    actor_loss      | 6.25e+03  |
|    critic_loss     | 4.41e+06  |
|    ent_coef        | 22        |
|    ent_coef_loss   | 6.66      |
|    learning_rate   | 0.0055    |
|    n_updates       | 44974     |
----------------------------------
---------------------------------
| rollout/           |          |
|    ep_len_mean     | 413      |
|    ep_rew_mean     | -5.5e+05 |
| time/              |          |
|    episodes        | 519      |
|    fps             | 597      |
|    time_elapsed    | 317      |
|    total_timesteps | 190000   |
| train/             |          |
|    actor_loss      | 7.61e+03 |
|    critic_loss     | 3.87e+07 |
|    ent_coef        | 22.8     |
|    ent_coef_loss   | -4.67    |
|    learning_rate   | 0.0055   |
|    n_updates       | 47474    |
---------------------------------
----------------------------------
| rollout/           |           |
|    ep_len_mean     | 454       |
|    ep_rew_mean     | -6.61e+05 |
| time/              |           |
|    episodes        | 537       |
|    fps             | 597       |
|    time_elapsed    | 334       |
|    total_timesteps | 200000    |
| train/             |           |
|    actor_loss      | 1.11e+04  |
|    critic_loss     | 5.7e+06   |
|    ent_coef        | 38.4      |
|    ent_coef_loss   | -9.52     |
|    learning_rate   | 0.0055    |
|    n_updates       | 49974     |
----------------------------------
----------------------------------
| rollout/           |           |
|    ep_len_mean     | 490       |
|    ep_rew_mean     | -7.31e+05 |
| time/              |           |
|    episodes        | 555       |
|    fps             | 597       |
|    time_elapsed    | 351       |
|    total_timesteps | 210000    |
| train/             |           |
|    actor_loss      | 1.18e+04  |
|    critic_loss     | 4.78e+06  |
|    ent_coef        | 39.4      |
|    ent_coef_loss   | 3.69      |
|    learning_rate   | 0.0055    |
|    n_updates       | 52474     |
----------------------------------
----------------------------------
| rollout/           |           |
|    ep_len_mean     | 493       |
|    ep_rew_mean     | -1.43e+06 |
| time/              |           |
|    episodes        | 581       |
|    fps             | 597       |
|    time_elapsed    | 368       |
|    total_timesteps | 220000    |
| train/             |           |
|    actor_loss      | 4.35e+04  |
|    critic_loss     | 2.08e+07  |
|    ent_coef        | 89.9      |
|    ent_coef_loss   | 39        |
|    learning_rate   | 0.0055    |
|    n_updates       | 54974     |
----------------------------------
----------------------------------
| rollout/           |           |
|    ep_len_mean     | 509       |
|    ep_rew_mean     | -1.28e+06 |
| time/              |           |
|    episodes        | 595       |
|    fps             | 597       |
|    time_elapsed    | 385       |
|    total_timesteps | 230000    |
| train/             |           |
|    actor_loss      | 1.54e+04  |
|    critic_loss     | 1.23e+07  |
|    ent_coef        | 11.2      |
|    ent_coef_loss   | 2.39      |
|    learning_rate   | 0.0055    |
|    n_updates       | 57474     |
----------------------------------
----------------------------------
| rollout/           |           |
|    ep_len_mean     | 532       |
|    ep_rew_mean     | -1.27e+06 |
| time/              |           |
|    episodes        | 610       |
|    fps             | 597       |
|    time_elapsed    | 401       |
|    total_timesteps | 240000    |
| train/             |           |
|    actor_loss      | 5.89e+03  |
|    critic_loss     | 6.31e+06  |
|    ent_coef        | 17.7      |
|    ent_coef_loss   | 0.771     |
|    learning_rate   | 0.0055    |
|    n_updates       | 59974     |
----------------------------------
----------------------------------
| rollout/           |           |
|    ep_len_mean     | 570       |
|    ep_rew_mean     | -1.28e+06 |
| time/              |           |
|    episodes        | 625       |
|    fps             | 597       |
|    time_elapsed    | 418       |
|    total_timesteps | 250000    |
| train/             |           |
|    actor_loss      | 5.82e+03  |
|    critic_loss     | 4.67e+06  |
|    ent_coef        | 14.4      |
|    ent_coef_loss   | 4.53      |
|    learning_rate   | 0.0055    |
|    n_updates       | 62474     |
----------------------------------
----------------------------------
| rollout/           |           |
|    ep_len_mean     | 591       |
|    ep_rew_mean     | -1.26e+06 |
| time/              |           |
|    episodes        | 637       |
|    fps             | 597       |
|    time_elapsed    | 435       |
|    total_timesteps | 260000    |
| train/             |           |
|    actor_loss      | 9.74e+03  |
|    critic_loss     | 2.01e+06  |
|    ent_coef        | 35.4      |
|    ent_coef_loss   | -4.65     |
|    learning_rate   | 0.0055    |
|    n_updates       | 64974     |
----------------------------------
----------------------------------
| rollout/           |           |
|    ep_len_mean     | 665       |
|    ep_rew_mean     | -1.43e+06 |
| time/              |           |
|    episodes        | 646       |
|    fps             | 597       |
|    time_elapsed    | 452       |
|    total_timesteps | 270000    |
| train/             |           |
|    actor_loss      | 2.33e+03  |
|    critic_loss     | 3.68e+07  |
|    ent_coef        | 11.5      |
|    ent_coef_loss   | 5.55      |
|    learning_rate   | 0.0055    |
|    n_updates       | 67474     |
----------------------------------
----------------------------------
| rollout/           |           |
|    ep_len_mean     | 689       |
|    ep_rew_mean     | -1.36e+06 |
| time/              |           |
|    episodes        | 657       |
|    fps             | 597       |
|    time_elapsed    | 468       |
|    total_timesteps | 280000    |
| train/             |           |
|    actor_loss      | -420      |
|    critic_loss     | 1.81e+06  |
|    ent_coef        | 6.59      |
|    ent_coef_loss   | -1.08     |
|    learning_rate   | 0.0055    |
|    n_updates       | 69974     |
----------------------------------
----------------------------------
| rollout/           |           |
|    ep_len_mean     | 727       |
|    ep_rew_mean     | -6.77e+05 |
| time/              |           |
|    episodes        | 674       |
|    fps             | 597       |
|    time_elapsed    | 485       |
|    total_timesteps | 290000    |
| train/             |           |
|    actor_loss      | 1.79e+04  |
|    critic_loss     | 4.11e+06  |
|    ent_coef        | 53.7      |
|    ent_coef_loss   | 10.2      |
|    learning_rate   | 0.0055    |
|    n_updates       | 72474     |
----------------------------------
----------------------------------
| rollout/           |           |
|    ep_len_mean     | 704       |
|    ep_rew_mean     | -1.19e+06 |
| time/              |           |
|    episodes        | 695       |
|    fps             | 597       |
|    time_elapsed    | 502       |
|    total_timesteps | 300000    |
| train/             |           |
|    actor_loss      | 1.63e+05  |
|    critic_loss     | 2.11e+08  |
|    ent_coef        | 1.05e+03  |
|    ent_coef_loss   | 54.1      |
|    learning_rate   | 0.0055    |
|    n_updates       | 74974     |
----------------------------------
---------------------------------
| rollout/           |          |
|    ep_len_mean     | 364      |
|    ep_rew_mean     | -1.4e+06 |
| time/              |          |
|    episodes        | 751      |
|    fps             | 597      |
|    time_elapsed    | 519      |
|    total_timesteps | 310000   |
| train/             |          |
|    actor_loss      | 3.48e+04 |
|    critic_loss     | 3.17e+07 |
|    ent_coef        | 69.8     |
|    ent_coef_loss   | 35.2     |
|    learning_rate   | 0.0055   |
|    n_updates       | 77474    |
---------------------------------
----------------------------------
| rollout/           |           |
|    ep_len_mean     | 309       |
|    ep_rew_mean     | -1.37e+06 |
| time/              |           |
|    episodes        | 771       |
|    fps             | 597       |
|    time_elapsed    | 535       |
|    total_timesteps | 320000    |
| train/             |           |
|    actor_loss      | 1.96e+04  |
|    critic_loss     | 5.73e+07  |
|    ent_coef        | 16.6      |
|    ent_coef_loss   | 0.805     |
|    learning_rate   | 0.0055    |
|    n_updates       | 79974     |
----------------------------------
---------------------------------
| rollout/           |          |
|    ep_len_mean     | 350      |
|    ep_rew_mean     | -1.2e+06 |
| time/              |          |
|    episodes        | 783      |
|    fps             | 597      |
|    time_elapsed    | 552      |
|    total_timesteps | 330000   |
| train/             |          |
|    actor_loss      | 1.04e+04 |
|    critic_loss     | 7.87e+06 |
|    ent_coef        | 16.9     |
|    ent_coef_loss   | 4.33     |
|    learning_rate   | 0.0055   |
|    n_updates       | 82474    |
---------------------------------
----------------------------------
| rollout/           |           |
|    ep_len_mean     | 409       |
|    ep_rew_mean     | -7.61e+05 |
| time/              |           |
|    episodes        | 794       |
|    fps             | 597       |
|    time_elapsed    | 569       |
|    total_timesteps | 340000    |
| train/             |           |
|    actor_loss      | 9.26e+03  |
|    critic_loss     | 3.59e+06  |
|    ent_coef        | 47.6      |
|    ent_coef_loss   | -4.4      |
|    learning_rate   | 0.0055    |
|    n_updates       | 84974     |
----------------------------------
----------------------------------
| rollout/           |           |
|    ep_len_mean     | 472       |
|    ep_rew_mean     | -3.44e+05 |
| time/              |           |
|    episodes        | 805       |
|    fps             | 597       |
|    time_elapsed    | 585       |
|    total_timesteps | 350000    |
| train/             |           |
|    actor_loss      | 2.19e+03  |
|    critic_loss     | 7.67e+05  |
|    ent_coef        | 4.6       |
|    ent_coef_loss   | 5.26      |
|    learning_rate   | 0.0055    |
|    n_updates       | 87474     |
----------------------------------
----------------------------------
| rollout/           |           |
|    ep_len_mean     | 551       |
|    ep_rew_mean     | -9.26e+05 |
| time/              |           |
|    episodes        | 824       |
|    fps             | 597       |
|    time_elapsed    | 602       |
|    total_timesteps | 360000    |
| train/             |           |
|    actor_loss      | 4.33e+04  |
|    critic_loss     | 1.69e+07  |
|    ent_coef        | 88        |
|    ent_coef_loss   | 5.47      |
|    learning_rate   | 0.0055    |
|    n_updates       | 89974     |
----------------------------------
---------------------------------
| rollout/           |          |
|    ep_len_mean     | 611      |
|    ep_rew_mean     | -1e+06   |
| time/              |          |
|    episodes        | 843      |
|    fps             | 597      |
|    time_elapsed    | 619      |
|    total_timesteps | 370000   |
| train/             |          |
|    actor_loss      | 7.96e+03 |
|    critic_loss     | 5.31e+06 |
|    ent_coef        | 26.4     |
|    ent_coef_loss   | 0.164    |
|    learning_rate   | 0.0055   |
|    n_updates       | 92474    |
---------------------------------
----------------------------------
| rollout/           |           |
|    ep_len_mean     | 622       |
|    ep_rew_mean     | -1.13e+06 |
| time/              |           |
|    episodes        | 864       |
|    fps             | 597       |
|    time_elapsed    | 636       |
|    total_timesteps | 380000    |
| train/             |           |
|    actor_loss      | 1.95e+04  |
|    critic_loss     | 3.25e+07  |
|    ent_coef        | 103       |
|    ent_coef_loss   | 11.4      |
|    learning_rate   | 0.0055    |
|    n_updates       | 94974     |
----------------------------------
----------------------------------
| rollout/           |           |
|    ep_len_mean     | 540       |
|    ep_rew_mean     | -1.21e+06 |
| time/              |           |
|    episodes        | 891       |
|    fps             | 597       |
|    time_elapsed    | 653       |
|    total_timesteps | 390000    |
| train/             |           |
|    actor_loss      | 4.27e+04  |
|    critic_loss     | 7.51e+07  |
|    ent_coef        | 354       |
|    ent_coef_loss   | -167      |
|    learning_rate   | 0.0055    |
|    n_updates       | 97474     |
----------------------------------
----------------------------------
| rollout/           |           |
|    ep_len_mean     | 399       |
|    ep_rew_mean     | -8.67e+05 |
| time/              |           |
|    episodes        | 925       |
|    fps             | 597       |
|    time_elapsed    | 669       |
|    total_timesteps | 400000    |
| train/             |           |
|    actor_loss      | 2.36e+04  |
|    critic_loss     | 1.76e+07  |
|    ent_coef        | 82.7      |
|    ent_coef_loss   | 42.7      |
|    learning_rate   | 0.0055    |
|    n_updates       | 99974     |
----------------------------------
----------------------------------
| rollout/           |           |
|    ep_len_mean     | 436       |
|    ep_rew_mean     | -8.22e+05 |
| time/              |           |
|    episodes        | 935       |
|    fps             | 595       |
|    time_elapsed    | 688       |
|    total_timesteps | 410000    |
| train/             |           |
|    actor_loss      | 5.78e+03  |
|    critic_loss     | 4.11e+06  |
|    ent_coef        | 9.92      |
|    ent_coef_loss   | 4.15      |
|    learning_rate   | 0.0055    |
|    n_updates       | 102474    |
----------------------------------
----------------------------------
| rollout/           |           |
|    ep_len_mean     | 348       |
|    ep_rew_mean     | -1.44e+06 |
| time/              |           |
|    episodes        | 977       |
|    fps             | 594       |
|    time_elapsed    | 706       |
|    total_timesteps | 420000    |
| train/             |           |
|    actor_loss      | 7.23e+04  |
|    critic_loss     | 1.14e+08  |
|    ent_coef        | 433       |
|    ent_coef_loss   | -64.4     |
|    learning_rate   | 0.0055    |
|    n_updates       | 104974    |
----------------------------------
----------------------------------
| rollout/           |           |
|    ep_len_mean     | 341       |
|    ep_rew_mean     | -1.25e+06 |
| time/              |           |
|    episodes        | 999       |
|    fps             | 593       |
|    time_elapsed    | 724       |
|    total_timesteps | 430000    |
| train/             |           |
|    actor_loss      | 5.18e+04  |
|    critic_loss     | 2.2e+07   |
|    ent_coef        | 51.2      |
|    ent_coef_loss   | 24.3      |
|    learning_rate   | 0.0055    |
|    n_updates       | 107474    |
----------------------------------
---------------------------------
| rollout/           |          |
|    ep_len_mean     | 413      |
|    ep_rew_mean     | -1.2e+06 |
| time/              |          |
|    episodes        | 1013     |
|    fps             | 592      |
|    time_elapsed    | 743      |
|    total_timesteps | 440000   |
| train/             |          |
|    actor_loss      | 1.98e+04 |
|    critic_loss     | 1.12e+07 |
|    ent_coef        | 7.04     |
|    ent_coef_loss   | 3.36     |
|    learning_rate   | 0.0055   |
|    n_updates       | 109974   |
---------------------------------
----------------------------------
| rollout/           |           |
|    ep_len_mean     | 447       |
|    ep_rew_mean     | -1.73e+06 |
| time/              |           |
|    episodes        | 1031      |
|    fps             | 590       |
|    time_elapsed    | 761       |
|    total_timesteps | 450000    |
| train/             |           |
|    actor_loss      | 3.8e+04   |
|    critic_loss     | 2.17e+07  |
|    ent_coef        | 121       |
|    ent_coef_loss   | 18.6      |
|    learning_rate   | 0.0055    |
|    n_updates       | 112474    |
----------------------------------
----------------------------------
| rollout/           |           |
|    ep_len_mean     | 447       |
|    ep_rew_mean     | -1.53e+06 |
| time/              |           |
|    episodes        | 1047      |
|    fps             | 589       |
|    time_elapsed    | 779       |
|    total_timesteps | 460000    |
| train/             |           |
|    actor_loss      | 1.39e+04  |
|    critic_loss     | 2.78e+06  |
|    ent_coef        | 18.5      |
|    ent_coef_loss   | 18.2      |
|    learning_rate   | 0.0055    |
|    n_updates       | 114974    |
----------------------------------
----------------------------------
| rollout/           |           |
|    ep_len_mean     | 481       |
|    ep_rew_mean     | -1.62e+06 |
| time/              |           |
|    episodes        | 1072      |
|    fps             | 588       |
|    time_elapsed    | 798       |
|    total_timesteps | 470000    |
| train/             |           |
|    actor_loss      | 4.91e+05  |
|    critic_loss     | 5.35e+09  |
|    ent_coef        | 2.32e+03  |
|    ent_coef_loss   | -226      |
|    learning_rate   | 0.0055    |
|    n_updates       | 117474    |
----------------------------------
----------------------------------
| rollout/           |           |
|    ep_len_mean     | 108       |
|    ep_rew_mean     | -1.94e+06 |
| time/              |           |
|    episodes        | 1174      |
|    fps             | 587       |
|    time_elapsed    | 816       |
|    total_timesteps | 480000    |
| train/             |           |
|    actor_loss      | 3.44e+05  |
|    critic_loss     | 4.07e+09  |
|    ent_coef        | 3.87e+03  |
|    ent_coef_loss   | 112       |
|    learning_rate   | 0.0055    |
|    n_updates       | 119974    |
----------------------------------
----------------------------------
| rollout/           |           |
|    ep_len_mean     | 173       |
|    ep_rew_mean     | -2.26e+06 |
| time/              |           |
|    episodes        | 1208      |
|    fps             | 586       |
|    time_elapsed    | 834       |
|    total_timesteps | 490000    |
| train/             |           |
|    actor_loss      | 3.32e+05  |
|    critic_loss     | 5.76e+08  |
|    ent_coef        | 321       |
|    ent_coef_loss   | 61.7      |
|    learning_rate   | 0.0055    |
|    n_updates       | 122474    |
----------------------------------
----------------------------------
| rollout/           |           |
|    ep_len_mean     | 278       |
|    ep_rew_mean     | -3.22e+06 |
| time/              |           |
|    episodes        | 1242      |
|    fps             | 586       |
|    time_elapsed    | 853       |
|    total_timesteps | 500000    |
| train/             |           |
|    actor_loss      | 2.27e+05  |
|    critic_loss     | 9.72e+07  |
|    ent_coef        | 41        |
|    ent_coef_loss   | 15.6      |
|    learning_rate   | 0.0055    |
|    n_updates       | 124974    |
----------------------------------
----------------------------------
| rollout/           |           |
|    ep_len_mean     | 227       |
|    ep_rew_mean     | -1.65e+06 |
| time/              |           |
|    episodes        | 1298      |
|    fps             | 585       |
|    time_elapsed    | 871       |
|    total_timesteps | 510000    |
| train/             |           |
|    actor_loss      | 2.65e+05  |
|    critic_loss     | 1.91e+09  |
|    ent_coef        | 175       |
|    ent_coef_loss   | -378      |
|    learning_rate   | 0.0055    |
|    n_updates       | 127474    |
----------------------------------
----------------------------------
| rollout/           |           |
|    ep_len_mean     | 191       |
|    ep_rew_mean     | -2.09e+06 |
| time/              |           |
|    episodes        | 1349      |
|    fps             | 584       |
|    time_elapsed    | 889       |
|    total_timesteps | 520000    |
| train/             |           |
|    actor_loss      | 5.04e+05  |
|    critic_loss     | 2.53e+09  |
|    ent_coef        | 6.61e+03  |
|    ent_coef_loss   | 82.4      |
|    learning_rate   | 0.0055    |
|    n_updates       | 129974    |
----------------------------------
----------------------------------
| rollout/           |           |
|    ep_len_mean     | 220       |
|    ep_rew_mean     | -3.22e+06 |
| time/              |           |
|    episodes        | 1372      |
|    fps             | 583       |
|    time_elapsed    | 908       |
|    total_timesteps | 530000    |
| train/             |           |
|    actor_loss      | 1.96e+06  |
|    critic_loss     | 2.08e+11  |
|    ent_coef        | 4.48e+04  |
|    ent_coef_loss   | -168      |
|    learning_rate   | 0.0055    |
|    n_updates       | 132474    |
----------------------------------
----------------------------------
| rollout/           |           |
|    ep_len_mean     | 303       |
|    ep_rew_mean     | -4.67e+06 |
| time/              |           |
|    episodes        | 1398      |
|    fps             | 582       |
|    time_elapsed    | 926       |
|    total_timesteps | 540000    |
| train/             |           |
|    actor_loss      | 2.6e+06   |
|    critic_loss     | 4.11e+11  |
|    ent_coef        | 7.9e+04   |
|    ent_coef_loss   | 111       |
|    learning_rate   | 0.0055    |
|    n_updates       | 134974    |
----------------------------------
---------------------------------
| rollout/           |          |
|    ep_len_mean     | 297      |
|    ep_rew_mean     | -3.8e+06 |
| time/              |          |
|    episodes        | 1440     |
|    fps             | 581      |
|    time_elapsed    | 945      |
|    total_timesteps | 550000   |
| train/             |          |
|    actor_loss      | 2.23e+06 |
|    critic_loss     | 2.56e+10 |
|    ent_coef        | 1.97e+03 |
|    ent_coef_loss   | 92       |
|    learning_rate   | 0.0055   |
|    n_updates       | 137474   |
---------------------------------
----------------------------------
| rollout/           |           |
|    ep_len_mean     | 246       |
|    ep_rew_mean     | -3.13e+06 |
| time/              |           |
|    episodes        | 1480      |
|    fps             | 581       |
|    time_elapsed    | 963       |
|    total_timesteps | 560000    |
| train/             |           |
|    actor_loss      | 1.58e+06  |
|    critic_loss     | 9.6e+09   |
|    ent_coef        | 105       |
|    ent_coef_loss   | 31.7      |
|    learning_rate   | 0.0055    |
|    n_updates       | 139974    |
----------------------------------
----------------------------------
| rollout/           |           |
|    ep_len_mean     | 258       |
|    ep_rew_mean     | -4.15e+06 |
| time/              |           |
|    episodes        | 1517      |
|    fps             | 580       |
|    time_elapsed    | 981       |
|    total_timesteps | 570000    |
| train/             |           |
|    actor_loss      | 1.23e+06  |
|    critic_loss     | 9.49e+09  |
|    ent_coef        | 197       |
|    ent_coef_loss   | -7.53     |
|    learning_rate   | 0.0055    |
|    n_updates       | 142474    |
----------------------------------
----------------------------------
| rollout/           |           |
|    ep_len_mean     | 269       |
|    ep_rew_mean     | -5.01e+06 |
| time/              |           |
|    episodes        | 1548      |
|    fps             | 579       |
|    time_elapsed    | 1000      |
|    total_timesteps | 580000    |
| train/             |           |
|    actor_loss      | 9.06e+05  |
|    critic_loss     | 2.49e+09  |
|    ent_coef        | 564       |
|    ent_coef_loss   | -107      |
|    learning_rate   | 0.0055    |
|    n_updates       | 144974    |
----------------------------------
----------------------------------
| rollout/           |           |
|    ep_len_mean     | 20.4      |
|    ep_rew_mean     | -3.74e+05 |
| time/              |           |
|    episodes        | 1810      |
|    fps             | 579       |
|    time_elapsed    | 1018      |
|    total_timesteps | 590000    |
| train/             |           |
|    actor_loss      | 5.97e+05  |
|    critic_loss     | 1.2e+09   |
|    ent_coef        | 154       |
|    ent_coef_loss   | 16.3      |
|    learning_rate   | 0.0055    |
|    n_updates       | 147474    |
----------------------------------
----------------------------------
| rollout/           |           |
|    ep_len_mean     | 75.6      |
|    ep_rew_mean     | -1.38e+06 |
| time/              |           |
|    episodes        | 1956      |
|    fps             | 578       |
|    time_elapsed    | 1037      |
|    total_timesteps | 600000    |
| train/             |           |
|    actor_loss      | 7.27e+05  |
|    critic_loss     | 4.38e+09  |
|    ent_coef        | 2.5e+03   |
|    ent_coef_loss   | -280      |
|    learning_rate   | 0.0055    |
|    n_updates       | 149974    |
----------------------------------
---------------------------------
| rollout/           |          |
|    ep_len_mean     | 170      |
|    ep_rew_mean     | -3.4e+06 |
| time/              |          |
|    episodes        | 1978     |
|    fps             | 577      |
|    time_elapsed    | 1055     |
|    total_timesteps | 610000   |
| train/             |          |
|    actor_loss      | 1.97e+06 |
|    critic_loss     | 8.7e+10  |
|    ent_coef        | 2.3e+04  |
|    ent_coef_loss   | 94       |
|    learning_rate   | 0.0055   |
|    n_updates       | 152474   |
---------------------------------
----------------------------------
| rollout/           |           |
|    ep_len_mean     | 194       |
|    ep_rew_mean     | -2.94e+06 |
| time/              |           |
|    episodes        | 2062      |
|    fps             | 577       |
|    time_elapsed    | 1073      |
|    total_timesteps | 620000    |
| train/             |           |
|    actor_loss      | 1.26e+06  |
|    critic_loss     | 1.06e+10  |
|    ent_coef        | 1.79e+03  |
|    ent_coef_loss   | 98.6      |
|    learning_rate   | 0.0055    |
|    n_updates       | 154974    |
----------------------------------
----------------------------------
| rollout/           |           |
|    ep_len_mean     | 62.6      |
|    ep_rew_mean     | -1.23e+06 |
| time/              |           |
|    episodes        | 2237      |
|    fps             | 576       |
|    time_elapsed    | 1092      |
|    total_timesteps | 630000    |
| train/             |           |
|    actor_loss      | 8.3e+05   |
|    critic_loss     | 1.72e+09  |
|    ent_coef        | 56.8      |
|    ent_coef_loss   | 43.6      |
|    learning_rate   | 0.0055    |
|    n_updates       | 157474    |
----------------------------------
----------------------------------
| rollout/           |           |
|    ep_len_mean     | 122       |
|    ep_rew_mean     | -2.65e+06 |
| time/              |           |
|    episodes        | 2266      |
|    fps             | 576       |
|    time_elapsed    | 1110      |
|    total_timesteps | 640000    |
| train/             |           |
|    actor_loss      | 1.01e+06  |
|    critic_loss     | 1.32e+10  |
|    ent_coef        | 1.1e+03   |
|    ent_coef_loss   | -52.4     |
|    learning_rate   | 0.0055    |
|    n_updates       | 159974    |
----------------------------------
----------------------------------
| rollout/           |           |
|    ep_len_mean     | 207       |
|    ep_rew_mean     | -4.07e+06 |
| time/              |           |
|    episodes        | 2329      |
|    fps             | 575       |
|    time_elapsed    | 1128      |
|    total_timesteps | 650000    |
| train/             |           |
|    actor_loss      | 1.03e+06  |
|    critic_loss     | 2.18e+10  |
|    ent_coef        | 1.24e+04  |
|    ent_coef_loss   | 132       |
|    learning_rate   | 0.0055    |
|    n_updates       | 162474    |
----------------------------------
----------------------------------
| rollout/           |           |
|    ep_len_mean     | 41        |
|    ep_rew_mean     | -7.05e+05 |
| time/              |           |
|    episodes        | 2481      |
|    fps             | 575       |
|    time_elapsed    | 1147      |
|    total_timesteps | 660000    |
| train/             |           |
|    actor_loss      | 1.03e+06  |
|    critic_loss     | 1.84e+10  |
|    ent_coef        | 591       |
|    ent_coef_loss   | 81.8      |
|    learning_rate   | 0.0055    |
|    n_updates       | 164974    |
----------------------------------
----------------------------------
| rollout/           |           |
|    ep_len_mean     | 38        |
|    ep_rew_mean     | -5.94e+05 |
| time/              |           |
|    episodes        | 2764      |
|    fps             | 574       |
|    time_elapsed    | 1165      |
|    total_timesteps | 670000    |
| train/             |           |
|    actor_loss      | 6.27e+05  |
|    critic_loss     | 1.07e+09  |
|    ent_coef        | 14.9      |
|    ent_coef_loss   | 31.4      |
|    learning_rate   | 0.0055    |
|    n_updates       | 167474    |
----------------------------------
----------------------------------
| rollout/           |           |
|    ep_len_mean     | 97.6      |
|    ep_rew_mean     | -1.67e+06 |
| time/              |           |
|    episodes        | 2873      |
|    fps             | 574       |
|    time_elapsed    | 1183      |
|    total_timesteps | 680000    |
| train/             |           |
|    actor_loss      | 3.8e+05   |
|    critic_loss     | 3.7e+08   |
|    ent_coef        | 0.319     |
|    ent_coef_loss   | -12.4     |
|    learning_rate   | 0.0055    |
|    n_updates       | 169974    |
----------------------------------
----------------------------------
| rollout/           |           |
|    ep_len_mean     | 174       |
|    ep_rew_mean     | -3.75e+06 |
| time/              |           |
|    episodes        | 2886      |
|    fps             | 573       |
|    time_elapsed    | 1202      |
|    total_timesteps | 690000    |
| train/             |           |
|    actor_loss      | 7.55e+05  |
|    critic_loss     | 3.32e+09  |
|    ent_coef        | 357       |
|    ent_coef_loss   | -270      |
|    learning_rate   | 0.0055    |
|    n_updates       | 172474    |
----------------------------------
----------------------------------
| rollout/           |           |
|    ep_len_mean     | 254       |
|    ep_rew_mean     | -6.12e+06 |
| time/              |           |
|    episodes        | 2899      |
|    fps             | 573       |
|    time_elapsed    | 1220      |
|    total_timesteps | 700000    |
| train/             |           |
|    actor_loss      | 1.03e+06  |
|    critic_loss     | 4.08e+09  |
|    ent_coef        | 5.11e+03  |
|    ent_coef_loss   | -140      |
|    learning_rate   | 0.0055    |
|    n_updates       | 174974    |
----------------------------------
----------------------------------
| rollout/           |           |
|    ep_len_mean     | 366       |
|    ep_rew_mean     | -8.38e+06 |
| time/              |           |
|    episodes        | 2923      |
|    fps             | 573       |
|    time_elapsed    | 1238      |
|    total_timesteps | 710000    |
| train/             |           |
|    actor_loss      | 2.54e+06  |
|    critic_loss     | 9.14e+10  |
|    ent_coef        | 3.18e+04  |
|    ent_coef_loss   | 149       |
|    learning_rate   | 0.0055    |
|    n_updates       | 177474    |
----------------------------------
----------------------------------
| rollout/           |           |
|    ep_len_mean     | 406       |
|    ep_rew_mean     | -8.14e+06 |
| time/              |           |
|    episodes        | 2965      |
|    fps             | 572       |
|    time_elapsed    | 1257      |
|    total_timesteps | 720000    |
| train/             |           |
|    actor_loss      | 1.46e+06  |
|    critic_loss     | 5.26e+09  |
|    ent_coef        | 8.69e+03  |
|    ent_coef_loss   | 37.6      |
|    learning_rate   | 0.0055    |
|    n_updates       | 179974    |
----------------------------------
----------------------------------
| rollout/           |           |
|    ep_len_mean     | 103       |
|    ep_rew_mean     | -1.16e+06 |
| time/              |           |
|    episodes        | 3067      |
|    fps             | 572       |
|    time_elapsed    | 1275      |
|    total_timesteps | 730000    |
| train/             |           |
|    actor_loss      | 2.71e+06  |
|    critic_loss     | 2.74e+11  |
|    ent_coef        | 2.8e+04   |
|    ent_coef_loss   | -99.7     |
|    learning_rate   | 0.0055    |
|    n_updates       | 182474    |
----------------------------------
----------------------------------
| rollout/           |           |
|    ep_len_mean     | 102       |
|    ep_rew_mean     | -9.31e+05 |
| time/              |           |
|    episodes        | 3143      |
|    fps             | 571       |
|    time_elapsed    | 1293      |
|    total_timesteps | 740000    |
| train/             |           |
|    actor_loss      | 2.23e+06  |
|    critic_loss     | 4.67e+10  |
|    ent_coef        | 3.16e+03  |
|    ent_coef_loss   | 113       |
|    learning_rate   | 0.0055    |
|    n_updates       | 184974    |
----------------------------------
----------------------------------
| rollout/           |           |
|    ep_len_mean     | 136       |
|    ep_rew_mean     | -1.49e+06 |
| time/              |           |
|    episodes        | 3212      |
|    fps             | 571       |
|    time_elapsed    | 1312      |
|    total_timesteps | 750000    |
| train/             |           |
|    actor_loss      | 1.7e+06   |
|    critic_loss     | 5.97e+09  |
|    ent_coef        | 112       |
|    ent_coef_loss   | 31.6      |
|    learning_rate   | 0.0055    |
|    n_updates       | 187474    |
----------------------------------
----------------------------------
| rollout/           |           |
|    ep_len_mean     | 28.4      |
|    ep_rew_mean     | -5.81e+05 |
| time/              |           |
|    episodes        | 3434      |
|    fps             | 571       |
|    time_elapsed    | 1330      |
|    total_timesteps | 760000    |
| train/             |           |
|    actor_loss      | 1.51e+06  |
|    critic_loss     | 1.05e+10  |
|    ent_coef        | 3.23e+03  |
|    ent_coef_loss   | -120      |
|    learning_rate   | 0.0055    |
|    n_updates       | 189974    |
----------------------------------
----------------------------------
| rollout/           |           |
|    ep_len_mean     | 91.3      |
|    ep_rew_mean     | -1.72e+06 |
| time/              |           |
|    episodes        | 3524      |
|    fps             | 570       |
|    time_elapsed    | 1348      |
|    total_timesteps | 770000    |
| train/             |           |
|    actor_loss      | 1.52e+06  |
|    critic_loss     | 1.13e+11  |
|    ent_coef        | 6.69e+03  |
|    ent_coef_loss   | -573      |
|    learning_rate   | 0.0055    |
|    n_updates       | 192474    |
----------------------------------
----------------------------------
| rollout/           |           |
|    ep_len_mean     | 173       |
|    ep_rew_mean     | -3.88e+06 |
| time/              |           |
|    episodes        | 3541      |
|    fps             | 570       |
|    time_elapsed    | 1367      |
|    total_timesteps | 780000    |
| train/             |           |
|    actor_loss      | 2.54e+06  |
|    critic_loss     | 2.8e+11   |
|    ent_coef        | 7.65e+04  |
|    ent_coef_loss   | 30        |
|    learning_rate   | 0.0055    |
|    n_updates       | 194974    |
----------------------------------
----------------------------------
| rollout/           |           |
|    ep_len_mean     | 245       |
|    ep_rew_mean     | -4.86e+06 |
| time/              |           |
|    episodes        | 3592      |
|    fps             | 570       |
|    time_elapsed    | 1385      |
|    total_timesteps | 790000    |
| train/             |           |
|    actor_loss      | 2.41e+06  |
|    critic_loss     | 5.29e+10  |
|    ent_coef        | 1.99e+04  |
|    ent_coef_loss   | 144       |
|    learning_rate   | 0.0055    |
|    n_updates       | 197474    |
----------------------------------
----------------------------------
| rollout/           |           |
|    ep_len_mean     | 49        |
|    ep_rew_mean     | -6.77e+05 |
| time/              |           |
|    episodes        | 3724      |
|    fps             | 569       |
|    time_elapsed    | 1403      |
|    total_timesteps | 800000    |
| train/             |           |
|    actor_loss      | 2.02e+06  |
|    critic_loss     | 1.07e+10  |
|    ent_coef        | 385       |
|    ent_coef_loss   | 78.1      |
|    learning_rate   | 0.0055    |
|    n_updates       | 199974    |
----------------------------------
---------------------------------
| rollout/           |          |
|    ep_len_mean     | 57.3     |
|    ep_rew_mean     | -8.4e+05 |
| time/              |          |
|    episodes        | 3883     |
|    fps             | 569      |
|    time_elapsed    | 1422     |
|    total_timesteps | 810000   |
| train/             |          |
|    actor_loss      | 1.38e+06 |
|    critic_loss     | 1.09e+10 |
|    ent_coef        | 8.67     |
|    ent_coef_loss   | 17.7     |
|    learning_rate   | 0.0055   |
|    n_updates       | 202474   |
---------------------------------
----------------------------------
| rollout/           |           |
|    ep_len_mean     | 130       |
|    ep_rew_mean     | -2.79e+06 |
| time/              |           |
|    episodes        | 3942      |
|    fps             | 569       |
|    time_elapsed    | 1440      |
|    total_timesteps | 820000    |
| train/             |           |
|    actor_loss      | 2.82e+06  |
|    critic_loss     | 1.73e+11  |
|    ent_coef        | 4.49e+03  |
|    ent_coef_loss   | -225      |
|    learning_rate   | 0.0055    |
|    n_updates       | 204974    |
----------------------------------
----------------------------------
| rollout/           |           |
|    ep_len_mean     | 207       |
|    ep_rew_mean     | -4.65e+06 |
| time/              |           |
|    episodes        | 3978      |
|    fps             | 569       |
|    time_elapsed    | 1458      |
|    total_timesteps | 830000    |
| train/             |           |
|    actor_loss      | 4.22e+06  |
|    critic_loss     | 1.08e+12  |
|    ent_coef        | 1.07e+05  |
|    ent_coef_loss   | -75.3     |
|    learning_rate   | 0.0055    |
|    n_updates       | 207474    |
----------------------------------
----------------------------------
| rollout/           |           |
|    ep_len_mean     | 79.3      |
|    ep_rew_mean     | -5.95e+05 |
| time/              |           |
|    episodes        | 4093      |
|    fps             | 568       |
|    time_elapsed    | 1476      |
|    total_timesteps | 840000    |
| train/             |           |
|    actor_loss      | 2.26e+06  |
|    critic_loss     | 3.11e+10  |
|    ent_coef        | 2.21e+04  |
|    ent_coef_loss   | 140       |
|    learning_rate   | 0.0055    |
|    n_updates       | 209974    |
----------------------------------
----------------------------------
| rollout/           |           |
|    ep_len_mean     | 46.6      |
|    ep_rew_mean     | -5.97e+05 |
| time/              |           |
|    episodes        | 4367      |
|    fps             | 568       |
|    time_elapsed    | 1495      |
|    total_timesteps | 850000    |
| train/             |           |
|    actor_loss      | 2.2e+06   |
|    critic_loss     | 1.54e+10  |
|    ent_coef        | 1.2e+03   |
|    ent_coef_loss   | -61       |
|    learning_rate   | 0.0055    |
|    n_updates       | 212474    |
----------------------------------
----------------------------------
| rollout/           |           |
|    ep_len_mean     | 48.9      |
|    ep_rew_mean     | -9.02e+05 |
| time/              |           |
|    episodes        | 4569      |
|    fps             | 568       |
|    time_elapsed    | 1513      |
|    total_timesteps | 860000    |
| train/             |           |
|    actor_loss      | 2.19e+06  |
|    critic_loss     | 4e+11     |
|    ent_coef        | 9.14e+03  |
|    ent_coef_loss   | 93.7      |
|    learning_rate   | 0.0055    |
|    n_updates       | 214974    |
----------------------------------
----------------------------------
| rollout/           |           |
|    ep_len_mean     | 89.9      |
|    ep_rew_mean     | -1.69e+06 |
| time/              |           |
|    episodes        | 4674      |
|    fps             | 568       |
|    time_elapsed    | 1531      |
|    total_timesteps | 870000    |
| train/             |           |
|    actor_loss      | 2.33e+06  |
|    critic_loss     | 6.17e+10  |
|    ent_coef        | 4.92e+03  |
|    ent_coef_loss   | 55.1      |
|    learning_rate   | 0.0055    |
|    n_updates       | 217474    |
----------------------------------
----------------------------------
| rollout/           |           |
|    ep_len_mean     | 30.2      |
|    ep_rew_mean     | -4.81e+05 |
| time/              |           |
|    episodes        | 4911      |
|    fps             | 567       |
|    time_elapsed    | 1549      |
|    total_timesteps | 880000    |
| train/             |           |
|    actor_loss      | 1.98e+06  |
|    critic_loss     | 1.49e+10  |
|    ent_coef        | 3.03e+03  |
|    ent_coef_loss   | -361      |
|    learning_rate   | 0.0055    |
|    n_updates       | 219974    |
----------------------------------
----------------------------------
| rollout/           |           |
|    ep_len_mean     | 26.9      |
|    ep_rew_mean     | -3.26e+05 |
| time/              |           |
|    episodes        | 5134      |
|    fps             | 567       |
|    time_elapsed    | 1568      |
|    total_timesteps | 890000    |
| train/             |           |
|    actor_loss      | 1.38e+06  |
|    critic_loss     | 9.45e+09  |
|    ent_coef        | 703       |
|    ent_coef_loss   | 76.4      |
|    learning_rate   | 0.0055    |
|    n_updates       | 222474    |
----------------------------------
----------------------------------
| rollout/           |           |
|    ep_len_mean     | 68.2      |
|    ep_rew_mean     | -1.42e+06 |
| time/              |           |
|    episodes        | 5367      |
|    fps             | 567       |
|    time_elapsed    | 1586      |
|    total_timesteps | 900000    |
| train/             |           |
|    actor_loss      | 1.23e+06  |
|    critic_loss     | 1.75e+10  |
|    ent_coef        | 345       |
|    ent_coef_loss   | -54.1     |
|    learning_rate   | 0.0055    |
|    n_updates       | 224974    |
----------------------------------
----------------------------------
| rollout/           |           |
|    ep_len_mean     | 35.2      |
|    ep_rew_mean     | -6.63e+05 |
| time/              |           |
|    episodes        | 5628      |
|    fps             | 567       |
|    time_elapsed    | 1604      |
|    total_timesteps | 910000    |
| train/             |           |
|    actor_loss      | 1e+06     |
|    critic_loss     | 1.99e+10  |
|    ent_coef        | 534       |
|    ent_coef_loss   | 35.3      |
|    learning_rate   | 0.0055    |
|    n_updates       | 227474    |
----------------------------------
----------------------------------
| rollout/           |           |
|    ep_len_mean     | 39.7      |
|    ep_rew_mean     | -5.57e+05 |
| time/              |           |
|    episodes        | 5830      |
|    fps             | 566       |
|    time_elapsed    | 1622      |
|    total_timesteps | 920000    |
| train/             |           |
|    actor_loss      | 1.64e+06  |
|    critic_loss     | 6.07e+10  |
|    ent_coef        | 5.94e+03  |
|    ent_coef_loss   | -460      |
|    learning_rate   | 0.0055    |
|    n_updates       | 229974    |
----------------------------------
----------------------------------
| rollout/           |           |
|    ep_len_mean     | 127       |
|    ep_rew_mean     | -2.04e+06 |
| time/              |           |
|    episodes        | 5872      |
|    fps             | 566       |
|    time_elapsed    | 1641      |
|    total_timesteps | 930000    |
| train/             |           |
|    actor_loss      | 3.9e+06   |
|    critic_loss     | 3.53e+11  |
|    ent_coef        | 5.26e+04  |
|    ent_coef_loss   | 40.1      |
|    learning_rate   | 0.0055    |
|    n_updates       | 232474    |
----------------------------------
---------------------------------
| rollout/           |          |
|    ep_len_mean     | 69.6     |
|    ep_rew_mean     | -7.5e+05 |
| time/              |          |
|    episodes        | 5988     |
|    fps             | 566      |
|    time_elapsed    | 1659     |
|    total_timesteps | 940000   |
| train/             |          |
|    actor_loss      | 1.82e+06 |
|    critic_loss     | 2.1e+10  |
|    ent_coef        | 8.35e+03 |
|    ent_coef_loss   | 74.6     |
|    learning_rate   | 0.0055   |
|    n_updates       | 234974   |
---------------------------------
----------------------------------
| rollout/           |           |
|    ep_len_mean     | 56.4      |
|    ep_rew_mean     | -8.19e+05 |
| time/              |           |
|    episodes        | 6131      |
|    fps             | 566       |
|    time_elapsed    | 1677      |
|    total_timesteps | 950000    |
| train/             |           |
|    actor_loss      | 1.3e+06   |
|    critic_loss     | 1.42e+10  |
|    ent_coef        | 61.7      |
|    ent_coef_loss   | 53.1      |
|    learning_rate   | 0.0055    |
|    n_updates       | 237474    |
----------------------------------
----------------------------------
| rollout/           |           |
|    ep_len_mean     | 33.2      |
|    ep_rew_mean     | -4.01e+05 |
| time/              |           |
|    episodes        | 6459      |
|    fps             | 566       |
|    time_elapsed    | 1695      |
|    total_timesteps | 960000    |
| train/             |           |
|    actor_loss      | 9.05e+05  |
|    critic_loss     | 4.54e+09  |
|    ent_coef        | 0.701     |
|    ent_coef_loss   | -1.73     |
|    learning_rate   | 0.0055    |
|    n_updates       | 239974    |
----------------------------------
----------------------------------
| rollout/           |           |
|    ep_len_mean     | 21.2      |
|    ep_rew_mean     | -3.67e+05 |
| time/              |           |
|    episodes        | 6735      |
|    fps             | 565       |
|    time_elapsed    | 1713      |
|    total_timesteps | 970000    |
| train/             |           |
|    actor_loss      | 1.24e+06  |
|    critic_loss     | 3.91e+10  |
|    ent_coef        | 38.3      |
|    ent_coef_loss   | -167      |
|    learning_rate   | 0.0055    |
|    n_updates       | 242474    |
----------------------------------
----------------------------------
| rollout/           |           |
|    ep_len_mean     | 123       |
|    ep_rew_mean     | -3.27e+06 |
| time/              |           |
|    episodes        | 6762      |
|    fps             | 565       |
|    time_elapsed    | 1732      |
|    total_timesteps | 980000    |
| train/             |           |
|    actor_loss      | 1.4e+06   |
|    critic_loss     | 1.04e+11  |
|    ent_coef        | 4.71e+03  |
|    ent_coef_loss   | -11.2     |
|    learning_rate   | 0.0055    |
|    n_updates       | 244974    |
----------------------------------
----------------------------------
| rollout/           |           |
|    ep_len_mean     | 18.5      |
|    ep_rew_mean     | -2.28e+05 |
| time/              |           |
|    episodes        | 7002      |
|    fps             | 565       |
|    time_elapsed    | 1750      |
|    total_timesteps | 990000    |
| train/             |           |
|    actor_loss      | 9.26e+05  |
|    critic_loss     | 2.81e+09  |
|    ent_coef        | 1.8e+03   |
|    ent_coef_loss   | 82.3      |
|    learning_rate   | 0.0055    |
|    n_updates       | 247474    |
----------------------------------
----------------------------------
| rollout/           |           |
|    ep_len_mean     | 20.9      |
|    ep_rew_mean     | -3.01e+05 |
| time/              |           |
|    episodes        | 7437      |
|    fps             | 565       |
|    time_elapsed    | 1768      |
|    total_timesteps | 1000000   |
| train/             |           |
|    actor_loss      | 6.32e+05  |
|    critic_loss     | 1.07e+09  |
|    ent_coef        | 180       |
|    ent_coef_loss   | 38.2      |
|    learning_rate   | 0.0055    |
|    n_updates       | 249974    |
----------------------------------
Training ended on Tue Jan 27 18:31:31 2026
Training lasted 0:29:28.610558
