Logging to training_random_logs/3_robots/logs/CrossQ_set9
Using cuda device
Training started on Tue Jan 27 18:02:11 2026
Experiment configuration: {'algorithm': 'CrossQ', 'set': 9, 'verbose': 1, 'steps': 1000000, 'num_robots': 3, 'num_envs': 4, 'seed': 33, 'log_steps': 10000, 'resume': False, 'device': 'cuda'}
----------------------------------
| rollout/           |           |
|    ep_len_mean     | 134       |
|    ep_rew_mean     | -2.11e+06 |
| time/              |           |
|    episodes        | 71        |
|    fps             | 326       |
|    time_elapsed    | 30        |
|    total_timesteps | 10000     |
| train/             |           |
|    actor_loss      | 4.17e+04  |
|    critic_loss     | 3.25e+07  |
|    ent_coef        | 58        |
|    ent_coef_loss   | -58.1     |
|    learning_rate   | 0.0055    |
|    n_updates       | 2474      |
----------------------------------
----------------------------------
| rollout/           |           |
|    ep_len_mean     | 86        |
|    ep_rew_mean     | -1.41e+05 |
| time/              |           |
|    episodes        | 182       |
|    fps             | 324       |
|    time_elapsed    | 61        |
|    total_timesteps | 20000     |
| train/             |           |
|    actor_loss      | 2.09e+04  |
|    critic_loss     | 1.98e+07  |
|    ent_coef        | 77.2      |
|    ent_coef_loss   | 3.29      |
|    learning_rate   | 0.0055    |
|    n_updates       | 4974      |
----------------------------------
----------------------------------
| rollout/           |           |
|    ep_len_mean     | 147       |
|    ep_rew_mean     | -1.28e+05 |
| time/              |           |
|    episodes        | 220       |
|    fps             | 323       |
|    time_elapsed    | 92        |
|    total_timesteps | 30000     |
| train/             |           |
|    actor_loss      | 1.03e+04  |
|    critic_loss     | 2.88e+07  |
|    ent_coef        | 62.6      |
|    ent_coef_loss   | 6.2       |
|    learning_rate   | 0.0055    |
|    n_updates       | 7474      |
----------------------------------
----------------------------------
| rollout/           |           |
|    ep_len_mean     | 231       |
|    ep_rew_mean     | -1.66e+05 |
| time/              |           |
|    episodes        | 249       |
|    fps             | 323       |
|    time_elapsed    | 123       |
|    total_timesteps | 40000     |
| train/             |           |
|    actor_loss      | 7.63e+03  |
|    critic_loss     | 1.52e+07  |
|    ent_coef        | 39.9      |
|    ent_coef_loss   | 8.97      |
|    learning_rate   | 0.0055    |
|    n_updates       | 9974      |
----------------------------------
----------------------------------
| rollout/           |           |
|    ep_len_mean     | 287       |
|    ep_rew_mean     | -2.42e+05 |
| time/              |           |
|    episodes        | 284       |
|    fps             | 323       |
|    time_elapsed    | 154       |
|    total_timesteps | 50000     |
| train/             |           |
|    actor_loss      | 2.66e+03  |
|    critic_loss     | 1.21e+07  |
|    ent_coef        | 21.3      |
|    ent_coef_loss   | -1.99     |
|    learning_rate   | 0.0055    |
|    n_updates       | 12474     |
----------------------------------
---------------------------------
| rollout/           |          |
|    ep_len_mean     | 201      |
|    ep_rew_mean     | -4.7e+05 |
| time/              |          |
|    episodes        | 349      |
|    fps             | 323      |
|    time_elapsed    | 185      |
|    total_timesteps | 60000    |
| train/             |          |
|    actor_loss      | 1.38e+04 |
|    critic_loss     | 1.42e+07 |
|    ent_coef        | 45.9     |
|    ent_coef_loss   | 14.9     |
|    learning_rate   | 0.0055   |
|    n_updates       | 14974    |
---------------------------------
----------------------------------
| rollout/           |           |
|    ep_len_mean     | 198       |
|    ep_rew_mean     | -4.43e+05 |
| time/              |           |
|    episodes        | 386       |
|    fps             | 323       |
|    time_elapsed    | 216       |
|    total_timesteps | 70000     |
| train/             |           |
|    actor_loss      | 5.54e+03  |
|    critic_loss     | 5.85e+07  |
|    ent_coef        | 27.6      |
|    ent_coef_loss   | -2        |
|    learning_rate   | 0.0055    |
|    n_updates       | 17474     |
----------------------------------
----------------------------------
| rollout/           |           |
|    ep_len_mean     | 217       |
|    ep_rew_mean     | -2.48e+05 |
| time/              |           |
|    episodes        | 447       |
|    fps             | 323       |
|    time_elapsed    | 247       |
|    total_timesteps | 80000     |
| train/             |           |
|    actor_loss      | -81.1     |
|    critic_loss     | 3.82e+07  |
|    ent_coef        | 32.5      |
|    ent_coef_loss   | 1.63      |
|    learning_rate   | 0.0055    |
|    n_updates       | 19974     |
----------------------------------
----------------------------------
| rollout/           |           |
|    ep_len_mean     | 191       |
|    ep_rew_mean     | -2.46e+05 |
| time/              |           |
|    episodes        | 496       |
|    fps             | 323       |
|    time_elapsed    | 278       |
|    total_timesteps | 90000     |
| train/             |           |
|    actor_loss      | -191      |
|    critic_loss     | 9.27e+07  |
|    ent_coef        | 40.6      |
|    ent_coef_loss   | 2.55      |
|    learning_rate   | 0.0055    |
|    n_updates       | 22474     |
----------------------------------
----------------------------------
| rollout/           |           |
|    ep_len_mean     | 235       |
|    ep_rew_mean     | -2.76e+05 |
| time/              |           |
|    episodes        | 522       |
|    fps             | 324       |
|    time_elapsed    | 308       |
|    total_timesteps | 100000    |
| train/             |           |
|    actor_loss      | -440      |
|    critic_loss     | 2.43e+07  |
|    ent_coef        | 34.4      |
|    ent_coef_loss   | -0.177    |
|    learning_rate   | 0.0055    |
|    n_updates       | 24974     |
----------------------------------
----------------------------------
| rollout/           |           |
|    ep_len_mean     | 281       |
|    ep_rew_mean     | -3.2e+05  |
| time/              |           |
|    episodes        | 552       |
|    fps             | 326       |
|    time_elapsed    | 337       |
|    total_timesteps | 110000    |
| train/             |           |
|    actor_loss      | -3.26e+03 |
|    critic_loss     | 1.4e+07   |
|    ent_coef        | 72.5      |
|    ent_coef_loss   | 5.52      |
|    learning_rate   | 0.0055    |
|    n_updates       | 27474     |
----------------------------------
----------------------------------
| rollout/           |           |
|    ep_len_mean     | 323       |
|    ep_rew_mean     | -4.96e+05 |
| time/              |           |
|    episodes        | 571       |
|    fps             | 326       |
|    time_elapsed    | 367       |
|    total_timesteps | 120000    |
| train/             |           |
|    actor_loss      | 3.81e+03  |
|    critic_loss     | 3.98e+07  |
|    ent_coef        | 32.9      |
|    ent_coef_loss   | -6.16     |
|    learning_rate   | 0.0055    |
|    n_updates       | 29974     |
----------------------------------
----------------------------------
| rollout/           |           |
|    ep_len_mean     | 403       |
|    ep_rew_mean     | -7.52e+05 |
| time/              |           |
|    episodes        | 595       |
|    fps             | 326       |
|    time_elapsed    | 397       |
|    total_timesteps | 130000    |
| train/             |           |
|    actor_loss      | 9.25e+03  |
|    critic_loss     | 3.53e+07  |
|    ent_coef        | 159       |
|    ent_coef_loss   | 38.9      |
|    learning_rate   | 0.0055    |
|    n_updates       | 32474     |
----------------------------------
----------------------------------
| rollout/           |           |
|    ep_len_mean     | 447       |
|    ep_rew_mean     | -7.29e+05 |
| time/              |           |
|    episodes        | 604       |
|    fps             | 326       |
|    time_elapsed    | 428       |
|    total_timesteps | 140000    |
| train/             |           |
|    actor_loss      | -1.14e+03 |
|    critic_loss     | 1.73e+07  |
|    ent_coef        | 25        |
|    ent_coef_loss   | -6.44     |
|    learning_rate   | 0.0055    |
|    n_updates       | 34974     |
----------------------------------
----------------------------------
| rollout/           |           |
|    ep_len_mean     | 461       |
|    ep_rew_mean     | -7.02e+05 |
| time/              |           |
|    episodes        | 628       |
|    fps             | 326       |
|    time_elapsed    | 459       |
|    total_timesteps | 150000    |
| train/             |           |
|    actor_loss      | -2.71e+03 |
|    critic_loss     | 1.34e+07  |
|    ent_coef        | 26.5      |
|    ent_coef_loss   | 5.92      |
|    learning_rate   | 0.0055    |
|    n_updates       | 37474     |
----------------------------------
----------------------------------
| rollout/           |           |
|    ep_len_mean     | 499       |
|    ep_rew_mean     | -1.18e+06 |
| time/              |           |
|    episodes        | 646       |
|    fps             | 328       |
|    time_elapsed    | 487       |
|    total_timesteps | 160000    |
| train/             |           |
|    actor_loss      | 4.01e+04  |
|    critic_loss     | 9.09e+06  |
|    ent_coef        | 58.6      |
|    ent_coef_loss   | -49.3     |
|    learning_rate   | 0.0055    |
|    n_updates       | 39974     |
----------------------------------
---------------------------------
| rollout/           |          |
|    ep_len_mean     | 465      |
|    ep_rew_mean     | -1.3e+06 |
| time/              |          |
|    episodes        | 678      |
|    fps             | 329      |
|    time_elapsed    | 516      |
|    total_timesteps | 170000   |
| train/             |          |
|    actor_loss      | 1.89e+04 |
|    critic_loss     | 3.09e+07 |
|    ent_coef        | 56.9     |
|    ent_coef_loss   | 1.77     |
|    learning_rate   | 0.0055   |
|    n_updates       | 42474    |
---------------------------------
----------------------------------
| rollout/           |           |
|    ep_len_mean     | 331       |
|    ep_rew_mean     | -1.39e+06 |
| time/              |           |
|    episodes        | 722       |
|    fps             | 329       |
|    time_elapsed    | 546       |
|    total_timesteps | 180000    |
| train/             |           |
|    actor_loss      | 2.6e+04   |
|    critic_loss     | 1.74e+07  |
|    ent_coef        | 123       |
|    ent_coef_loss   | 7.8       |
|    learning_rate   | 0.0055    |
|    n_updates       | 44974     |
----------------------------------
---------------------------------
| rollout/           |          |
|    ep_len_mean     | 331      |
|    ep_rew_mean     | -1.3e+06 |
| time/              |          |
|    episodes        | 738      |
|    fps             | 329      |
|    time_elapsed    | 576      |
|    total_timesteps | 190000   |
| train/             |          |
|    actor_loss      | 3.3e+03  |
|    critic_loss     | 9.84e+06 |
|    ent_coef        | 20.9     |
|    ent_coef_loss   | -3.41    |
|    learning_rate   | 0.0055   |
|    n_updates       | 47474    |
---------------------------------
----------------------------------
| rollout/           |           |
|    ep_len_mean     | 364       |
|    ep_rew_mean     | -5.89e+05 |
| time/              |           |
|    episodes        | 753       |
|    fps             | 329       |
|    time_elapsed    | 606       |
|    total_timesteps | 200000    |
| train/             |           |
|    actor_loss      | 4.47e+03  |
|    critic_loss     | 6.91e+07  |
|    ent_coef        | 20.3      |
|    ent_coef_loss   | -0.693    |
|    learning_rate   | 0.0055    |
|    n_updates       | 49974     |
----------------------------------
----------------------------------
| rollout/           |           |
|    ep_len_mean     | 397       |
|    ep_rew_mean     | -6.17e+05 |
| time/              |           |
|    episodes        | 778       |
|    fps             | 329       |
|    time_elapsed    | 637       |
|    total_timesteps | 210000    |
| train/             |           |
|    actor_loss      | -5.2e+04  |
|    critic_loss     | 1.13e+07  |
|    ent_coef        | 78.5      |
|    ent_coef_loss   | 13        |
|    learning_rate   | 0.0055    |
|    n_updates       | 52474     |
----------------------------------
----------------------------------
| rollout/           |           |
|    ep_len_mean     | 460       |
|    ep_rew_mean     | -7.94e+05 |
| time/              |           |
|    episodes        | 790       |
|    fps             | 329       |
|    time_elapsed    | 668       |
|    total_timesteps | 220000    |
| train/             |           |
|    actor_loss      | 3.89e+03  |
|    critic_loss     | 3.26e+06  |
|    ent_coef        | 14.5      |
|    ent_coef_loss   | 0.141     |
|    learning_rate   | 0.0055    |
|    n_updates       | 54974     |
----------------------------------
----------------------------------
| rollout/           |           |
|    ep_len_mean     | 521       |
|    ep_rew_mean     | -9.07e+05 |
| time/              |           |
|    episodes        | 806       |
|    fps             | 329       |
|    time_elapsed    | 697       |
|    total_timesteps | 230000    |
| train/             |           |
|    actor_loss      | 1.13e+04  |
|    critic_loss     | 5.79e+06  |
|    ent_coef        | 13        |
|    ent_coef_loss   | 0.931     |
|    learning_rate   | 0.0055    |
|    n_updates       | 57474     |
----------------------------------
----------------------------------
| rollout/           |           |
|    ep_len_mean     | 595       |
|    ep_rew_mean     | -8.67e+05 |
| time/              |           |
|    episodes        | 820       |
|    fps             | 328       |
|    time_elapsed    | 730       |
|    total_timesteps | 240000    |
| train/             |           |
|    actor_loss      | 1.59e+03  |
|    critic_loss     | 4.51e+06  |
|    ent_coef        | 17.3      |
|    ent_coef_loss   | -0.761    |
|    learning_rate   | 0.0055    |
|    n_updates       | 59974     |
----------------------------------
----------------------------------
| rollout/           |           |
|    ep_len_mean     | 624       |
|    ep_rew_mean     | -8.71e+05 |
| time/              |           |
|    episodes        | 834       |
|    fps             | 327       |
|    time_elapsed    | 763       |
|    total_timesteps | 250000    |
| train/             |           |
|    actor_loss      | 146       |
|    critic_loss     | 2.61e+06  |
|    ent_coef        | 10.9      |
|    ent_coef_loss   | -0.674    |
|    learning_rate   | 0.0055    |
|    n_updates       | 62474     |
----------------------------------
----------------------------------
| rollout/           |           |
|    ep_len_mean     | 620       |
|    ep_rew_mean     | -9.47e+05 |
| time/              |           |
|    episodes        | 848       |
|    fps             | 326       |
|    time_elapsed    | 796       |
|    total_timesteps | 260000    |
| train/             |           |
|    actor_loss      | 1.97e+03  |
|    critic_loss     | 1.98e+06  |
|    ent_coef        | 11        |
|    ent_coef_loss   | -4        |
|    learning_rate   | 0.0055    |
|    n_updates       | 64974     |
----------------------------------
----------------------------------
| rollout/           |           |
|    ep_len_mean     | 461       |
|    ep_rew_mean     | -9.66e+05 |
| time/              |           |
|    episodes        | 894       |
|    fps             | 325       |
|    time_elapsed    | 829       |
|    total_timesteps | 270000    |
| train/             |           |
|    actor_loss      | 2.98e+04  |
|    critic_loss     | 4.43e+06  |
|    ent_coef        | 57.7      |
|    ent_coef_loss   | 27.8      |
|    learning_rate   | 0.0055    |
|    n_updates       | 67474     |
----------------------------------
----------------------------------
| rollout/           |           |
|    ep_len_mean     | 493       |
|    ep_rew_mean     | -6.79e+05 |
| time/              |           |
|    episodes        | 907       |
|    fps             | 326       |
|    time_elapsed    | 858       |
|    total_timesteps | 280000    |
| train/             |           |
|    actor_loss      | 2.21e+04  |
|    critic_loss     | 2.42e+07  |
|    ent_coef        | 20.1      |
|    ent_coef_loss   | -0.148    |
|    learning_rate   | 0.0055    |
|    n_updates       | 69974     |
----------------------------------
----------------------------------
| rollout/           |           |
|    ep_len_mean     | 470       |
|    ep_rew_mean     | -7.22e+05 |
| time/              |           |
|    episodes        | 924       |
|    fps             | 326       |
|    time_elapsed    | 889       |
|    total_timesteps | 290000    |
| train/             |           |
|    actor_loss      | 4.86e+03  |
|    critic_loss     | 1.28e+07  |
|    ent_coef        | 31        |
|    ent_coef_loss   | -5.95     |
|    learning_rate   | 0.0055    |
|    n_updates       | 72474     |
----------------------------------
----------------------------------
| rollout/           |           |
|    ep_len_mean     | 456       |
|    ep_rew_mean     | -9.32e+05 |
| time/              |           |
|    episodes        | 942       |
|    fps             | 325       |
|    time_elapsed    | 922       |
|    total_timesteps | 300000    |
| train/             |           |
|    actor_loss      | 4.82e+03  |
|    critic_loss     | 1.29e+07  |
|    ent_coef        | 82.5      |
|    ent_coef_loss   | 7.56      |
|    learning_rate   | 0.0055    |
|    n_updates       | 74974     |
----------------------------------
----------------------------------
| rollout/           |           |
|    ep_len_mean     | 385       |
|    ep_rew_mean     | -1.15e+06 |
| time/              |           |
|    episodes        | 996       |
|    fps             | 324       |
|    time_elapsed    | 955       |
|    total_timesteps | 310000    |
| train/             |           |
|    actor_loss      | 3.93e+04  |
|    critic_loss     | 1.25e+07  |
|    ent_coef        | 34.8      |
|    ent_coef_loss   | 20.7      |
|    learning_rate   | 0.0055    |
|    n_updates       | 77474     |
----------------------------------
----------------------------------
| rollout/           |           |
|    ep_len_mean     | 262       |
|    ep_rew_mean     | -9.64e+05 |
| time/              |           |
|    episodes        | 1030      |
|    fps             | 323       |
|    time_elapsed    | 988       |
|    total_timesteps | 320000    |
| train/             |           |
|    actor_loss      | 1.66e+04  |
|    critic_loss     | 1.03e+07  |
|    ent_coef        | 33.1      |
|    ent_coef_loss   | -2.54     |
|    learning_rate   | 0.0055    |
|    n_updates       | 79974     |
----------------------------------
----------------------------------
| rollout/           |           |
|    ep_len_mean     | 284       |
|    ep_rew_mean     | -8.56e+05 |
| time/              |           |
|    episodes        | 1041      |
|    fps             | 323       |
|    time_elapsed    | 1021      |
|    total_timesteps | 330000    |
| train/             |           |
|    actor_loss      | 3.05e+04  |
|    critic_loss     | 6.78e+07  |
|    ent_coef        | 64.6      |
|    ent_coef_loss   | 24        |
|    learning_rate   | 0.0055    |
|    n_updates       | 82474     |
----------------------------------
----------------------------------
| rollout/           |           |
|    ep_len_mean     | 339       |
|    ep_rew_mean     | -7.09e+05 |
| time/              |           |
|    episodes        | 1060      |
|    fps             | 322       |
|    time_elapsed    | 1054      |
|    total_timesteps | 340000    |
| train/             |           |
|    actor_loss      | 1.21e+04  |
|    critic_loss     | 4.41e+06  |
|    ent_coef        | 25.6      |
|    ent_coef_loss   | -5.02     |
|    learning_rate   | 0.0055    |
|    n_updates       | 84974     |
----------------------------------
----------------------------------
| rollout/           |           |
|    ep_len_mean     | 446       |
|    ep_rew_mean     | -7.11e+05 |
| time/              |           |
|    episodes        | 1078      |
|    fps             | 321       |
|    time_elapsed    | 1087      |
|    total_timesteps | 350000    |
| train/             |           |
|    actor_loss      | 3.35e+05  |
|    critic_loss     | 8.26e+07  |
|    ent_coef        | 97.8      |
|    ent_coef_loss   | -399      |
|    learning_rate   | 0.0055    |
|    n_updates       | 87474     |
----------------------------------
----------------------------------
| rollout/           |           |
|    ep_len_mean     | 490       |
|    ep_rew_mean     | -1.91e+06 |
| time/              |           |
|    episodes        | 1103      |
|    fps             | 321       |
|    time_elapsed    | 1120      |
|    total_timesteps | 360000    |
| train/             |           |
|    actor_loss      | 6.68e+05  |
|    critic_loss     | 1.19e+10  |
|    ent_coef        | 1.78e+04  |
|    ent_coef_loss   | 132       |
|    learning_rate   | 0.0055    |
|    n_updates       | 89974     |
----------------------------------
----------------------------------
| rollout/           |           |
|    ep_len_mean     | 469       |
|    ep_rew_mean     | -2.51e+06 |
| time/              |           |
|    episodes        | 1133      |
|    fps             | 321       |
|    time_elapsed    | 1149      |
|    total_timesteps | 370000    |
| train/             |           |
|    actor_loss      | 3.96e+05  |
|    critic_loss     | 2.94e+09  |
|    ent_coef        | 2.51e+03  |
|    ent_coef_loss   | 98.5      |
|    learning_rate   | 0.0055    |
|    n_updates       | 92474     |
----------------------------------
----------------------------------
| rollout/           |           |
|    ep_len_mean     | 402       |
|    ep_rew_mean     | -3.01e+06 |
| time/              |           |
|    episodes        | 1161      |
|    fps             | 322       |
|    time_elapsed    | 1179      |
|    total_timesteps | 380000    |
| train/             |           |
|    actor_loss      | 2.57e+05  |
|    critic_loss     | 4.33e+08  |
|    ent_coef        | 293       |
|    ent_coef_loss   | 15.3      |
|    learning_rate   | 0.0055    |
|    n_updates       | 94974     |
----------------------------------
----------------------------------
| rollout/           |           |
|    ep_len_mean     | 378       |
|    ep_rew_mean     | -3.22e+06 |
| time/              |           |
|    episodes        | 1182      |
|    fps             | 321       |
|    time_elapsed    | 1211      |
|    total_timesteps | 390000    |
| train/             |           |
|    actor_loss      | 1.22e+05  |
|    critic_loss     | 5.63e+07  |
|    ent_coef        | 51.3      |
|    ent_coef_loss   | 21.1      |
|    learning_rate   | 0.0055    |
|    n_updates       | 97474     |
----------------------------------
----------------------------------
| rollout/           |           |
|    ep_len_mean     | 428       |
|    ep_rew_mean     | -2.09e+06 |
| time/              |           |
|    episodes        | 1194      |
|    fps             | 321       |
|    time_elapsed    | 1244      |
|    total_timesteps | 400000    |
| train/             |           |
|    actor_loss      | 3.92e+04  |
|    critic_loss     | 9.65e+07  |
|    ent_coef        | 16.8      |
|    ent_coef_loss   | -0.0247   |
|    learning_rate   | 0.0055    |
|    n_updates       | 99974     |
----------------------------------
----------------------------------
| rollout/           |           |
|    ep_len_mean     | 479       |
|    ep_rew_mean     | -1.93e+06 |
| time/              |           |
|    episodes        | 1215      |
|    fps             | 320       |
|    time_elapsed    | 1281      |
|    total_timesteps | 410000    |
| train/             |           |
|    actor_loss      | 6.66e+04  |
|    critic_loss     | 3.88e+07  |
|    ent_coef        | 53.9      |
|    ent_coef_loss   | 5.93      |
|    learning_rate   | 0.0055    |
|    n_updates       | 102474    |
----------------------------------
----------------------------------
| rollout/           |           |
|    ep_len_mean     | 517       |
|    ep_rew_mean     | -1.68e+06 |
| time/              |           |
|    episodes        | 1230      |
|    fps             | 319       |
|    time_elapsed    | 1316      |
|    total_timesteps | 420000    |
| train/             |           |
|    actor_loss      | 5.38e+04  |
|    critic_loss     | 3.4e+07   |
|    ent_coef        | 13.1      |
|    ent_coef_loss   | 1.86      |
|    learning_rate   | 0.0055    |
|    n_updates       | 104974    |
----------------------------------
----------------------------------
| rollout/           |           |
|    ep_len_mean     | 529       |
|    ep_rew_mean     | -1.14e+06 |
| time/              |           |
|    episodes        | 1245      |
|    fps             | 319       |
|    time_elapsed    | 1347      |
|    total_timesteps | 430000    |
| train/             |           |
|    actor_loss      | 4e+04     |
|    critic_loss     | 2.11e+07  |
|    ent_coef        | 9.14      |
|    ent_coef_loss   | 7.7       |
|    learning_rate   | 0.0055    |
|    n_updates       | 107474    |
----------------------------------
----------------------------------
| rollout/           |           |
|    ep_len_mean     | 555       |
|    ep_rew_mean     | -1.26e+06 |
| time/              |           |
|    episodes        | 1266      |
|    fps             | 318       |
|    time_elapsed    | 1381      |
|    total_timesteps | 440000    |
| train/             |           |
|    actor_loss      | 5.29e+04  |
|    critic_loss     | 1.71e+07  |
|    ent_coef        | 213       |
|    ent_coef_loss   | 32.1      |
|    learning_rate   | 0.0055    |
|    n_updates       | 109974    |
----------------------------------
----------------------------------
| rollout/           |           |
|    ep_len_mean     | 518       |
|    ep_rew_mean     | -1.75e+06 |
| time/              |           |
|    episodes        | 1293      |
|    fps             | 317       |
|    time_elapsed    | 1418      |
|    total_timesteps | 450000    |
| train/             |           |
|    actor_loss      | 5.77e+05  |
|    critic_loss     | 3.34e+09  |
|    ent_coef        | 1.37e+03  |
|    ent_coef_loss   | -131      |
|    learning_rate   | 0.0055    |
|    n_updates       | 112474    |
----------------------------------
----------------------------------
| rollout/           |           |
|    ep_len_mean     | 406       |
|    ep_rew_mean     | -3.16e+06 |
| time/              |           |
|    episodes        | 1332      |
|    fps             | 317       |
|    time_elapsed    | 1450      |
|    total_timesteps | 460000    |
| train/             |           |
|    actor_loss      | 7.96e+06  |
|    critic_loss     | 3.34e+13  |
|    ent_coef        | 2.75e+05  |
|    ent_coef_loss   | -223      |
|    learning_rate   | 0.0055    |
|    n_updates       | 114974    |
----------------------------------
----------------------------------
| rollout/           |           |
|    ep_len_mean     | 172       |
|    ep_rew_mean     | -2.01e+06 |
| time/              |           |
|    episodes        | 1408      |
|    fps             | 317       |
|    time_elapsed    | 1482      |
|    total_timesteps | 470000    |
| train/             |           |
|    actor_loss      | 1.88e+06  |
|    critic_loss     | 3.09e+11  |
|    ent_coef        | 1.18e+05  |
|    ent_coef_loss   | 106       |
|    learning_rate   | 0.0055    |
|    n_updates       | 117474    |
----------------------------------
----------------------------------
| rollout/           |           |
|    ep_len_mean     | 146       |
|    ep_rew_mean     | -8.22e+05 |
| time/              |           |
|    episodes        | 1471      |
|    fps             | 316       |
|    time_elapsed    | 1517      |
|    total_timesteps | 480000    |
| train/             |           |
|    actor_loss      | 1.83e+06  |
|    critic_loss     | 2.24e+10  |
|    ent_coef        | 1.15e+04  |
|    ent_coef_loss   | 128       |
|    learning_rate   | 0.0055    |
|    n_updates       | 119974    |
----------------------------------
----------------------------------
| rollout/           |           |
|    ep_len_mean     | 166       |
|    ep_rew_mean     | -1.49e+06 |
| time/              |           |
|    episodes        | 1520      |
|    fps             | 315       |
|    time_elapsed    | 1554      |
|    total_timesteps | 490000    |
| train/             |           |
|    actor_loss      | 1.5e+06   |
|    critic_loss     | 3.25e+10  |
|    ent_coef        | 386       |
|    ent_coef_loss   | 71.1      |
|    learning_rate   | 0.0055    |
|    n_updates       | 122474    |
----------------------------------
----------------------------------
| rollout/           |           |
|    ep_len_mean     | 214       |
|    ep_rew_mean     | -3.24e+06 |
| time/              |           |
|    episodes        | 1568      |
|    fps             | 314       |
|    time_elapsed    | 1591      |
|    total_timesteps | 500000    |
| train/             |           |
|    actor_loss      | 1.48e+06  |
|    critic_loss     | 2.04e+10  |
|    ent_coef        | 8.27e+03  |
|    ent_coef_loss   | -241      |
|    learning_rate   | 0.0055    |
|    n_updates       | 124974    |
----------------------------------
----------------------------------
| rollout/           |           |
|    ep_len_mean     | 244       |
|    ep_rew_mean     | -4.49e+06 |
| time/              |           |
|    episodes        | 1587      |
|    fps             | 313       |
|    time_elapsed    | 1628      |
|    total_timesteps | 510000    |
| train/             |           |
|    actor_loss      | 5.03e+06  |
|    critic_loss     | 1.9e+12   |
|    ent_coef        | 1.09e+05  |
|    ent_coef_loss   | 14        |
|    learning_rate   | 0.0055    |
|    n_updates       | 127474    |
----------------------------------
----------------------------------
| rollout/           |           |
|    ep_len_mean     | 46.7      |
|    ep_rew_mean     | -3.97e+05 |
| time/              |           |
|    episodes        | 1762      |
|    fps             | 312       |
|    time_elapsed    | 1665      |
|    total_timesteps | 520000    |
| train/             |           |
|    actor_loss      | 2.84e+06  |
|    critic_loss     | 1.09e+11  |
|    ent_coef        | 1.65e+04  |
|    ent_coef_loss   | 80.7      |
|    learning_rate   | 0.0055    |
|    n_updates       | 129974    |
----------------------------------
----------------------------------
| rollout/           |           |
|    ep_len_mean     | 35.7      |
|    ep_rew_mean     | -3.95e+05 |
| time/              |           |
|    episodes        | 2002      |
|    fps             | 311       |
|    time_elapsed    | 1702      |
|    total_timesteps | 530000    |
| train/             |           |
|    actor_loss      | 2.28e+06  |
|    critic_loss     | 1.51e+10  |
|    ent_coef        | 2.39e+03  |
|    ent_coef_loss   | 2.18      |
|    learning_rate   | 0.0055    |
|    n_updates       | 132474    |
----------------------------------
----------------------------------
| rollout/           |           |
|    ep_len_mean     | 70.7      |
|    ep_rew_mean     | -1.16e+06 |
| time/              |           |
|    episodes        | 2132      |
|    fps             | 310       |
|    time_elapsed    | 1739      |
|    total_timesteps | 540000    |
| train/             |           |
|    actor_loss      | 1.95e+06  |
|    critic_loss     | 2.34e+10  |
|    ent_coef        | 385       |
|    ent_coef_loss   | 38.1      |
|    learning_rate   | 0.0055    |
|    n_updates       | 134974    |
----------------------------------
----------------------------------
| rollout/           |           |
|    ep_len_mean     | 31        |
|    ep_rew_mean     | -3.51e+05 |
| time/              |           |
|    episodes        | 2329      |
|    fps             | 309       |
|    time_elapsed    | 1776      |
|    total_timesteps | 550000    |
| train/             |           |
|    actor_loss      | 2.03e+06  |
|    critic_loss     | 4.92e+10  |
|    ent_coef        | 1.32e+04  |
|    ent_coef_loss   | -97.2     |
|    learning_rate   | 0.0055    |
|    n_updates       | 137474    |
----------------------------------
----------------------------------
| rollout/           |           |
|    ep_len_mean     | 103       |
|    ep_rew_mean     | -1.34e+06 |
| time/              |           |
|    episodes        | 2396      |
|    fps             | 308       |
|    time_elapsed    | 1813      |
|    total_timesteps | 560000    |
| train/             |           |
|    actor_loss      | 2.84e+06  |
|    critic_loss     | 3e+11     |
|    ent_coef        | 5.47e+04  |
|    ent_coef_loss   | 27.4      |
|    learning_rate   | 0.0055    |
|    n_updates       | 139974    |
----------------------------------
----------------------------------
| rollout/           |           |
|    ep_len_mean     | 32.4      |
|    ep_rew_mean     | -3.62e+05 |
| time/              |           |
|    episodes        | 2805      |
|    fps             | 308       |
|    time_elapsed    | 1850      |
|    total_timesteps | 570000    |
| train/             |           |
|    actor_loss      | 2.55e+06  |
|    critic_loss     | 1.12e+11  |
|    ent_coef        | 8.19e+03  |
|    ent_coef_loss   | 28.7      |
|    learning_rate   | 0.0055    |
|    n_updates       | 142474    |
----------------------------------
----------------------------------
| rollout/           |           |
|    ep_len_mean     | 30.8      |
|    ep_rew_mean     | -3.77e+05 |
| time/              |           |
|    episodes        | 3121      |
|    fps             | 307       |
|    time_elapsed    | 1887      |
|    total_timesteps | 580000    |
| train/             |           |
|    actor_loss      | 2.01e+06  |
|    critic_loss     | 3.86e+10  |
|    ent_coef        | 1.89e+03  |
|    ent_coef_loss   | 60.6      |
|    learning_rate   | 0.0055    |
|    n_updates       | 144974    |
----------------------------------
----------------------------------
| rollout/           |           |
|    ep_len_mean     | 20.1      |
|    ep_rew_mean     | -3.82e+05 |
| time/              |           |
|    episodes        | 3622      |
|    fps             | 306       |
|    time_elapsed    | 1924      |
|    total_timesteps | 590000    |
| train/             |           |
|    actor_loss      | 1.11e+06  |
|    critic_loss     | 9.67e+09  |
|    ent_coef        | 47.7      |
|    ent_coef_loss   | 3.89      |
|    learning_rate   | 0.0055    |
|    n_updates       | 147474    |
----------------------------------
----------------------------------
| rollout/           |           |
|    ep_len_mean     | 6.41      |
|    ep_rew_mean     | -1.16e+05 |
| time/              |           |
|    episodes        | 4161      |
|    fps             | 305       |
|    time_elapsed    | 1961      |
|    total_timesteps | 600000    |
| train/             |           |
|    actor_loss      | 8.82e+05  |
|    critic_loss     | 5.96e+09  |
|    ent_coef        | 399       |
|    ent_coef_loss   | 27.5      |
|    learning_rate   | 0.0055    |
|    n_updates       | 149974    |
----------------------------------
----------------------------------
| rollout/           |           |
|    ep_len_mean     | 5.51      |
|    ep_rew_mean     | -1.08e+05 |
| time/              |           |
|    episodes        | 5122      |
|    fps             | 305       |
|    time_elapsed    | 1998      |
|    total_timesteps | 610000    |
| train/             |           |
|    actor_loss      | 6.55e+05  |
|    critic_loss     | 1.39e+09  |
|    ent_coef        | 213       |
|    ent_coef_loss   | 22        |
|    learning_rate   | 0.0055    |
|    n_updates       | 152474    |
----------------------------------
----------------------------------
| rollout/           |           |
|    ep_len_mean     | 24.8      |
|    ep_rew_mean     | -6.16e+05 |
| time/              |           |
|    episodes        | 6511      |
|    fps             | 304       |
|    time_elapsed    | 2035      |
|    total_timesteps | 620000    |
| train/             |           |
|    actor_loss      | 5.03e+05  |
|    critic_loss     | 2.21e+09  |
|    ent_coef        | 1.51e+03  |
|    ent_coef_loss   | -24.5     |
|    learning_rate   | 0.0055    |
|    n_updates       | 154974    |
----------------------------------
----------------------------------
| rollout/           |           |
|    ep_len_mean     | 64.7      |
|    ep_rew_mean     | -9.91e+05 |
| time/              |           |
|    episodes        | 6708      |
|    fps             | 303       |
|    time_elapsed    | 2072      |
|    total_timesteps | 630000    |
| train/             |           |
|    actor_loss      | 3.6e+06   |
|    critic_loss     | 4.53e+10  |
|    ent_coef        | 7.91e+03  |
|    ent_coef_loss   | -70.8     |
|    learning_rate   | 0.0055    |
|    n_updates       | 157474    |
----------------------------------
----------------------------------
| rollout/           |           |
|    ep_len_mean     | 55.2      |
|    ep_rew_mean     | -1.01e+06 |
| time/              |           |
|    episodes        | 6896      |
|    fps             | 303       |
|    time_elapsed    | 2110      |
|    total_timesteps | 640000    |
| train/             |           |
|    actor_loss      | 6.15e+05  |
|    critic_loss     | 4.22e+09  |
|    ent_coef        | 712       |
|    ent_coef_loss   | 52.4      |
|    learning_rate   | 0.0055    |
|    n_updates       | 159974    |
----------------------------------
----------------------------------
| rollout/           |           |
|    ep_len_mean     | 10.5      |
|    ep_rew_mean     | -1.23e+05 |
| time/              |           |
|    episodes        | 7696      |
|    fps             | 302       |
|    time_elapsed    | 2147      |
|    total_timesteps | 650000    |
| train/             |           |
|    actor_loss      | 5.07e+05  |
|    critic_loss     | 6.25e+08  |
|    ent_coef        | 79.5      |
|    ent_coef_loss   | 28.9      |
|    learning_rate   | 0.0055    |
|    n_updates       | 162474    |
----------------------------------
----------------------------------
| rollout/           |           |
|    ep_len_mean     | 18.7      |
|    ep_rew_mean     | -3.28e+05 |
| time/              |           |
|    episodes        | 8488      |
|    fps             | 302       |
|    time_elapsed    | 2184      |
|    total_timesteps | 660000    |
| train/             |           |
|    actor_loss      | 3.18e+05  |
|    critic_loss     | 3.1e+08   |
|    ent_coef        | 77        |
|    ent_coef_loss   | -113      |
|    learning_rate   | 0.0055    |
|    n_updates       | 164974    |
----------------------------------
----------------------------------
| rollout/           |           |
|    ep_len_mean     | 4.52      |
|    ep_rew_mean     | -1.03e+05 |
| time/              |           |
|    episodes        | 9331      |
|    fps             | 301       |
|    time_elapsed    | 2219      |
|    total_timesteps | 670000    |
| train/             |           |
|    actor_loss      | 2.6e+05   |
|    critic_loss     | 1.43e+08  |
|    ent_coef        | 172       |
|    ent_coef_loss   | 36.3      |
|    learning_rate   | 0.0055    |
|    n_updates       | 167474    |
----------------------------------
----------------------------------
| rollout/           |           |
|    ep_len_mean     | 5.33      |
|    ep_rew_mean     | -1.12e+05 |
| time/              |           |
|    episodes        | 11505     |
|    fps             | 301       |
|    time_elapsed    | 2257      |
|    total_timesteps | 680000    |
| train/             |           |
|    actor_loss      | 2.21e+05  |
|    critic_loss     | 2.59e+09  |
|    ent_coef        | 15        |
|    ent_coef_loss   | -5.89     |
|    learning_rate   | 0.0055    |
|    n_updates       | 169974    |
----------------------------------
----------------------------------
| rollout/           |           |
|    ep_len_mean     | 55.6      |
|    ep_rew_mean     | -8.96e+05 |
| time/              |           |
|    episodes        | 12170     |
|    fps             | 300       |
|    time_elapsed    | 2294      |
|    total_timesteps | 690000    |
| train/             |           |
|    actor_loss      | 2.86e+05  |
|    critic_loss     | 4.69e+08  |
|    ent_coef        | 971       |
|    ent_coef_loss   | 16.1      |
|    learning_rate   | 0.0055    |
|    n_updates       | 172474    |
----------------------------------
----------------------------------
| rollout/           |           |
|    ep_len_mean     | 26.9      |
|    ep_rew_mean     | -5.92e+05 |
| time/              |           |
|    episodes        | 12383     |
|    fps             | 300       |
|    time_elapsed    | 2327      |
|    total_timesteps | 700000    |
| train/             |           |
|    actor_loss      | 2.92e+05  |
|    critic_loss     | 2.07e+08  |
|    ent_coef        | 167       |
|    ent_coef_loss   | 37.3      |
|    learning_rate   | 0.0055    |
|    n_updates       | 174974    |
----------------------------------
---------------------------------
| rollout/           |          |
|    ep_len_mean     | 4        |
|    ep_rew_mean     | -1e+05   |
| time/              |          |
|    episodes        | 14230    |
|    fps             | 300      |
|    time_elapsed    | 2359     |
|    total_timesteps | 710000   |
| train/             |          |
|    actor_loss      | 2.16e+05 |
|    critic_loss     | 4.87e+07 |
|    ent_coef        | 13.4     |
|    ent_coef_loss   | 3        |
|    learning_rate   | 0.0055   |
|    n_updates       | 177474   |
---------------------------------
----------------------------------
| rollout/           |           |
|    ep_len_mean     | 23.7      |
|    ep_rew_mean     | -3.66e+05 |
| time/              |           |
|    episodes        | 15368     |
|    fps             | 300       |
|    time_elapsed    | 2393      |
|    total_timesteps | 720000    |
| train/             |           |
|    actor_loss      | 2.92e+05  |
|    critic_loss     | 7.63e+08  |
|    ent_coef        | 407       |
|    ent_coef_loss   | -103      |
|    learning_rate   | 0.0055    |
|    n_updates       | 179974    |
----------------------------------
----------------------------------
| rollout/           |           |
|    ep_len_mean     | 6.16      |
|    ep_rew_mean     | -1.29e+05 |
| time/              |           |
|    episodes        | 16342     |
|    fps             | 300       |
|    time_elapsed    | 2428      |
|    total_timesteps | 730000    |
| train/             |           |
|    actor_loss      | 2.35e+05  |
|    critic_loss     | 3.36e+08  |
|    ent_coef        | 308       |
|    ent_coef_loss   | -8.82     |
|    learning_rate   | 0.0055    |
|    n_updates       | 182474    |
----------------------------------
----------------------------------
| rollout/           |           |
|    ep_len_mean     | 100       |
|    ep_rew_mean     | -1.78e+06 |
| time/              |           |
|    episodes        | 16434     |
|    fps             | 300       |
|    time_elapsed    | 2462      |
|    total_timesteps | 740000    |
| train/             |           |
|    actor_loss      | 4.79e+05  |
|    critic_loss     | 3.64e+09  |
|    ent_coef        | 2.55e+03  |
|    ent_coef_loss   | 18.4      |
|    learning_rate   | 0.0055    |
|    n_updates       | 184974    |
----------------------------------
----------------------------------
| rollout/           |           |
|    ep_len_mean     | 43        |
|    ep_rew_mean     | -4.88e+05 |
| time/              |           |
|    episodes        | 16554     |
|    fps             | 300       |
|    time_elapsed    | 2496      |
|    total_timesteps | 750000    |
| train/             |           |
|    actor_loss      | 3.75e+05  |
|    critic_loss     | 6.41e+08  |
|    ent_coef        | 309       |
|    ent_coef_loss   | 58.1      |
|    learning_rate   | 0.0055    |
|    n_updates       | 187474    |
----------------------------------
----------------------------------
| rollout/           |           |
|    ep_len_mean     | 14.8      |
|    ep_rew_mean     | -2.69e+05 |
| time/              |           |
|    episodes        | 16914     |
|    fps             | 300       |
|    time_elapsed    | 2530      |
|    total_timesteps | 760000    |
| train/             |           |
|    actor_loss      | 2.64e+05  |
|    critic_loss     | 1.16e+08  |
|    ent_coef        | 13.6      |
|    ent_coef_loss   | -3.53     |
|    learning_rate   | 0.0055    |
|    n_updates       | 189974    |
----------------------------------
----------------------------------
| rollout/           |           |
|    ep_len_mean     | 4.61      |
|    ep_rew_mean     | -1.03e+05 |
| time/              |           |
|    episodes        | 18197     |
|    fps             | 300       |
|    time_elapsed    | 2563      |
|    total_timesteps | 770000    |
| train/             |           |
|    actor_loss      | 2.81e+05  |
|    critic_loss     | 2.43e+08  |
|    ent_coef        | 38.5      |
|    ent_coef_loss   | -56.8     |
|    learning_rate   | 0.0055    |
|    n_updates       | 192474    |
----------------------------------
----------------------------------
| rollout/           |           |
|    ep_len_mean     | 20.8      |
|    ep_rew_mean     | -2.88e+05 |
| time/              |           |
|    episodes        | 18863     |
|    fps             | 300       |
|    time_elapsed    | 2596      |
|    total_timesteps | 780000    |
| train/             |           |
|    actor_loss      | 2.53e+05  |
|    critic_loss     | 1.54e+08  |
|    ent_coef        | 1.01e+03  |
|    ent_coef_loss   | 33.7      |
|    learning_rate   | 0.0055    |
|    n_updates       | 194974    |
----------------------------------
---------------------------------
| rollout/           |          |
|    ep_len_mean     | 55.6     |
|    ep_rew_mean     | -8.1e+05 |
| time/              |          |
|    episodes        | 19053    |
|    fps             | 300      |
|    time_elapsed    | 2628     |
|    total_timesteps | 790000   |
| train/             |          |
|    actor_loss      | 2.86e+05 |
|    critic_loss     | 7.29e+08 |
|    ent_coef        | 766      |
|    ent_coef_loss   | -132     |
|    learning_rate   | 0.0055   |
|    n_updates       | 197474   |
---------------------------------
----------------------------------
| rollout/           |           |
|    ep_len_mean     | 95.6      |
|    ep_rew_mean     | -1.49e+06 |
| time/              |           |
|    episodes        | 19120     |
|    fps             | 300       |
|    time_elapsed    | 2659      |
|    total_timesteps | 800000    |
| train/             |           |
|    actor_loss      | 4.34e+05  |
|    critic_loss     | 2.34e+10  |
|    ent_coef        | 1.49e+04  |
|    ent_coef_loss   | -3.9      |
|    learning_rate   | 0.0055    |
|    n_updates       | 199974    |
----------------------------------
---------------------------------
| rollout/           |          |
|    ep_len_mean     | 38.5     |
|    ep_rew_mean     | -2.5e+05 |
| time/              |          |
|    episodes        | 19380    |
|    fps             | 300      |
|    time_elapsed    | 2691     |
|    total_timesteps | 810000   |
| train/             |          |
|    actor_loss      | 5.8e+05  |
|    critic_loss     | 2.43e+09 |
|    ent_coef        | 2.14e+03 |
|    ent_coef_loss   | 65.8     |
|    learning_rate   | 0.0055   |
|    n_updates       | 202474   |
---------------------------------
----------------------------------
| rollout/           |           |
|    ep_len_mean     | 11.7      |
|    ep_rew_mean     | -1.11e+05 |
| time/              |           |
|    episodes        | 19784     |
|    fps             | 301       |
|    time_elapsed    | 2722      |
|    total_timesteps | 820000    |
| train/             |           |
|    actor_loss      | 3.35e+05  |
|    critic_loss     | 3.45e+08  |
|    ent_coef        | 79        |
|    ent_coef_loss   | 31        |
|    learning_rate   | 0.0055    |
|    n_updates       | 204974    |
----------------------------------
----------------------------------
| rollout/           |           |
|    ep_len_mean     | 33.6      |
|    ep_rew_mean     | -1.88e+05 |
| time/              |           |
|    episodes        | 20074     |
|    fps             | 301       |
|    time_elapsed    | 2754      |
|    total_timesteps | 830000    |
| train/             |           |
|    actor_loss      | 1.93e+05  |
|    critic_loss     | 8.49e+07  |
|    ent_coef        | 45.7      |
|    ent_coef_loss   | 5.7       |
|    learning_rate   | 0.0055    |
|    n_updates       | 207474    |
----------------------------------
----------------------------------
| rollout/           |           |
|    ep_len_mean     | 46.7      |
|    ep_rew_mean     | -3.44e+05 |
| time/              |           |
|    episodes        | 20330     |
|    fps             | 301       |
|    time_elapsed    | 2785      |
|    total_timesteps | 840000    |
| train/             |           |
|    actor_loss      | 1.17e+05  |
|    critic_loss     | 4.99e+07  |
|    ent_coef        | 65.7      |
|    ent_coef_loss   | -6.1      |
|    learning_rate   | 0.0055    |
|    n_updates       | 209974    |
----------------------------------
----------------------------------
| rollout/           |           |
|    ep_len_mean     | 21.4      |
|    ep_rew_mean     | -1.15e+05 |
| time/              |           |
|    episodes        | 20597     |
|    fps             | 301       |
|    time_elapsed    | 2817      |
|    total_timesteps | 850000    |
| train/             |           |
|    actor_loss      | 1.07e+05  |
|    critic_loss     | 7.11e+07  |
|    ent_coef        | 44.9      |
|    ent_coef_loss   | 21        |
|    learning_rate   | 0.0055    |
|    n_updates       | 212474    |
----------------------------------
----------------------------------
| rollout/           |           |
|    ep_len_mean     | 98.5      |
|    ep_rew_mean     | -2.79e+05 |
| time/              |           |
|    episodes        | 20693     |
|    fps             | 301       |
|    time_elapsed    | 2848      |
|    total_timesteps | 860000    |
| train/             |           |
|    actor_loss      | 9.73e+04  |
|    critic_loss     | 7e+07     |
|    ent_coef        | 80.6      |
|    ent_coef_loss   | 28.7      |
|    learning_rate   | 0.0055    |
|    n_updates       | 214974    |
----------------------------------
----------------------------------
| rollout/           |           |
|    ep_len_mean     | 156       |
|    ep_rew_mean     | -1.67e+06 |
| time/              |           |
|    episodes        | 20750     |
|    fps             | 302       |
|    time_elapsed    | 2879      |
|    total_timesteps | 870000    |
| train/             |           |
|    actor_loss      | 7.83e+05  |
|    critic_loss     | 1.61e+11  |
|    ent_coef        | 3.67e+04  |
|    ent_coef_loss   | -25.7     |
|    learning_rate   | 0.0055    |
|    n_updates       | 217474    |
----------------------------------
----------------------------------
| rollout/           |           |
|    ep_len_mean     | 148       |
|    ep_rew_mean     | -1.79e+06 |
| time/              |           |
|    episodes        | 20829     |
|    fps             | 302       |
|    time_elapsed    | 2911      |
|    total_timesteps | 880000    |
| train/             |           |
|    actor_loss      | 4.69e+05  |
|    critic_loss     | 2.31e+09  |
|    ent_coef        | 2.07e+03  |
|    ent_coef_loss   | 107       |
|    learning_rate   | 0.0055    |
|    n_updates       | 219974    |
----------------------------------
----------------------------------
| rollout/           |           |
|    ep_len_mean     | 163       |
|    ep_rew_mean     | -1.21e+06 |
| time/              |           |
|    episodes        | 20870     |
|    fps             | 302       |
|    time_elapsed    | 2946      |
|    total_timesteps | 890000    |
| train/             |           |
|    actor_loss      | 3.84e+05  |
|    critic_loss     | 6.31e+08  |
|    ent_coef        | 414       |
|    ent_coef_loss   | -140      |
|    learning_rate   | 0.0055    |
|    n_updates       | 222474    |
----------------------------------
----------------------------------
| rollout/           |           |
|    ep_len_mean     | 235       |
|    ep_rew_mean     | -2.76e+06 |
| time/              |           |
|    episodes        | 20908     |
|    fps             | 301       |
|    time_elapsed    | 2980      |
|    total_timesteps | 900000    |
| train/             |           |
|    actor_loss      | 2.76e+05  |
|    critic_loss     | 1.95e+08  |
|    ent_coef        | 93.9      |
|    ent_coef_loss   | 52.9      |
|    learning_rate   | 0.0055    |
|    n_updates       | 224974    |
----------------------------------
----------------------------------
| rollout/           |           |
|    ep_len_mean     | 262       |
|    ep_rew_mean     | -3.94e+06 |
| time/              |           |
|    episodes        | 20946     |
|    fps             | 302       |
|    time_elapsed    | 3012      |
|    total_timesteps | 910000    |
| train/             |           |
|    actor_loss      | 9.63e+05  |
|    critic_loss     | 1.76e+10  |
|    ent_coef        | 5.1e+03   |
|    ent_coef_loss   | -189      |
|    learning_rate   | 0.0055    |
|    n_updates       | 227474    |
----------------------------------
----------------------------------
| rollout/           |           |
|    ep_len_mean     | 238       |
|    ep_rew_mean     | -4.03e+06 |
| time/              |           |
|    episodes        | 20987     |
|    fps             | 301       |
|    time_elapsed    | 3046      |
|    total_timesteps | 920000    |
| train/             |           |
|    actor_loss      | 2.75e+06  |
|    critic_loss     | 2.12e+11  |
|    ent_coef        | 4.54e+04  |
|    ent_coef_loss   | -54.1     |
|    learning_rate   | 0.0055    |
|    n_updates       | 229974    |
----------------------------------
----------------------------------
| rollout/           |           |
|    ep_len_mean     | 276       |
|    ep_rew_mean     | -4.59e+06 |
| time/              |           |
|    episodes        | 21029     |
|    fps             | 301       |
|    time_elapsed    | 3081      |
|    total_timesteps | 930000    |
| train/             |           |
|    actor_loss      | 1.23e+06  |
|    critic_loss     | 5.67e+10  |
|    ent_coef        | 1.75e+04  |
|    ent_coef_loss   | 137       |
|    learning_rate   | 0.0055    |
|    n_updates       | 232474    |
----------------------------------
----------------------------------
| rollout/           |           |
|    ep_len_mean     | 258       |
|    ep_rew_mean     | -3.18e+06 |
| time/              |           |
|    episodes        | 21064     |
|    fps             | 301       |
|    time_elapsed    | 3115      |
|    total_timesteps | 940000    |
| train/             |           |
|    actor_loss      | 1.6e+06   |
|    critic_loss     | 3.79e+10  |
|    ent_coef        | 1.11e+04  |
|    ent_coef_loss   | -146      |
|    learning_rate   | 0.0055    |
|    n_updates       | 234974    |
----------------------------------
----------------------------------
| rollout/           |           |
|    ep_len_mean     | 197       |
|    ep_rew_mean     | -2.18e+06 |
| time/              |           |
|    episodes        | 21130     |
|    fps             | 301       |
|    time_elapsed    | 3149      |
|    total_timesteps | 950000    |
| train/             |           |
|    actor_loss      | 1.38e+06  |
|    critic_loss     | 9.23e+09  |
|    ent_coef        | 3.21e+03  |
|    ent_coef_loss   | 76.4      |
|    learning_rate   | 0.0055    |
|    n_updates       | 237474    |
----------------------------------
----------------------------------
| rollout/           |           |
|    ep_len_mean     | 131       |
|    ep_rew_mean     | -9.94e+05 |
| time/              |           |
|    episodes        | 21212     |
|    fps             | 301       |
|    time_elapsed    | 3183      |
|    total_timesteps | 960000    |
| train/             |           |
|    actor_loss      | 8.13e+05  |
|    critic_loss     | 2.37e+09  |
|    ent_coef        | 69.4      |
|    ent_coef_loss   | 33        |
|    learning_rate   | 0.0055    |
|    n_updates       | 239974    |
----------------------------------
----------------------------------
| rollout/           |           |
|    ep_len_mean     | 149       |
|    ep_rew_mean     | -1.21e+06 |
| time/              |           |
|    episodes        | 21269     |
|    fps             | 301       |
|    time_elapsed    | 3215      |
|    total_timesteps | 970000    |
| train/             |           |
|    actor_loss      | 4.75e+05  |
|    critic_loss     | 4.85e+08  |
|    ent_coef        | 2.85      |
|    ent_coef_loss   | -2.98     |
|    learning_rate   | 0.0055    |
|    n_updates       | 242474    |
----------------------------------
----------------------------------
| rollout/           |           |
|    ep_len_mean     | 61.6      |
|    ep_rew_mean     | -1.09e+06 |
| time/              |           |
|    episodes        | 21395     |
|    fps             | 301       |
|    time_elapsed    | 3247      |
|    total_timesteps | 980000    |
| train/             |           |
|    actor_loss      | 3.58e+05  |
|    critic_loss     | 2.79e+09  |
|    ent_coef        | 1.18      |
|    ent_coef_loss   | 0.23      |
|    learning_rate   | 0.0055    |
|    n_updates       | 244974    |
----------------------------------
----------------------------------
| rollout/           |           |
|    ep_len_mean     | 115       |
|    ep_rew_mean     | -2.85e+06 |
| time/              |           |
|    episodes        | 21425     |
|    fps             | 301       |
|    time_elapsed    | 3280      |
|    total_timesteps | 990000    |
| train/             |           |
|    actor_loss      | 1.26e+06  |
|    critic_loss     | 2.31e+10  |
|    ent_coef        | 2.7e+03   |
|    ent_coef_loss   | -219      |
|    learning_rate   | 0.0055    |
|    n_updates       | 247474    |
----------------------------------
----------------------------------
| rollout/           |           |
|    ep_len_mean     | 200       |
|    ep_rew_mean     | -4.98e+06 |
| time/              |           |
|    episodes        | 21464     |
|    fps             | 301       |
|    time_elapsed    | 3315      |
|    total_timesteps | 1000000   |
| train/             |           |
|    actor_loss      | 1.17e+07  |
|    critic_loss     | 3.52e+13  |
|    ent_coef        | 2.31e+05  |
|    ent_coef_loss   | -499      |
|    learning_rate   | 0.0055    |
|    n_updates       | 249974    |
----------------------------------
Training ended on Tue Jan 27 18:57:26 2026
Training lasted 0:55:15.068457
