Logging to training_random_logs/5_robots/logs/ARS_set5
Using cpu device
Training started on Tue Jan 27 16:20:12 2026
Experiment configuration: {'algorithm': 'ARS', 'set': 5, 'verbose': 1, 'steps': 1000000, 'num_robots': 5, 'num_envs': 4, 'seed': 33, 'log_steps': 10000, 'resume': False, 'device': 'cpu'}
----------------------------------
| rollout/           |           |
|    ep_len_mean     | 672       |
|    ep_rew_mean     | -3.35e+07 |
| time/              |           |
|    fps             | 1715      |
|    time_elapsed    | 5         |
|    total_timesteps | 10000     |
----------------------------------
----------------------------------
| rollout/           |           |
|    ep_len_mean     | 670       |
|    ep_rew_mean     | -3.35e+07 |
| time/              |           |
|    fps             | 1717      |
|    time_elapsed    | 11        |
|    total_timesteps | 20000     |
----------------------------------
---------------------------------
| rollout/           |          |
|    ep_len_mean     | 780      |
|    ep_rew_mean     | -3.9e+07 |
| time/              |          |
|    fps             | 1720     |
|    time_elapsed    | 17       |
|    total_timesteps | 30000    |
---------------------------------
----------------------------------
| rollout/           |           |
|    ep_len_mean     | 820       |
|    ep_rew_mean     | -4.11e+07 |
| time/              |           |
|    fps             | 1720      |
|    time_elapsed    | 23        |
|    total_timesteps | 40000     |
----------------------------------
---------------------------------
| rollout/           |          |
|    return_std      | 2.22e+07 |
| time/              |          |
|    fps             | 1720     |
|    time_elapsed    | 29       |
|    total_timesteps | 50000    |
| train/             |          |
|    delta_std       | 0.05     |
|    iterations      | 0        |
|    learning_rate   | 0.0018   |
|    step_size       | 1.01e-11 |
---------------------------------
---------------------------------
| rollout/           |          |
|    ep_len_mean     | 1e+03    |
|    ep_rew_mean     | -5e+07   |
| time/              |          |
|    fps             | 1720     |
|    time_elapsed    | 34       |
|    total_timesteps | 60000    |
---------------------------------
----------------------------------
| rollout/           |           |
|    ep_len_mean     | 837       |
|    ep_rew_mean     | -4.17e+07 |
| time/              |           |
|    fps             | 1720      |
|    time_elapsed    | 40        |
|    total_timesteps | 70000     |
----------------------------------
----------------------------------
| rollout/           |           |
|    ep_len_mean     | 878       |
|    ep_rew_mean     | -4.38e+07 |
| time/              |           |
|    fps             | 1719      |
|    time_elapsed    | 46        |
|    total_timesteps | 80000     |
----------------------------------
---------------------------------
| rollout/           |          |
|    return_std      | 2.48e+07 |
| time/              |          |
|    fps             | 1718     |
|    time_elapsed    | 52       |
|    total_timesteps | 90000    |
| train/             |          |
|    delta_std       | 0.05     |
|    iterations      | 1        |
|    learning_rate   | 0.0018   |
|    step_size       | 9.09e-12 |
---------------------------------
----------------------------------
| rollout/           |           |
|    ep_len_mean     | 669       |
|    ep_rew_mean     | -3.35e+07 |
| time/              |           |
|    fps             | 1719      |
|    time_elapsed    | 58        |
|    total_timesteps | 100000    |
----------------------------------
----------------------------------
| rollout/           |           |
|    ep_len_mean     | 835       |
|    ep_rew_mean     | -4.18e+07 |
| time/              |           |
|    fps             | 1719      |
|    time_elapsed    | 63        |
|    total_timesteps | 110000    |
----------------------------------
---------------------------------
| rollout/           |          |
|    ep_len_mean     | 780      |
|    ep_rew_mean     | -3.9e+07 |
| time/              |          |
|    fps             | 1719     |
|    time_elapsed    | 69       |
|    total_timesteps | 120000   |
---------------------------------
----------------------------------
| rollout/           |           |
|    ep_len_mean     | 835       |
|    ep_rew_mean     | -4.18e+07 |
| time/              |           |
|    fps             | 1719      |
|    time_elapsed    | 75        |
|    total_timesteps | 130000    |
----------------------------------
----------------------------------
| rollout/           |           |
|    ep_len_mean     | 858       |
|    ep_rew_mean     | -4.29e+07 |
| time/              |           |
|    fps             | 1720      |
|    time_elapsed    | 81        |
|    total_timesteps | 140000    |
----------------------------------
----------------------------------
| rollout/           |           |
|    ep_len_mean     | 506       |
|    ep_rew_mean     | -2.53e+07 |
|    return_std      | 1.7e+07   |
| time/              |           |
|    fps             | 1720      |
|    time_elapsed    | 87        |
|    total_timesteps | 150000    |
| train/             |           |
|    delta_std       | 0.05      |
|    iterations      | 2         |
|    learning_rate   | 0.0018    |
|    step_size       | 1.32e-11  |
----------------------------------
----------------------------------
| rollout/           |           |
|    ep_len_mean     | 753       |
|    ep_rew_mean     | -3.76e+07 |
| time/              |           |
|    fps             | 1720      |
|    time_elapsed    | 92        |
|    total_timesteps | 160000    |
----------------------------------
----------------------------------
| rollout/           |           |
|    ep_len_mean     | 754       |
|    ep_rew_mean     | -3.77e+07 |
| time/              |           |
|    fps             | 1720      |
|    time_elapsed    | 98        |
|    total_timesteps | 170000    |
----------------------------------
----------------------------------
| rollout/           |           |
|    ep_len_mean     | 803       |
|    ep_rew_mean     | -4.01e+07 |
| time/              |           |
|    fps             | 1720      |
|    time_elapsed    | 104       |
|    total_timesteps | 180000    |
----------------------------------
----------------------------------
| rollout/           |           |
|    ep_len_mean     | 789       |
|    ep_rew_mean     | -3.94e+07 |
| time/              |           |
|    fps             | 1719      |
|    time_elapsed    | 110       |
|    total_timesteps | 190000    |
----------------------------------
----------------------------------
| rollout/           |           |
|    ep_len_mean     | 14        |
|    ep_rew_mean     | -4.81e+05 |
|    return_std      | 2e+07     |
| time/              |           |
|    fps             | 1720      |
|    time_elapsed    | 116       |
|    total_timesteps | 200000    |
| train/             |           |
|    delta_std       | 0.05      |
|    iterations      | 3         |
|    learning_rate   | 0.0018    |
|    step_size       | 1.13e-11  |
----------------------------------
----------------------------------
| rollout/           |           |
|    ep_len_mean     | 754       |
|    ep_rew_mean     | -3.77e+07 |
| time/              |           |
|    fps             | 1720      |
|    time_elapsed    | 122       |
|    total_timesteps | 210000    |
----------------------------------
----------------------------------
| rollout/           |           |
|    ep_len_mean     | 836       |
|    ep_rew_mean     | -4.18e+07 |
| time/              |           |
|    fps             | 1720      |
|    time_elapsed    | 127       |
|    total_timesteps | 220000    |
----------------------------------
----------------------------------
| rollout/           |           |
|    ep_len_mean     | 732       |
|    ep_rew_mean     | -3.66e+07 |
| time/              |           |
|    fps             | 1721      |
|    time_elapsed    | 133       |
|    total_timesteps | 230000    |
----------------------------------
----------------------------------
| rollout/           |           |
|    ep_len_mean     | 719       |
|    ep_rew_mean     | -3.59e+07 |
| time/              |           |
|    fps             | 1721      |
|    time_elapsed    | 139       |
|    total_timesteps | 240000    |
----------------------------------
----------------------------------
| rollout/           |           |
|    ep_len_mean     | 1e+03     |
|    ep_rew_mean     | -4.97e+07 |
|    return_std      | 2.22e+07  |
| time/              |           |
|    fps             | 1721      |
|    time_elapsed    | 145       |
|    total_timesteps | 250000    |
| train/             |           |
|    delta_std       | 0.05      |
|    iterations      | 4         |
|    learning_rate   | 0.0018    |
|    step_size       | 1.01e-11  |
----------------------------------
----------------------------------
| rollout/           |           |
|    ep_len_mean     | 607       |
|    ep_rew_mean     | -3.02e+07 |
| time/              |           |
|    fps             | 1722      |
|    time_elapsed    | 150       |
|    total_timesteps | 260000    |
----------------------------------
----------------------------------
| rollout/           |           |
|    ep_len_mean     | 671       |
|    ep_rew_mean     | -3.35e+07 |
| time/              |           |
|    fps             | 1722      |
|    time_elapsed    | 156       |
|    total_timesteps | 270000    |
----------------------------------
----------------------------------
| rollout/           |           |
|    ep_len_mean     | 731       |
|    ep_rew_mean     | -3.65e+07 |
| time/              |           |
|    fps             | 1722      |
|    time_elapsed    | 162       |
|    total_timesteps | 280000    |
----------------------------------
---------------------------------
| rollout/           |          |
|    return_std      | 2.38e+07 |
| time/              |          |
|    fps             | 1722     |
|    time_elapsed    | 168      |
|    total_timesteps | 290000   |
| train/             |          |
|    delta_std       | 0.05     |
|    iterations      | 5        |
|    learning_rate   | 0.0018   |
|    step_size       | 9.46e-12 |
---------------------------------
----------------------------------
| rollout/           |           |
|    ep_len_mean     | 1e+03     |
|    ep_rew_mean     | -5.01e+07 |
| time/              |           |
|    fps             | 1722      |
|    time_elapsed    | 174       |
|    total_timesteps | 300000    |
----------------------------------
----------------------------------
| rollout/           |           |
|    ep_len_mean     | 1e+03     |
|    ep_rew_mean     | -5.01e+07 |
| time/              |           |
|    fps             | 1722      |
|    time_elapsed    | 179       |
|    total_timesteps | 310000    |
----------------------------------
---------------------------------
| rollout/           |          |
|    ep_len_mean     | 780      |
|    ep_rew_mean     | -3.9e+07 |
| time/              |          |
|    fps             | 1722     |
|    time_elapsed    | 185      |
|    total_timesteps | 320000   |
---------------------------------
----------------------------------
| rollout/           |           |
|    ep_len_mean     | 835       |
|    ep_rew_mean     | -4.18e+07 |
| time/              |           |
|    fps             | 1722      |
|    time_elapsed    | 191       |
|    total_timesteps | 330000    |
----------------------------------
----------------------------------
| rollout/           |           |
|    ep_len_mean     | 802       |
|    ep_rew_mean     | -4.01e+07 |
| time/              |           |
|    fps             | 1722      |
|    time_elapsed    | 197       |
|    total_timesteps | 340000    |
----------------------------------
----------------------------------
| rollout/           |           |
|    ep_len_mean     | 510       |
|    ep_rew_mean     | -2.54e+07 |
|    return_std      | 2.01e+07  |
| time/              |           |
|    fps             | 1722      |
|    time_elapsed    | 203       |
|    total_timesteps | 350000    |
| train/             |           |
|    delta_std       | 0.05      |
|    iterations      | 6         |
|    learning_rate   | 0.0018    |
|    step_size       | 1.12e-11  |
----------------------------------
----------------------------------
| rollout/           |           |
|    ep_len_mean     | 674       |
|    ep_rew_mean     | -3.36e+07 |
| time/              |           |
|    fps             | 1722      |
|    time_elapsed    | 208       |
|    total_timesteps | 360000    |
----------------------------------
----------------------------------
| rollout/           |           |
|    ep_len_mean     | 705       |
|    ep_rew_mean     | -3.52e+07 |
| time/              |           |
|    fps             | 1723      |
|    time_elapsed    | 214       |
|    total_timesteps | 370000    |
----------------------------------
----------------------------------
| rollout/           |           |
|    ep_len_mean     | 754       |
|    ep_rew_mean     | -3.77e+07 |
| time/              |           |
|    fps             | 1723      |
|    time_elapsed    | 220       |
|    total_timesteps | 380000    |
----------------------------------
----------------------------------
| rollout/           |           |
|    ep_len_mean     | 1e+03     |
|    ep_rew_mean     | -4.99e+07 |
|    return_std      | 2.38e+07  |
| time/              |           |
|    fps             | 1723      |
|    time_elapsed    | 226       |
|    total_timesteps | 390000    |
| train/             |           |
|    delta_std       | 0.05      |
|    iterations      | 7         |
|    learning_rate   | 0.0018    |
|    step_size       | 9.45e-12  |
----------------------------------
----------------------------------
| rollout/           |           |
|    ep_len_mean     | 753       |
|    ep_rew_mean     | -3.76e+07 |
| time/              |           |
|    fps             | 1722      |
|    time_elapsed    | 232       |
|    total_timesteps | 400000    |
----------------------------------
----------------------------------
| rollout/           |           |
|    ep_len_mean     | 671       |
|    ep_rew_mean     | -3.34e+07 |
| time/              |           |
|    fps             | 1722      |
|    time_elapsed    | 237       |
|    total_timesteps | 410000    |
----------------------------------
----------------------------------
| rollout/           |           |
|    ep_len_mean     | 730       |
|    ep_rew_mean     | -3.65e+07 |
| time/              |           |
|    fps             | 1722      |
|    time_elapsed    | 243       |
|    total_timesteps | 420000    |
----------------------------------
----------------------------------
| rollout/           |           |
|    ep_len_mean     | 718       |
|    ep_rew_mean     | -3.58e+07 |
| time/              |           |
|    fps             | 1722      |
|    time_elapsed    | 249       |
|    total_timesteps | 430000    |
----------------------------------
----------------------------------
| rollout/           |           |
|    ep_len_mean     | 1e+03     |
|    ep_rew_mean     | -5.01e+07 |
|    return_std      | 2.22e+07  |
| time/              |           |
|    fps             | 1722      |
|    time_elapsed    | 255       |
|    total_timesteps | 440000    |
| train/             |           |
|    delta_std       | 0.05      |
|    iterations      | 8         |
|    learning_rate   | 0.0018    |
|    step_size       | 1.01e-11  |
----------------------------------
----------------------------------
| rollout/           |           |
|    ep_len_mean     | 1e+03     |
|    ep_rew_mean     | -4.99e+07 |
| time/              |           |
|    fps             | 1722      |
|    time_elapsed    | 261       |
|    total_timesteps | 450000    |
----------------------------------
----------------------------------
| rollout/           |           |
|    ep_len_mean     | 1e+03     |
|    ep_rew_mean     | -4.82e+07 |
| time/              |           |
|    fps             | 1722      |
|    time_elapsed    | 267       |
|    total_timesteps | 460000    |
----------------------------------
----------------------------------
| rollout/           |           |
|    ep_len_mean     | 892       |
|    ep_rew_mean     | -4.33e+07 |
| time/              |           |
|    fps             | 1722      |
|    time_elapsed    | 272       |
|    total_timesteps | 470000    |
----------------------------------
----------------------------------
| rollout/           |           |
|    ep_len_mean     | 738       |
|    ep_rew_mean     | -3.61e+07 |
| time/              |           |
|    fps             | 1722      |
|    time_elapsed    | 278       |
|    total_timesteps | 480000    |
----------------------------------
----------------------------------
| rollout/           |           |
|    ep_len_mean     | 1e+03     |
|    ep_rew_mean     | -4.03e+07 |
|    return_std      | 2.18e+07  |
| time/              |           |
|    fps             | 1723      |
|    time_elapsed    | 284       |
|    total_timesteps | 490000    |
| train/             |           |
|    delta_std       | 0.05      |
|    iterations      | 9         |
|    learning_rate   | 0.0018    |
|    step_size       | 1.03e-11  |
----------------------------------
----------------------------------
| rollout/           |           |
|    ep_len_mean     | 1e+03     |
|    ep_rew_mean     | -4.74e+07 |
| time/              |           |
|    fps             | 1723      |
|    time_elapsed    | 290       |
|    total_timesteps | 500000    |
----------------------------------
----------------------------------
| rollout/           |           |
|    ep_len_mean     | 1e+03     |
|    ep_rew_mean     | -4.83e+07 |
| time/              |           |
|    fps             | 1723      |
|    time_elapsed    | 295       |
|    total_timesteps | 510000    |
----------------------------------
----------------------------------
| rollout/           |           |
|    ep_len_mean     | 700       |
|    ep_rew_mean     | -3.41e+07 |
| time/              |           |
|    fps             | 1723      |
|    time_elapsed    | 301       |
|    total_timesteps | 520000    |
----------------------------------
----------------------------------
| rollout/           |           |
|    ep_len_mean     | 740       |
|    ep_rew_mean     | -3.62e+07 |
| time/              |           |
|    fps             | 1723      |
|    time_elapsed    | 307       |
|    total_timesteps | 530000    |
----------------------------------
----------------------------------
| rollout/           |           |
|    ep_len_mean     | 405       |
|    ep_rew_mean     | -2.02e+07 |
|    return_std      | 2.18e+07  |
| time/              |           |
|    fps             | 1723      |
|    time_elapsed    | 313       |
|    total_timesteps | 540000    |
| train/             |           |
|    delta_std       | 0.05      |
|    iterations      | 10        |
|    learning_rate   | 0.0018    |
|    step_size       | 1.03e-11  |
----------------------------------
----------------------------------
| rollout/           |           |
|    ep_len_mean     | 575       |
|    ep_rew_mean     | -2.88e+07 |
| time/              |           |
|    fps             | 1723      |
|    time_elapsed    | 319       |
|    total_timesteps | 550000    |
----------------------------------
---------------------------------
| rollout/           |          |
|    ep_len_mean     | 640      |
|    ep_rew_mean     | -3.2e+07 |
| time/              |          |
|    fps             | 1723     |
|    time_elapsed    | 324      |
|    total_timesteps | 560000   |
---------------------------------
----------------------------------
| rollout/           |           |
|    ep_len_mean     | 605       |
|    ep_rew_mean     | -3.01e+07 |
| time/              |           |
|    fps             | 1724      |
|    time_elapsed    | 330       |
|    total_timesteps | 570000    |
----------------------------------
----------------------------------
| rollout/           |           |
|    ep_len_mean     | 512       |
|    ep_rew_mean     | -2.54e+07 |
|    return_std      | 2.48e+07  |
| time/              |           |
|    fps             | 1724      |
|    time_elapsed    | 336       |
|    total_timesteps | 580000    |
| train/             |           |
|    delta_std       | 0.05      |
|    iterations      | 11        |
|    learning_rate   | 0.0018    |
|    step_size       | 9.06e-12  |
----------------------------------
----------------------------------
| rollout/           |           |
|    ep_len_mean     | 580       |
|    ep_rew_mean     | -2.87e+07 |
| time/              |           |
|    fps             | 1724      |
|    time_elapsed    | 342       |
|    total_timesteps | 590000    |
----------------------------------
----------------------------------
| rollout/           |           |
|    ep_len_mean     | 592       |
|    ep_rew_mean     | -2.94e+07 |
| time/              |           |
|    fps             | 1724      |
|    time_elapsed    | 347       |
|    total_timesteps | 600000    |
----------------------------------
---------------------------------
| rollout/           |          |
|    return_std      | 2.52e+07 |
| time/              |          |
|    fps             | 1724     |
|    time_elapsed    | 353      |
|    total_timesteps | 610000   |
| train/             |          |
|    delta_std       | 0.05     |
|    iterations      | 12       |
|    learning_rate   | 0.0018   |
|    step_size       | 8.93e-12 |
---------------------------------
----------------------------------
| rollout/           |           |
|    ep_len_mean     | 760       |
|    ep_rew_mean     | -3.79e+07 |
| time/              |           |
|    fps             | 1724      |
|    time_elapsed    | 359       |
|    total_timesteps | 620000    |
----------------------------------
----------------------------------
| rollout/           |           |
|    ep_len_mean     | 840       |
|    ep_rew_mean     | -4.19e+07 |
| time/              |           |
|    fps             | 1724      |
|    time_elapsed    | 365       |
|    total_timesteps | 630000    |
----------------------------------
----------------------------------
| rollout/           |           |
|    ep_len_mean     | 734       |
|    ep_rew_mean     | -3.66e+07 |
| time/              |           |
|    fps             | 1724      |
|    time_elapsed    | 371       |
|    total_timesteps | 640000    |
----------------------------------
----------------------------------
| rollout/           |           |
|    ep_len_mean     | 721       |
|    ep_rew_mean     | -3.59e+07 |
| time/              |           |
|    fps             | 1724      |
|    time_elapsed    | 376       |
|    total_timesteps | 650000    |
----------------------------------
---------------------------------
| rollout/           |          |
|    return_std      | 2.2e+07  |
| time/              |          |
|    fps             | 1724     |
|    time_elapsed    | 382      |
|    total_timesteps | 660000   |
| train/             |          |
|    delta_std       | 0.05     |
|    iterations      | 13       |
|    learning_rate   | 0.0018   |
|    step_size       | 1.02e-11 |
---------------------------------
----------------------------------
| rollout/           |           |
|    ep_len_mean     | 756       |
|    ep_rew_mean     | -3.77e+07 |
| time/              |           |
|    fps             | 1724      |
|    time_elapsed    | 388       |
|    total_timesteps | 670000    |
----------------------------------
----------------------------------
| rollout/           |           |
|    ep_len_mean     | 632       |
|    ep_rew_mean     | -3.14e+07 |
| time/              |           |
|    fps             | 1725      |
|    time_elapsed    | 394       |
|    total_timesteps | 680000    |
----------------------------------
----------------------------------
| rollout/           |           |
|    ep_len_mean     | 732       |
|    ep_rew_mean     | -3.65e+07 |
| time/              |           |
|    fps             | 1725      |
|    time_elapsed    | 399       |
|    total_timesteps | 690000    |
----------------------------------
----------------------------------
| rollout/           |           |
|    ep_len_mean     | 773       |
|    ep_rew_mean     | -3.85e+07 |
| time/              |           |
|    fps             | 1725      |
|    time_elapsed    | 405       |
|    total_timesteps | 700000    |
----------------------------------
----------------------------------
| rollout/           |           |
|    ep_len_mean     | 210       |
|    ep_rew_mean     | -1.03e+07 |
|    return_std      | 2.21e+07  |
| time/              |           |
|    fps             | 1725      |
|    time_elapsed    | 411       |
|    total_timesteps | 710000    |
| train/             |           |
|    delta_std       | 0.05      |
|    iterations      | 14        |
|    learning_rate   | 0.0018    |
|    step_size       | 1.02e-11  |
----------------------------------
----------------------------------
| rollout/           |           |
|    ep_len_mean     | 436       |
|    ep_rew_mean     | -2.17e+07 |
| time/              |           |
|    fps             | 1725      |
|    time_elapsed    | 417       |
|    total_timesteps | 720000    |
----------------------------------
----------------------------------
| rollout/           |           |
|    ep_len_mean     | 551       |
|    ep_rew_mean     | -2.74e+07 |
| time/              |           |
|    fps             | 1725      |
|    time_elapsed    | 422       |
|    total_timesteps | 730000    |
----------------------------------
----------------------------------
| rollout/           |           |
|    ep_len_mean     | 620       |
|    ep_rew_mean     | -3.08e+07 |
| time/              |           |
|    fps             | 1726      |
|    time_elapsed    | 428       |
|    total_timesteps | 740000    |
----------------------------------
----------------------------------
| rollout/           |           |
|    ep_len_mean     | 1e+03     |
|    ep_rew_mean     | -4.99e+07 |
|    return_std      | 2.48e+07  |
| time/              |           |
|    fps             | 1726      |
|    time_elapsed    | 434       |
|    total_timesteps | 750000    |
| train/             |           |
|    delta_std       | 0.05      |
|    iterations      | 15        |
|    learning_rate   | 0.0018    |
|    step_size       | 9.08e-12  |
----------------------------------
---------------------------------
| rollout/           |          |
|    ep_len_mean     | 1e+03    |
|    ep_rew_mean     | -5e+07   |
| time/              |          |
|    fps             | 1726     |
|    time_elapsed    | 440      |
|    total_timesteps | 760000   |
---------------------------------
----------------------------------
| rollout/           |           |
|    ep_len_mean     | 858       |
|    ep_rew_mean     | -4.29e+07 |
| time/              |           |
|    fps             | 1726      |
|    time_elapsed    | 445       |
|    total_timesteps | 770000    |
----------------------------------
----------------------------------
| rollout/           |           |
|    ep_len_mean     | 890       |
|    ep_rew_mean     | -4.45e+07 |
| time/              |           |
|    fps             | 1727      |
|    time_elapsed    | 451       |
|    total_timesteps | 780000    |
----------------------------------
----------------------------------
| rollout/           |           |
|    ep_len_mean     | 788       |
|    ep_rew_mean     | -3.94e+07 |
| time/              |           |
|    fps             | 1727      |
|    time_elapsed    | 457       |
|    total_timesteps | 790000    |
----------------------------------
----------------------------------
| rollout/           |           |
|    ep_len_mean     | 508       |
|    ep_rew_mean     | -2.54e+07 |
|    return_std      | 2.23e+07  |
| time/              |           |
|    fps             | 1727      |
|    time_elapsed    | 463       |
|    total_timesteps | 800000    |
| train/             |           |
|    delta_std       | 0.05      |
|    iterations      | 16        |
|    learning_rate   | 0.0018    |
|    step_size       | 1.01e-11  |
----------------------------------
----------------------------------
| rollout/           |           |
|    ep_len_mean     | 803       |
|    ep_rew_mean     | -4.01e+07 |
| time/              |           |
|    fps             | 1727      |
|    time_elapsed    | 468       |
|    total_timesteps | 810000    |
----------------------------------
----------------------------------
| rollout/           |           |
|    ep_len_mean     | 754       |
|    ep_rew_mean     | -3.76e+07 |
| time/              |           |
|    fps             | 1727      |
|    time_elapsed    | 474       |
|    total_timesteps | 820000    |
----------------------------------
----------------------------------
| rollout/           |           |
|    ep_len_mean     | 697       |
|    ep_rew_mean     | -3.47e+07 |
| time/              |           |
|    fps             | 1728      |
|    time_elapsed    | 480       |
|    total_timesteps | 830000    |
----------------------------------
----------------------------------
| rollout/           |           |
|    ep_len_mean     | 737       |
|    ep_rew_mean     | -3.68e+07 |
| time/              |           |
|    fps             | 1728      |
|    time_elapsed    | 485       |
|    total_timesteps | 840000    |
----------------------------------
----------------------------------
| rollout/           |           |
|    ep_len_mean     | 506       |
|    ep_rew_mean     | -2.52e+07 |
|    return_std      | 2.22e+07  |
| time/              |           |
|    fps             | 1728      |
|    time_elapsed    | 491       |
|    total_timesteps | 850000    |
| train/             |           |
|    delta_std       | 0.05      |
|    iterations      | 17        |
|    learning_rate   | 0.0018    |
|    step_size       | 1.01e-11  |
----------------------------------
----------------------------------
| rollout/           |           |
|    ep_len_mean     | 578       |
|    ep_rew_mean     | -2.88e+07 |
| time/              |           |
|    fps             | 1729      |
|    time_elapsed    | 497       |
|    total_timesteps | 860000    |
----------------------------------
----------------------------------
| rollout/           |           |
|    ep_len_mean     | 545       |
|    ep_rew_mean     | -2.71e+07 |
| time/              |           |
|    fps             | 1729      |
|    time_elapsed    | 503       |
|    total_timesteps | 870000    |
----------------------------------
----------------------------------
| rollout/           |           |
|    ep_len_mean     | 606       |
|    ep_rew_mean     | -3.02e+07 |
| time/              |           |
|    fps             | 1729      |
|    time_elapsed    | 508       |
|    total_timesteps | 880000    |
----------------------------------
----------------------------------
| rollout/           |           |
|    ep_len_mean     | 413       |
|    ep_rew_mean     | -2.03e+07 |
|    return_std      | 2.48e+07  |
| time/              |           |
|    fps             | 1729      |
|    time_elapsed    | 514       |
|    total_timesteps | 890000    |
| train/             |           |
|    delta_std       | 0.05      |
|    iterations      | 18        |
|    learning_rate   | 0.0018    |
|    step_size       | 9.07e-12  |
----------------------------------
----------------------------------
| rollout/           |           |
|    ep_len_mean     | 510       |
|    ep_rew_mean     | -2.53e+07 |
| time/              |           |
|    fps             | 1730      |
|    time_elapsed    | 520       |
|    total_timesteps | 900000    |
----------------------------------
----------------------------------
| rollout/           |           |
|    ep_len_mean     | 593       |
|    ep_rew_mean     | -2.94e+07 |
| time/              |           |
|    fps             | 1730      |
|    time_elapsed    | 525       |
|    total_timesteps | 910000    |
----------------------------------
----------------------------------
| rollout/           |           |
|    ep_len_mean     | 651       |
|    ep_rew_mean     | -3.23e+07 |
| time/              |           |
|    fps             | 1730      |
|    time_elapsed    | 531       |
|    total_timesteps | 920000    |
----------------------------------
----------------------------------
| rollout/           |           |
|    ep_len_mean     | 504       |
|    ep_rew_mean     | -2.52e+07 |
|    return_std      | 2.35e+07  |
| time/              |           |
|    fps             | 1730      |
|    time_elapsed    | 537       |
|    total_timesteps | 930000    |
| train/             |           |
|    delta_std       | 0.05      |
|    iterations      | 19        |
|    learning_rate   | 0.0018    |
|    step_size       | 9.56e-12  |
----------------------------------
----------------------------------
| rollout/           |           |
|    ep_len_mean     | 506       |
|    ep_rew_mean     | -2.52e+07 |
| time/              |           |
|    fps             | 1730      |
|    time_elapsed    | 543       |
|    total_timesteps | 940000    |
----------------------------------
---------------------------------
| rollout/           |          |
|    ep_len_mean     | 463      |
|    ep_rew_mean     | -2.3e+07 |
| time/              |          |
|    fps             | 1730     |
|    time_elapsed    | 548      |
|    total_timesteps | 950000   |
---------------------------------
----------------------------------
| rollout/           |           |
|    ep_len_mean     | 8         |
|    ep_rew_mean     | -1.75e+05 |
|    return_std      | 2.55e+07  |
| time/              |           |
|    fps             | 1730      |
|    time_elapsed    | 554       |
|    total_timesteps | 960000    |
| train/             |           |
|    delta_std       | 0.05      |
|    iterations      | 20        |
|    learning_rate   | 0.0018    |
|    step_size       | 8.83e-12  |
----------------------------------
----------------------------------
| rollout/           |           |
|    ep_len_mean     | 669       |
|    ep_rew_mean     | -3.34e+07 |
| time/              |           |
|    fps             | 1731      |
|    time_elapsed    | 560       |
|    total_timesteps | 970000    |
----------------------------------
----------------------------------
| rollout/           |           |
|    ep_len_mean     | 718       |
|    ep_rew_mean     | -3.59e+07 |
| time/              |           |
|    fps             | 1731      |
|    time_elapsed    | 566       |
|    total_timesteps | 980000    |
----------------------------------
---------------------------------
| rollout/           |          |
|    ep_len_mean     | 780      |
|    ep_rew_mean     | -3.9e+07 |
| time/              |          |
|    fps             | 1731     |
|    time_elapsed    | 571      |
|    total_timesteps | 990000   |
---------------------------------
----------------------------------
| rollout/           |           |
|    ep_len_mean     | 835       |
|    ep_rew_mean     | -4.18e+07 |
| time/              |           |
|    fps             | 1732      |
|    time_elapsed    | 577       |
|    total_timesteps | 1000000   |
----------------------------------
----------------------------------
| rollout/           |           |
|    ep_len_mean     | 859       |
|    ep_rew_mean     | -4.29e+07 |
| time/              |           |
|    fps             | 1733      |
|    time_elapsed    | 582       |
|    total_timesteps | 1010000   |
----------------------------------
Training ended on Tue Jan 27 16:29:57 2026
Training lasted 0:09:45.125247
