Logging to training_random_logs/5_robots/logs/A2C_set1
Using cpu device
Training started on Tue Jan 27 16:21:15 2026
Experiment configuration: {'algorithm': 'A2C', 'set': 1, 'verbose': 1, 'steps': 1000000, 'num_robots': 5, 'num_envs': 4, 'seed': 33, 'log_steps': 10000, 'resume': False, 'device': 'cpu'}
-------------------------------------
| rollout/              |           |
|    ep_len_mean        | 39.4      |
|    ep_rew_mean        | -6.6e+05  |
| time/                 |           |
|    fps                | 1366      |
|    time_elapsed       | 7         |
|    total_timesteps    | 10000     |
| train/                |           |
|    entropy_loss       | -21.3     |
|    explained_variance | 1.91e-06  |
|    learning_rate      | 0.0001    |
|    n_updates          | 124       |
|    policy_loss        | -1.67e+06 |
|    std                | 1         |
|    value_loss         | 7.06e+09  |
-------------------------------------
-------------------------------------
| rollout/              |           |
|    ep_len_mean        | 37.7      |
|    ep_rew_mean        | -6.27e+05 |
| time/                 |           |
|    fps                | 1416      |
|    time_elapsed       | 14        |
|    total_timesteps    | 20000     |
| train/                |           |
|    entropy_loss       | -21.3     |
|    explained_variance | -4.05e-06 |
|    learning_rate      | 0.0001    |
|    n_updates          | 249       |
|    policy_loss        | -1.84e+06 |
|    std                | 1         |
|    value_loss         | 9.1e+09   |
-------------------------------------
-------------------------------------
| rollout/              |           |
|    ep_len_mean        | 35.1      |
|    ep_rew_mean        | -5.8e+05  |
| time/                 |           |
|    fps                | 1425      |
|    time_elapsed       | 21        |
|    total_timesteps    | 30000     |
| train/                |           |
|    entropy_loss       | -21.3     |
|    explained_variance | -2.38e-07 |
|    learning_rate      | 0.0001    |
|    n_updates          | 374       |
|    policy_loss        | -1.71e+06 |
|    std                | 1         |
|    value_loss         | 7.14e+09  |
-------------------------------------
-------------------------------------
| rollout/              |           |
|    ep_len_mean        | 40        |
|    ep_rew_mean        | -6.42e+05 |
| time/                 |           |
|    fps                | 1433      |
|    time_elapsed       | 27        |
|    total_timesteps    | 40000     |
| train/                |           |
|    entropy_loss       | -21.3     |
|    explained_variance | -1.19e-06 |
|    learning_rate      | 0.0001    |
|    n_updates          | 499       |
|    policy_loss        | -1.82e+06 |
|    std                | 1         |
|    value_loss         | 8.21e+09  |
-------------------------------------
-------------------------------------
| rollout/              |           |
|    ep_len_mean        | 34.9      |
|    ep_rew_mean        | -5.66e+05 |
| time/                 |           |
|    fps                | 1424      |
|    time_elapsed       | 35        |
|    total_timesteps    | 50000     |
| train/                |           |
|    entropy_loss       | -21.3     |
|    explained_variance | 0         |
|    learning_rate      | 0.0001    |
|    n_updates          | 624       |
|    policy_loss        | -1.71e+06 |
|    std                | 1         |
|    value_loss         | 7.4e+09   |
-------------------------------------
-------------------------------------
| rollout/              |           |
|    ep_len_mean        | 36.3      |
|    ep_rew_mean        | -5.94e+05 |
| time/                 |           |
|    fps                | 1418      |
|    time_elapsed       | 42        |
|    total_timesteps    | 60000     |
| train/                |           |
|    entropy_loss       | -21.3     |
|    explained_variance | -1.19e-07 |
|    learning_rate      | 0.0001    |
|    n_updates          | 749       |
|    policy_loss        | -1.51e+06 |
|    std                | 1         |
|    value_loss         | 5.72e+09  |
-------------------------------------
-------------------------------------
| rollout/              |           |
|    ep_len_mean        | 33        |
|    ep_rew_mean        | -5.34e+05 |
| time/                 |           |
|    fps                | 1413      |
|    time_elapsed       | 49        |
|    total_timesteps    | 70000     |
| train/                |           |
|    entropy_loss       | -21.3     |
|    explained_variance | -1.19e-07 |
|    learning_rate      | 0.0001    |
|    n_updates          | 874       |
|    policy_loss        | -1.66e+06 |
|    std                | 1         |
|    value_loss         | 7.04e+09  |
-------------------------------------
-------------------------------------
| rollout/              |           |
|    ep_len_mean        | 29.9      |
|    ep_rew_mean        | -4.87e+05 |
| time/                 |           |
|    fps                | 1413      |
|    time_elapsed       | 56        |
|    total_timesteps    | 80000     |
| train/                |           |
|    entropy_loss       | -21.3     |
|    explained_variance | 0         |
|    learning_rate      | 0.0001    |
|    n_updates          | 999       |
|    policy_loss        | -2.04e+06 |
|    std                | 1         |
|    value_loss         | 1.01e+10  |
-------------------------------------
-------------------------------------
| rollout/              |           |
|    ep_len_mean        | 30.5      |
|    ep_rew_mean        | -4.97e+05 |
| time/                 |           |
|    fps                | 1419      |
|    time_elapsed       | 63        |
|    total_timesteps    | 90000     |
| train/                |           |
|    entropy_loss       | -21.3     |
|    explained_variance | 0         |
|    learning_rate      | 0.0001    |
|    n_updates          | 1124      |
|    policy_loss        | -1.7e+06  |
|    std                | 1         |
|    value_loss         | 7.48e+09  |
-------------------------------------
-------------------------------------
| rollout/              |           |
|    ep_len_mean        | 33.6      |
|    ep_rew_mean        | -5.41e+05 |
| time/                 |           |
|    fps                | 1422      |
|    time_elapsed       | 70        |
|    total_timesteps    | 100000    |
| train/                |           |
|    entropy_loss       | -21.3     |
|    explained_variance | 1.19e-07  |
|    learning_rate      | 0.0001    |
|    n_updates          | 1249      |
|    policy_loss        | -1.56e+06 |
|    std                | 1         |
|    value_loss         | 6.28e+09  |
-------------------------------------
-------------------------------------
| rollout/              |           |
|    ep_len_mean        | 28.4      |
|    ep_rew_mean        | -4.63e+05 |
| time/                 |           |
|    fps                | 1426      |
|    time_elapsed       | 77        |
|    total_timesteps    | 110000    |
| train/                |           |
|    entropy_loss       | -21.3     |
|    explained_variance | 0         |
|    learning_rate      | 0.0001    |
|    n_updates          | 1374      |
|    policy_loss        | -1.64e+06 |
|    std                | 1         |
|    value_loss         | 7.29e+09  |
-------------------------------------
-------------------------------------
| rollout/              |           |
|    ep_len_mean        | 29.7      |
|    ep_rew_mean        | -4.81e+05 |
| time/                 |           |
|    fps                | 1428      |
|    time_elapsed       | 83        |
|    total_timesteps    | 120000    |
| train/                |           |
|    entropy_loss       | -21.3     |
|    explained_variance | -1.19e-07 |
|    learning_rate      | 0.0001    |
|    n_updates          | 1499      |
|    policy_loss        | -1.62e+06 |
|    std                | 1         |
|    value_loss         | 6.3e+09   |
-------------------------------------
-------------------------------------
| rollout/              |           |
|    ep_len_mean        | 33.3      |
|    ep_rew_mean        | -5.35e+05 |
| time/                 |           |
|    fps                | 1430      |
|    time_elapsed       | 90        |
|    total_timesteps    | 130000    |
| train/                |           |
|    entropy_loss       | -21.3     |
|    explained_variance | 0         |
|    learning_rate      | 0.0001    |
|    n_updates          | 1624      |
|    policy_loss        | -1.67e+06 |
|    std                | 0.999     |
|    value_loss         | 7.49e+09  |
-------------------------------------
-------------------------------------
| rollout/              |           |
|    ep_len_mean        | 31.8      |
|    ep_rew_mean        | -5.13e+05 |
| time/                 |           |
|    fps                | 1433      |
|    time_elapsed       | 97        |
|    total_timesteps    | 140000    |
| train/                |           |
|    entropy_loss       | -21.3     |
|    explained_variance | 0         |
|    learning_rate      | 0.0001    |
|    n_updates          | 1749      |
|    policy_loss        | -1.63e+06 |
|    std                | 0.999     |
|    value_loss         | 7.23e+09  |
-------------------------------------
-------------------------------------
| rollout/              |           |
|    ep_len_mean        | 35.6      |
|    ep_rew_mean        | -5.66e+05 |
| time/                 |           |
|    fps                | 1434      |
|    time_elapsed       | 104       |
|    total_timesteps    | 150000    |
| train/                |           |
|    entropy_loss       | -21.3     |
|    explained_variance | -1.19e-07 |
|    learning_rate      | 0.0001    |
|    n_updates          | 1874      |
|    policy_loss        | -1.65e+06 |
|    std                | 0.999     |
|    value_loss         | 6.8e+09   |
-------------------------------------
-------------------------------------
| rollout/              |           |
|    ep_len_mean        | 28.8      |
|    ep_rew_mean        | -4.68e+05 |
| time/                 |           |
|    fps                | 1434      |
|    time_elapsed       | 111       |
|    total_timesteps    | 160000    |
| train/                |           |
|    entropy_loss       | -21.3     |
|    explained_variance | -1.19e-07 |
|    learning_rate      | 0.0001    |
|    n_updates          | 1999      |
|    policy_loss        | -1.59e+06 |
|    std                | 0.998     |
|    value_loss         | 6.16e+09  |
-------------------------------------
-------------------------------------
| rollout/              |           |
|    ep_len_mean        | 31.7      |
|    ep_rew_mean        | -5.1e+05  |
| time/                 |           |
|    fps                | 1435      |
|    time_elapsed       | 118       |
|    total_timesteps    | 170000    |
| train/                |           |
|    entropy_loss       | -21.3     |
|    explained_variance | 1.19e-07  |
|    learning_rate      | 0.0001    |
|    n_updates          | 2124      |
|    policy_loss        | -1.71e+06 |
|    std                | 0.998     |
|    value_loss         | 7.36e+09  |
-------------------------------------
-------------------------------------
| rollout/              |           |
|    ep_len_mean        | 29.6      |
|    ep_rew_mean        | -4.78e+05 |
| time/                 |           |
|    fps                | 1436      |
|    time_elapsed       | 125       |
|    total_timesteps    | 180000    |
| train/                |           |
|    entropy_loss       | -21.3     |
|    explained_variance | 2.38e-07  |
|    learning_rate      | 0.0001    |
|    n_updates          | 2249      |
|    policy_loss        | -1.76e+06 |
|    std                | 0.998     |
|    value_loss         | 7.83e+09  |
-------------------------------------
-------------------------------------
| rollout/              |           |
|    ep_len_mean        | 29.6      |
|    ep_rew_mean        | -4.7e+05  |
| time/                 |           |
|    fps                | 1436      |
|    time_elapsed       | 132       |
|    total_timesteps    | 190000    |
| train/                |           |
|    entropy_loss       | -21.3     |
|    explained_variance | 1.79e-07  |
|    learning_rate      | 0.0001    |
|    n_updates          | 2374      |
|    policy_loss        | -1.57e+06 |
|    std                | 0.998     |
|    value_loss         | 6.29e+09  |
-------------------------------------
-------------------------------------
| rollout/              |           |
|    ep_len_mean        | 31.2      |
|    ep_rew_mean        | -4.94e+05 |
| time/                 |           |
|    fps                | 1435      |
|    time_elapsed       | 139       |
|    total_timesteps    | 200000    |
| train/                |           |
|    entropy_loss       | -21.3     |
|    explained_variance | 0         |
|    learning_rate      | 0.0001    |
|    n_updates          | 2499      |
|    policy_loss        | -1.72e+06 |
|    std                | 0.999     |
|    value_loss         | 7.29e+09  |
-------------------------------------
-------------------------------------
| rollout/              |           |
|    ep_len_mean        | 28.6      |
|    ep_rew_mean        | -4.55e+05 |
| time/                 |           |
|    fps                | 1434      |
|    time_elapsed       | 146       |
|    total_timesteps    | 210000    |
| train/                |           |
|    entropy_loss       | -21.3     |
|    explained_variance | 0         |
|    learning_rate      | 0.0001    |
|    n_updates          | 2624      |
|    policy_loss        | -1.62e+06 |
|    std                | 0.999     |
|    value_loss         | 6.81e+09  |
-------------------------------------
-------------------------------------
| rollout/              |           |
|    ep_len_mean        | 29.7      |
|    ep_rew_mean        | -4.67e+05 |
| time/                 |           |
|    fps                | 1435      |
|    time_elapsed       | 153       |
|    total_timesteps    | 220000    |
| train/                |           |
|    entropy_loss       | -21.3     |
|    explained_variance | -2.38e-07 |
|    learning_rate      | 0.0001    |
|    n_updates          | 2749      |
|    policy_loss        | -1.57e+06 |
|    std                | 0.999     |
|    value_loss         | 6.27e+09  |
-------------------------------------
------------------------------------
| rollout/              |          |
|    ep_len_mean        | 29.4     |
|    ep_rew_mean        | -4.8e+05 |
| time/                 |          |
|    fps                | 1433     |
|    time_elapsed       | 160      |
|    total_timesteps    | 230000   |
| train/                |          |
|    entropy_loss       | -21.3    |
|    explained_variance | 0        |
|    learning_rate      | 0.0001   |
|    n_updates          | 2874     |
|    policy_loss        | -1.8e+06 |
|    std                | 0.999    |
|    value_loss         | 8.13e+09 |
------------------------------------
-------------------------------------
| rollout/              |           |
|    ep_len_mean        | 32.6      |
|    ep_rew_mean        | -5.11e+05 |
| time/                 |           |
|    fps                | 1432      |
|    time_elapsed       | 167       |
|    total_timesteps    | 240000    |
| train/                |           |
|    entropy_loss       | -21.3     |
|    explained_variance | 2.98e-07  |
|    learning_rate      | 0.0001    |
|    n_updates          | 2999      |
|    policy_loss        | -1.58e+06 |
|    std                | 0.999     |
|    value_loss         | 6.16e+09  |
-------------------------------------
-------------------------------------
| rollout/              |           |
|    ep_len_mean        | 30        |
|    ep_rew_mean        | -4.86e+05 |
| time/                 |           |
|    fps                | 1431      |
|    time_elapsed       | 174       |
|    total_timesteps    | 250000    |
| train/                |           |
|    entropy_loss       | -21.3     |
|    explained_variance | 1.79e-07  |
|    learning_rate      | 0.0001    |
|    n_updates          | 3124      |
|    policy_loss        | -1.63e+06 |
|    std                | 0.999     |
|    value_loss         | 6.77e+09  |
-------------------------------------
-------------------------------------
| rollout/              |           |
|    ep_len_mean        | 25.6      |
|    ep_rew_mean        | -4.14e+05 |
| time/                 |           |
|    fps                | 1433      |
|    time_elapsed       | 181       |
|    total_timesteps    | 260000    |
| train/                |           |
|    entropy_loss       | -21.3     |
|    explained_variance | 1.19e-07  |
|    learning_rate      | 0.0001    |
|    n_updates          | 3249      |
|    policy_loss        | -1.65e+06 |
|    std                | 0.999     |
|    value_loss         | 6.66e+09  |
-------------------------------------
-------------------------------------
| rollout/              |           |
|    ep_len_mean        | 29.8      |
|    ep_rew_mean        | -4.7e+05  |
| time/                 |           |
|    fps                | 1435      |
|    time_elapsed       | 188       |
|    total_timesteps    | 270000    |
| train/                |           |
|    entropy_loss       | -21.3     |
|    explained_variance | 5.96e-08  |
|    learning_rate      | 0.0001    |
|    n_updates          | 3374      |
|    policy_loss        | -1.53e+06 |
|    std                | 0.999     |
|    value_loss         | 6.14e+09  |
-------------------------------------
-------------------------------------
| rollout/              |           |
|    ep_len_mean        | 29.6      |
|    ep_rew_mean        | -4.65e+05 |
| time/                 |           |
|    fps                | 1436      |
|    time_elapsed       | 194       |
|    total_timesteps    | 280000    |
| train/                |           |
|    entropy_loss       | -21.3     |
|    explained_variance | 5.96e-08  |
|    learning_rate      | 0.0001    |
|    n_updates          | 3499      |
|    policy_loss        | -1.59e+06 |
|    std                | 0.999     |
|    value_loss         | 6.38e+09  |
-------------------------------------
-------------------------------------
| rollout/              |           |
|    ep_len_mean        | 25.1      |
|    ep_rew_mean        | -3.99e+05 |
| time/                 |           |
|    fps                | 1436      |
|    time_elapsed       | 201       |
|    total_timesteps    | 290000    |
| train/                |           |
|    entropy_loss       | -21.3     |
|    explained_variance | 1.79e-07  |
|    learning_rate      | 0.0001    |
|    n_updates          | 3624      |
|    policy_loss        | -1.69e+06 |
|    std                | 0.999     |
|    value_loss         | 6.83e+09  |
-------------------------------------
-------------------------------------
| rollout/              |           |
|    ep_len_mean        | 29.2      |
|    ep_rew_mean        | -4.61e+05 |
| time/                 |           |
|    fps                | 1437      |
|    time_elapsed       | 208       |
|    total_timesteps    | 300000    |
| train/                |           |
|    entropy_loss       | -21.3     |
|    explained_variance | 2.38e-07  |
|    learning_rate      | 0.0001    |
|    n_updates          | 3749      |
|    policy_loss        | -1.59e+06 |
|    std                | 0.999     |
|    value_loss         | 7e+09     |
-------------------------------------
-------------------------------------
| rollout/              |           |
|    ep_len_mean        | 29.1      |
|    ep_rew_mean        | -4.6e+05  |
| time/                 |           |
|    fps                | 1436      |
|    time_elapsed       | 215       |
|    total_timesteps    | 310000    |
| train/                |           |
|    entropy_loss       | -21.3     |
|    explained_variance | 2.38e-07  |
|    learning_rate      | 0.0001    |
|    n_updates          | 3874      |
|    policy_loss        | -1.64e+06 |
|    std                | 0.999     |
|    value_loss         | 6.81e+09  |
-------------------------------------
-------------------------------------
| rollout/              |           |
|    ep_len_mean        | 24.5      |
|    ep_rew_mean        | -3.99e+05 |
| time/                 |           |
|    fps                | 1437      |
|    time_elapsed       | 222       |
|    total_timesteps    | 320000    |
| train/                |           |
|    entropy_loss       | -21.3     |
|    explained_variance | 1.19e-07  |
|    learning_rate      | 0.0001    |
|    n_updates          | 3999      |
|    policy_loss        | -1.85e+06 |
|    std                | 0.999     |
|    value_loss         | 8.91e+09  |
-------------------------------------
-------------------------------------
| rollout/              |           |
|    ep_len_mean        | 31.2      |
|    ep_rew_mean        | -4.91e+05 |
| time/                 |           |
|    fps                | 1437      |
|    time_elapsed       | 229       |
|    total_timesteps    | 330000    |
| train/                |           |
|    entropy_loss       | -21.3     |
|    explained_variance | -1.19e-07 |
|    learning_rate      | 0.0001    |
|    n_updates          | 4124      |
|    policy_loss        | -1.55e+06 |
|    std                | 0.999     |
|    value_loss         | 6.63e+09  |
-------------------------------------
-------------------------------------
| rollout/              |           |
|    ep_len_mean        | 26.3      |
|    ep_rew_mean        | -4.23e+05 |
| time/                 |           |
|    fps                | 1439      |
|    time_elapsed       | 236       |
|    total_timesteps    | 340000    |
| train/                |           |
|    entropy_loss       | -21.3     |
|    explained_variance | 1.19e-07  |
|    learning_rate      | 0.0001    |
|    n_updates          | 4249      |
|    policy_loss        | -1.65e+06 |
|    std                | 0.999     |
|    value_loss         | 7.44e+09  |
-------------------------------------
-------------------------------------
| rollout/              |           |
|    ep_len_mean        | 34.6      |
|    ep_rew_mean        | -5.47e+05 |
| time/                 |           |
|    fps                | 1440      |
|    time_elapsed       | 242       |
|    total_timesteps    | 350000    |
| train/                |           |
|    entropy_loss       | -21.3     |
|    explained_variance | 0         |
|    learning_rate      | 0.0001    |
|    n_updates          | 4374      |
|    policy_loss        | -1.53e+06 |
|    std                | 0.998     |
|    value_loss         | 5.91e+09  |
-------------------------------------
-------------------------------------
| rollout/              |           |
|    ep_len_mean        | 26.6      |
|    ep_rew_mean        | -4.19e+05 |
| time/                 |           |
|    fps                | 1442      |
|    time_elapsed       | 249       |
|    total_timesteps    | 360000    |
| train/                |           |
|    entropy_loss       | -21.3     |
|    explained_variance | -1.19e-07 |
|    learning_rate      | 0.0001    |
|    n_updates          | 4499      |
|    policy_loss        | -1.6e+06  |
|    std                | 0.998     |
|    value_loss         | 6.25e+09  |
-------------------------------------
-------------------------------------
| rollout/              |           |
|    ep_len_mean        | 28.5      |
|    ep_rew_mean        | -4.58e+05 |
| time/                 |           |
|    fps                | 1443      |
|    time_elapsed       | 256       |
|    total_timesteps    | 370000    |
| train/                |           |
|    entropy_loss       | -21.3     |
|    explained_variance | -1.19e-07 |
|    learning_rate      | 0.0001    |
|    n_updates          | 4624      |
|    policy_loss        | -1.63e+06 |
|    std                | 0.998     |
|    value_loss         | 7.99e+09  |
-------------------------------------
-------------------------------------
| rollout/              |           |
|    ep_len_mean        | 33.2      |
|    ep_rew_mean        | -5.16e+05 |
| time/                 |           |
|    fps                | 1443      |
|    time_elapsed       | 263       |
|    total_timesteps    | 380000    |
| train/                |           |
|    entropy_loss       | -21.3     |
|    explained_variance | 0         |
|    learning_rate      | 0.0001    |
|    n_updates          | 4749      |
|    policy_loss        | -1.66e+06 |
|    std                | 0.998     |
|    value_loss         | 6.8e+09   |
-------------------------------------
-------------------------------------
| rollout/              |           |
|    ep_len_mean        | 29.8      |
|    ep_rew_mean        | -4.68e+05 |
| time/                 |           |
|    fps                | 1444      |
|    time_elapsed       | 270       |
|    total_timesteps    | 390000    |
| train/                |           |
|    entropy_loss       | -21.2     |
|    explained_variance | -2.38e-07 |
|    learning_rate      | 0.0001    |
|    n_updates          | 4874      |
|    policy_loss        | -1.6e+06  |
|    std                | 0.998     |
|    value_loss         | 6.58e+09  |
-------------------------------------
-------------------------------------
| rollout/              |           |
|    ep_len_mean        | 30        |
|    ep_rew_mean        | -4.7e+05  |
| time/                 |           |
|    fps                | 1444      |
|    time_elapsed       | 276       |
|    total_timesteps    | 400000    |
| train/                |           |
|    entropy_loss       | -21.2     |
|    explained_variance | -1.19e-07 |
|    learning_rate      | 0.0001    |
|    n_updates          | 4999      |
|    policy_loss        | -1.74e+06 |
|    std                | 0.997     |
|    value_loss         | 7.98e+09  |
-------------------------------------
-------------------------------------
| rollout/              |           |
|    ep_len_mean        | 26        |
|    ep_rew_mean        | -4.07e+05 |
| time/                 |           |
|    fps                | 1444      |
|    time_elapsed       | 283       |
|    total_timesteps    | 410000    |
| train/                |           |
|    entropy_loss       | -21.2     |
|    explained_variance | -1.19e-07 |
|    learning_rate      | 0.0001    |
|    n_updates          | 5124      |
|    policy_loss        | -1.47e+06 |
|    std                | 0.998     |
|    value_loss         | 5.92e+09  |
-------------------------------------
-------------------------------------
| rollout/              |           |
|    ep_len_mean        | 30.9      |
|    ep_rew_mean        | -4.77e+05 |
| time/                 |           |
|    fps                | 1444      |
|    time_elapsed       | 290       |
|    total_timesteps    | 420000    |
| train/                |           |
|    entropy_loss       | -21.3     |
|    explained_variance | -1.19e-07 |
|    learning_rate      | 0.0001    |
|    n_updates          | 5249      |
|    policy_loss        | -1.61e+06 |
|    std                | 0.998     |
|    value_loss         | 6.56e+09  |
-------------------------------------
-------------------------------------
| rollout/              |           |
|    ep_len_mean        | 26.1      |
|    ep_rew_mean        | -4.12e+05 |
| time/                 |           |
|    fps                | 1444      |
|    time_elapsed       | 297       |
|    total_timesteps    | 430000    |
| train/                |           |
|    entropy_loss       | -21.3     |
|    explained_variance | 0         |
|    learning_rate      | 0.0001    |
|    n_updates          | 5374      |
|    policy_loss        | -1.95e+06 |
|    std                | 0.998     |
|    value_loss         | 9.38e+09  |
-------------------------------------
-------------------------------------
| rollout/              |           |
|    ep_len_mean        | 30.2      |
|    ep_rew_mean        | -4.67e+05 |
| time/                 |           |
|    fps                | 1444      |
|    time_elapsed       | 304       |
|    total_timesteps    | 440000    |
| train/                |           |
|    entropy_loss       | -21.3     |
|    explained_variance | -2.38e-07 |
|    learning_rate      | 0.0001    |
|    n_updates          | 5499      |
|    policy_loss        | -1.53e+06 |
|    std                | 0.998     |
|    value_loss         | 6.16e+09  |
-------------------------------------
-------------------------------------
| rollout/              |           |
|    ep_len_mean        | 30.9      |
|    ep_rew_mean        | -4.78e+05 |
| time/                 |           |
|    fps                | 1444      |
|    time_elapsed       | 311       |
|    total_timesteps    | 450000    |
| train/                |           |
|    entropy_loss       | -21.3     |
|    explained_variance | -1.19e-07 |
|    learning_rate      | 0.0001    |
|    n_updates          | 5624      |
|    policy_loss        | -1.56e+06 |
|    std                | 0.998     |
|    value_loss         | 5.91e+09  |
-------------------------------------
-------------------------------------
| rollout/              |           |
|    ep_len_mean        | 29.7      |
|    ep_rew_mean        | -4.58e+05 |
| time/                 |           |
|    fps                | 1445      |
|    time_elapsed       | 318       |
|    total_timesteps    | 460000    |
| train/                |           |
|    entropy_loss       | -21.2     |
|    explained_variance | 0         |
|    learning_rate      | 0.0001    |
|    n_updates          | 5749      |
|    policy_loss        | -1.58e+06 |
|    std                | 0.997     |
|    value_loss         | 6.11e+09  |
-------------------------------------
-------------------------------------
| rollout/              |           |
|    ep_len_mean        | 28        |
|    ep_rew_mean        | -4.43e+05 |
| time/                 |           |
|    fps                | 1445      |
|    time_elapsed       | 325       |
|    total_timesteps    | 470000    |
| train/                |           |
|    entropy_loss       | -21.2     |
|    explained_variance | 0         |
|    learning_rate      | 0.0001    |
|    n_updates          | 5874      |
|    policy_loss        | -1.66e+06 |
|    std                | 0.997     |
|    value_loss         | 6.88e+09  |
-------------------------------------
-------------------------------------
| rollout/              |           |
|    ep_len_mean        | 28        |
|    ep_rew_mean        | -4.4e+05  |
| time/                 |           |
|    fps                | 1446      |
|    time_elapsed       | 331       |
|    total_timesteps    | 480000    |
| train/                |           |
|    entropy_loss       | -21.2     |
|    explained_variance | 0         |
|    learning_rate      | 0.0001    |
|    n_updates          | 5999      |
|    policy_loss        | -1.64e+06 |
|    std                | 0.997     |
|    value_loss         | 6.7e+09   |
-------------------------------------
-------------------------------------
| rollout/              |           |
|    ep_len_mean        | 27.9      |
|    ep_rew_mean        | -4.39e+05 |
| time/                 |           |
|    fps                | 1446      |
|    time_elapsed       | 338       |
|    total_timesteps    | 490000    |
| train/                |           |
|    entropy_loss       | -21.3     |
|    explained_variance | -1.19e-07 |
|    learning_rate      | 0.0001    |
|    n_updates          | 6124      |
|    policy_loss        | -1.54e+06 |
|    std                | 0.998     |
|    value_loss         | 5.74e+09  |
-------------------------------------
-------------------------------------
| rollout/              |           |
|    ep_len_mean        | 27.6      |
|    ep_rew_mean        | -4.35e+05 |
| time/                 |           |
|    fps                | 1447      |
|    time_elapsed       | 345       |
|    total_timesteps    | 500000    |
| train/                |           |
|    entropy_loss       | -21.3     |
|    explained_variance | 0         |
|    learning_rate      | 0.0001    |
|    n_updates          | 6249      |
|    policy_loss        | -1.6e+06  |
|    std                | 0.998     |
|    value_loss         | 7.12e+09  |
-------------------------------------
-------------------------------------
| rollout/              |           |
|    ep_len_mean        | 30.6      |
|    ep_rew_mean        | -4.72e+05 |
| time/                 |           |
|    fps                | 1448      |
|    time_elapsed       | 352       |
|    total_timesteps    | 510000    |
| train/                |           |
|    entropy_loss       | -21.3     |
|    explained_variance | 0         |
|    learning_rate      | 0.0001    |
|    n_updates          | 6374      |
|    policy_loss        | -1.59e+06 |
|    std                | 0.998     |
|    value_loss         | 6.45e+09  |
-------------------------------------
-------------------------------------
| rollout/              |           |
|    ep_len_mean        | 30.8      |
|    ep_rew_mean        | -4.76e+05 |
| time/                 |           |
|    fps                | 1448      |
|    time_elapsed       | 358       |
|    total_timesteps    | 520000    |
| train/                |           |
|    entropy_loss       | -21.3     |
|    explained_variance | 0         |
|    learning_rate      | 0.0001    |
|    n_updates          | 6499      |
|    policy_loss        | -1.69e+06 |
|    std                | 0.999     |
|    value_loss         | 7.31e+09  |
-------------------------------------
-------------------------------------
| rollout/              |           |
|    ep_len_mean        | 26.4      |
|    ep_rew_mean        | -4.14e+05 |
| time/                 |           |
|    fps                | 1449      |
|    time_elapsed       | 365       |
|    total_timesteps    | 530000    |
| train/                |           |
|    entropy_loss       | -21.3     |
|    explained_variance | 0         |
|    learning_rate      | 0.0001    |
|    n_updates          | 6624      |
|    policy_loss        | -1.89e+06 |
|    std                | 0.998     |
|    value_loss         | 8.41e+09  |
-------------------------------------
-------------------------------------
| rollout/              |           |
|    ep_len_mean        | 29        |
|    ep_rew_mean        | -4.48e+05 |
| time/                 |           |
|    fps                | 1449      |
|    time_elapsed       | 372       |
|    total_timesteps    | 540000    |
| train/                |           |
|    entropy_loss       | -21.3     |
|    explained_variance | 0         |
|    learning_rate      | 0.0001    |
|    n_updates          | 6749      |
|    policy_loss        | -1.62e+06 |
|    std                | 0.999     |
|    value_loss         | 7.04e+09  |
-------------------------------------
-------------------------------------
| rollout/              |           |
|    ep_len_mean        | 25.1      |
|    ep_rew_mean        | -3.98e+05 |
| time/                 |           |
|    fps                | 1450      |
|    time_elapsed       | 379       |
|    total_timesteps    | 550000    |
| train/                |           |
|    entropy_loss       | -21.3     |
|    explained_variance | 0         |
|    learning_rate      | 0.0001    |
|    n_updates          | 6874      |
|    policy_loss        | -1.82e+06 |
|    std                | 0.999     |
|    value_loss         | 7.84e+09  |
-------------------------------------
-------------------------------------
| rollout/              |           |
|    ep_len_mean        | 29        |
|    ep_rew_mean        | -4.51e+05 |
| time/                 |           |
|    fps                | 1451      |
|    time_elapsed       | 385       |
|    total_timesteps    | 560000    |
| train/                |           |
|    entropy_loss       | -21.3     |
|    explained_variance | 0         |
|    learning_rate      | 0.0001    |
|    n_updates          | 6999      |
|    policy_loss        | -1.89e+06 |
|    std                | 0.999     |
|    value_loss         | 9.13e+09  |
-------------------------------------
-------------------------------------
| rollout/              |           |
|    ep_len_mean        | 29.3      |
|    ep_rew_mean        | -4.54e+05 |
| time/                 |           |
|    fps                | 1452      |
|    time_elapsed       | 392       |
|    total_timesteps    | 570000    |
| train/                |           |
|    entropy_loss       | -21.3     |
|    explained_variance | 5.96e-08  |
|    learning_rate      | 0.0001    |
|    n_updates          | 7124      |
|    policy_loss        | -1.54e+06 |
|    std                | 0.999     |
|    value_loss         | 6.38e+09  |
-------------------------------------
-------------------------------------
| rollout/              |           |
|    ep_len_mean        | 32.4      |
|    ep_rew_mean        | -5.04e+05 |
| time/                 |           |
|    fps                | 1452      |
|    time_elapsed       | 399       |
|    total_timesteps    | 580000    |
| train/                |           |
|    entropy_loss       | -21.3     |
|    explained_variance | 5.96e-08  |
|    learning_rate      | 0.0001    |
|    n_updates          | 7249      |
|    policy_loss        | -1.49e+06 |
|    std                | 0.999     |
|    value_loss         | 5.7e+09   |
-------------------------------------
-------------------------------------
| rollout/              |           |
|    ep_len_mean        | 24.6      |
|    ep_rew_mean        | -3.85e+05 |
| time/                 |           |
|    fps                | 1453      |
|    time_elapsed       | 406       |
|    total_timesteps    | 590000    |
| train/                |           |
|    entropy_loss       | -21.3     |
|    explained_variance | 0         |
|    learning_rate      | 0.0001    |
|    n_updates          | 7374      |
|    policy_loss        | -1.75e+06 |
|    std                | 0.999     |
|    value_loss         | 7.69e+09  |
-------------------------------------
-------------------------------------
| rollout/              |           |
|    ep_len_mean        | 25.2      |
|    ep_rew_mean        | -4e+05    |
| time/                 |           |
|    fps                | 1453      |
|    time_elapsed       | 412       |
|    total_timesteps    | 600000    |
| train/                |           |
|    entropy_loss       | -21.3     |
|    explained_variance | 5.96e-08  |
|    learning_rate      | 0.0001    |
|    n_updates          | 7499      |
|    policy_loss        | -1.61e+06 |
|    std                | 0.998     |
|    value_loss         | 6.44e+09  |
-------------------------------------
-------------------------------------
| rollout/              |           |
|    ep_len_mean        | 27.6      |
|    ep_rew_mean        | -4.31e+05 |
| time/                 |           |
|    fps                | 1454      |
|    time_elapsed       | 419       |
|    total_timesteps    | 610000    |
| train/                |           |
|    entropy_loss       | -21.3     |
|    explained_variance | 1.79e-07  |
|    learning_rate      | 0.0001    |
|    n_updates          | 7624      |
|    policy_loss        | -1.56e+06 |
|    std                | 0.998     |
|    value_loss         | 6.24e+09  |
-------------------------------------
-------------------------------------
| rollout/              |           |
|    ep_len_mean        | 27.8      |
|    ep_rew_mean        | -4.31e+05 |
| time/                 |           |
|    fps                | 1454      |
|    time_elapsed       | 426       |
|    total_timesteps    | 620000    |
| train/                |           |
|    entropy_loss       | -21.2     |
|    explained_variance | 2.38e-07  |
|    learning_rate      | 0.0001    |
|    n_updates          | 7749      |
|    policy_loss        | -1.42e+06 |
|    std                | 0.998     |
|    value_loss         | 5.22e+09  |
-------------------------------------
-------------------------------------
| rollout/              |           |
|    ep_len_mean        | 27.5      |
|    ep_rew_mean        | -4.29e+05 |
| time/                 |           |
|    fps                | 1455      |
|    time_elapsed       | 432       |
|    total_timesteps    | 630000    |
| train/                |           |
|    entropy_loss       | -21.3     |
|    explained_variance | -1.19e-07 |
|    learning_rate      | 0.0001    |
|    n_updates          | 7874      |
|    policy_loss        | -1.46e+06 |
|    std                | 0.998     |
|    value_loss         | 5.62e+09  |
-------------------------------------
-------------------------------------
| rollout/              |           |
|    ep_len_mean        | 25.1      |
|    ep_rew_mean        | -3.91e+05 |
| time/                 |           |
|    fps                | 1455      |
|    time_elapsed       | 439       |
|    total_timesteps    | 640000    |
| train/                |           |
|    entropy_loss       | -21.3     |
|    explained_variance | 1.19e-07  |
|    learning_rate      | 0.0001    |
|    n_updates          | 7999      |
|    policy_loss        | -1.44e+06 |
|    std                | 0.998     |
|    value_loss         | 5.31e+09  |
-------------------------------------
-------------------------------------
| rollout/              |           |
|    ep_len_mean        | 23.4      |
|    ep_rew_mean        | -3.7e+05  |
| time/                 |           |
|    fps                | 1455      |
|    time_elapsed       | 446       |
|    total_timesteps    | 650000    |
| train/                |           |
|    entropy_loss       | -21.3     |
|    explained_variance | -2.38e-07 |
|    learning_rate      | 0.0001    |
|    n_updates          | 8124      |
|    policy_loss        | -1.75e+06 |
|    std                | 0.998     |
|    value_loss         | 7.17e+09  |
-------------------------------------
-------------------------------------
| rollout/              |           |
|    ep_len_mean        | 26.5      |
|    ep_rew_mean        | -4.11e+05 |
| time/                 |           |
|    fps                | 1454      |
|    time_elapsed       | 453       |
|    total_timesteps    | 660000    |
| train/                |           |
|    entropy_loss       | -21.3     |
|    explained_variance | 0         |
|    learning_rate      | 0.0001    |
|    n_updates          | 8249      |
|    policy_loss        | -1.64e+06 |
|    std                | 0.998     |
|    value_loss         | 6.61e+09  |
-------------------------------------
-------------------------------------
| rollout/              |           |
|    ep_len_mean        | 29.6      |
|    ep_rew_mean        | -4.51e+05 |
| time/                 |           |
|    fps                | 1453      |
|    time_elapsed       | 460       |
|    total_timesteps    | 670000    |
| train/                |           |
|    entropy_loss       | -21.3     |
|    explained_variance | 0         |
|    learning_rate      | 0.0001    |
|    n_updates          | 8374      |
|    policy_loss        | -1.54e+06 |
|    std                | 0.998     |
|    value_loss         | 6.09e+09  |
-------------------------------------
-------------------------------------
| rollout/              |           |
|    ep_len_mean        | 24.4      |
|    ep_rew_mean        | -3.78e+05 |
| time/                 |           |
|    fps                | 1453      |
|    time_elapsed       | 467       |
|    total_timesteps    | 680000    |
| train/                |           |
|    entropy_loss       | -21.3     |
|    explained_variance | 1.19e-07  |
|    learning_rate      | 0.0001    |
|    n_updates          | 8499      |
|    policy_loss        | -1.72e+06 |
|    std                | 0.998     |
|    value_loss         | 7.52e+09  |
-------------------------------------
-------------------------------------
| rollout/              |           |
|    ep_len_mean        | 24.2      |
|    ep_rew_mean        | -3.81e+05 |
| time/                 |           |
|    fps                | 1452      |
|    time_elapsed       | 475       |
|    total_timesteps    | 690000    |
| train/                |           |
|    entropy_loss       | -21.3     |
|    explained_variance | -1.19e-07 |
|    learning_rate      | 0.0001    |
|    n_updates          | 8624      |
|    policy_loss        | -1.83e+06 |
|    std                | 0.998     |
|    value_loss         | 8.98e+09  |
-------------------------------------
-------------------------------------
| rollout/              |           |
|    ep_len_mean        | 26.1      |
|    ep_rew_mean        | -4.03e+05 |
| time/                 |           |
|    fps                | 1451      |
|    time_elapsed       | 482       |
|    total_timesteps    | 700000    |
| train/                |           |
|    entropy_loss       | -21.3     |
|    explained_variance | 1.79e-07  |
|    learning_rate      | 0.0001    |
|    n_updates          | 8749      |
|    policy_loss        | -1.54e+06 |
|    std                | 0.998     |
|    value_loss         | 6.05e+09  |
-------------------------------------
-------------------------------------
| rollout/              |           |
|    ep_len_mean        | 23.7      |
|    ep_rew_mean        | -3.72e+05 |
| time/                 |           |
|    fps                | 1451      |
|    time_elapsed       | 489       |
|    total_timesteps    | 710000    |
| train/                |           |
|    entropy_loss       | -21.2     |
|    explained_variance | 0         |
|    learning_rate      | 0.0001    |
|    n_updates          | 8874      |
|    policy_loss        | -1.33e+06 |
|    std                | 0.998     |
|    value_loss         | 4.37e+09  |
-------------------------------------
-------------------------------------
| rollout/              |           |
|    ep_len_mean        | 25.1      |
|    ep_rew_mean        | -3.97e+05 |
| time/                 |           |
|    fps                | 1450      |
|    time_elapsed       | 496       |
|    total_timesteps    | 720000    |
| train/                |           |
|    entropy_loss       | -21.2     |
|    explained_variance | -1.19e-07 |
|    learning_rate      | 0.0001    |
|    n_updates          | 8999      |
|    policy_loss        | -1.82e+06 |
|    std                | 0.998     |
|    value_loss         | 7.88e+09  |
-------------------------------------
-------------------------------------
| rollout/              |           |
|    ep_len_mean        | 20.6      |
|    ep_rew_mean        | -3.32e+05 |
| time/                 |           |
|    fps                | 1450      |
|    time_elapsed       | 503       |
|    total_timesteps    | 730000    |
| train/                |           |
|    entropy_loss       | -21.3     |
|    explained_variance | 0         |
|    learning_rate      | 0.0001    |
|    n_updates          | 9124      |
|    policy_loss        | -1.52e+06 |
|    std                | 0.998     |
|    value_loss         | 6.01e+09  |
-------------------------------------
-------------------------------------
| rollout/              |           |
|    ep_len_mean        | 28.3      |
|    ep_rew_mean        | -4.32e+05 |
| time/                 |           |
|    fps                | 1449      |
|    time_elapsed       | 510       |
|    total_timesteps    | 740000    |
| train/                |           |
|    entropy_loss       | -21.3     |
|    explained_variance | -1.19e-07 |
|    learning_rate      | 0.0001    |
|    n_updates          | 9249      |
|    policy_loss        | -1.41e+06 |
|    std                | 0.998     |
|    value_loss         | 4.96e+09  |
-------------------------------------
-------------------------------------
| rollout/              |           |
|    ep_len_mean        | 27.9      |
|    ep_rew_mean        | -4.32e+05 |
| time/                 |           |
|    fps                | 1449      |
|    time_elapsed       | 517       |
|    total_timesteps    | 750000    |
| train/                |           |
|    entropy_loss       | -21.2     |
|    explained_variance | 0         |
|    learning_rate      | 0.0001    |
|    n_updates          | 9374      |
|    policy_loss        | -1.68e+06 |
|    std                | 0.998     |
|    value_loss         | 7.07e+09  |
-------------------------------------
------------------------------------
| rollout/              |          |
|    ep_len_mean        | 25.1     |
|    ep_rew_mean        | -3.9e+05 |
| time/                 |          |
|    fps                | 1448     |
|    time_elapsed       | 524      |
|    total_timesteps    | 760000   |
| train/                |          |
|    entropy_loss       | -21.3    |
|    explained_variance | 0        |
|    learning_rate      | 0.0001   |
|    n_updates          | 9499     |
|    policy_loss        | -1.4e+06 |
|    std                | 0.998    |
|    value_loss         | 5.32e+09 |
------------------------------------
-------------------------------------
| rollout/              |           |
|    ep_len_mean        | 26.8      |
|    ep_rew_mean        | -4.11e+05 |
| time/                 |           |
|    fps                | 1447      |
|    time_elapsed       | 531       |
|    total_timesteps    | 770000    |
| train/                |           |
|    entropy_loss       | -21.3     |
|    explained_variance | -2.38e-07 |
|    learning_rate      | 0.0001    |
|    n_updates          | 9624      |
|    policy_loss        | -1.55e+06 |
|    std                | 0.998     |
|    value_loss         | 5.94e+09  |
-------------------------------------
-------------------------------------
| rollout/              |           |
|    ep_len_mean        | 26        |
|    ep_rew_mean        | -4.04e+05 |
| time/                 |           |
|    fps                | 1447      |
|    time_elapsed       | 538       |
|    total_timesteps    | 780000    |
| train/                |           |
|    entropy_loss       | -21.3     |
|    explained_variance | 0         |
|    learning_rate      | 0.0001    |
|    n_updates          | 9749      |
|    policy_loss        | -1.56e+06 |
|    std                | 0.998     |
|    value_loss         | 6.68e+09  |
-------------------------------------
-------------------------------------
| rollout/              |           |
|    ep_len_mean        | 27.6      |
|    ep_rew_mean        | -4.23e+05 |
| time/                 |           |
|    fps                | 1446      |
|    time_elapsed       | 546       |
|    total_timesteps    | 790000    |
| train/                |           |
|    entropy_loss       | -21.3     |
|    explained_variance | 0         |
|    learning_rate      | 0.0001    |
|    n_updates          | 9874      |
|    policy_loss        | -1.47e+06 |
|    std                | 0.999     |
|    value_loss         | 5.69e+09  |
-------------------------------------
-------------------------------------
| rollout/              |           |
|    ep_len_mean        | 30.1      |
|    ep_rew_mean        | -4.59e+05 |
| time/                 |           |
|    fps                | 1445      |
|    time_elapsed       | 553       |
|    total_timesteps    | 800000    |
| train/                |           |
|    entropy_loss       | -21.3     |
|    explained_variance | 0         |
|    learning_rate      | 0.0001    |
|    n_updates          | 9999      |
|    policy_loss        | -1.54e+06 |
|    std                | 0.998     |
|    value_loss         | 6.22e+09  |
-------------------------------------
-------------------------------------
| rollout/              |           |
|    ep_len_mean        | 22.4      |
|    ep_rew_mean        | -3.55e+05 |
| time/                 |           |
|    fps                | 1444      |
|    time_elapsed       | 560       |
|    total_timesteps    | 810000    |
| train/                |           |
|    entropy_loss       | -21.3     |
|    explained_variance | 1.79e-07  |
|    learning_rate      | 0.0001    |
|    n_updates          | 10124     |
|    policy_loss        | -1.46e+06 |
|    std                | 0.998     |
|    value_loss         | 5.59e+09  |
-------------------------------------
-------------------------------------
| rollout/              |           |
|    ep_len_mean        | 23.1      |
|    ep_rew_mean        | -3.64e+05 |
| time/                 |           |
|    fps                | 1444      |
|    time_elapsed       | 567       |
|    total_timesteps    | 820000    |
| train/                |           |
|    entropy_loss       | -21.3     |
|    explained_variance | 0         |
|    learning_rate      | 0.0001    |
|    n_updates          | 10249     |
|    policy_loss        | -1.46e+06 |
|    std                | 0.999     |
|    value_loss         | 5.65e+09  |
-------------------------------------
-------------------------------------
| rollout/              |           |
|    ep_len_mean        | 24.5      |
|    ep_rew_mean        | -3.8e+05  |
| time/                 |           |
|    fps                | 1443      |
|    time_elapsed       | 574       |
|    total_timesteps    | 830000    |
| train/                |           |
|    entropy_loss       | -21.3     |
|    explained_variance | 0         |
|    learning_rate      | 0.0001    |
|    n_updates          | 10374     |
|    policy_loss        | -1.56e+06 |
|    std                | 0.999     |
|    value_loss         | 6.29e+09  |
-------------------------------------
-------------------------------------
| rollout/              |           |
|    ep_len_mean        | 26.4      |
|    ep_rew_mean        | -4.06e+05 |
| time/                 |           |
|    fps                | 1443      |
|    time_elapsed       | 581       |
|    total_timesteps    | 840000    |
| train/                |           |
|    entropy_loss       | -21.3     |
|    explained_variance | 0         |
|    learning_rate      | 0.0001    |
|    n_updates          | 10499     |
|    policy_loss        | -1.59e+06 |
|    std                | 0.999     |
|    value_loss         | 6.7e+09   |
-------------------------------------
-------------------------------------
| rollout/              |           |
|    ep_len_mean        | 27.4      |
|    ep_rew_mean        | -4.22e+05 |
| time/                 |           |
|    fps                | 1442      |
|    time_elapsed       | 589       |
|    total_timesteps    | 850000    |
| train/                |           |
|    entropy_loss       | -21.3     |
|    explained_variance | 0         |
|    learning_rate      | 0.0001    |
|    n_updates          | 10624     |
|    policy_loss        | -1.71e+06 |
|    std                | 0.999     |
|    value_loss         | 7.32e+09  |
-------------------------------------
-------------------------------------
| rollout/              |           |
|    ep_len_mean        | 25        |
|    ep_rew_mean        | -3.88e+05 |
| time/                 |           |
|    fps                | 1441      |
|    time_elapsed       | 596       |
|    total_timesteps    | 860000    |
| train/                |           |
|    entropy_loss       | -21.3     |
|    explained_variance | 0         |
|    learning_rate      | 0.0001    |
|    n_updates          | 10749     |
|    policy_loss        | -1.8e+06  |
|    std                | 0.999     |
|    value_loss         | 8.36e+09  |
-------------------------------------
-------------------------------------
| rollout/              |           |
|    ep_len_mean        | 27.9      |
|    ep_rew_mean        | -4.32e+05 |
| time/                 |           |
|    fps                | 1441      |
|    time_elapsed       | 603       |
|    total_timesteps    | 870000    |
| train/                |           |
|    entropy_loss       | -21.3     |
|    explained_variance | 0         |
|    learning_rate      | 0.0001    |
|    n_updates          | 10874     |
|    policy_loss        | -1.63e+06 |
|    std                | 0.999     |
|    value_loss         | 6.25e+09  |
-------------------------------------
-------------------------------------
| rollout/              |           |
|    ep_len_mean        | 26.3      |
|    ep_rew_mean        | -4.12e+05 |
| time/                 |           |
|    fps                | 1440      |
|    time_elapsed       | 610       |
|    total_timesteps    | 880000    |
| train/                |           |
|    entropy_loss       | -21.3     |
|    explained_variance | 5.96e-08  |
|    learning_rate      | 0.0001    |
|    n_updates          | 10999     |
|    policy_loss        | -1.51e+06 |
|    std                | 0.999     |
|    value_loss         | 5.73e+09  |
-------------------------------------
-------------------------------------
| rollout/              |           |
|    ep_len_mean        | 27.6      |
|    ep_rew_mean        | -4.3e+05  |
| time/                 |           |
|    fps                | 1440      |
|    time_elapsed       | 617       |
|    total_timesteps    | 890000    |
| train/                |           |
|    entropy_loss       | -21.3     |
|    explained_variance | 0         |
|    learning_rate      | 0.0001    |
|    n_updates          | 11124     |
|    policy_loss        | -1.64e+06 |
|    std                | 0.999     |
|    value_loss         | 6.87e+09  |
-------------------------------------
-------------------------------------
| rollout/              |           |
|    ep_len_mean        | 25.5      |
|    ep_rew_mean        | -3.98e+05 |
| time/                 |           |
|    fps                | 1441      |
|    time_elapsed       | 624       |
|    total_timesteps    | 900000    |
| train/                |           |
|    entropy_loss       | -21.3     |
|    explained_variance | 1.79e-07  |
|    learning_rate      | 0.0001    |
|    n_updates          | 11249     |
|    policy_loss        | -1.5e+06  |
|    std                | 0.999     |
|    value_loss         | 5.57e+09  |
-------------------------------------
-------------------------------------
| rollout/              |           |
|    ep_len_mean        | 25.6      |
|    ep_rew_mean        | -4.03e+05 |
| time/                 |           |
|    fps                | 1441      |
|    time_elapsed       | 631       |
|    total_timesteps    | 910000    |
| train/                |           |
|    entropy_loss       | -21.3     |
|    explained_variance | 0         |
|    learning_rate      | 0.0001    |
|    n_updates          | 11374     |
|    policy_loss        | -1.54e+06 |
|    std                | 1         |
|    value_loss         | 6.22e+09  |
-------------------------------------
-------------------------------------
| rollout/              |           |
|    ep_len_mean        | 26.4      |
|    ep_rew_mean        | -4.12e+05 |
| time/                 |           |
|    fps                | 1442      |
|    time_elapsed       | 637       |
|    total_timesteps    | 920000    |
| train/                |           |
|    entropy_loss       | -21.3     |
|    explained_variance | 0         |
|    learning_rate      | 0.0001    |
|    n_updates          | 11499     |
|    policy_loss        | -1.53e+06 |
|    std                | 1         |
|    value_loss         | 5.79e+09  |
-------------------------------------
-------------------------------------
| rollout/              |           |
|    ep_len_mean        | 27.7      |
|    ep_rew_mean        | -4.31e+05 |
| time/                 |           |
|    fps                | 1442      |
|    time_elapsed       | 644       |
|    total_timesteps    | 930000    |
| train/                |           |
|    entropy_loss       | -21.3     |
|    explained_variance | 2.38e-07  |
|    learning_rate      | 0.0001    |
|    n_updates          | 11624     |
|    policy_loss        | -1.66e+06 |
|    std                | 1         |
|    value_loss         | 7.23e+09  |
-------------------------------------
-------------------------------------
| rollout/              |           |
|    ep_len_mean        | 28        |
|    ep_rew_mean        | -4.32e+05 |
| time/                 |           |
|    fps                | 1442      |
|    time_elapsed       | 651       |
|    total_timesteps    | 940000    |
| train/                |           |
|    entropy_loss       | -21.3     |
|    explained_variance | 1.79e-07  |
|    learning_rate      | 0.0001    |
|    n_updates          | 11749     |
|    policy_loss        | -1.66e+06 |
|    std                | 0.999     |
|    value_loss         | 6.76e+09  |
-------------------------------------
-------------------------------------
| rollout/              |           |
|    ep_len_mean        | 24.2      |
|    ep_rew_mean        | -3.75e+05 |
| time/                 |           |
|    fps                | 1442      |
|    time_elapsed       | 658       |
|    total_timesteps    | 950000    |
| train/                |           |
|    entropy_loss       | -21.3     |
|    explained_variance | 0         |
|    learning_rate      | 0.0001    |
|    n_updates          | 11874     |
|    policy_loss        | -1.8e+06  |
|    std                | 1         |
|    value_loss         | 7.84e+09  |
-------------------------------------
-------------------------------------
| rollout/              |           |
|    ep_len_mean        | 21.3      |
|    ep_rew_mean        | -3.42e+05 |
| time/                 |           |
|    fps                | 1443      |
|    time_elapsed       | 665       |
|    total_timesteps    | 960000    |
| train/                |           |
|    entropy_loss       | -21.3     |
|    explained_variance | 1.19e-07  |
|    learning_rate      | 0.0001    |
|    n_updates          | 11999     |
|    policy_loss        | -1.41e+06 |
|    std                | 1         |
|    value_loss         | 4.92e+09  |
-------------------------------------
-------------------------------------
| rollout/              |           |
|    ep_len_mean        | 24.8      |
|    ep_rew_mean        | -3.86e+05 |
| time/                 |           |
|    fps                | 1443      |
|    time_elapsed       | 671       |
|    total_timesteps    | 970000    |
| train/                |           |
|    entropy_loss       | -21.3     |
|    explained_variance | 0         |
|    learning_rate      | 0.0001    |
|    n_updates          | 12124     |
|    policy_loss        | -1.59e+06 |
|    std                | 1         |
|    value_loss         | 6.23e+09  |
-------------------------------------
-------------------------------------
| rollout/              |           |
|    ep_len_mean        | 25.5      |
|    ep_rew_mean        | -3.87e+05 |
| time/                 |           |
|    fps                | 1443      |
|    time_elapsed       | 678       |
|    total_timesteps    | 980000    |
| train/                |           |
|    entropy_loss       | -21.3     |
|    explained_variance | 0         |
|    learning_rate      | 0.0001    |
|    n_updates          | 12249     |
|    policy_loss        | -1.53e+06 |
|    std                | 1         |
|    value_loss         | 6.23e+09  |
-------------------------------------
-------------------------------------
| rollout/              |           |
|    ep_len_mean        | 25.5      |
|    ep_rew_mean        | -3.93e+05 |
| time/                 |           |
|    fps                | 1444      |
|    time_elapsed       | 685       |
|    total_timesteps    | 990000    |
| train/                |           |
|    entropy_loss       | -21.3     |
|    explained_variance | -2.38e-07 |
|    learning_rate      | 0.0001    |
|    n_updates          | 12374     |
|    policy_loss        | -1.43e+06 |
|    std                | 1         |
|    value_loss         | 5.14e+09  |
-------------------------------------
-------------------------------------
| rollout/              |           |
|    ep_len_mean        | 24.1      |
|    ep_rew_mean        | -3.72e+05 |
| time/                 |           |
|    fps                | 1444      |
|    time_elapsed       | 692       |
|    total_timesteps    | 1000000   |
| train/                |           |
|    entropy_loss       | -21.3     |
|    explained_variance | -1.19e-07 |
|    learning_rate      | 0.0001    |
|    n_updates          | 12499     |
|    policy_loss        | -1.59e+06 |
|    std                | 1         |
|    value_loss         | 6.21e+09  |
-------------------------------------
Training ended on Tue Jan 27 16:32:47 2026
Training lasted 0:11:32.203449
