Logging to training_random_logs/5_robots/logs/ARS_set7
Using cpu device
Training started on Tue Jan 27 16:19:09 2026
Experiment configuration: {'algorithm': 'ARS', 'set': 7, 'verbose': 1, 'steps': 1000000, 'num_robots': 5, 'num_envs': 4, 'seed': 33, 'log_steps': 10000, 'resume': False, 'device': 'cpu'}
----------------------------------
| rollout/           |           |
|    ep_len_mean     | 671       |
|    ep_rew_mean     | -3.37e+07 |
| time/              |           |
|    fps             | 1680      |
|    time_elapsed    | 5         |
|    total_timesteps | 10000     |
----------------------------------
----------------------------------
| rollout/           |           |
|    ep_len_mean     | 802       |
|    ep_rew_mean     | -4.03e+07 |
| time/              |           |
|    fps             | 1687      |
|    time_elapsed    | 11        |
|    total_timesteps | 20000     |
----------------------------------
----------------------------------
| rollout/           |           |
|    ep_len_mean     | 703       |
|    ep_rew_mean     | -3.53e+07 |
| time/              |           |
|    fps             | 1684      |
|    time_elapsed    | 17        |
|    total_timesteps | 30000     |
----------------------------------
----------------------------------
| rollout/           |           |
|    ep_len_mean     | 647       |
|    ep_rew_mean     | -3.24e+07 |
| time/              |           |
|    fps             | 1686      |
|    time_elapsed    | 23        |
|    total_timesteps | 40000     |
----------------------------------
----------------------------------
| rollout/           |           |
|    ep_len_mean     | 1e+03     |
|    ep_rew_mean     | -5.01e+07 |
|    return_std      | 2.5e+07   |
| time/              |           |
|    fps             | 1686      |
|    time_elapsed    | 29        |
|    total_timesteps | 50000     |
| train/             |           |
|    delta_std       | 0.05      |
|    iterations      | 0         |
|    learning_rate   | 0.0018    |
|    step_size       | 9.02e-12  |
----------------------------------
----------------------------------
| rollout/           |           |
|    ep_len_mean     | 669       |
|    ep_rew_mean     | -3.35e+07 |
| time/              |           |
|    fps             | 1686      |
|    time_elapsed    | 35        |
|    total_timesteps | 60000     |
----------------------------------
----------------------------------
| rollout/           |           |
|    ep_len_mean     | 542       |
|    ep_rew_mean     | -2.72e+07 |
| time/              |           |
|    fps             | 1684      |
|    time_elapsed    | 41        |
|    total_timesteps | 70000     |
----------------------------------
----------------------------------
| rollout/           |           |
|    ep_len_mean     | 603       |
|    ep_rew_mean     | -3.02e+07 |
| time/              |           |
|    fps             | 1685      |
|    time_elapsed    | 47        |
|    total_timesteps | 80000     |
----------------------------------
----------------------------------
| rollout/           |           |
|    ep_len_mean     | 1e+03     |
|    ep_rew_mean     | -5.03e+07 |
|    return_std      | 2.5e+07   |
| time/              |           |
|    fps             | 1685      |
|    time_elapsed    | 53        |
|    total_timesteps | 90000     |
| train/             |           |
|    delta_std       | 0.05      |
|    iterations      | 1         |
|    learning_rate   | 0.0018    |
|    step_size       | 9.01e-12  |
----------------------------------
----------------------------------
| rollout/           |           |
|    ep_len_mean     | 668       |
|    ep_rew_mean     | -3.36e+07 |
| time/              |           |
|    fps             | 1685      |
|    time_elapsed    | 59        |
|    total_timesteps | 100000    |
----------------------------------
----------------------------------
| rollout/           |           |
|    ep_len_mean     | 541       |
|    ep_rew_mean     | -2.72e+07 |
| time/              |           |
|    fps             | 1686      |
|    time_elapsed    | 65        |
|    total_timesteps | 110000    |
----------------------------------
----------------------------------
| rollout/           |           |
|    ep_len_mean     | 341       |
|    ep_rew_mean     | -1.69e+07 |
|    return_std      | 2.58e+07  |
| time/              |           |
|    fps             | 1687      |
|    time_elapsed    | 71        |
|    total_timesteps | 120000    |
| train/             |           |
|    delta_std       | 0.05      |
|    iterations      | 2         |
|    learning_rate   | 0.0018    |
|    step_size       | 8.71e-12  |
----------------------------------
----------------------------------
| rollout/           |           |
|    ep_len_mean     | 576       |
|    ep_rew_mean     | -2.88e+07 |
| time/              |           |
|    fps             | 1688      |
|    time_elapsed    | 77        |
|    total_timesteps | 130000    |
----------------------------------
----------------------------------
| rollout/           |           |
|    ep_len_mean     | 467       |
|    ep_rew_mean     | -2.34e+07 |
| time/              |           |
|    fps             | 1688      |
|    time_elapsed    | 82        |
|    total_timesteps | 140000    |
----------------------------------
---------------------------------
| rollout/           |          |
|    return_std      | 2.56e+07 |
| time/              |          |
|    fps             | 1687     |
|    time_elapsed    | 88       |
|    total_timesteps | 150000   |
| train/             |          |
|    delta_std       | 0.05     |
|    iterations      | 3        |
|    learning_rate   | 0.0018   |
|    step_size       | 8.8e-12  |
---------------------------------
----------------------------------
| rollout/           |           |
|    ep_len_mean     | 669       |
|    ep_rew_mean     | -3.36e+07 |
| time/              |           |
|    fps             | 1687      |
|    time_elapsed    | 94        |
|    total_timesteps | 160000    |
----------------------------------
----------------------------------
| rollout/           |           |
|    ep_len_mean     | 627       |
|    ep_rew_mean     | -3.15e+07 |
| time/              |           |
|    fps             | 1687      |
|    time_elapsed    | 100       |
|    total_timesteps | 170000    |
----------------------------------
----------------------------------
| rollout/           |           |
|    ep_len_mean     | 639       |
|    ep_rew_mean     | -3.21e+07 |
| time/              |           |
|    fps             | 1687      |
|    time_elapsed    | 106       |
|    total_timesteps | 180000    |
----------------------------------
----------------------------------
| rollout/           |           |
|    ep_len_mean     | 716       |
|    ep_rew_mean     | -3.53e+07 |
| time/              |           |
|    fps             | 1686      |
|    time_elapsed    | 112       |
|    total_timesteps | 190000    |
----------------------------------
---------------------------------
| rollout/           |          |
|    return_std      | 2.21e+07 |
| time/              |          |
|    fps             | 1686     |
|    time_elapsed    | 118      |
|    total_timesteps | 200000   |
| train/             |          |
|    delta_std       | 0.05     |
|    iterations      | 4        |
|    learning_rate   | 0.0018   |
|    step_size       | 1.02e-11 |
---------------------------------
----------------------------------
| rollout/           |           |
|    ep_len_mean     | 752       |
|    ep_rew_mean     | -3.77e+07 |
| time/              |           |
|    fps             | 1686      |
|    time_elapsed    | 124       |
|    total_timesteps | 210000    |
----------------------------------
----------------------------------
| rollout/           |           |
|    ep_len_mean     | 835       |
|    ep_rew_mean     | -4.19e+07 |
| time/              |           |
|    fps             | 1687      |
|    time_elapsed    | 130       |
|    total_timesteps | 220000    |
----------------------------------
----------------------------------
| rollout/           |           |
|    ep_len_mean     | 802       |
|    ep_rew_mean     | -4.02e+07 |
| time/              |           |
|    fps             | 1687      |
|    time_elapsed    | 136       |
|    total_timesteps | 230000    |
----------------------------------
----------------------------------
| rollout/           |           |
|    ep_len_mean     | 835       |
|    ep_rew_mean     | -4.19e+07 |
| time/              |           |
|    fps             | 1687      |
|    time_elapsed    | 142       |
|    total_timesteps | 240000    |
----------------------------------
---------------------------------
| rollout/           |          |
|    return_std      | 2.01e+07 |
| time/              |          |
|    fps             | 1687     |
|    time_elapsed    | 148      |
|    total_timesteps | 250000   |
| train/             |          |
|    delta_std       | 0.05     |
|    iterations      | 5        |
|    learning_rate   | 0.0018   |
|    step_size       | 1.12e-11 |
---------------------------------
----------------------------------
| rollout/           |           |
|    ep_len_mean     | 669       |
|    ep_rew_mean     | -3.35e+07 |
| time/              |           |
|    fps             | 1687      |
|    time_elapsed    | 154       |
|    total_timesteps | 260000    |
----------------------------------
----------------------------------
| rollout/           |           |
|    ep_len_mean     | 628       |
|    ep_rew_mean     | -3.15e+07 |
| time/              |           |
|    fps             | 1687      |
|    time_elapsed    | 159       |
|    total_timesteps | 270000    |
----------------------------------
----------------------------------
| rollout/           |           |
|    ep_len_mean     | 542       |
|    ep_rew_mean     | -2.71e+07 |
| time/              |           |
|    fps             | 1687      |
|    time_elapsed    | 165       |
|    total_timesteps | 280000    |
----------------------------------
----------------------------------
| rollout/           |           |
|    ep_len_mean     | 10        |
|    ep_rew_mean     | -3.71e+05 |
|    return_std      | 2.5e+07   |
| time/              |           |
|    fps             | 1687      |
|    time_elapsed    | 171       |
|    total_timesteps | 290000    |
| train/             |           |
|    delta_std       | 0.05      |
|    iterations      | 6         |
|    learning_rate   | 0.0018    |
|    step_size       | 9.02e-12  |
----------------------------------
----------------------------------
| rollout/           |           |
|    ep_len_mean     | 292       |
|    ep_rew_mean     | -1.46e+07 |
| time/              |           |
|    fps             | 1687      |
|    time_elapsed    | 177       |
|    total_timesteps | 300000    |
----------------------------------
---------------------------------
| rollout/           |          |
|    ep_len_mean     | 460      |
|    ep_rew_mean     | -2.3e+07 |
| time/              |          |
|    fps             | 1687     |
|    time_elapsed    | 183      |
|    total_timesteps | 310000   |
---------------------------------
----------------------------------
| rollout/           |           |
|    ep_len_mean     | 505       |
|    ep_rew_mean     | -2.53e+07 |
| time/              |           |
|    fps             | 1687      |
|    time_elapsed    | 189       |
|    total_timesteps | 320000    |
----------------------------------
----------------------------------
| rollout/           |           |
|    ep_len_mean     | 404       |
|    ep_rew_mean     | -2.02e+07 |
|    return_std      | 2.58e+07  |
| time/              |           |
|    fps             | 1686      |
|    time_elapsed    | 195       |
|    total_timesteps | 330000    |
| train/             |           |
|    delta_std       | 0.05      |
|    iterations      | 7         |
|    learning_rate   | 0.0018    |
|    step_size       | 8.73e-12  |
----------------------------------
----------------------------------
| rollout/           |           |
|    ep_len_mean     | 574       |
|    ep_rew_mean     | -2.88e+07 |
| time/              |           |
|    fps             | 1686      |
|    time_elapsed    | 201       |
|    total_timesteps | 340000    |
----------------------------------
----------------------------------
| rollout/           |           |
|    ep_len_mean     | 702       |
|    ep_rew_mean     | -3.52e+07 |
| time/              |           |
|    fps             | 1686      |
|    time_elapsed    | 207       |
|    total_timesteps | 350000    |
----------------------------------
---------------------------------
| rollout/           |          |
|    return_std      | 2.56e+07 |
| time/              |          |
|    fps             | 1686     |
|    time_elapsed    | 213      |
|    total_timesteps | 360000   |
| train/             |          |
|    delta_std       | 0.05     |
|    iterations      | 8        |
|    learning_rate   | 0.0018   |
|    step_size       | 8.79e-12 |
---------------------------------
----------------------------------
| rollout/           |           |
|    ep_len_mean     | 604       |
|    ep_rew_mean     | -3.03e+07 |
| time/              |           |
|    fps             | 1686      |
|    time_elapsed    | 219       |
|    total_timesteps | 370000    |
----------------------------------
----------------------------------
| rollout/           |           |
|    ep_len_mean     | 717       |
|    ep_rew_mean     | -3.59e+07 |
| time/              |           |
|    fps             | 1686      |
|    time_elapsed    | 225       |
|    total_timesteps | 380000    |
----------------------------------
----------------------------------
| rollout/           |           |
|    ep_len_mean     | 730       |
|    ep_rew_mean     | -3.66e+07 |
| time/              |           |
|    fps             | 1686      |
|    time_elapsed    | 231       |
|    total_timesteps | 390000    |
----------------------------------
----------------------------------
| rollout/           |           |
|    ep_len_mean     | 772       |
|    ep_rew_mean     | -3.87e+07 |
| time/              |           |
|    fps             | 1686      |
|    time_elapsed    | 237       |
|    total_timesteps | 400000    |
----------------------------------
---------------------------------
| rollout/           |          |
|    return_std      | 2.01e+07 |
| time/              |          |
|    fps             | 1686     |
|    time_elapsed    | 243      |
|    total_timesteps | 410000   |
| train/             |          |
|    delta_std       | 0.05     |
|    iterations      | 9        |
|    learning_rate   | 0.0018   |
|    step_size       | 1.12e-11 |
---------------------------------
----------------------------------
| rollout/           |           |
|    ep_len_mean     | 671       |
|    ep_rew_mean     | -3.35e+07 |
| time/              |           |
|    fps             | 1686      |
|    time_elapsed    | 249       |
|    total_timesteps | 420000    |
----------------------------------
----------------------------------
| rollout/           |           |
|    ep_len_mean     | 575       |
|    ep_rew_mean     | -2.88e+07 |
| time/              |           |
|    fps             | 1686      |
|    time_elapsed    | 255       |
|    total_timesteps | 430000    |
----------------------------------
----------------------------------
| rollout/           |           |
|    ep_len_mean     | 543       |
|    ep_rew_mean     | -2.72e+07 |
| time/              |           |
|    fps             | 1686      |
|    time_elapsed    | 260       |
|    total_timesteps | 440000    |
----------------------------------
---------------------------------
| rollout/           |          |
|    return_std      | 2.56e+07 |
| time/              |          |
|    fps             | 1685     |
|    time_elapsed    | 266      |
|    total_timesteps | 450000   |
| train/             |          |
|    delta_std       | 0.05     |
|    iterations      | 10       |
|    learning_rate   | 0.0018   |
|    step_size       | 8.8e-12  |
---------------------------------
---------------------------------
| rollout/           |          |
|    ep_len_mean     | 1e+03    |
|    ep_rew_mean     | -5e+07   |
| time/              |          |
|    fps             | 1685     |
|    time_elapsed    | 272      |
|    total_timesteps | 460000   |
---------------------------------
----------------------------------
| rollout/           |           |
|    ep_len_mean     | 1e+03     |
|    ep_rew_mean     | -5.01e+07 |
| time/              |           |
|    fps             | 1685      |
|    time_elapsed    | 278       |
|    total_timesteps | 470000    |
----------------------------------
----------------------------------
| rollout/           |           |
|    ep_len_mean     | 890       |
|    ep_rew_mean     | -4.46e+07 |
| time/              |           |
|    fps             | 1685      |
|    time_elapsed    | 284       |
|    total_timesteps | 480000    |
----------------------------------
----------------------------------
| rollout/           |           |
|    ep_len_mean     | 771       |
|    ep_rew_mean     | -3.86e+07 |
| time/              |           |
|    fps             | 1685      |
|    time_elapsed    | 290       |
|    total_timesteps | 490000    |
----------------------------------
----------------------------------
| rollout/           |           |
|    ep_len_mean     | 505       |
|    ep_rew_mean     | -2.53e+07 |
|    return_std      | 2.23e+07  |
| time/              |           |
|    fps             | 1685      |
|    time_elapsed    | 296       |
|    total_timesteps | 500000    |
| train/             |           |
|    delta_std       | 0.05      |
|    iterations      | 11        |
|    learning_rate   | 0.0018    |
|    step_size       | 1.01e-11  |
----------------------------------
----------------------------------
| rollout/           |           |
|    ep_len_mean     | 604       |
|    ep_rew_mean     | -3.03e+07 |
| time/              |           |
|    fps             | 1685      |
|    time_elapsed    | 302       |
|    total_timesteps | 510000    |
----------------------------------
----------------------------------
| rollout/           |           |
|    ep_len_mean     | 604       |
|    ep_rew_mean     | -3.03e+07 |
| time/              |           |
|    fps             | 1685      |
|    time_elapsed    | 308       |
|    total_timesteps | 520000    |
----------------------------------
----------------------------------
| rollout/           |           |
|    ep_len_mean     | 670       |
|    ep_rew_mean     | -3.36e+07 |
| time/              |           |
|    fps             | 1685      |
|    time_elapsed    | 314       |
|    total_timesteps | 530000    |
----------------------------------
----------------------------------
| rollout/           |           |
|    ep_len_mean     | 736       |
|    ep_rew_mean     | -3.69e+07 |
| time/              |           |
|    fps             | 1685      |
|    time_elapsed    | 320       |
|    total_timesteps | 540000    |
----------------------------------
----------------------------------
| rollout/           |           |
|    ep_len_mean     | 208       |
|    ep_rew_mean     | -1.03e+07 |
|    return_std      | 2.23e+07  |
| time/              |           |
|    fps             | 1685      |
|    time_elapsed    | 326       |
|    total_timesteps | 550000    |
| train/             |           |
|    delta_std       | 0.05      |
|    iterations      | 12        |
|    learning_rate   | 0.0018    |
|    step_size       | 1.01e-11  |
----------------------------------
----------------------------------
| rollout/           |           |
|    ep_len_mean     | 505       |
|    ep_rew_mean     | -2.52e+07 |
| time/              |           |
|    fps             | 1685      |
|    time_elapsed    | 332       |
|    total_timesteps | 560000    |
----------------------------------
----------------------------------
| rollout/           |           |
|    ep_len_mean     | 549       |
|    ep_rew_mean     | -2.75e+07 |
| time/              |           |
|    fps             | 1684      |
|    time_elapsed    | 338       |
|    total_timesteps | 570000    |
----------------------------------
----------------------------------
| rollout/           |           |
|    ep_len_mean     | 1e+03     |
|    ep_rew_mean     | -5.04e+07 |
|    return_std      | 2.58e+07  |
| time/              |           |
|    fps             | 1684      |
|    time_elapsed    | 344       |
|    total_timesteps | 580000    |
| train/             |           |
|    delta_std       | 0.05      |
|    iterations      | 13        |
|    learning_rate   | 0.0018    |
|    step_size       | 8.72e-12  |
----------------------------------
----------------------------------
| rollout/           |           |
|    ep_len_mean     | 1e+03     |
|    ep_rew_mean     | -5.03e+07 |
| time/              |           |
|    fps             | 1684      |
|    time_elapsed    | 350       |
|    total_timesteps | 590000    |
----------------------------------
----------------------------------
| rollout/           |           |
|    ep_len_mean     | 465       |
|    ep_rew_mean     | -2.33e+07 |
| time/              |           |
|    fps             | 1684      |
|    time_elapsed    | 356       |
|    total_timesteps | 600000    |
----------------------------------
----------------------------------
| rollout/           |           |
|    ep_len_mean     | 506       |
|    ep_rew_mean     | -2.52e+07 |
|    return_std      | 2.56e+07  |
| time/              |           |
|    fps             | 1684      |
|    time_elapsed    | 362       |
|    total_timesteps | 610000    |
| train/             |           |
|    delta_std       | 0.05      |
|    iterations      | 14        |
|    learning_rate   | 0.0018    |
|    step_size       | 8.78e-12  |
----------------------------------
----------------------------------
| rollout/           |           |
|    ep_len_mean     | 670       |
|    ep_rew_mean     | -3.36e+07 |
| time/              |           |
|    fps             | 1685      |
|    time_elapsed    | 367       |
|    total_timesteps | 620000    |
----------------------------------
----------------------------------
| rollout/           |           |
|    ep_len_mean     | 669       |
|    ep_rew_mean     | -3.35e+07 |
| time/              |           |
|    fps             | 1685      |
|    time_elapsed    | 373       |
|    total_timesteps | 630000    |
----------------------------------
----------------------------------
| rollout/           |           |
|    ep_len_mean     | 695       |
|    ep_rew_mean     | -3.48e+07 |
| time/              |           |
|    fps             | 1685      |
|    time_elapsed    | 379       |
|    total_timesteps | 640000    |
----------------------------------
---------------------------------
| rollout/           |          |
|    return_std      | 2.39e+07 |
| time/              |          |
|    fps             | 1685     |
|    time_elapsed    | 385      |
|    total_timesteps | 650000   |
| train/             |          |
|    delta_std       | 0.05     |
|    iterations      | 15       |
|    learning_rate   | 0.0018   |
|    step_size       | 9.41e-12 |
---------------------------------
----------------------------------
| rollout/           |           |
|    ep_len_mean     | 751       |
|    ep_rew_mean     | -3.77e+07 |
| time/              |           |
|    fps             | 1685      |
|    time_elapsed    | 391       |
|    total_timesteps | 660000    |
----------------------------------
----------------------------------
| rollout/           |           |
|    ep_len_mean     | 628       |
|    ep_rew_mean     | -3.15e+07 |
| time/              |           |
|    fps             | 1685      |
|    time_elapsed    | 397       |
|    total_timesteps | 670000    |
----------------------------------
---------------------------------
| rollout/           |          |
|    ep_len_mean     | 619      |
|    ep_rew_mean     | -3.1e+07 |
| time/              |          |
|    fps             | 1685     |
|    time_elapsed    | 403      |
|    total_timesteps | 680000   |
---------------------------------
----------------------------------
| rollout/           |           |
|    ep_len_mean     | 4.33      |
|    ep_rew_mean     | -1.71e+05 |
|    return_std      | 2.5e+07   |
| time/              |           |
|    fps             | 1685      |
|    time_elapsed    | 409       |
|    total_timesteps | 690000    |
| train/             |           |
|    delta_std       | 0.05      |
|    iterations      | 16        |
|    learning_rate   | 0.0018    |
|    step_size       | 9.01e-12  |
----------------------------------
---------------------------------
| rollout/           |          |
|    ep_len_mean     | 379      |
|    ep_rew_mean     | -1.9e+07 |
| time/              |          |
|    fps             | 1685     |
|    time_elapsed    | 415      |
|    total_timesteps | 700000   |
---------------------------------
----------------------------------
| rollout/           |           |
|    ep_len_mean     | 503       |
|    ep_rew_mean     | -2.52e+07 |
| time/              |           |
|    fps             | 1685      |
|    time_elapsed    | 421       |
|    total_timesteps | 710000    |
----------------------------------
----------------------------------
| rollout/           |           |
|    ep_len_mean     | 504       |
|    ep_rew_mean     | -2.52e+07 |
|    return_std      | 2.56e+07  |
| time/              |           |
|    fps             | 1685      |
|    time_elapsed    | 427       |
|    total_timesteps | 720000    |
| train/             |           |
|    delta_std       | 0.05      |
|    iterations      | 17        |
|    learning_rate   | 0.0018    |
|    step_size       | 8.8e-12   |
----------------------------------
----------------------------------
| rollout/           |           |
|    ep_len_mean     | 504       |
|    ep_rew_mean     | -2.52e+07 |
| time/              |           |
|    fps             | 1685      |
|    time_elapsed    | 433       |
|    total_timesteps | 730000    |
----------------------------------
----------------------------------
| rollout/           |           |
|    ep_len_mean     | 466       |
|    ep_rew_mean     | -2.33e+07 |
| time/              |           |
|    fps             | 1685      |
|    time_elapsed    | 439       |
|    total_timesteps | 740000    |
----------------------------------
----------------------------------
| rollout/           |           |
|    ep_len_mean     | 537       |
|    ep_rew_mean     | -2.69e+07 |
| time/              |           |
|    fps             | 1685      |
|    time_elapsed    | 444       |
|    total_timesteps | 750000    |
----------------------------------
----------------------------------
| rollout/           |           |
|    ep_len_mean     | 338       |
|    ep_rew_mean     | -1.68e+07 |
|    return_std      | 2.55e+07  |
| time/              |           |
|    fps             | 1685      |
|    time_elapsed    | 450       |
|    total_timesteps | 760000    |
| train/             |           |
|    delta_std       | 0.05      |
|    iterations      | 18        |
|    learning_rate   | 0.0018    |
|    step_size       | 8.81e-12  |
----------------------------------
----------------------------------
| rollout/           |           |
|    ep_len_mean     | 575       |
|    ep_rew_mean     | -2.88e+07 |
| time/              |           |
|    fps             | 1685      |
|    time_elapsed    | 456       |
|    total_timesteps | 770000    |
----------------------------------
----------------------------------
| rollout/           |           |
|    ep_len_mean     | 603       |
|    ep_rew_mean     | -3.02e+07 |
| time/              |           |
|    fps             | 1685      |
|    time_elapsed    | 462       |
|    total_timesteps | 780000    |
----------------------------------
----------------------------------
| rollout/           |           |
|    ep_len_mean     | 5         |
|    ep_rew_mean     | -1.76e+05 |
|    return_std      | 2.55e+07  |
| time/              |           |
|    fps             | 1685      |
|    time_elapsed    | 468       |
|    total_timesteps | 790000    |
| train/             |           |
|    delta_std       | 0.05      |
|    iterations      | 19        |
|    learning_rate   | 0.0018    |
|    step_size       | 8.81e-12  |
----------------------------------
----------------------------------
| rollout/           |           |
|    ep_len_mean     | 503       |
|    ep_rew_mean     | -2.52e+07 |
| time/              |           |
|    fps             | 1685      |
|    time_elapsed    | 474       |
|    total_timesteps | 800000    |
----------------------------------
----------------------------------
| rollout/           |           |
|    ep_len_mean     | 628       |
|    ep_rew_mean     | -3.15e+07 |
| time/              |           |
|    fps             | 1685      |
|    time_elapsed    | 480       |
|    total_timesteps | 810000    |
----------------------------------
----------------------------------
| rollout/           |           |
|    ep_len_mean     | 702       |
|    ep_rew_mean     | -3.52e+07 |
| time/              |           |
|    fps             | 1685      |
|    time_elapsed    | 486       |
|    total_timesteps | 820000    |
----------------------------------
----------------------------------
| rollout/           |           |
|    ep_len_mean     | 670       |
|    ep_rew_mean     | -3.35e+07 |
| time/              |           |
|    fps             | 1685      |
|    time_elapsed    | 492       |
|    total_timesteps | 830000    |
----------------------------------
----------------------------------
| rollout/           |           |
|    ep_len_mean     | 1e+03     |
|    ep_rew_mean     | -5.01e+07 |
|    return_std      | 2.39e+07  |
| time/              |           |
|    fps             | 1685      |
|    time_elapsed    | 498       |
|    total_timesteps | 840000    |
| train/             |           |
|    delta_std       | 0.05      |
|    iterations      | 20        |
|    learning_rate   | 0.0018    |
|    step_size       | 9.42e-12  |
----------------------------------
----------------------------------
| rollout/           |           |
|    ep_len_mean     | 802       |
|    ep_rew_mean     | -4.01e+07 |
| time/              |           |
|    fps             | 1685      |
|    time_elapsed    | 504       |
|    total_timesteps | 850000    |
----------------------------------
----------------------------------
| rollout/           |           |
|    ep_len_mean     | 603       |
|    ep_rew_mean     | -3.02e+07 |
| time/              |           |
|    fps             | 1685      |
|    time_elapsed    | 510       |
|    total_timesteps | 860000    |
----------------------------------
----------------------------------
| rollout/           |           |
|    ep_len_mean     | 646       |
|    ep_rew_mean     | -3.23e+07 |
| time/              |           |
|    fps             | 1685      |
|    time_elapsed    | 516       |
|    total_timesteps | 870000    |
----------------------------------
---------------------------------
| rollout/           |          |
|    return_std      | 2.39e+07 |
| time/              |          |
|    fps             | 1685     |
|    time_elapsed    | 522      |
|    total_timesteps | 880000   |
| train/             |          |
|    delta_std       | 0.05     |
|    iterations      | 21       |
|    learning_rate   | 0.0018   |
|    step_size       | 9.42e-12 |
---------------------------------
----------------------------------
| rollout/           |           |
|    ep_len_mean     | 754       |
|    ep_rew_mean     | -3.78e+07 |
| time/              |           |
|    fps             | 1685      |
|    time_elapsed    | 528       |
|    total_timesteps | 890000    |
----------------------------------
----------------------------------
| rollout/           |           |
|    ep_len_mean     | 628       |
|    ep_rew_mean     | -3.15e+07 |
| time/              |           |
|    fps             | 1685      |
|    time_elapsed    | 534       |
|    total_timesteps | 900000    |
----------------------------------
----------------------------------
| rollout/           |           |
|    ep_len_mean     | 729       |
|    ep_rew_mean     | -3.66e+07 |
| time/              |           |
|    fps             | 1685      |
|    time_elapsed    | 539       |
|    total_timesteps | 910000    |
----------------------------------
----------------------------------
| rollout/           |           |
|    ep_len_mean     | 716       |
|    ep_rew_mean     | -3.59e+07 |
| time/              |           |
|    fps             | 1685      |
|    time_elapsed    | 545       |
|    total_timesteps | 920000    |
----------------------------------
---------------------------------
| rollout/           |          |
|    ep_len_mean     | 1e+03    |
|    ep_rew_mean     | -5e+07   |
|    return_std      | 2.23e+07 |
| time/              |          |
|    fps             | 1685     |
|    time_elapsed    | 551      |
|    total_timesteps | 930000   |
| train/             |          |
|    delta_std       | 0.05     |
|    iterations      | 22       |
|    learning_rate   | 0.0018   |
|    step_size       | 1.01e-11 |
---------------------------------
----------------------------------
| rollout/           |           |
|    ep_len_mean     | 603       |
|    ep_rew_mean     | -3.02e+07 |
| time/              |           |
|    fps             | 1685      |
|    time_elapsed    | 557       |
|    total_timesteps | 940000    |
----------------------------------
----------------------------------
| rollout/           |           |
|    ep_len_mean     | 669       |
|    ep_rew_mean     | -3.35e+07 |
| time/              |           |
|    fps             | 1685      |
|    time_elapsed    | 563       |
|    total_timesteps | 950000    |
----------------------------------
----------------------------------
| rollout/           |           |
|    ep_len_mean     | 669       |
|    ep_rew_mean     | -3.35e+07 |
| time/              |           |
|    fps             | 1685      |
|    time_elapsed    | 569       |
|    total_timesteps | 960000    |
----------------------------------
---------------------------------
| rollout/           |          |
|    return_std      | 2.39e+07 |
| time/              |          |
|    fps             | 1686     |
|    time_elapsed    | 575      |
|    total_timesteps | 970000   |
| train/             |          |
|    delta_std       | 0.05     |
|    iterations      | 23       |
|    learning_rate   | 0.0018   |
|    step_size       | 9.42e-12 |
---------------------------------
----------------------------------
| rollout/           |           |
|    ep_len_mean     | 508       |
|    ep_rew_mean     | -2.54e+07 |
| time/              |           |
|    fps             | 1686      |
|    time_elapsed    | 580       |
|    total_timesteps | 980000    |
----------------------------------
----------------------------------
| rollout/           |           |
|    ep_len_mean     | 630       |
|    ep_rew_mean     | -3.16e+07 |
| time/              |           |
|    fps             | 1687      |
|    time_elapsed    | 586       |
|    total_timesteps | 990000    |
----------------------------------
----------------------------------
| rollout/           |           |
|    ep_len_mean     | 704       |
|    ep_rew_mean     | -3.53e+07 |
| time/              |           |
|    fps             | 1687      |
|    time_elapsed    | 592       |
|    total_timesteps | 1000000   |
----------------------------------
---------------------------------
| rollout/           |          |
|    ep_len_mean     | 718      |
|    ep_rew_mean     | -3.6e+07 |
| time/              |          |
|    fps             | 1688     |
|    time_elapsed    | 598      |
|    total_timesteps | 1010000  |
---------------------------------
Training ended on Tue Jan 27 16:29:11 2026
Training lasted 0:10:02.381051
