Logging to training_random_logs/5_robots/logs/PPO_set1
Using cpu device
Training started on Tue Jan 27 16:19:06 2026
Experiment configuration: {'algorithm': 'PPO', 'set': 1, 'verbose': 1, 'steps': 1000000, 'num_robots': 5, 'num_envs': 4, 'seed': 33, 'log_steps': 10000, 'resume': False, 'device': 'cpu'}
----------------------------------------
| rollout/                |            |
|    ep_len_mean          | 34.2       |
|    ep_rew_mean          | -5.62e+05  |
| time/                   |            |
|    fps                  | 812        |
|    time_elapsed         | 12         |
|    total_timesteps      | 10000      |
| train/                  |            |
|    approx_kl            | 0.00585118 |
|    clip_fraction        | 0.0267     |
|    clip_range           | 0.2        |
|    entropy_loss         | -21.3      |
|    explained_variance   | -3.58e-07  |
|    learning_rate        | 0.0017     |
|    loss                 | 1.48e+10   |
|    n_updates            | 10         |
|    policy_gradient_loss | -0.00651   |
|    std                  | 1          |
|    value_loss           | 2.92e+10   |
----------------------------------------
-----------------------------------------
| rollout/                |             |
|    ep_len_mean          | 30.5        |
|    ep_rew_mean          | -5.02e+05   |
| time/                   |             |
|    fps                  | 815         |
|    time_elapsed         | 24          |
|    total_timesteps      | 20000       |
| train/                  |             |
|    approx_kl            | 0.005364745 |
|    clip_fraction        | 0.0189      |
|    clip_range           | 0.2         |
|    entropy_loss         | -21.4       |
|    explained_variance   | -1.19e-07   |
|    learning_rate        | 0.0017      |
|    loss                 | 1.32e+10    |
|    n_updates            | 20          |
|    policy_gradient_loss | -0.00526    |
|    std                  | 1.01        |
|    value_loss           | 2.7e+10     |
-----------------------------------------
------------------------------------------
| rollout/                |              |
|    ep_len_mean          | 28.5         |
|    ep_rew_mean          | -4.71e+05    |
| time/                   |              |
|    fps                  | 817          |
|    time_elapsed         | 36           |
|    total_timesteps      | 30000        |
| train/                  |              |
|    approx_kl            | 0.0056062615 |
|    clip_fraction        | 0.0247       |
|    clip_range           | 0.2          |
|    entropy_loss         | -21.4        |
|    explained_variance   | 0            |
|    learning_rate        | 0.0017       |
|    loss                 | 1.25e+10     |
|    n_updates            | 30           |
|    policy_gradient_loss | -0.00667     |
|    std                  | 1.01         |
|    value_loss           | 2.6e+10      |
------------------------------------------
------------------------------------------
| rollout/                |              |
|    ep_len_mean          | 32.3         |
|    ep_rew_mean          | -5.3e+05     |
| time/                   |              |
|    fps                  | 818          |
|    time_elapsed         | 48           |
|    total_timesteps      | 40000        |
| train/                  |              |
|    approx_kl            | 0.0048301965 |
|    clip_fraction        | 0.0151       |
|    clip_range           | 0.2          |
|    entropy_loss         | -21.5        |
|    explained_variance   | -2.38e-07    |
|    learning_rate        | 0.0017       |
|    loss                 | 1.19e+10     |
|    n_updates            | 40           |
|    policy_gradient_loss | -0.00488     |
|    std                  | 1.01         |
|    value_loss           | 2.61e+10     |
------------------------------------------
------------------------------------------
| rollout/                |              |
|    ep_len_mean          | 28.1         |
|    ep_rew_mean          | -4.62e+05    |
| time/                   |              |
|    fps                  | 783          |
|    time_elapsed         | 63           |
|    total_timesteps      | 50000        |
| train/                  |              |
|    approx_kl            | 0.0022275327 |
|    clip_fraction        | 0.00083      |
|    clip_range           | 0.2          |
|    entropy_loss         | -21.6        |
|    explained_variance   | 0            |
|    learning_rate        | 0.0017       |
|    loss                 | 1.09e+10     |
|    n_updates            | 60           |
|    policy_gradient_loss | -0.00263     |
|    std                  | 1.02         |
|    value_loss           | 2.49e+10     |
------------------------------------------
------------------------------------------
| rollout/                |              |
|    ep_len_mean          | 30.5         |
|    ep_rew_mean          | -5.01e+05    |
| time/                   |              |
|    fps                  | 816          |
|    time_elapsed         | 73           |
|    total_timesteps      | 60000        |
| train/                  |              |
|    approx_kl            | 0.0032432936 |
|    clip_fraction        | 0.00364      |
|    clip_range           | 0.2          |
|    entropy_loss         | -21.6        |
|    explained_variance   | 0            |
|    learning_rate        | 0.0017       |
|    loss                 | 1.2e+10      |
|    n_updates            | 70           |
|    policy_gradient_loss | -0.00353     |
|    std                  | 1.02         |
|    value_loss           | 2.68e+10     |
------------------------------------------
------------------------------------------
| rollout/                |              |
|    ep_len_mean          | 25.8         |
|    ep_rew_mean          | -4.24e+05    |
| time/                   |              |
|    fps                  | 841          |
|    time_elapsed         | 83           |
|    total_timesteps      | 70000        |
| train/                  |              |
|    approx_kl            | 0.0027309158 |
|    clip_fraction        | 0.0024       |
|    clip_range           | 0.2          |
|    entropy_loss         | -21.6        |
|    explained_variance   | -2.38e-07    |
|    learning_rate        | 0.0017       |
|    loss                 | 1.24e+10     |
|    n_updates            | 80           |
|    policy_gradient_loss | -0.00291     |
|    std                  | 1.03         |
|    value_loss           | 2.58e+10     |
------------------------------------------
------------------------------------------
| rollout/                |              |
|    ep_len_mean          | 27.2         |
|    ep_rew_mean          | -4.46e+05    |
| time/                   |              |
|    fps                  | 861          |
|    time_elapsed         | 92           |
|    total_timesteps      | 80000        |
| train/                  |              |
|    approx_kl            | 0.0042958227 |
|    clip_fraction        | 0.01         |
|    clip_range           | 0.2          |
|    entropy_loss         | -21.7        |
|    explained_variance   | 2.38e-07     |
|    learning_rate        | 0.0017       |
|    loss                 | 1.23e+10     |
|    n_updates            | 90           |
|    policy_gradient_loss | -0.00402     |
|    std                  | 1.03         |
|    value_loss           | 2.36e+10     |
------------------------------------------
------------------------------------------
| rollout/                |              |
|    ep_len_mean          | 25.7         |
|    ep_rew_mean          | -4.24e+05    |
| time/                   |              |
|    fps                  | 877          |
|    time_elapsed         | 102          |
|    total_timesteps      | 90000        |
| train/                  |              |
|    approx_kl            | 0.0022985733 |
|    clip_fraction        | 0.00127      |
|    clip_range           | 0.2          |
|    entropy_loss         | -21.8        |
|    explained_variance   | 0            |
|    learning_rate        | 0.0017       |
|    loss                 | 1.27e+10     |
|    n_updates            | 100          |
|    policy_gradient_loss | -0.00232     |
|    std                  | 1.03         |
|    value_loss           | 2.6e+10      |
------------------------------------------
------------------------------------------
| rollout/                |              |
|    ep_len_mean          | 28           |
|    ep_rew_mean          | -4.53e+05    |
| time/                   |              |
|    fps                  | 858          |
|    time_elapsed         | 116          |
|    total_timesteps      | 100000       |
| train/                  |              |
|    approx_kl            | 0.0019103319 |
|    clip_fraction        | 0.000659     |
|    clip_range           | 0.2          |
|    entropy_loss         | -21.9        |
|    explained_variance   | -1.19e-07    |
|    learning_rate        | 0.0017       |
|    loss                 | 1.24e+10     |
|    n_updates            | 120          |
|    policy_gradient_loss | -0.00249     |
|    std                  | 1.04         |
|    value_loss           | 2.52e+10     |
------------------------------------------
------------------------------------------
| rollout/                |              |
|    ep_len_mean          | 26.5         |
|    ep_rew_mean          | -4.33e+05    |
| time/                   |              |
|    fps                  | 871          |
|    time_elapsed         | 126          |
|    total_timesteps      | 110000       |
| train/                  |              |
|    approx_kl            | 0.0036861184 |
|    clip_fraction        | 0.00565      |
|    clip_range           | 0.2          |
|    entropy_loss         | -21.9        |
|    explained_variance   | 1.79e-07     |
|    learning_rate        | 0.0017       |
|    loss                 | 1.41e+10     |
|    n_updates            | 130          |
|    policy_gradient_loss | -0.00385     |
|    std                  | 1.04         |
|    value_loss           | 2.51e+10     |
------------------------------------------
------------------------------------------
| rollout/                |              |
|    ep_len_mean          | 25.5         |
|    ep_rew_mean          | -4.18e+05    |
| time/                   |              |
|    fps                  | 882          |
|    time_elapsed         | 135          |
|    total_timesteps      | 120000       |
| train/                  |              |
|    approx_kl            | 0.0024451993 |
|    clip_fraction        | 0.0019       |
|    clip_range           | 0.2          |
|    entropy_loss         | -22          |
|    explained_variance   | -1.19e-07    |
|    learning_rate        | 0.0017       |
|    loss                 | 1.23e+10     |
|    n_updates            | 140          |
|    policy_gradient_loss | -0.00268     |
|    std                  | 1.05         |
|    value_loss           | 2.43e+10     |
------------------------------------------
------------------------------------------
| rollout/                |              |
|    ep_len_mean          | 24.5         |
|    ep_rew_mean          | -4.01e+05    |
| time/                   |              |
|    fps                  | 892          |
|    time_elapsed         | 145          |
|    total_timesteps      | 130000       |
| train/                  |              |
|    approx_kl            | 0.0031951899 |
|    clip_fraction        | 0.00333      |
|    clip_range           | 0.2          |
|    entropy_loss         | -22          |
|    explained_variance   | 0            |
|    learning_rate        | 0.0017       |
|    loss                 | 1.26e+10     |
|    n_updates            | 150          |
|    policy_gradient_loss | -0.00332     |
|    std                  | 1.05         |
|    value_loss           | 2.41e+10     |
------------------------------------------
-----------------------------------------
| rollout/                |             |
|    ep_len_mean          | 23.7        |
|    ep_rew_mean          | -3.9e+05    |
| time/                   |             |
|    fps                  | 877         |
|    time_elapsed         | 159         |
|    total_timesteps      | 140000      |
| train/                  |             |
|    approx_kl            | 0.003220092 |
|    clip_fraction        | 0.00386     |
|    clip_range           | 0.2         |
|    entropy_loss         | -22.1       |
|    explained_variance   | 0           |
|    learning_rate        | 0.0017      |
|    loss                 | 1.13e+10    |
|    n_updates            | 170         |
|    policy_gradient_loss | -0.00359    |
|    std                  | 1.06        |
|    value_loss           | 2.44e+10    |
-----------------------------------------
------------------------------------------
| rollout/                |              |
|    ep_len_mean          | 22.9         |
|    ep_rew_mean          | -3.74e+05    |
| time/                   |              |
|    fps                  | 885          |
|    time_elapsed         | 169          |
|    total_timesteps      | 150000       |
| train/                  |              |
|    approx_kl            | 0.0029920824 |
|    clip_fraction        | 0.00352      |
|    clip_range           | 0.2          |
|    entropy_loss         | -22.2        |
|    explained_variance   | -1.19e-07    |
|    learning_rate        | 0.0017       |
|    loss                 | 1.16e+10     |
|    n_updates            | 180          |
|    policy_gradient_loss | -0.00315     |
|    std                  | 1.06         |
|    value_loss           | 2.2e+10      |
------------------------------------------
------------------------------------------
| rollout/                |              |
|    ep_len_mean          | 28.4         |
|    ep_rew_mean          | -4.54e+05    |
| time/                   |              |
|    fps                  | 892          |
|    time_elapsed         | 179          |
|    total_timesteps      | 160000       |
| train/                  |              |
|    approx_kl            | 0.0033107544 |
|    clip_fraction        | 0.00421      |
|    clip_range           | 0.2          |
|    entropy_loss         | -22.2        |
|    explained_variance   | 0            |
|    learning_rate        | 0.0017       |
|    loss                 | 1.21e+10     |
|    n_updates            | 190          |
|    policy_gradient_loss | -0.00341     |
|    std                  | 1.07         |
|    value_loss           | 2.37e+10     |
------------------------------------------
-----------------------------------------
| rollout/                |             |
|    ep_len_mean          | 22.9        |
|    ep_rew_mean          | -3.73e+05   |
| time/                   |             |
|    fps                  | 899         |
|    time_elapsed         | 188         |
|    total_timesteps      | 170000      |
| train/                  |             |
|    approx_kl            | 0.003619311 |
|    clip_fraction        | 0.00565     |
|    clip_range           | 0.2         |
|    entropy_loss         | -22.3       |
|    explained_variance   | -1.19e-07   |
|    learning_rate        | 0.0017      |
|    loss                 | 1.27e+10    |
|    n_updates            | 200         |
|    policy_gradient_loss | -0.00379    |
|    std                  | 1.07        |
|    value_loss           | 2.35e+10    |
-----------------------------------------
------------------------------------------
| rollout/                |              |
|    ep_len_mean          | 22.9         |
|    ep_rew_mean          | -3.75e+05    |
| time/                   |              |
|    fps                  | 905          |
|    time_elapsed         | 198          |
|    total_timesteps      | 180000       |
| train/                  |              |
|    approx_kl            | 0.0016210694 |
|    clip_fraction        | 0.000635     |
|    clip_range           | 0.2          |
|    entropy_loss         | -22.4        |
|    explained_variance   | 1.19e-07     |
|    learning_rate        | 0.0017       |
|    loss                 | 1.07e+10     |
|    n_updates            | 210          |
|    policy_gradient_loss | -0.00182     |
|    std                  | 1.08         |
|    value_loss           | 2.22e+10     |
------------------------------------------
------------------------------------------
| rollout/                |              |
|    ep_len_mean          | 20.1         |
|    ep_rew_mean          | -3.38e+05    |
| time/                   |              |
|    fps                  | 893          |
|    time_elapsed         | 212          |
|    total_timesteps      | 190000       |
| train/                  |              |
|    approx_kl            | 0.0027836817 |
|    clip_fraction        | 0.0026       |
|    clip_range           | 0.2          |
|    entropy_loss         | -22.5        |
|    explained_variance   | 0            |
|    learning_rate        | 0.0017       |
|    loss                 | 1.24e+10     |
|    n_updates            | 230          |
|    policy_gradient_loss | -0.00255     |
|    std                  | 1.08         |
|    value_loss           | 2.33e+10     |
------------------------------------------
------------------------------------------
| rollout/                |              |
|    ep_len_mean          | 26.7         |
|    ep_rew_mean          | -4.31e+05    |
| time/                   |              |
|    fps                  | 899          |
|    time_elapsed         | 222          |
|    total_timesteps      | 200000       |
| train/                  |              |
|    approx_kl            | 0.0032535822 |
|    clip_fraction        | 0.00338      |
|    clip_range           | 0.2          |
|    entropy_loss         | -22.5        |
|    explained_variance   | 1.79e-07     |
|    learning_rate        | 0.0017       |
|    loss                 | 1.22e+10     |
|    n_updates            | 240          |
|    policy_gradient_loss | -0.00296     |
|    std                  | 1.09         |
|    value_loss           | 2.28e+10     |
------------------------------------------
------------------------------------------
| rollout/                |              |
|    ep_len_mean          | 21.5         |
|    ep_rew_mean          | -3.53e+05    |
| time/                   |              |
|    fps                  | 904          |
|    time_elapsed         | 232          |
|    total_timesteps      | 210000       |
| train/                  |              |
|    approx_kl            | 0.0030335966 |
|    clip_fraction        | 0.00323      |
|    clip_range           | 0.2          |
|    entropy_loss         | -22.6        |
|    explained_variance   | 0            |
|    learning_rate        | 0.0017       |
|    loss                 | 1.27e+10     |
|    n_updates            | 250          |
|    policy_gradient_loss | -0.00338     |
|    std                  | 1.09         |
|    value_loss           | 2.33e+10     |
------------------------------------------
------------------------------------------
| rollout/                |              |
|    ep_len_mean          | 25.8         |
|    ep_rew_mean          | -4.13e+05    |
| time/                   |              |
|    fps                  | 908          |
|    time_elapsed         | 242          |
|    total_timesteps      | 220000       |
| train/                  |              |
|    approx_kl            | 0.0024858187 |
|    clip_fraction        | 0.00148      |
|    clip_range           | 0.2          |
|    entropy_loss         | -22.6        |
|    explained_variance   | -2.38e-07    |
|    learning_rate        | 0.0017       |
|    loss                 | 1.06e+10     |
|    n_updates            | 260          |
|    policy_gradient_loss | -0.00264     |
|    std                  | 1.1          |
|    value_loss           | 2.16e+10     |
------------------------------------------
------------------------------------------
| rollout/                |              |
|    ep_len_mean          | 22.1         |
|    ep_rew_mean          | -3.67e+05    |
| time/                   |              |
|    fps                  | 898          |
|    time_elapsed         | 256          |
|    total_timesteps      | 230000       |
| train/                  |              |
|    approx_kl            | 0.0017891253 |
|    clip_fraction        | 0.000464     |
|    clip_range           | 0.2          |
|    entropy_loss         | -22.7        |
|    explained_variance   | 0            |
|    learning_rate        | 0.0017       |
|    loss                 | 1.14e+10     |
|    n_updates            | 280          |
|    policy_gradient_loss | -0.0023      |
|    std                  | 1.1          |
|    value_loss           | 2.15e+10     |
------------------------------------------
-----------------------------------------
| rollout/                |             |
|    ep_len_mean          | 25.4        |
|    ep_rew_mean          | -4.04e+05   |
| time/                   |             |
|    fps                  | 902         |
|    time_elapsed         | 265         |
|    total_timesteps      | 240000      |
| train/                  |             |
|    approx_kl            | 0.002187722 |
|    clip_fraction        | 0.00125     |
|    clip_range           | 0.2         |
|    entropy_loss         | -22.8       |
|    explained_variance   | -2.38e-07   |
|    learning_rate        | 0.0017      |
|    loss                 | 9.54e+09    |
|    n_updates            | 290         |
|    policy_gradient_loss | -0.00262    |
|    std                  | 1.11        |
|    value_loss           | 2.17e+10    |
-----------------------------------------
-----------------------------------------
| rollout/                |             |
|    ep_len_mean          | 24.1        |
|    ep_rew_mean          | -3.88e+05   |
| time/                   |             |
|    fps                  | 907         |
|    time_elapsed         | 275         |
|    total_timesteps      | 250000      |
| train/                  |             |
|    approx_kl            | 0.002832103 |
|    clip_fraction        | 0.00272     |
|    clip_range           | 0.2         |
|    entropy_loss         | -22.9       |
|    explained_variance   | 0           |
|    learning_rate        | 0.0017      |
|    loss                 | 1.13e+10    |
|    n_updates            | 300         |
|    policy_gradient_loss | -0.00334    |
|    std                  | 1.11        |
|    value_loss           | 2.16e+10    |
-----------------------------------------
------------------------------------------
| rollout/                |              |
|    ep_len_mean          | 20.7         |
|    ep_rew_mean          | -3.43e+05    |
| time/                   |              |
|    fps                  | 911          |
|    time_elapsed         | 285          |
|    total_timesteps      | 260000       |
| train/                  |              |
|    approx_kl            | 0.0030031456 |
|    clip_fraction        | 0.00288      |
|    clip_range           | 0.2          |
|    entropy_loss         | -22.9        |
|    explained_variance   | 0            |
|    learning_rate        | 0.0017       |
|    loss                 | 1e+10        |
|    n_updates            | 310          |
|    policy_gradient_loss | -0.00291     |
|    std                  | 1.12         |
|    value_loss           | 2.17e+10     |
------------------------------------------
------------------------------------------
| rollout/                |              |
|    ep_len_mean          | 22.9         |
|    ep_rew_mean          | -3.7e+05     |
| time/                   |              |
|    fps                  | 913          |
|    time_elapsed         | 295          |
|    total_timesteps      | 270000       |
| train/                  |              |
|    approx_kl            | 0.0027013796 |
|    clip_fraction        | 0.00178      |
|    clip_range           | 0.2          |
|    entropy_loss         | -23          |
|    explained_variance   | 2.38e-07     |
|    learning_rate        | 0.0017       |
|    loss                 | 1.02e+10     |
|    n_updates            | 320          |
|    policy_gradient_loss | -0.00297     |
|    std                  | 1.12         |
|    value_loss           | 2.03e+10     |
------------------------------------------
------------------------------------------
| rollout/                |              |
|    ep_len_mean          | 15.7         |
|    ep_rew_mean          | -2.74e+05    |
| time/                   |              |
|    fps                  | 898          |
|    time_elapsed         | 311          |
|    total_timesteps      | 280000       |
| train/                  |              |
|    approx_kl            | 0.0016961908 |
|    clip_fraction        | 0.00033      |
|    clip_range           | 0.2          |
|    entropy_loss         | -23.1        |
|    explained_variance   | -1.19e-07    |
|    learning_rate        | 0.0017       |
|    loss                 | 1.13e+10     |
|    n_updates            | 340          |
|    policy_gradient_loss | -0.00198     |
|    std                  | 1.13         |
|    value_loss           | 2.19e+10     |
------------------------------------------
------------------------------------------
| rollout/                |              |
|    ep_len_mean          | 21.2         |
|    ep_rew_mean          | -3.47e+05    |
| time/                   |              |
|    fps                  | 902          |
|    time_elapsed         | 321          |
|    total_timesteps      | 290000       |
| train/                  |              |
|    approx_kl            | 0.0018661666 |
|    clip_fraction        | 0.000757     |
|    clip_range           | 0.2          |
|    entropy_loss         | -23.2        |
|    explained_variance   | 2.38e-07     |
|    learning_rate        | 0.0017       |
|    loss                 | 9.44e+09     |
|    n_updates            | 350          |
|    policy_gradient_loss | -0.00217     |
|    std                  | 1.14         |
|    value_loss           | 2.01e+10     |
------------------------------------------
------------------------------------------
| rollout/                |              |
|    ep_len_mean          | 17.6         |
|    ep_rew_mean          | -2.99e+05    |
| time/                   |              |
|    fps                  | 905          |
|    time_elapsed         | 331          |
|    total_timesteps      | 300000       |
| train/                  |              |
|    approx_kl            | 0.0041967174 |
|    clip_fraction        | 0.00864      |
|    clip_range           | 0.2          |
|    entropy_loss         | -23.2        |
|    explained_variance   | 0            |
|    learning_rate        | 0.0017       |
|    loss                 | 9.56e+09     |
|    n_updates            | 360          |
|    policy_gradient_loss | -0.00416     |
|    std                  | 1.14         |
|    value_loss           | 2.03e+10     |
------------------------------------------
------------------------------------------
| rollout/                |              |
|    ep_len_mean          | 16.5         |
|    ep_rew_mean          | -2.8e+05     |
| time/                   |              |
|    fps                  | 909          |
|    time_elapsed         | 340          |
|    total_timesteps      | 310000       |
| train/                  |              |
|    approx_kl            | 0.0028006146 |
|    clip_fraction        | 0.00299      |
|    clip_range           | 0.2          |
|    entropy_loss         | -23.3        |
|    explained_variance   | -2.38e-07    |
|    learning_rate        | 0.0017       |
|    loss                 | 8.84e+09     |
|    n_updates            | 370          |
|    policy_gradient_loss | -0.00286     |
|    std                  | 1.14         |
|    value_loss           | 1.97e+10     |
------------------------------------------
------------------------------------------
| rollout/                |              |
|    ep_len_mean          | 20.9         |
|    ep_rew_mean          | -3.4e+05     |
| time/                   |              |
|    fps                  | 902          |
|    time_elapsed         | 354          |
|    total_timesteps      | 320000       |
| train/                  |              |
|    approx_kl            | 0.0029716415 |
|    clip_fraction        | 0.003        |
|    clip_range           | 0.2          |
|    entropy_loss         | -23.4        |
|    explained_variance   | 0            |
|    learning_rate        | 0.0017       |
|    loss                 | 9.04e+09     |
|    n_updates            | 390          |
|    policy_gradient_loss | -0.00309     |
|    std                  | 1.15         |
|    value_loss           | 2.03e+10     |
------------------------------------------
------------------------------------------
| rollout/                |              |
|    ep_len_mean          | 19.1         |
|    ep_rew_mean          | -3.19e+05    |
| time/                   |              |
|    fps                  | 905          |
|    time_elapsed         | 364          |
|    total_timesteps      | 330000       |
| train/                  |              |
|    approx_kl            | 0.0030630128 |
|    clip_fraction        | 0.00425      |
|    clip_range           | 0.2          |
|    entropy_loss         | -23.4        |
|    explained_variance   | 2.98e-07     |
|    learning_rate        | 0.0017       |
|    loss                 | 1.05e+10     |
|    n_updates            | 400          |
|    policy_gradient_loss | -0.00308     |
|    std                  | 1.16         |
|    value_loss           | 2.14e+10     |
------------------------------------------
------------------------------------------
| rollout/                |              |
|    ep_len_mean          | 25.5         |
|    ep_rew_mean          | -4.05e+05    |
| time/                   |              |
|    fps                  | 908          |
|    time_elapsed         | 374          |
|    total_timesteps      | 340000       |
| train/                  |              |
|    approx_kl            | 0.0019244645 |
|    clip_fraction        | 0.000842     |
|    clip_range           | 0.2          |
|    entropy_loss         | -23.5        |
|    explained_variance   | 0            |
|    learning_rate        | 0.0017       |
|    loss                 | 1.15e+10     |
|    n_updates            | 410          |
|    policy_gradient_loss | -0.0023      |
|    std                  | 1.16         |
|    value_loss           | 2.02e+10     |
------------------------------------------
-----------------------------------------
| rollout/                |             |
|    ep_len_mean          | 20.2        |
|    ep_rew_mean          | -3.32e+05   |
| time/                   |             |
|    fps                  | 911         |
|    time_elapsed         | 383         |
|    total_timesteps      | 350000      |
| train/                  |             |
|    approx_kl            | 0.002870194 |
|    clip_fraction        | 0.00264     |
|    clip_range           | 0.2         |
|    entropy_loss         | -23.6       |
|    explained_variance   | -2.38e-07   |
|    learning_rate        | 0.0017      |
|    loss                 | 1.15e+10    |
|    n_updates            | 420         |
|    policy_gradient_loss | -0.00305    |
|    std                  | 1.17        |
|    value_loss           | 2.14e+10    |
-----------------------------------------
------------------------------------------
| rollout/                |              |
|    ep_len_mean          | 20           |
|    ep_rew_mean          | -3.23e+05    |
| time/                   |              |
|    fps                  | 914          |
|    time_elapsed         | 393          |
|    total_timesteps      | 360000       |
| train/                  |              |
|    approx_kl            | 0.0013629203 |
|    clip_fraction        | 0.000378     |
|    clip_range           | 0.2          |
|    entropy_loss         | -23.6        |
|    explained_variance   | 2.38e-07     |
|    learning_rate        | 0.0017       |
|    loss                 | 1.08e+10     |
|    n_updates            | 430          |
|    policy_gradient_loss | -0.00153     |
|    std                  | 1.17         |
|    value_loss           | 2.06e+10     |
------------------------------------------
------------------------------------------
| rollout/                |              |
|    ep_len_mean          | 20.6         |
|    ep_rew_mean          | -3.37e+05    |
| time/                   |              |
|    fps                  | 908          |
|    time_elapsed         | 407          |
|    total_timesteps      | 370000       |
| train/                  |              |
|    approx_kl            | 0.0022899231 |
|    clip_fraction        | 0.00179      |
|    clip_range           | 0.2          |
|    entropy_loss         | -23.7        |
|    explained_variance   | -2.38e-07    |
|    learning_rate        | 0.0017       |
|    loss                 | 9.14e+09     |
|    n_updates            | 450          |
|    policy_gradient_loss | -0.00261     |
|    std                  | 1.18         |
|    value_loss           | 1.93e+10     |
------------------------------------------
-----------------------------------------
| rollout/                |             |
|    ep_len_mean          | 21.7        |
|    ep_rew_mean          | -3.47e+05   |
| time/                   |             |
|    fps                  | 911         |
|    time_elapsed         | 416         |
|    total_timesteps      | 380000      |
| train/                  |             |
|    approx_kl            | 0.002224553 |
|    clip_fraction        | 0.00159     |
|    clip_range           | 0.2         |
|    entropy_loss         | -23.8       |
|    explained_variance   | 0           |
|    learning_rate        | 0.0017      |
|    loss                 | 1.03e+10    |
|    n_updates            | 460         |
|    policy_gradient_loss | -0.00254    |
|    std                  | 1.19        |
|    value_loss           | 1.93e+10    |
-----------------------------------------
------------------------------------------
| rollout/                |              |
|    ep_len_mean          | 18.4         |
|    ep_rew_mean          | -3.08e+05    |
| time/                   |              |
|    fps                  | 914          |
|    time_elapsed         | 426          |
|    total_timesteps      | 390000       |
| train/                  |              |
|    approx_kl            | 0.0025683707 |
|    clip_fraction        | 0.00244      |
|    clip_range           | 0.2          |
|    entropy_loss         | -23.9        |
|    explained_variance   | 0            |
|    learning_rate        | 0.0017       |
|    loss                 | 1.07e+10     |
|    n_updates            | 470          |
|    policy_gradient_loss | -0.00293     |
|    std                  | 1.19         |
|    value_loss           | 2e+10        |
------------------------------------------
-----------------------------------------
| rollout/                |             |
|    ep_len_mean          | 22.4        |
|    ep_rew_mean          | -3.64e+05   |
| time/                   |             |
|    fps                  | 916         |
|    time_elapsed         | 436         |
|    total_timesteps      | 400000      |
| train/                  |             |
|    approx_kl            | 0.002574506 |
|    clip_fraction        | 0.00215     |
|    clip_range           | 0.2         |
|    entropy_loss         | -23.9       |
|    explained_variance   | 1.19e-07    |
|    learning_rate        | 0.0017      |
|    loss                 | 9.4e+09     |
|    n_updates            | 480         |
|    policy_gradient_loss | -0.00317    |
|    std                  | 1.2         |
|    value_loss           | 1.92e+10    |
-----------------------------------------
------------------------------------------
| rollout/                |              |
|    ep_len_mean          | 17.3         |
|    ep_rew_mean          | -2.98e+05    |
| time/                   |              |
|    fps                  | 911          |
|    time_elapsed         | 449          |
|    total_timesteps      | 410000       |
| train/                  |              |
|    approx_kl            | 0.0013477298 |
|    clip_fraction        | 0.000415     |
|    clip_range           | 0.2          |
|    entropy_loss         | -24          |
|    explained_variance   | -1.19e-07    |
|    learning_rate        | 0.0017       |
|    loss                 | 1.03e+10     |
|    n_updates            | 500          |
|    policy_gradient_loss | -0.00208     |
|    std                  | 1.2          |
|    value_loss           | 1.93e+10     |
------------------------------------------
------------------------------------------
| rollout/                |              |
|    ep_len_mean          | 18.5         |
|    ep_rew_mean          | -3.12e+05    |
| time/                   |              |
|    fps                  | 913          |
|    time_elapsed         | 459          |
|    total_timesteps      | 420000       |
| train/                  |              |
|    approx_kl            | 0.0033796374 |
|    clip_fraction        | 0.00475      |
|    clip_range           | 0.2          |
|    entropy_loss         | -24.1        |
|    explained_variance   | 1.79e-07     |
|    learning_rate        | 0.0017       |
|    loss                 | 9.32e+09     |
|    n_updates            | 510          |
|    policy_gradient_loss | -0.00323     |
|    std                  | 1.21         |
|    value_loss           | 1.85e+10     |
------------------------------------------
------------------------------------------
| rollout/                |              |
|    ep_len_mean          | 20.1         |
|    ep_rew_mean          | -3.34e+05    |
| time/                   |              |
|    fps                  | 916          |
|    time_elapsed         | 469          |
|    total_timesteps      | 430000       |
| train/                  |              |
|    approx_kl            | 0.0021078219 |
|    clip_fraction        | 0.00134      |
|    clip_range           | 0.2          |
|    entropy_loss         | -24.2        |
|    explained_variance   | 0            |
|    learning_rate        | 0.0017       |
|    loss                 | 1.01e+10     |
|    n_updates            | 520          |
|    policy_gradient_loss | -0.00258     |
|    std                  | 1.21         |
|    value_loss           | 1.93e+10     |
------------------------------------------
------------------------------------------
| rollout/                |              |
|    ep_len_mean          | 19.1         |
|    ep_rew_mean          | -3.17e+05    |
| time/                   |              |
|    fps                  | 918          |
|    time_elapsed         | 479          |
|    total_timesteps      | 440000       |
| train/                  |              |
|    approx_kl            | 0.0023109731 |
|    clip_fraction        | 0.00128      |
|    clip_range           | 0.2          |
|    entropy_loss         | -24.2        |
|    explained_variance   | -2.38e-07    |
|    learning_rate        | 0.0017       |
|    loss                 | 1.04e+10     |
|    n_updates            | 530          |
|    policy_gradient_loss | -0.00277     |
|    std                  | 1.22         |
|    value_loss           | 1.9e+10      |
------------------------------------------
------------------------------------------
| rollout/                |              |
|    ep_len_mean          | 20.3         |
|    ep_rew_mean          | -3.34e+05    |
| time/                   |              |
|    fps                  | 920          |
|    time_elapsed         | 488          |
|    total_timesteps      | 450000       |
| train/                  |              |
|    approx_kl            | 0.0024967664 |
|    clip_fraction        | 0.00221      |
|    clip_range           | 0.2          |
|    entropy_loss         | -24.3        |
|    explained_variance   | 0            |
|    learning_rate        | 0.0017       |
|    loss                 | 1.02e+10     |
|    n_updates            | 540          |
|    policy_gradient_loss | -0.00293     |
|    std                  | 1.22         |
|    value_loss           | 1.93e+10     |
------------------------------------------
------------------------------------------
| rollout/                |              |
|    ep_len_mean          | 20.5         |
|    ep_rew_mean          | -3.37e+05    |
| time/                   |              |
|    fps                  | 914          |
|    time_elapsed         | 502          |
|    total_timesteps      | 460000       |
| train/                  |              |
|    approx_kl            | 0.0013809295 |
|    clip_fraction        | 0.000452     |
|    clip_range           | 0.2          |
|    entropy_loss         | -24.4        |
|    explained_variance   | 1.79e-07     |
|    learning_rate        | 0.0017       |
|    loss                 | 8.6e+09      |
|    n_updates            | 560          |
|    policy_gradient_loss | -0.00185     |
|    std                  | 1.23         |
|    value_loss           | 1.84e+10     |
------------------------------------------
------------------------------------------
| rollout/                |              |
|    ep_len_mean          | 17.8         |
|    ep_rew_mean          | -3.01e+05    |
| time/                   |              |
|    fps                  | 916          |
|    time_elapsed         | 512          |
|    total_timesteps      | 470000       |
| train/                  |              |
|    approx_kl            | 0.0011929347 |
|    clip_fraction        | 0.00011      |
|    clip_range           | 0.2          |
|    entropy_loss         | -24.5        |
|    explained_variance   | 0            |
|    learning_rate        | 0.0017       |
|    loss                 | 8.53e+09     |
|    n_updates            | 570          |
|    policy_gradient_loss | -0.00169     |
|    std                  | 1.24         |
|    value_loss           | 1.83e+10     |
------------------------------------------
------------------------------------------
| rollout/                |              |
|    ep_len_mean          | 19.3         |
|    ep_rew_mean          | -3.19e+05    |
| time/                   |              |
|    fps                  | 918          |
|    time_elapsed         | 522          |
|    total_timesteps      | 480000       |
| train/                  |              |
|    approx_kl            | 0.0026250842 |
|    clip_fraction        | 0.00199      |
|    clip_range           | 0.2          |
|    entropy_loss         | -24.5        |
|    explained_variance   | -2.38e-07    |
|    learning_rate        | 0.0017       |
|    loss                 | 9.31e+09     |
|    n_updates            | 580          |
|    policy_gradient_loss | -0.0031      |
|    std                  | 1.24         |
|    value_loss           | 1.86e+10     |
------------------------------------------
------------------------------------------
| rollout/                |              |
|    ep_len_mean          | 18.5         |
|    ep_rew_mean          | -3.1e+05     |
| time/                   |              |
|    fps                  | 920          |
|    time_elapsed         | 532          |
|    total_timesteps      | 490000       |
| train/                  |              |
|    approx_kl            | 0.0017464848 |
|    clip_fraction        | 0.000696     |
|    clip_range           | 0.2          |
|    entropy_loss         | -24.6        |
|    explained_variance   | 0            |
|    learning_rate        | 0.0017       |
|    loss                 | 1.02e+10     |
|    n_updates            | 590          |
|    policy_gradient_loss | -0.00218     |
|    std                  | 1.25         |
|    value_loss           | 1.82e+10     |
------------------------------------------
-----------------------------------------
| rollout/                |             |
|    ep_len_mean          | 17          |
|    ep_rew_mean          | -2.89e+05   |
| time/                   |             |
|    fps                  | 915         |
|    time_elapsed         | 546         |
|    total_timesteps      | 500000      |
| train/                  |             |
|    approx_kl            | 0.002482358 |
|    clip_fraction        | 0.00166     |
|    clip_range           | 0.2         |
|    entropy_loss         | -24.7       |
|    explained_variance   | 2.38e-07    |
|    learning_rate        | 0.0017      |
|    loss                 | 9.24e+09    |
|    n_updates            | 610         |
|    policy_gradient_loss | -0.0028     |
|    std                  | 1.26        |
|    value_loss           | 1.81e+10    |
-----------------------------------------
------------------------------------------
| rollout/                |              |
|    ep_len_mean          | 19.6         |
|    ep_rew_mean          | -3.16e+05    |
| time/                   |              |
|    fps                  | 917          |
|    time_elapsed         | 555          |
|    total_timesteps      | 510000       |
| train/                  |              |
|    approx_kl            | 0.0017008067 |
|    clip_fraction        | 0.000684     |
|    clip_range           | 0.2          |
|    entropy_loss         | -24.8        |
|    explained_variance   | -2.38e-07    |
|    learning_rate        | 0.0017       |
|    loss                 | 9.19e+09     |
|    n_updates            | 620          |
|    policy_gradient_loss | -0.00259     |
|    std                  | 1.27         |
|    value_loss           | 1.79e+10     |
------------------------------------------
------------------------------------------
| rollout/                |              |
|    ep_len_mean          | 18.8         |
|    ep_rew_mean          | -3.08e+05    |
| time/                   |              |
|    fps                  | 919          |
|    time_elapsed         | 565          |
|    total_timesteps      | 520000       |
| train/                  |              |
|    approx_kl            | 0.0021642977 |
|    clip_fraction        | 0.00154      |
|    clip_range           | 0.2          |
|    entropy_loss         | -24.8        |
|    explained_variance   | 0            |
|    learning_rate        | 0.0017       |
|    loss                 | 8.87e+09     |
|    n_updates            | 630          |
|    policy_gradient_loss | -0.00285     |
|    std                  | 1.27         |
|    value_loss           | 1.83e+10     |
------------------------------------------
------------------------------------------
| rollout/                |              |
|    ep_len_mean          | 13.9         |
|    ep_rew_mean          | -2.48e+05    |
| time/                   |              |
|    fps                  | 921          |
|    time_elapsed         | 575          |
|    total_timesteps      | 530000       |
| train/                  |              |
|    approx_kl            | 0.0023586114 |
|    clip_fraction        | 0.00122      |
|    clip_range           | 0.2          |
|    entropy_loss         | -24.9        |
|    explained_variance   | 5.96e-08     |
|    learning_rate        | 0.0017       |
|    loss                 | 9.04e+09     |
|    n_updates            | 640          |
|    policy_gradient_loss | -0.00289     |
|    std                  | 1.28         |
|    value_loss           | 1.82e+10     |
------------------------------------------
------------------------------------------
| rollout/                |              |
|    ep_len_mean          | 18.5         |
|    ep_rew_mean          | -3.01e+05    |
| time/                   |              |
|    fps                  | 922          |
|    time_elapsed         | 585          |
|    total_timesteps      | 540000       |
| train/                  |              |
|    approx_kl            | 0.0032495244 |
|    clip_fraction        | 0.00651      |
|    clip_range           | 0.2          |
|    entropy_loss         | -25          |
|    explained_variance   | 1.79e-07     |
|    learning_rate        | 0.0017       |
|    loss                 | 8.93e+09     |
|    n_updates            | 650          |
|    policy_gradient_loss | -0.00339     |
|    std                  | 1.28         |
|    value_loss           | 1.72e+10     |
------------------------------------------
-----------------------------------------
| rollout/                |             |
|    ep_len_mean          | 17.9        |
|    ep_rew_mean          | -3.06e+05   |
| time/                   |             |
|    fps                  | 918         |
|    time_elapsed         | 599         |
|    total_timesteps      | 550000      |
| train/                  |             |
|    approx_kl            | 0.002773278 |
|    clip_fraction        | 0.00356     |
|    clip_range           | 0.2         |
|    entropy_loss         | -25.1       |
|    explained_variance   | 0           |
|    learning_rate        | 0.0017      |
|    loss                 | 7.75e+09    |
|    n_updates            | 670         |
|    policy_gradient_loss | -0.0033     |
|    std                  | 1.29        |
|    value_loss           | 1.7e+10     |
-----------------------------------------
------------------------------------------
| rollout/                |              |
|    ep_len_mean          | 18.2         |
|    ep_rew_mean          | -3.02e+05    |
| time/                   |              |
|    fps                  | 919          |
|    time_elapsed         | 608          |
|    total_timesteps      | 560000       |
| train/                  |              |
|    approx_kl            | 0.0027189218 |
|    clip_fraction        | 0.0038       |
|    clip_range           | 0.2          |
|    entropy_loss         | -25.1        |
|    explained_variance   | 0            |
|    learning_rate        | 0.0017       |
|    loss                 | 8.33e+09     |
|    n_updates            | 680          |
|    policy_gradient_loss | -0.00302     |
|    std                  | 1.3          |
|    value_loss           | 1.8e+10      |
------------------------------------------
------------------------------------------
| rollout/                |              |
|    ep_len_mean          | 16           |
|    ep_rew_mean          | -2.76e+05    |
| time/                   |              |
|    fps                  | 921          |
|    time_elapsed         | 618          |
|    total_timesteps      | 570000       |
| train/                  |              |
|    approx_kl            | 0.0026442814 |
|    clip_fraction        | 0.0027       |
|    clip_range           | 0.2          |
|    entropy_loss         | -25.2        |
|    explained_variance   | 2.38e-07     |
|    learning_rate        | 0.0017       |
|    loss                 | 9.45e+09     |
|    n_updates            | 690          |
|    policy_gradient_loss | -0.00281     |
|    std                  | 1.3          |
|    value_loss           | 1.74e+10     |
------------------------------------------
------------------------------------------
| rollout/                |              |
|    ep_len_mean          | 16           |
|    ep_rew_mean          | -2.72e+05    |
| time/                   |              |
|    fps                  | 922          |
|    time_elapsed         | 628          |
|    total_timesteps      | 580000       |
| train/                  |              |
|    approx_kl            | 0.0017109038 |
|    clip_fraction        | 0.00161      |
|    clip_range           | 0.2          |
|    entropy_loss         | -25.3        |
|    explained_variance   | -1.19e-07    |
|    learning_rate        | 0.0017       |
|    loss                 | 9.07e+09     |
|    n_updates            | 700          |
|    policy_gradient_loss | -0.00223     |
|    std                  | 1.31         |
|    value_loss           | 1.75e+10     |
------------------------------------------
-----------------------------------------
| rollout/                |             |
|    ep_len_mean          | 15.6        |
|    ep_rew_mean          | -2.68e+05   |
| time/                   |             |
|    fps                  | 917         |
|    time_elapsed         | 642         |
|    total_timesteps      | 590000      |
| train/                  |             |
|    approx_kl            | 0.001663703 |
|    clip_fraction        | 0.000464    |
|    clip_range           | 0.2         |
|    entropy_loss         | -25.4       |
|    explained_variance   | 5.96e-08    |
|    learning_rate        | 0.0017      |
|    loss                 | 9.09e+09    |
|    n_updates            | 720         |
|    policy_gradient_loss | -0.00216    |
|    std                  | 1.32        |
|    value_loss           | 1.75e+10    |
-----------------------------------------
------------------------------------------
| rollout/                |              |
|    ep_len_mean          | 16.7         |
|    ep_rew_mean          | -2.81e+05    |
| time/                   |              |
|    fps                  | 919          |
|    time_elapsed         | 652          |
|    total_timesteps      | 600000       |
| train/                  |              |
|    approx_kl            | 0.0028602728 |
|    clip_fraction        | 0.00874      |
|    clip_range           | 0.2          |
|    entropy_loss         | -25.4        |
|    explained_variance   | 1.79e-07     |
|    learning_rate        | 0.0017       |
|    loss                 | 9.41e+09     |
|    n_updates            | 730          |
|    policy_gradient_loss | -0.00312     |
|    std                  | 1.32         |
|    value_loss           | 1.79e+10     |
------------------------------------------
-----------------------------------------
| rollout/                |             |
|    ep_len_mean          | 16.6        |
|    ep_rew_mean          | -2.8e+05    |
| time/                   |             |
|    fps                  | 920         |
|    time_elapsed         | 662         |
|    total_timesteps      | 610000      |
| train/                  |             |
|    approx_kl            | 0.003221327 |
|    clip_fraction        | 0.00868     |
|    clip_range           | 0.2         |
|    entropy_loss         | -25.5       |
|    explained_variance   | -2.38e-07   |
|    learning_rate        | 0.0017      |
|    loss                 | 7.88e+09    |
|    n_updates            | 740         |
|    policy_gradient_loss | -0.00307    |
|    std                  | 1.33        |
|    value_loss           | 1.65e+10    |
-----------------------------------------
------------------------------------------
| rollout/                |              |
|    ep_len_mean          | 14.6         |
|    ep_rew_mean          | -2.53e+05    |
| time/                   |              |
|    fps                  | 922          |
|    time_elapsed         | 672          |
|    total_timesteps      | 620000       |
| train/                  |              |
|    approx_kl            | 0.0018853504 |
|    clip_fraction        | 0.00109      |
|    clip_range           | 0.2          |
|    entropy_loss         | -25.6        |
|    explained_variance   | 0            |
|    learning_rate        | 0.0017       |
|    loss                 | 8.29e+09     |
|    n_updates            | 750          |
|    policy_gradient_loss | -0.00293     |
|    std                  | 1.33         |
|    value_loss           | 1.76e+10     |
------------------------------------------
------------------------------------------
| rollout/                |              |
|    ep_len_mean          | 20.2         |
|    ep_rew_mean          | -3.32e+05    |
| time/                   |              |
|    fps                  | 923          |
|    time_elapsed         | 682          |
|    total_timesteps      | 630000       |
| train/                  |              |
|    approx_kl            | 0.0031911125 |
|    clip_fraction        | 0.00583      |
|    clip_range           | 0.2          |
|    entropy_loss         | -25.6        |
|    explained_variance   | -1.19e-07    |
|    learning_rate        | 0.0017       |
|    loss                 | 7.46e+09     |
|    n_updates            | 760          |
|    policy_gradient_loss | -0.00376     |
|    std                  | 1.34         |
|    value_loss           | 1.66e+10     |
------------------------------------------
------------------------------------------
| rollout/                |              |
|    ep_len_mean          | 17           |
|    ep_rew_mean          | -2.87e+05    |
| time/                   |              |
|    fps                  | 918          |
|    time_elapsed         | 696          |
|    total_timesteps      | 640000       |
| train/                  |              |
|    approx_kl            | 0.0025731905 |
|    clip_fraction        | 0.00243      |
|    clip_range           | 0.2          |
|    entropy_loss         | -25.8        |
|    explained_variance   | -2.38e-07    |
|    learning_rate        | 0.0017       |
|    loss                 | 7.93e+09     |
|    n_updates            | 780          |
|    policy_gradient_loss | -0.00325     |
|    std                  | 1.35         |
|    value_loss           | 1.63e+10     |
------------------------------------------
------------------------------------------
| rollout/                |              |
|    ep_len_mean          | 14.4         |
|    ep_rew_mean          | -2.46e+05    |
| time/                   |              |
|    fps                  | 916          |
|    time_elapsed         | 709          |
|    total_timesteps      | 650000       |
| train/                  |              |
|    approx_kl            | 0.0028545868 |
|    clip_fraction        | 0.0038       |
|    clip_range           | 0.2          |
|    entropy_loss         | -25.8        |
|    explained_variance   | 0            |
|    learning_rate        | 0.0017       |
|    loss                 | 9.46e+09     |
|    n_updates            | 790          |
|    policy_gradient_loss | -0.00302     |
|    std                  | 1.36         |
|    value_loss           | 1.75e+10     |
------------------------------------------
------------------------------------------
| rollout/                |              |
|    ep_len_mean          | 17.8         |
|    ep_rew_mean          | -2.98e+05    |
| time/                   |              |
|    fps                  | 916          |
|    time_elapsed         | 719          |
|    total_timesteps      | 660000       |
| train/                  |              |
|    approx_kl            | 0.0016744245 |
|    clip_fraction        | 0.00167      |
|    clip_range           | 0.2          |
|    entropy_loss         | -25.9        |
|    explained_variance   | 5.96e-08     |
|    learning_rate        | 0.0017       |
|    loss                 | 8.74e+09     |
|    n_updates            | 800          |
|    policy_gradient_loss | -0.00203     |
|    std                  | 1.36         |
|    value_loss           | 1.65e+10     |
------------------------------------------
------------------------------------------
| rollout/                |              |
|    ep_len_mean          | 14.4         |
|    ep_rew_mean          | -2.49e+05    |
| time/                   |              |
|    fps                  | 918          |
|    time_elapsed         | 729          |
|    total_timesteps      | 670000       |
| train/                  |              |
|    approx_kl            | 0.0030451145 |
|    clip_fraction        | 0.00453      |
|    clip_range           | 0.2          |
|    entropy_loss         | -25.9        |
|    explained_variance   | 2.38e-07     |
|    learning_rate        | 0.0017       |
|    loss                 | 8.49e+09     |
|    n_updates            | 810          |
|    policy_gradient_loss | -0.00337     |
|    std                  | 1.37         |
|    value_loss           | 1.68e+10     |
------------------------------------------
------------------------------------------
| rollout/                |              |
|    ep_len_mean          | 14.4         |
|    ep_rew_mean          | -2.48e+05    |
| time/                   |              |
|    fps                  | 914          |
|    time_elapsed         | 743          |
|    total_timesteps      | 680000       |
| train/                  |              |
|    approx_kl            | 0.0018019332 |
|    clip_fraction        | 0.00251      |
|    clip_range           | 0.2          |
|    entropy_loss         | -26.1        |
|    explained_variance   | 0            |
|    learning_rate        | 0.0017       |
|    loss                 | 7.5e+09      |
|    n_updates            | 830          |
|    policy_gradient_loss | -0.00263     |
|    std                  | 1.38         |
|    value_loss           | 1.6e+10      |
------------------------------------------
------------------------------------------
| rollout/                |              |
|    ep_len_mean          | 15.6         |
|    ep_rew_mean          | -2.62e+05    |
| time/                   |              |
|    fps                  | 915          |
|    time_elapsed         | 753          |
|    total_timesteps      | 690000       |
| train/                  |              |
|    approx_kl            | 0.0022304375 |
|    clip_fraction        | 0.00251      |
|    clip_range           | 0.2          |
|    entropy_loss         | -26.1        |
|    explained_variance   | 0            |
|    learning_rate        | 0.0017       |
|    loss                 | 8.61e+09     |
|    n_updates            | 840          |
|    policy_gradient_loss | -0.00306     |
|    std                  | 1.39         |
|    value_loss           | 1.62e+10     |
------------------------------------------
-----------------------------------------
| rollout/                |             |
|    ep_len_mean          | 18.9        |
|    ep_rew_mean          | -3.11e+05   |
| time/                   |             |
|    fps                  | 917         |
|    time_elapsed         | 763         |
|    total_timesteps      | 700000      |
| train/                  |             |
|    approx_kl            | 0.002073461 |
|    clip_fraction        | 0.00126     |
|    clip_range           | 0.2         |
|    entropy_loss         | -26.2       |
|    explained_variance   | 2.38e-07    |
|    learning_rate        | 0.0017      |
|    loss                 | 7.79e+09    |
|    n_updates            | 850         |
|    policy_gradient_loss | -0.00229    |
|    std                  | 1.39        |
|    value_loss           | 1.65e+10    |
-----------------------------------------
------------------------------------------
| rollout/                |              |
|    ep_len_mean          | 13.2         |
|    ep_rew_mean          | -2.33e+05    |
| time/                   |              |
|    fps                  | 918          |
|    time_elapsed         | 772          |
|    total_timesteps      | 710000       |
| train/                  |              |
|    approx_kl            | 0.0029435838 |
|    clip_fraction        | 0.00499      |
|    clip_range           | 0.2          |
|    entropy_loss         | -26.3        |
|    explained_variance   | -2.38e-07    |
|    learning_rate        | 0.0017       |
|    loss                 | 9.78e+09     |
|    n_updates            | 860          |
|    policy_gradient_loss | -0.0031      |
|    std                  | 1.4          |
|    value_loss           | 1.71e+10     |
------------------------------------------
------------------------------------------
| rollout/                |              |
|    ep_len_mean          | 19.7         |
|    ep_rew_mean          | -3.16e+05    |
| time/                   |              |
|    fps                  | 919          |
|    time_elapsed         | 782          |
|    total_timesteps      | 720000       |
| train/                  |              |
|    approx_kl            | 0.0029627464 |
|    clip_fraction        | 0.00442      |
|    clip_range           | 0.2          |
|    entropy_loss         | -26.3        |
|    explained_variance   | 0            |
|    learning_rate        | 0.0017       |
|    loss                 | 9.36e+09     |
|    n_updates            | 870          |
|    policy_gradient_loss | -0.00374     |
|    std                  | 1.4          |
|    value_loss           | 1.59e+10     |
------------------------------------------
-----------------------------------------
| rollout/                |             |
|    ep_len_mean          | 17.1        |
|    ep_rew_mean          | -2.89e+05   |
| time/                   |             |
|    fps                  | 916         |
|    time_elapsed         | 796         |
|    total_timesteps      | 730000      |
| train/                  |             |
|    approx_kl            | 0.002356695 |
|    clip_fraction        | 0.00282     |
|    clip_range           | 0.2         |
|    entropy_loss         | -26.4       |
|    explained_variance   | 1.79e-07    |
|    learning_rate        | 0.0017      |
|    loss                 | 9.36e+09    |
|    n_updates            | 890         |
|    policy_gradient_loss | -0.0026     |
|    std                  | 1.41        |
|    value_loss           | 1.62e+10    |
-----------------------------------------
------------------------------------------
| rollout/                |              |
|    ep_len_mean          | 15.5         |
|    ep_rew_mean          | -2.64e+05    |
| time/                   |              |
|    fps                  | 917          |
|    time_elapsed         | 806          |
|    total_timesteps      | 740000       |
| train/                  |              |
|    approx_kl            | 0.0023588159 |
|    clip_fraction        | 0.00367      |
|    clip_range           | 0.2          |
|    entropy_loss         | -26.5        |
|    explained_variance   | -2.38e-07    |
|    learning_rate        | 0.0017       |
|    loss                 | 9.03e+09     |
|    n_updates            | 900          |
|    policy_gradient_loss | -0.0027      |
|    std                  | 1.42         |
|    value_loss           | 1.63e+10     |
------------------------------------------
------------------------------------------
| rollout/                |              |
|    ep_len_mean          | 16.9         |
|    ep_rew_mean          | -2.81e+05    |
| time/                   |              |
|    fps                  | 918          |
|    time_elapsed         | 816          |
|    total_timesteps      | 750000       |
| train/                  |              |
|    approx_kl            | 0.0016934266 |
|    clip_fraction        | 0.000696     |
|    clip_range           | 0.2          |
|    entropy_loss         | -26.6        |
|    explained_variance   | -1.19e-07    |
|    learning_rate        | 0.0017       |
|    loss                 | 7.28e+09     |
|    n_updates            | 910          |
|    policy_gradient_loss | -0.00206     |
|    std                  | 1.43         |
|    value_loss           | 1.54e+10     |
------------------------------------------
-----------------------------------------
| rollout/                |             |
|    ep_len_mean          | 14.8        |
|    ep_rew_mean          | -2.56e+05   |
| time/                   |             |
|    fps                  | 919         |
|    time_elapsed         | 826         |
|    total_timesteps      | 760000      |
| train/                  |             |
|    approx_kl            | 0.002765267 |
|    clip_fraction        | 0.00529     |
|    clip_range           | 0.2         |
|    entropy_loss         | -26.6       |
|    explained_variance   | 0           |
|    learning_rate        | 0.0017      |
|    loss                 | 7.24e+09    |
|    n_updates            | 920         |
|    policy_gradient_loss | -0.00312    |
|    std                  | 1.43        |
|    value_loss           | 1.56e+10    |
-----------------------------------------
-----------------------------------------
| rollout/                |             |
|    ep_len_mean          | 15.2        |
|    ep_rew_mean          | -2.61e+05   |
| time/                   |             |
|    fps                  | 920         |
|    time_elapsed         | 836         |
|    total_timesteps      | 770000      |
| train/                  |             |
|    approx_kl            | 0.002303555 |
|    clip_fraction        | 0.00372     |
|    clip_range           | 0.2         |
|    entropy_loss         | -26.7       |
|    explained_variance   | 1.19e-07    |
|    learning_rate        | 0.0017      |
|    loss                 | 8.9e+09     |
|    n_updates            | 930         |
|    policy_gradient_loss | -0.0021     |
|    std                  | 1.44        |
|    value_loss           | 1.57e+10    |
-----------------------------------------
------------------------------------------
| rollout/                |              |
|    ep_len_mean          | 17.7         |
|    ep_rew_mean          | -2.89e+05    |
| time/                   |              |
|    fps                  | 917          |
|    time_elapsed         | 850          |
|    total_timesteps      | 780000       |
| train/                  |              |
|    approx_kl            | 0.0030273262 |
|    clip_fraction        | 0.00503      |
|    clip_range           | 0.2          |
|    entropy_loss         | -26.8        |
|    explained_variance   | 5.96e-08     |
|    learning_rate        | 0.0017       |
|    loss                 | 7.67e+09     |
|    n_updates            | 950          |
|    policy_gradient_loss | -0.00334     |
|    std                  | 1.45         |
|    value_loss           | 1.57e+10     |
------------------------------------------
-----------------------------------------
| rollout/                |             |
|    ep_len_mean          | 15.8        |
|    ep_rew_mean          | -2.69e+05   |
| time/                   |             |
|    fps                  | 918         |
|    time_elapsed         | 860         |
|    total_timesteps      | 790000      |
| train/                  |             |
|    approx_kl            | 0.001699402 |
|    clip_fraction        | 0.00072     |
|    clip_range           | 0.2         |
|    entropy_loss         | -26.9       |
|    explained_variance   | 0           |
|    learning_rate        | 0.0017      |
|    loss                 | 7.12e+09    |
|    n_updates            | 960         |
|    policy_gradient_loss | -0.00222    |
|    std                  | 1.46        |
|    value_loss           | 1.5e+10     |
-----------------------------------------
------------------------------------------
| rollout/                |              |
|    ep_len_mean          | 17.6         |
|    ep_rew_mean          | -2.9e+05     |
| time/                   |              |
|    fps                  | 919          |
|    time_elapsed         | 870          |
|    total_timesteps      | 800000       |
| train/                  |              |
|    approx_kl            | 0.0029099314 |
|    clip_fraction        | 0.00723      |
|    clip_range           | 0.2          |
|    entropy_loss         | -27          |
|    explained_variance   | 2.38e-07     |
|    learning_rate        | 0.0017       |
|    loss                 | 7.93e+09     |
|    n_updates            | 970          |
|    policy_gradient_loss | -0.00416     |
|    std                  | 1.47         |
|    value_loss           | 1.58e+10     |
------------------------------------------
-----------------------------------------
| rollout/                |             |
|    ep_len_mean          | 17.8        |
|    ep_rew_mean          | -2.94e+05   |
| time/                   |             |
|    fps                  | 920         |
|    time_elapsed         | 880         |
|    total_timesteps      | 810000      |
| train/                  |             |
|    approx_kl            | 0.002444189 |
|    clip_fraction        | 0.00524     |
|    clip_range           | 0.2         |
|    entropy_loss         | -27         |
|    explained_variance   | -2.38e-07   |
|    learning_rate        | 0.0017      |
|    loss                 | 7.73e+09    |
|    n_updates            | 980         |
|    policy_gradient_loss | -0.00329    |
|    std                  | 1.47        |
|    value_loss           | 1.56e+10    |
-----------------------------------------
------------------------------------------
| rollout/                |              |
|    ep_len_mean          | 13.7         |
|    ep_rew_mean          | -2.42e+05    |
| time/                   |              |
|    fps                  | 916          |
|    time_elapsed         | 894          |
|    total_timesteps      | 820000       |
| train/                  |              |
|    approx_kl            | 0.0028970868 |
|    clip_fraction        | 0.00691      |
|    clip_range           | 0.2          |
|    entropy_loss         | -27.2        |
|    explained_variance   | 0            |
|    learning_rate        | 0.0017       |
|    loss                 | 7.03e+09     |
|    n_updates            | 1000         |
|    policy_gradient_loss | -0.00301     |
|    std                  | 1.49         |
|    value_loss           | 1.59e+10     |
------------------------------------------
------------------------------------------
| rollout/                |              |
|    ep_len_mean          | 17.9         |
|    ep_rew_mean          | -2.98e+05    |
| time/                   |              |
|    fps                  | 917          |
|    time_elapsed         | 904          |
|    total_timesteps      | 830000       |
| train/                  |              |
|    approx_kl            | 0.0022063479 |
|    clip_fraction        | 0.00193      |
|    clip_range           | 0.2          |
|    entropy_loss         | -27.2        |
|    explained_variance   | 1.79e-07     |
|    learning_rate        | 0.0017       |
|    loss                 | 7.51e+09     |
|    n_updates            | 1010         |
|    policy_gradient_loss | -0.00236     |
|    std                  | 1.49         |
|    value_loss           | 1.55e+10     |
------------------------------------------
------------------------------------------
| rollout/                |              |
|    ep_len_mean          | 13.2         |
|    ep_rew_mean          | -2.34e+05    |
| time/                   |              |
|    fps                  | 918          |
|    time_elapsed         | 914          |
|    total_timesteps      | 840000       |
| train/                  |              |
|    approx_kl            | 0.0015604028 |
|    clip_fraction        | 0.00221      |
|    clip_range           | 0.2          |
|    entropy_loss         | -27.3        |
|    explained_variance   | -2.38e-07    |
|    learning_rate        | 0.0017       |
|    loss                 | 8.25e+09     |
|    n_updates            | 1020         |
|    policy_gradient_loss | -0.00197     |
|    std                  | 1.5          |
|    value_loss           | 1.62e+10     |
------------------------------------------
------------------------------------------
| rollout/                |              |
|    ep_len_mean          | 15.2         |
|    ep_rew_mean          | -2.63e+05    |
| time/                   |              |
|    fps                  | 919          |
|    time_elapsed         | 924          |
|    total_timesteps      | 850000       |
| train/                  |              |
|    approx_kl            | 0.0023990055 |
|    clip_fraction        | 0.00676      |
|    clip_range           | 0.2          |
|    entropy_loss         | -27.4        |
|    explained_variance   | 0            |
|    learning_rate        | 0.0017       |
|    loss                 | 7.74e+09     |
|    n_updates            | 1030         |
|    policy_gradient_loss | -0.00245     |
|    std                  | 1.51         |
|    value_loss           | 1.51e+10     |
------------------------------------------
------------------------------------------
| rollout/                |              |
|    ep_len_mean          | 18.9         |
|    ep_rew_mean          | -3.05e+05    |
| time/                   |              |
|    fps                  | 920          |
|    time_elapsed         | 933          |
|    total_timesteps      | 860000       |
| train/                  |              |
|    approx_kl            | 0.0017462748 |
|    clip_fraction        | 0.00133      |
|    clip_range           | 0.2          |
|    entropy_loss         | -27.5        |
|    explained_variance   | 0            |
|    learning_rate        | 0.0017       |
|    loss                 | 8.13e+09     |
|    n_updates            | 1040         |
|    policy_gradient_loss | -0.00236     |
|    std                  | 1.51         |
|    value_loss           | 1.55e+10     |
------------------------------------------
------------------------------------------
| rollout/                |              |
|    ep_len_mean          | 14           |
|    ep_rew_mean          | -2.42e+05    |
| time/                   |              |
|    fps                  | 917          |
|    time_elapsed         | 947          |
|    total_timesteps      | 870000       |
| train/                  |              |
|    approx_kl            | 0.0025099346 |
|    clip_fraction        | 0.00431      |
|    clip_range           | 0.2          |
|    entropy_loss         | -27.6        |
|    explained_variance   | -1.19e-07    |
|    learning_rate        | 0.0017       |
|    loss                 | 8.11e+09     |
|    n_updates            | 1060         |
|    policy_gradient_loss | -0.00272     |
|    std                  | 1.53         |
|    value_loss           | 1.58e+10     |
------------------------------------------
-----------------------------------------
| rollout/                |             |
|    ep_len_mean          | 14.1        |
|    ep_rew_mean          | -2.5e+05    |
| time/                   |             |
|    fps                  | 918         |
|    time_elapsed         | 957         |
|    total_timesteps      | 880000      |
| train/                  |             |
|    approx_kl            | 0.002000012 |
|    clip_fraction        | 0.00256     |
|    clip_range           | 0.2         |
|    entropy_loss         | -27.7       |
|    explained_variance   | 0           |
|    learning_rate        | 0.0017      |
|    loss                 | 7.15e+09    |
|    n_updates            | 1070        |
|    policy_gradient_loss | -0.00242    |
|    std                  | 1.53        |
|    value_loss           | 1.44e+10    |
-----------------------------------------
------------------------------------------
| rollout/                |              |
|    ep_len_mean          | 18           |
|    ep_rew_mean          | -2.95e+05    |
| time/                   |              |
|    fps                  | 919          |
|    time_elapsed         | 967          |
|    total_timesteps      | 890000       |
| train/                  |              |
|    approx_kl            | 0.0018614142 |
|    clip_fraction        | 0.00352      |
|    clip_range           | 0.2          |
|    entropy_loss         | -27.7        |
|    explained_variance   | 0            |
|    learning_rate        | 0.0017       |
|    loss                 | 8.16e+09     |
|    n_updates            | 1080         |
|    policy_gradient_loss | -0.00203     |
|    std                  | 1.54         |
|    value_loss           | 1.54e+10     |
------------------------------------------
------------------------------------------
| rollout/                |              |
|    ep_len_mean          | 15.6         |
|    ep_rew_mean          | -2.58e+05    |
| time/                   |              |
|    fps                  | 920          |
|    time_elapsed         | 977          |
|    total_timesteps      | 900000       |
| train/                  |              |
|    approx_kl            | 0.0022893664 |
|    clip_fraction        | 0.00276      |
|    clip_range           | 0.2          |
|    entropy_loss         | -27.8        |
|    explained_variance   | 1.79e-07     |
|    learning_rate        | 0.0017       |
|    loss                 | 8.16e+09     |
|    n_updates            | 1090         |
|    policy_gradient_loss | -0.00235     |
|    std                  | 1.55         |
|    value_loss           | 1.57e+10     |
------------------------------------------
------------------------------------------
| rollout/                |              |
|    ep_len_mean          | 15.2         |
|    ep_rew_mean          | -2.57e+05    |
| time/                   |              |
|    fps                  | 917          |
|    time_elapsed         | 991          |
|    total_timesteps      | 910000       |
| train/                  |              |
|    approx_kl            | 0.0020573938 |
|    clip_fraction        | 0.00228      |
|    clip_range           | 0.2          |
|    entropy_loss         | -27.9        |
|    explained_variance   | 0            |
|    learning_rate        | 0.0017       |
|    loss                 | 8.72e+09     |
|    n_updates            | 1110         |
|    policy_gradient_loss | -0.00199     |
|    std                  | 1.56         |
|    value_loss           | 1.47e+10     |
------------------------------------------
------------------------------------------
| rollout/                |              |
|    ep_len_mean          | 18.1         |
|    ep_rew_mean          | -3e+05       |
| time/                   |              |
|    fps                  | 918          |
|    time_elapsed         | 1001         |
|    total_timesteps      | 920000       |
| train/                  |              |
|    approx_kl            | 0.0020450437 |
|    clip_fraction        | 0.00214      |
|    clip_range           | 0.2          |
|    entropy_loss         | -28          |
|    explained_variance   | 0            |
|    learning_rate        | 0.0017       |
|    loss                 | 7.76e+09     |
|    n_updates            | 1120         |
|    policy_gradient_loss | -0.00236     |
|    std                  | 1.57         |
|    value_loss           | 1.46e+10     |
------------------------------------------
------------------------------------------
| rollout/                |              |
|    ep_len_mean          | 12.9         |
|    ep_rew_mean          | -2.31e+05    |
| time/                   |              |
|    fps                  | 919          |
|    time_elapsed         | 1011         |
|    total_timesteps      | 930000       |
| train/                  |              |
|    approx_kl            | 0.0019059674 |
|    clip_fraction        | 0.00164      |
|    clip_range           | 0.2          |
|    entropy_loss         | -28.1        |
|    explained_variance   | 2.38e-07     |
|    learning_rate        | 0.0017       |
|    loss                 | 7.41e+09     |
|    n_updates            | 1130         |
|    policy_gradient_loss | -0.00198     |
|    std                  | 1.58         |
|    value_loss           | 1.52e+10     |
------------------------------------------
------------------------------------------
| rollout/                |              |
|    ep_len_mean          | 14.1         |
|    ep_rew_mean          | -2.43e+05    |
| time/                   |              |
|    fps                  | 920          |
|    time_elapsed         | 1021         |
|    total_timesteps      | 940000       |
| train/                  |              |
|    approx_kl            | 0.0021094028 |
|    clip_fraction        | 0.00232      |
|    clip_range           | 0.2          |
|    entropy_loss         | -28.1        |
|    explained_variance   | -2.38e-07    |
|    learning_rate        | 0.0017       |
|    loss                 | 6.63e+09     |
|    n_updates            | 1140         |
|    policy_gradient_loss | -0.00286     |
|    std                  | 1.58         |
|    value_loss           | 1.47e+10     |
------------------------------------------
------------------------------------------
| rollout/                |              |
|    ep_len_mean          | 18           |
|    ep_rew_mean          | -2.92e+05    |
| time/                   |              |
|    fps                  | 921          |
|    time_elapsed         | 1031         |
|    total_timesteps      | 950000       |
| train/                  |              |
|    approx_kl            | 0.0016026159 |
|    clip_fraction        | 0.00148      |
|    clip_range           | 0.2          |
|    entropy_loss         | -28.2        |
|    explained_variance   | 5.96e-08     |
|    learning_rate        | 0.0017       |
|    loss                 | 6.23e+09     |
|    n_updates            | 1150         |
|    policy_gradient_loss | -0.00216     |
|    std                  | 1.59         |
|    value_loss           | 1.46e+10     |
------------------------------------------
------------------------------------------
| rollout/                |              |
|    ep_len_mean          | 15.7         |
|    ep_rew_mean          | -2.63e+05    |
| time/                   |              |
|    fps                  | 918          |
|    time_elapsed         | 1045         |
|    total_timesteps      | 960000       |
| train/                  |              |
|    approx_kl            | 0.0022242633 |
|    clip_fraction        | 0.00513      |
|    clip_range           | 0.2          |
|    entropy_loss         | -28.3        |
|    explained_variance   | 1.19e-07     |
|    learning_rate        | 0.0017       |
|    loss                 | 7.47e+09     |
|    n_updates            | 1170         |
|    policy_gradient_loss | -0.00254     |
|    std                  | 1.6          |
|    value_loss           | 1.53e+10     |
------------------------------------------
------------------------------------------
| rollout/                |              |
|    ep_len_mean          | 14           |
|    ep_rew_mean          | -2.43e+05    |
| time/                   |              |
|    fps                  | 919          |
|    time_elapsed         | 1054         |
|    total_timesteps      | 970000       |
| train/                  |              |
|    approx_kl            | 0.0023141117 |
|    clip_fraction        | 0.00419      |
|    clip_range           | 0.2          |
|    entropy_loss         | -28.4        |
|    explained_variance   | 0            |
|    learning_rate        | 0.0017       |
|    loss                 | 8.46e+09     |
|    n_updates            | 1180         |
|    policy_gradient_loss | -0.00269     |
|    std                  | 1.61         |
|    value_loss           | 1.55e+10     |
------------------------------------------
------------------------------------------
| rollout/                |              |
|    ep_len_mean          | 15           |
|    ep_rew_mean          | -2.53e+05    |
| time/                   |              |
|    fps                  | 920          |
|    time_elapsed         | 1064         |
|    total_timesteps      | 980000       |
| train/                  |              |
|    approx_kl            | 0.0022079975 |
|    clip_fraction        | 0.00225      |
|    clip_range           | 0.2          |
|    entropy_loss         | -28.5        |
|    explained_variance   | -2.38e-07    |
|    learning_rate        | 0.0017       |
|    loss                 | 6.81e+09     |
|    n_updates            | 1190         |
|    policy_gradient_loss | -0.00236     |
|    std                  | 1.62         |
|    value_loss           | 1.47e+10     |
------------------------------------------
------------------------------------------
| rollout/                |              |
|    ep_len_mean          | 13.8         |
|    ep_rew_mean          | -2.43e+05    |
| time/                   |              |
|    fps                  | 921          |
|    time_elapsed         | 1074         |
|    total_timesteps      | 990000       |
| train/                  |              |
|    approx_kl            | 0.0021543577 |
|    clip_fraction        | 0.00367      |
|    clip_range           | 0.2          |
|    entropy_loss         | -28.5        |
|    explained_variance   | -1.19e-07    |
|    learning_rate        | 0.0017       |
|    loss                 | 7.07e+09     |
|    n_updates            | 1200         |
|    policy_gradient_loss | -0.00282     |
|    std                  | 1.63         |
|    value_loss           | 1.4e+10      |
------------------------------------------
------------------------------------------
| rollout/                |              |
|    ep_len_mean          | 12.4         |
|    ep_rew_mean          | -2.25e+05    |
| time/                   |              |
|    fps                  | 918          |
|    time_elapsed         | 1088         |
|    total_timesteps      | 1000000      |
| train/                  |              |
|    approx_kl            | 0.0017588164 |
|    clip_fraction        | 0.00238      |
|    clip_range           | 0.2          |
|    entropy_loss         | -28.7        |
|    explained_variance   | -1.19e-07    |
|    learning_rate        | 0.0017       |
|    loss                 | 7.79e+09     |
|    n_updates            | 1220         |
|    policy_gradient_loss | -0.00257     |
|    std                  | 1.64         |
|    value_loss           | 1.48e+10     |
------------------------------------------
Training ended on Tue Jan 27 16:37:24 2026
Training lasted 0:18:17.465605
