Logging to training_random_logs/5_robots/logs/TRPO_set1
Using cpu device
Training started on Tue Jan 27 16:21:21 2026
Experiment configuration: {'algorithm': 'TRPO', 'set': 1, 'verbose': 1, 'steps': 1000000, 'num_robots': 5, 'num_envs': 4, 'seed': 33, 'log_steps': 10000, 'resume': False, 'device': 'cpu'}
-----------------------------------------
| rollout/                  |           |
|    ep_len_mean            | 33.6      |
|    ep_rew_mean            | -5.52e+05 |
| time/                     |           |
|    fps                    | 1416      |
|    time_elapsed           | 7         |
|    total_timesteps        | 10000     |
| train/                    |           |
|    explained_variance     | -5.96e-07 |
|    is_line_search_success | 1         |
|    kl_divergence_loss     | 0.00559   |
|    learning_rate          | 0.0013    |
|    n_updates              | 1         |
|    policy_objective       | 0.0713    |
|    std                    | 0.994     |
|    value_loss             | 4.19e+10  |
-----------------------------------------
-----------------------------------------
| rollout/                  |           |
|    ep_len_mean            | 24.9      |
|    ep_rew_mean            | -4.06e+05 |
| time/                     |           |
|    fps                    | 1414      |
|    time_elapsed           | 14        |
|    total_timesteps        | 20000     |
| train/                    |           |
|    explained_variance     | 0         |
|    is_line_search_success | 1         |
|    kl_divergence_loss     | 0.00447   |
|    learning_rate          | 0.0013    |
|    n_updates              | 2         |
|    policy_objective       | 0.0572    |
|    std                    | 0.992     |
|    value_loss             | 3.67e+10  |
-----------------------------------------
-----------------------------------------
| rollout/                  |           |
|    ep_len_mean            | 22.9      |
|    ep_rew_mean            | -3.74e+05 |
| time/                     |           |
|    fps                    | 1412      |
|    time_elapsed           | 21        |
|    total_timesteps        | 30000     |
| train/                    |           |
|    explained_variance     | 0         |
|    is_line_search_success | 1         |
|    kl_divergence_loss     | 0.00475   |
|    learning_rate          | 0.0013    |
|    n_updates              | 3         |
|    policy_objective       | 0.0616    |
|    std                    | 0.995     |
|    value_loss             | 3.24e+10  |
-----------------------------------------
-----------------------------------------
| rollout/                  |           |
|    ep_len_mean            | 23.2      |
|    ep_rew_mean            | -3.72e+05 |
| time/                     |           |
|    fps                    | 1412      |
|    time_elapsed           | 28        |
|    total_timesteps        | 40000     |
| train/                    |           |
|    explained_variance     | 0         |
|    is_line_search_success | 1         |
|    kl_divergence_loss     | 0.00463   |
|    learning_rate          | 0.0013    |
|    n_updates              | 4         |
|    policy_objective       | 0.057     |
|    std                    | 0.989     |
|    value_loss             | 3.03e+10  |
-----------------------------------------
-----------------------------------------
| rollout/                  |           |
|    ep_len_mean            | 17.9      |
|    ep_rew_mean            | -2.94e+05 |
| time/                     |           |
|    fps                    | 1360      |
|    time_elapsed           | 36        |
|    total_timesteps        | 50000     |
| train/                    |           |
|    explained_variance     | -1.19e-07 |
|    is_line_search_success | 1         |
|    kl_divergence_loss     | 0.004     |
|    learning_rate          | 0.0013    |
|    n_updates              | 6         |
|    policy_objective       | 0.056     |
|    std                    | 0.987     |
|    value_loss             | 2.66e+10  |
-----------------------------------------
-----------------------------------------
| rollout/                  |           |
|    ep_len_mean            | 18        |
|    ep_rew_mean            | -2.93e+05 |
| time/                     |           |
|    fps                    | 1366      |
|    time_elapsed           | 43        |
|    total_timesteps        | 60000     |
| train/                    |           |
|    explained_variance     | -1.19e-07 |
|    is_line_search_success | 1         |
|    kl_divergence_loss     | 0.00494   |
|    learning_rate          | 0.0013    |
|    n_updates              | 7         |
|    policy_objective       | 0.0575    |
|    std                    | 0.996     |
|    value_loss             | 2.41e+10  |
-----------------------------------------
-----------------------------------------
| rollout/                  |           |
|    ep_len_mean            | 13.7      |
|    ep_rew_mean            | -2.35e+05 |
| time/                     |           |
|    fps                    | 1372      |
|    time_elapsed           | 51        |
|    total_timesteps        | 70000     |
| train/                    |           |
|    explained_variance     | 1.79e-07  |
|    is_line_search_success | 1         |
|    kl_divergence_loss     | 0.005     |
|    learning_rate          | 0.0013    |
|    n_updates              | 8         |
|    policy_objective       | 0.0682    |
|    std                    | 0.99      |
|    value_loss             | 2.42e+10  |
-----------------------------------------
-----------------------------------------
| rollout/                  |           |
|    ep_len_mean            | 12        |
|    ep_rew_mean            | -2.16e+05 |
| time/                     |           |
|    fps                    | 1374      |
|    time_elapsed           | 58        |
|    total_timesteps        | 80000     |
| train/                    |           |
|    explained_variance     | 0         |
|    is_line_search_success | 1         |
|    kl_divergence_loss     | 0.00517   |
|    learning_rate          | 0.0013    |
|    n_updates              | 9         |
|    policy_objective       | 0.0666    |
|    std                    | 0.982     |
|    value_loss             | 2.13e+10  |
-----------------------------------------
-----------------------------------------
| rollout/                  |           |
|    ep_len_mean            | 13.6      |
|    ep_rew_mean            | -2.36e+05 |
| time/                     |           |
|    fps                    | 1373      |
|    time_elapsed           | 65        |
|    total_timesteps        | 90000     |
| train/                    |           |
|    explained_variance     | -1.19e-07 |
|    is_line_search_success | 1         |
|    kl_divergence_loss     | 0.00458   |
|    learning_rate          | 0.0013    |
|    n_updates              | 10        |
|    policy_objective       | 0.0608    |
|    std                    | 0.972     |
|    value_loss             | 2.1e+10   |
-----------------------------------------
-----------------------------------------
| rollout/                  |           |
|    ep_len_mean            | 10        |
|    ep_rew_mean            | -1.92e+05 |
| time/                     |           |
|    fps                    | 1350      |
|    time_elapsed           | 74        |
|    total_timesteps        | 100000    |
| train/                    |           |
|    explained_variance     | 0         |
|    is_line_search_success | 1         |
|    kl_divergence_loss     | 0.00456   |
|    learning_rate          | 0.0013    |
|    n_updates              | 12        |
|    policy_objective       | 0.0665    |
|    std                    | 0.968     |
|    value_loss             | 1.9e+10   |
-----------------------------------------
-----------------------------------------
| rollout/                  |           |
|    ep_len_mean            | 9.57      |
|    ep_rew_mean            | -1.85e+05 |
| time/                     |           |
|    fps                    | 1352      |
|    time_elapsed           | 81        |
|    total_timesteps        | 110000    |
| train/                    |           |
|    explained_variance     | -1.19e-07 |
|    is_line_search_success | 1         |
|    kl_divergence_loss     | 0.00455   |
|    learning_rate          | 0.0013    |
|    n_updates              | 13        |
|    policy_objective       | 0.0705    |
|    std                    | 0.967     |
|    value_loss             | 1.8e+10   |
-----------------------------------------
-----------------------------------------
| rollout/                  |           |
|    ep_len_mean            | 10.6      |
|    ep_rew_mean            | -1.98e+05 |
| time/                     |           |
|    fps                    | 1354      |
|    time_elapsed           | 88        |
|    total_timesteps        | 120000    |
| train/                    |           |
|    explained_variance     | 2.38e-07  |
|    is_line_search_success | 1         |
|    kl_divergence_loss     | 0.00587   |
|    learning_rate          | 0.0013    |
|    n_updates              | 14        |
|    policy_objective       | 0.0697    |
|    std                    | 0.967     |
|    value_loss             | 1.74e+10  |
-----------------------------------------
-----------------------------------------
| rollout/                  |           |
|    ep_len_mean            | 7.95      |
|    ep_rew_mean            | -1.68e+05 |
| time/                     |           |
|    fps                    | 1354      |
|    time_elapsed           | 95        |
|    total_timesteps        | 130000    |
| train/                    |           |
|    explained_variance     | 0         |
|    is_line_search_success | 1         |
|    kl_divergence_loss     | 0.0061    |
|    learning_rate          | 0.0013    |
|    n_updates              | 15        |
|    policy_objective       | 0.0679    |
|    std                    | 0.961     |
|    value_loss             | 1.69e+10  |
-----------------------------------------
-----------------------------------------
| rollout/                  |           |
|    ep_len_mean            | 6.67      |
|    ep_rew_mean            | -1.54e+05 |
| time/                     |           |
|    fps                    | 1339      |
|    time_elapsed           | 104       |
|    total_timesteps        | 140000    |
| train/                    |           |
|    explained_variance     | 1.79e-07  |
|    is_line_search_success | 1         |
|    kl_divergence_loss     | 0.00686   |
|    learning_rate          | 0.0013    |
|    n_updates              | 17        |
|    policy_objective       | 0.0605    |
|    std                    | 0.956     |
|    value_loss             | 1.49e+10  |
-----------------------------------------
-----------------------------------------
| rollout/                  |           |
|    ep_len_mean            | 6.19      |
|    ep_rew_mean            | -1.51e+05 |
| time/                     |           |
|    fps                    | 1341      |
|    time_elapsed           | 111       |
|    total_timesteps        | 150000    |
| train/                    |           |
|    explained_variance     | -3.58e-07 |
|    is_line_search_success | 1         |
|    kl_divergence_loss     | 0.00564   |
|    learning_rate          | 0.0013    |
|    n_updates              | 18        |
|    policy_objective       | 0.0621    |
|    std                    | 0.947     |
|    value_loss             | 1.44e+10  |
-----------------------------------------
-----------------------------------------
| rollout/                  |           |
|    ep_len_mean            | 5.51      |
|    ep_rew_mean            | -1.42e+05 |
| time/                     |           |
|    fps                    | 1342      |
|    time_elapsed           | 119       |
|    total_timesteps        | 160000    |
| train/                    |           |
|    explained_variance     | 1.79e-07  |
|    is_line_search_success | 1         |
|    kl_divergence_loss     | 0.0069    |
|    learning_rate          | 0.0013    |
|    n_updates              | 19        |
|    policy_objective       | 0.0642    |
|    std                    | 0.94      |
|    value_loss             | 1.3e+10   |
-----------------------------------------
-----------------------------------------
| rollout/                  |           |
|    ep_len_mean            | 5.05      |
|    ep_rew_mean            | -1.37e+05 |
| time/                     |           |
|    fps                    | 1341      |
|    time_elapsed           | 126       |
|    total_timesteps        | 170000    |
| train/                    |           |
|    explained_variance     | -1.19e-07 |
|    is_line_search_success | 1         |
|    kl_divergence_loss     | 0.0062    |
|    learning_rate          | 0.0013    |
|    n_updates              | 20        |
|    policy_objective       | 0.072     |
|    std                    | 0.927     |
|    value_loss             | 1.3e+10   |
-----------------------------------------
-----------------------------------------
| rollout/                  |           |
|    ep_len_mean            | 4.9       |
|    ep_rew_mean            | -1.35e+05 |
| time/                     |           |
|    fps                    | 1341      |
|    time_elapsed           | 134       |
|    total_timesteps        | 180000    |
| train/                    |           |
|    explained_variance     | 0         |
|    is_line_search_success | 1         |
|    kl_divergence_loss     | 0.00653   |
|    learning_rate          | 0.0013    |
|    n_updates              | 21        |
|    policy_objective       | 0.0505    |
|    std                    | 0.927     |
|    value_loss             | 1.22e+10  |
-----------------------------------------
-----------------------------------------
| rollout/                  |           |
|    ep_len_mean            | 4.51      |
|    ep_rew_mean            | -1.32e+05 |
| time/                     |           |
|    fps                    | 1329      |
|    time_elapsed           | 142       |
|    total_timesteps        | 190000    |
| train/                    |           |
|    explained_variance     | 1.19e-07  |
|    is_line_search_success | 1         |
|    kl_divergence_loss     | 0.00679   |
|    learning_rate          | 0.0013    |
|    n_updates              | 23        |
|    policy_objective       | 0.0704    |
|    std                    | 0.917     |
|    value_loss             | 1.19e+10  |
-----------------------------------------
-----------------------------------------
| rollout/                  |           |
|    ep_len_mean            | 4.62      |
|    ep_rew_mean            | -1.34e+05 |
| time/                     |           |
|    fps                    | 1329      |
|    time_elapsed           | 150       |
|    total_timesteps        | 200000    |
| train/                    |           |
|    explained_variance     | 0         |
|    is_line_search_success | 1         |
|    kl_divergence_loss     | 0.006     |
|    learning_rate          | 0.0013    |
|    n_updates              | 24        |
|    policy_objective       | 0.0405    |
|    std                    | 0.912     |
|    value_loss             | 1.13e+10  |
-----------------------------------------
-----------------------------------------
| rollout/                  |           |
|    ep_len_mean            | 4.62      |
|    ep_rew_mean            | -1.33e+05 |
| time/                     |           |
|    fps                    | 1328      |
|    time_elapsed           | 158       |
|    total_timesteps        | 210000    |
| train/                    |           |
|    explained_variance     | 0         |
|    is_line_search_success | 1         |
|    kl_divergence_loss     | 0.00778   |
|    learning_rate          | 0.0013    |
|    n_updates              | 25        |
|    policy_objective       | 0.043     |
|    std                    | 0.904     |
|    value_loss             | 1.14e+10  |
-----------------------------------------
----------------------------------------
| rollout/                  |          |
|    ep_len_mean            | 4.32     |
|    ep_rew_mean            | -1.3e+05 |
| time/                     |          |
|    fps                    | 1327     |
|    time_elapsed           | 165      |
|    total_timesteps        | 220000   |
| train/                    |          |
|    explained_variance     | 0        |
|    is_line_search_success | 1        |
|    kl_divergence_loss     | 0.00683  |
|    learning_rate          | 0.0013   |
|    n_updates              | 26       |
|    policy_objective       | 0.0323   |
|    std                    | 0.902    |
|    value_loss             | 1.16e+10 |
----------------------------------------
-----------------------------------------
| rollout/                  |           |
|    ep_len_mean            | 4.52      |
|    ep_rew_mean            | -1.32e+05 |
| time/                     |           |
|    fps                    | 1319      |
|    time_elapsed           | 174       |
|    total_timesteps        | 230000    |
| train/                    |           |
|    explained_variance     | 2.38e-07  |
|    is_line_search_success | 1         |
|    kl_divergence_loss     | 0.0056    |
|    learning_rate          | 0.0013    |
|    n_updates              | 28        |
|    policy_objective       | 0.0436    |
|    std                    | 0.896     |
|    value_loss             | 1.16e+10  |
-----------------------------------------
-----------------------------------------
| rollout/                  |           |
|    ep_len_mean            | 4.15      |
|    ep_rew_mean            | -1.28e+05 |
| time/                     |           |
|    fps                    | 1319      |
|    time_elapsed           | 181       |
|    total_timesteps        | 240000    |
| train/                    |           |
|    explained_variance     | -1.19e-07 |
|    is_line_search_success | 1         |
|    kl_divergence_loss     | 0.00684   |
|    learning_rate          | 0.0013    |
|    n_updates              | 29        |
|    policy_objective       | 0.0183    |
|    std                    | 0.893     |
|    value_loss             | 1.21e+10  |
-----------------------------------------
-----------------------------------------
| rollout/                  |           |
|    ep_len_mean            | 4.15      |
|    ep_rew_mean            | -1.28e+05 |
| time/                     |           |
|    fps                    | 1318      |
|    time_elapsed           | 189       |
|    total_timesteps        | 250000    |
| train/                    |           |
|    explained_variance     | 0         |
|    is_line_search_success | 1         |
|    kl_divergence_loss     | 0.00572   |
|    learning_rate          | 0.0013    |
|    n_updates              | 30        |
|    policy_objective       | 0.0578    |
|    std                    | 0.893     |
|    value_loss             | 1.14e+10  |
-----------------------------------------
-----------------------------------------
| rollout/                  |           |
|    ep_len_mean            | 4.49      |
|    ep_rew_mean            | -1.32e+05 |
| time/                     |           |
|    fps                    | 1319      |
|    time_elapsed           | 197       |
|    total_timesteps        | 260000    |
| train/                    |           |
|    explained_variance     | 1.19e-07  |
|    is_line_search_success | 1         |
|    kl_divergence_loss     | 0.00866   |
|    learning_rate          | 0.0013    |
|    n_updates              | 31        |
|    policy_objective       | 0.0607    |
|    std                    | 0.892     |
|    value_loss             | 1.11e+10  |
-----------------------------------------
-----------------------------------------
| rollout/                  |           |
|    ep_len_mean            | 4.08      |
|    ep_rew_mean            | -1.27e+05 |
| time/                     |           |
|    fps                    | 1318      |
|    time_elapsed           | 204       |
|    total_timesteps        | 270000    |
| train/                    |           |
|    explained_variance     | 1.19e-07  |
|    is_line_search_success | 1         |
|    kl_divergence_loss     | 0.00982   |
|    learning_rate          | 0.0013    |
|    n_updates              | 32        |
|    policy_objective       | 0.0258    |
|    std                    | 0.891     |
|    value_loss             | 1.1e+10   |
-----------------------------------------
----------------------------------------
| rollout/                  |          |
|    ep_len_mean            | 4.36     |
|    ep_rew_mean            | -1.3e+05 |
| time/                     |          |
|    fps                    | 1310     |
|    time_elapsed           | 213      |
|    total_timesteps        | 280000   |
| train/                    |          |
|    explained_variance     | 1.19e-07 |
|    is_line_search_success | 1        |
|    kl_divergence_loss     | 0.00735  |
|    learning_rate          | 0.0013   |
|    n_updates              | 34       |
|    policy_objective       | 0.0648   |
|    std                    | 0.889    |
|    value_loss             | 1.23e+10 |
----------------------------------------
-----------------------------------------
| rollout/                  |           |
|    ep_len_mean            | 4.79      |
|    ep_rew_mean            | -1.35e+05 |
| time/                     |           |
|    fps                    | 1311      |
|    time_elapsed           | 221       |
|    total_timesteps        | 290000    |
| train/                    |           |
|    explained_variance     | -1.19e-07 |
|    is_line_search_success | 1         |
|    kl_divergence_loss     | 0.0074    |
|    learning_rate          | 0.0013    |
|    n_updates              | 35        |
|    policy_objective       | 0.0595    |
|    std                    | 0.89      |
|    value_loss             | 1.18e+10  |
-----------------------------------------
-----------------------------------------
| rollout/                  |           |
|    ep_len_mean            | 4.05      |
|    ep_rew_mean            | -1.27e+05 |
| time/                     |           |
|    fps                    | 1311      |
|    time_elapsed           | 228       |
|    total_timesteps        | 300000    |
| train/                    |           |
|    explained_variance     | 1.79e-07  |
|    is_line_search_success | 1         |
|    kl_divergence_loss     | 0.00994   |
|    learning_rate          | 0.0013    |
|    n_updates              | 36        |
|    policy_objective       | 0.0258    |
|    std                    | 0.891     |
|    value_loss             | 1.13e+10  |
-----------------------------------------
-----------------------------------------
| rollout/                  |           |
|    ep_len_mean            | 4.47      |
|    ep_rew_mean            | -1.31e+05 |
| time/                     |           |
|    fps                    | 1311      |
|    time_elapsed           | 236       |
|    total_timesteps        | 310000    |
| train/                    |           |
|    explained_variance     | 0         |
|    is_line_search_success | 1         |
|    kl_divergence_loss     | 0.00789   |
|    learning_rate          | 0.0013    |
|    n_updates              | 37        |
|    policy_objective       | 0.06      |
|    std                    | 0.895     |
|    value_loss             | 1.34e+10  |
-----------------------------------------
-----------------------------------------
| rollout/                  |           |
|    ep_len_mean            | 4.01      |
|    ep_rew_mean            | -1.26e+05 |
| time/                     |           |
|    fps                    | 1304      |
|    time_elapsed           | 245       |
|    total_timesteps        | 320000    |
| train/                    |           |
|    explained_variance     | 0         |
|    is_line_search_success | 1         |
|    kl_divergence_loss     | 0.00772   |
|    learning_rate          | 0.0013    |
|    n_updates              | 39        |
|    policy_objective       | 0.0311    |
|    std                    | 0.889     |
|    value_loss             | 1.08e+10  |
-----------------------------------------
-----------------------------------------
| rollout/                  |           |
|    ep_len_mean            | 3.95      |
|    ep_rew_mean            | -1.26e+05 |
| time/                     |           |
|    fps                    | 1305      |
|    time_elapsed           | 252       |
|    total_timesteps        | 330000    |
| train/                    |           |
|    explained_variance     | 2.98e-07  |
|    is_line_search_success | 1         |
|    kl_divergence_loss     | 0.00618   |
|    learning_rate          | 0.0013    |
|    n_updates              | 40        |
|    policy_objective       | 0.0712    |
|    std                    | 0.888     |
|    value_loss             | 1.16e+10  |
-----------------------------------------
-----------------------------------------
| rollout/                  |           |
|    ep_len_mean            | 3.96      |
|    ep_rew_mean            | -1.26e+05 |
| time/                     |           |
|    fps                    | 1305      |
|    time_elapsed           | 260       |
|    total_timesteps        | 340000    |
| train/                    |           |
|    explained_variance     | 1.79e-07  |
|    is_line_search_success | 1         |
|    kl_divergence_loss     | 0.00968   |
|    learning_rate          | 0.0013    |
|    n_updates              | 41        |
|    policy_objective       | 0.0395    |
|    std                    | 0.883     |
|    value_loss             | 1.07e+10  |
-----------------------------------------
-----------------------------------------
| rollout/                  |           |
|    ep_len_mean            | 4.64      |
|    ep_rew_mean            | -1.33e+05 |
| time/                     |           |
|    fps                    | 1305      |
|    time_elapsed           | 268       |
|    total_timesteps        | 350000    |
| train/                    |           |
|    explained_variance     | 0         |
|    is_line_search_success | 1         |
|    kl_divergence_loss     | 0.00911   |
|    learning_rate          | 0.0013    |
|    n_updates              | 42        |
|    policy_objective       | 0.0336    |
|    std                    | 0.876     |
|    value_loss             | 1.09e+10  |
-----------------------------------------
-----------------------------------------
| rollout/                  |           |
|    ep_len_mean            | 3.92      |
|    ep_rew_mean            | -1.25e+05 |
| time/                     |           |
|    fps                    | 1305      |
|    time_elapsed           | 275       |
|    total_timesteps        | 360000    |
| train/                    |           |
|    explained_variance     | -2.38e-07 |
|    is_line_search_success | 1         |
|    kl_divergence_loss     | 0.00946   |
|    learning_rate          | 0.0013    |
|    n_updates              | 43        |
|    policy_objective       | 0.0442    |
|    std                    | 0.874     |
|    value_loss             | 1.09e+10  |
-----------------------------------------
-----------------------------------------
| rollout/                  |           |
|    ep_len_mean            | 3.98      |
|    ep_rew_mean            | -1.26e+05 |
| time/                     |           |
|    fps                    | 1299      |
|    time_elapsed           | 284       |
|    total_timesteps        | 370000    |
| train/                    |           |
|    explained_variance     | 1.19e-07  |
|    is_line_search_success | 1         |
|    kl_divergence_loss     | 0.00806   |
|    learning_rate          | 0.0013    |
|    n_updates              | 45        |
|    policy_objective       | 0.031     |
|    std                    | 0.87      |
|    value_loss             | 1.06e+10  |
-----------------------------------------
-----------------------------------------
| rollout/                  |           |
|    ep_len_mean            | 4.1       |
|    ep_rew_mean            | -1.27e+05 |
| time/                     |           |
|    fps                    | 1300      |
|    time_elapsed           | 292       |
|    total_timesteps        | 380000    |
| train/                    |           |
|    explained_variance     | 0         |
|    is_line_search_success | 1         |
|    kl_divergence_loss     | 0.00816   |
|    learning_rate          | 0.0013    |
|    n_updates              | 46        |
|    policy_objective       | 0.0456    |
|    std                    | 0.868     |
|    value_loss             | 1.05e+10  |
-----------------------------------------
-----------------------------------------
| rollout/                  |           |
|    ep_len_mean            | 4.14      |
|    ep_rew_mean            | -1.27e+05 |
| time/                     |           |
|    fps                    | 1299      |
|    time_elapsed           | 300       |
|    total_timesteps        | 390000    |
| train/                    |           |
|    explained_variance     | 1.79e-07  |
|    is_line_search_success | 1         |
|    kl_divergence_loss     | 0.00812   |
|    learning_rate          | 0.0013    |
|    n_updates              | 47        |
|    policy_objective       | 0.0849    |
|    std                    | 0.868     |
|    value_loss             | 1.1e+10   |
-----------------------------------------
-----------------------------------------
| rollout/                  |           |
|    ep_len_mean            | 4.27      |
|    ep_rew_mean            | -1.29e+05 |
| time/                     |           |
|    fps                    | 1299      |
|    time_elapsed           | 307       |
|    total_timesteps        | 400000    |
| train/                    |           |
|    explained_variance     | 0         |
|    is_line_search_success | 1         |
|    kl_divergence_loss     | 0.0091    |
|    learning_rate          | 0.0013    |
|    n_updates              | 48        |
|    policy_objective       | 0.0259    |
|    std                    | 0.866     |
|    value_loss             | 1.05e+10  |
-----------------------------------------
-----------------------------------------
| rollout/                  |           |
|    ep_len_mean            | 3.99      |
|    ep_rew_mean            | -1.26e+05 |
| time/                     |           |
|    fps                    | 1294      |
|    time_elapsed           | 316       |
|    total_timesteps        | 410000    |
| train/                    |           |
|    explained_variance     | -1.19e-07 |
|    is_line_search_success | 1         |
|    kl_divergence_loss     | 0.00524   |
|    learning_rate          | 0.0013    |
|    n_updates              | 50        |
|    policy_objective       | 0.0265    |
|    std                    | 0.865     |
|    value_loss             | 1.06e+10  |
-----------------------------------------
-----------------------------------------
| rollout/                  |           |
|    ep_len_mean            | 4.11      |
|    ep_rew_mean            | -1.27e+05 |
| time/                     |           |
|    fps                    | 1294      |
|    time_elapsed           | 324       |
|    total_timesteps        | 420000    |
| train/                    |           |
|    explained_variance     | -1.19e-07 |
|    is_line_search_success | 1         |
|    kl_divergence_loss     | 0.0071    |
|    learning_rate          | 0.0013    |
|    n_updates              | 51        |
|    policy_objective       | 0.0496    |
|    std                    | 0.865     |
|    value_loss             | 1.04e+10  |
-----------------------------------------
-----------------------------------------
| rollout/                  |           |
|    ep_len_mean            | 3.91      |
|    ep_rew_mean            | -1.25e+05 |
| time/                     |           |
|    fps                    | 1294      |
|    time_elapsed           | 332       |
|    total_timesteps        | 430000    |
| train/                    |           |
|    explained_variance     | -1.19e-07 |
|    is_line_search_success | 1         |
|    kl_divergence_loss     | 0.00683   |
|    learning_rate          | 0.0013    |
|    n_updates              | 52        |
|    policy_objective       | 0.0364    |
|    std                    | 0.86      |
|    value_loss             | 1.04e+10  |
-----------------------------------------
-----------------------------------------
| rollout/                  |           |
|    ep_len_mean            | 3.98      |
|    ep_rew_mean            | -1.26e+05 |
| time/                     |           |
|    fps                    | 1294      |
|    time_elapsed           | 339       |
|    total_timesteps        | 440000    |
| train/                    |           |
|    explained_variance     | 1.19e-07  |
|    is_line_search_success | 1         |
|    kl_divergence_loss     | 0.00699   |
|    learning_rate          | 0.0013    |
|    n_updates              | 53        |
|    policy_objective       | 0.0208    |
|    std                    | 0.859     |
|    value_loss             | 1.04e+10  |
-----------------------------------------
-----------------------------------------
| rollout/                  |           |
|    ep_len_mean            | 3.91      |
|    ep_rew_mean            | -1.25e+05 |
| time/                     |           |
|    fps                    | 1294      |
|    time_elapsed           | 347       |
|    total_timesteps        | 450000    |
| train/                    |           |
|    explained_variance     | 0         |
|    is_line_search_success | 1         |
|    kl_divergence_loss     | 0.00834   |
|    learning_rate          | 0.0013    |
|    n_updates              | 54        |
|    policy_objective       | 0.0468    |
|    std                    | 0.862     |
|    value_loss             | 1.04e+10  |
-----------------------------------------
-----------------------------------------
| rollout/                  |           |
|    ep_len_mean            | 3.77      |
|    ep_rew_mean            | -1.24e+05 |
| time/                     |           |
|    fps                    | 1290      |
|    time_elapsed           | 356       |
|    total_timesteps        | 460000    |
| train/                    |           |
|    explained_variance     | -2.38e-07 |
|    is_line_search_success | 1         |
|    kl_divergence_loss     | 0.00585   |
|    learning_rate          | 0.0013    |
|    n_updates              | 56        |
|    policy_objective       | 0.0407    |
|    std                    | 0.86      |
|    value_loss             | 1.05e+10  |
-----------------------------------------
-----------------------------------------
| rollout/                  |           |
|    ep_len_mean            | 4.14      |
|    ep_rew_mean            | -1.27e+05 |
| time/                     |           |
|    fps                    | 1290      |
|    time_elapsed           | 364       |
|    total_timesteps        | 470000    |
| train/                    |           |
|    explained_variance     | 0         |
|    is_line_search_success | 1         |
|    kl_divergence_loss     | 0.00981   |
|    learning_rate          | 0.0013    |
|    n_updates              | 57        |
|    policy_objective       | 0.0404    |
|    std                    | 0.856     |
|    value_loss             | 1.04e+10  |
-----------------------------------------
-----------------------------------------
| rollout/                  |           |
|    ep_len_mean            | 4.02      |
|    ep_rew_mean            | -1.26e+05 |
| time/                     |           |
|    fps                    | 1290      |
|    time_elapsed           | 371       |
|    total_timesteps        | 480000    |
| train/                    |           |
|    explained_variance     | -1.19e-07 |
|    is_line_search_success | 1         |
|    kl_divergence_loss     | 0.00546   |
|    learning_rate          | 0.0013    |
|    n_updates              | 58        |
|    policy_objective       | 0.038     |
|    std                    | 0.855     |
|    value_loss             | 1.04e+10  |
-----------------------------------------
-----------------------------------------
| rollout/                  |           |
|    ep_len_mean            | 3.93      |
|    ep_rew_mean            | -1.25e+05 |
| time/                     |           |
|    fps                    | 1290      |
|    time_elapsed           | 379       |
|    total_timesteps        | 490000    |
| train/                    |           |
|    explained_variance     | -1.19e-07 |
|    is_line_search_success | 1         |
|    kl_divergence_loss     | 0.00316   |
|    learning_rate          | 0.0013    |
|    n_updates              | 59        |
|    policy_objective       | 0.0464    |
|    std                    | 0.856     |
|    value_loss             | 1.06e+10  |
-----------------------------------------
-----------------------------------------
| rollout/                  |           |
|    ep_len_mean            | 3.79      |
|    ep_rew_mean            | -1.24e+05 |
| time/                     |           |
|    fps                    | 1286      |
|    time_elapsed           | 388       |
|    total_timesteps        | 500000    |
| train/                    |           |
|    explained_variance     | 0         |
|    is_line_search_success | 1         |
|    kl_divergence_loss     | 0.00642   |
|    learning_rate          | 0.0013    |
|    n_updates              | 61        |
|    policy_objective       | 0.0497    |
|    std                    | 0.85      |
|    value_loss             | 1.02e+10  |
-----------------------------------------
-----------------------------------------
| rollout/                  |           |
|    ep_len_mean            | 3.82      |
|    ep_rew_mean            | -1.24e+05 |
| time/                     |           |
|    fps                    | 1286      |
|    time_elapsed           | 396       |
|    total_timesteps        | 510000    |
| train/                    |           |
|    explained_variance     | -2.38e-07 |
|    is_line_search_success | 1         |
|    kl_divergence_loss     | 0.00656   |
|    learning_rate          | 0.0013    |
|    n_updates              | 62        |
|    policy_objective       | 0.0413    |
|    std                    | 0.848     |
|    value_loss             | 1.04e+10  |
-----------------------------------------
-----------------------------------------
| rollout/                  |           |
|    ep_len_mean            | 3.66      |
|    ep_rew_mean            | -1.23e+05 |
| time/                     |           |
|    fps                    | 1287      |
|    time_elapsed           | 403       |
|    total_timesteps        | 520000    |
| train/                    |           |
|    explained_variance     | 0         |
|    is_line_search_success | 1         |
|    kl_divergence_loss     | 0.00592   |
|    learning_rate          | 0.0013    |
|    n_updates              | 63        |
|    policy_objective       | 0.057     |
|    std                    | 0.847     |
|    value_loss             | 1.04e+10  |
-----------------------------------------
-----------------------------------------
| rollout/                  |           |
|    ep_len_mean            | 3.84      |
|    ep_rew_mean            | -1.25e+05 |
| time/                     |           |
|    fps                    | 1288      |
|    time_elapsed           | 411       |
|    total_timesteps        | 530000    |
| train/                    |           |
|    explained_variance     | -1.19e-07 |
|    is_line_search_success | 1         |
|    kl_divergence_loss     | 0.00785   |
|    learning_rate          | 0.0013    |
|    n_updates              | 64        |
|    policy_objective       | 0.0561    |
|    std                    | 0.846     |
|    value_loss             | 1.12e+10  |
-----------------------------------------
-----------------------------------------
| rollout/                  |           |
|    ep_len_mean            | 3.67      |
|    ep_rew_mean            | -1.23e+05 |
| time/                     |           |
|    fps                    | 1288      |
|    time_elapsed           | 419       |
|    total_timesteps        | 540000    |
| train/                    |           |
|    explained_variance     | 0         |
|    is_line_search_success | 1         |
|    kl_divergence_loss     | 0.00474   |
|    learning_rate          | 0.0013    |
|    n_updates              | 65        |
|    policy_objective       | 0.0328    |
|    std                    | 0.841     |
|    value_loss             | 1.02e+10  |
-----------------------------------------
-----------------------------------------
| rollout/                  |           |
|    ep_len_mean            | 3.5       |
|    ep_rew_mean            | -1.21e+05 |
| time/                     |           |
|    fps                    | 1284      |
|    time_elapsed           | 428       |
|    total_timesteps        | 550000    |
| train/                    |           |
|    explained_variance     | 0         |
|    is_line_search_success | 1         |
|    kl_divergence_loss     | 0.00739   |
|    learning_rate          | 0.0013    |
|    n_updates              | 67        |
|    policy_objective       | 0.025     |
|    std                    | 0.84      |
|    value_loss             | 1.02e+10  |
-----------------------------------------
----------------------------------------
| rollout/                  |          |
|    ep_len_mean            | 3.32     |
|    ep_rew_mean            | -1.2e+05 |
| time/                     |          |
|    fps                    | 1285     |
|    time_elapsed           | 435      |
|    total_timesteps        | 560000   |
| train/                    |          |
|    explained_variance     | 0        |
|    is_line_search_success | 1        |
|    kl_divergence_loss     | 0.00737  |
|    learning_rate          | 0.0013   |
|    n_updates              | 68       |
|    policy_objective       | 0.0593   |
|    std                    | 0.838    |
|    value_loss             | 1.01e+10 |
----------------------------------------
-----------------------------------------
| rollout/                  |           |
|    ep_len_mean            | 3.29      |
|    ep_rew_mean            | -1.19e+05 |
| time/                     |           |
|    fps                    | 1285      |
|    time_elapsed           | 443       |
|    total_timesteps        | 570000    |
| train/                    |           |
|    explained_variance     | 0         |
|    is_line_search_success | 1         |
|    kl_divergence_loss     | 0.00645   |
|    learning_rate          | 0.0013    |
|    n_updates              | 69        |
|    policy_objective       | 0.0512    |
|    std                    | 0.833     |
|    value_loss             | 1.01e+10  |
-----------------------------------------
-----------------------------------------
| rollout/                  |           |
|    ep_len_mean            | 3.28      |
|    ep_rew_mean            | -1.19e+05 |
| time/                     |           |
|    fps                    | 1285      |
|    time_elapsed           | 451       |
|    total_timesteps        | 580000    |
| train/                    |           |
|    explained_variance     | 0         |
|    is_line_search_success | 1         |
|    kl_divergence_loss     | 0.00663   |
|    learning_rate          | 0.0013    |
|    n_updates              | 70        |
|    policy_objective       | 0.0453    |
|    std                    | 0.828     |
|    value_loss             | 1.01e+10  |
-----------------------------------------
-----------------------------------------
| rollout/                  |           |
|    ep_len_mean            | 3.1       |
|    ep_rew_mean            | -1.18e+05 |
| time/                     |           |
|    fps                    | 1281      |
|    time_elapsed           | 460       |
|    total_timesteps        | 590000    |
| train/                    |           |
|    explained_variance     | 0         |
|    is_line_search_success | 1         |
|    kl_divergence_loss     | 0.0062    |
|    learning_rate          | 0.0013    |
|    n_updates              | 72        |
|    policy_objective       | 0.00126   |
|    std                    | 0.823     |
|    value_loss             | 9.82e+09  |
-----------------------------------------
-----------------------------------------
| rollout/                  |           |
|    ep_len_mean            | 3.03      |
|    ep_rew_mean            | -1.17e+05 |
| time/                     |           |
|    fps                    | 1282      |
|    time_elapsed           | 467       |
|    total_timesteps        | 600000    |
| train/                    |           |
|    explained_variance     | 0         |
|    is_line_search_success | 1         |
|    kl_divergence_loss     | 0.00878   |
|    learning_rate          | 0.0013    |
|    n_updates              | 73        |
|    policy_objective       | 0.0661    |
|    std                    | 0.818     |
|    value_loss             | 9.83e+09  |
-----------------------------------------
-----------------------------------------
| rollout/                  |           |
|    ep_len_mean            | 3.03      |
|    ep_rew_mean            | -1.17e+05 |
| time/                     |           |
|    fps                    | 1282      |
|    time_elapsed           | 475       |
|    total_timesteps        | 610000    |
| train/                    |           |
|    explained_variance     | 1.19e-07  |
|    is_line_search_success | 1         |
|    kl_divergence_loss     | 0.00683   |
|    learning_rate          | 0.0013    |
|    n_updates              | 74        |
|    policy_objective       | 0.0175    |
|    std                    | 0.816     |
|    value_loss             | 9.77e+09  |
-----------------------------------------
-----------------------------------------
| rollout/                  |           |
|    ep_len_mean            | 3.09      |
|    ep_rew_mean            | -1.18e+05 |
| time/                     |           |
|    fps                    | 1282      |
|    time_elapsed           | 483       |
|    total_timesteps        | 620000    |
| train/                    |           |
|    explained_variance     | -1.19e-07 |
|    is_line_search_success | 1         |
|    kl_divergence_loss     | 0.00598   |
|    learning_rate          | 0.0013    |
|    n_updates              | 75        |
|    policy_objective       | 0.0206    |
|    std                    | 0.814     |
|    value_loss             | 9.76e+09  |
-----------------------------------------
-----------------------------------------
| rollout/                  |           |
|    ep_len_mean            | 3.13      |
|    ep_rew_mean            | -1.18e+05 |
| time/                     |           |
|    fps                    | 1283      |
|    time_elapsed           | 490       |
|    total_timesteps        | 630000    |
| train/                    |           |
|    explained_variance     | 0         |
|    is_line_search_success | 1         |
|    kl_divergence_loss     | 0.00759   |
|    learning_rate          | 0.0013    |
|    n_updates              | 76        |
|    policy_objective       | 0.00345   |
|    std                    | 0.813     |
|    value_loss             | 9.75e+09  |
-----------------------------------------
-----------------------------------------
| rollout/                  |           |
|    ep_len_mean            | 3.04      |
|    ep_rew_mean            | -1.17e+05 |
| time/                     |           |
|    fps                    | 1280      |
|    time_elapsed           | 499       |
|    total_timesteps        | 640000    |
| train/                    |           |
|    explained_variance     | 0         |
|    is_line_search_success | 1         |
|    kl_divergence_loss     | 0.00706   |
|    learning_rate          | 0.0013    |
|    n_updates              | 78        |
|    policy_objective       | 0.032     |
|    std                    | 0.809     |
|    value_loss             | 9.72e+09  |
-----------------------------------------
-----------------------------------------
| rollout/                  |           |
|    ep_len_mean            | 3.05      |
|    ep_rew_mean            | -1.17e+05 |
| time/                     |           |
|    fps                    | 1280      |
|    time_elapsed           | 507       |
|    total_timesteps        | 650000    |
| train/                    |           |
|    explained_variance     | 0         |
|    is_line_search_success | 1         |
|    kl_divergence_loss     | 0.00996   |
|    learning_rate          | 0.0013    |
|    n_updates              | 79        |
|    policy_objective       | 0.0202    |
|    std                    | 0.803     |
|    value_loss             | 9.7e+09   |
-----------------------------------------
-----------------------------------------
| rollout/                  |           |
|    ep_len_mean            | 3.07      |
|    ep_rew_mean            | -1.17e+05 |
| time/                     |           |
|    fps                    | 1280      |
|    time_elapsed           | 515       |
|    total_timesteps        | 660000    |
| train/                    |           |
|    explained_variance     | 1.19e-07  |
|    is_line_search_success | 1         |
|    kl_divergence_loss     | 0.00532   |
|    learning_rate          | 0.0013    |
|    n_updates              | 80        |
|    policy_objective       | 0.0553    |
|    std                    | 0.804     |
|    value_loss             | 9.89e+09  |
-----------------------------------------
-----------------------------------------
| rollout/                  |           |
|    ep_len_mean            | 3.05      |
|    ep_rew_mean            | -1.17e+05 |
| time/                     |           |
|    fps                    | 1280      |
|    time_elapsed           | 523       |
|    total_timesteps        | 670000    |
| train/                    |           |
|    explained_variance     | 1.19e-07  |
|    is_line_search_success | 1         |
|    kl_divergence_loss     | 0.00908   |
|    learning_rate          | 0.0013    |
|    n_updates              | 81        |
|    policy_objective       | 0.025     |
|    std                    | 0.802     |
|    value_loss             | 9.69e+09  |
-----------------------------------------
-----------------------------------------
| rollout/                  |           |
|    ep_len_mean            | 3         |
|    ep_rew_mean            | -1.17e+05 |
| time/                     |           |
|    fps                    | 1277      |
|    time_elapsed           | 532       |
|    total_timesteps        | 680000    |
| train/                    |           |
|    explained_variance     | 0         |
|    is_line_search_success | 1         |
|    kl_divergence_loss     | 0.00582   |
|    learning_rate          | 0.0013    |
|    n_updates              | 83        |
|    policy_objective       | 0.0177    |
|    std                    | 0.796     |
|    value_loss             | 9.65e+09  |
-----------------------------------------
-----------------------------------------
| rollout/                  |           |
|    ep_len_mean            | 3         |
|    ep_rew_mean            | -1.17e+05 |
| time/                     |           |
|    fps                    | 1277      |
|    time_elapsed           | 540       |
|    total_timesteps        | 690000    |
| train/                    |           |
|    explained_variance     | 0         |
|    is_line_search_success | 1         |
|    kl_divergence_loss     | 0.00636   |
|    learning_rate          | 0.0013    |
|    n_updates              | 84        |
|    policy_objective       | 0.0277    |
|    std                    | 0.796     |
|    value_loss             | 9.64e+09  |
-----------------------------------------
-----------------------------------------
| rollout/                  |           |
|    ep_len_mean            | 3.02      |
|    ep_rew_mean            | -1.17e+05 |
| time/                     |           |
|    fps                    | 1277      |
|    time_elapsed           | 547       |
|    total_timesteps        | 700000    |
| train/                    |           |
|    explained_variance     | 5.96e-08  |
|    is_line_search_success | 1         |
|    kl_divergence_loss     | 0.00561   |
|    learning_rate          | 0.0013    |
|    n_updates              | 85        |
|    policy_objective       | 0.0248    |
|    std                    | 0.796     |
|    value_loss             | 9.62e+09  |
-----------------------------------------
-----------------------------------------
| rollout/                  |           |
|    ep_len_mean            | 3.01      |
|    ep_rew_mean            | -1.17e+05 |
| time/                     |           |
|    fps                    | 1278      |
|    time_elapsed           | 555       |
|    total_timesteps        | 710000    |
| train/                    |           |
|    explained_variance     | 0         |
|    is_line_search_success | 1         |
|    kl_divergence_loss     | 0.00661   |
|    learning_rate          | 0.0013    |
|    n_updates              | 86        |
|    policy_objective       | 0.0301    |
|    std                    | 0.794     |
|    value_loss             | 9.63e+09  |
-----------------------------------------
-----------------------------------------
| rollout/                  |           |
|    ep_len_mean            | 3.04      |
|    ep_rew_mean            | -1.17e+05 |
| time/                     |           |
|    fps                    | 1278      |
|    time_elapsed           | 563       |
|    total_timesteps        | 720000    |
| train/                    |           |
|    explained_variance     | 0         |
|    is_line_search_success | 1         |
|    kl_divergence_loss     | 0.00715   |
|    learning_rate          | 0.0013    |
|    n_updates              | 87        |
|    policy_objective       | 0.0346    |
|    std                    | 0.794     |
|    value_loss             | 9.62e+09  |
-----------------------------------------
-----------------------------------------
| rollout/                  |           |
|    ep_len_mean            | 3.07      |
|    ep_rew_mean            | -1.17e+05 |
| time/                     |           |
|    fps                    | 1275      |
|    time_elapsed           | 572       |
|    total_timesteps        | 730000    |
| train/                    |           |
|    explained_variance     | 0         |
|    is_line_search_success | 1         |
|    kl_divergence_loss     | 0.00443   |
|    learning_rate          | 0.0013    |
|    n_updates              | 89        |
|    policy_objective       | 0.00668   |
|    std                    | 0.793     |
|    value_loss             | 9.61e+09  |
-----------------------------------------
-----------------------------------------
| rollout/                  |           |
|    ep_len_mean            | 3.03      |
|    ep_rew_mean            | -1.17e+05 |
| time/                     |           |
|    fps                    | 1275      |
|    time_elapsed           | 580       |
|    total_timesteps        | 740000    |
| train/                    |           |
|    explained_variance     | -1.19e-07 |
|    is_line_search_success | 1         |
|    kl_divergence_loss     | 0.00742   |
|    learning_rate          | 0.0013    |
|    n_updates              | 90        |
|    policy_objective       | 0.0345    |
|    std                    | 0.793     |
|    value_loss             | 9.6e+09   |
-----------------------------------------
-----------------------------------------
| rollout/                  |           |
|    ep_len_mean            | 3.03      |
|    ep_rew_mean            | -1.17e+05 |
| time/                     |           |
|    fps                    | 1275      |
|    time_elapsed           | 587       |
|    total_timesteps        | 750000    |
| train/                    |           |
|    explained_variance     | 0         |
|    is_line_search_success | 1         |
|    kl_divergence_loss     | 0.00876   |
|    learning_rate          | 0.0013    |
|    n_updates              | 91        |
|    policy_objective       | 0.0362    |
|    std                    | 0.791     |
|    value_loss             | 9.57e+09  |
-----------------------------------------
-----------------------------------------
| rollout/                  |           |
|    ep_len_mean            | 3.02      |
|    ep_rew_mean            | -1.17e+05 |
| time/                     |           |
|    fps                    | 1275      |
|    time_elapsed           | 595       |
|    total_timesteps        | 760000    |
| train/                    |           |
|    explained_variance     | 0         |
|    is_line_search_success | 1         |
|    kl_divergence_loss     | 0.00996   |
|    learning_rate          | 0.0013    |
|    n_updates              | 92        |
|    policy_objective       | 0.0402    |
|    std                    | 0.793     |
|    value_loss             | 9.55e+09  |
-----------------------------------------
-----------------------------------------
| rollout/                  |           |
|    ep_len_mean            | 3.04      |
|    ep_rew_mean            | -1.17e+05 |
| time/                     |           |
|    fps                    | 1276      |
|    time_elapsed           | 603       |
|    total_timesteps        | 770000    |
| train/                    |           |
|    explained_variance     | 0         |
|    is_line_search_success | 1         |
|    kl_divergence_loss     | 0.00324   |
|    learning_rate          | 0.0013    |
|    n_updates              | 93        |
|    policy_objective       | 0.00447   |
|    std                    | 0.79      |
|    value_loss             | 9.54e+09  |
-----------------------------------------
-----------------------------------------
| rollout/                  |           |
|    ep_len_mean            | 3.02      |
|    ep_rew_mean            | -1.17e+05 |
| time/                     |           |
|    fps                    | 1273      |
|    time_elapsed           | 612       |
|    total_timesteps        | 780000    |
| train/                    |           |
|    explained_variance     | 0         |
|    is_line_search_success | 1         |
|    kl_divergence_loss     | 0.0069    |
|    learning_rate          | 0.0013    |
|    n_updates              | 95        |
|    policy_objective       | 0.0315    |
|    std                    | 0.788     |
|    value_loss             | 9.53e+09  |
-----------------------------------------
-----------------------------------------
| rollout/                  |           |
|    ep_len_mean            | 3.03      |
|    ep_rew_mean            | -1.17e+05 |
| time/                     |           |
|    fps                    | 1274      |
|    time_elapsed           | 619       |
|    total_timesteps        | 790000    |
| train/                    |           |
|    explained_variance     | 0         |
|    is_line_search_success | 1         |
|    kl_divergence_loss     | 0.00916   |
|    learning_rate          | 0.0013    |
|    n_updates              | 96        |
|    policy_objective       | 0.0278    |
|    std                    | 0.784     |
|    value_loss             | 9.51e+09  |
-----------------------------------------
-----------------------------------------
| rollout/                  |           |
|    ep_len_mean            | 3         |
|    ep_rew_mean            | -1.17e+05 |
| time/                     |           |
|    fps                    | 1274      |
|    time_elapsed           | 627       |
|    total_timesteps        | 800000    |
| train/                    |           |
|    explained_variance     | 0         |
|    is_line_search_success | 1         |
|    kl_divergence_loss     | 0.00723   |
|    learning_rate          | 0.0013    |
|    n_updates              | 97        |
|    policy_objective       | 0.0262    |
|    std                    | 0.783     |
|    value_loss             | 9.5e+09   |
-----------------------------------------
-----------------------------------------
| rollout/                  |           |
|    ep_len_mean            | 3.02      |
|    ep_rew_mean            | -1.17e+05 |
| time/                     |           |
|    fps                    | 1274      |
|    time_elapsed           | 635       |
|    total_timesteps        | 810000    |
| train/                    |           |
|    explained_variance     | 0         |
|    is_line_search_success | 1         |
|    kl_divergence_loss     | 0.00776   |
|    learning_rate          | 0.0013    |
|    n_updates              | 98        |
|    policy_objective       | 0.027     |
|    std                    | 0.783     |
|    value_loss             | 9.49e+09  |
-----------------------------------------
-----------------------------------------
| rollout/                  |           |
|    ep_len_mean            | 3.01      |
|    ep_rew_mean            | -1.17e+05 |
| time/                     |           |
|    fps                    | 1272      |
|    time_elapsed           | 644       |
|    total_timesteps        | 820000    |
| train/                    |           |
|    explained_variance     | -1.19e-07 |
|    is_line_search_success | 1         |
|    kl_divergence_loss     | 0.0049    |
|    learning_rate          | 0.0013    |
|    n_updates              | 100       |
|    policy_objective       | 0.0165    |
|    std                    | 0.781     |
|    value_loss             | 9.46e+09  |
-----------------------------------------
-----------------------------------------
| rollout/                  |           |
|    ep_len_mean            | 3.01      |
|    ep_rew_mean            | -1.17e+05 |
| time/                     |           |
|    fps                    | 1272      |
|    time_elapsed           | 652       |
|    total_timesteps        | 830000    |
| train/                    |           |
|    explained_variance     | 0         |
|    is_line_search_success | 1         |
|    kl_divergence_loss     | 0.00645   |
|    learning_rate          | 0.0013    |
|    n_updates              | 101       |
|    policy_objective       | 0.0319    |
|    std                    | 0.778     |
|    value_loss             | 9.45e+09  |
-----------------------------------------
-----------------------------------------
| rollout/                  |           |
|    ep_len_mean            | 3.02      |
|    ep_rew_mean            | -1.17e+05 |
| time/                     |           |
|    fps                    | 1272      |
|    time_elapsed           | 660       |
|    total_timesteps        | 840000    |
| train/                    |           |
|    explained_variance     | 0         |
|    is_line_search_success | 1         |
|    kl_divergence_loss     | 0.0099    |
|    learning_rate          | 0.0013    |
|    n_updates              | 102       |
|    policy_objective       | 0.023     |
|    std                    | 0.779     |
|    value_loss             | 9.44e+09  |
-----------------------------------------
-----------------------------------------
| rollout/                  |           |
|    ep_len_mean            | 3.01      |
|    ep_rew_mean            | -1.17e+05 |
| time/                     |           |
|    fps                    | 1272      |
|    time_elapsed           | 667       |
|    total_timesteps        | 850000    |
| train/                    |           |
|    explained_variance     | 0         |
|    is_line_search_success | 1         |
|    kl_divergence_loss     | 0.00757   |
|    learning_rate          | 0.0013    |
|    n_updates              | 103       |
|    policy_objective       | 0.0374    |
|    std                    | 0.781     |
|    value_loss             | 9.43e+09  |
-----------------------------------------
-----------------------------------------
| rollout/                  |           |
|    ep_len_mean            | 3         |
|    ep_rew_mean            | -1.17e+05 |
| time/                     |           |
|    fps                    | 1272      |
|    time_elapsed           | 675       |
|    total_timesteps        | 860000    |
| train/                    |           |
|    explained_variance     | 1.19e-07  |
|    is_line_search_success | 1         |
|    kl_divergence_loss     | 0.00934   |
|    learning_rate          | 0.0013    |
|    n_updates              | 104       |
|    policy_objective       | 0.0254    |
|    std                    | 0.781     |
|    value_loss             | 9.42e+09  |
-----------------------------------------
-----------------------------------------
| rollout/                  |           |
|    ep_len_mean            | 3.02      |
|    ep_rew_mean            | -1.17e+05 |
| time/                     |           |
|    fps                    | 1270      |
|    time_elapsed           | 684       |
|    total_timesteps        | 870000    |
| train/                    |           |
|    explained_variance     | -1.19e-07 |
|    is_line_search_success | 1         |
|    kl_divergence_loss     | 0.00621   |
|    learning_rate          | 0.0013    |
|    n_updates              | 106       |
|    policy_objective       | 0.0355    |
|    std                    | 0.782     |
|    value_loss             | 9.4e+09   |
-----------------------------------------
-----------------------------------------
| rollout/                  |           |
|    ep_len_mean            | 3.05      |
|    ep_rew_mean            | -1.17e+05 |
| time/                     |           |
|    fps                    | 1271      |
|    time_elapsed           | 692       |
|    total_timesteps        | 880000    |
| train/                    |           |
|    explained_variance     | 5.96e-08  |
|    is_line_search_success | 1         |
|    kl_divergence_loss     | 0.00982   |
|    learning_rate          | 0.0013    |
|    n_updates              | 107       |
|    policy_objective       | 0.0126    |
|    std                    | 0.78      |
|    value_loss             | 9.39e+09  |
-----------------------------------------
-----------------------------------------
| rollout/                  |           |
|    ep_len_mean            | 3.01      |
|    ep_rew_mean            | -1.17e+05 |
| time/                     |           |
|    fps                    | 1271      |
|    time_elapsed           | 700       |
|    total_timesteps        | 890000    |
| train/                    |           |
|    explained_variance     | 0         |
|    is_line_search_success | 1         |
|    kl_divergence_loss     | 0.00889   |
|    learning_rate          | 0.0013    |
|    n_updates              | 108       |
|    policy_objective       | 0.0481    |
|    std                    | 0.779     |
|    value_loss             | 9.39e+09  |
-----------------------------------------
-----------------------------------------
| rollout/                  |           |
|    ep_len_mean            | 3         |
|    ep_rew_mean            | -1.17e+05 |
| time/                     |           |
|    fps                    | 1271      |
|    time_elapsed           | 707       |
|    total_timesteps        | 900000    |
| train/                    |           |
|    explained_variance     | 0         |
|    is_line_search_success | 1         |
|    kl_divergence_loss     | 0.00873   |
|    learning_rate          | 0.0013    |
|    n_updates              | 109       |
|    policy_objective       | 0.04      |
|    std                    | 0.778     |
|    value_loss             | 9.37e+09  |
-----------------------------------------
-----------------------------------------
| rollout/                  |           |
|    ep_len_mean            | 3.01      |
|    ep_rew_mean            | -1.17e+05 |
| time/                     |           |
|    fps                    | 1269      |
|    time_elapsed           | 716       |
|    total_timesteps        | 910000    |
| train/                    |           |
|    explained_variance     | -1.19e-07 |
|    is_line_search_success | 1         |
|    kl_divergence_loss     | 0.00432   |
|    learning_rate          | 0.0013    |
|    n_updates              | 111       |
|    policy_objective       | 0.0274    |
|    std                    | 0.779     |
|    value_loss             | 1.21e+10  |
-----------------------------------------
-----------------------------------------
| rollout/                  |           |
|    ep_len_mean            | 3.01      |
|    ep_rew_mean            | -1.17e+05 |
| time/                     |           |
|    fps                    | 1269      |
|    time_elapsed           | 724       |
|    total_timesteps        | 920000    |
| train/                    |           |
|    explained_variance     | 5.96e-08  |
|    is_line_search_success | 1         |
|    kl_divergence_loss     | 0.0078    |
|    learning_rate          | 0.0013    |
|    n_updates              | 112       |
|    policy_objective       | 0.0281    |
|    std                    | 0.778     |
|    value_loss             | 9.34e+09  |
-----------------------------------------
-----------------------------------------
| rollout/                  |           |
|    ep_len_mean            | 3.36      |
|    ep_rew_mean            | -1.21e+05 |
| time/                     |           |
|    fps                    | 1269      |
|    time_elapsed           | 732       |
|    total_timesteps        | 930000    |
| train/                    |           |
|    explained_variance     | -2.38e-07 |
|    is_line_search_success | 1         |
|    kl_divergence_loss     | 0.00809   |
|    learning_rate          | 0.0013    |
|    n_updates              | 113       |
|    policy_objective       | 0.055     |
|    std                    | 0.779     |
|    value_loss             | 1.29e+10  |
-----------------------------------------
-----------------------------------------
| rollout/                  |           |
|    ep_len_mean            | 3.03      |
|    ep_rew_mean            | -1.17e+05 |
| time/                     |           |
|    fps                    | 1270      |
|    time_elapsed           | 740       |
|    total_timesteps        | 940000    |
| train/                    |           |
|    explained_variance     | -1.19e-07 |
|    is_line_search_success | 1         |
|    kl_divergence_loss     | 0.00826   |
|    learning_rate          | 0.0013    |
|    n_updates              | 114       |
|    policy_objective       | 0.0582    |
|    std                    | 0.779     |
|    value_loss             | 2.24e+10  |
-----------------------------------------
-----------------------------------------
| rollout/                  |           |
|    ep_len_mean            | 3.02      |
|    ep_rew_mean            | -1.17e+05 |
| time/                     |           |
|    fps                    | 1270      |
|    time_elapsed           | 747       |
|    total_timesteps        | 950000    |
| train/                    |           |
|    explained_variance     | -1.19e-07 |
|    is_line_search_success | 1         |
|    kl_divergence_loss     | 0.00906   |
|    learning_rate          | 0.0013    |
|    n_updates              | 115       |
|    policy_objective       | 0.0498    |
|    std                    | 0.779     |
|    value_loss             | 1.32e+10  |
-----------------------------------------
-----------------------------------------
| rollout/                  |           |
|    ep_len_mean            | 3         |
|    ep_rew_mean            | -1.17e+05 |
| time/                     |           |
|    fps                    | 1268      |
|    time_elapsed           | 756       |
|    total_timesteps        | 960000    |
| train/                    |           |
|    explained_variance     | 0         |
|    is_line_search_success | 1         |
|    kl_divergence_loss     | 0.00628   |
|    learning_rate          | 0.0013    |
|    n_updates              | 117       |
|    policy_objective       | 0.0445    |
|    std                    | 0.779     |
|    value_loss             | 9.67e+09  |
-----------------------------------------
-----------------------------------------
| rollout/                  |           |
|    ep_len_mean            | 3.05      |
|    ep_rew_mean            | -1.17e+05 |
| time/                     |           |
|    fps                    | 1268      |
|    time_elapsed           | 764       |
|    total_timesteps        | 970000    |
| train/                    |           |
|    explained_variance     | 0         |
|    is_line_search_success | 1         |
|    kl_divergence_loss     | 0.00747   |
|    learning_rate          | 0.0013    |
|    n_updates              | 118       |
|    policy_objective       | 0.0162    |
|    std                    | 0.78      |
|    value_loss             | 9.28e+09  |
-----------------------------------------
-----------------------------------------
| rollout/                  |           |
|    ep_len_mean            | 3.05      |
|    ep_rew_mean            | -1.17e+05 |
| time/                     |           |
|    fps                    | 1268      |
|    time_elapsed           | 772       |
|    total_timesteps        | 980000    |
| train/                    |           |
|    explained_variance     | 0         |
|    is_line_search_success | 1         |
|    kl_divergence_loss     | 0.00627   |
|    learning_rate          | 0.0013    |
|    n_updates              | 119       |
|    policy_objective       | 0.015     |
|    std                    | 0.78      |
|    value_loss             | 9.29e+09  |
-----------------------------------------
-----------------------------------------
| rollout/                  |           |
|    ep_len_mean            | 3.06      |
|    ep_rew_mean            | -1.17e+05 |
| time/                     |           |
|    fps                    | 1268      |
|    time_elapsed           | 780       |
|    total_timesteps        | 990000    |
| train/                    |           |
|    explained_variance     | 0         |
|    is_line_search_success | 1         |
|    kl_divergence_loss     | 0.0098    |
|    learning_rate          | 0.0013    |
|    n_updates              | 120       |
|    policy_objective       | 0.0769    |
|    std                    | 0.78      |
|    value_loss             | 9.98e+09  |
-----------------------------------------
-----------------------------------------
| rollout/                  |           |
|    ep_len_mean            | 3.12      |
|    ep_rew_mean            | -1.18e+05 |
| time/                     |           |
|    fps                    | 1267      |
|    time_elapsed           | 789       |
|    total_timesteps        | 1000000   |
| train/                    |           |
|    explained_variance     | -1.19e-07 |
|    is_line_search_success | 1         |
|    kl_divergence_loss     | 0.00656   |
|    learning_rate          | 0.0013    |
|    n_updates              | 122       |
|    policy_objective       | 0.0041    |
|    std                    | 0.779     |
|    value_loss             | 9.3e+09   |
-----------------------------------------
Training ended on Tue Jan 27 16:34:36 2026
Training lasted 0:13:15.370651
