Logging to training_random_logs/3_robots/logs/ARS_set1
Using cpu device
Training started on Tue Jan 27 16:21:19 2026
Experiment configuration: {'algorithm': 'ARS', 'set': 1, 'verbose': 1, 'steps': 1000000, 'num_robots': 3, 'num_envs': 4, 'seed': 33, 'log_steps': 10000, 'resume': False, 'device': 'cpu'}
----------------------------------
| rollout/           |           |
|    ep_len_mean     | 1e+03     |
|    ep_rew_mean     | -2.99e+07 |
| time/              |           |
|    fps             | 2295      |
|    time_elapsed    | 4         |
|    total_timesteps | 10000     |
----------------------------------
---------------------------------
| rollout/           |          |
|    ep_len_mean     | 670      |
|    ep_rew_mean     | -2e+07   |
| time/              |          |
|    fps             | 2332     |
|    time_elapsed    | 8        |
|    total_timesteps | 20000    |
---------------------------------
----------------------------------
| rollout/           |           |
|    ep_len_mean     | 703       |
|    ep_rew_mean     | -2.09e+07 |
| time/              |           |
|    fps             | 2273      |
|    time_elapsed    | 13        |
|    total_timesteps | 30000     |
----------------------------------
----------------------------------
| rollout/           |           |
|    ep_len_mean     | 695       |
|    ep_rew_mean     | -2.07e+07 |
| time/              |           |
|    fps             | 2223      |
|    time_elapsed    | 17        |
|    total_timesteps | 40000     |
----------------------------------
---------------------------------
| rollout/           |          |
|    ep_len_mean     | 1e+03    |
|    ep_rew_mean     | -3e+07   |
|    return_std      | 1.49e+07 |
| time/              |          |
|    fps             | 2197     |
|    time_elapsed    | 22       |
|    total_timesteps | 50000    |
| train/             |          |
|    delta_std       | 0.05     |
|    iterations      | 0        |
|    learning_rate   | 0.0018   |
|    step_size       | 1.51e-11 |
---------------------------------
----------------------------------
| rollout/           |           |
|    ep_len_mean     | 582       |
|    ep_rew_mean     | -1.74e+07 |
| time/              |           |
|    fps             | 2180      |
|    time_elapsed    | 27        |
|    total_timesteps | 60000     |
----------------------------------
----------------------------------
| rollout/           |           |
|    ep_len_mean     | 592       |
|    ep_rew_mean     | -1.76e+07 |
| time/              |           |
|    fps             | 2171      |
|    time_elapsed    | 32        |
|    total_timesteps | 70000     |
----------------------------------
----------------------------------
| rollout/           |           |
|    ep_len_mean     | 650       |
|    ep_rew_mean     | -1.94e+07 |
| time/              |           |
|    fps             | 2163      |
|    time_elapsed    | 36        |
|    total_timesteps | 80000     |
----------------------------------
----------------------------------
| rollout/           |           |
|    ep_len_mean     | 1e+03     |
|    ep_rew_mean     | -2.99e+07 |
|    return_std      | 1.49e+07  |
| time/              |           |
|    fps             | 2158      |
|    time_elapsed    | 41        |
|    total_timesteps | 90000     |
| train/             |           |
|    delta_std       | 0.05      |
|    iterations      | 1         |
|    learning_rate   | 0.0018    |
|    step_size       | 1.52e-11  |
----------------------------------
----------------------------------
| rollout/           |           |
|    ep_len_mean     | 1e+03     |
|    ep_rew_mean     | -2.99e+07 |
| time/              |           |
|    fps             | 2178      |
|    time_elapsed    | 45        |
|    total_timesteps | 100000    |
----------------------------------
----------------------------------
| rollout/           |           |
|    ep_len_mean     | 876       |
|    ep_rew_mean     | -2.62e+07 |
| time/              |           |
|    fps             | 2197      |
|    time_elapsed    | 50        |
|    total_timesteps | 110000    |
----------------------------------
----------------------------------
| rollout/           |           |
|    ep_len_mean     | 901       |
|    ep_rew_mean     | -2.69e+07 |
| time/              |           |
|    fps             | 2211      |
|    time_elapsed    | 54        |
|    total_timesteps | 120000    |
----------------------------------
----------------------------------
| rollout/           |           |
|    ep_len_mean     | 924       |
|    ep_rew_mean     | -2.76e+07 |
| time/              |           |
|    fps             | 2224      |
|    time_elapsed    | 58        |
|    total_timesteps | 130000    |
----------------------------------
----------------------------------
| rollout/           |           |
|    ep_len_mean     | 16.5      |
|    ep_rew_mean     | -2.91e+05 |
|    return_std      | 1.02e+07  |
| time/              |           |
|    fps             | 2232      |
|    time_elapsed    | 62        |
|    total_timesteps | 140000    |
| train/             |           |
|    delta_std       | 0.05      |
|    iterations      | 2         |
|    learning_rate   | 0.0018    |
|    step_size       | 2.21e-11  |
----------------------------------
----------------------------------
| rollout/           |           |
|    ep_len_mean     | 383       |
|    ep_rew_mean     | -1.13e+07 |
| time/              |           |
|    fps             | 2242      |
|    time_elapsed    | 66        |
|    total_timesteps | 150000    |
----------------------------------
---------------------------------
| rollout/           |          |
|    ep_len_mean     | 507      |
|    ep_rew_mean     | -1.5e+07 |
| time/              |          |
|    fps             | 2252     |
|    time_elapsed    | 71       |
|    total_timesteps | 160000   |
---------------------------------
----------------------------------
| rollout/           |           |
|    ep_len_mean     | 621       |
|    ep_rew_mean     | -1.85e+07 |
| time/              |           |
|    fps             | 2263      |
|    time_elapsed    | 75        |
|    total_timesteps | 170000    |
----------------------------------
---------------------------------
| rollout/           |          |
|    ep_len_mean     | 671      |
|    ep_rew_mean     | -2e+07   |
| time/              |          |
|    fps             | 2273     |
|    time_elapsed    | 79       |
|    total_timesteps | 180000   |
---------------------------------
----------------------------------
| rollout/           |           |
|    ep_len_mean     | 670       |
|    ep_rew_mean     | -1.99e+07 |
|    return_std      | 1.42e+07  |
| time/              |           |
|    fps             | 2281      |
|    time_elapsed    | 83        |
|    total_timesteps | 190000    |
| train/             |           |
|    delta_std       | 0.05      |
|    iterations      | 3         |
|    learning_rate   | 0.0018    |
|    step_size       | 1.58e-11  |
----------------------------------
----------------------------------
| rollout/           |           |
|    ep_len_mean     | 672       |
|    ep_rew_mean     | -1.99e+07 |
| time/              |           |
|    fps             | 2287      |
|    time_elapsed    | 87        |
|    total_timesteps | 200000    |
----------------------------------
---------------------------------
| rollout/           |          |
|    ep_len_mean     | 704      |
|    ep_rew_mean     | -2.1e+07 |
| time/              |          |
|    fps             | 2292     |
|    time_elapsed    | 91       |
|    total_timesteps | 210000   |
---------------------------------
----------------------------------
| rollout/           |           |
|    ep_len_mean     | 753       |
|    ep_rew_mean     | -2.24e+07 |
| time/              |           |
|    fps             | 2296      |
|    time_elapsed    | 95        |
|    total_timesteps | 220000    |
----------------------------------
---------------------------------
| rollout/           |          |
|    return_std      | 1.32e+07 |
| time/              |          |
|    fps             | 2300     |
|    time_elapsed    | 99       |
|    total_timesteps | 230000   |
| train/             |          |
|    delta_std       | 0.05     |
|    iterations      | 4        |
|    learning_rate   | 0.0018   |
|    step_size       | 1.7e-11  |
---------------------------------
----------------------------------
| rollout/           |           |
|    ep_len_mean     | 1e+03     |
|    ep_rew_mean     | -2.99e+07 |
| time/              |           |
|    fps             | 2303      |
|    time_elapsed    | 104       |
|    total_timesteps | 240000    |
----------------------------------
----------------------------------
| rollout/           |           |
|    ep_len_mean     | 717       |
|    ep_rew_mean     | -2.13e+07 |
| time/              |           |
|    fps             | 2307      |
|    time_elapsed    | 108       |
|    total_timesteps | 250000    |
----------------------------------
---------------------------------
| rollout/           |          |
|    ep_len_mean     | 641      |
|    ep_rew_mean     | -1.9e+07 |
| time/              |          |
|    fps             | 2309     |
|    time_elapsed    | 112      |
|    total_timesteps | 260000   |
---------------------------------
----------------------------------
| rollout/           |           |
|    ep_len_mean     | 718       |
|    ep_rew_mean     | -2.14e+07 |
| time/              |           |
|    fps             | 2312      |
|    time_elapsed    | 116       |
|    total_timesteps | 270000    |
----------------------------------
---------------------------------
| rollout/           |          |
|    ep_len_mean     | 1e+03    |
|    ep_rew_mean     | -3e+07   |
|    return_std      | 1.42e+07 |
| time/              |          |
|    fps             | 2314     |
|    time_elapsed    | 120      |
|    total_timesteps | 280000   |
| train/             |          |
|    delta_std       | 0.05     |
|    iterations      | 5        |
|    learning_rate   | 0.0018   |
|    step_size       | 1.58e-11 |
---------------------------------
---------------------------------
| rollout/           |          |
|    ep_len_mean     | 801      |
|    ep_rew_mean     | -2.4e+07 |
| time/              |          |
|    fps             | 2317     |
|    time_elapsed    | 125      |
|    total_timesteps | 290000   |
---------------------------------
---------------------------------
| rollout/           |          |
|    ep_len_mean     | 671      |
|    ep_rew_mean     | -2e+07   |
| time/              |          |
|    fps             | 2319     |
|    time_elapsed    | 129      |
|    total_timesteps | 300000   |
---------------------------------
----------------------------------
| rollout/           |           |
|    ep_len_mean     | 697       |
|    ep_rew_mean     | -2.08e+07 |
| time/              |           |
|    fps             | 2321      |
|    time_elapsed    | 133       |
|    total_timesteps | 310000    |
----------------------------------
---------------------------------
| rollout/           |          |
|    ep_len_mean     | 738      |
|    ep_rew_mean     | -2.2e+07 |
| time/              |          |
|    fps             | 2323     |
|    time_elapsed    | 137      |
|    total_timesteps | 320000   |
---------------------------------
----------------------------------
| rollout/           |           |
|    ep_len_mean     | 1e+03     |
|    ep_rew_mean     | -2.99e+07 |
|    return_std      | 1.33e+07  |
| time/              |           |
|    fps             | 2327      |
|    time_elapsed    | 141       |
|    total_timesteps | 330000    |
| train/             |           |
|    delta_std       | 0.05      |
|    iterations      | 6         |
|    learning_rate   | 0.0018    |
|    step_size       | 1.7e-11   |
----------------------------------
---------------------------------
| rollout/           |          |
|    ep_len_mean     | 1e+03    |
|    ep_rew_mean     | -3e+07   |
| time/              |          |
|    fps             | 2330     |
|    time_elapsed    | 145      |
|    total_timesteps | 340000   |
---------------------------------
----------------------------------
| rollout/           |           |
|    ep_len_mean     | 869       |
|    ep_rew_mean     | -2.59e+07 |
| time/              |           |
|    fps             | 2334      |
|    time_elapsed    | 149       |
|    total_timesteps | 350000    |
----------------------------------
----------------------------------
| rollout/           |           |
|    ep_len_mean     | 908       |
|    ep_rew_mean     | -2.71e+07 |
| time/              |           |
|    fps             | 2336      |
|    time_elapsed    | 154       |
|    total_timesteps | 360000    |
----------------------------------
----------------------------------
| rollout/           |           |
|    ep_len_mean     | 853       |
|    ep_rew_mean     | -2.54e+07 |
| time/              |           |
|    fps             | 2339      |
|    time_elapsed    | 158       |
|    total_timesteps | 370000    |
----------------------------------
---------------------------------
| rollout/           |          |
|    return_std      | 9.91e+06 |
| time/              |          |
|    fps             | 2341     |
|    time_elapsed    | 162      |
|    total_timesteps | 380000   |
| train/             |          |
|    delta_std       | 0.05     |
|    iterations      | 7        |
|    learning_rate   | 0.0018   |
|    step_size       | 2.27e-11 |
---------------------------------
----------------------------------
| rollout/           |           |
|    ep_len_mean     | 1e+03     |
|    ep_rew_mean     | -2.97e+07 |
| time/              |           |
|    fps             | 2344      |
|    time_elapsed    | 166       |
|    total_timesteps | 390000    |
----------------------------------
----------------------------------
| rollout/           |           |
|    ep_len_mean     | 1e+03     |
|    ep_rew_mean     | -2.98e+07 |
| time/              |           |
|    fps             | 2346      |
|    time_elapsed    | 170       |
|    total_timesteps | 400000    |
----------------------------------
---------------------------------
| rollout/           |          |
|    ep_len_mean     | 705      |
|    ep_rew_mean     | -2.1e+07 |
| time/              |          |
|    fps             | 2348     |
|    time_elapsed    | 174      |
|    total_timesteps | 410000   |
---------------------------------
----------------------------------
| rollout/           |           |
|    ep_len_mean     | 773       |
|    ep_rew_mean     | -2.31e+07 |
| time/              |           |
|    fps             | 2350      |
|    time_elapsed    | 178       |
|    total_timesteps | 420000    |
----------------------------------
---------------------------------
| rollout/           |          |
|    ep_len_mean     | 803      |
|    ep_rew_mean     | -2.4e+07 |
| time/              |          |
|    fps             | 2352     |
|    time_elapsed    | 182      |
|    total_timesteps | 430000   |
---------------------------------
----------------------------------
| rollout/           |           |
|    ep_len_mean     | 1e+03     |
|    ep_rew_mean     | -2.94e+07 |
|    return_std      | 1.2e+07   |
| time/              |           |
|    fps             | 2354      |
|    time_elapsed    | 186       |
|    total_timesteps | 440000    |
| train/             |           |
|    delta_std       | 0.05      |
|    iterations      | 8         |
|    learning_rate   | 0.0018    |
|    step_size       | 1.88e-11  |
----------------------------------
----------------------------------
| rollout/           |           |
|    ep_len_mean     | 1e+03     |
|    ep_rew_mean     | -2.97e+07 |
| time/              |           |
|    fps             | 2355      |
|    time_elapsed    | 191       |
|    total_timesteps | 450000    |
----------------------------------
---------------------------------
| rollout/           |          |
|    ep_len_mean     | 881      |
|    ep_rew_mean     | -2.6e+07 |
| time/              |          |
|    fps             | 2358     |
|    time_elapsed    | 195      |
|    total_timesteps | 460000   |
---------------------------------
----------------------------------
| rollout/           |           |
|    ep_len_mean     | 905       |
|    ep_rew_mean     | -2.68e+07 |
| time/              |           |
|    fps             | 2359      |
|    time_elapsed    | 199       |
|    total_timesteps | 470000    |
----------------------------------
----------------------------------
| rollout/           |           |
|    ep_len_mean     | 927       |
|    ep_rew_mean     | -2.76e+07 |
| time/              |           |
|    fps             | 2361      |
|    time_elapsed    | 203       |
|    total_timesteps | 480000    |
----------------------------------
---------------------------------
| rollout/           |          |
|    return_std      | 9.99e+06 |
| time/              |          |
|    fps             | 2363     |
|    time_elapsed    | 207      |
|    total_timesteps | 490000   |
| train/             |          |
|    delta_std       | 0.05     |
|    iterations      | 9        |
|    learning_rate   | 0.0018   |
|    step_size       | 2.25e-11 |
---------------------------------
----------------------------------
| rollout/           |           |
|    ep_len_mean     | 384       |
|    ep_rew_mean     | -1.14e+07 |
| time/              |           |
|    fps             | 2365      |
|    time_elapsed    | 211       |
|    total_timesteps | 500000    |
----------------------------------
----------------------------------
| rollout/           |           |
|    ep_len_mean     | 507       |
|    ep_rew_mean     | -1.51e+07 |
| time/              |           |
|    fps             | 2367      |
|    time_elapsed    | 215       |
|    total_timesteps | 510000    |
----------------------------------
----------------------------------
| rollout/           |           |
|    ep_len_mean     | 577       |
|    ep_rew_mean     | -1.71e+07 |
| time/              |           |
|    fps             | 2368      |
|    time_elapsed    | 219       |
|    total_timesteps | 520000    |
----------------------------------
---------------------------------
| rollout/           |          |
|    return_std      | 1.49e+07 |
| time/              |          |
|    fps             | 2369     |
|    time_elapsed    | 223      |
|    total_timesteps | 530000   |
| train/             |          |
|    delta_std       | 0.05     |
|    iterations      | 10       |
|    learning_rate   | 0.0018   |
|    step_size       | 1.51e-11 |
---------------------------------
----------------------------------
| rollout/           |           |
|    ep_len_mean     | 1e+03     |
|    ep_rew_mean     | -3.01e+07 |
| time/              |           |
|    fps             | 2370      |
|    time_elapsed    | 227       |
|    total_timesteps | 540000    |
----------------------------------
---------------------------------
| rollout/           |          |
|    ep_len_mean     | 1e+03    |
|    ep_rew_mean     | -3e+07   |
| time/              |          |
|    fps             | 2372     |
|    time_elapsed    | 231      |
|    total_timesteps | 550000   |
---------------------------------
---------------------------------
| rollout/           |          |
|    ep_len_mean     | 1e+03    |
|    ep_rew_mean     | -3e+07   |
| time/              |          |
|    fps             | 2373     |
|    time_elapsed    | 235      |
|    total_timesteps | 560000   |
---------------------------------
----------------------------------
| rollout/           |           |
|    ep_len_mean     | 1e+03     |
|    ep_rew_mean     | -2.97e+07 |
| time/              |           |
|    fps             | 2374      |
|    time_elapsed    | 240       |
|    total_timesteps | 570000    |
----------------------------------
----------------------------------
| rollout/           |           |
|    ep_len_mean     | 930       |
|    ep_rew_mean     | -2.76e+07 |
| time/              |           |
|    fps             | 2375      |
|    time_elapsed    | 244       |
|    total_timesteps | 580000    |
----------------------------------
---------------------------------
| rollout/           |          |
|    return_std      | 7.42e+06 |
| time/              |          |
|    fps             | 2376     |
|    time_elapsed    | 248      |
|    total_timesteps | 590000   |
| train/             |          |
|    delta_std       | 0.05     |
|    iterations      | 11       |
|    learning_rate   | 0.0018   |
|    step_size       | 3.03e-11 |
---------------------------------
---------------------------------
| rollout/           |          |
|    ep_len_mean     | 1e+03    |
|    ep_rew_mean     | -3e+07   |
| time/              |          |
|    fps             | 2378     |
|    time_elapsed    | 252      |
|    total_timesteps | 600000   |
---------------------------------
----------------------------------
| rollout/           |           |
|    ep_len_mean     | 630       |
|    ep_rew_mean     | -1.88e+07 |
| time/              |           |
|    fps             | 2379      |
|    time_elapsed    | 256       |
|    total_timesteps | 610000    |
----------------------------------
----------------------------------
| rollout/           |           |
|    ep_len_mean     | 731       |
|    ep_rew_mean     | -2.19e+07 |
| time/              |           |
|    fps             | 2380      |
|    time_elapsed    | 260       |
|    total_timesteps | 620000    |
----------------------------------
----------------------------------
| rollout/           |           |
|    ep_len_mean     | 717       |
|    ep_rew_mean     | -2.15e+07 |
| time/              |           |
|    fps             | 2381      |
|    time_elapsed    | 264       |
|    total_timesteps | 630000    |
----------------------------------
----------------------------------
| rollout/           |           |
|    ep_len_mean     | 1e+03     |
|    ep_rew_mean     | -2.94e+07 |
|    return_std      | 1.43e+07  |
| time/              |           |
|    fps             | 2382      |
|    time_elapsed    | 268       |
|    total_timesteps | 640000    |
| train/             |           |
|    delta_std       | 0.05      |
|    iterations      | 12        |
|    learning_rate   | 0.0018    |
|    step_size       | 1.58e-11  |
----------------------------------
----------------------------------
| rollout/           |           |
|    ep_len_mean     | 583       |
|    ep_rew_mean     | -1.71e+07 |
| time/              |           |
|    fps             | 2384      |
|    time_elapsed    | 272       |
|    total_timesteps | 650000    |
----------------------------------
---------------------------------
| rollout/           |          |
|    ep_len_mean     | 708      |
|    ep_rew_mean     | -2.1e+07 |
| time/              |          |
|    fps             | 2384     |
|    time_elapsed    | 276      |
|    total_timesteps | 660000   |
---------------------------------
----------------------------------
| rollout/           |           |
|    ep_len_mean     | 757       |
|    ep_rew_mean     | -2.24e+07 |
| time/              |           |
|    fps             | 2384      |
|    time_elapsed    | 280       |
|    total_timesteps | 670000    |
----------------------------------
---------------------------------
| rollout/           |          |
|    return_std      | 1.32e+07 |
| time/              |          |
|    fps             | 2384     |
|    time_elapsed    | 285      |
|    total_timesteps | 680000   |
| train/             |          |
|    delta_std       | 0.05     |
|    iterations      | 13       |
|    learning_rate   | 0.0018   |
|    step_size       | 1.71e-11 |
---------------------------------
----------------------------------
| rollout/           |           |
|    ep_len_mean     | 1e+03     |
|    ep_rew_mean     | -2.99e+07 |
| time/              |           |
|    fps             | 2385      |
|    time_elapsed    | 289       |
|    total_timesteps | 690000    |
----------------------------------
----------------------------------
| rollout/           |           |
|    ep_len_mean     | 719       |
|    ep_rew_mean     | -2.14e+07 |
| time/              |           |
|    fps             | 2386      |
|    time_elapsed    | 293       |
|    total_timesteps | 700000    |
----------------------------------
----------------------------------
| rollout/           |           |
|    ep_len_mean     | 782       |
|    ep_rew_mean     | -2.33e+07 |
| time/              |           |
|    fps             | 2386      |
|    time_elapsed    | 297       |
|    total_timesteps | 710000    |
----------------------------------
----------------------------------
| rollout/           |           |
|    ep_len_mean     | 719       |
|    ep_rew_mean     | -2.14e+07 |
| time/              |           |
|    fps             | 2385      |
|    time_elapsed    | 301       |
|    total_timesteps | 720000    |
----------------------------------
---------------------------------
| rollout/           |          |
|    ep_len_mean     | 8        |
|    ep_rew_mean     | -1.1e+05 |
|    return_std      | 1.33e+07 |
| time/              |          |
|    fps             | 2384     |
|    time_elapsed    | 306      |
|    total_timesteps | 730000   |
| train/             |          |
|    delta_std       | 0.05     |
|    iterations      | 14       |
|    learning_rate   | 0.0018   |
|    step_size       | 1.69e-11 |
---------------------------------
----------------------------------
| rollout/           |           |
|    ep_len_mean     | 604       |
|    ep_rew_mean     | -1.81e+07 |
| time/              |           |
|    fps             | 2384      |
|    time_elapsed    | 310       |
|    total_timesteps | 740000    |
----------------------------------
----------------------------------
| rollout/           |           |
|    ep_len_mean     | 717       |
|    ep_rew_mean     | -2.15e+07 |
| time/              |           |
|    fps             | 2383      |
|    time_elapsed    | 314       |
|    total_timesteps | 750000    |
----------------------------------
----------------------------------
| rollout/           |           |
|    ep_len_mean     | 730       |
|    ep_rew_mean     | -2.18e+07 |
| time/              |           |
|    fps             | 2385      |
|    time_elapsed    | 318       |
|    total_timesteps | 760000    |
----------------------------------
---------------------------------
| rollout/           |          |
|    ep_len_mean     | 771      |
|    ep_rew_mean     | -2.3e+07 |
| time/              |          |
|    fps             | 2384     |
|    time_elapsed    | 322      |
|    total_timesteps | 770000   |
---------------------------------
---------------------------------
| rollout/           |          |
|    return_std      | 1.2e+07  |
| time/              |          |
|    fps             | 2383     |
|    time_elapsed    | 327      |
|    total_timesteps | 780000   |
| train/             |          |
|    delta_std       | 0.05     |
|    iterations      | 15       |
|    learning_rate   | 0.0018   |
|    step_size       | 1.87e-11 |
---------------------------------
----------------------------------
| rollout/           |           |
|    ep_len_mean     | 672       |
|    ep_rew_mean     | -2.01e+07 |
| time/              |           |
|    fps             | 2382      |
|    time_elapsed    | 331       |
|    total_timesteps | 790000    |
----------------------------------
---------------------------------
| rollout/           |          |
|    ep_len_mean     | 803      |
|    ep_rew_mean     | -2.4e+07 |
| time/              |          |
|    fps             | 2381     |
|    time_elapsed    | 335      |
|    total_timesteps | 800000   |
---------------------------------
----------------------------------
| rollout/           |           |
|    ep_len_mean     | 641       |
|    ep_rew_mean     | -1.91e+07 |
| time/              |           |
|    fps             | 2379      |
|    time_elapsed    | 340       |
|    total_timesteps | 810000    |
----------------------------------
----------------------------------
| rollout/           |           |
|    ep_len_mean     | 697       |
|    ep_rew_mean     | -2.07e+07 |
| time/              |           |
|    fps             | 2378      |
|    time_elapsed    | 344       |
|    total_timesteps | 820000    |
----------------------------------
----------------------------------
| rollout/           |           |
|    ep_len_mean     | 524       |
|    ep_rew_mean     | -1.55e+07 |
|    return_std      | 1.42e+07  |
| time/              |           |
|    fps             | 2377      |
|    time_elapsed    | 349       |
|    total_timesteps | 830000    |
| train/             |           |
|    delta_std       | 0.05      |
|    iterations      | 16        |
|    learning_rate   | 0.0018    |
|    step_size       | 1.59e-11  |
----------------------------------
----------------------------------
| rollout/           |           |
|    ep_len_mean     | 513       |
|    ep_rew_mean     | -1.53e+07 |
| time/              |           |
|    fps             | 2378      |
|    time_elapsed    | 353       |
|    total_timesteps | 840000    |
----------------------------------
----------------------------------
| rollout/           |           |
|    ep_len_mean     | 676       |
|    ep_rew_mean     | -2.01e+07 |
| time/              |           |
|    fps             | 2379      |
|    time_elapsed    | 357       |
|    total_timesteps | 850000    |
----------------------------------
----------------------------------
| rollout/           |           |
|    ep_len_mean     | 735       |
|    ep_rew_mean     | -2.19e+07 |
| time/              |           |
|    fps             | 2380      |
|    time_elapsed    | 361       |
|    total_timesteps | 860000    |
----------------------------------
----------------------------------
| rollout/           |           |
|    ep_len_mean     | 791       |
|    ep_rew_mean     | -2.36e+07 |
| time/              |           |
|    fps             | 2381      |
|    time_elapsed    | 365       |
|    total_timesteps | 870000    |
----------------------------------
---------------------------------
| rollout/           |          |
|    return_std      | 1.19e+07 |
| time/              |          |
|    fps             | 2382     |
|    time_elapsed    | 369      |
|    total_timesteps | 880000   |
| train/             |          |
|    delta_std       | 0.05     |
|    iterations      | 17       |
|    learning_rate   | 0.0018   |
|    step_size       | 1.89e-11 |
---------------------------------
---------------------------------
| rollout/           |          |
|    ep_len_mean     | 604      |
|    ep_rew_mean     | -1.8e+07 |
| time/              |          |
|    fps             | 2383     |
|    time_elapsed    | 373      |
|    total_timesteps | 890000   |
---------------------------------
----------------------------------
| rollout/           |           |
|    ep_len_mean     | 717       |
|    ep_rew_mean     | -2.14e+07 |
| time/              |           |
|    fps             | 2384      |
|    time_elapsed    | 377       |
|    total_timesteps | 900000    |
----------------------------------
----------------------------------
| rollout/           |           |
|    ep_len_mean     | 731       |
|    ep_rew_mean     | -2.18e+07 |
| time/              |           |
|    fps             | 2385      |
|    time_elapsed    | 381       |
|    total_timesteps | 910000    |
----------------------------------
----------------------------------
| rollout/           |           |
|    ep_len_mean     | 719       |
|    ep_rew_mean     | -2.14e+07 |
| time/              |           |
|    fps             | 2386      |
|    time_elapsed    | 385       |
|    total_timesteps | 920000    |
----------------------------------
----------------------------------
| rollout/           |           |
|    ep_len_mean     | 410       |
|    ep_rew_mean     | -1.21e+07 |
|    return_std      | 1.42e+07  |
| time/              |           |
|    fps             | 2386      |
|    time_elapsed    | 389       |
|    total_timesteps | 930000    |
| train/             |           |
|    delta_std       | 0.05      |
|    iterations      | 18        |
|    learning_rate   | 0.0018    |
|    step_size       | 1.59e-11  |
----------------------------------
----------------------------------
| rollout/           |           |
|    ep_len_mean     | 508       |
|    ep_rew_mean     | -1.51e+07 |
| time/              |           |
|    fps             | 2387      |
|    time_elapsed    | 393       |
|    total_timesteps | 940000    |
----------------------------------
----------------------------------
| rollout/           |           |
|    ep_len_mean     | 546       |
|    ep_rew_mean     | -1.62e+07 |
| time/              |           |
|    fps             | 2388      |
|    time_elapsed    | 397       |
|    total_timesteps | 950000    |
----------------------------------
---------------------------------
| rollout/           |          |
|    ep_len_mean     | 606      |
|    ep_rew_mean     | -1.8e+07 |
| time/              |          |
|    fps             | 2388     |
|    time_elapsed    | 401      |
|    total_timesteps | 960000   |
---------------------------------
----------------------------------
| rollout/           |           |
|    ep_len_mean     | 696       |
|    ep_rew_mean     | -2.01e+07 |
|    return_std      | 1.48e+07  |
| time/              |           |
|    fps             | 2389      |
|    time_elapsed    | 405       |
|    total_timesteps | 970000    |
| train/             |           |
|    delta_std       | 0.05      |
|    iterations      | 19        |
|    learning_rate   | 0.0018    |
|    step_size       | 1.52e-11  |
----------------------------------
----------------------------------
| rollout/           |           |
|    ep_len_mean     | 817       |
|    ep_rew_mean     | -2.39e+07 |
| time/              |           |
|    fps             | 2390      |
|    time_elapsed    | 410       |
|    total_timesteps | 980000    |
----------------------------------
----------------------------------
| rollout/           |           |
|    ep_len_mean     | 790       |
|    ep_rew_mean     | -2.33e+07 |
| time/              |           |
|    fps             | 2391      |
|    time_elapsed    | 414       |
|    total_timesteps | 990000    |
----------------------------------
----------------------------------
| rollout/           |           |
|    ep_len_mean     | 761       |
|    ep_rew_mean     | -2.25e+07 |
| time/              |           |
|    fps             | 2391      |
|    time_elapsed    | 418       |
|    total_timesteps | 1000000   |
----------------------------------
Training ended on Tue Jan 27 16:28:19 2026
Training lasted 0:07:00.506749
Logging to training_random_logs/3_robots/logs/ARS_set1
Using cpu device
Training started on Tue Jan 27 23:22:43 2026
Experiment configuration: {'algorithm': 'ARS', 'set': 1, 'verbose': 1, 'steps': 1000000, 'num_robots': 3, 'num_envs': 4, 'seed': 33, 'log_steps': 10000, 'resume': False, 'device': 'cpu'}
----------------------------------
| rollout/           |           |
|    ep_len_mean     | 1e+03     |
|    ep_rew_mean     | -2.99e+07 |
| time/              |           |
|    fps             | 3030      |
|    time_elapsed    | 3         |
|    total_timesteps | 10000     |
----------------------------------
---------------------------------
| rollout/           |          |
|    ep_len_mean     | 670      |
|    ep_rew_mean     | -2e+07   |
| time/              |          |
|    fps             | 3028     |
|    time_elapsed    | 6        |
|    total_timesteps | 20000    |
---------------------------------
----------------------------------
| rollout/           |           |
|    ep_len_mean     | 703       |
|    ep_rew_mean     | -2.09e+07 |
| time/              |           |
|    fps             | 3033      |
|    time_elapsed    | 9         |
|    total_timesteps | 30000     |
----------------------------------
----------------------------------
| rollout/           |           |
|    ep_len_mean     | 695       |
|    ep_rew_mean     | -2.07e+07 |
| time/              |           |
|    fps             | 3033      |
|    time_elapsed    | 13        |
|    total_timesteps | 40000     |
----------------------------------
---------------------------------
| rollout/           |          |
|    ep_len_mean     | 1e+03    |
|    ep_rew_mean     | -3e+07   |
|    return_std      | 1.49e+07 |
| time/              |          |
|    fps             | 3003     |
|    time_elapsed    | 16       |
|    total_timesteps | 50000    |
| train/             |          |
|    delta_std       | 0.05     |
|    iterations      | 0        |
|    learning_rate   | 0.0018   |
|    step_size       | 1.51e-11 |
---------------------------------
----------------------------------
| rollout/           |           |
|    ep_len_mean     | 582       |
|    ep_rew_mean     | -1.74e+07 |
| time/              |           |
|    fps             | 3001      |
|    time_elapsed    | 19        |
|    total_timesteps | 60000     |
----------------------------------
----------------------------------
| rollout/           |           |
|    ep_len_mean     | 592       |
|    ep_rew_mean     | -1.76e+07 |
| time/              |           |
|    fps             | 3006      |
|    time_elapsed    | 23        |
|    total_timesteps | 70000     |
----------------------------------
----------------------------------
| rollout/           |           |
|    ep_len_mean     | 650       |
|    ep_rew_mean     | -1.94e+07 |
| time/              |           |
|    fps             | 3011      |
|    time_elapsed    | 26        |
|    total_timesteps | 80000     |
----------------------------------
----------------------------------
| rollout/           |           |
|    ep_len_mean     | 1e+03     |
|    ep_rew_mean     | -2.99e+07 |
|    return_std      | 1.49e+07  |
| time/              |           |
|    fps             | 3015      |
|    time_elapsed    | 29        |
|    total_timesteps | 90000     |
| train/             |           |
|    delta_std       | 0.05      |
|    iterations      | 1         |
|    learning_rate   | 0.0018    |
|    step_size       | 1.52e-11  |
----------------------------------
----------------------------------
| rollout/           |           |
|    ep_len_mean     | 1e+03     |
|    ep_rew_mean     | -2.99e+07 |
| time/              |           |
|    fps             | 3019      |
|    time_elapsed    | 33        |
|    total_timesteps | 100000    |
----------------------------------
----------------------------------
| rollout/           |           |
|    ep_len_mean     | 876       |
|    ep_rew_mean     | -2.62e+07 |
| time/              |           |
|    fps             | 3021      |
|    time_elapsed    | 36        |
|    total_timesteps | 110000    |
----------------------------------
----------------------------------
| rollout/           |           |
|    ep_len_mean     | 901       |
|    ep_rew_mean     | -2.69e+07 |
| time/              |           |
|    fps             | 3023      |
|    time_elapsed    | 39        |
|    total_timesteps | 120000    |
----------------------------------
----------------------------------
| rollout/           |           |
|    ep_len_mean     | 924       |
|    ep_rew_mean     | -2.76e+07 |
| time/              |           |
|    fps             | 3026      |
|    time_elapsed    | 42        |
|    total_timesteps | 130000    |
----------------------------------
----------------------------------
| rollout/           |           |
|    ep_len_mean     | 16.5      |
|    ep_rew_mean     | -2.91e+05 |
|    return_std      | 1.02e+07  |
| time/              |           |
|    fps             | 3028      |
|    time_elapsed    | 46        |
|    total_timesteps | 140000    |
| train/             |           |
|    delta_std       | 0.05      |
|    iterations      | 2         |
|    learning_rate   | 0.0018    |
|    step_size       | 2.21e-11  |
----------------------------------
----------------------------------
| rollout/           |           |
|    ep_len_mean     | 383       |
|    ep_rew_mean     | -1.13e+07 |
| time/              |           |
|    fps             | 3030      |
|    time_elapsed    | 49        |
|    total_timesteps | 150000    |
----------------------------------
---------------------------------
| rollout/           |          |
|    ep_len_mean     | 507      |
|    ep_rew_mean     | -1.5e+07 |
| time/              |          |
|    fps             | 3032     |
|    time_elapsed    | 52       |
|    total_timesteps | 160000   |
---------------------------------
----------------------------------
| rollout/           |           |
|    ep_len_mean     | 621       |
|    ep_rew_mean     | -1.85e+07 |
| time/              |           |
|    fps             | 3033      |
|    time_elapsed    | 56        |
|    total_timesteps | 170000    |
----------------------------------
---------------------------------
| rollout/           |          |
|    ep_len_mean     | 671      |
|    ep_rew_mean     | -2e+07   |
| time/              |          |
|    fps             | 3035     |
|    time_elapsed    | 59       |
|    total_timesteps | 180000   |
---------------------------------
----------------------------------
| rollout/           |           |
|    ep_len_mean     | 670       |
|    ep_rew_mean     | -1.99e+07 |
|    return_std      | 1.42e+07  |
| time/              |           |
|    fps             | 3036      |
|    time_elapsed    | 62        |
|    total_timesteps | 190000    |
| train/             |           |
|    delta_std       | 0.05      |
|    iterations      | 3         |
|    learning_rate   | 0.0018    |
|    step_size       | 1.58e-11  |
----------------------------------
----------------------------------
| rollout/           |           |
|    ep_len_mean     | 672       |
|    ep_rew_mean     | -1.99e+07 |
| time/              |           |
|    fps             | 3037      |
|    time_elapsed    | 65        |
|    total_timesteps | 200000    |
----------------------------------
---------------------------------
| rollout/           |          |
|    ep_len_mean     | 704      |
|    ep_rew_mean     | -2.1e+07 |
| time/              |          |
|    fps             | 3038     |
|    time_elapsed    | 69       |
|    total_timesteps | 210000   |
---------------------------------
----------------------------------
| rollout/           |           |
|    ep_len_mean     | 753       |
|    ep_rew_mean     | -2.24e+07 |
| time/              |           |
|    fps             | 3039      |
|    time_elapsed    | 72        |
|    total_timesteps | 220000    |
----------------------------------
---------------------------------
| rollout/           |          |
|    return_std      | 1.32e+07 |
| time/              |          |
|    fps             | 3040     |
|    time_elapsed    | 75       |
|    total_timesteps | 230000   |
| train/             |          |
|    delta_std       | 0.05     |
|    iterations      | 4        |
|    learning_rate   | 0.0018   |
|    step_size       | 1.7e-11  |
---------------------------------
----------------------------------
| rollout/           |           |
|    ep_len_mean     | 1e+03     |
|    ep_rew_mean     | -2.99e+07 |
| time/              |           |
|    fps             | 3038      |
|    time_elapsed    | 78        |
|    total_timesteps | 240000    |
----------------------------------
----------------------------------
| rollout/           |           |
|    ep_len_mean     | 717       |
|    ep_rew_mean     | -2.13e+07 |
| time/              |           |
|    fps             | 3039      |
|    time_elapsed    | 82        |
|    total_timesteps | 250000    |
----------------------------------
---------------------------------
| rollout/           |          |
|    ep_len_mean     | 641      |
|    ep_rew_mean     | -1.9e+07 |
| time/              |          |
|    fps             | 3040     |
|    time_elapsed    | 85       |
|    total_timesteps | 260000   |
---------------------------------
----------------------------------
| rollout/           |           |
|    ep_len_mean     | 718       |
|    ep_rew_mean     | -2.14e+07 |
| time/              |           |
|    fps             | 3040      |
|    time_elapsed    | 88        |
|    total_timesteps | 270000    |
----------------------------------
---------------------------------
| rollout/           |          |
|    ep_len_mean     | 1e+03    |
|    ep_rew_mean     | -3e+07   |
|    return_std      | 1.42e+07 |
| time/              |          |
|    fps             | 3030     |
|    time_elapsed    | 92       |
|    total_timesteps | 280000   |
| train/             |          |
|    delta_std       | 0.05     |
|    iterations      | 5        |
|    learning_rate   | 0.0018   |
|    step_size       | 1.58e-11 |
---------------------------------
---------------------------------
| rollout/           |          |
|    ep_len_mean     | 801      |
|    ep_rew_mean     | -2.4e+07 |
| time/              |          |
|    fps             | 3020     |
|    time_elapsed    | 96       |
|    total_timesteps | 290000   |
---------------------------------
---------------------------------
| rollout/           |          |
|    ep_len_mean     | 671      |
|    ep_rew_mean     | -2e+07   |
| time/              |          |
|    fps             | 3010     |
|    time_elapsed    | 99       |
|    total_timesteps | 300000   |
---------------------------------
----------------------------------
| rollout/           |           |
|    ep_len_mean     | 697       |
|    ep_rew_mean     | -2.08e+07 |
| time/              |           |
|    fps             | 2995      |
|    time_elapsed    | 103       |
|    total_timesteps | 310000    |
----------------------------------
---------------------------------
| rollout/           |          |
|    ep_len_mean     | 738      |
|    ep_rew_mean     | -2.2e+07 |
| time/              |          |
|    fps             | 2978     |
|    time_elapsed    | 107      |
|    total_timesteps | 320000   |
---------------------------------
----------------------------------
| rollout/           |           |
|    ep_len_mean     | 1e+03     |
|    ep_rew_mean     | -2.99e+07 |
|    return_std      | 1.33e+07  |
| time/              |           |
|    fps             | 2969      |
|    time_elapsed    | 111       |
|    total_timesteps | 330000    |
| train/             |           |
|    delta_std       | 0.05      |
|    iterations      | 6         |
|    learning_rate   | 0.0018    |
|    step_size       | 1.7e-11   |
----------------------------------
---------------------------------
| rollout/           |          |
|    ep_len_mean     | 1e+03    |
|    ep_rew_mean     | -3e+07   |
| time/              |          |
|    fps             | 2963     |
|    time_elapsed    | 114      |
|    total_timesteps | 340000   |
---------------------------------
----------------------------------
| rollout/           |           |
|    ep_len_mean     | 869       |
|    ep_rew_mean     | -2.59e+07 |
| time/              |           |
|    fps             | 2957      |
|    time_elapsed    | 118       |
|    total_timesteps | 350000    |
----------------------------------
----------------------------------
| rollout/           |           |
|    ep_len_mean     | 908       |
|    ep_rew_mean     | -2.71e+07 |
| time/              |           |
|    fps             | 2949      |
|    time_elapsed    | 122       |
|    total_timesteps | 360000    |
----------------------------------
----------------------------------
| rollout/           |           |
|    ep_len_mean     | 853       |
|    ep_rew_mean     | -2.54e+07 |
| time/              |           |
|    fps             | 2942      |
|    time_elapsed    | 125       |
|    total_timesteps | 370000    |
----------------------------------
---------------------------------
| rollout/           |          |
|    return_std      | 9.91e+06 |
| time/              |          |
|    fps             | 2931     |
|    time_elapsed    | 129      |
|    total_timesteps | 380000   |
| train/             |          |
|    delta_std       | 0.05     |
|    iterations      | 7        |
|    learning_rate   | 0.0018   |
|    step_size       | 2.27e-11 |
---------------------------------
----------------------------------
| rollout/           |           |
|    ep_len_mean     | 1e+03     |
|    ep_rew_mean     | -2.97e+07 |
| time/              |           |
|    fps             | 2916      |
|    time_elapsed    | 133       |
|    total_timesteps | 390000    |
----------------------------------
----------------------------------
| rollout/           |           |
|    ep_len_mean     | 1e+03     |
|    ep_rew_mean     | -2.98e+07 |
| time/              |           |
|    fps             | 2905      |
|    time_elapsed    | 137       |
|    total_timesteps | 400000    |
----------------------------------
---------------------------------
| rollout/           |          |
|    ep_len_mean     | 705      |
|    ep_rew_mean     | -2.1e+07 |
| time/              |          |
|    fps             | 2895     |
|    time_elapsed    | 141      |
|    total_timesteps | 410000   |
---------------------------------
----------------------------------
| rollout/           |           |
|    ep_len_mean     | 773       |
|    ep_rew_mean     | -2.31e+07 |
| time/              |           |
|    fps             | 2873      |
|    time_elapsed    | 146       |
|    total_timesteps | 420000    |
----------------------------------
---------------------------------
| rollout/           |          |
|    ep_len_mean     | 803      |
|    ep_rew_mean     | -2.4e+07 |
| time/              |          |
|    fps             | 2866     |
|    time_elapsed    | 150      |
|    total_timesteps | 430000   |
---------------------------------
----------------------------------
| rollout/           |           |
|    ep_len_mean     | 1e+03     |
|    ep_rew_mean     | -2.94e+07 |
|    return_std      | 1.2e+07   |
| time/              |           |
|    fps             | 2857      |
|    time_elapsed    | 153       |
|    total_timesteps | 440000    |
| train/             |           |
|    delta_std       | 0.05      |
|    iterations      | 8         |
|    learning_rate   | 0.0018    |
|    step_size       | 1.88e-11  |
----------------------------------
----------------------------------
| rollout/           |           |
|    ep_len_mean     | 1e+03     |
|    ep_rew_mean     | -2.97e+07 |
| time/              |           |
|    fps             | 2851      |
|    time_elapsed    | 157       |
|    total_timesteps | 450000    |
----------------------------------
---------------------------------
| rollout/           |          |
|    ep_len_mean     | 881      |
|    ep_rew_mean     | -2.6e+07 |
| time/              |          |
|    fps             | 2844     |
|    time_elapsed    | 161      |
|    total_timesteps | 460000   |
---------------------------------
----------------------------------
| rollout/           |           |
|    ep_len_mean     | 905       |
|    ep_rew_mean     | -2.68e+07 |
| time/              |           |
|    fps             | 2843      |
|    time_elapsed    | 165       |
|    total_timesteps | 470000    |
----------------------------------
----------------------------------
| rollout/           |           |
|    ep_len_mean     | 927       |
|    ep_rew_mean     | -2.76e+07 |
| time/              |           |
|    fps             | 2838      |
|    time_elapsed    | 169       |
|    total_timesteps | 480000    |
----------------------------------
---------------------------------
| rollout/           |          |
|    return_std      | 9.99e+06 |
| time/              |          |
|    fps             | 2830     |
|    time_elapsed    | 173      |
|    total_timesteps | 490000   |
| train/             |          |
|    delta_std       | 0.05     |
|    iterations      | 9        |
|    learning_rate   | 0.0018   |
|    step_size       | 2.25e-11 |
---------------------------------
----------------------------------
| rollout/           |           |
|    ep_len_mean     | 384       |
|    ep_rew_mean     | -1.14e+07 |
| time/              |           |
|    fps             | 2813      |
|    time_elapsed    | 177       |
|    total_timesteps | 500000    |
----------------------------------
----------------------------------
| rollout/           |           |
|    ep_len_mean     | 507       |
|    ep_rew_mean     | -1.51e+07 |
| time/              |           |
|    fps             | 2799      |
|    time_elapsed    | 182       |
|    total_timesteps | 510000    |
----------------------------------
----------------------------------
| rollout/           |           |
|    ep_len_mean     | 577       |
|    ep_rew_mean     | -1.71e+07 |
| time/              |           |
|    fps             | 2788      |
|    time_elapsed    | 186       |
|    total_timesteps | 520000    |
----------------------------------
---------------------------------
| rollout/           |          |
|    return_std      | 1.49e+07 |
| time/              |          |
|    fps             | 2779     |
|    time_elapsed    | 190      |
|    total_timesteps | 530000   |
| train/             |          |
|    delta_std       | 0.05     |
|    iterations      | 10       |
|    learning_rate   | 0.0018   |
|    step_size       | 1.51e-11 |
---------------------------------
----------------------------------
| rollout/           |           |
|    ep_len_mean     | 1e+03     |
|    ep_rew_mean     | -3.01e+07 |
| time/              |           |
|    fps             | 2778      |
|    time_elapsed    | 194       |
|    total_timesteps | 540000    |
----------------------------------
---------------------------------
| rollout/           |          |
|    ep_len_mean     | 1e+03    |
|    ep_rew_mean     | -3e+07   |
| time/              |          |
|    fps             | 2773     |
|    time_elapsed    | 198      |
|    total_timesteps | 550000   |
---------------------------------
---------------------------------
| rollout/           |          |
|    ep_len_mean     | 1e+03    |
|    ep_rew_mean     | -3e+07   |
| time/              |          |
|    fps             | 2766     |
|    time_elapsed    | 202      |
|    total_timesteps | 560000   |
---------------------------------
----------------------------------
| rollout/           |           |
|    ep_len_mean     | 1e+03     |
|    ep_rew_mean     | -2.97e+07 |
| time/              |           |
|    fps             | 2761      |
|    time_elapsed    | 206       |
|    total_timesteps | 570000    |
----------------------------------
----------------------------------
| rollout/           |           |
|    ep_len_mean     | 930       |
|    ep_rew_mean     | -2.76e+07 |
| time/              |           |
|    fps             | 2761      |
|    time_elapsed    | 210       |
|    total_timesteps | 580000    |
----------------------------------
---------------------------------
| rollout/           |          |
|    return_std      | 7.42e+06 |
| time/              |          |
|    fps             | 2761     |
|    time_elapsed    | 213      |
|    total_timesteps | 590000   |
| train/             |          |
|    delta_std       | 0.05     |
|    iterations      | 11       |
|    learning_rate   | 0.0018   |
|    step_size       | 3.03e-11 |
---------------------------------
---------------------------------
| rollout/           |          |
|    ep_len_mean     | 1e+03    |
|    ep_rew_mean     | -3e+07   |
| time/              |          |
|    fps             | 2759     |
|    time_elapsed    | 217      |
|    total_timesteps | 600000   |
---------------------------------
----------------------------------
| rollout/           |           |
|    ep_len_mean     | 630       |
|    ep_rew_mean     | -1.88e+07 |
| time/              |           |
|    fps             | 2758      |
|    time_elapsed    | 221       |
|    total_timesteps | 610000    |
----------------------------------
----------------------------------
| rollout/           |           |
|    ep_len_mean     | 731       |
|    ep_rew_mean     | -2.19e+07 |
| time/              |           |
|    fps             | 2756      |
|    time_elapsed    | 224       |
|    total_timesteps | 620000    |
----------------------------------
----------------------------------
| rollout/           |           |
|    ep_len_mean     | 717       |
|    ep_rew_mean     | -2.15e+07 |
| time/              |           |
|    fps             | 2753      |
|    time_elapsed    | 228       |
|    total_timesteps | 630000    |
----------------------------------
----------------------------------
| rollout/           |           |
|    ep_len_mean     | 1e+03     |
|    ep_rew_mean     | -2.94e+07 |
|    return_std      | 1.43e+07  |
| time/              |           |
|    fps             | 2754      |
|    time_elapsed    | 232       |
|    total_timesteps | 640000    |
| train/             |           |
|    delta_std       | 0.05      |
|    iterations      | 12        |
|    learning_rate   | 0.0018    |
|    step_size       | 1.58e-11  |
----------------------------------
----------------------------------
| rollout/           |           |
|    ep_len_mean     | 583       |
|    ep_rew_mean     | -1.71e+07 |
| time/              |           |
|    fps             | 2755      |
|    time_elapsed    | 235       |
|    total_timesteps | 650000    |
----------------------------------
---------------------------------
| rollout/           |          |
|    ep_len_mean     | 708      |
|    ep_rew_mean     | -2.1e+07 |
| time/              |          |
|    fps             | 2754     |
|    time_elapsed    | 239      |
|    total_timesteps | 660000   |
---------------------------------
----------------------------------
| rollout/           |           |
|    ep_len_mean     | 757       |
|    ep_rew_mean     | -2.24e+07 |
| time/              |           |
|    fps             | 2754      |
|    time_elapsed    | 243       |
|    total_timesteps | 670000    |
----------------------------------
---------------------------------
| rollout/           |          |
|    return_std      | 1.32e+07 |
| time/              |          |
|    fps             | 2755     |
|    time_elapsed    | 246      |
|    total_timesteps | 680000   |
| train/             |          |
|    delta_std       | 0.05     |
|    iterations      | 13       |
|    learning_rate   | 0.0018   |
|    step_size       | 1.71e-11 |
---------------------------------
----------------------------------
| rollout/           |           |
|    ep_len_mean     | 1e+03     |
|    ep_rew_mean     | -2.99e+07 |
| time/              |           |
|    fps             | 2757      |
|    time_elapsed    | 250       |
|    total_timesteps | 690000    |
----------------------------------
----------------------------------
| rollout/           |           |
|    ep_len_mean     | 719       |
|    ep_rew_mean     | -2.14e+07 |
| time/              |           |
|    fps             | 2753      |
|    time_elapsed    | 254       |
|    total_timesteps | 700000    |
----------------------------------
----------------------------------
| rollout/           |           |
|    ep_len_mean     | 782       |
|    ep_rew_mean     | -2.33e+07 |
| time/              |           |
|    fps             | 2755      |
|    time_elapsed    | 257       |
|    total_timesteps | 710000    |
----------------------------------
----------------------------------
| rollout/           |           |
|    ep_len_mean     | 719       |
|    ep_rew_mean     | -2.14e+07 |
| time/              |           |
|    fps             | 2759      |
|    time_elapsed    | 260       |
|    total_timesteps | 720000    |
----------------------------------
---------------------------------
| rollout/           |          |
|    ep_len_mean     | 8        |
|    ep_rew_mean     | -1.1e+05 |
|    return_std      | 1.33e+07 |
| time/              |          |
|    fps             | 2763     |
|    time_elapsed    | 264      |
|    total_timesteps | 730000   |
| train/             |          |
|    delta_std       | 0.05     |
|    iterations      | 14       |
|    learning_rate   | 0.0018   |
|    step_size       | 1.69e-11 |
---------------------------------
----------------------------------
| rollout/           |           |
|    ep_len_mean     | 604       |
|    ep_rew_mean     | -1.81e+07 |
| time/              |           |
|    fps             | 2766      |
|    time_elapsed    | 267       |
|    total_timesteps | 740000    |
----------------------------------
----------------------------------
| rollout/           |           |
|    ep_len_mean     | 717       |
|    ep_rew_mean     | -2.15e+07 |
| time/              |           |
|    fps             | 2770      |
|    time_elapsed    | 270       |
|    total_timesteps | 750000    |
----------------------------------
----------------------------------
| rollout/           |           |
|    ep_len_mean     | 730       |
|    ep_rew_mean     | -2.18e+07 |
| time/              |           |
|    fps             | 2769      |
|    time_elapsed    | 274       |
|    total_timesteps | 760000    |
----------------------------------
---------------------------------
| rollout/           |          |
|    ep_len_mean     | 771      |
|    ep_rew_mean     | -2.3e+07 |
| time/              |          |
|    fps             | 2765     |
|    time_elapsed    | 278      |
|    total_timesteps | 770000   |
---------------------------------
---------------------------------
| rollout/           |          |
|    return_std      | 1.2e+07  |
| time/              |          |
|    fps             | 2765     |
|    time_elapsed    | 282      |
|    total_timesteps | 780000   |
| train/             |          |
|    delta_std       | 0.05     |
|    iterations      | 15       |
|    learning_rate   | 0.0018   |
|    step_size       | 1.87e-11 |
---------------------------------
----------------------------------
| rollout/           |           |
|    ep_len_mean     | 672       |
|    ep_rew_mean     | -2.01e+07 |
| time/              |           |
|    fps             | 2760      |
|    time_elapsed    | 286       |
|    total_timesteps | 790000    |
----------------------------------
---------------------------------
| rollout/           |          |
|    ep_len_mean     | 803      |
|    ep_rew_mean     | -2.4e+07 |
| time/              |          |
|    fps             | 2755     |
|    time_elapsed    | 290      |
|    total_timesteps | 800000   |
---------------------------------
----------------------------------
| rollout/           |           |
|    ep_len_mean     | 641       |
|    ep_rew_mean     | -1.91e+07 |
| time/              |           |
|    fps             | 2757      |
|    time_elapsed    | 293       |
|    total_timesteps | 810000    |
----------------------------------
----------------------------------
| rollout/           |           |
|    ep_len_mean     | 697       |
|    ep_rew_mean     | -2.07e+07 |
| time/              |           |
|    fps             | 2756      |
|    time_elapsed    | 297       |
|    total_timesteps | 820000    |
----------------------------------
----------------------------------
| rollout/           |           |
|    ep_len_mean     | 524       |
|    ep_rew_mean     | -1.55e+07 |
|    return_std      | 1.42e+07  |
| time/              |           |
|    fps             | 2755      |
|    time_elapsed    | 301       |
|    total_timesteps | 830000    |
| train/             |           |
|    delta_std       | 0.05      |
|    iterations      | 16        |
|    learning_rate   | 0.0018    |
|    step_size       | 1.59e-11  |
----------------------------------
----------------------------------
| rollout/           |           |
|    ep_len_mean     | 513       |
|    ep_rew_mean     | -1.53e+07 |
| time/              |           |
|    fps             | 2757      |
|    time_elapsed    | 304       |
|    total_timesteps | 840000    |
----------------------------------
----------------------------------
| rollout/           |           |
|    ep_len_mean     | 676       |
|    ep_rew_mean     | -2.01e+07 |
| time/              |           |
|    fps             | 2753      |
|    time_elapsed    | 308       |
|    total_timesteps | 850000    |
----------------------------------
----------------------------------
| rollout/           |           |
|    ep_len_mean     | 735       |
|    ep_rew_mean     | -2.19e+07 |
| time/              |           |
|    fps             | 2749      |
|    time_elapsed    | 312       |
|    total_timesteps | 860000    |
----------------------------------
----------------------------------
| rollout/           |           |
|    ep_len_mean     | 791       |
|    ep_rew_mean     | -2.36e+07 |
| time/              |           |
|    fps             | 2748      |
|    time_elapsed    | 316       |
|    total_timesteps | 870000    |
----------------------------------
---------------------------------
| rollout/           |          |
|    return_std      | 1.19e+07 |
| time/              |          |
|    fps             | 2744     |
|    time_elapsed    | 320      |
|    total_timesteps | 880000   |
| train/             |          |
|    delta_std       | 0.05     |
|    iterations      | 17       |
|    learning_rate   | 0.0018   |
|    step_size       | 1.89e-11 |
---------------------------------
---------------------------------
| rollout/           |          |
|    ep_len_mean     | 604      |
|    ep_rew_mean     | -1.8e+07 |
| time/              |          |
|    fps             | 2741     |
|    time_elapsed    | 324      |
|    total_timesteps | 890000   |
---------------------------------
----------------------------------
| rollout/           |           |
|    ep_len_mean     | 717       |
|    ep_rew_mean     | -2.14e+07 |
| time/              |           |
|    fps             | 2734      |
|    time_elapsed    | 329       |
|    total_timesteps | 900000    |
----------------------------------
----------------------------------
| rollout/           |           |
|    ep_len_mean     | 731       |
|    ep_rew_mean     | -2.18e+07 |
| time/              |           |
|    fps             | 2730      |
|    time_elapsed    | 333       |
|    total_timesteps | 910000    |
----------------------------------
----------------------------------
| rollout/           |           |
|    ep_len_mean     | 719       |
|    ep_rew_mean     | -2.14e+07 |
| time/              |           |
|    fps             | 2728      |
|    time_elapsed    | 337       |
|    total_timesteps | 920000    |
----------------------------------
----------------------------------
| rollout/           |           |
|    ep_len_mean     | 410       |
|    ep_rew_mean     | -1.21e+07 |
|    return_std      | 1.42e+07  |
| time/              |           |
|    fps             | 2726      |
|    time_elapsed    | 341       |
|    total_timesteps | 930000    |
| train/             |           |
|    delta_std       | 0.05      |
|    iterations      | 18        |
|    learning_rate   | 0.0018    |
|    step_size       | 1.59e-11  |
----------------------------------
----------------------------------
| rollout/           |           |
|    ep_len_mean     | 508       |
|    ep_rew_mean     | -1.51e+07 |
| time/              |           |
|    fps             | 2725      |
|    time_elapsed    | 344       |
|    total_timesteps | 940000    |
----------------------------------
----------------------------------
| rollout/           |           |
|    ep_len_mean     | 546       |
|    ep_rew_mean     | -1.62e+07 |
| time/              |           |
|    fps             | 2722      |
|    time_elapsed    | 348       |
|    total_timesteps | 950000    |
----------------------------------
---------------------------------
| rollout/           |          |
|    ep_len_mean     | 606      |
|    ep_rew_mean     | -1.8e+07 |
| time/              |          |
|    fps             | 2721     |
|    time_elapsed    | 352      |
|    total_timesteps | 960000   |
---------------------------------
----------------------------------
| rollout/           |           |
|    ep_len_mean     | 696       |
|    ep_rew_mean     | -2.01e+07 |
|    return_std      | 1.48e+07  |
| time/              |           |
|    fps             | 2718      |
|    time_elapsed    | 356       |
|    total_timesteps | 970000    |
| train/             |           |
|    delta_std       | 0.05      |
|    iterations      | 19        |
|    learning_rate   | 0.0018    |
|    step_size       | 1.52e-11  |
----------------------------------
----------------------------------
| rollout/           |           |
|    ep_len_mean     | 817       |
|    ep_rew_mean     | -2.39e+07 |
| time/              |           |
|    fps             | 2713      |
|    time_elapsed    | 361       |
|    total_timesteps | 980000    |
----------------------------------
----------------------------------
| rollout/           |           |
|    ep_len_mean     | 790       |
|    ep_rew_mean     | -2.33e+07 |
| time/              |           |
|    fps             | 2709      |
|    time_elapsed    | 365       |
|    total_timesteps | 990000    |
----------------------------------
----------------------------------
| rollout/           |           |
|    ep_len_mean     | 761       |
|    ep_rew_mean     | -2.25e+07 |
| time/              |           |
|    fps             | 2708      |
|    time_elapsed    | 369       |
|    total_timesteps | 1000000   |
----------------------------------
Training ended on Tue Jan 27 23:28:55 2026
Training lasted 0:06:12.166793
