Logging to training_random_logs/3_robots/logs/ARS_set5
Using cpu device
Training started on Tue Jan 27 16:21:19 2026
Experiment configuration: {'algorithm': 'ARS', 'set': 5, 'verbose': 1, 'steps': 1000000, 'num_robots': 3, 'num_envs': 4, 'seed': 33, 'log_steps': 10000, 'resume': False, 'device': 'cpu'}
----------------------------------
| rollout/           |           |
|    ep_len_mean     | 672       |
|    ep_rew_mean     | -1.98e+07 |
| time/              |           |
|    fps             | 2298      |
|    time_elapsed    | 4         |
|    total_timesteps | 10000     |
----------------------------------
----------------------------------
| rollout/           |           |
|    ep_len_mean     | 803       |
|    ep_rew_mean     | -2.38e+07 |
| time/              |           |
|    fps             | 2364      |
|    time_elapsed    | 8         |
|    total_timesteps | 20000     |
----------------------------------
----------------------------------
| rollout/           |           |
|    ep_len_mean     | 877       |
|    ep_rew_mean     | -2.61e+07 |
| time/              |           |
|    fps             | 2393      |
|    time_elapsed    | 12        |
|    total_timesteps | 30000     |
----------------------------------
----------------------------------
| rollout/           |           |
|    ep_len_mean     | 821       |
|    ep_rew_mean     | -2.45e+07 |
| time/              |           |
|    fps             | 2407      |
|    time_elapsed    | 16        |
|    total_timesteps | 40000     |
----------------------------------
----------------------------------
| rollout/           |           |
|    ep_len_mean     | 859       |
|    ep_rew_mean     | -2.56e+07 |
| time/              |           |
|    fps             | 2443      |
|    time_elapsed    | 20        |
|    total_timesteps | 50000     |
----------------------------------
---------------------------------
| rollout/           |          |
|    return_std      | 1.01e+07 |
| time/              |          |
|    fps             | 2466     |
|    time_elapsed    | 24       |
|    total_timesteps | 60000    |
| train/             |          |
|    delta_std       | 0.05     |
|    iterations      | 0        |
|    learning_rate   | 0.0018   |
|    step_size       | 2.22e-11 |
---------------------------------
----------------------------------
| rollout/           |           |
|    ep_len_mean     | 1e+03     |
|    ep_rew_mean     | -2.98e+07 |
| time/              |           |
|    fps             | 2484      |
|    time_elapsed    | 28        |
|    total_timesteps | 70000     |
----------------------------------
----------------------------------
| rollout/           |           |
|    ep_len_mean     | 1e+03     |
|    ep_rew_mean     | -2.98e+07 |
| time/              |           |
|    fps             | 2483      |
|    time_elapsed    | 32        |
|    total_timesteps | 80000     |
----------------------------------
----------------------------------
| rollout/           |           |
|    ep_len_mean     | 733       |
|    ep_rew_mean     | -2.18e+07 |
| time/              |           |
|    fps             | 2495      |
|    time_elapsed    | 36        |
|    total_timesteps | 90000     |
----------------------------------
---------------------------------
| rollout/           |          |
|    ep_len_mean     | 774      |
|    ep_rew_mean     | -2.3e+07 |
| time/              |          |
|    fps             | 2504     |
|    time_elapsed    | 39       |
|    total_timesteps | 100000   |
---------------------------------
---------------------------------
| rollout/           |          |
|    return_std      | 1.18e+07 |
| time/              |          |
|    fps             | 2508     |
|    time_elapsed    | 43       |
|    total_timesteps | 110000   |
| train/             |          |
|    delta_std       | 0.05     |
|    iterations      | 1        |
|    learning_rate   | 0.0018   |
|    step_size       | 1.9e-11  |
---------------------------------
----------------------------------
| rollout/           |           |
|    ep_len_mean     | 1e+03     |
|    ep_rew_mean     | -2.99e+07 |
| time/              |           |
|    fps             | 2516      |
|    time_elapsed    | 47        |
|    total_timesteps | 120000    |
----------------------------------
----------------------------------
| rollout/           |           |
|    ep_len_mean     | 1e+03     |
|    ep_rew_mean     | -2.99e+07 |
| time/              |           |
|    fps             | 2522      |
|    time_elapsed    | 51        |
|    total_timesteps | 130000    |
----------------------------------
----------------------------------
| rollout/           |           |
|    ep_len_mean     | 1e+03     |
|    ep_rew_mean     | -2.98e+07 |
| time/              |           |
|    fps             | 2528      |
|    time_elapsed    | 55        |
|    total_timesteps | 140000    |
----------------------------------
----------------------------------
| rollout/           |           |
|    ep_len_mean     | 1e+03     |
|    ep_rew_mean     | -2.99e+07 |
| time/              |           |
|    fps             | 2533      |
|    time_elapsed    | 59        |
|    total_timesteps | 150000    |
----------------------------------
----------------------------------
| rollout/           |           |
|    ep_len_mean     | 1e+03     |
|    ep_rew_mean     | -2.98e+07 |
| time/              |           |
|    fps             | 2538      |
|    time_elapsed    | 63        |
|    total_timesteps | 160000    |
----------------------------------
----------------------------------
| rollout/           |           |
|    ep_len_mean     | 1e+03     |
|    ep_rew_mean     | -2.98e+07 |
| time/              |           |
|    fps             | 2541      |
|    time_elapsed    | 66        |
|    total_timesteps | 170000    |
----------------------------------
----------------------------------
| rollout/           |           |
|    ep_len_mean     | 508       |
|    ep_rew_mean     | -1.49e+07 |
|    return_std      | 1.78e+05  |
| time/              |           |
|    fps             | 2541      |
|    time_elapsed    | 70        |
|    total_timesteps | 180000    |
| train/             |           |
|    delta_std       | 0.05      |
|    iterations      | 2         |
|    learning_rate   | 0.0018    |
|    step_size       | 1.27e-09  |
----------------------------------
----------------------------------
| rollout/           |           |
|    ep_len_mean     | 803       |
|    ep_rew_mean     | -2.39e+07 |
| time/              |           |
|    fps             | 2536      |
|    time_elapsed    | 74        |
|    total_timesteps | 190000    |
----------------------------------
----------------------------------
| rollout/           |           |
|    ep_len_mean     | 859       |
|    ep_rew_mean     | -2.55e+07 |
| time/              |           |
|    fps             | 2532      |
|    time_elapsed    | 78        |
|    total_timesteps | 200000    |
----------------------------------
----------------------------------
| rollout/           |           |
|    ep_len_mean     | 902       |
|    ep_rew_mean     | -2.69e+07 |
| time/              |           |
|    fps             | 2529      |
|    time_elapsed    | 83        |
|    total_timesteps | 210000    |
----------------------------------
----------------------------------
| rollout/           |           |
|    ep_len_mean     | 918       |
|    ep_rew_mean     | -2.74e+07 |
| time/              |           |
|    fps             | 2526      |
|    time_elapsed    | 87        |
|    total_timesteps | 220000    |
----------------------------------
----------------------------------
| rollout/           |           |
|    ep_len_mean     | 934       |
|    ep_rew_mean     | -2.79e+07 |
| time/              |           |
|    fps             | 2523      |
|    time_elapsed    | 91        |
|    total_timesteps | 230000    |
----------------------------------
----------------------------------
| rollout/           |           |
|    ep_len_mean     | 1e+03     |
|    ep_rew_mean     | -2.94e+07 |
|    return_std      | 7.44e+06  |
| time/              |           |
|    fps             | 2520      |
|    time_elapsed    | 95        |
|    total_timesteps | 240000    |
| train/             |           |
|    delta_std       | 0.05      |
|    iterations      | 3         |
|    learning_rate   | 0.0018    |
|    step_size       | 3.03e-11  |
----------------------------------
----------------------------------
| rollout/           |           |
|    ep_len_mean     | 1e+03     |
|    ep_rew_mean     | -2.97e+07 |
| time/              |           |
|    fps             | 2518      |
|    time_elapsed    | 99        |
|    total_timesteps | 250000    |
----------------------------------
----------------------------------
| rollout/           |           |
|    ep_len_mean     | 1e+03     |
|    ep_rew_mean     | -2.97e+07 |
| time/              |           |
|    fps             | 2515      |
|    time_elapsed    | 103       |
|    total_timesteps | 260000    |
----------------------------------
----------------------------------
| rollout/           |           |
|    ep_len_mean     | 1e+03     |
|    ep_rew_mean     | -2.97e+07 |
| time/              |           |
|    fps             | 2513      |
|    time_elapsed    | 107       |
|    total_timesteps | 270000    |
----------------------------------
----------------------------------
| rollout/           |           |
|    ep_len_mean     | 1e+03     |
|    ep_rew_mean     | -2.97e+07 |
| time/              |           |
|    fps             | 2512      |
|    time_elapsed    | 111       |
|    total_timesteps | 280000    |
----------------------------------
----------------------------------
| rollout/           |           |
|    ep_len_mean     | 1e+03     |
|    ep_rew_mean     | -2.97e+07 |
| time/              |           |
|    fps             | 2510      |
|    time_elapsed    | 115       |
|    total_timesteps | 290000    |
----------------------------------
---------------------------------
| rollout/           |          |
|    return_std      | 2.86e+05 |
| time/              |          |
|    fps             | 2509     |
|    time_elapsed    | 119      |
|    total_timesteps | 300000   |
| train/             |          |
|    delta_std       | 0.05     |
|    iterations      | 4        |
|    learning_rate   | 0.0018   |
|    step_size       | 7.85e-10 |
---------------------------------
----------------------------------
| rollout/           |           |
|    ep_len_mean     | 1e+03     |
|    ep_rew_mean     | -2.98e+07 |
| time/              |           |
|    fps             | 2507      |
|    time_elapsed    | 123       |
|    total_timesteps | 310000    |
----------------------------------
----------------------------------
| rollout/           |           |
|    ep_len_mean     | 717       |
|    ep_rew_mean     | -2.14e+07 |
| time/              |           |
|    fps             | 2506      |
|    time_elapsed    | 127       |
|    total_timesteps | 320000    |
----------------------------------
----------------------------------
| rollout/           |           |
|    ep_len_mean     | 731       |
|    ep_rew_mean     | -2.17e+07 |
| time/              |           |
|    fps             | 2505      |
|    time_elapsed    | 131       |
|    total_timesteps | 330000    |
----------------------------------
---------------------------------
| rollout/           |          |
|    ep_len_mean     | 772      |
|    ep_rew_mean     | -2.3e+07 |
| time/              |          |
|    fps             | 2504     |
|    time_elapsed    | 135      |
|    total_timesteps | 340000   |
---------------------------------
---------------------------------
| rollout/           |          |
|    return_std      | 1.2e+07  |
| time/              |          |
|    fps             | 2503     |
|    time_elapsed    | 139      |
|    total_timesteps | 350000   |
| train/             |          |
|    delta_std       | 0.05     |
|    iterations      | 5        |
|    learning_rate   | 0.0018   |
|    step_size       | 1.88e-11 |
---------------------------------
----------------------------------
| rollout/           |           |
|    ep_len_mean     | 1e+03     |
|    ep_rew_mean     | -2.99e+07 |
| time/              |           |
|    fps             | 2502      |
|    time_elapsed    | 143       |
|    total_timesteps | 360000    |
----------------------------------
----------------------------------
| rollout/           |           |
|    ep_len_mean     | 1e+03     |
|    ep_rew_mean     | -2.98e+07 |
| time/              |           |
|    fps             | 2501      |
|    time_elapsed    | 147       |
|    total_timesteps | 370000    |
----------------------------------
----------------------------------
| rollout/           |           |
|    ep_len_mean     | 1e+03     |
|    ep_rew_mean     | -2.98e+07 |
| time/              |           |
|    fps             | 2501      |
|    time_elapsed    | 151       |
|    total_timesteps | 380000    |
----------------------------------
----------------------------------
| rollout/           |           |
|    ep_len_mean     | 1e+03     |
|    ep_rew_mean     | -2.98e+07 |
| time/              |           |
|    fps             | 2502      |
|    time_elapsed    | 155       |
|    total_timesteps | 390000    |
----------------------------------
----------------------------------
| rollout/           |           |
|    ep_len_mean     | 1e+03     |
|    ep_rew_mean     | -2.98e+07 |
| time/              |           |
|    fps             | 2502      |
|    time_elapsed    | 159       |
|    total_timesteps | 400000    |
----------------------------------
----------------------------------
| rollout/           |           |
|    ep_len_mean     | 1e+03     |
|    ep_rew_mean     | -2.98e+07 |
| time/              |           |
|    fps             | 2503      |
|    time_elapsed    | 163       |
|    total_timesteps | 410000    |
----------------------------------
----------------------------------
| rollout/           |           |
|    ep_len_mean     | 1e+03     |
|    ep_rew_mean     | -2.99e+07 |
|    return_std      | 2.28e+05  |
| time/              |           |
|    fps             | 2506      |
|    time_elapsed    | 167       |
|    total_timesteps | 420000    |
| train/             |           |
|    delta_std       | 0.05      |
|    iterations      | 6         |
|    learning_rate   | 0.0018    |
|    step_size       | 9.85e-10  |
----------------------------------
----------------------------------
| rollout/           |           |
|    ep_len_mean     | 1e+03     |
|    ep_rew_mean     | -2.98e+07 |
| time/              |           |
|    fps             | 2508      |
|    time_elapsed    | 171       |
|    total_timesteps | 430000    |
----------------------------------
----------------------------------
| rollout/           |           |
|    ep_len_mean     | 1e+03     |
|    ep_rew_mean     | -2.98e+07 |
| time/              |           |
|    fps             | 2510      |
|    time_elapsed    | 175       |
|    total_timesteps | 440000    |
----------------------------------
----------------------------------
| rollout/           |           |
|    ep_len_mean     | 1e+03     |
|    ep_rew_mean     | -2.95e+07 |
| time/              |           |
|    fps             | 2512      |
|    time_elapsed    | 179       |
|    total_timesteps | 450000    |
----------------------------------
----------------------------------
| rollout/           |           |
|    ep_len_mean     | 1e+03     |
|    ep_rew_mean     | -2.96e+07 |
| time/              |           |
|    fps             | 2513      |
|    time_elapsed    | 182       |
|    total_timesteps | 460000    |
----------------------------------
----------------------------------
| rollout/           |           |
|    ep_len_mean     | 1e+03     |
|    ep_rew_mean     | -2.96e+07 |
| time/              |           |
|    fps             | 2515      |
|    time_elapsed    | 186       |
|    total_timesteps | 470000    |
----------------------------------
---------------------------------
| rollout/           |          |
|    return_std      | 5.81e+05 |
| time/              |          |
|    fps             | 2517     |
|    time_elapsed    | 190      |
|    total_timesteps | 480000   |
| train/             |          |
|    delta_std       | 0.05     |
|    iterations      | 7        |
|    learning_rate   | 0.0018   |
|    step_size       | 3.87e-10 |
---------------------------------
----------------------------------
| rollout/           |           |
|    ep_len_mean     | 1e+03     |
|    ep_rew_mean     | -2.96e+07 |
| time/              |           |
|    fps             | 2519      |
|    time_elapsed    | 194       |
|    total_timesteps | 490000    |
----------------------------------
----------------------------------
| rollout/           |           |
|    ep_len_mean     | 1e+03     |
|    ep_rew_mean     | -2.97e+07 |
| time/              |           |
|    fps             | 2520      |
|    time_elapsed    | 198       |
|    total_timesteps | 500000    |
----------------------------------
----------------------------------
| rollout/           |           |
|    ep_len_mean     | 890       |
|    ep_rew_mean     | -2.65e+07 |
| time/              |           |
|    fps             | 2521      |
|    time_elapsed    | 202       |
|    total_timesteps | 510000    |
----------------------------------
----------------------------------
| rollout/           |           |
|    ep_len_mean     | 835       |
|    ep_rew_mean     | -2.48e+07 |
| time/              |           |
|    fps             | 2519      |
|    time_elapsed    | 206       |
|    total_timesteps | 520000    |
----------------------------------
----------------------------------
| rollout/           |           |
|    ep_len_mean     | 868       |
|    ep_rew_mean     | -2.58e+07 |
| time/              |           |
|    fps             | 2518      |
|    time_elapsed    | 210       |
|    total_timesteps | 530000    |
----------------------------------
----------------------------------
| rollout/           |           |
|    ep_len_mean     | 506       |
|    ep_rew_mean     | -1.47e+07 |
|    return_std      | 1.01e+07  |
| time/              |           |
|    fps             | 2516      |
|    time_elapsed    | 214       |
|    total_timesteps | 540000    |
| train/             |           |
|    delta_std       | 0.05      |
|    iterations      | 8         |
|    learning_rate   | 0.0018    |
|    step_size       | 2.22e-11  |
----------------------------------
----------------------------------
| rollout/           |           |
|    ep_len_mean     | 803       |
|    ep_rew_mean     | -2.37e+07 |
| time/              |           |
|    fps             | 2515      |
|    time_elapsed    | 218       |
|    total_timesteps | 550000    |
----------------------------------
----------------------------------
| rollout/           |           |
|    ep_len_mean     | 859       |
|    ep_rew_mean     | -2.54e+07 |
| time/              |           |
|    fps             | 2514      |
|    time_elapsed    | 222       |
|    total_timesteps | 560000    |
----------------------------------
----------------------------------
| rollout/           |           |
|    ep_len_mean     | 901       |
|    ep_rew_mean     | -2.68e+07 |
| time/              |           |
|    fps             | 2513      |
|    time_elapsed    | 226       |
|    total_timesteps | 570000    |
----------------------------------
----------------------------------
| rollout/           |           |
|    ep_len_mean     | 918       |
|    ep_rew_mean     | -2.73e+07 |
| time/              |           |
|    fps             | 2512      |
|    time_elapsed    | 230       |
|    total_timesteps | 580000    |
----------------------------------
---------------------------------
| rollout/           |          |
|    return_std      | 1.02e+07 |
| time/              |          |
|    fps             | 2512     |
|    time_elapsed    | 234      |
|    total_timesteps | 590000   |
| train/             |          |
|    delta_std       | 0.05     |
|    iterations      | 9        |
|    learning_rate   | 0.0018   |
|    step_size       | 2.22e-11 |
---------------------------------
----------------------------------
| rollout/           |           |
|    ep_len_mean     | 1e+03     |
|    ep_rew_mean     | -2.99e+07 |
| time/              |           |
|    fps             | 2511      |
|    time_elapsed    | 238       |
|    total_timesteps | 600000    |
----------------------------------
----------------------------------
| rollout/           |           |
|    ep_len_mean     | 1e+03     |
|    ep_rew_mean     | -2.98e+07 |
| time/              |           |
|    fps             | 2510      |
|    time_elapsed    | 242       |
|    total_timesteps | 610000    |
----------------------------------
----------------------------------
| rollout/           |           |
|    ep_len_mean     | 1e+03     |
|    ep_rew_mean     | -2.99e+07 |
| time/              |           |
|    fps             | 2509      |
|    time_elapsed    | 247       |
|    total_timesteps | 620000    |
----------------------------------
----------------------------------
| rollout/           |           |
|    ep_len_mean     | 1e+03     |
|    ep_rew_mean     | -2.98e+07 |
| time/              |           |
|    fps             | 2509      |
|    time_elapsed    | 251       |
|    total_timesteps | 630000    |
----------------------------------
----------------------------------
| rollout/           |           |
|    ep_len_mean     | 1e+03     |
|    ep_rew_mean     | -2.98e+07 |
| time/              |           |
|    fps             | 2508      |
|    time_elapsed    | 255       |
|    total_timesteps | 640000    |
----------------------------------
----------------------------------
| rollout/           |           |
|    ep_len_mean     | 1e+03     |
|    ep_rew_mean     | -2.92e+07 |
| time/              |           |
|    fps             | 2508      |
|    time_elapsed    | 259       |
|    total_timesteps | 650000    |
----------------------------------
----------------------------------
| rollout/           |           |
|    ep_len_mean     | 1e+03     |
|    ep_rew_mean     | -3.01e+07 |
|    return_std      | 2.51e+06  |
| time/              |           |
|    fps             | 2508      |
|    time_elapsed    | 263       |
|    total_timesteps | 660000    |
| train/             |           |
|    delta_std       | 0.05      |
|    iterations      | 10        |
|    learning_rate   | 0.0018    |
|    step_size       | 8.97e-11  |
----------------------------------
----------------------------------
| rollout/           |           |
|    ep_len_mean     | 1e+03     |
|    ep_rew_mean     | -2.99e+07 |
| time/              |           |
|    fps             | 2507      |
|    time_elapsed    | 267       |
|    total_timesteps | 670000    |
----------------------------------
----------------------------------
| rollout/           |           |
|    ep_len_mean     | 1e+03     |
|    ep_rew_mean     | -2.99e+07 |
| time/              |           |
|    fps             | 2506      |
|    time_elapsed    | 271       |
|    total_timesteps | 680000    |
----------------------------------
----------------------------------
| rollout/           |           |
|    ep_len_mean     | 902       |
|    ep_rew_mean     | -2.69e+07 |
| time/              |           |
|    fps             | 2506      |
|    time_elapsed    | 275       |
|    total_timesteps | 690000    |
----------------------------------
----------------------------------
| rollout/           |           |
|    ep_len_mean     | 848       |
|    ep_rew_mean     | -2.53e+07 |
| time/              |           |
|    fps             | 2505      |
|    time_elapsed    | 279       |
|    total_timesteps | 700000    |
----------------------------------
---------------------------------
| rollout/           |          |
|    return_std      | 1.02e+07 |
| time/              |          |
|    fps             | 2504     |
|    time_elapsed    | 283      |
|    total_timesteps | 710000   |
| train/             |          |
|    delta_std       | 0.05     |
|    iterations      | 11       |
|    learning_rate   | 0.0018   |
|    step_size       | 2.22e-11 |
---------------------------------
---------------------------------
| rollout/           |          |
|    ep_len_mean     | 1e+03    |
|    ep_rew_mean     | -3e+07   |
| time/              |          |
|    fps             | 2504     |
|    time_elapsed    | 287      |
|    total_timesteps | 720000   |
---------------------------------
----------------------------------
| rollout/           |           |
|    ep_len_mean     | 1e+03     |
|    ep_rew_mean     | -2.99e+07 |
| time/              |           |
|    fps             | 2503      |
|    time_elapsed    | 291       |
|    total_timesteps | 730000    |
----------------------------------
----------------------------------
| rollout/           |           |
|    ep_len_mean     | 1e+03     |
|    ep_rew_mean     | -2.99e+07 |
| time/              |           |
|    fps             | 2502      |
|    time_elapsed    | 295       |
|    total_timesteps | 740000    |
----------------------------------
----------------------------------
| rollout/           |           |
|    ep_len_mean     | 1e+03     |
|    ep_rew_mean     | -2.99e+07 |
| time/              |           |
|    fps             | 2502      |
|    time_elapsed    | 299       |
|    total_timesteps | 750000    |
----------------------------------
----------------------------------
| rollout/           |           |
|    ep_len_mean     | 1e+03     |
|    ep_rew_mean     | -2.98e+07 |
| time/              |           |
|    fps             | 2501      |
|    time_elapsed    | 303       |
|    total_timesteps | 760000    |
----------------------------------
----------------------------------
| rollout/           |           |
|    ep_len_mean     | 1e+03     |
|    ep_rew_mean     | -2.99e+07 |
| time/              |           |
|    fps             | 2501      |
|    time_elapsed    | 307       |
|    total_timesteps | 770000    |
----------------------------------
---------------------------------
| rollout/           |          |
|    ep_len_mean     | 1e+03    |
|    ep_rew_mean     | -3e+07   |
|    return_std      | 1.62e+05 |
| time/              |          |
|    fps             | 2501     |
|    time_elapsed    | 311      |
|    total_timesteps | 780000   |
| train/             |          |
|    delta_std       | 0.05     |
|    iterations      | 12       |
|    learning_rate   | 0.0018   |
|    step_size       | 1.39e-09 |
---------------------------------
----------------------------------
| rollout/           |           |
|    ep_len_mean     | 1e+03     |
|    ep_rew_mean     | -2.99e+07 |
| time/              |           |
|    fps             | 2500      |
|    time_elapsed    | 315       |
|    total_timesteps | 790000    |
----------------------------------
----------------------------------
| rollout/           |           |
|    ep_len_mean     | 1e+03     |
|    ep_rew_mean     | -2.99e+07 |
| time/              |           |
|    fps             | 2499      |
|    time_elapsed    | 320       |
|    total_timesteps | 800000    |
----------------------------------
----------------------------------
| rollout/           |           |
|    ep_len_mean     | 1e+03     |
|    ep_rew_mean     | -2.98e+07 |
| time/              |           |
|    fps             | 2499      |
|    time_elapsed    | 324       |
|    total_timesteps | 810000    |
----------------------------------
----------------------------------
| rollout/           |           |
|    ep_len_mean     | 1e+03     |
|    ep_rew_mean     | -2.98e+07 |
| time/              |           |
|    fps             | 2499      |
|    time_elapsed    | 328       |
|    total_timesteps | 820000    |
----------------------------------
----------------------------------
| rollout/           |           |
|    ep_len_mean     | 1e+03     |
|    ep_rew_mean     | -2.98e+07 |
| time/              |           |
|    fps             | 2498      |
|    time_elapsed    | 332       |
|    total_timesteps | 830000    |
----------------------------------
---------------------------------
| rollout/           |          |
|    return_std      | 2.57e+05 |
| time/              |          |
|    fps             | 2498     |
|    time_elapsed    | 336      |
|    total_timesteps | 840000   |
| train/             |          |
|    delta_std       | 0.05     |
|    iterations      | 13       |
|    learning_rate   | 0.0018   |
|    step_size       | 8.77e-10 |
---------------------------------
----------------------------------
| rollout/           |           |
|    ep_len_mean     | 1e+03     |
|    ep_rew_mean     | -2.98e+07 |
| time/              |           |
|    fps             | 2497      |
|    time_elapsed    | 340       |
|    total_timesteps | 850000    |
----------------------------------
----------------------------------
| rollout/           |           |
|    ep_len_mean     | 1e+03     |
|    ep_rew_mean     | -2.98e+07 |
| time/              |           |
|    fps             | 2497      |
|    time_elapsed    | 344       |
|    total_timesteps | 860000    |
----------------------------------
----------------------------------
| rollout/           |           |
|    ep_len_mean     | 1e+03     |
|    ep_rew_mean     | -2.99e+07 |
| time/              |           |
|    fps             | 2496      |
|    time_elapsed    | 348       |
|    total_timesteps | 870000    |
----------------------------------
----------------------------------
| rollout/           |           |
|    ep_len_mean     | 1e+03     |
|    ep_rew_mean     | -2.99e+07 |
| time/              |           |
|    fps             | 2496      |
|    time_elapsed    | 352       |
|    total_timesteps | 880000    |
----------------------------------
----------------------------------
| rollout/           |           |
|    ep_len_mean     | 1e+03     |
|    ep_rew_mean     | -2.98e+07 |
| time/              |           |
|    fps             | 2495      |
|    time_elapsed    | 356       |
|    total_timesteps | 890000    |
----------------------------------
----------------------------------
| rollout/           |           |
|    ep_len_mean     | 1e+03     |
|    ep_rew_mean     | -2.98e+07 |
| time/              |           |
|    fps             | 2495      |
|    time_elapsed    | 360       |
|    total_timesteps | 900000    |
----------------------------------
----------------------------------
| rollout/           |           |
|    ep_len_mean     | 1e+03     |
|    ep_rew_mean     | -2.99e+07 |
|    return_std      | 1.41e+05  |
| time/              |           |
|    fps             | 2494      |
|    time_elapsed    | 364       |
|    total_timesteps | 910000    |
| train/             |           |
|    delta_std       | 0.05      |
|    iterations      | 14        |
|    learning_rate   | 0.0018    |
|    step_size       | 1.6e-09   |
----------------------------------
----------------------------------
| rollout/           |           |
|    ep_len_mean     | 1e+03     |
|    ep_rew_mean     | -2.98e+07 |
| time/              |           |
|    fps             | 2494      |
|    time_elapsed    | 368       |
|    total_timesteps | 920000    |
----------------------------------
----------------------------------
| rollout/           |           |
|    ep_len_mean     | 1e+03     |
|    ep_rew_mean     | -2.98e+07 |
| time/              |           |
|    fps             | 2494      |
|    time_elapsed    | 372       |
|    total_timesteps | 930000    |
----------------------------------
----------------------------------
| rollout/           |           |
|    ep_len_mean     | 1e+03     |
|    ep_rew_mean     | -2.98e+07 |
| time/              |           |
|    fps             | 2493      |
|    time_elapsed    | 376       |
|    total_timesteps | 940000    |
----------------------------------
----------------------------------
| rollout/           |           |
|    ep_len_mean     | 1e+03     |
|    ep_rew_mean     | -2.97e+07 |
| time/              |           |
|    fps             | 2493      |
|    time_elapsed    | 381       |
|    total_timesteps | 950000    |
----------------------------------
----------------------------------
| rollout/           |           |
|    ep_len_mean     | 1e+03     |
|    ep_rew_mean     | -2.98e+07 |
| time/              |           |
|    fps             | 2492      |
|    time_elapsed    | 385       |
|    total_timesteps | 960000    |
----------------------------------
----------------------------------
| rollout/           |           |
|    ep_len_mean     | 1e+03     |
|    ep_rew_mean     | -2.98e+07 |
|    return_std      | 2.06e+05  |
| time/              |           |
|    fps             | 2492      |
|    time_elapsed    | 389       |
|    total_timesteps | 970000    |
| train/             |           |
|    delta_std       | 0.05      |
|    iterations      | 15        |
|    learning_rate   | 0.0018    |
|    step_size       | 1.09e-09  |
----------------------------------
----------------------------------
| rollout/           |           |
|    ep_len_mean     | 1e+03     |
|    ep_rew_mean     | -2.97e+07 |
| time/              |           |
|    fps             | 2491      |
|    time_elapsed    | 393       |
|    total_timesteps | 980000    |
----------------------------------
----------------------------------
| rollout/           |           |
|    ep_len_mean     | 859       |
|    ep_rew_mean     | -2.55e+07 |
| time/              |           |
|    fps             | 2491      |
|    time_elapsed    | 397       |
|    total_timesteps | 990000    |
----------------------------------
----------------------------------
| rollout/           |           |
|    ep_len_mean     | 802       |
|    ep_rew_mean     | -2.38e+07 |
| time/              |           |
|    fps             | 2490      |
|    time_elapsed    | 401       |
|    total_timesteps | 1000000   |
----------------------------------
----------------------------------
| rollout/           |           |
|    ep_len_mean     | 788       |
|    ep_rew_mean     | -2.34e+07 |
| time/              |           |
|    fps             | 2490      |
|    time_elapsed    | 405       |
|    total_timesteps | 1010000   |
----------------------------------
Training ended on Tue Jan 27 16:28:07 2026
Training lasted 0:06:48.445189
Logging to training_random_logs/3_robots/logs/ARS_set5
Using cpu device
Training started on Tue Jan 27 23:24:59 2026
Experiment configuration: {'algorithm': 'ARS', 'set': 5, 'verbose': 1, 'steps': 1000000, 'num_robots': 3, 'num_envs': 4, 'seed': 33, 'log_steps': 10000, 'resume': False, 'device': 'cpu'}
----------------------------------
| rollout/           |           |
|    ep_len_mean     | 672       |
|    ep_rew_mean     | -1.98e+07 |
| time/              |           |
|    fps             | 1993      |
|    time_elapsed    | 5         |
|    total_timesteps | 10000     |
----------------------------------
----------------------------------
| rollout/           |           |
|    ep_len_mean     | 803       |
|    ep_rew_mean     | -2.38e+07 |
| time/              |           |
|    fps             | 2107      |
|    time_elapsed    | 9         |
|    total_timesteps | 20000     |
----------------------------------
----------------------------------
| rollout/           |           |
|    ep_len_mean     | 877       |
|    ep_rew_mean     | -2.61e+07 |
| time/              |           |
|    fps             | 2148      |
|    time_elapsed    | 13        |
|    total_timesteps | 30000     |
----------------------------------
----------------------------------
| rollout/           |           |
|    ep_len_mean     | 821       |
|    ep_rew_mean     | -2.45e+07 |
| time/              |           |
|    fps             | 2159      |
|    time_elapsed    | 18        |
|    total_timesteps | 40000     |
----------------------------------
----------------------------------
| rollout/           |           |
|    ep_len_mean     | 859       |
|    ep_rew_mean     | -2.56e+07 |
| time/              |           |
|    fps             | 2161      |
|    time_elapsed    | 23        |
|    total_timesteps | 50000     |
----------------------------------
---------------------------------
| rollout/           |          |
|    return_std      | 1.01e+07 |
| time/              |          |
|    fps             | 2165     |
|    time_elapsed    | 27       |
|    total_timesteps | 60000    |
| train/             |          |
|    delta_std       | 0.05     |
|    iterations      | 0        |
|    learning_rate   | 0.0018   |
|    step_size       | 2.22e-11 |
---------------------------------
----------------------------------
| rollout/           |           |
|    ep_len_mean     | 1e+03     |
|    ep_rew_mean     | -2.98e+07 |
| time/              |           |
|    fps             | 2163      |
|    time_elapsed    | 32        |
|    total_timesteps | 70000     |
----------------------------------
----------------------------------
| rollout/           |           |
|    ep_len_mean     | 1e+03     |
|    ep_rew_mean     | -2.98e+07 |
| time/              |           |
|    fps             | 2162      |
|    time_elapsed    | 36        |
|    total_timesteps | 80000     |
----------------------------------
----------------------------------
| rollout/           |           |
|    ep_len_mean     | 733       |
|    ep_rew_mean     | -2.18e+07 |
| time/              |           |
|    fps             | 2165      |
|    time_elapsed    | 41        |
|    total_timesteps | 90000     |
----------------------------------
---------------------------------
| rollout/           |          |
|    ep_len_mean     | 774      |
|    ep_rew_mean     | -2.3e+07 |
| time/              |          |
|    fps             | 2169     |
|    time_elapsed    | 46       |
|    total_timesteps | 100000   |
---------------------------------
---------------------------------
| rollout/           |          |
|    return_std      | 1.18e+07 |
| time/              |          |
|    fps             | 2171     |
|    time_elapsed    | 50       |
|    total_timesteps | 110000   |
| train/             |          |
|    delta_std       | 0.05     |
|    iterations      | 1        |
|    learning_rate   | 0.0018   |
|    step_size       | 1.9e-11  |
---------------------------------
----------------------------------
| rollout/           |           |
|    ep_len_mean     | 1e+03     |
|    ep_rew_mean     | -2.99e+07 |
| time/              |           |
|    fps             | 2171      |
|    time_elapsed    | 55        |
|    total_timesteps | 120000    |
----------------------------------
----------------------------------
| rollout/           |           |
|    ep_len_mean     | 1e+03     |
|    ep_rew_mean     | -2.99e+07 |
| time/              |           |
|    fps             | 2174      |
|    time_elapsed    | 59        |
|    total_timesteps | 130000    |
----------------------------------
----------------------------------
| rollout/           |           |
|    ep_len_mean     | 1e+03     |
|    ep_rew_mean     | -2.98e+07 |
| time/              |           |
|    fps             | 2172      |
|    time_elapsed    | 64        |
|    total_timesteps | 140000    |
----------------------------------
----------------------------------
| rollout/           |           |
|    ep_len_mean     | 1e+03     |
|    ep_rew_mean     | -2.99e+07 |
| time/              |           |
|    fps             | 2171      |
|    time_elapsed    | 69        |
|    total_timesteps | 150000    |
----------------------------------
----------------------------------
| rollout/           |           |
|    ep_len_mean     | 1e+03     |
|    ep_rew_mean     | -2.98e+07 |
| time/              |           |
|    fps             | 2172      |
|    time_elapsed    | 73        |
|    total_timesteps | 160000    |
----------------------------------
----------------------------------
| rollout/           |           |
|    ep_len_mean     | 1e+03     |
|    ep_rew_mean     | -2.98e+07 |
| time/              |           |
|    fps             | 2171      |
|    time_elapsed    | 78        |
|    total_timesteps | 170000    |
----------------------------------
----------------------------------
| rollout/           |           |
|    ep_len_mean     | 508       |
|    ep_rew_mean     | -1.49e+07 |
|    return_std      | 1.78e+05  |
| time/              |           |
|    fps             | 2171      |
|    time_elapsed    | 82        |
|    total_timesteps | 180000    |
| train/             |           |
|    delta_std       | 0.05      |
|    iterations      | 2         |
|    learning_rate   | 0.0018    |
|    step_size       | 1.27e-09  |
----------------------------------
----------------------------------
| rollout/           |           |
|    ep_len_mean     | 803       |
|    ep_rew_mean     | -2.39e+07 |
| time/              |           |
|    fps             | 2172      |
|    time_elapsed    | 87        |
|    total_timesteps | 190000    |
----------------------------------
----------------------------------
| rollout/           |           |
|    ep_len_mean     | 859       |
|    ep_rew_mean     | -2.55e+07 |
| time/              |           |
|    fps             | 2173      |
|    time_elapsed    | 92        |
|    total_timesteps | 200000    |
----------------------------------
----------------------------------
| rollout/           |           |
|    ep_len_mean     | 902       |
|    ep_rew_mean     | -2.69e+07 |
| time/              |           |
|    fps             | 2174      |
|    time_elapsed    | 96        |
|    total_timesteps | 210000    |
----------------------------------
----------------------------------
| rollout/           |           |
|    ep_len_mean     | 918       |
|    ep_rew_mean     | -2.74e+07 |
| time/              |           |
|    fps             | 2174      |
|    time_elapsed    | 101       |
|    total_timesteps | 220000    |
----------------------------------
----------------------------------
| rollout/           |           |
|    ep_len_mean     | 934       |
|    ep_rew_mean     | -2.79e+07 |
| time/              |           |
|    fps             | 2175      |
|    time_elapsed    | 105       |
|    total_timesteps | 230000    |
----------------------------------
----------------------------------
| rollout/           |           |
|    ep_len_mean     | 1e+03     |
|    ep_rew_mean     | -2.94e+07 |
|    return_std      | 7.44e+06  |
| time/              |           |
|    fps             | 2176      |
|    time_elapsed    | 110       |
|    total_timesteps | 240000    |
| train/             |           |
|    delta_std       | 0.05      |
|    iterations      | 3         |
|    learning_rate   | 0.0018    |
|    step_size       | 3.03e-11  |
----------------------------------
----------------------------------
| rollout/           |           |
|    ep_len_mean     | 1e+03     |
|    ep_rew_mean     | -2.97e+07 |
| time/              |           |
|    fps             | 2177      |
|    time_elapsed    | 114       |
|    total_timesteps | 250000    |
----------------------------------
----------------------------------
| rollout/           |           |
|    ep_len_mean     | 1e+03     |
|    ep_rew_mean     | -2.97e+07 |
| time/              |           |
|    fps             | 2177      |
|    time_elapsed    | 119       |
|    total_timesteps | 260000    |
----------------------------------
----------------------------------
| rollout/           |           |
|    ep_len_mean     | 1e+03     |
|    ep_rew_mean     | -2.97e+07 |
| time/              |           |
|    fps             | 2176      |
|    time_elapsed    | 124       |
|    total_timesteps | 270000    |
----------------------------------
----------------------------------
| rollout/           |           |
|    ep_len_mean     | 1e+03     |
|    ep_rew_mean     | -2.97e+07 |
| time/              |           |
|    fps             | 2176      |
|    time_elapsed    | 128       |
|    total_timesteps | 280000    |
----------------------------------
----------------------------------
| rollout/           |           |
|    ep_len_mean     | 1e+03     |
|    ep_rew_mean     | -2.97e+07 |
| time/              |           |
|    fps             | 2176      |
|    time_elapsed    | 133       |
|    total_timesteps | 290000    |
----------------------------------
---------------------------------
| rollout/           |          |
|    return_std      | 2.86e+05 |
| time/              |          |
|    fps             | 2176     |
|    time_elapsed    | 137      |
|    total_timesteps | 300000   |
| train/             |          |
|    delta_std       | 0.05     |
|    iterations      | 4        |
|    learning_rate   | 0.0018   |
|    step_size       | 7.85e-10 |
---------------------------------
----------------------------------
| rollout/           |           |
|    ep_len_mean     | 1e+03     |
|    ep_rew_mean     | -2.98e+07 |
| time/              |           |
|    fps             | 2170      |
|    time_elapsed    | 142       |
|    total_timesteps | 310000    |
----------------------------------
----------------------------------
| rollout/           |           |
|    ep_len_mean     | 717       |
|    ep_rew_mean     | -2.14e+07 |
| time/              |           |
|    fps             | 2165      |
|    time_elapsed    | 147       |
|    total_timesteps | 320000    |
----------------------------------
----------------------------------
| rollout/           |           |
|    ep_len_mean     | 731       |
|    ep_rew_mean     | -2.17e+07 |
| time/              |           |
|    fps             | 2161      |
|    time_elapsed    | 152       |
|    total_timesteps | 330000    |
----------------------------------
---------------------------------
| rollout/           |          |
|    ep_len_mean     | 772      |
|    ep_rew_mean     | -2.3e+07 |
| time/              |          |
|    fps             | 2155     |
|    time_elapsed    | 157      |
|    total_timesteps | 340000   |
---------------------------------
---------------------------------
| rollout/           |          |
|    return_std      | 1.2e+07  |
| time/              |          |
|    fps             | 2153     |
|    time_elapsed    | 162      |
|    total_timesteps | 350000   |
| train/             |          |
|    delta_std       | 0.05     |
|    iterations      | 5        |
|    learning_rate   | 0.0018   |
|    step_size       | 1.88e-11 |
---------------------------------
----------------------------------
| rollout/           |           |
|    ep_len_mean     | 1e+03     |
|    ep_rew_mean     | -2.99e+07 |
| time/              |           |
|    fps             | 2146      |
|    time_elapsed    | 167       |
|    total_timesteps | 360000    |
----------------------------------
----------------------------------
| rollout/           |           |
|    ep_len_mean     | 1e+03     |
|    ep_rew_mean     | -2.98e+07 |
| time/              |           |
|    fps             | 2145      |
|    time_elapsed    | 172       |
|    total_timesteps | 370000    |
----------------------------------
----------------------------------
| rollout/           |           |
|    ep_len_mean     | 1e+03     |
|    ep_rew_mean     | -2.98e+07 |
| time/              |           |
|    fps             | 2139      |
|    time_elapsed    | 177       |
|    total_timesteps | 380000    |
----------------------------------
----------------------------------
| rollout/           |           |
|    ep_len_mean     | 1e+03     |
|    ep_rew_mean     | -2.98e+07 |
| time/              |           |
|    fps             | 2128      |
|    time_elapsed    | 183       |
|    total_timesteps | 390000    |
----------------------------------
----------------------------------
| rollout/           |           |
|    ep_len_mean     | 1e+03     |
|    ep_rew_mean     | -2.98e+07 |
| time/              |           |
|    fps             | 2125      |
|    time_elapsed    | 188       |
|    total_timesteps | 400000    |
----------------------------------
----------------------------------
| rollout/           |           |
|    ep_len_mean     | 1e+03     |
|    ep_rew_mean     | -2.98e+07 |
| time/              |           |
|    fps             | 2121      |
|    time_elapsed    | 193       |
|    total_timesteps | 410000    |
----------------------------------
----------------------------------
| rollout/           |           |
|    ep_len_mean     | 1e+03     |
|    ep_rew_mean     | -2.99e+07 |
|    return_std      | 2.28e+05  |
| time/              |           |
|    fps             | 2117      |
|    time_elapsed    | 198       |
|    total_timesteps | 420000    |
| train/             |           |
|    delta_std       | 0.05      |
|    iterations      | 6         |
|    learning_rate   | 0.0018    |
|    step_size       | 9.85e-10  |
----------------------------------
----------------------------------
| rollout/           |           |
|    ep_len_mean     | 1e+03     |
|    ep_rew_mean     | -2.98e+07 |
| time/              |           |
|    fps             | 2111      |
|    time_elapsed    | 203       |
|    total_timesteps | 430000    |
----------------------------------
----------------------------------
| rollout/           |           |
|    ep_len_mean     | 1e+03     |
|    ep_rew_mean     | -2.98e+07 |
| time/              |           |
|    fps             | 2106      |
|    time_elapsed    | 208       |
|    total_timesteps | 440000    |
----------------------------------
----------------------------------
| rollout/           |           |
|    ep_len_mean     | 1e+03     |
|    ep_rew_mean     | -2.95e+07 |
| time/              |           |
|    fps             | 2101      |
|    time_elapsed    | 214       |
|    total_timesteps | 450000    |
----------------------------------
----------------------------------
| rollout/           |           |
|    ep_len_mean     | 1e+03     |
|    ep_rew_mean     | -2.96e+07 |
| time/              |           |
|    fps             | 2098      |
|    time_elapsed    | 219       |
|    total_timesteps | 460000    |
----------------------------------
----------------------------------
| rollout/           |           |
|    ep_len_mean     | 1e+03     |
|    ep_rew_mean     | -2.96e+07 |
| time/              |           |
|    fps             | 2094      |
|    time_elapsed    | 224       |
|    total_timesteps | 470000    |
----------------------------------
---------------------------------
| rollout/           |          |
|    return_std      | 5.81e+05 |
| time/              |          |
|    fps             | 2086     |
|    time_elapsed    | 230      |
|    total_timesteps | 480000   |
| train/             |          |
|    delta_std       | 0.05     |
|    iterations      | 7        |
|    learning_rate   | 0.0018   |
|    step_size       | 3.87e-10 |
---------------------------------
----------------------------------
| rollout/           |           |
|    ep_len_mean     | 1e+03     |
|    ep_rew_mean     | -2.96e+07 |
| time/              |           |
|    fps             | 2085      |
|    time_elapsed    | 234       |
|    total_timesteps | 490000    |
----------------------------------
