Logging to training_random_logs/3_robots/logs/TQC_set6
Using cpu device
Training started on Tue Jan 27 16:21:32 2026
Experiment configuration: {'algorithm': 'TQC', 'set': 6, 'verbose': 1, 'steps': 1000000, 'num_robots': 3, 'num_envs': 4, 'seed': 33, 'log_steps': 10000, 'resume': False, 'device': 'cpu'}
----------------------------------
| rollout/           |           |
|    ep_len_mean     | 51.6      |
|    ep_rew_mean     | -1.37e+05 |
| time/              |           |
|    episodes        | 234       |
|    fps             | 139       |
|    time_elapsed    | 71        |
|    total_timesteps | 10000     |
| train/             |           |
|    actor_loss      | 2.99e+04  |
|    critic_loss     | 5.59e+03  |
|    ent_coef        | 53.7      |
|    ent_coef_loss   | -3.94     |
|    learning_rate   | 0.0064    |
|    n_updates       | 2474      |
----------------------------------
----------------------------------
| rollout/           |           |
|    ep_len_mean     | 94.8      |
|    ep_rew_mean     | -1.45e+05 |
| time/              |           |
|    episodes        | 286       |
|    fps             | 139       |
|    time_elapsed    | 143       |
|    total_timesteps | 20000     |
| train/             |           |
|    actor_loss      | 2.04e+04  |
|    critic_loss     | 3.15e+03  |
|    ent_coef        | 35.7      |
|    ent_coef_loss   | -0.876    |
|    learning_rate   | 0.0064    |
|    n_updates       | 4974      |
----------------------------------
----------------------------------
| rollout/           |           |
|    ep_len_mean     | 209       |
|    ep_rew_mean     | -1.42e+05 |
| time/              |           |
|    episodes        | 298       |
|    fps             | 139       |
|    time_elapsed    | 215       |
|    total_timesteps | 30000     |
| train/             |           |
|    actor_loss      | 9.04e+03  |
|    critic_loss     | 1.54e+03  |
|    ent_coef        | 17.3      |
|    ent_coef_loss   | 0.945     |
|    learning_rate   | 0.0064    |
|    n_updates       | 7474      |
----------------------------------
----------------------------------
| rollout/           |           |
|    ep_len_mean     | 285       |
|    ep_rew_mean     | -1.39e+05 |
| time/              |           |
|    episodes        | 306       |
|    fps             | 138       |
|    time_elapsed    | 287       |
|    total_timesteps | 40000     |
| train/             |           |
|    actor_loss      | 3.23e+03  |
|    critic_loss     | 924       |
|    ent_coef        | 8.56      |
|    ent_coef_loss   | -0.983    |
|    learning_rate   | 0.0064    |
|    n_updates       | 9974      |
----------------------------------
----------------------------------
| rollout/           |           |
|    ep_len_mean     | 400       |
|    ep_rew_mean     | -1.34e+05 |
| time/              |           |
|    episodes        | 318       |
|    fps             | 138       |
|    time_elapsed    | 359       |
|    total_timesteps | 50000     |
| train/             |           |
|    actor_loss      | 1.92e+03  |
|    critic_loss     | 922       |
|    ent_coef        | 5.91      |
|    ent_coef_loss   | -2.25     |
|    learning_rate   | 0.0064    |
|    n_updates       | 12474     |
----------------------------------
----------------------------------
| rollout/           |           |
|    ep_len_mean     | 481       |
|    ep_rew_mean     | -1.29e+05 |
| time/              |           |
|    episodes        | 328       |
|    fps             | 138       |
|    time_elapsed    | 432       |
|    total_timesteps | 60000     |
| train/             |           |
|    actor_loss      | 1.26e+03  |
|    critic_loss     | 846       |
|    ent_coef        | 3.49      |
|    ent_coef_loss   | -1.49     |
|    learning_rate   | 0.0064    |
|    n_updates       | 14974     |
----------------------------------
----------------------------------
| rollout/           |           |
|    ep_len_mean     | 425       |
|    ep_rew_mean     | -8.23e+04 |
| time/              |           |
|    episodes        | 396       |
|    fps             | 138       |
|    time_elapsed    | 505       |
|    total_timesteps | 70000     |
| train/             |           |
|    actor_loss      | 885       |
|    critic_loss     | 962       |
|    ent_coef        | 3.96      |
|    ent_coef_loss   | 1.32      |
|    learning_rate   | 0.0064    |
|    n_updates       | 17474     |
----------------------------------
----------------------------------
| rollout/           |           |
|    ep_len_mean     | 425       |
|    ep_rew_mean     | -8.23e+04 |
| time/              |           |
|    episodes        | 404       |
|    fps             | 138       |
|    time_elapsed    | 577       |
|    total_timesteps | 80000     |
| train/             |           |
|    actor_loss      | -21.3     |
|    critic_loss     | 196       |
|    ent_coef        | 1.86      |
|    ent_coef_loss   | -0.0976   |
|    learning_rate   | 0.0064    |
|    n_updates       | 19974     |
----------------------------------
----------------------------------
| rollout/           |           |
|    ep_len_mean     | 425       |
|    ep_rew_mean     | -8.71e+04 |
| time/              |           |
|    episodes        | 416       |
|    fps             | 138       |
|    time_elapsed    | 650       |
|    total_timesteps | 90000     |
| train/             |           |
|    actor_loss      | -221      |
|    critic_loss     | 136       |
|    ent_coef        | 1.48      |
|    ent_coef_loss   | 0.0452    |
|    learning_rate   | 0.0064    |
|    n_updates       | 22474     |
----------------------------------
----------------------------------
| rollout/           |           |
|    ep_len_mean     | 381       |
|    ep_rew_mean     | -1.04e+05 |
| time/              |           |
|    episodes        | 432       |
|    fps             | 138       |
|    time_elapsed    | 722       |
|    total_timesteps | 100000    |
| train/             |           |
|    actor_loss      | 55.2      |
|    critic_loss     | 184       |
|    ent_coef        | 1.35      |
|    ent_coef_loss   | 0.344     |
|    learning_rate   | 0.0064    |
|    n_updates       | 24974     |
----------------------------------
----------------------------------
| rollout/           |           |
|    ep_len_mean     | 432       |
|    ep_rew_mean     | -1.21e+05 |
| time/              |           |
|    episodes        | 449       |
|    fps             | 138       |
|    time_elapsed    | 795       |
|    total_timesteps | 110000    |
| train/             |           |
|    actor_loss      | 193       |
|    critic_loss     | 218       |
|    ent_coef        | 1.35      |
|    ent_coef_loss   | 0.0631    |
|    learning_rate   | 0.0064    |
|    n_updates       | 27474     |
----------------------------------
----------------------------------
| rollout/           |           |
|    ep_len_mean     | 509       |
|    ep_rew_mean     | -1.24e+05 |
| time/              |           |
|    episodes        | 461       |
|    fps             | 138       |
|    time_elapsed    | 868       |
|    total_timesteps | 120000    |
| train/             |           |
|    actor_loss      | 343       |
|    critic_loss     | 125       |
|    ent_coef        | 1.04      |
|    ent_coef_loss   | -0.0223   |
|    learning_rate   | 0.0064    |
|    n_updates       | 29974     |
----------------------------------
----------------------------------
| rollout/           |           |
|    ep_len_mean     | 596       |
|    ep_rew_mean     | -1.24e+05 |
| time/              |           |
|    episodes        | 475       |
|    fps             | 138       |
|    time_elapsed    | 941       |
|    total_timesteps | 130000    |
| train/             |           |
|    actor_loss      | 456       |
|    critic_loss     | 96.9      |
|    ent_coef        | 1.04      |
|    ent_coef_loss   | 0.0186    |
|    learning_rate   | 0.0064    |
|    n_updates       | 32474     |
----------------------------------
----------------------------------
| rollout/           |           |
|    ep_len_mean     | 684       |
|    ep_rew_mean     | -1.27e+05 |
| time/              |           |
|    episodes        | 496       |
|    fps             | 138       |
|    time_elapsed    | 1014      |
|    total_timesteps | 140000    |
| train/             |           |
|    actor_loss      | 427       |
|    critic_loss     | 130       |
|    ent_coef        | 0.818     |
|    ent_coef_loss   | 0.288     |
|    learning_rate   | 0.0064    |
|    n_updates       | 34974     |
----------------------------------
----------------------------------
| rollout/           |           |
|    ep_len_mean     | 659       |
|    ep_rew_mean     | -1.28e+05 |
| time/              |           |
|    episodes        | 510       |
|    fps             | 138       |
|    time_elapsed    | 1086      |
|    total_timesteps | 150000    |
| train/             |           |
|    actor_loss      | 270       |
|    critic_loss     | 465       |
|    ent_coef        | 0.809     |
|    ent_coef_loss   | 1.21      |
|    learning_rate   | 0.0064    |
|    n_updates       | 37474     |
----------------------------------
----------------------------------
| rollout/           |           |
|    ep_len_mean     | 630       |
|    ep_rew_mean     | -1.09e+05 |
| time/              |           |
|    episodes        | 523       |
|    fps             | 137       |
|    time_elapsed    | 1159      |
|    total_timesteps | 160000    |
| train/             |           |
|    actor_loss      | 617       |
|    critic_loss     | 93        |
|    ent_coef        | 0.755     |
|    ent_coef_loss   | -0.484    |
|    learning_rate   | 0.0064    |
|    n_updates       | 39974     |
----------------------------------
----------------------------------
| rollout/           |           |
|    ep_len_mean     | 687       |
|    ep_rew_mean     | -9.68e+04 |
| time/              |           |
|    episodes        | 535       |
|    fps             | 137       |
|    time_elapsed    | 1233      |
|    total_timesteps | 170000    |
| train/             |           |
|    actor_loss      | 611       |
|    critic_loss     | 94.9      |
|    ent_coef        | 0.677     |
|    ent_coef_loss   | 1.21      |
|    learning_rate   | 0.0064    |
|    n_updates       | 42474     |
----------------------------------
----------------------------------
| rollout/           |           |
|    ep_len_mean     | 575       |
|    ep_rew_mean     | -8.07e+04 |
| time/              |           |
|    episodes        | 566       |
|    fps             | 137       |
|    time_elapsed    | 1306      |
|    total_timesteps | 180000    |
| train/             |           |
|    actor_loss      | 590       |
|    critic_loss     | 69.9      |
|    ent_coef        | 0.973     |
|    ent_coef_loss   | -0.07     |
|    learning_rate   | 0.0064    |
|    n_updates       | 44974     |
----------------------------------
----------------------------------
| rollout/           |           |
|    ep_len_mean     | 570       |
|    ep_rew_mean     | -8.26e+04 |
| time/              |           |
|    episodes        | 580       |
|    fps             | 137       |
|    time_elapsed    | 1380      |
|    total_timesteps | 190000    |
| train/             |           |
|    actor_loss      | 555       |
|    critic_loss     | 115       |
|    ent_coef        | 0.569     |
|    ent_coef_loss   | -0.492    |
|    learning_rate   | 0.0064    |
|    n_updates       | 47474     |
----------------------------------
----------------------------------
| rollout/           |           |
|    ep_len_mean     | 624       |
|    ep_rew_mean     | -8.47e+04 |
| time/              |           |
|    episodes        | 595       |
|    fps             | 137       |
|    time_elapsed    | 1454      |
|    total_timesteps | 200000    |
| train/             |           |
|    actor_loss      | 538       |
|    critic_loss     | 275       |
|    ent_coef        | 0.591     |
|    ent_coef_loss   | 1.31      |
|    learning_rate   | 0.0064    |
|    n_updates       | 49974     |
----------------------------------
----------------------------------
| rollout/           |           |
|    ep_len_mean     | 528       |
|    ep_rew_mean     | -1.16e+05 |
| time/              |           |
|    episodes        | 619       |
|    fps             | 137       |
|    time_elapsed    | 1529      |
|    total_timesteps | 210000    |
| train/             |           |
|    actor_loss      | 394       |
|    critic_loss     | 429       |
|    ent_coef        | 0.683     |
|    ent_coef_loss   | -0.321    |
|    learning_rate   | 0.0064    |
|    n_updates       | 52474     |
----------------------------------
----------------------------------
| rollout/           |           |
|    ep_len_mean     | 458       |
|    ep_rew_mean     | -1.18e+05 |
| time/              |           |
|    episodes        | 653       |
|    fps             | 137       |
|    time_elapsed    | 1603      |
|    total_timesteps | 220000    |
| train/             |           |
|    actor_loss      | 1.5e+03   |
|    critic_loss     | 439       |
|    ent_coef        | 0.688     |
|    ent_coef_loss   | 1.68      |
|    learning_rate   | 0.0064    |
|    n_updates       | 54974     |
----------------------------------
----------------------------------
| rollout/           |           |
|    ep_len_mean     | 472       |
|    ep_rew_mean     | -1.05e+05 |
| time/              |           |
|    episodes        | 670       |
|    fps             | 137       |
|    time_elapsed    | 1678      |
|    total_timesteps | 230000    |
| train/             |           |
|    actor_loss      | 459       |
|    critic_loss     | 83.6      |
|    ent_coef        | 0.732     |
|    ent_coef_loss   | -0.688    |
|    learning_rate   | 0.0064    |
|    n_updates       | 57474     |
----------------------------------
----------------------------------
| rollout/           |           |
|    ep_len_mean     | 359       |
|    ep_rew_mean     | -1.01e+05 |
| time/              |           |
|    episodes        | 709       |
|    fps             | 136       |
|    time_elapsed    | 1753      |
|    total_timesteps | 240000    |
| train/             |           |
|    actor_loss      | 589       |
|    critic_loss     | 183       |
|    ent_coef        | 0.917     |
|    ent_coef_loss   | 0.0816    |
|    learning_rate   | 0.0064    |
|    n_updates       | 59974     |
----------------------------------
----------------------------------
| rollout/           |           |
|    ep_len_mean     | 285       |
|    ep_rew_mean     | -4.75e+04 |
| time/              |           |
|    episodes        | 742       |
|    fps             | 136       |
|    time_elapsed    | 1830      |
|    total_timesteps | 250000    |
| train/             |           |
|    actor_loss      | 391       |
|    critic_loss     | 536       |
|    ent_coef        | 0.899     |
|    ent_coef_loss   | 0.125     |
|    learning_rate   | 0.0064    |
|    n_updates       | 62474     |
----------------------------------
----------------------------------
| rollout/           |           |
|    ep_len_mean     | 282       |
|    ep_rew_mean     | -4.41e+04 |
| time/              |           |
|    episodes        | 774       |
|    fps             | 136       |
|    time_elapsed    | 1907      |
|    total_timesteps | 260000    |
| train/             |           |
|    actor_loss      | 566       |
|    critic_loss     | 417       |
|    ent_coef        | 0.874     |
|    ent_coef_loss   | -0.291    |
|    learning_rate   | 0.0064    |
|    n_updates       | 64974     |
----------------------------------
----------------------------------
| rollout/           |           |
|    ep_len_mean     | 296       |
|    ep_rew_mean     | -1.06e+04 |
| time/              |           |
|    episodes        | 802       |
|    fps             | 135       |
|    time_elapsed    | 1985      |
|    total_timesteps | 270000    |
| train/             |           |
|    actor_loss      | 275       |
|    critic_loss     | 207       |
|    ent_coef        | 1.2       |
|    ent_coef_loss   | 0.413     |
|    learning_rate   | 0.0064    |
|    n_updates       | 67474     |
----------------------------------
----------------------------------
| rollout/           |           |
|    ep_len_mean     | 348       |
|    ep_rew_mean     | 7.77e+03  |
| time/              |           |
|    episodes        | 829       |
|    fps             | 135       |
|    time_elapsed    | 2064      |
|    total_timesteps | 280000    |
| train/             |           |
|    actor_loss      | 258       |
|    critic_loss     | 380       |
|    ent_coef        | 1.01      |
|    ent_coef_loss   | -0.000184 |
|    learning_rate   | 0.0064    |
|    n_updates       | 69974     |
----------------------------------
---------------------------------
| rollout/           |          |
|    ep_len_mean     | 344      |
|    ep_rew_mean     | 1.34e+04 |
| time/              |          |
|    episodes        | 860      |
|    fps             | 135      |
|    time_elapsed    | 2144     |
|    total_timesteps | 290000   |
| train/             |          |
|    actor_loss      | 424      |
|    critic_loss     | 366      |
|    ent_coef        | 0.995    |
|    ent_coef_loss   | -0.0109  |
|    learning_rate   | 0.0064   |
|    n_updates       | 72474    |
---------------------------------
---------------------------------
| rollout/           |          |
|    ep_len_mean     | 231      |
|    ep_rew_mean     | 3.77e+04 |
| time/              |          |
|    episodes        | 914      |
|    fps             | 134      |
|    time_elapsed    | 2225     |
|    total_timesteps | 300000   |
| train/             |          |
|    actor_loss      | 217      |
|    critic_loss     | 481      |
|    ent_coef        | 1.12     |
|    ent_coef_loss   | -0.29    |
|    learning_rate   | 0.0064   |
|    n_updates       | 74974    |
---------------------------------
---------------------------------
| rollout/           |          |
|    ep_len_mean     | 218      |
|    ep_rew_mean     | 4.68e+04 |
| time/              |          |
|    episodes        | 957      |
|    fps             | 134      |
|    time_elapsed    | 2306     |
|    total_timesteps | 310000   |
| train/             |          |
|    actor_loss      | 311      |
|    critic_loss     | 340      |
|    ent_coef        | 0.878    |
|    ent_coef_loss   | -0.324   |
|    learning_rate   | 0.0064   |
|    n_updates       | 77474    |
---------------------------------
---------------------------------
| rollout/           |          |
|    ep_len_mean     | 232      |
|    ep_rew_mean     | 6.52e+04 |
| time/              |          |
|    episodes        | 984      |
|    fps             | 133      |
|    time_elapsed    | 2389     |
|    total_timesteps | 320000   |
| train/             |          |
|    actor_loss      | 57.5     |
|    critic_loss     | 345      |
|    ent_coef        | 1.13     |
|    ent_coef_loss   | -0.356   |
|    learning_rate   | 0.0064   |
|    n_updates       | 79974    |
---------------------------------
---------------------------------
| rollout/           |          |
|    ep_len_mean     | 294      |
|    ep_rew_mean     | 5.61e+04 |
| time/              |          |
|    episodes        | 1022     |
|    fps             | 133      |
|    time_elapsed    | 2473     |
|    total_timesteps | 330000   |
| train/             |          |
|    actor_loss      | 172      |
|    critic_loss     | 113      |
|    ent_coef        | 0.743    |
|    ent_coef_loss   | -0.178   |
|    learning_rate   | 0.0064   |
|    n_updates       | 82474    |
---------------------------------
---------------------------------
| rollout/           |          |
|    ep_len_mean     | 194      |
|    ep_rew_mean     | 4.93e+04 |
| time/              |          |
|    episodes        | 1083     |
|    fps             | 132      |
|    time_elapsed    | 2556     |
|    total_timesteps | 340000   |
| train/             |          |
|    actor_loss      | -12      |
|    critic_loss     | 356      |
|    ent_coef        | 0.937    |
|    ent_coef_loss   | -0.265   |
|    learning_rate   | 0.0064   |
|    n_updates       | 84974    |
---------------------------------
---------------------------------
| rollout/           |          |
|    ep_len_mean     | 224      |
|    ep_rew_mean     | 5.14e+04 |
| time/              |          |
|    episodes        | 1103     |
|    fps             | 132      |
|    time_elapsed    | 2640     |
|    total_timesteps | 350000   |
| train/             |          |
|    actor_loss      | -93.3    |
|    critic_loss     | 292      |
|    ent_coef        | 0.821    |
|    ent_coef_loss   | -0.107   |
|    learning_rate   | 0.0064   |
|    n_updates       | 87474    |
---------------------------------
----------------------------------
| rollout/           |           |
|    ep_len_mean     | 289       |
|    ep_rew_mean     | 4.95e+04  |
| time/              |           |
|    episodes        | 1121      |
|    fps             | 132       |
|    time_elapsed    | 2725      |
|    total_timesteps | 360000    |
| train/             |           |
|    actor_loss      | -548      |
|    critic_loss     | 302       |
|    ent_coef        | 1         |
|    ent_coef_loss   | -0.000475 |
|    learning_rate   | 0.0064    |
|    n_updates       | 89974     |
----------------------------------
---------------------------------
| rollout/           |          |
|    ep_len_mean     | 370      |
|    ep_rew_mean     | 3.25e+04 |
| time/              |          |
|    episodes        | 1147     |
|    fps             | 131      |
|    time_elapsed    | 2809     |
|    total_timesteps | 370000   |
| train/             |          |
|    actor_loss      | 91.2     |
|    critic_loss     | 94.8     |
|    ent_coef        | 0.968    |
|    ent_coef_loss   | 0.0502   |
|    learning_rate   | 0.0064   |
|    n_updates       | 92474    |
---------------------------------
---------------------------------
| rollout/           |          |
|    ep_len_mean     | 222      |
|    ep_rew_mean     | 2.5e+04  |
| time/              |          |
|    episodes        | 1219     |
|    fps             | 131      |
|    time_elapsed    | 2893     |
|    total_timesteps | 380000   |
| train/             |          |
|    actor_loss      | 165      |
|    critic_loss     | 282      |
|    ent_coef        | 0.65     |
|    ent_coef_loss   | 0.232    |
|    learning_rate   | 0.0064   |
|    n_updates       | 94974    |
---------------------------------
---------------------------------
| rollout/           |          |
|    ep_len_mean     | 81.2     |
|    ep_rew_mean     | 9.65e+04 |
| time/              |          |
|    episodes        | 1328     |
|    fps             | 130      |
|    time_elapsed    | 2978     |
|    total_timesteps | 390000   |
| train/             |          |
|    actor_loss      | -3.93    |
|    critic_loss     | 779      |
|    ent_coef        | 1.71     |
|    ent_coef_loss   | -1.08    |
|    learning_rate   | 0.0064   |
|    n_updates       | 97474    |
---------------------------------
---------------------------------
| rollout/           |          |
|    ep_len_mean     | 73.8     |
|    ep_rew_mean     | 1.09e+05 |
| time/              |          |
|    episodes        | 1445     |
|    fps             | 130      |
|    time_elapsed    | 3063     |
|    total_timesteps | 400000   |
| train/             |          |
|    actor_loss      | -407     |
|    critic_loss     | 753      |
|    ent_coef        | 2.57     |
|    ent_coef_loss   | -0.466   |
|    learning_rate   | 0.0064   |
|    n_updates       | 99974    |
---------------------------------
---------------------------------
| rollout/           |          |
|    ep_len_mean     | 44.8     |
|    ep_rew_mean     | 9.2e+04  |
| time/              |          |
|    episodes        | 1644     |
|    fps             | 130      |
|    time_elapsed    | 3147     |
|    total_timesteps | 410000   |
| train/             |          |
|    actor_loss      | -801     |
|    critic_loss     | 456      |
|    ent_coef        | 3.79     |
|    ent_coef_loss   | 2.09     |
|    learning_rate   | 0.0064   |
|    n_updates       | 102474   |
---------------------------------
----------------------------------
| rollout/           |           |
|    ep_len_mean     | 103       |
|    ep_rew_mean     | -2.56e+05 |
| time/              |           |
|    episodes        | 1730      |
|    fps             | 129       |
|    time_elapsed    | 3233      |
|    total_timesteps | 420000    |
| train/             |           |
|    actor_loss      | 96.3      |
|    critic_loss     | 1.8e+03   |
|    ent_coef        | 12.3      |
|    ent_coef_loss   | 4.08      |
|    learning_rate   | 0.0064    |
|    n_updates       | 104974    |
----------------------------------
----------------------------------
| rollout/           |           |
|    ep_len_mean     | 87.9      |
|    ep_rew_mean     | -8.07e+04 |
| time/              |           |
|    episodes        | 1836      |
|    fps             | 129       |
|    time_elapsed    | 3317      |
|    total_timesteps | 430000    |
| train/             |           |
|    actor_loss      | -1.01e+03 |
|    critic_loss     | 3.01e+03  |
|    ent_coef        | 12        |
|    ent_coef_loss   | -13.6     |
|    learning_rate   | 0.0064    |
|    n_updates       | 107474    |
----------------------------------
----------------------------------
| rollout/           |           |
|    ep_len_mean     | 145       |
|    ep_rew_mean     | -7.33e+04 |
| time/              |           |
|    episodes        | 1873      |
|    fps             | 129       |
|    time_elapsed    | 3402      |
|    total_timesteps | 440000    |
| train/             |           |
|    actor_loss      | -2.06e+03 |
|    critic_loss     | 2.82e+03  |
|    ent_coef        | 11        |
|    ent_coef_loss   | -3.7      |
|    learning_rate   | 0.0064    |
|    n_updates       | 109974    |
----------------------------------
----------------------------------
| rollout/           |           |
|    ep_len_mean     | 211       |
|    ep_rew_mean     | -6.6e+04  |
| time/              |           |
|    episodes        | 1893      |
|    fps             | 129       |
|    time_elapsed    | 3486      |
|    total_timesteps | 450000    |
| train/             |           |
|    actor_loss      | -2.63e+03 |
|    critic_loss     | 3.51e+03  |
|    ent_coef        | 9.84      |
|    ent_coef_loss   | -1.66     |
|    learning_rate   | 0.0064    |
|    n_updates       | 112474    |
----------------------------------
----------------------------------
| rollout/           |           |
|    ep_len_mean     | 303       |
|    ep_rew_mean     | -4.71e+04 |
| time/              |           |
|    episodes        | 1915      |
|    fps             | 128       |
|    time_elapsed    | 3571      |
|    total_timesteps | 460000    |
| train/             |           |
|    actor_loss      | -1.72e+03 |
|    critic_loss     | 2.32e+03  |
|    ent_coef        | 7.56      |
|    ent_coef_loss   | -0.17     |
|    learning_rate   | 0.0064    |
|    n_updates       | 114974    |
----------------------------------
----------------------------------
| rollout/           |           |
|    ep_len_mean     | 375       |
|    ep_rew_mean     | -5.66e+04 |
| time/              |           |
|    episodes        | 1932      |
|    fps             | 128       |
|    time_elapsed    | 3656      |
|    total_timesteps | 470000    |
| train/             |           |
|    actor_loss      | -1.99e+03 |
|    critic_loss     | 7.54e+03  |
|    ent_coef        | 27.4      |
|    ent_coef_loss   | -1.3      |
|    learning_rate   | 0.0064    |
|    n_updates       | 117474    |
----------------------------------
----------------------------------
| rollout/           |           |
|    ep_len_mean     | 487       |
|    ep_rew_mean     | -9.71e+04 |
| time/              |           |
|    episodes        | 1958      |
|    fps             | 128       |
|    time_elapsed    | 3740      |
|    total_timesteps | 480000    |
| train/             |           |
|    actor_loss      | 1.74e+03  |
|    critic_loss     | 5.73e+03  |
|    ent_coef        | 10.5      |
|    ent_coef_loss   | 1.52      |
|    learning_rate   | 0.0064    |
|    n_updates       | 119974    |
----------------------------------
----------------------------------
| rollout/           |           |
|    ep_len_mean     | 439       |
|    ep_rew_mean     | -1.15e+05 |
| time/              |           |
|    episodes        | 1990      |
|    fps             | 128       |
|    time_elapsed    | 3825      |
|    total_timesteps | 490000    |
| train/             |           |
|    actor_loss      | 1.71e+03  |
|    critic_loss     | 2.13e+03  |
|    ent_coef        | 3.52      |
|    ent_coef_loss   | 0.326     |
|    learning_rate   | 0.0064    |
|    n_updates       | 122474    |
----------------------------------
----------------------------------
| rollout/           |           |
|    ep_len_mean     | 438       |
|    ep_rew_mean     | -1.16e+05 |
| time/              |           |
|    episodes        | 2001      |
|    fps             | 127       |
|    time_elapsed    | 3909      |
|    total_timesteps | 500000    |
| train/             |           |
|    actor_loss      | 895       |
|    critic_loss     | 964       |
|    ent_coef        | 2.35      |
|    ent_coef_loss   | 1.16      |
|    learning_rate   | 0.0064    |
|    n_updates       | 124974    |
----------------------------------
----------------------------------
| rollout/           |           |
|    ep_len_mean     | 480       |
|    ep_rew_mean     | -1.25e+05 |
| time/              |           |
|    episodes        | 2018      |
|    fps             | 127       |
|    time_elapsed    | 3994      |
|    total_timesteps | 510000    |
| train/             |           |
|    actor_loss      | 412       |
|    critic_loss     | 487       |
|    ent_coef        | 1.95      |
|    ent_coef_loss   | 1.4       |
|    learning_rate   | 0.0064    |
|    n_updates       | 127474    |
----------------------------------
----------------------------------
| rollout/           |           |
|    ep_len_mean     | 420       |
|    ep_rew_mean     | -8.88e+04 |
| time/              |           |
|    episodes        | 2045      |
|    fps             | 127       |
|    time_elapsed    | 4079      |
|    total_timesteps | 520000    |
| train/             |           |
|    actor_loss      | 488       |
|    critic_loss     | 299       |
|    ent_coef        | 2.72      |
|    ent_coef_loss   | 1.47      |
|    learning_rate   | 0.0064    |
|    n_updates       | 129974    |
----------------------------------
----------------------------------
| rollout/           |           |
|    ep_len_mean     | 483       |
|    ep_rew_mean     | -7.28e+04 |
| time/              |           |
|    episodes        | 2061      |
|    fps             | 127       |
|    time_elapsed    | 4164      |
|    total_timesteps | 530000    |
| train/             |           |
|    actor_loss      | 466       |
|    critic_loss     | 249       |
|    ent_coef        | 1.34      |
|    ent_coef_loss   | -0.0923   |
|    learning_rate   | 0.0064    |
|    n_updates       | 132474    |
----------------------------------
----------------------------------
| rollout/           |           |
|    ep_len_mean     | 579       |
|    ep_rew_mean     | -7.04e+04 |
| time/              |           |
|    episodes        | 2079      |
|    fps             | 127       |
|    time_elapsed    | 4249      |
|    total_timesteps | 540000    |
| train/             |           |
|    actor_loss      | 487       |
|    critic_loss     | 399       |
|    ent_coef        | 1.34      |
|    ent_coef_loss   | 0.352     |
|    learning_rate   | 0.0064    |
|    n_updates       | 134974    |
----------------------------------
----------------------------------
| rollout/           |           |
|    ep_len_mean     | 570       |
|    ep_rew_mean     | -6.26e+04 |
| time/              |           |
|    episodes        | 2092      |
|    fps             | 126       |
|    time_elapsed    | 4334      |
|    total_timesteps | 550000    |
| train/             |           |
|    actor_loss      | 686       |
|    critic_loss     | 136       |
|    ent_coef        | 1.02      |
|    ent_coef_loss   | -0.0129   |
|    learning_rate   | 0.0064    |
|    n_updates       | 137474    |
----------------------------------
----------------------------------
| rollout/           |           |
|    ep_len_mean     | 540       |
|    ep_rew_mean     | -6.25e+04 |
| time/              |           |
|    episodes        | 2109      |
|    fps             | 126       |
|    time_elapsed    | 4419      |
|    total_timesteps | 560000    |
| train/             |           |
|    actor_loss      | 714       |
|    critic_loss     | 149       |
|    ent_coef        | 0.842     |
|    ent_coef_loss   | 0.306     |
|    learning_rate   | 0.0064    |
|    n_updates       | 139974    |
----------------------------------
----------------------------------
| rollout/           |           |
|    ep_len_mean     | 564       |
|    ep_rew_mean     | -6.69e+04 |
| time/              |           |
|    episodes        | 2125      |
|    fps             | 126       |
|    time_elapsed    | 4504      |
|    total_timesteps | 570000    |
| train/             |           |
|    actor_loss      | 745       |
|    critic_loss     | 325       |
|    ent_coef        | 0.872     |
|    ent_coef_loss   | -0.347    |
|    learning_rate   | 0.0064    |
|    n_updates       | 142474    |
----------------------------------
----------------------------------
| rollout/           |           |
|    ep_len_mean     | 520       |
|    ep_rew_mean     | -4.33e+04 |
| time/              |           |
|    episodes        | 2159      |
|    fps             | 126       |
|    time_elapsed    | 4588      |
|    total_timesteps | 580000    |
| train/             |           |
|    actor_loss      | 520       |
|    critic_loss     | 164       |
|    ent_coef        | 0.966     |
|    ent_coef_loss   | -0.0431   |
|    learning_rate   | 0.0064    |
|    n_updates       | 144974    |
----------------------------------
---------------------------------
| rollout/           |          |
|    ep_len_mean     | 479      |
|    ep_rew_mean     | -2.5e+04 |
| time/              |          |
|    episodes        | 2183     |
|    fps             | 126      |
|    time_elapsed    | 4672     |
|    total_timesteps | 590000   |
| train/             |          |
|    actor_loss      | 767      |
|    critic_loss     | 147      |
|    ent_coef        | 0.739    |
|    ent_coef_loss   | -0.62    |
|    learning_rate   | 0.0064   |
|    n_updates       | 147474   |
---------------------------------
---------------------------------
| rollout/           |          |
|    ep_len_mean     | 369      |
|    ep_rew_mean     | 1.73e+03 |
| time/              |          |
|    episodes        | 2212     |
|    fps             | 126      |
|    time_elapsed    | 4757     |
|    total_timesteps | 600000   |
| train/             |          |
|    actor_loss      | 492      |
|    critic_loss     | 348      |
|    ent_coef        | 1.52     |
|    ent_coef_loss   | -0.426   |
|    learning_rate   | 0.0064   |
|    n_updates       | 149974   |
---------------------------------
---------------------------------
| rollout/           |          |
|    ep_len_mean     | 361      |
|    ep_rew_mean     | -698     |
| time/              |          |
|    episodes        | 2236     |
|    fps             | 125      |
|    time_elapsed    | 4842     |
|    total_timesteps | 610000   |
| train/             |          |
|    actor_loss      | -277     |
|    critic_loss     | 156      |
|    ent_coef        | 1.23     |
|    ent_coef_loss   | -0.122   |
|    learning_rate   | 0.0064   |
|    n_updates       | 152474   |
---------------------------------
----------------------------------
| rollout/           |           |
|    ep_len_mean     | 408       |
|    ep_rew_mean     | -3.25e+04 |
| time/              |           |
|    episodes        | 2249      |
|    fps             | 125       |
|    time_elapsed    | 4928      |
|    total_timesteps | 620000    |
| train/             |           |
|    actor_loss      | -244      |
|    critic_loss     | 447       |
|    ent_coef        | 2.4       |
|    ent_coef_loss   | 0.843     |
|    learning_rate   | 0.0064    |
|    n_updates       | 154974    |
----------------------------------
---------------------------------
| rollout/           |          |
|    ep_len_mean     | 480      |
|    ep_rew_mean     | -7.4e+04 |
| time/              |          |
|    episodes        | 2262     |
|    fps             | 125      |
|    time_elapsed    | 5013     |
|    total_timesteps | 630000   |
| train/             |          |
|    actor_loss      | -566     |
|    critic_loss     | 413      |
|    ent_coef        | 2.97     |
|    ent_coef_loss   | -0.589   |
|    learning_rate   | 0.0064   |
|    n_updates       | 157474   |
---------------------------------
----------------------------------
| rollout/           |           |
|    ep_len_mean     | 511       |
|    ep_rew_mean     | -7.68e+04 |
| time/              |           |
|    episodes        | 2272      |
|    fps             | 125       |
|    time_elapsed    | 5097      |
|    total_timesteps | 640000    |
| train/             |           |
|    actor_loss      | -598      |
|    critic_loss     | 239       |
|    ent_coef        | 1.95      |
|    ent_coef_loss   | -1.64     |
|    learning_rate   | 0.0064    |
|    n_updates       | 159974    |
----------------------------------
----------------------------------
| rollout/           |           |
|    ep_len_mean     | 558       |
|    ep_rew_mean     | -9.27e+04 |
| time/              |           |
|    episodes        | 2288      |
|    fps             | 125       |
|    time_elapsed    | 5182      |
|    total_timesteps | 650000    |
| train/             |           |
|    actor_loss      | -140      |
|    critic_loss     | 379       |
|    ent_coef        | 1.31      |
|    ent_coef_loss   | 0.0561    |
|    learning_rate   | 0.0064    |
|    n_updates       | 162474    |
----------------------------------
----------------------------------
| rollout/           |           |
|    ep_len_mean     | 376       |
|    ep_rew_mean     | -5.41e+04 |
| time/              |           |
|    episodes        | 2355      |
|    fps             | 125       |
|    time_elapsed    | 5266      |
|    total_timesteps | 660000    |
| train/             |           |
|    actor_loss      | 360       |
|    critic_loss     | 179       |
|    ent_coef        | 1.27      |
|    ent_coef_loss   | 0.351     |
|    learning_rate   | 0.0064    |
|    n_updates       | 164974    |
----------------------------------
----------------------------------
| rollout/           |           |
|    ep_len_mean     | 250       |
|    ep_rew_mean     | -2.28e+04 |
| time/              |           |
|    episodes        | 2379      |
|    fps             | 125       |
|    time_elapsed    | 5351      |
|    total_timesteps | 670000    |
| train/             |           |
|    actor_loss      | 252       |
|    critic_loss     | 396       |
|    ent_coef        | 1.14      |
|    ent_coef_loss   | 0.0654    |
|    learning_rate   | 0.0064    |
|    n_updates       | 167474    |
----------------------------------
---------------------------------
| rollout/           |          |
|    ep_len_mean     | 71.8     |
|    ep_rew_mean     | 9.95e+03 |
| time/              |          |
|    episodes        | 2490     |
|    fps             | 125      |
|    time_elapsed    | 5437     |
|    total_timesteps | 680000   |
| train/             |          |
|    actor_loss      | 35.4     |
|    critic_loss     | 608      |
|    ent_coef        | 1.15     |
|    ent_coef_loss   | -0.0587  |
|    learning_rate   | 0.0064   |
|    n_updates       | 169974   |
---------------------------------
---------------------------------
| rollout/           |          |
|    ep_len_mean     | 143      |
|    ep_rew_mean     | 2.92e+04 |
| time/              |          |
|    episodes        | 2511     |
|    fps             | 124      |
|    time_elapsed    | 5522     |
|    total_timesteps | 690000   |
| train/             |          |
|    actor_loss      | 1.01     |
|    critic_loss     | 423      |
|    ent_coef        | 1.5      |
|    ent_coef_loss   | 0.104    |
|    learning_rate   | 0.0064   |
|    n_updates       | 172474   |
---------------------------------
---------------------------------
| rollout/           |          |
|    ep_len_mean     | 223      |
|    ep_rew_mean     | 2.64e+04 |
| time/              |          |
|    episodes        | 2526     |
|    fps             | 124      |
|    time_elapsed    | 5607     |
|    total_timesteps | 700000   |
| train/             |          |
|    actor_loss      | -34.4    |
|    critic_loss     | 523      |
|    ent_coef        | 0.974    |
|    ent_coef_loss   | 0.0891   |
|    learning_rate   | 0.0064   |
|    n_updates       | 174974   |
---------------------------------
---------------------------------
| rollout/           |          |
|    ep_len_mean     | 318      |
|    ep_rew_mean     | 4.21e+04 |
| time/              |          |
|    episodes        | 2546     |
|    fps             | 124      |
|    time_elapsed    | 5692     |
|    total_timesteps | 710000   |
| train/             |          |
|    actor_loss      | -305     |
|    critic_loss     | 130      |
|    ent_coef        | 0.815    |
|    ent_coef_loss   | 0.219    |
|    learning_rate   | 0.0064   |
|    n_updates       | 177474   |
---------------------------------
---------------------------------
| rollout/           |          |
|    ep_len_mean     | 384      |
|    ep_rew_mean     | 6.29e+04 |
| time/              |          |
|    episodes        | 2593     |
|    fps             | 124      |
|    time_elapsed    | 5777     |
|    total_timesteps | 720000   |
| train/             |          |
|    actor_loss      | 23.1     |
|    critic_loss     | 289      |
|    ent_coef        | 0.969    |
|    ent_coef_loss   | 0.0566   |
|    learning_rate   | 0.0064   |
|    n_updates       | 179974   |
---------------------------------
---------------------------------
| rollout/           |          |
|    ep_len_mean     | 225      |
|    ep_rew_mean     | 8.71e+04 |
| time/              |          |
|    episodes        | 2643     |
|    fps             | 124      |
|    time_elapsed    | 5863     |
|    total_timesteps | 730000   |
| train/             |          |
|    actor_loss      | 357      |
|    critic_loss     | 81.6     |
|    ent_coef        | 0.958    |
|    ent_coef_loss   | -0.0877  |
|    learning_rate   | 0.0064   |
|    n_updates       | 182474   |
---------------------------------
---------------------------------
| rollout/           |          |
|    ep_len_mean     | 70.8     |
|    ep_rew_mean     | 9.26e+04 |
| time/              |          |
|    episodes        | 2786     |
|    fps             | 124      |
|    time_elapsed    | 5948     |
|    total_timesteps | 740000   |
| train/             |          |
|    actor_loss      | -92      |
|    critic_loss     | 523      |
|    ent_coef        | 0.859    |
|    ent_coef_loss   | -0.0701  |
|    learning_rate   | 0.0064   |
|    n_updates       | 184974   |
---------------------------------
---------------------------------
| rollout/           |          |
|    ep_len_mean     | 120      |
|    ep_rew_mean     | 1.16e+05 |
| time/              |          |
|    episodes        | 2839     |
|    fps             | 124      |
|    time_elapsed    | 6034     |
|    total_timesteps | 750000   |
| train/             |          |
|    actor_loss      | -451     |
|    critic_loss     | 706      |
|    ent_coef        | 0.7      |
|    ent_coef_loss   | 0.771    |
|    learning_rate   | 0.0064   |
|    n_updates       | 187474   |
---------------------------------
---------------------------------
| rollout/           |          |
|    ep_len_mean     | 106      |
|    ep_rew_mean     | 1.13e+05 |
| time/              |          |
|    episodes        | 2941     |
|    fps             | 124      |
|    time_elapsed    | 6119     |
|    total_timesteps | 760000   |
| train/             |          |
|    actor_loss      | -712     |
|    critic_loss     | 491      |
|    ent_coef        | 0.718    |
|    ent_coef_loss   | -0.0116  |
|    learning_rate   | 0.0064   |
|    n_updates       | 189974   |
---------------------------------
---------------------------------
| rollout/           |          |
|    ep_len_mean     | 75.7     |
|    ep_rew_mean     | 1.24e+05 |
| time/              |          |
|    episodes        | 3064     |
|    fps             | 124      |
|    time_elapsed    | 6205     |
|    total_timesteps | 770000   |
| train/             |          |
|    actor_loss      | -915     |
|    critic_loss     | 315      |
|    ent_coef        | 1.02     |
|    ent_coef_loss   | -0.00559 |
|    learning_rate   | 0.0064   |
|    n_updates       | 192474   |
---------------------------------
----------------------------------
| rollout/           |           |
|    ep_len_mean     | 29.9      |
|    ep_rew_mean     | 1.17e+05  |
| time/              |           |
|    episodes        | 3326      |
|    fps             | 123       |
|    time_elapsed    | 6291      |
|    total_timesteps | 780000    |
| train/             |           |
|    actor_loss      | -2.09e+03 |
|    critic_loss     | 534       |
|    ent_coef        | 1.71      |
|    ent_coef_loss   | 0.427     |
|    learning_rate   | 0.0064    |
|    n_updates       | 194974    |
----------------------------------
----------------------------------
| rollout/           |           |
|    ep_len_mean     | 67.7      |
|    ep_rew_mean     | 7.33e+04  |
| time/              |           |
|    episodes        | 3479      |
|    fps             | 123       |
|    time_elapsed    | 6377      |
|    total_timesteps | 790000    |
| train/             |           |
|    actor_loss      | -2.01e+03 |
|    critic_loss     | 724       |
|    ent_coef        | 8.1       |
|    ent_coef_loss   | -4.51     |
|    learning_rate   | 0.0064    |
|    n_updates       | 197474    |
----------------------------------
----------------------------------
| rollout/           |           |
|    ep_len_mean     | 141       |
|    ep_rew_mean     | -2.68e+04 |
| time/              |           |
|    episodes        | 3527      |
|    fps             | 123       |
|    time_elapsed    | 6463      |
|    total_timesteps | 800000    |
| train/             |           |
|    actor_loss      | -5.58e+03 |
|    critic_loss     | 5.05e+03  |
|    ent_coef        | 33.5      |
|    ent_coef_loss   | 3.33      |
|    learning_rate   | 0.0064    |
|    n_updates       | 199974    |
----------------------------------
----------------------------------
| rollout/           |           |
|    ep_len_mean     | 179       |
|    ep_rew_mean     | -1.82e+05 |
| time/              |           |
|    episodes        | 3584      |
|    fps             | 123       |
|    time_elapsed    | 6549      |
|    total_timesteps | 810000    |
| train/             |           |
|    actor_loss      | -2.91e+04 |
|    critic_loss     | 1.06e+04  |
|    ent_coef        | 73.4      |
|    ent_coef_loss   | 2.22      |
|    learning_rate   | 0.0064    |
|    n_updates       | 202474    |
----------------------------------
----------------------------------
| rollout/           |           |
|    ep_len_mean     | 199       |
|    ep_rew_mean     | -1.88e+05 |
| time/              |           |
|    episodes        | 3618      |
|    fps             | 123       |
|    time_elapsed    | 6635      |
|    total_timesteps | 820000    |
| train/             |           |
|    actor_loss      | -3.81e+04 |
|    critic_loss     | 5.89e+03  |
|    ent_coef        | 49.5      |
|    ent_coef_loss   | 2.13      |
|    learning_rate   | 0.0064    |
|    n_updates       | 204974    |
----------------------------------
----------------------------------
| rollout/           |           |
|    ep_len_mean     | 207       |
|    ep_rew_mean     | 1.37e+03  |
| time/              |           |
|    episodes        | 3681      |
|    fps             | 123       |
|    time_elapsed    | 6720      |
|    total_timesteps | 830000    |
| train/             |           |
|    actor_loss      | -2.75e+04 |
|    critic_loss     | 4.92e+03  |
|    ent_coef        | 30.2      |
|    ent_coef_loss   | -0.619    |
|    learning_rate   | 0.0064    |
|    n_updates       | 207474    |
----------------------------------
----------------------------------
| rollout/           |           |
|    ep_len_mean     | 255       |
|    ep_rew_mean     | 6.61e+04  |
| time/              |           |
|    episodes        | 3710      |
|    fps             | 123       |
|    time_elapsed    | 6806      |
|    total_timesteps | 840000    |
| train/             |           |
|    actor_loss      | -1.74e+04 |
|    critic_loss     | 3.16e+03  |
|    ent_coef        | 26.3      |
|    ent_coef_loss   | -1.67     |
|    learning_rate   | 0.0064    |
|    n_updates       | 209974    |
----------------------------------
----------------------------------
| rollout/           |           |
|    ep_len_mean     | 200       |
|    ep_rew_mean     | -625      |
| time/              |           |
|    episodes        | 3777      |
|    fps             | 123       |
|    time_elapsed    | 6891      |
|    total_timesteps | 850000    |
| train/             |           |
|    actor_loss      | -1.31e+04 |
|    critic_loss     | 1.95e+03  |
|    ent_coef        | 16.2      |
|    ent_coef_loss   | 1.63      |
|    learning_rate   | 0.0064    |
|    n_updates       | 212474    |
----------------------------------
----------------------------------
| rollout/           |           |
|    ep_len_mean     | 247       |
|    ep_rew_mean     | -2.12e+04 |
| time/              |           |
|    episodes        | 3798      |
|    fps             | 123       |
|    time_elapsed    | 6977      |
|    total_timesteps | 860000    |
| train/             |           |
|    actor_loss      | -6.75e+03 |
|    critic_loss     | 1.15e+03  |
|    ent_coef        | 8.95      |
|    ent_coef_loss   | 0.0322    |
|    learning_rate   | 0.0064    |
|    n_updates       | 214974    |
----------------------------------
----------------------------------
| rollout/           |           |
|    ep_len_mean     | 283       |
|    ep_rew_mean     | -3.03e+04 |
| time/              |           |
|    episodes        | 3812      |
|    fps             | 123       |
|    time_elapsed    | 7063      |
|    total_timesteps | 870000    |
| train/             |           |
|    actor_loss      | -4.9e+03  |
|    critic_loss     | 558       |
|    ent_coef        | 8.17      |
|    ent_coef_loss   | -0.429    |
|    learning_rate   | 0.0064    |
|    n_updates       | 217474    |
----------------------------------
----------------------------------
| rollout/           |           |
|    ep_len_mean     | 316       |
|    ep_rew_mean     | 766       |
| time/              |           |
|    episodes        | 3838      |
|    fps             | 123       |
|    time_elapsed    | 7148      |
|    total_timesteps | 880000    |
| train/             |           |
|    actor_loss      | -5.21e+03 |
|    critic_loss     | 1.07e+03  |
|    ent_coef        | 9.69      |
|    ent_coef_loss   | -0.377    |
|    learning_rate   | 0.0064    |
|    n_updates       | 219974    |
----------------------------------
----------------------------------
| rollout/           |           |
|    ep_len_mean     | 368       |
|    ep_rew_mean     | -9.06e+04 |
| time/              |           |
|    episodes        | 3882      |
|    fps             | 123       |
|    time_elapsed    | 7234      |
|    total_timesteps | 890000    |
| train/             |           |
|    actor_loss      | -2.2e+03  |
|    critic_loss     | 1.44e+03  |
|    ent_coef        | 7.2       |
|    ent_coef_loss   | -3.88     |
|    learning_rate   | 0.0064    |
|    n_updates       | 222474    |
----------------------------------
----------------------------------
| rollout/           |           |
|    ep_len_mean     | 335       |
|    ep_rew_mean     | -1.01e+05 |
| time/              |           |
|    episodes        | 3906      |
|    fps             | 122       |
|    time_elapsed    | 7320      |
|    total_timesteps | 900000    |
| train/             |           |
|    actor_loss      | -751      |
|    critic_loss     | 624       |
|    ent_coef        | 5.07      |
|    ent_coef_loss   | 0.942     |
|    learning_rate   | 0.0064    |
|    n_updates       | 224974    |
----------------------------------
----------------------------------
| rollout/           |           |
|    ep_len_mean     | 380       |
|    ep_rew_mean     | -1.05e+05 |
| time/              |           |
|    episodes        | 3916      |
|    fps             | 122       |
|    time_elapsed    | 7405      |
|    total_timesteps | 910000    |
| train/             |           |
|    actor_loss      | -1.04e+03 |
|    critic_loss     | 734       |
|    ent_coef        | 3.74      |
|    ent_coef_loss   | 0.402     |
|    learning_rate   | 0.0064    |
|    n_updates       | 227474    |
----------------------------------
----------------------------------
| rollout/           |           |
|    ep_len_mean     | 426       |
|    ep_rew_mean     | -1.07e+05 |
| time/              |           |
|    episodes        | 3935      |
|    fps             | 122       |
|    time_elapsed    | 7491      |
|    total_timesteps | 920000    |
| train/             |           |
|    actor_loss      | -1.56e+03 |
|    critic_loss     | 572       |
|    ent_coef        | 3.68      |
|    ent_coef_loss   | 2.41      |
|    learning_rate   | 0.0064    |
|    n_updates       | 229974    |
----------------------------------
----------------------------------
| rollout/           |           |
|    ep_len_mean     | 406       |
|    ep_rew_mean     | -1.36e+05 |
| time/              |           |
|    episodes        | 3981      |
|    fps             | 122       |
|    time_elapsed    | 7577      |
|    total_timesteps | 930000    |
| train/             |           |
|    actor_loss      | -4.04e+03 |
|    critic_loss     | 1.34e+03  |
|    ent_coef        | 49.5      |
|    ent_coef_loss   | -1.92     |
|    learning_rate   | 0.0064    |
|    n_updates       | 232474    |
----------------------------------
----------------------------------
| rollout/           |           |
|    ep_len_mean     | 164       |
|    ep_rew_mean     | -1.97e+05 |
| time/              |           |
|    episodes        | 4046      |
|    fps             | 122       |
|    time_elapsed    | 7663      |
|    total_timesteps | 940000    |
| train/             |           |
|    actor_loss      | -4.61e+03 |
|    critic_loss     | 1.76e+03  |
|    ent_coef        | 8.15      |
|    ent_coef_loss   | 3.34      |
|    learning_rate   | 0.0064    |
|    n_updates       | 234974    |
----------------------------------
----------------------------------
| rollout/           |           |
|    ep_len_mean     | 210       |
|    ep_rew_mean     | -2e+05    |
| time/              |           |
|    episodes        | 4059      |
|    fps             | 122       |
|    time_elapsed    | 7748      |
|    total_timesteps | 950000    |
| train/             |           |
|    actor_loss      | -1.62e+03 |
|    critic_loss     | 866       |
|    ent_coef        | 3.92      |
|    ent_coef_loss   | -1.56     |
|    learning_rate   | 0.0064    |
|    n_updates       | 237474    |
----------------------------------
---------------------------------
| rollout/           |          |
|    ep_len_mean     | 272      |
|    ep_rew_mean     | -9.4e+04 |
| time/              |          |
|    episodes        | 4078     |
|    fps             | 122      |
|    time_elapsed    | 7834     |
|    total_timesteps | 960000   |
| train/             |          |
|    actor_loss      | -441     |
|    critic_loss     | 619      |
|    ent_coef        | 2.81     |
|    ent_coef_loss   | -2.07    |
|    learning_rate   | 0.0064   |
|    n_updates       | 239974   |
---------------------------------
---------------------------------
| rollout/           |          |
|    ep_len_mean     | 360      |
|    ep_rew_mean     | -2.1e+04 |
| time/              |          |
|    episodes        | 4120     |
|    fps             | 122      |
|    time_elapsed    | 7920     |
|    total_timesteps | 970000   |
| train/             |          |
|    actor_loss      | -227     |
|    critic_loss     | 421      |
|    ent_coef        | 3.8      |
|    ent_coef_loss   | 1.26     |
|    learning_rate   | 0.0064   |
|    n_updates       | 242474   |
---------------------------------
---------------------------------
| rollout/           |          |
|    ep_len_mean     | 233      |
|    ep_rew_mean     | 1.49e+04 |
| time/              |          |
|    episodes        | 4168     |
|    fps             | 122      |
|    time_elapsed    | 8006     |
|    total_timesteps | 980000   |
| train/             |          |
|    actor_loss      | 582      |
|    critic_loss     | 432      |
|    ent_coef        | 3.04     |
|    ent_coef_loss   | 0.521    |
|    learning_rate   | 0.0064   |
|    n_updates       | 244974   |
---------------------------------
---------------------------------
| rollout/           |          |
|    ep_len_mean     | 285      |
|    ep_rew_mean     | 1.4e+04  |
| time/              |          |
|    episodes        | 4182     |
|    fps             | 122      |
|    time_elapsed    | 8092     |
|    total_timesteps | 990000   |
| train/             |          |
|    actor_loss      | 307      |
|    critic_loss     | 443      |
|    ent_coef        | 2.45     |
|    ent_coef_loss   | -0.542   |
|    learning_rate   | 0.0064   |
|    n_updates       | 247474   |
---------------------------------
---------------------------------
| rollout/           |          |
|    ep_len_mean     | 360      |
|    ep_rew_mean     | 4.62e+03 |
| time/              |          |
|    episodes        | 4200     |
|    fps             | 122      |
|    time_elapsed    | 8178     |
|    total_timesteps | 1000000  |
| train/             |          |
|    actor_loss      | 351      |
|    critic_loss     | 195      |
|    ent_coef        | 1.82     |
|    ent_coef_loss   | 0.207    |
|    learning_rate   | 0.0064   |
|    n_updates       | 249974   |
---------------------------------
Training ended on Tue Jan 27 18:37:51 2026
Training lasted 2:16:18.485703
Logging to training_random_logs/3_robots/logs/TQC_set6
Using cpu device
Training started on Tue Jan 27 23:22:43 2026
Experiment configuration: {'algorithm': 'TQC', 'set': 6, 'verbose': 1, 'steps': 1000000, 'num_robots': 3, 'num_envs': 4, 'seed': 33, 'log_steps': 10000, 'resume': False, 'device': 'cpu'}
----------------------------------
| rollout/           |           |
|    ep_len_mean     | 32.5      |
|    ep_rew_mean     | -1.18e+05 |
| time/              |           |
|    episodes        | 258       |
|    fps             | 273       |
|    time_elapsed    | 36        |
|    total_timesteps | 10000     |
| train/             |           |
|    actor_loss      | 3.25e+04  |
|    critic_loss     | 6.18e+03  |
|    ent_coef        | 42.3      |
|    ent_coef_loss   | -1.04     |
|    learning_rate   | 0.0064    |
|    n_updates       | 2474      |
----------------------------------
----------------------------------
| rollout/           |           |
|    ep_len_mean     | 113       |
|    ep_rew_mean     | -1.39e+05 |
| time/              |           |
|    episodes        | 290       |
|    fps             | 269       |
|    time_elapsed    | 74        |
|    total_timesteps | 20000     |
| train/             |           |
|    actor_loss      | 2.1e+04   |
|    critic_loss     | 3.06e+03  |
|    ent_coef        | 28.8      |
|    ent_coef_loss   | 0.969     |
|    learning_rate   | 0.0064    |
|    n_updates       | 4974      |
----------------------------------
----------------------------------
| rollout/           |           |
|    ep_len_mean     | 211       |
|    ep_rew_mean     | -1.38e+05 |
| time/              |           |
|    episodes        | 300       |
|    fps             | 270       |
|    time_elapsed    | 111       |
|    total_timesteps | 30000     |
| train/             |           |
|    actor_loss      | 1.12e+04  |
|    critic_loss     | 2.33e+03  |
|    ent_coef        | 18.2      |
|    ent_coef_loss   | 0.707     |
|    learning_rate   | 0.0064    |
|    n_updates       | 7474      |
----------------------------------
---------------------------------
| rollout/           |          |
|    ep_len_mean     | 309      |
|    ep_rew_mean     | -1.4e+05 |
| time/              |          |
|    episodes        | 310      |
|    fps             | 267      |
|    time_elapsed    | 149      |
|    total_timesteps | 40000    |
| train/             |          |
|    actor_loss      | 5e+03    |
|    critic_loss     | 1.26e+03 |
|    ent_coef        | 10.5     |
|    ent_coef_loss   | -0.708   |
|    learning_rate   | 0.0064   |
|    n_updates       | 9974     |
---------------------------------
---------------------------------
| rollout/           |          |
|    ep_len_mean     | 403      |
|    ep_rew_mean     | -1.3e+05 |
| time/              |          |
|    episodes        | 320      |
|    fps             | 267      |
|    time_elapsed    | 186      |
|    total_timesteps | 50000    |
| train/             |          |
|    actor_loss      | 3.97e+03 |
|    critic_loss     | 767      |
|    ent_coef        | 4.9      |
|    ent_coef_loss   | -0.226   |
|    learning_rate   | 0.0064   |
|    n_updates       | 12474    |
---------------------------------
---------------------------------
| rollout/           |          |
|    ep_len_mean     | 497      |
|    ep_rew_mean     | -1.2e+05 |
| time/              |          |
|    episodes        | 335      |
|    fps             | 267      |
|    time_elapsed    | 224      |
|    total_timesteps | 60000    |
| train/             |          |
|    actor_loss      | 3.12e+03 |
|    critic_loss     | 707      |
|    ent_coef        | 3.41     |
|    ent_coef_loss   | -0.057   |
|    learning_rate   | 0.0064   |
|    n_updates       | 14974    |
---------------------------------
----------------------------------
| rollout/           |           |
|    ep_len_mean     | 586       |
|    ep_rew_mean     | -1.15e+05 |
| time/              |           |
|    episodes        | 359       |
|    fps             | 267       |
|    time_elapsed    | 261       |
|    total_timesteps | 70000     |
| train/             |           |
|    actor_loss      | 2.13e+03  |
|    critic_loss     | 693       |
|    ent_coef        | 3.04      |
|    ent_coef_loss   | -0.512    |
|    learning_rate   | 0.0064    |
|    n_updates       | 17474     |
----------------------------------
----------------------------------
| rollout/           |           |
|    ep_len_mean     | 419       |
|    ep_rew_mean     | -9.14e+04 |
| time/              |           |
|    episodes        | 409       |
|    fps             | 267       |
|    time_elapsed    | 299       |
|    total_timesteps | 80000     |
| train/             |           |
|    actor_loss      | 1.14e+03  |
|    critic_loss     | 279       |
|    ent_coef        | 1.39      |
|    ent_coef_loss   | 0.106     |
|    learning_rate   | 0.0064    |
|    n_updates       | 19974     |
----------------------------------
----------------------------------
| rollout/           |           |
|    ep_len_mean     | 277       |
|    ep_rew_mean     | -1.11e+05 |
| time/              |           |
|    episodes        | 438       |
|    fps             | 267       |
|    time_elapsed    | 336       |
|    total_timesteps | 90000     |
| train/             |           |
|    actor_loss      | 1.12e+03  |
|    critic_loss     | 350       |
|    ent_coef        | 1.32      |
|    ent_coef_loss   | -0.709    |
|    learning_rate   | 0.0064    |
|    n_updates       | 22474     |
----------------------------------
----------------------------------
| rollout/           |           |
|    ep_len_mean     | 253       |
|    ep_rew_mean     | -1.18e+05 |
| time/              |           |
|    episodes        | 469       |
|    fps             | 266       |
|    time_elapsed    | 374       |
|    total_timesteps | 100000    |
| train/             |           |
|    actor_loss      | 926       |
|    critic_loss     | 231       |
|    ent_coef        | 1.26      |
|    ent_coef_loss   | -0.118    |
|    learning_rate   | 0.0064    |
|    n_updates       | 24974     |
----------------------------------
